00000000 c7fe                LGOTO    0x1; __nyc_ny8_startup=0x1
00000001                     __nyc_ny8_startup:
00000001 d457                LCALL    0x3a8; ___cinit_load__=0x3a8
00000002 c70a                LGOTO    0xf5; _main=0xf5
00000003                     _F_wait_eoc:
00000003 f56f                BTRSS    ADMD, EOC
00000004 c7fc                LGOTO    0x3; _F_wait_eoc=0x3
00000005 ffef                RET
00000008 c5b8                LGOTO    0x247; _isr=0x247
00000009                     _checkBatAD:
00000009 e0fc                BCR      STATUS, BK0
0000000a fd5d                CLRR     0x22
0000000b fd5f                CLRR     0x20
0000000c fd5e                CLRR     0x21
0000000d def7                MOVIA    0x8
0000000e d4e7                LCALL    0x318; _F_AIN5_Convert=0x318
0000000f e0fc                BCR      STATUS, BK0
00000010 eade                SWAPR    0x21, ToAcc
00000011 dd0f                ANDIA    0xf0
00000012 ff5e                MOVAR    0x21
00000013 eadf                SWAPR    0x20, ToAcc
00000014 ff5f                MOVAR    0x20
00000015 ddf0                ANDIA    0xf
00000016 ee5e                IORAR    0x21, ToReg
00000017 ed5f                XORAR    0x20, ToReg
00000018 de0f                MOVIA    0xf0
00000019 ef5d                ANDAR    0x22, ToReg
0000001a fedd                MOVR     0x22, ToAcc
0000001b ff51                MOVAR    0x2e
0000001c deff                MOVIA    0x0
0000001d ff50                MOVAR    0x2f
0000001e fed1                MOVR     0x2e, ToAcc
0000001f fc5f                ADDAR    0x20, ToReg
00000020 fed0                MOVR     0x2f, ToAcc
00000021 f3fc                BTRSC    STATUS, C
00000022 fad0                INCR     0x2f, ToAcc
00000023 f2fc                BTRSC    STATUS, Z
00000024 c7d9                LGOTO    0x26; main.o:_00002_DS_=0x26
00000025 fc5e                ADDAR    0x21, ToReg
00000026                     main.o:_00002_DS_:
00000026 e3fc                BCR      STATUS, C
00000027 e0fc                BCR      STATUS, BK0
00000028 ec5e                RRR      0x21, ToReg
00000029 ec5f                RRR      0x20, ToReg
0000002a e3fc                BCR      STATUS, C
0000002b ec5e                RRR      0x21, ToReg
0000002c ec5f                RRR      0x20, ToReg
0000002d e3fc                BCR      STATUS, C
0000002e ec5e                RRR      0x21, ToReg
0000002f ec5f                RRR      0x20, ToReg
00000030 def9                MOVIA    0x6
00000031 fbde                SUBAR    0x21, ToAcc
00000032 f6fc                BTRSS    STATUS, Z
00000033 c7c9                LGOTO    0x36; main.o:_00580_DS_=0x36
00000034 deeb                MOVIA    0x14
00000035 fbdf                SUBAR    0x20, ToAcc
00000036                     main.o:_00580_DS_:
00000036 f7fc                BTRSS    STATUS, C
00000037 c7c1                LGOTO    0x3e; main.o:_00486_DS_=0x3e
00000038 deec                MOVIA    0x13
00000039 e0fc                BCR      STATUS, BK0
0000003a ff5f                MOVAR    0x20
0000003b def9                MOVIA    0x6
0000003c ff5e                MOVAR    0x21
0000003d c7b3                LGOTO    0x4c; main.o:_00487_DS_=0x4c
0000003e                     main.o:_00486_DS_:
0000003e defb                MOVIA    0x4
0000003f e0fc                BCR      STATUS, BK0
00000040 fbde                SUBAR    0x21, ToAcc
00000041 f6fc                BTRSS    STATUS, Z
00000042 c7ba                LGOTO    0x45; main.o:_00581_DS_=0x45
00000043 dea2                MOVIA    0x5d
00000044 fbdf                SUBAR    0x20, ToAcc
00000045                     main.o:_00581_DS_:
00000045 f3fc                BTRSC    STATUS, C
00000046 c7b3                LGOTO    0x4c; main.o:_00487_DS_=0x4c
00000047 dea2                MOVIA    0x5d
00000048 e0fc                BCR      STATUS, BK0
00000049 ff5f                MOVAR    0x20
0000004a defb                MOVIA    0x4
0000004b ff5e                MOVAR    0x21
0000004c                     main.o:_00487_DS_:
0000004c de5c                MOVIA    0xa3
0000004d e0fc                BCR      STATUS, BK0
0000004e fc5f                ADDAR    0x20, ToReg
0000004f de04                MOVIA    0xfb
00000050 f3fc                BTRSC    STATUS, C
00000051 de03                MOVIA    0xfc
00000052 fc5e                ADDAR    0x21, ToReg
00000053 defe                MOVIA    0x1
00000054 fbde                SUBAR    0x21, ToAcc
00000055 f6fc                BTRSS    STATUS, Z
00000056 c7a6                LGOTO    0x59; main.o:_00582_DS_=0x59
00000057 de51                MOVIA    0xae
00000058 fbdf                SUBAR    0x20, ToAcc
00000059                     main.o:_00582_DS_:
00000059 f7fc                BTRSS    STATUS, C
0000005a c7a0                LGOTO    0x5f; main.o:_00522_DS_=0x5f
0000005b def9                MOVIA    0x6
0000005c e0fc                BCR      STATUS, BK0
0000005d ff2e                MOVAR    0x51
0000005e c70b                LGOTO    0xf4; main.o:_00003_DS_=0xf4
0000005f                     main.o:_00522_DS_:
0000005f defe                MOVIA    0x1
00000060 e0fc                BCR      STATUS, BK0
00000061 fbde                SUBAR    0x21, ToAcc
00000062 f6fc                BTRSS    STATUS, Z
00000063 c799                LGOTO    0x66; main.o:_00583_DS_=0x66
00000064 de74                MOVIA    0x8b
00000065 fbdf                SUBAR    0x20, ToAcc
00000066                     main.o:_00583_DS_:
00000066 f7fc                BTRSS    STATUS, C
00000067 c766                LGOTO    0x99; main.o:_00519_DS_=0x99
00000068 e0fc                BCR      STATUS, BK0
00000069 feae                MOVR     0x51, ToAcc
0000006a dbf9                XORIA    0x6
0000006b f6fc                BTRSS    STATUS, Z
0000006c c786                LGOTO    0x79; main.o:_00491_DS_=0x79
0000006d defe                MOVIA    0x1
0000006e fbde                SUBAR    0x21, ToAcc
0000006f f6fc                BTRSS    STATUS, Z
00000070 c78c                LGOTO    0x73; main.o:_00584_DS_=0x73
00000071 de6a                MOVIA    0x95
00000072 fbdf                SUBAR    0x20, ToAcc
00000073                     main.o:_00584_DS_:
00000073 f3fc                BTRSC    STATUS, C
00000074 c783                LGOTO    0x7c; main.o:_00492_DS_=0x7c
00000075 defa                MOVIA    0x5
00000076 e0fc                BCR      STATUS, BK0
00000077 ff2e                MOVAR    0x51
00000078 c783                LGOTO    0x7c; main.o:_00492_DS_=0x7c
00000079                     main.o:_00491_DS_:
00000079 defa                MOVIA    0x5
0000007a e0fc                BCR      STATUS, BK0
0000007b ff2e                MOVAR    0x51
0000007c                     main.o:_00492_DS_:
0000007c defe                MOVIA    0x1
0000007d e0fc                BCR      STATUS, BK0
0000007e fbde                SUBAR    0x21, ToAcc
0000007f f6fc                BTRSS    STATUS, Z
00000080 c77c                LGOTO    0x83; main.o:_00585_DS_=0x83
00000081 de64                MOVIA    0x9b
00000082 fbdf                SUBAR    0x20, ToAcc
00000083                     main.o:_00585_DS_:
00000083 f7fc                BTRSS    STATUS, C
00000084 c70b                LGOTO    0xf4; main.o:_00003_DS_=0xf4
00000085 e0fc                BCR      STATUS, BK0
00000086 fa42                INCR     0x3d, ToReg
00000087 f2fc                BTRSC    STATUS, Z
00000088 fa41                INCR     0x3e, ToReg
00000089 def8                MOVIA    0x7
0000008a fbc1                SUBAR    0x3e, ToAcc
0000008b f6fc                BTRSS    STATUS, Z
0000008c c770                LGOTO    0x8f; main.o:_00586_DS_=0x8f
0000008d def6                MOVIA    0x9
0000008e fbc2                SUBAR    0x3d, ToAcc
0000008f                     main.o:_00586_DS_:
0000008f f7fc                BTRSS    STATUS, C
00000090 c70b                LGOTO    0xf4; main.o:_00003_DS_=0xf4
00000091 def7                MOVIA    0x8
00000092 e0fc                BCR      STATUS, BK0
00000093 ff42                MOVAR    0x3d
00000094 def8                MOVIA    0x7
00000095 ff41                MOVAR    0x3e
00000096 def9                MOVIA    0x6
00000097 ff2e                MOVAR    0x51
00000098 c70b                LGOTO    0xf4; main.o:_00003_DS_=0xf4
00000099                     main.o:_00519_DS_:
00000099 deff                MOVIA    0x0
0000009a e0fc                BCR      STATUS, BK0
0000009b fbde                SUBAR    0x21, ToAcc
0000009c f6fc                BTRSS    STATUS, Z
0000009d c75f                LGOTO    0xa0; main.o:_00587_DS_=0xa0
0000009e de1f                MOVIA    0xe0
0000009f fbdf                SUBAR    0x20, ToAcc
000000a0                     main.o:_00587_DS_:
000000a0 f7fc                BTRSS    STATUS, C
000000a1 c757                LGOTO    0xa8; main.o:_00516_DS_=0xa8
000000a2 defb                MOVIA    0x4
000000a3 e0fc                BCR      STATUS, BK0
000000a4 ff2e                MOVAR    0x51
000000a5 fd42                CLRR     0x3d
000000a6 fd41                CLRR     0x3e
000000a7 c70b                LGOTO    0xf4; main.o:_00003_DS_=0xf4
000000a8                     main.o:_00516_DS_:
000000a8 deff                MOVIA    0x0
000000a9 e0fc                BCR      STATUS, BK0
000000aa fbde                SUBAR    0x21, ToAcc
000000ab f6fc                BTRSS    STATUS, Z
000000ac c750                LGOTO    0xaf; main.o:_00588_DS_=0xaf
000000ad de69                MOVIA    0x96
000000ae fbdf                SUBAR    0x20, ToAcc
000000af                     main.o:_00588_DS_:
000000af f7fc                BTRSS    STATUS, C
000000b0 c748                LGOTO    0xb7; main.o:_00513_DS_=0xb7
000000b1 defc                MOVIA    0x3
000000b2 e0fc                BCR      STATUS, BK0
000000b3 ff2e                MOVAR    0x51
000000b4 fd42                CLRR     0x3d
000000b5 fd41                CLRR     0x3e
000000b6 c70b                LGOTO    0xf4; main.o:_00003_DS_=0xf4
000000b7                     main.o:_00513_DS_:
000000b7 deff                MOVIA    0x0
000000b8 e0fc                BCR      STATUS, BK0
000000b9 fbde                SUBAR    0x21, ToAcc
000000ba f6fc                BTRSS    STATUS, Z
000000bb c741                LGOTO    0xbe; main.o:_00589_DS_=0xbe
000000bc dea1                MOVIA    0x5e
000000bd fbdf                SUBAR    0x20, ToAcc
000000be                     main.o:_00589_DS_:
000000be f7fc                BTRSS    STATUS, C
000000bf c732                LGOTO    0xcd; main.o:_00510_DS_=0xcd
000000c0 defd                MOVIA    0x2
000000c1 e0fc                BCR      STATUS, BK0
000000c2 ff2e                MOVAR    0x51
000000c3 fd42                CLRR     0x3d
000000c4 fd41                CLRR     0x3e
000000c5 fea8                MOVR     0x57, ToAcc
000000c6 dbfb                XORIA    0x4
000000c7 f6fc                BTRSS    STATUS, Z
000000c8 c70b                LGOTO    0xf4; main.o:_00003_DS_=0xf4
000000c9 fd28                CLRR     0x57
000000ca d39d                LCALL    0x462; _LEDHOFF=0x462
000000cb d3a0                LCALL    0x45f; _LEDLOFF=0x45f
000000cc c70b                LGOTO    0xf4; main.o:_00003_DS_=0xf4
000000cd                     main.o:_00510_DS_:
000000cd e0fc                BCR      STATUS, BK0
000000ce feae                MOVR     0x51, ToAcc
000000cf f2fc                BTRSC    STATUS, Z
000000d0 c725                LGOTO    0xda; main.o:_00505_DS_=0xda
000000d1 feae                MOVR     0x51, ToAcc
000000d2 dbfe                XORIA    0x1
000000d3 f2fc                BTRSC    STATUS, Z
000000d4 c725                LGOTO    0xda; main.o:_00505_DS_=0xda
000000d5 fa2a                INCR     0x55, ToReg
000000d6 def4                MOVIA    0xb
000000d7 fbaa                SUBAR    0x55, ToAcc
000000d8 f7fc                BTRSS    STATUS, C
000000d9 c70b                LGOTO    0xf4; main.o:_00003_DS_=0xf4
000000da                     main.o:_00505_DS_:
000000da e0fc                BCR      STATUS, BK0
000000db fd2a                CLRR     0x55
000000dc defe                MOVIA    0x1
000000dd ff2e                MOVAR    0x51
000000de fd42                CLRR     0x3d
000000df fd41                CLRR     0x3e
000000e0 feb2                MOVR     0x4d, ToAcc
000000e1 f2fc                BTRSC    STATUS, Z
000000e2 c70b                LGOTO    0xf4; main.o:_00003_DS_=0xf4
000000e3 deff                MOVIA    0x0
000000e4 fbc3                SUBAR    0x3c, ToAcc
000000e5 f6fc                BTRSS    STATUS, Z
000000e6 c716                LGOTO    0xe9; main.o:_00592_DS_=0xe9
000000e7 de9b                MOVIA    0x64
000000e8 fbc4                SUBAR    0x3b, ToAcc
000000e9                     main.o:_00592_DS_:
000000e9 f3fc                BTRSC    STATUS, C
000000ea c70b                LGOTO    0xf4; main.o:_00003_DS_=0xf4
000000eb e0fc                BCR      STATUS, BK0
000000ec fea8                MOVR     0x57, ToAcc
000000ed f6fc                BTRSS    STATUS, Z
000000ee c70b                LGOTO    0xf4; main.o:_00003_DS_=0xf4
000000ef defb                MOVIA    0x4
000000f0 ff28                MOVAR    0x57
000000f1 f2c0                BTRSC    0x3f, 0x2
000000f2 c70b                LGOTO    0xf4; main.o:_00003_DS_=0xf4
000000f3 fd2d                CLRR     0x52
000000f4                     main.o:_00003_DS_:
000000f4 ffef                RET
000000f5                     _main:
000000f5 d474                LCALL    0x38b; _initSys=0x38b
000000f6 d3e5                LCALL    0x41a; _initAD=0x41a
000000f7                     main.o:_00159_DS_:
000000f7 d43a                LCALL    0x3c5; _ledShow=0x3c5
000000f8 fffd                CLRWDT
000000f9 d421                LCALL    0x3de; _fgCtr=0x3de
000000fa e0fc                BCR      STATUS, BK0
000000fb f7c0                BTRSS    0x3f, 0x0
000000fc c708                LGOTO    0xf7; main.o:_00159_DS_=0xf7
000000fd e3c0                BCR      0x3f, 0x0
000000fe f57a                BTRSS    PORTA, PA5
000000ff d675                LCALL    0x18a; _keyCtr=0x18a
00000100 e0fc                BCR      STATUS, BK0
00000101 feac                MOVR     0x53, ToAcc
00000102 f6fc                BTRSS    STATUS, Z
00000103 c6f9                LGOTO    0x106; main.o:_00131_DS_=0x106
00000104 d7f6                LCALL    0x9; _checkBatAD=0x9
00000105 d538                LCALL    0x2c7; _ledCtr=0x2c7
00000106                     main.o:_00131_DS_:
00000106 e0fc                BCR      STATUS, BK0
00000107 feb4                MOVR     0x4b, ToAcc
00000108 f6fc                BTRSS    STATUS, Z
00000109 c6e4                LGOTO    0x11b; main.o:_00139_DS_=0x11b
0000010a d50f                LCALL    0x2f0; _chrgCtr=0x2f0
0000010b e0fc                BCR      STATUS, BK0
0000010c fea8                MOVR     0x57, ToAcc
0000010d dbfe                XORIA    0x1
0000010e f2fc                BTRSC    STATUS, Z
0000010f c6e7                LGOTO    0x118; main.o:_00134_DS_=0x118
00000110 fea8                MOVR     0x57, ToAcc
00000111 dbfc                XORIA    0x3
00000112 f2fc                BTRSC    STATUS, Z
00000113 c6e7                LGOTO    0x118; main.o:_00134_DS_=0x118
00000114 fea8                MOVR     0x57, ToAcc
00000115 dbfb                XORIA    0x4
00000116 f6fc                BTRSS    STATUS, Z
00000117 c6e4                LGOTO    0x11b; main.o:_00139_DS_=0x11b
00000118                     main.o:_00134_DS_:
00000118 e0fc                BCR      STATUS, BK0
00000119 f640                BTRSS    0x3f, 0x3
0000011a d607                LCALL    0x1f8; _LedCtr2=0x1f8
0000011b                     main.o:_00139_DS_:
0000011b e0fc                BCR      STATUS, BK0
0000011c feb2                MOVR     0x4d, ToAcc
0000011d f6fc                BTRSS    STATUS, Z
0000011e d56a                LCALL    0x295; _workCtr=0x295
0000011f e0fc                BCR      STATUS, BK0
00000120 feb2                MOVR     0x4d, ToAcc
00000121 f6fc                BTRSS    STATUS, Z
00000122 c6c8                LGOTO    0x137; main.o:_00145_DS_=0x137
00000123 feb3                MOVR     0x4c, ToAcc
00000124 f6fc                BTRSS    STATUS, Z
00000125 c6c8                LGOTO    0x137; main.o:_00145_DS_=0x137
00000126 fea8                MOVR     0x57, ToAcc
00000127 f6fc                BTRSS    STATUS, Z
00000128 c6c8                LGOTO    0x137; main.o:_00145_DS_=0x137
00000129 f17a                BTRSC    PORTA, PA5
0000012a c6c8                LGOTO    0x137; main.o:_00145_DS_=0x137
0000012b fa39                INCR     0x46, ToReg
0000012c f2fc                BTRSC    STATUS, Z
0000012d fa38                INCR     0x47, ToReg
0000012e def8                MOVIA    0x7
0000012f fbb8                SUBAR    0x47, ToAcc
00000130 f6fc                BTRSS    STATUS, Z
00000131 c6cb                LGOTO    0x134; main.o:_00219_DS_=0x134
00000132 de2e                MOVIA    0xd1
00000133 fbb9                SUBAR    0x46, ToAcc
00000134                     main.o:_00219_DS_:
00000134 f7fc                BTRSS    STATUS, C
00000135 c6c8                LGOTO    0x137; main.o:_00145_DS_=0x137
00000136 d49a                LCALL    0x365; _gotoSleep=0x365
00000137                     main.o:_00145_DS_:
00000137 defc                MOVIA    0x3
00000138 e0fc                BCR      STATUS, BK0
00000139 fbb6                SUBAR    0x49, ToAcc
0000013a f6fc                BTRSS    STATUS, Z
0000013b c6c1                LGOTO    0x13e; main.o:_00220_DS_=0x13e
0000013c de7b                MOVIA    0x84
0000013d fbb7                SUBAR    0x48, ToAcc
0000013e                     main.o:_00220_DS_:
0000013e f7fc                BTRSS    STATUS, C
0000013f c6be                LGOTO    0x141; main.o:_00150_DS_=0x141
00000140 d3da                LCALL    0x425; _powerOff=0x425
00000141                     main.o:_00150_DS_:
00000141 deff                MOVIA    0x0
00000142 e0fc                BCR      STATUS, BK0
00000143 fbc3                SUBAR    0x3c, ToAcc
00000144 f6fc                BTRSS    STATUS, Z
00000145 c6b7                LGOTO    0x148; main.o:_00221_DS_=0x148
00000146 de9a                MOVIA    0x65
00000147 fbc4                SUBAR    0x3b, ToAcc
00000148                     main.o:_00221_DS_:
00000148 f3fc                BTRSC    STATUS, C
00000149 c6ac                LGOTO    0x153; main.o:_00155_DS_=0x153
0000014a deff                MOVIA    0x0
0000014b e0fc                BCR      STATUS, BK0
0000014c fbc5                SUBAR    0x3a, ToAcc
0000014d f6fc                BTRSS    STATUS, Z
0000014e c6ae                LGOTO    0x151; main.o:_00222_DS_=0x151
0000014f de9a                MOVIA    0x65
00000150 fbc6                SUBAR    0x39, ToAcc
00000151                     main.o:_00222_DS_:
00000151 f7fc                BTRSS    STATUS, C
00000152 c708                LGOTO    0xf7; main.o:_00159_DS_=0xf7
00000153                     main.o:_00155_DS_:
00000153 deff                MOVIA    0x0
00000154 e0fc                BCR      STATUS, BK0
00000155 fbc5                SUBAR    0x3a, ToAcc
00000156 f6fc                BTRSS    STATUS, Z
00000157 c6a5                LGOTO    0x15a; main.o:_00223_DS_=0x15a
00000158 de68                MOVIA    0x97
00000159 fbc6                SUBAR    0x39, ToAcc
0000015a                     main.o:_00223_DS_:
0000015a f7fc                BTRSS    STATUS, C
0000015b c69a                LGOTO    0x165; main.o:_00152_DS_=0x165
0000015c d3a3                LCALL    0x45c; _pwmStop=0x45c
0000015d e379                BCR      PORTB, PB1
0000015e e0fc                BCR      STATUS, BK0
0000015f fd44                CLRR     0x3b
00000160 fd43                CLRR     0x3c
00000161 fd46                CLRR     0x39
00000162 fd45                CLRR     0x3a
00000163 de9b                MOVIA    0x64
00000164 d3f1                LCALL    0x40e; _delay=0x40e
00000165                     main.o:_00152_DS_:
00000165 e0fc                BCR      STATUS, BK0
00000166 fa39                INCR     0x46, ToReg
00000167 f2fc                BTRSC    STATUS, Z
00000168 fa38                INCR     0x47, ToReg
00000169 deff                MOVIA    0x0
0000016a fbb8                SUBAR    0x47, ToAcc
0000016b f6fc                BTRSS    STATUS, Z
0000016c c690                LGOTO    0x16f; main.o:_00224_DS_=0x16f
0000016d de36                MOVIA    0xc9
0000016e fbb9                SUBAR    0x46, ToAcc
0000016f                     main.o:_00224_DS_:
0000016f f7fc                BTRSS    STATUS, C
00000170 c708                LGOTO    0xf7; main.o:_00159_DS_=0xf7
00000171 d3a3                LCALL    0x45c; _pwmStop=0x45c
00000172 e379                BCR      PORTB, PB1
00000173 de9f                MOVIA    0x60
00000174 ff6a                MOVAR    AWUCON
00000175 e0fc                BCR      STATUS, BK0
00000176 fd44                CLRR     0x3b
00000177 fd43                CLRR     0x3c
00000178 fd46                CLRR     0x39
00000179 fd45                CLRR     0x3a
0000017a def4                MOVIA    0xb
0000017b ff71                MOVAR    INTE
0000017c def7                MOVIA    0x8
0000017d ff77                MOVAR    PCON
0000017e fd70                CLRR     INTF
0000017f fffd                CLRWDT
00000180 fffb                ENI
00000181 fffe                SLEEP
00000182 fd6a                CLRR     AWUCON
00000183 defe                MOVIA    0x1
00000184 ff71                MOVAR    INTE
00000185 fd70                CLRR     INTF
00000186 de57                MOVIA    0xa8
00000187 ff77                MOVAR    PCON
00000188 c708                LGOTO    0xf7; main.o:_00159_DS_=0xf7
00000189 ffef                RET
0000018a                     _keyCtr:
0000018a e0fc                BCR      STATUS, BK0
0000018b feb2                MOVR     0x4d, ToAcc
0000018c f2fc                BTRSC    STATUS, Z
0000018d c66c                LGOTO    0x193; main.o:_00398_DS_=0x193
0000018e fea9                MOVR     0x56, ToAcc
0000018f f6fc                BTRSS    STATUS, Z
00000190 c66c                LGOTO    0x193; main.o:_00398_DS_=0x193
00000191 e779                BSR      PORTB, PB1
00000192 c66b                LGOTO    0x194; main.o:_00399_DS_=0x194
00000193                     main.o:_00398_DS_:
00000193 e379                BCR      PORTB, PB1
00000194                     main.o:_00399_DS_:
00000194 e0fc                BCR      STATUS, BK0
00000195 f8fa                COMR     PORTA, ToAcc
00000196 ff55                MOVAR    0x2a
00000197 debf                MOVIA    0x40
00000198 ef55                ANDAR    0x2a, ToReg
00000199 fed5                MOVR     0x2a, ToAcc
0000019a d4c0                LCALL    0x33f; _keyRead=0x33f
0000019b e0fc                BCR      STATUS, BK0
0000019c ff55                MOVAR    0x2a
0000019d dbfe                XORIA    0x1
0000019e f6fc                BTRSS    STATUS, Z
0000019f c626                LGOTO    0x1d9; main.o:_00422_DS_=0x1d9
000001a0 feb2                MOVR     0x4d, ToAcc
000001a1 f2fc                BTRSC    STATUS, Z
000001a2 c626                LGOTO    0x1d9; main.o:_00422_DS_=0x1d9
000001a3 fd34                CLRR     0x4b
000001a4 feb2                MOVR     0x4d, ToAcc
000001a5 f2fc                BTRSC    STATUS, Z
000001a6 c650                LGOTO    0x1af; main.o:_00404_DS_=0x1af
000001a7 fd29                CLRR     0x56
000001a8 fa32                INCR     0x4d, ToReg
000001a9 defa                MOVIA    0x5
000001aa fbb2                SUBAR    0x4d, ToAcc
000001ab f7fc                BTRSS    STATUS, C
000001ac c650                LGOTO    0x1af; main.o:_00404_DS_=0x1af
000001ad defe                MOVIA    0x1
000001ae ff32                MOVAR    0x4d
000001af                     main.o:_00404_DS_:
000001af defe                MOVIA    0x1
000001b0 e0fc                BCR      STATUS, BK0
000001b1 ff48                MOVAR    0x37
000001b2 fd47                CLRR     0x38
000001b3 fd46                CLRR     0x39
000001b4 fd45                CLRR     0x3a
000001b5 fd28                CLRR     0x57
000001b6 feb2                MOVR     0x4d, ToAcc
000001b7 dbfe                XORIA    0x1
000001b8 f6fc                BTRSS    STATUS, Z
000001b9 c642                LGOTO    0x1bd; main.o:_00414_DS_=0x1bd
000001ba ded9                MOVIA    0x26
000001bb ff2f                MOVAR    0x50
000001bc c62b                LGOTO    0x1d4; main.o:_00415_DS_=0x1d4
000001bd                     main.o:_00414_DS_:
000001bd e0fc                BCR      STATUS, BK0
000001be feb2                MOVR     0x4d, ToAcc
000001bf dbfd                XORIA    0x2
000001c0 f6fc                BTRSS    STATUS, Z
000001c1 c63a                LGOTO    0x1c5; main.o:_00411_DS_=0x1c5
000001c2 dee5                MOVIA    0x1a
000001c3 ff2f                MOVAR    0x50
000001c4 c62b                LGOTO    0x1d4; main.o:_00415_DS_=0x1d4
000001c5                     main.o:_00411_DS_:
000001c5 e0fc                BCR      STATUS, BK0
000001c6 feb2                MOVR     0x4d, ToAcc
000001c7 dbfc                XORIA    0x3
000001c8 f6fc                BTRSS    STATUS, Z
000001c9 c632                LGOTO    0x1cd; main.o:_00408_DS_=0x1cd
000001ca def0                MOVIA    0xf
000001cb ff2f                MOVAR    0x50
000001cc c62b                LGOTO    0x1d4; main.o:_00415_DS_=0x1d4
000001cd                     main.o:_00408_DS_:
000001cd e0fc                BCR      STATUS, BK0
000001ce feb2                MOVR     0x4d, ToAcc
000001cf dbfb                XORIA    0x4
000001d0 f6fc                BTRSS    STATUS, Z
000001d1 c62b                LGOTO    0x1d4; main.o:_00415_DS_=0x1d4
000001d2 defc                MOVIA    0x3
000001d3 ff2f                MOVAR    0x50
000001d4                     main.o:_00415_DS_:
000001d4 e0fc                BCR      STATUS, BK0
000001d5 feaf                MOVR     0x50, ToAcc
000001d6 ffb3                SFUN     PWM2DUTY
000001d7 d3fe                LCALL    0x401; _pwmInit=0x401
000001d8 c608                LGOTO    0x1f7; main.o:_00425_DS_=0x1f7
000001d9                     main.o:_00422_DS_:
000001d9 e0fc                BCR      STATUS, BK0
000001da fed5                MOVR     0x2a, ToAcc
000001db dbfd                XORIA    0x2
000001dc f6fc                BTRSS    STATUS, Z
000001dd c608                LGOTO    0x1f7; main.o:_00425_DS_=0x1f7
000001de feb2                MOVR     0x4d, ToAcc
000001df f2fc                BTRSC    STATUS, Z
000001e0 c61c                LGOTO    0x1e3; main.o:_00417_DS_=0x1e3
000001e1 d3da                LCALL    0x425; _powerOff=0x425
000001e2 c608                LGOTO    0x1f7; main.o:_00425_DS_=0x1f7
000001e3                     main.o:_00417_DS_:
000001e3 e0fc                BCR      STATUS, BK0
000001e4 fd2d                CLRR     0x52
000001e5 fd39                CLRR     0x46
000001e6 fd38                CLRR     0x47
000001e7 defb                MOVIA    0x4
000001e8 ff29                MOVAR    0x56
000001e9 fd2c                CLRR     0x53
000001ea defe                MOVIA    0x1
000001eb ff28                MOVAR    0x57
000001ec deda                MOVIA    0x25
000001ed ff2f                MOVAR    0x50
000001ee defe                MOVIA    0x1
000001ef ff32                MOVAR    0x4d
000001f0 fd31                CLRR     0x4e
000001f1 fd34                CLRR     0x4b
000001f2 defe                MOVIA    0x1
000001f3 ff48                MOVAR    0x37
000001f4 fd47                CLRR     0x38
000001f5 fd46                CLRR     0x39
000001f6 fd45                CLRR     0x3a
000001f7                     main.o:_00425_DS_:
000001f7 ffef                RET
000001f8                     _LedCtr2:
000001f8 e0fc                BCR      STATUS, BK0
000001f9 fa2d                INCR     0x52, ToReg
000001fa def8                MOVIA    0x7
000001fb fbad                SUBAR    0x52, ToAcc
000001fc f7fc                BTRSS    STATUS, C
000001fd c5fc                LGOTO    0x203; main.o:_00344_DS_=0x203
000001fe fd28                CLRR     0x57
000001ff fd2d                CLRR     0x52
00000200 feb2                MOVR     0x4d, ToAcc
00000201 ff31                MOVAR    0x4e
00000202 e2c0                BCR      0x3f, 0x2
00000203                     main.o:_00344_DS_:
00000203 e0fc                BCR      STATUS, BK0
00000204 f6c0                BTRSS    0x3f, 0x2
00000205 c5f5                LGOTO    0x20a; main.o:_00346_DS_=0x20a
00000206 defc                MOVIA    0x3
00000207 fbad                SUBAR    0x52, ToAcc
00000208 f3fc                BTRSC    STATUS, C
00000209 c5b9                LGOTO    0x246; main.o:_00370_DS_=0x246
0000020a                     main.o:_00346_DS_:
0000020a e0fc                BCR      STATUS, BK0
0000020b fead                MOVR     0x52, ToAcc
0000020c dbfe                XORIA    0x1
0000020d f6fc                BTRSS    STATUS, Z
0000020e c5e1                LGOTO    0x21e; main.o:_00368_DS_=0x21e
0000020f feae                MOVR     0x51, ToAcc
00000210 dbfe                XORIA    0x1
00000211 f6fc                BTRSS    STATUS, Z
00000212 c5e8                LGOTO    0x217; main.o:_00351_DS_=0x217
00000213 d39a                LCALL    0x465; _LEDLON=0x465
00000214 e0fc                BCR      STATUS, BK0
00000215 e6c0                BSR      0x3f, 0x2
00000216 c5b9                LGOTO    0x246; main.o:_00370_DS_=0x246
00000217                     main.o:_00351_DS_:
00000217 defd                MOVIA    0x2
00000218 e0fc                BCR      STATUS, BK0
00000219 fbae                SUBAR    0x51, ToAcc
0000021a f7fc                BTRSS    STATUS, C
0000021b c5b9                LGOTO    0x246; main.o:_00370_DS_=0x246
0000021c d397                LCALL    0x468; _LEDHON=0x468
0000021d c5b9                LGOTO    0x246; main.o:_00370_DS_=0x246
0000021e                     main.o:_00368_DS_:
0000021e e0fc                BCR      STATUS, BK0
0000021f fead                MOVR     0x52, ToAcc
00000220 dbfd                XORIA    0x2
00000221 f6fc                BTRSS    STATUS, Z
00000222 c5d9                LGOTO    0x226; main.o:_00365_DS_=0x226
00000223 d39d                LCALL    0x462; _LEDHOFF=0x462
00000224 d3a0                LCALL    0x45f; _LEDLOFF=0x45f
00000225 c5b9                LGOTO    0x246; main.o:_00370_DS_=0x246
00000226                     main.o:_00365_DS_:
00000226 e0fc                BCR      STATUS, BK0
00000227 fead                MOVR     0x52, ToAcc
00000228 dbfc                XORIA    0x3
00000229 f6fc                BTRSS    STATUS, Z
0000022a c5ce                LGOTO    0x231; main.o:_00361_DS_=0x231
0000022b defc                MOVIA    0x3
0000022c fbae                SUBAR    0x51, ToAcc
0000022d f7fc                BTRSS    STATUS, C
0000022e c5ce                LGOTO    0x231; main.o:_00361_DS_=0x231
0000022f d397                LCALL    0x468; _LEDHON=0x468
00000230 c5b9                LGOTO    0x246; main.o:_00370_DS_=0x246
00000231                     main.o:_00361_DS_:
00000231 e0fc                BCR      STATUS, BK0
00000232 fead                MOVR     0x52, ToAcc
00000233 dbfb                XORIA    0x4
00000234 f6fc                BTRSS    STATUS, Z
00000235 c5c6                LGOTO    0x239; main.o:_00358_DS_=0x239
00000236 d39d                LCALL    0x462; _LEDHOFF=0x462
00000237 d3a0                LCALL    0x45f; _LEDLOFF=0x45f
00000238 c5b9                LGOTO    0x246; main.o:_00370_DS_=0x246
00000239                     main.o:_00358_DS_:
00000239 e0fc                BCR      STATUS, BK0
0000023a fead                MOVR     0x52, ToAcc
0000023b dbfa                XORIA    0x5
0000023c f6fc                BTRSS    STATUS, Z
0000023d c5bb                LGOTO    0x244; main.o:_00354_DS_=0x244
0000023e defb                MOVIA    0x4
0000023f fbae                SUBAR    0x51, ToAcc
00000240 f7fc                BTRSS    STATUS, C
00000241 c5bb                LGOTO    0x244; main.o:_00354_DS_=0x244
00000242 d397                LCALL    0x468; _LEDHON=0x468
00000243 c5b9                LGOTO    0x246; main.o:_00370_DS_=0x246
00000244                     main.o:_00354_DS_:
00000244 d3a0                LCALL    0x45f; _LEDLOFF=0x45f
00000245 d39d                LCALL    0x462; _LEDHOFF=0x462
00000246                     main.o:_00370_DS_:
00000246 ffef                RET
00000247                     _isr:
00000247 ff3d                MOVAR    0x42
00000248 eafc                SWAPR    STATUS, ToAcc
00000249 fd7c                CLRR     STATUS
0000024a ff3e                MOVAR    0x41
0000024b fef5                MOVR     PCHBUF, ToAcc
0000024c fd75                CLRR     PCHBUF
0000024d ff3f                MOVAR    0x40
0000024e fefb                MOVR     FSR, ToAcc
0000024f e0fc                BCR      STATUS, BK0
00000250 ff4b                MOVAR    0x34
00000251 feba                MOVR     0x45, ToAcc
00000252 ff4a                MOVAR    0x35
00000253 febb                MOVR     0x44, ToAcc
00000254 ff49                MOVAR    0x36
00000255 f7f0                BTRSS    INTF, T0IF
00000256 c57e                LGOTO    0x281; main.o:_00119_DS_=0x281
00000257 dec8                MOVIA    0x37
00000258 fc7e                ADDAR    TMR0, ToReg
00000259 fa35                INCR     0x4a, ToReg
0000025a de9b                MOVIA    0x64
0000025b fbb5                SUBAR    0x4a, ToAcc
0000025c f7fc                BTRSS    STATUS, C
0000025d c57e                LGOTO    0x281; main.o:_00119_DS_=0x281
0000025e e7c0                BSR      0x3f, 0x0
0000025f fd35                CLRR     0x4a
00000260 feb2                MOVR     0x4d, ToAcc
00000261 f2fc                BTRSC    STATUS, Z
00000262 c599                LGOTO    0x266; main.o:_00106_DS_=0x266
00000263 fa46                INCR     0x39, ToReg
00000264 f2fc                BTRSC    STATUS, Z
00000265 fa45                INCR     0x3a, ToReg
00000266                     main.o:_00106_DS_:
00000266 e0fc                BCR      STATUS, BK0
00000267 fa34                INCR     0x4b, ToReg
00000268 ded7                MOVIA    0x28
00000269 fbb4                SUBAR    0x4b, ToAcc
0000026a f3fc                BTRSC    STATUS, C
0000026b fd34                CLRR     0x4b
0000026c fa2c                INCR     0x53, ToReg
0000026d deeb                MOVIA    0x14
0000026e fbac                SUBAR    0x53, ToAcc
0000026f f3fc                BTRSC    STATUS, C
00000270 fd2c                CLRR     0x53
00000271 fa2b                INCR     0x54, ToReg
00000272 de9b                MOVIA    0x64
00000273 fbab                SUBAR    0x54, ToAcc
00000274 f7fc                BTRSS    STATUS, C
00000275 c57e                LGOTO    0x281; main.o:_00119_DS_=0x281
00000276 fd2b                CLRR     0x54
00000277 feb2                MOVR     0x4d, ToAcc
00000278 f2fc                BTRSC    STATUS, Z
00000279 c581                LGOTO    0x27e; main.o:_00112_DS_=0x27e
0000027a fa37                INCR     0x48, ToReg
0000027b f2fc                BTRSC    STATUS, Z
0000027c fa36                INCR     0x49, ToReg
0000027d c57e                LGOTO    0x281; main.o:_00119_DS_=0x281
0000027e                     main.o:_00112_DS_:
0000027e e0fc                BCR      STATUS, BK0
0000027f fd37                CLRR     0x48
00000280 fd36                CLRR     0x49
00000281                     main.o:_00119_DS_:
00000281 f770                BTRSS    INTF, PABIF
00000282 c57a                LGOTO    0x285; main.o:_00121_DS_=0x285
00000283 de02                MOVIA    0xfd
00000284 ff70                MOVAR    INTF
00000285                     main.o:_00121_DS_:
00000285 fd70                CLRR     INTF
00000286 e0fc                BCR      STATUS, BK0
00000287 fec9                MOVR     0x36, ToAcc
00000288 ff3b                MOVAR    0x44
00000289 feca                MOVR     0x35, ToAcc
0000028a ff3a                MOVAR    0x45
0000028b fecb                MOVR     0x34, ToAcc
0000028c ff7b                MOVAR    FSR
0000028d febf                MOVR     0x40, ToAcc
0000028e ff75                MOVAR    PCHBUF
0000028f fd7c                CLRR     STATUS
00000290 eabe                SWAPR    0x41, ToAcc
00000291 ff7c                MOVAR    STATUS
00000292 ea3d                SWAPR    0x42, ToReg
00000293 eabd                SWAPR    0x42, ToAcc
00000294                     main.o:END_OF_INTERRUPT:
00000294 ffee                RETIE
00000295                     _workCtr:
00000295 deff                MOVIA    0x0
00000296 e0fc                BCR      STATUS, BK0
00000297 fbc3                SUBAR    0x3c, ToAcc
00000298 f6fc                BTRSS    STATUS, Z
00000299 c563                LGOTO    0x29c; main.o:_00338_DS_=0x29c
0000029a deb8                MOVIA    0x47
0000029b fbc4                SUBAR    0x3b, ToAcc
0000029c                     main.o:_00338_DS_:
0000029c f7fc                BTRSS    STATUS, C
0000029d c53c                LGOTO    0x2c3; main.o:_00319_DS_=0x2c3
0000029e ded9                MOVIA    0x26
0000029f e0fc                BCR      STATUS, BK0
000002a0 ff56                MOVAR    0x29
000002a1 feb2                MOVR     0x4d, ToAcc
000002a2 dbfe                XORIA    0x1
000002a3 f6fc                BTRSS    STATUS, Z
000002a4 c557                LGOTO    0x2a8; main.o:_00316_DS_=0x2a8
000002a5 ded9                MOVIA    0x26
000002a6 ff56                MOVAR    0x29
000002a7 c540                LGOTO    0x2bf; main.o:_00317_DS_=0x2bf
000002a8                     main.o:_00316_DS_:
000002a8 e0fc                BCR      STATUS, BK0
000002a9 feb2                MOVR     0x4d, ToAcc
000002aa dbfd                XORIA    0x2
000002ab f6fc                BTRSS    STATUS, Z
000002ac c54f                LGOTO    0x2b0; main.o:_00313_DS_=0x2b0
000002ad def0                MOVIA    0xf
000002ae ff56                MOVAR    0x29
000002af c540                LGOTO    0x2bf; main.o:_00317_DS_=0x2bf
000002b0                     main.o:_00313_DS_:
000002b0 e0fc                BCR      STATUS, BK0
000002b1 feb2                MOVR     0x4d, ToAcc
000002b2 dbfc                XORIA    0x3
000002b3 f6fc                BTRSS    STATUS, Z
000002b4 c547                LGOTO    0x2b8; main.o:_00310_DS_=0x2b8
000002b5 def4                MOVIA    0xb
000002b6 ff56                MOVAR    0x29
000002b7 c540                LGOTO    0x2bf; main.o:_00317_DS_=0x2bf
000002b8                     main.o:_00310_DS_:
000002b8 e0fc                BCR      STATUS, BK0
000002b9 feb2                MOVR     0x4d, ToAcc
000002ba dbfb                XORIA    0x4
000002bb f6fc                BTRSS    STATUS, Z
000002bc c540                LGOTO    0x2bf; main.o:_00317_DS_=0x2bf
000002bd defc                MOVIA    0x3
000002be ff56                MOVAR    0x29
000002bf                     main.o:_00317_DS_:
000002bf e0fc                BCR      STATUS, BK0
000002c0 fed6                MOVR     0x29, ToAcc
000002c1 ffb3                SFUN     PWM2DUTY
000002c2 c539                LGOTO    0x2c6; main.o:_00321_DS_=0x2c6
000002c3                     main.o:_00319_DS_:
000002c3 e0fc                BCR      STATUS, BK0
000002c4 feaf                MOVR     0x50, ToAcc
000002c5 ffb3                SFUN     PWM2DUTY
000002c6                     main.o:_00321_DS_:
000002c6 ffef                RET
000002c7                     _ledCtr:
000002c7 e0fc                BCR      STATUS, BK0
000002c8 fea9                MOVR     0x56, ToAcc
000002c9 f6fc                BTRSS    STATUS, Z
000002ca f929                DECR     0x56, ToReg
000002cb fea8                MOVR     0x57, ToAcc
000002cc dbfe                XORIA    0x1
000002cd f6fc                BTRSS    STATUS, Z
000002ce c525                LGOTO    0x2da; main.o:_00390_DS_=0x2da
000002cf fa31                INCR     0x4e, ToReg
000002d0 defa                MOVIA    0x5
000002d1 fbb1                SUBAR    0x4e, ToAcc
000002d2 f7fc                BTRSS    STATUS, C
000002d3 c510                LGOTO    0x2ef; main.o:_00392_DS_=0x2ef
000002d4 feb2                MOVR     0x4d, ToAcc
000002d5 ff31                MOVAR    0x4e
000002d6 defc                MOVIA    0x3
000002d7 ff28                MOVAR    0x57
000002d8 d3fe                LCALL    0x401; _pwmInit=0x401
000002d9 c510                LGOTO    0x2ef; main.o:_00392_DS_=0x2ef
000002da                     main.o:_00390_DS_:
000002da e0fc                BCR      STATUS, BK0
000002db fea8                MOVR     0x57, ToAcc
000002dc dbfd                XORIA    0x2
000002dd f6fc                BTRSS    STATUS, Z
000002de c519                LGOTO    0x2e6; main.o:_00387_DS_=0x2e6
000002df feb1                MOVR     0x4e, ToAcc
000002e0 f2fc                BTRSC    STATUS, Z
000002e1 c510                LGOTO    0x2ef; main.o:_00392_DS_=0x2ef
000002e2 e831                DECRSZ   0x4e, ToReg
000002e3 c510                LGOTO    0x2ef; main.o:_00392_DS_=0x2ef
000002e4 fd28                CLRR     0x57
000002e5 c510                LGOTO    0x2ef; main.o:_00392_DS_=0x2ef
000002e6                     main.o:_00387_DS_:
000002e6 e0fc                BCR      STATUS, BK0
000002e7 feb2                MOVR     0x4d, ToAcc
000002e8 ff31                MOVAR    0x4e
000002e9 feb2                MOVR     0x4d, ToAcc
000002ea f2fc                BTRSC    STATUS, Z
000002eb c510                LGOTO    0x2ef; main.o:_00392_DS_=0x2ef
000002ec fea9                MOVR     0x56, ToAcc
000002ed f2fc                BTRSC    STATUS, Z
000002ee d3fe                LCALL    0x401; _pwmInit=0x401
000002ef                     main.o:_00392_DS_:
000002ef ffef                RET
000002f0                     _chrgCtr:
000002f0 e0fc                BCR      STATUS, BK0
000002f1 f57a                BTRSS    PORTA, PA5
000002f2 c4f1                LGOTO    0x30e; main.o:_00463_DS_=0x30e
000002f3 e640                BSR      0x3f, 0x3
000002f4 fd28                CLRR     0x57
000002f5 fd32                CLRR     0x4d
000002f6 fd31                CLRR     0x4e
000002f7 d3a3                LCALL    0x45c; _pwmStop=0x45c
000002f8 d40e                LCALL    0x3f1; _LedInput=0x3f1
000002f9 e379                BCR      PORTB, PB1
000002fa def9                MOVIA    0x6
000002fb e0fc                BCR      STATUS, BK0
000002fc fbae                SUBAR    0x51, ToAcc
000002fd f7fc                BTRSS    STATUS, C
000002fe c4fd                LGOTO    0x302; main.o:_00458_DS_=0x302
000002ff d3a0                LCALL    0x45f; _LEDLOFF=0x45f
00000300 d397                LCALL    0x468; _LEDHON=0x468
00000301 c4e8                LGOTO    0x317; main.o:_00465_DS_=0x317
00000302                     main.o:_00458_DS_:
00000302 e0fc                BCR      STATUS, BK0
00000303 feae                MOVR     0x51, ToAcc
00000304 dbf9                XORIA    0x6
00000305 f6fc                BTRSS    STATUS, Z
00000306 c4f6                LGOTO    0x309; main.o:_00456_DS_=0x309
00000307 defa                MOVIA    0x5
00000308 ff2e                MOVAR    0x51
00000309                     main.o:_00456_DS_:
00000309 d39d                LCALL    0x462; _LEDHOFF=0x462
0000030a def7                MOVIA    0x8
0000030b e0fc                BCR      STATUS, BK0
0000030c ed7a                XORAR    PORTA, ToReg
0000030d c4e8                LGOTO    0x317; main.o:_00465_DS_=0x317
0000030e                     main.o:_00463_DS_:
0000030e e0fc                BCR      STATUS, BK0
0000030f e240                BCR      0x3f, 0x3
00000310 fd42                CLRR     0x3d
00000311 fd41                CLRR     0x3e
00000312 fea8                MOVR     0x57, ToAcc
00000313 f6fc                BTRSS    STATUS, Z
00000314 c4e8                LGOTO    0x317; main.o:_00465_DS_=0x317
00000315 d39d                LCALL    0x462; _LEDHOFF=0x462
00000316 d3a0                LCALL    0x45f; _LEDLOFF=0x45f
00000317                     main.o:_00465_DS_:
00000317 ffef                RET
00000318                     _F_AIN5_Convert:
00000318 e0fc                BCR      STATUS, BK0
00000319 ff4f                MOVAR    0x30
0000031a fd5d                CLRR     0x22
0000031b fd5f                CLRR     0x20
0000031c fd5e                CLRR     0x21
0000031d de6b                MOVIA    0x94
0000031e ff6f                MOVAR    ADMD
0000031f de37                MOVIA    0xc8
00000320 d3f1                LCALL    0x40e; _delay=0x40e
00000321 defe                MOVIA    0x1
00000322 e0fc                BCR      STATUS, BK0
00000323 ff4e                MOVAR    0x31
00000324                     main.o:_00599_DS_:
00000324 e0fc                BCR      STATUS, BK0
00000325 fece                MOVR     0x31, ToAcc
00000326 fbcf                SUBAR    0x30, ToAcc
00000327 f7fc                BTRSS    STATUS, C
00000328 c4c1                LGOTO    0x33e; main.o:_00601_DS_=0x33e
00000329 e4ef                BSR      ADMD, START
0000032a d7fc                LCALL    0x3; _F_wait_eoc=0x3
0000032b def0                MOVIA    0xf
0000032c efee                ANDAR    ADR, ToAcc
0000032d e0fc                BCR      STATUS, BK0
0000032e fc5d                ADDAR    0x22, ToReg
0000032f feed                MOVR     ADD, ToAcc
00000330 ff4d                MOVAR    0x32
00000331 deff                MOVIA    0x0
00000332 ff4c                MOVAR    0x33
00000333 fecd                MOVR     0x32, ToAcc
00000334 fc5f                ADDAR    0x20, ToReg
00000335 fecc                MOVR     0x33, ToAcc
00000336 f3fc                BTRSC    STATUS, C
00000337 facc                INCR     0x33, ToAcc
00000338 f2fc                BTRSC    STATUS, Z
00000339 c4c4                LGOTO    0x33b; main.o:_00001_DS_=0x33b
0000033a fc5e                ADDAR    0x21, ToReg
0000033b                     main.o:_00001_DS_:
0000033b e0fc                BCR      STATUS, BK0
0000033c fa4e                INCR     0x31, ToReg
0000033d c4db                LGOTO    0x324; main.o:_00599_DS_=0x324
0000033e                     main.o:_00601_DS_:
0000033e ffef                RET
0000033f                     _keyRead:
0000033f e0fc                BCR      STATUS, BK0
00000340 ff54                MOVAR    0x2b
00000341 fed4                MOVR     0x2b, ToAcc
00000342 f2fc                BTRSC    STATUS, Z
00000343 c4af                LGOTO    0x350; main.o:_00448_DS_=0x350
00000344 fa33                INCR     0x4c, ToReg
00000345 de9b                MOVIA    0x64
00000346 fbb3                SUBAR    0x4c, ToAcc
00000347 f7fc                BTRSS    STATUS, C
00000348 c49c                LGOTO    0x363; main.o:_00449_DS_=0x363
00000349 de9b                MOVIA    0x64
0000034a ff33                MOVAR    0x4c
0000034b f340                BTRSC    0x3f, 0x1
0000034c c49c                LGOTO    0x363; main.o:_00449_DS_=0x363
0000034d e740                BSR      0x3f, 0x1
0000034e defd                MOVIA    0x2
0000034f c49b                LGOTO    0x364; main.o:_00450_DS_=0x364
00000350                     main.o:_00448_DS_:
00000350 de9b                MOVIA    0x64
00000351 e0fc                BCR      STATUS, BK0
00000352 fbb3                SUBAR    0x4c, ToAcc
00000353 f7fc                BTRSS    STATUS, C
00000354 c4a6                LGOTO    0x359; main.o:_00445_DS_=0x359
00000355 fd33                CLRR     0x4c
00000356 e340                BCR      0x3f, 0x1
00000357 deff                MOVIA    0x0
00000358 c49b                LGOTO    0x364; main.o:_00450_DS_=0x364
00000359                     main.o:_00445_DS_:
00000359 def7                MOVIA    0x8
0000035a e0fc                BCR      STATUS, BK0
0000035b fbb3                SUBAR    0x4c, ToAcc
0000035c f7fc                BTRSS    STATUS, C
0000035d c49e                LGOTO    0x361; main.o:_00446_DS_=0x361
0000035e fd33                CLRR     0x4c
0000035f defe                MOVIA    0x1
00000360 c49b                LGOTO    0x364; main.o:_00450_DS_=0x364
00000361                     main.o:_00446_DS_:
00000361 e0fc                BCR      STATUS, BK0
00000362 fd33                CLRR     0x4c
00000363                     main.o:_00449_DS_:
00000363 deff                MOVIA    0x0
00000364                     main.o:_00450_DS_:
00000364 ffef                RET
00000365                     _gotoSleep:
00000365 d40e                LCALL    0x3f1; _LedInput=0x3f1
00000366 e0fc                BCR      STATUS, BK0
00000367 fd39                CLRR     0x46
00000368 fd38                CLRR     0x47
00000369 d3a3                LCALL    0x45c; _pwmStop=0x45c
0000036a e0fc                BCR      STATUS, BK0
0000036b fd32                CLRR     0x4d
0000036c de9f                MOVIA    0x60
0000036d ff6a                MOVAR    AWUCON
0000036e fd44                CLRR     0x3b
0000036f fd43                CLRR     0x3c
00000370 fd46                CLRR     0x39
00000371 fd45                CLRR     0x3a
00000372 e2c0                BCR      0x3f, 0x2
00000373 de9f                MOVIA    0x60
00000374 fffa                IOST     IOSTA
00000375 fdff                CLRA
00000376 fff9                IOST     IOSTB
00000377 fd7a                CLRR     PORTA
00000378 fd79                CLRR     PORTB
00000379 def4                MOVIA    0xb
0000037a ff71                MOVAR    INTE
0000037b dee7                MOVIA    0x18
0000037c ff77                MOVAR    PCON
0000037d fd70                CLRR     INTF
0000037e fffd                CLRWDT
0000037f fffb                ENI
00000380 fffe                SLEEP
00000381 fd6a                CLRR     AWUCON
00000382 de8f                MOVIA    0x70
00000383 fffa                IOST     IOSTA
00000384 defe                MOVIA    0x1
00000385 fff9                IOST     IOSTB
00000386 ff71                MOVAR    INTE
00000387 fd70                CLRR     INTF
00000388 de47                MOVIA    0xb8
00000389 ff77                MOVAR    PCON
0000038a ffef                RET
0000038b                     _initSys:
0000038b ffec                DISI
0000038c de8f                MOVIA    0x70
0000038d fffa                IOST     IOSTA
0000038e defe                MOVIA    0x1
0000038f fff9                IOST     IOSTB
00000390 fd79                CLRR     PORTB
00000391 e0fc                BCR      STATUS, BK0
00000392 fd7a                CLRR     PORTA
00000393 de60                MOVIA    0x9f
00000394 fff6                IOST     APHCON
00000395 de00                MOVIA    0xff
00000396 ff73                MOVAR    BPHCON
00000397 ff74                MOVAR    ABPLCON
00000398 defe                MOVIA    0x1
00000399 ff71                MOVAR    INTE
0000039a fdff                CLRA
0000039b fff0                IOST     PCON1
0000039c dec8                MOVIA    0x37
0000039d ff7e                MOVAR    TMR0
0000039e fdff                CLRA
0000039f fffc                T0MD
000003a0 defe                MOVIA    0x1
000003a1 fff0                IOST     PCON1
000003a2 de67                MOVIA    0x98
000003a3 ff77                MOVAR    PCON
000003a4 defe                MOVIA    0x1
000003a5 fff0                IOST     PCON1
000003a6 fffb                ENI
000003a7 ffef                RET
000003a8                     ___cinit_load__:
000003a8 e0fc                BCR      STATUS, BK0
000003a9 fd40                CLRR     0x3f
000003aa fd48                CLRR     0x37
000003ab fd47                CLRR     0x38
000003ac fd35                CLRR     0x4a
000003ad fd34                CLRR     0x4b
000003ae fd33                CLRR     0x4c
000003af fd32                CLRR     0x4d
000003b0 fd31                CLRR     0x4e
000003b1 fd46                CLRR     0x39
000003b2 fd45                CLRR     0x3a
000003b3 fd44                CLRR     0x3b
000003b4 fd43                CLRR     0x3c
000003b5 fd30                CLRR     0x4f
000003b6 fd2f                CLRR     0x50
000003b7 fd2e                CLRR     0x51
000003b8 fd42                CLRR     0x3d
000003b9 fd41                CLRR     0x3e
000003ba fd2d                CLRR     0x52
000003bb fd39                CLRR     0x46
000003bc fd38                CLRR     0x47
000003bd fd2c                CLRR     0x53
000003be fd2b                CLRR     0x54
000003bf fd37                CLRR     0x48
000003c0 fd36                CLRR     0x49
000003c1 fd2a                CLRR     0x55
000003c2 fd29                CLRR     0x56
000003c3 fd28                CLRR     0x57
000003c4 ffef                RET
000003c5                     _ledShow:
000003c5 d40e                LCALL    0x3f1; _LedInput=0x3f1
000003c6 defa                MOVIA    0x5
000003c7 e0fc                BCR      STATUS, BK0
000003c8 fbb1                SUBAR    0x4e, ToAcc
000003c9 f3fc                BTRSC    STATUS, C
000003ca c422                LGOTO    0x3dd; main.o:_00265_DS_=0x3dd
000003cb defc                MOVIA    0x3
000003cc ff75                MOVAR    PCHBUF
000003cd feb1                MOVR     0x4e, ToAcc
000003ce da2d                ADDIA    0xd2
000003cf f3fc                BTRSC    STATUS, C
000003d0 fa75                INCR     PCHBUF, ToReg
000003d1 ff7d                MOVAR    PCL
000003d2                     main.o:_00271_DS_:
000003d2 c428                LGOTO    0x3d7; main.o:_00259_DS_=0x3d7
000003d3 c423                LGOTO    0x3dc; main.o:_00263_DS_=0x3dc
000003d4 c424                LGOTO    0x3db; main.o:_00262_DS_=0x3db
000003d5 c425                LGOTO    0x3da; main.o:_00261_DS_=0x3da
000003d6 c426                LGOTO    0x3d9; main.o:_00260_DS_=0x3d9
000003d7                     main.o:_00259_DS_:
000003d7 d40e                LCALL    0x3f1; _LedInput=0x3f1
000003d8 c422                LGOTO    0x3dd; main.o:_00265_DS_=0x3dd
000003d9                     main.o:_00260_DS_:
000003d9 d3cf                LCALL    0x430; _LED4ON=0x430
000003da                     main.o:_00261_DS_:
000003da d3ae                LCALL    0x451; _LED1ON=0x451
000003db                     main.o:_00262_DS_:
000003db d3c4                LCALL    0x43b; _LED3ON=0x43b
000003dc                     main.o:_00263_DS_:
000003dc d3b9                LCALL    0x446; _LED2ON=0x446
000003dd                     main.o:_00265_DS_:
000003dd ffef                RET
000003de                     _fgCtr:
000003de f7f9                BTRSS    PORTB, PB0
000003df c411                LGOTO    0x3ee; main.o:_00248_DS_=0x3ee
000003e0 e0fc                BCR      STATUS, BK0
000003e1 feb0                MOVR     0x4f, ToAcc
000003e2 f6fc                BTRSS    STATUS, Z
000003e3 c415                LGOTO    0x3ea; main.o:_00246_DS_=0x3ea
000003e4 fec6                MOVR     0x39, ToAcc
000003e5 ff44                MOVAR    0x3b
000003e6 fec5                MOVR     0x3a, ToAcc
000003e7 ff43                MOVAR    0x3c
000003e8 fd46                CLRR     0x39
000003e9 fd45                CLRR     0x3a
000003ea                     main.o:_00246_DS_:
000003ea defe                MOVIA    0x1
000003eb e0fc                BCR      STATUS, BK0
000003ec ff30                MOVAR    0x4f
000003ed c40f                LGOTO    0x3f0; main.o:_00250_DS_=0x3f0
000003ee                     main.o:_00248_DS_:
000003ee e0fc                BCR      STATUS, BK0
000003ef fd30                CLRR     0x4f
000003f0                     main.o:_00250_DS_:
000003f0 ffef                RET
000003f1                     _LedInput:
000003f1 ffea                IOSTR    IOSTA
000003f2 e0fc                BCR      STATUS, BK0
000003f3 ff5c                MOVAR    0x23
000003f4 de7c                MOVIA    0x83
000003f5 ee5c                IORAR    0x23, ToReg
000003f6 fedc                MOVR     0x23, ToAcc
000003f7 fffa                IOST     IOSTA
000003f8 ffe9                IOSTR    IOSTB
000003f9 ff5c                MOVAR    0x23
000003fa e65c                BSR      0x23, 0x3
000003fb fedc                MOVR     0x23, ToAcc
000003fc fff9                IOST     IOSTB
000003fd de83                MOVIA    0x7c
000003fe ef7a                ANDAR    PORTA, ToReg
000003ff e279                BCR      PORTB, PB3
00000400 ffef                RET
00000401                     _pwmInit:
00000401 ff95                SFUNR    T2CR1
00000402 e0fc                BCR      STATUS, BK0
00000403 ff57                MOVAR    0x28
00000404 f057                BTRSC    0x28, 0x7
00000405 c3f2                LGOTO    0x40d; main.o:_00298_DS_=0x40d
00000406 fd66                CLRR     TMRH
00000407 de7f                MOVIA    0x80
00000408 ffb6                SFUN     TMR2
00000409 fdff                CLRA
0000040a ffb4                SFUN     T2CR2
0000040b de7c                MOVIA    0x83
0000040c ffb5                SFUN     T2CR1
0000040d                     main.o:_00298_DS_:
0000040d ffef                RET
0000040e                     _delay:
0000040e e0fc                BCR      STATUS, BK0
0000040f ff53                MOVAR    0x2c
00000410 fd52                CLRR     0x2d
00000411                     main.o:_00472_DS_:
00000411 e0fc                BCR      STATUS, BK0
00000412 fed3                MOVR     0x2c, ToAcc
00000413 fbd2                SUBAR    0x2d, ToAcc
00000414 f3fc                BTRSC    STATUS, C
00000415 c3e6                LGOTO    0x419; main.o:_00474_DS_=0x419
00000416 ffff                NOP
00000417 fa52                INCR     0x2d, ToReg
00000418 c3ee                LGOTO    0x411; main.o:_00472_DS_=0x411
00000419                     main.o:_00474_DS_:
00000419 ffef                RET
0000041a                     _initAD:
0000041a de7b                MOVIA    0x84
0000041b ff6f                MOVAR    ADMD
0000041c fd6c                CLRR     ADVREFH
0000041d deef                MOVIA    0x10
0000041e ff6e                MOVAR    ADR
0000041f defc                MOVIA    0x3
00000420 ff6b                MOVAR    ADCR
00000421 e5ef                BSR      ADMD, GCHS
00000422 de9b                MOVIA    0x64
00000423 d3f1                LCALL    0x40e; _delay=0x40e
00000424 ffef                RET
00000425                     _powerOff:
00000425 e0fc                BCR      STATUS, BK0
00000426 fd32                CLRR     0x4d
00000427 d3a3                LCALL    0x45c; _pwmStop=0x45c
00000428 d39d                LCALL    0x462; _LEDHOFF=0x462
00000429 d3a0                LCALL    0x45f; _LEDLOFF=0x45f
0000042a defa                MOVIA    0x5
0000042b e0fc                BCR      STATUS, BK0
0000042c ff31                MOVAR    0x4e
0000042d defd                MOVIA    0x2
0000042e ff28                MOVAR    0x57
0000042f ffef                RET
00000430                     _LED4ON:
00000430 ffe9                IOSTR    IOSTB
00000431 e0fc                BCR      STATUS, BK0
00000432 ff58                MOVAR    0x27
00000433 e258                BCR      0x27, 0x3
00000434 fed8                MOVR     0x27, ToAcc
00000435 fff9                IOST     IOSTB
00000436 e679                BSR      PORTB, PB3
00000437 de9b                MOVIA    0x64
00000438 d3f1                LCALL    0x40e; _delay=0x40e
00000439 d40e                LCALL    0x3f1; _LedInput=0x3f1
0000043a ffef                RET
0000043b                     _LED3ON:
0000043b ffea                IOSTR    IOSTA
0000043c e0fc                BCR      STATUS, BK0
0000043d ff59                MOVAR    0x26
0000043e e059                BCR      0x26, 0x7
0000043f fed9                MOVR     0x26, ToAcc
00000440 fffa                IOST     IOSTA
00000441 e47a                BSR      PORTA, PA7
00000442 de9b                MOVIA    0x64
00000443 d3f1                LCALL    0x40e; _delay=0x40e
00000444 d40e                LCALL    0x3f1; _LedInput=0x3f1
00000445 ffef                RET
00000446                     _LED2ON:
00000446 ffea                IOSTR    IOSTA
00000447 e0fc                BCR      STATUS, BK0
00000448 ff5a                MOVAR    0x25
00000449 e35a                BCR      0x25, 0x1
0000044a feda                MOVR     0x25, ToAcc
0000044b fffa                IOST     IOSTA
0000044c e77a                BSR      PORTA, PA1
0000044d de9b                MOVIA    0x64
0000044e d3f1                LCALL    0x40e; _delay=0x40e
0000044f d40e                LCALL    0x3f1; _LedInput=0x3f1
00000450 ffef                RET
00000451                     _LED1ON:
00000451 ffea                IOSTR    IOSTA
00000452 e0fc                BCR      STATUS, BK0
00000453 ff5b                MOVAR    0x24
00000454 e3db                BCR      0x24, 0x0
00000455 fedb                MOVR     0x24, ToAcc
00000456 fffa                IOST     IOSTA
00000457 e7fa                BSR      PORTA, PA0
00000458 de9b                MOVIA    0x64
00000459 d3f1                LCALL    0x40e; _delay=0x40e
0000045a d40e                LCALL    0x3f1; _LedInput=0x3f1
0000045b ffef                RET
0000045c                     _pwmStop:
0000045c fdff                CLRA
0000045d ffb5                SFUN     T2CR1
0000045e ffef                RET
0000045f                     _LEDLOFF:
0000045f e0fc                BCR      STATUS, BK0
00000460 e27a                BCR      PORTA, PA3
00000461 ffef                RET
00000462                     _LEDHOFF:
00000462 e0fc                BCR      STATUS, BK0
00000463 e2fa                BCR      PORTA, PA2
00000464 ffef                RET
00000465                     _LEDLON:
00000465 e0fc                BCR      STATUS, BK0
00000466 e67a                BSR      PORTA, PA3
00000467 ffef                RET
00000468                     _LEDHON:
00000468 e0fc                BCR      STATUS, BK0
00000469 e6fa                BSR      PORTA, PA2
0000046a ffef                RET

