
                    Nyquest Technology Co., Ltd.

NYASM 2.28

    ADDR  OPCODE/VALUE              LINE   TAG  SOURCE                   STATEMENT    

                                    1-    1     ;--------------------------------------------------------
                                    1-    2     ; File Created by SDCC : free open source ANSI-C Compiler
                                    1-    3     ; Version 3.7.1 #0 (MSVC)
                                    1-    4     ;--------------------------------------------------------
                                    1-    5     ; NY8A port
                                    1-    6     ;--------------------------------------------------------
                                    1-    7     	.file	"main.c"
                                    1-    8     	list	p=NY8A053E,c=on
                                    1-    9     	#include "ny8a053e.inc"
                                    1-   11     ;--------------------------------------------------------
                                    1-   12     ; external declarations
                                    1-   13     ;--------------------------------------------------------
                                    1-   14     	extern	_PORTAbits
                                    1-   15     	extern	_PORTBbits
                                    1-   16     	extern	_PCONbits
                                    1-   17     	extern	_BWUCONbits
                                    1-   18     	extern	_ABPLCONbits
                                    1-   19     	extern	_BPHCONbits
                                    1-   20     	extern	_INTEbits
                                    1-   21     	extern	_INTFbits
                                    1-   22     	extern	_INDF
                                    1-   23     	extern	_TMR0
                                    1-   24     	extern	_PCL
                                    1-   25     	extern	_STATUS
                                    1-   26     	extern	_FSR
                                    1-   27     	extern	_PORTA
                                    1-   28     	extern	_PORTB
                                    1-   29     	extern	_PCON
                                    1-   30     	extern	_BWUCON
                                    1-   31     	extern	_PCHBUF
                                    1-   32     	extern	_ABPLCON
                                    1-   33     	extern	_BPHCON
                                    1-   34     	extern	_INTE
                                    1-   35     	extern	_INTF
                                    1-   36     	extern	_TMR1
                                    1-   37     	extern	_T1CR1
                                    1-   38     	extern	_T1CR2
                                    1-   39     	extern	_PWM1DUTY
                                    1-   40     	extern	_PS1CV
                                    1-   41     	extern	_BZ1CR
                                    1-   42     	extern	_IRCR
                                    1-   43     	extern	_TBHP
                                    1-   44     	extern	_TBHD
                                    1-   45     	extern	_P2CR1
                                    1-   46     	extern	_PWM2DUTY
                                    1-   47     	extern	_TMRH
                                    1-   48     	extern	_TM34RH
                                    1-   49     	extern	_OSCCR
                                    1-   50     	extern	_P3CR1
                                    1-   51     	extern	_PWM3DUTY
                                    1-   52     	extern	_P4CR1
                                    1-   53     	extern	_PWM4DUTY
                                    1-   54     	extern	_IOSTA
                                    1-   55     	extern	_IOSTB
                                    1-   56     	extern	_PS0CV
                                    1-   57     	extern	_BODCON
                                    1-   58     	extern	_CMPCR
                                    1-   59     	extern	_PCON1
                                    1-   60     	extern	_T0MD
                                    1-   61     	extern	__nyc_ny8_startup
                                    1-   62     ;--------------------------------------------------------
                                    1-   63     ; global declarations
                                    1-   64     ;--------------------------------------------------------
                                    1-   65     	extern	_main
                                    1-   67     	extern PSAVE
                                    1-   68     	extern SSAVE
                                    1-   69     	extern WSAVE
                                    1-   70     	extern STK04
                                    1-   71     	extern STK03
                                    1-   72     	extern STK02
                                    1-   73     	extern STK01
                                    1-   74     	extern STK00
                                    1-   76     .segment "uninit", 0x20000020
 20000020                           1-   77     PSAVE:
                                    1-   78     	.res 1
 20000021                           1-   79     SSAVE:
                                    1-   80     	.res 1
 20000022                           1-   81     WSAVE:
                                    1-   82     	.res 1
 20000023                           1-   83     STK04:
                                    1-   84     	.res 1
 20000024                           1-   85     STK03:
                                    1-   86     	.res 1
 20000025                           1-   87     STK02:
                                    1-   88     	.res 1
 20000026                           1-   89     STK01:
                                    1-   90     	.res 1
 20000027                           1-   91     STK00:
                                    1-   92     	.res 1
                                    1-   94     ;--------------------------------------------------------
                                    1-   95     ; global definitions
                                    1-   96     ;--------------------------------------------------------
                                    1-   97     ;--------------------------------------------------------
                                    1-   98     ; absolute symbol definitions
                                    1-   99     ;--------------------------------------------------------
                                    1-  100     ;--------------------------------------------------------
                                    1-  101     ; compiler-defined variables
                                    1-  102     ;--------------------------------------------------------
                                    1-  103     ;--------------------------------------------------------
                                    1-  104     ; initialized data
                                    1-  105     ;--------------------------------------------------------
                                    1-  106     ;--------------------------------------------------------
                                    1-  107     ; overlayable items in internal ram 
                                    1-  108     ;--------------------------------------------------------
                                    1-  109     ;	udata_ovr
                                    1-  110     ;--------------------------------------------------------
                                    1-  111     ; reset vector 
                                    1-  112     ;--------------------------------------------------------
                                    1-  113     ORG	0x0000
     0000 3rrr                      1-  114     	LGOTO	__nyc_ny8_startup
                                    1-  115     ;--------------------------------------------------------
                                    1-  116     ; code
                                    1-  117     ;--------------------------------------------------------
                                    1-  118     ;***
                                    1-  119     ;  pBlock Stats: dbName = M
                                    1-  120     ;***
                                    1-  121     ;has an exit
                                    1-  122     ;; Starting pCode block
                                    1-  123     .segment "code"; module=main, function=_main
     0000                           1-  125     _main:
                                    1-  126     ; 2 exit points
                                    1-  127     	.line	27, "main.c"; 	DISI();
     0000 0013                      1-  128     	DISI
                                    1-  129     	.line	29, "main.c"; 	IOSTB = C_PB_Output;					// Set PortB as output port    
     0001 0200                      1-  130     	CLRA	
     0002 000r                      1-  131     	IOST	_IOSTB
                                    1-  132     	.line	30, "main.c"; 	IOSTA = C_PA_Output;					// Set PortA as output port
     0003 000r                      1-  133     	IOST	_IOSTA
                                    1-  134     	.line	31, "main.c"; 	PORTA = 0x00;							// PortA Data Register = 0x00
     0004 02rr                      1-  135     	CLRR	_PORTA
                                    1-  136     	.line	32, "main.c"; 	PORTB = 0x00;							// PortB Data Register = 0x00    
     0005 02rr                      1-  137     	CLRR	_PORTB
                                    1-  138     	.line	33, "main.c"; 	PCON  = C_WDT_En | C_LVR_En; 			// Enable WDT & LVR
     0006 2188                      1-  139     	MOVIA	0x88
     0007 00rr                      1-  140     	MOVAR	_PCON
                                    1-  141     	.line	36, "main.c"; 	TMRH  = C_TMR1_Data_b9 | C_TMR1_Data_b8 | C_PWM2_Duty_b9 | C_PWM2_Duty_b8;	// SET TMR1_Data_b9 , TMR1_Data_b8 , PWM2_Duty_b9 & PWM2_Duty_b8 as 1
     0008 213C                      1-  142     	MOVIA	0x3c
     0009 00rr                      1-  143     	SFUN	_TMRH
                                    1-  144     	.line	37, "main.c"; 	TMR1  = 0xFF;							// Move FFH to TMR1 LB register ( TMR1[9:0]=3FFH )
     000A 21FF                      1-  145     	MOVIA	0xff
     000B 00rr                      1-  146     	SFUN	_TMR1
                                    1-  147     	.line	38, "main.c"; 	PWM1DUTY = C_PWM_LB_DUTY_01H;			// Move 01H to PWM1DUTY LB register ( PWM1DUTY[9:0]=001H )
     000C 2101                      1-  148     	MOVIA	0x01
     000D 00rr                      1-  149     	SFUN	_PWM1DUTY
                                    1-  150     	.line	39, "main.c"; 	PWM2DUTY = C_PWM_LB_DUTY_FFH;			// Move FFH to PWM2DUTY LB register ( PWM2DUTY[9:0]=3FFH )
     000E 21FF                      1-  151     	MOVIA	0xff
     000F 00rr                      1-  152     	SFUN	_PWM2DUTY
                                    1-  153     	.line	40, "main.c"; 	T1CR2	 = C_PS1_Dis | C_TMR1_ClkSrc_Inst;	// Prescaler 1:1 , Timer1 clock source is instruction clock
     0010 2108                      1-  154     	MOVIA	0x08
     0011 00rr                      1-  155     	SFUN	_T1CR2
                                    1-  156     	.line	41, "main.c"; 	T1CR1	 = C_PWM1_En | C_PWM1_Active_Hi | C_TMR1_Reload | C_TMR1_En;	// Enable PWM1 , Active_High , Non-Stop mode ,reloaded from TMR1[9:0] , enable Timer1
     0012 2183                      1-  157     	MOVIA	0x83
     0013 00rr                      1-  158     	SFUN	_T1CR1
                                    1-  159     	.line	42, "main.c"; 	P2CR1	 = C_PWM2_En | C_PWM2_Active_Hi | C_TMR1_Reload | C_TMR1_En;	// Enable PWM2 , Active_High , Non-Stop mode ,reloaded from TMR1[9:0] , enable Timer1 
     0014 00rr                      1-  160     	SFUN	_P2CR1
                                    1-  161     	.line	45, "main.c"; 	TM34RH   = C_PWM3_Duty_b9 | C_PWM3_Duty_b8;	// SET PWM3_Duty_b9 & PWM3_Duty_b8 as 1 
     0015 2103                      1-  162     	MOVIA	0x03
     0016 00rr                      1-  163     	SFUN	_TM34RH
                                    1-  164     	.line	46, "main.c"; 	PWM3DUTY = C_PWM_LB_DUTY_00H;			// Move 00H to PWM3DUTY LB register ( PWM3DUTY[9:0]=300H )
     0017 0200                      1-  165     	CLRA	
     0018 00rr                      1-  166     	SFUN	_PWM3DUTY
                                    1-  167     	.line	47, "main.c"; 	PWM4DUTY = C_PWM_LB_DUTY_FFH;			// Move FFH to PWM4DUTY LB register ( PWM4DUTY[9:0]=0FFH )
     0019 21FF                      1-  168     	MOVIA	0xff
     001A 00rr                      1-  169     	SFUN	_PWM4DUTY
                                    1-  170     	.line	48, "main.c"; 	P3CR1	 = C_PWM3_En | C_PWM3_Active_Hi; // Enable PWM3 , Active_High
     001B 2180                      1-  171     	MOVIA	0x80
     001C 00rr                      1-  172     	SFUN	_P3CR1
                                    1-  173     	.line	49, "main.c"; 	P4CR1	 = C_PWM4_En | C_PWM4_Active_Hi; // Enable PWM4 , Active_High 
     001D 00rr                      1-  174     	SFUN	_P4CR1
     001E                           1-  175     _00106_DS_:
                                    1-  176     	.line	53, "main.c"; 	CLRWDT();							// Clear WatchDog
     001E 0002                      1-  177     	clrwdt
                                    1-  178     	MGOTO	_00106_DS_
     001F 3rrr                      3-   63 m1      LGOTO rom_address
                                    1-  179     	.line	55, "main.c"; 	}
                                    1-  180     	RETURN	
     0020 0010                      3-   40 m1      ret
                                    1-  181     ; exit point of _main
                                    1-  184     ;	code size estimation:
                                    1-  185     ;	   31+    0 =    31 instructions (   62 byte)
                                    1-  187     	end

SYMBOL TABLE            TYPE     VALUE
__PIN_COUNT__           Constant 0000000C
__PROCESSOR__           Constant 00800534
C                       Constant 00000000
DC                      Constant 00000001
ENABLE_RAM_BANK         Constant 00000001
F                       Constant 00000001
FSR                     Constant 00000004
INDF                    Constant 00000000
PCHBUF                  Constant 0000000A
PCL                     Constant 00000002
STATUS                  Constant 00000003
USEFGOTO                Constant 00000000
W                       Constant 00000000
Z                       Constant 00000002


SOURCE FILE TABLE
001 OBJ/main.s
002 ny8a053e.inc
003 common.inc
004 main.c

PROCESSOR    = NY8A053E (8 bits)
PROGRAM ROM  = 0x00000000 - 0x000003FF
DATA ROM     = 0x00000000 - 0x000003FF
RESERVED MEM = 0x00000400 - 0x00000410
SRAM / SFR   = 0x00000000 - 0x00000000
