00000000 c7fe                 LGOTO 0x1; crt0.o:initial_ram_cinit=0x1
00000001                      crt0.o:initial_ram_cinit:
00000001 d727                 LCALL 0xd8; ___cinit_load__=0xd8
00000002 c7ca                 LGOTO 0x35; _main=0x35
00000003                      crt0.o:startup_exit:
00000008 c7f6                 LGOTO 0x9; main.o:__sdcc_interrupt=0x9
00000009                      main.o:__sdcc_interrupt:
00000009 ff6d                 MOVAR 0x12
0000000a eafc                 SWAPR 0x3, 0x0
0000000b fd7c                 CLRR 0x3
0000000c ff6e                 MOVAR 0x11
0000000d fef5                 MOVR 0xa, 0x0
0000000e fd75                 CLRR 0xa
0000000f ff6f                 MOVAR 0x10
00000010 fefb                 MOVR 0x4, 0x0
00000011                      ___cinit_size__:
00000011 ff64                 MOVAR 0x1b
00000012 feea                 MOVR 0x15, 0x0
00000013 ff63                 MOVAR 0x1c
00000014 feeb                 MOVR 0x14, 0x0
00000015 ff62                 MOVAR 0x1d
00000016 f7f0                 BTRSS 0xf, 0x0
00000017 c7dd                 LGOTO 0x22; main.o:_00108_DS_=0x22
00000018 dec8                 MOVIA 0x37
00000019 fc7e                 ADDAR 0x1, 0x1
0000001a fa61                 INCR 0x1e, 0x1
0000001b de9b                 MOVIA 0x64
0000001c fbe1                 SUBAR 0x1e, 0x0
0000001d f7fc                 BTRSS 0x3, 0x0
0000001e c7dd                 LGOTO 0x22; main.o:_00108_DS_=0x22
0000001f fd61                 CLRR 0x1e
00000020 defe                 MOVIA 0x1
00000021 ff60                 MOVAR 0x1f
00000022                      main.o:_00108_DS_:
00000022 f770                 BTRSS 0xf, 0x1
00000023 c7d9                 LGOTO 0x26; main.o:_00110_DS_=0x26
00000024 de02                 MOVIA 0xfd
00000025 ff70                 MOVAR 0xf
00000026                      main.o:_00110_DS_:
00000026 fd70                 CLRR 0xf
00000027 fee2                 MOVR 0x1d, 0x0
00000028 ff6b                 MOVAR 0x14
00000029 fee3                 MOVR 0x1c, 0x0
0000002a ff6a                 MOVAR 0x15
0000002b fee4                 MOVR 0x1b, 0x0
0000002c ff7b                 MOVAR 0x4
0000002d feef                 MOVR 0x10, 0x0
0000002e ff75                 MOVAR 0xa
0000002f fd7c                 CLRR 0x3
00000030 eaee                 SWAPR 0x11, 0x0
00000031 ff7c                 MOVAR 0x3
00000032 ea6d                 SWAPR 0x12, 0x1
00000033 eaed                 SWAPR 0x12, 0x0
00000034                      main.o:END_OF_INTERRUPT:
00000034 ffee                 RETIE
00000035                      _main:
00000035 defd                 MOVIA 0x2
00000036 fff9                 IOST 0x6
00000037 fd79                 CLRR 0x6
00000038 de57                 MOVIA 0xa8
00000039 ff77                 MOVAR 0x8
0000003a de02                 MOVIA 0xfd
0000003b ff73                 MOVAR 0xc
0000003c fdff                 CLRA
0000003d fff0                 IOST 0xf
0000003e defc                 MOVIA 0x3
0000003f ff71                 MOVAR 0xe
00000040 dec8                 MOVIA 0x37
00000041 ff7e                 MOVAR 0x1
00000042 fdff                 CLRA
00000043 fffc                 T0MD
00000044 deea                 MOVIA 0x15
00000045 fff0                 IOST 0xf
00000046 fffb                 ENI
00000047                      main.o:_00121_DS_:
00000047 fffd                 CLRWDT
00000048 fee0                 MOVR 0x1f, 0x0
00000049 f2fc                 BTRSC 0x3, 0x2
0000004a c7b8                 LGOTO 0x47; main.o:_00121_DS_=0x47
0000004b fd60                 CLRR 0x1f
0000004c d782                 LCALL 0x7d; _checkLVD=0x7d
0000004d fedf                 MOVR 0x20, 0x0
0000004e f2fc                 BTRSC 0x3, 0x2
0000004f c7ad                 LGOTO 0x52; main.o:_00118_DS_=0x52
00000050 d798                 LCALL 0x67; _gotoSleep=0x67
00000051 c7b8                 LGOTO 0x47; main.o:_00121_DS_=0x47
00000052                      main.o:_00118_DS_:
00000052 d766                 LCALL 0x99; _workCtr=0x99
00000053 c7b8                 LGOTO 0x47; main.o:_00121_DS_=0x47
00000054 ffef                 RET
00000055                      _delay:
00000055 ff67                 MOVAR 0x18
00000056 feea                 MOVR 0x15, 0x0
00000057 ff68                 MOVAR 0x17
00000058 fd66                 CLRR 0x19
00000059 fd65                 CLRR 0x1a
0000005a                      main.o:_00167_DS_:
0000005a fee7                 MOVR 0x18, 0x0
0000005b fbe5                 SUBAR 0x1a, 0x0
0000005c f6fc                 BTRSS 0x3, 0x2
0000005d c79f                 LGOTO 0x60; main.o:_00178_DS_=0x60
0000005e fee8                 MOVR 0x17, 0x0
0000005f fbe6                 SUBAR 0x19, 0x0
00000060                      main.o:_00178_DS_:
00000060 f3fc                 BTRSC 0x3, 0x0
00000061 c799                 LGOTO 0x66; main.o:_00169_DS_=0x66
00000062 fa66                 INCR 0x19, 0x1
00000063 f2fc                 BTRSC 0x3, 0x2
00000064 fa65                 INCR 0x1a, 0x1
00000065 c7a5                 LGOTO 0x5a; main.o:_00167_DS_=0x5a
00000066                      main.o:_00169_DS_:
00000066 ffef                 RET
00000067                      _gotoSleep:
00000067 fd5f                 CLRR 0x20
00000068 fd5a                 CLRR 0x25
00000069 defd                 MOVIA 0x2
0000006a ff76                 MOVAR 0x9
0000006b de43                 MOVIA 0xbc
0000006c ff5c                 MOVAR 0x23
0000006d defd                 MOVIA 0x2
0000006e ff5b                 MOVAR 0x24
0000006f fd79                 CLRR 0x6
00000070 defd                 MOVIA 0x2
00000071 ff71                 MOVAR 0xe
00000072 def7                 MOVIA 0x8
00000073 ff77                 MOVAR 0x8
00000074 fd70                 CLRR 0xf
00000075 fffd                 CLRWDT
00000076 fffe                 SLEEP
00000077 defe                 MOVIA 0x1
00000078 ff71                 MOVAR 0xe
00000079 fd70                 CLRR 0xf
0000007a de57                 MOVIA 0xa8
0000007b ff77                 MOVAR 0x8
0000007c ffef                 RET
0000007d                      _checkLVD:
0000007d deee                 MOVIA 0x11
0000007e fff0                 IOST 0xf
0000007f deaf                 MOVIA 0x50
00000080 ff6a                 MOVAR 0x15
00000081 deff                 MOVIA 0x0
00000082 d7aa                 LCALL 0x55; _delay=0x55
00000083 ffe0                 IOSTR 0xf
00000084 ddbf                 ANDIA 0x40
00000085 f6fc                 BTRSS 0x3, 0x2
00000086 defe                 MOVIA 0x1
00000087 ff69                 MOVAR 0x16
00000088 fee9                 MOVR 0x16, 0x0
00000089 f2fc                 BTRSC 0x3, 0x2
0000008a c772                 LGOTO 0x8d; main.o:_00154_DS_=0x8d
0000008b fd5a                 CLRR 0x25
0000008c c767                 LGOTO 0x98; main.o:_00156_DS_=0x98
0000008d                      main.o:_00154_DS_:
0000008d fedf                 MOVR 0x20, 0x0
0000008e f6fc                 BTRSS 0x3, 0x2
0000008f c767                 LGOTO 0x98; main.o:_00156_DS_=0x98
00000090 fa5a                 INCR 0x25, 0x1
00000091 de37                 MOVIA 0xc8
00000092 fbda                 SUBAR 0x25, 0x0
00000093 f7fc                 BTRSS 0x3, 0x0
00000094 c767                 LGOTO 0x98; main.o:_00156_DS_=0x98
00000095 defe                 MOVIA 0x1
00000096 ff5f                 MOVAR 0x20
00000097 fd5a                 CLRR 0x25
00000098                      main.o:_00156_DS_:
00000098 ffef                 RET
00000099                      _workCtr:
00000099 f779                 BTRSS 0x6, 0x1
0000009a c751                 LGOTO 0xae; main.o:_00134_DS_=0xae
0000009b fa5e                 INCR 0x21, 0x1
0000009c de36                 MOVIA 0xc9
0000009d fbde                 SUBAR 0x21, 0x0
0000009e f7fc                 BTRSS 0x3, 0x0
0000009f c753                 LGOTO 0xac; main.o:_00129_DS_=0xac
000000a0 fedd                 MOVR 0x22, 0x0
000000a1 f6fc                 BTRSS 0x3, 0x2
000000a2 c758                 LGOTO 0xa7; main.o:_00127_DS_=0xa7
000000a3 de43                 MOVIA 0xbc
000000a4 ff5c                 MOVAR 0x23
000000a5 defd                 MOVIA 0x2
000000a6 ff5b                 MOVAR 0x24
000000a7                      main.o:_00127_DS_:
000000a7 defe                 MOVIA 0x1
000000a8 ff5d                 MOVAR 0x22
000000a9 de37                 MOVIA 0xc8
000000aa ff5e                 MOVAR 0x21
000000ab c747                 LGOTO 0xb8; main.o:_00135_DS_=0xb8
000000ac                      main.o:_00129_DS_:
000000ac e1f9                 BCR 0x6, 0x4
000000ad c728                 LGOTO 0xd7; main.o:_00145_DS_=0xd7
000000ae                      main.o:_00134_DS_:
000000ae fedd                 MOVR 0x22, 0x0
000000af dbfe                 XORIA 0x1
000000b0 f6fc                 BTRSS 0x3, 0x2
000000b1 c749                 LGOTO 0xb6; main.o:_00132_DS_=0xb6
000000b2 de43                 MOVIA 0xbc
000000b3 ff5c                 MOVAR 0x23
000000b4 defd                 MOVIA 0x2
000000b5 ff5b                 MOVAR 0x24
000000b6                      main.o:_00132_DS_:
000000b6 fd5d                 CLRR 0x22
000000b7 fd5e                 CLRR 0x21
000000b8                      main.o:_00135_DS_:
000000b8 fedd                 MOVR 0x22, 0x0
000000b9 f2fc                 BTRSC 0x3, 0x2
000000ba c736                 LGOTO 0xc9; main.o:_00143_DS_=0xc9
000000bb fedc                 MOVR 0x23, 0x0
000000bc eedb                 IORAR 0x24, 0x0
000000bd f2fc                 BTRSC 0x3, 0x2
000000be c73a                 LGOTO 0xc5; main.o:_00137_DS_=0xc5
000000bf de00                 MOVIA 0xff
000000c0 fc5c                 ADDAR 0x23, 0x1
000000c1 f7fc                 BTRSS 0x3, 0x0
000000c2 f95b                 DECR 0x24, 0x1
000000c3 e579                 BSR 0x6, 0x5
000000c4 c739                 LGOTO 0xc6; main.o:_00138_DS_=0xc6
000000c5                      main.o:_00137_DS_:
000000c5 e179                 BCR 0x6, 0x5
000000c6                      main.o:_00138_DS_:
000000c6 e6f9                 BSR 0x6, 0x2
000000c7 e1f9                 BCR 0x6, 0x4
000000c8 c728                 LGOTO 0xd7; main.o:_00145_DS_=0xd7
000000c9                      main.o:_00143_DS_:
000000c9 fedc                 MOVR 0x23, 0x0
000000ca eedb                 IORAR 0x24, 0x0
000000cb f2fc                 BTRSC 0x3, 0x2
000000cc c72c                 LGOTO 0xd3; main.o:_00140_DS_=0xd3
000000cd de00                 MOVIA 0xff
000000ce fc5c                 ADDAR 0x23, 0x1
000000cf f7fc                 BTRSS 0x3, 0x0
000000d0 f95b                 DECR 0x24, 0x1
000000d1 e5f9                 BSR 0x6, 0x4
000000d2 c72a                 LGOTO 0xd5; main.o:_00141_DS_=0xd5
000000d3                      main.o:_00140_DS_:
000000d3 e1f9                 BCR 0x6, 0x4
000000d4 d798                 LCALL 0x67; _gotoSleep=0x67
000000d5                      main.o:_00141_DS_:
000000d5 de24                 MOVIA 0xdb
000000d6 ef79                 ANDAR 0x6, 0x1
000000d7                      main.o:_00145_DS_:
000000d7 ffef                 RET
000000d8                      ___cinit_load__:
