00000000 c7fe                 LGOTO 0x1; crt0.o:initial_ram_cinit=0x1
00000001                      crt0.o:initial_ram_cinit:
00000001 d3fb                 LCALL 0x404; ___cinit_load__=0x404
00000002 c7b4                 LGOTO 0x4b; _main=0x4b
00000003                      main.o:_00599_DS_:
00000003 f56f                 BTRSS 0x10, 0x5
00000004 c7fc                 LGOTO 0x3; main.o:_00599_DS_=0x3
00000005 ffef                 RET
00000008 c7f6                 LGOTO 0x9; main.o:__sdcc_interrupt=0x9
00000009                      main.o:__sdcc_interrupt:
00000009 ff3d                 MOVAR 0x42
0000000a eafc                 SWAPR 0x3, 0x0
0000000b fd7c                 CLRR 0x3
0000000c ff3e                 MOVAR 0x41
0000000d fef5                 MOVR 0xa, 0x0
0000000e fd75                 CLRR 0xa
0000000f ff3f                 MOVAR 0x40
00000010 fefb                 MOVR 0x4, 0x0
00000011 e0fc                 BCR 0x3, 0x6
00000012 ff46                 MOVAR 0x39
00000013 feba                 MOVR 0x45, 0x0
00000014 ff45                 MOVAR 0x3a
00000015 febb                 MOVR 0x44, 0x0
00000016 ff44                 MOVAR 0x3b
00000017 f7f0                 BTRSS 0xf, 0x0
00000018 c7c8                 LGOTO 0x37; main.o:_00117_DS_=0x37
00000019 dec8                 MOVIA 0x37
0000001a fc7e                 ADDAR 0x1, 0x1
0000001b fa42                 INCR 0x3d, 0x1
0000001c fa42                 INCR 0x3d, 0x1
0000001d de9b                 MOVIA 0x64
0000001e fbc2                 SUBAR 0x3d, 0x0
0000001f f7fc                 BTRSS 0x3, 0x0
00000020 c7c8                 LGOTO 0x37; main.o:_00117_DS_=0x37
00000021 fd42                 CLRR 0x3d
00000022 defe                 MOVIA 0x1
00000023 ff41                 MOVAR 0x3e
00000024 fa26                 INCR 0x59, 0x1
00000025 decd                 MOVIA 0x32
00000026 fba6                 SUBAR 0x59, 0x0
00000027 f7fc                 BTRSS 0x3, 0x0
00000028 c7c8                 LGOTO 0x37; main.o:_00117_DS_=0x37
00000029 fd26                 CLRR 0x59
0000002a fea7                 MOVR 0x58, 0x0
0000002b f2fc                 BTRSC 0x3, 0x2
0000002c c7c8                 LGOTO 0x37; main.o:_00117_DS_=0x37
0000002d f3a7                 BTRSC 0x58, 0x0
0000002e c7ce                 LGOTO 0x31; main.o:_00106_DS_=0x31
0000002f e379                 BCR 0x6, 0x1
00000030 c7cd                 LGOTO 0x32; main.o:_00107_DS_=0x32
00000031                      main.o:_00106_DS_:
00000031 e779                 BSR 0x6, 0x1
00000032                      main.o:_00107_DS_:
00000032 e0fc                 BCR 0x3, 0x6
00000033 e827                 DECRSZ 0x58, 0x1
00000034 c7c8                 LGOTO 0x37; main.o:_00117_DS_=0x37
00000035 d71f                 LCALL 0xe0; _closeStatus=0xe0
00000036 d6da                 LCALL 0x125; _gotoSleep=0x125
00000037                      main.o:_00117_DS_:
00000037 f770                 BTRSS 0xf, 0x1
00000038 c7c4                 LGOTO 0x3b; main.o:_00119_DS_=0x3b
00000039 de02                 MOVIA 0xfd
0000003a ff70                 MOVAR 0xf
0000003b                      main.o:_00119_DS_:
0000003b fd70                 CLRR 0xf
0000003c e0fc                 BCR 0x3, 0x6
0000003d fec4                 MOVR 0x3b, 0x0
0000003e ff3b                 MOVAR 0x44
0000003f fec5                 MOVR 0x3a, 0x0
00000040 ff3a                 MOVAR 0x45
00000041 fec6                 MOVR 0x39, 0x0
00000042 ff7b                 MOVAR 0x4
00000043 febf                 MOVR 0x40, 0x0
00000044 ff75                 MOVAR 0xa
00000045 fd7c                 CLRR 0x3
00000046 eabe                 SWAPR 0x41, 0x0
00000047 ff7c                 MOVAR 0x3
00000048 ea3d                 SWAPR 0x42, 0x1
00000049 eabd                 SWAPR 0x42, 0x0
0000004a                      main.o:END_OF_INTERRUPT:
0000004a ffee                 RETIE
0000004b                      _main:
0000004b ffec                 DISI
0000004c dec1                 MOVIA 0x3e
0000004d fffa                 IOST 0x5
0000004e defe                 MOVIA 0x1
0000004f fff9                 IOST 0x6
00000050 fd79                 CLRR 0x6
00000051 fd7a                 CLRR 0x5
00000052 de00                 MOVIA 0xff
00000053 fff6                 IOST 0x9
00000054 de01                 MOVIA 0xfe
00000055 ff73                 MOVAR 0xc
00000056 de00                 MOVIA 0xff
00000057 ff74                 MOVAR 0xb
00000058 defe                 MOVIA 0x1
00000059 ff71                 MOVAR 0xe
0000005a fdff                 CLRA
0000005b fff0                 IOST 0xf
0000005c dec8                 MOVIA 0x37
0000005d ff7e                 MOVAR 0x1
0000005e fdff                 CLRA
0000005f fffc                 T0MD
00000060 defe                 MOVIA 0x1
00000061 fff0                 IOST 0xf
00000062 de67                 MOVIA 0x98
00000063 ff77                 MOVAR 0x8
00000064 defe                 MOVIA 0x1
00000065 fff0                 IOST 0xf
00000066 fffb                 ENI
00000067 d71f                 LCALL 0xe0; _closeStatus=0xe0
00000068 d4bb                 LCALL 0x344; _initAD=0x344
00000069                      main.o:_00164_DS_:
00000069 fffd                 CLRWDT
0000006a f57a                 BTRSS 0x5, 0x5
0000006b c75d                 LGOTO 0xa2; main.o:_00150_DS_=0xa2
0000006c e0fc                 BCR 0x3, 0x6
0000006d fd22                 CLRR 0x5d
0000006e defd                 MOVIA 0x2
0000006f fbb6                 SUBAR 0x49, 0x0
00000070 fd5f                 CLRR 0x20
00000071 f7fc                 BTRSS 0x3, 0x0
00000072 e7df                 BSR 0x20, 0x0
00000073 fedf                 MOVR 0x20, 0x0
00000074 f2fc                 BTRSC 0x3, 0x2
00000075 c774                 LGOTO 0x8b; main.o:_00134_DS_=0x8b
00000076 e0fa                 BCR 0x5, 0x6
00000077 feb6                 MOVR 0x49, 0x0
00000078 dbfe                 XORIA 0x1
00000079 f2fc                 BTRSC 0x3, 0x2
0000007a e779                 BSR 0x6, 0x1
0000007b feb4                 MOVR 0x4b, 0x0
0000007c f2fc                 BTRSC 0x3, 0x2
0000007d c776                 LGOTO 0x89; main.o:_00126_DS_=0x89
0000007e feb4                 MOVR 0x4b, 0x0
0000007f dbfd                 XORIA 0x2
00000080 f2fc                 BTRSC 0x3, 0x2
00000081 c776                 LGOTO 0x89; main.o:_00126_DS_=0x89
00000082 feb4                 MOVR 0x4b, 0x0
00000083 dbfc                 XORIA 0x3
00000084 f6fc                 BTRSS 0x3, 0x2
00000085 c76e                 LGOTO 0x91; main.o:_00135_DS_=0x91
00000086 fea7                 MOVR 0x58, 0x0
00000087 f6fc                 BTRSS 0x3, 0x2
00000088 c76e                 LGOTO 0x91; main.o:_00135_DS_=0x91
00000089                      main.o:_00126_DS_:
00000089 e779                 BSR 0x6, 0x1
0000008a c76e                 LGOTO 0x91; main.o:_00135_DS_=0x91
0000008b                      main.o:_00134_DS_:
0000008b e07a                 BCR 0x5, 0x7
0000008c e0fc                 BCR 0x3, 0x6
0000008d feb4                 MOVR 0x4b, 0x0
0000008e dbfc                 XORIA 0x3
0000008f f2fc                 BTRSC 0x3, 0x2
00000090 e0fa                 BCR 0x5, 0x6
00000091                      main.o:_00135_DS_:
00000091 e0fc                 BCR 0x3, 0x6
00000092 feb6                 MOVR 0x49, 0x0
00000093 f2fc                 BTRSC 0x3, 0x2
00000094 e6f9                 BSR 0x6, 0x2
00000095 feb3                 MOVR 0x4c, 0x0
00000096 dbfe                 XORIA 0x1
00000097 f6fc                 BTRSS 0x3, 0x2
00000098 c743                 LGOTO 0xbc; main.o:_00151_DS_=0xbc
00000099 feb5                 MOVR 0x4a, 0x0
0000009a f6fc                 BTRSS 0x3, 0x2
0000009b c743                 LGOTO 0xbc; main.o:_00151_DS_=0xbc
0000009c fedf                 MOVR 0x20, 0x0
0000009d f2fc                 BTRSC 0x3, 0x2
0000009e c743                 LGOTO 0xbc; main.o:_00151_DS_=0xbc
0000009f e7fa                 BSR 0x5, 0x0
000000a0 e47a                 BSR 0x5, 0x7
000000a1 c743                 LGOTO 0xbc; main.o:_00151_DS_=0xbc
000000a2                      main.o:_00150_DS_:
000000a2 e0fc                 BCR 0x3, 0x6
000000a3 fd5f                 CLRR 0x20
000000a4 feb3                 MOVR 0x4c, 0x0
000000a5 dbfe                 XORIA 0x1
000000a6 f6fc                 BTRSS 0x3, 0x2
000000a7 c756                 LGOTO 0xa9; main.o:_00008_DS_=0xa9
000000a8 fa5f                 INCR 0x20, 0x1
000000a9                      main.o:_00008_DS_:
000000a9 e0fc                 BCR 0x3, 0x6
000000aa fedf                 MOVR 0x20, 0x0
000000ab f6fc                 BTRSS 0x3, 0x2
000000ac e2f9                 BCR 0x6, 0x2
000000ad e07a                 BCR 0x5, 0x7
000000ae fd36                 CLRR 0x49
000000af feb5                 MOVR 0x4a, 0x0
000000b0 f6fc                 BTRSS 0x3, 0x2
000000b1 c743                 LGOTO 0xbc; main.o:_00151_DS_=0xbc
000000b2 defc                 MOVIA 0x3
000000b3 fbb4                 SUBAR 0x4b, 0x0
000000b4 f3fc                 BTRSC 0x3, 0x0
000000b5 c743                 LGOTO 0xbc; main.o:_00151_DS_=0xbc
000000b6 fedf                 MOVR 0x20, 0x0
000000b7 f2fc                 BTRSC 0x3, 0x2
000000b8 c743                 LGOTO 0xbc; main.o:_00151_DS_=0xbc
000000b9 fea2                 MOVR 0x5d, 0x0
000000ba f2fc                 BTRSC 0x3, 0x2
000000bb e7fa                 BSR 0x5, 0x0
000000bc                      main.o:_00151_DS_:
000000bc e0fc                 BCR 0x3, 0x6
000000bd fec1                 MOVR 0x3e, 0x0
000000be f2fc                 BTRSC 0x3, 0x2
000000bf c796                 LGOTO 0x69; main.o:_00164_DS_=0x69
000000c0 fd41                 CLRR 0x3e
000000c1 d4ae                 LCALL 0x351; _keyCtr=0x351
000000c2 d422                 LCALL 0x3dd; _chrgWork=0x3dd
000000c3 e0fc                 BCR 0x3, 0x6
000000c4 feb3                 MOVR 0x4c, 0x0
000000c5 dbfe                 XORIA 0x1
000000c6 f2fc                 BTRSC 0x3, 0x2
000000c7 d479                 LCALL 0x386; _workCtr=0x386
000000c8 f57a                 BTRSS 0x5, 0x5
000000c9 c730                 LGOTO 0xcf; main.o:_00161_DS_=0xcf
000000ca e0fc                 BCR 0x3, 0x6
000000cb feb6                 MOVR 0x49, 0x0
000000cc dbfd                 XORIA 0x2
000000cd f6fc                 BTRSS 0x3, 0x2
000000ce c796                 LGOTO 0x69; main.o:_00164_DS_=0x69
000000cf                      main.o:_00161_DS_:
000000cf e0fc                 BCR 0x3, 0x6
000000d0 feb3                 MOVR 0x4c, 0x0
000000d1 f6fc                 BTRSS 0x3, 0x2
000000d2 c796                 LGOTO 0x69; main.o:_00164_DS_=0x69
000000d3 feb7                 MOVR 0x48, 0x0
000000d4 f6fc                 BTRSS 0x3, 0x2
000000d5 c796                 LGOTO 0x69; main.o:_00164_DS_=0x69
000000d6 d71f                 LCALL 0xe0; _closeStatus=0xe0
000000d7 e0fc                 BCR 0x3, 0x6
000000d8 fa40                 INCR 0x3f, 0x1
000000d9 decc                 MOVIA 0x33
000000da fbc0                 SUBAR 0x3f, 0x0
000000db f7fc                 BTRSS 0x3, 0x0
000000dc c796                 LGOTO 0x69; main.o:_00164_DS_=0x69
000000dd d6da                 LCALL 0x125; _gotoSleep=0x125
000000de c796                 LGOTO 0x69; main.o:_00164_DS_=0x69
000000df ffef                 RET
000000e0                      _closeStatus:
000000e0 e679                 BSR 0x6, 0x3
000000e1 e0fa                 BCR 0x5, 0x6
000000e2 e07a                 BCR 0x5, 0x7
000000e3 e779                 BSR 0x6, 0x1
000000e4 e6f9                 BSR 0x6, 0x2
000000e5 e3fa                 BCR 0x5, 0x0
000000e6 ffef                 RET
000000e7                      _keyRead:
000000e7 e0fc                 BCR 0x3, 0x6
000000e8 ff47                 MOVAR 0x38
000000e9 fec7                 MOVR 0x38, 0x0
000000ea f2fc                 BTRSC 0x3, 0x2
000000eb c705                 LGOTO 0xfa; main.o:_00632_DS_=0xfa
000000ec fa37                 INCR 0x48, 0x1
000000ed de37                 MOVIA 0xc8
000000ee fbb7                 SUBAR 0x48, 0x0
000000ef f7fc                 BTRSS 0x3, 0x0
000000f0 c6f2                 LGOTO 0x10d; main.o:_00633_DS_=0x10d
000000f1 de37                 MOVIA 0xc8
000000f2 ff37                 MOVAR 0x48
000000f3 feb8                 MOVR 0x47, 0x0
000000f4 f6fc                 BTRSS 0x3, 0x2
000000f5 c6f2                 LGOTO 0x10d; main.o:_00633_DS_=0x10d
000000f6 defe                 MOVIA 0x1
000000f7 ff38                 MOVAR 0x47
000000f8 defd                 MOVIA 0x2
000000f9 c6f1                 LGOTO 0x10e; main.o:_00634_DS_=0x10e
000000fa                      main.o:_00632_DS_:
000000fa de37                 MOVIA 0xc8
000000fb e0fc                 BCR 0x3, 0x6
000000fc fbb7                 SUBAR 0x48, 0x0
000000fd f7fc                 BTRSS 0x3, 0x0
000000fe c6fc                 LGOTO 0x103; main.o:_00629_DS_=0x103
000000ff fd37                 CLRR 0x48
00000100 fd38                 CLRR 0x47
00000101 deff                 MOVIA 0x0
00000102 c6f1                 LGOTO 0x10e; main.o:_00634_DS_=0x10e
00000103                      main.o:_00629_DS_:
00000103 def7                 MOVIA 0x8
00000104 e0fc                 BCR 0x3, 0x6
00000105 fbb7                 SUBAR 0x48, 0x0
00000106 f7fc                 BTRSS 0x3, 0x0
00000107 c6f4                 LGOTO 0x10b; main.o:_00630_DS_=0x10b
00000108 fd37                 CLRR 0x48
00000109 defe                 MOVIA 0x1
0000010a c6f1                 LGOTO 0x10e; main.o:_00634_DS_=0x10e
0000010b                      main.o:_00630_DS_:
0000010b e0fc                 BCR 0x3, 0x6
0000010c fd37                 CLRR 0x48
0000010d                      main.o:_00633_DS_:
0000010d deff                 MOVIA 0x0
0000010e                      main.o:_00634_DS_:
0000010e ffef                 RET
0000010f                      _delay:
0000010f e0fc                 BCR 0x3, 0x6
00000110 ff4a                 MOVAR 0x35
00000111 feba                 MOVR 0x45, 0x0
00000112 ff4b                 MOVAR 0x34
00000113 fd49                 CLRR 0x36
00000114 fd48                 CLRR 0x37
00000115                      main.o:_00606_DS_:
00000115 e0fc                 BCR 0x3, 0x6
00000116 feca                 MOVR 0x35, 0x0
00000117 fbc8                 SUBAR 0x37, 0x0
00000118 f6fc                 BTRSS 0x3, 0x2
00000119 c6e3                 LGOTO 0x11c; main.o:_00617_DS_=0x11c
0000011a fecb                 MOVR 0x34, 0x0
0000011b fbc9                 SUBAR 0x36, 0x0
0000011c                      main.o:_00617_DS_:
0000011c f3fc                 BTRSC 0x3, 0x0
0000011d c6db                 LGOTO 0x124; main.o:_00608_DS_=0x124
0000011e e0fc                 BCR 0x3, 0x6
0000011f fa49                 INCR 0x36, 0x1
00000120 f6fc                 BTRSS 0x3, 0x2
00000121 c6dc                 LGOTO 0x123; main.o:_00001_DS_=0x123
00000122 fa48                 INCR 0x37, 0x1
00000123                      main.o:_00001_DS_:
00000123 c6ea                 LGOTO 0x115; main.o:_00606_DS_=0x115
00000124                      main.o:_00608_DS_:
00000124 ffef                 RET
00000125                      _gotoSleep:
00000125 e0fc                 BCR 0x3, 0x6
00000126 fd33                 CLRR 0x4c
00000127 fd36                 CLRR 0x49
00000128 fd25                 CLRR 0x5a
00000129 fd35                 CLRR 0x4a
0000012a fd40                 CLRR 0x3f
0000012b fd39                 CLRR 0x46
0000012c ded7                 MOVIA 0x28
0000012d ff6a                 MOVAR 0x15
0000012e defe                 MOVIA 0x1
0000012f ff76                 MOVAR 0x9
00000130 def4                 MOVIA 0xb
00000131 ff71                 MOVAR 0xe
00000132 dee7                 MOVIA 0x18
00000133 ff77                 MOVAR 0x8
00000134 fd70                 CLRR 0xf
00000135 fffd                 CLRWDT
00000136 fffb                 ENI
00000137 fffe                 SLEEP
00000138 fd6a                 CLRR 0x15
00000139 fd76                 CLRR 0x9
0000013a defe                 MOVIA 0x1
0000013b ff71                 MOVAR 0xe
0000013c fd70                 CLRR 0xf
0000013d de47                 MOVIA 0xb8
0000013e ff77                 MOVAR 0x8
0000013f ffef                 RET
00000140                      _F_AIN4_Convert:
00000140 e0fc                 BCR 0x3, 0x6
00000141 ff4f                 MOVAR 0x30
00000142 fd29                 CLRR 0x56
00000143 fd2b                 CLRR 0x54
00000144 fd2a                 CLRR 0x55
00000145 de6b                 MOVIA 0x94
00000146 ff6f                 MOVAR 0x10
00000147 de37                 MOVIA 0xc8
00000148 ff3a                 MOVAR 0x45
00000149 deff                 MOVIA 0x0
0000014a d6f0                 LCALL 0x10f; _delay=0x10f
0000014b defe                 MOVIA 0x1
0000014c e0fc                 BCR 0x3, 0x6
0000014d ff4e                 MOVAR 0x31
0000014e                      main.o:_00588_DS_:
0000014e e0fc                 BCR 0x3, 0x6
0000014f fece                 MOVR 0x31, 0x0
00000150 fbcf                 SUBAR 0x30, 0x0
00000151 f7fc                 BTRSS 0x3, 0x0
00000152 c697                 LGOTO 0x168; main.o:_00590_DS_=0x168
00000153 e4ef                 BSR 0x10, 0x6
00000154 d7fc                 LCALL 0x3; main.o:_00599_DS_=0x3
00000155 def0                 MOVIA 0xf
00000156 efee                 ANDAR 0x11, 0x0
00000157 e0fc                 BCR 0x3, 0x6
00000158 fc29                 ADDAR 0x56, 0x1
00000159 feed                 MOVR 0x12, 0x0
0000015a ff4d                 MOVAR 0x32
0000015b deff                 MOVIA 0x0
0000015c ff4c                 MOVAR 0x33
0000015d fecd                 MOVR 0x32, 0x0
0000015e fc2b                 ADDAR 0x54, 0x1
0000015f fecc                 MOVR 0x33, 0x0
00000160 f3fc                 BTRSC 0x3, 0x0
00000161 facc                 INCR 0x33, 0x0
00000162 f2fc                 BTRSC 0x3, 0x2
00000163 c69a                 LGOTO 0x165; main.o:_00002_DS_=0x165
00000164 fc2a                 ADDAR 0x55, 0x1
00000165                      main.o:_00002_DS_:
00000165 e0fc                 BCR 0x3, 0x6
00000166 fa4e                 INCR 0x31, 0x1
00000167 c6b1                 LGOTO 0x14e; main.o:_00588_DS_=0x14e
00000168                      main.o:_00590_DS_:
00000168 ffef                 RET
00000169                      _F_AIN2_Convert:
00000169 e0fc                 BCR 0x3, 0x6
0000016a ff53                 MOVAR 0x2c
0000016b fd2c                 CLRR 0x53
0000016c fd2e                 CLRR 0x51
0000016d fd2d                 CLRR 0x52
0000016e de6d                 MOVIA 0x92
0000016f ff6f                 MOVAR 0x10
00000170 de37                 MOVIA 0xc8
00000171 ff3a                 MOVAR 0x45
00000172 deff                 MOVIA 0x0
00000173 d6f0                 LCALL 0x10f; _delay=0x10f
00000174 defe                 MOVIA 0x1
00000175 e0fc                 BCR 0x3, 0x6
00000176 ff52                 MOVAR 0x2d
00000177                      main.o:_00579_DS_:
00000177 e0fc                 BCR 0x3, 0x6
00000178 fed2                 MOVR 0x2d, 0x0
00000179 fbd3                 SUBAR 0x2c, 0x0
0000017a f7fc                 BTRSS 0x3, 0x0
0000017b c66e                 LGOTO 0x191; main.o:_00581_DS_=0x191
0000017c e4ef                 BSR 0x10, 0x6
0000017d d7fc                 LCALL 0x3; main.o:_00599_DS_=0x3
0000017e def0                 MOVIA 0xf
0000017f efee                 ANDAR 0x11, 0x0
00000180 e0fc                 BCR 0x3, 0x6
00000181 fc2c                 ADDAR 0x53, 0x1
00000182 feed                 MOVR 0x12, 0x0
00000183 ff51                 MOVAR 0x2e
00000184 deff                 MOVIA 0x0
00000185 ff50                 MOVAR 0x2f
00000186 fed1                 MOVR 0x2e, 0x0
00000187 fc2e                 ADDAR 0x51, 0x1
00000188 fed0                 MOVR 0x2f, 0x0
00000189 f3fc                 BTRSC 0x3, 0x0
0000018a fad0                 INCR 0x2f, 0x0
0000018b f2fc                 BTRSC 0x3, 0x2
0000018c c671                 LGOTO 0x18e; main.o:_00003_DS_=0x18e
0000018d fc2d                 ADDAR 0x52, 0x1
0000018e                      main.o:_00003_DS_:
0000018e e0fc                 BCR 0x3, 0x6
0000018f fa52                 INCR 0x2d, 0x1
00000190 c688                 LGOTO 0x177; main.o:_00579_DS_=0x177
00000191                      main.o:_00581_DS_:
00000191 ffef                 RET
00000192                      _F_AIN1_Convert:
00000192 e0fc                 BCR 0x3, 0x6
00000193 ff57                 MOVAR 0x28
00000194 fd2f                 CLRR 0x50
00000195 fd31                 CLRR 0x4e
00000196 fd30                 CLRR 0x4f
00000197 de6e                 MOVIA 0x91
00000198 ff6f                 MOVAR 0x10
00000199 de37                 MOVIA 0xc8
0000019a ff3a                 MOVAR 0x45
0000019b deff                 MOVIA 0x0
0000019c d6f0                 LCALL 0x10f; _delay=0x10f
0000019d defe                 MOVIA 0x1
0000019e e0fc                 BCR 0x3, 0x6
0000019f ff56                 MOVAR 0x29
000001a0                      main.o:_00570_DS_:
000001a0 e0fc                 BCR 0x3, 0x6
000001a1 fed6                 MOVR 0x29, 0x0
000001a2 fbd7                 SUBAR 0x28, 0x0
000001a3 f7fc                 BTRSS 0x3, 0x0
000001a4 c645                 LGOTO 0x1ba; main.o:_00572_DS_=0x1ba
000001a5 e4ef                 BSR 0x10, 0x6
000001a6 d7fc                 LCALL 0x3; main.o:_00599_DS_=0x3
000001a7 def0                 MOVIA 0xf
000001a8 efee                 ANDAR 0x11, 0x0
000001a9 e0fc                 BCR 0x3, 0x6
000001aa fc2f                 ADDAR 0x50, 0x1
000001ab feed                 MOVR 0x12, 0x0
000001ac ff55                 MOVAR 0x2a
000001ad deff                 MOVIA 0x0
000001ae ff54                 MOVAR 0x2b
000001af fed5                 MOVR 0x2a, 0x0
000001b0 fc31                 ADDAR 0x4e, 0x1
000001b1 fed4                 MOVR 0x2b, 0x0
000001b2 f3fc                 BTRSC 0x3, 0x0
000001b3 fad4                 INCR 0x2b, 0x0
000001b4 f2fc                 BTRSC 0x3, 0x2
000001b5 c648                 LGOTO 0x1b7; main.o:_00004_DS_=0x1b7
000001b6 fc30                 ADDAR 0x4f, 0x1
000001b7                      main.o:_00004_DS_:
000001b7 e0fc                 BCR 0x3, 0x6
000001b8 fa56                 INCR 0x29, 0x1
000001b9 c65f                 LGOTO 0x1a0; main.o:_00570_DS_=0x1a0
000001ba                      main.o:_00572_DS_:
000001ba ffef                 RET
000001bb                      _checkOutA:
000001bb e0fc                 BCR 0x3, 0x6
000001bc fd29                 CLRR 0x56
000001bd fd2b                 CLRR 0x54
000001be fd2a                 CLRR 0x55
000001bf def7                 MOVIA 0x8
000001c0 d6bf                 LCALL 0x140; _F_AIN4_Convert=0x140
000001c1 e0fc                 BCR 0x3, 0x6
000001c2 eaaa                 SWAPR 0x55, 0x0
000001c3 dd0f                 ANDIA 0xf0
000001c4 ff2a                 MOVAR 0x55
000001c5 eaab                 SWAPR 0x54, 0x0
000001c6 ff2b                 MOVAR 0x54
000001c7 ddf0                 ANDIA 0xf
000001c8 ee2a                 IORAR 0x55, 0x1
000001c9 ed2b                 XORAR 0x54, 0x1
000001ca de0f                 MOVIA 0xf0
000001cb ef29                 ANDAR 0x56, 0x1
000001cc fea9                 MOVR 0x56, 0x0
000001cd ff59                 MOVAR 0x26
000001ce deff                 MOVIA 0x0
000001cf ff58                 MOVAR 0x27
000001d0 fed9                 MOVR 0x26, 0x0
000001d1 fc2b                 ADDAR 0x54, 0x1
000001d2 fed8                 MOVR 0x27, 0x0
000001d3 f3fc                 BTRSC 0x3, 0x0
000001d4 fad8                 INCR 0x27, 0x0
000001d5 f2fc                 BTRSC 0x3, 0x2
000001d6 c627                 LGOTO 0x1d8; main.o:_00005_DS_=0x1d8
000001d7 fc2a                 ADDAR 0x55, 0x1
000001d8                      main.o:_00005_DS_:
000001d8 e3fc                 BCR 0x3, 0x0
000001d9 e0fc                 BCR 0x3, 0x6
000001da ec2a                 RRR 0x55, 0x1
000001db ec2b                 RRR 0x54, 0x1
000001dc e3fc                 BCR 0x3, 0x0
000001dd ec2a                 RRR 0x55, 0x1
000001de ec2b                 RRR 0x54, 0x1
000001df e3fc                 BCR 0x3, 0x0
000001e0 ec2a                 RRR 0x55, 0x1
000001e1 ec2b                 RRR 0x54, 0x1
000001e2 fec3                 MOVR 0x3c, 0x0
000001e3 f2fc                 BTRSC 0x3, 0x2
000001e4 c617                 LGOTO 0x1e8; main.o:_00546_DS_=0x1e8
000001e5 deb3                 MOVIA 0x4c
000001e6 ff2b                 MOVAR 0x54
000001e7 fd2a                 CLRR 0x55
000001e8                      main.o:_00546_DS_:
000001e8 deff                 MOVIA 0x0
000001e9 e0fc                 BCR 0x3, 0x6
000001ea fbaa                 SUBAR 0x55, 0x0
000001eb f6fc                 BTRSS 0x3, 0x2
000001ec c610                 LGOTO 0x1ef; main.o:_00563_DS_=0x1ef
000001ed deb1                 MOVIA 0x4e
000001ee fbab                 SUBAR 0x54, 0x0
000001ef                      main.o:_00563_DS_:
000001ef f3fc                 BTRSC 0x3, 0x0
000001f0 c60b                 LGOTO 0x1f4; main.o:_00548_DS_=0x1f4
000001f1 e0fc                 BCR 0x3, 0x6
000001f2 fd28                 CLRR 0x57
000001f3 c609                 LGOTO 0x1f6; main.o:_00549_DS_=0x1f6
000001f4                      main.o:_00548_DS_:
000001f4 e0fc                 BCR 0x3, 0x6
000001f5 fa28                 INCR 0x57, 0x1
000001f6                      main.o:_00549_DS_:
000001f6 e0fc                 BCR 0x3, 0x6
000001f7 fa28                 INCR 0x57, 0x1
000001f8 de9b                 MOVIA 0x64
000001f9 fba8                 SUBAR 0x57, 0x0
000001fa f7fc                 BTRSS 0x3, 0x0
000001fb c5fc                 LGOTO 0x203; main.o:_00552_DS_=0x203
000001fc def5                 MOVIA 0xa
000001fd ff28                 MOVAR 0x57
000001fe defe                 MOVIA 0x1
000001ff ff35                 MOVAR 0x4a
00000200 e3fa                 BCR 0x5, 0x0
00000201 e0fa                 BCR 0x5, 0x6
00000202 e07a                 BCR 0x5, 0x7
00000203                      main.o:_00552_DS_:
00000203 ffef                 RET
00000204                      _checkBat:
00000204 e0fc                 BCR 0x3, 0x6
00000205 fd2c                 CLRR 0x53
00000206 fd2e                 CLRR 0x51
00000207 fd2d                 CLRR 0x52
00000208 def7                 MOVIA 0x8
00000209 d696                 LCALL 0x169; _F_AIN2_Convert=0x169
0000020a e0fc                 BCR 0x3, 0x6
0000020b eaad                 SWAPR 0x52, 0x0
0000020c dd0f                 ANDIA 0xf0
0000020d ff2d                 MOVAR 0x52
0000020e eaae                 SWAPR 0x51, 0x0
0000020f ff2e                 MOVAR 0x51
00000210 ddf0                 ANDIA 0xf
00000211 ee2d                 IORAR 0x52, 0x1
00000212 ed2e                 XORAR 0x51, 0x1
00000213 de0f                 MOVIA 0xf0
00000214 ef2c                 ANDAR 0x53, 0x1
00000215 feac                 MOVR 0x53, 0x0
00000216 ff5b                 MOVAR 0x24
00000217 deff                 MOVIA 0x0
00000218 ff5a                 MOVAR 0x25
00000219 fedb                 MOVR 0x24, 0x0
0000021a fc2e                 ADDAR 0x51, 0x1
0000021b feda                 MOVR 0x25, 0x0
0000021c f3fc                 BTRSC 0x3, 0x0
0000021d fada                 INCR 0x25, 0x0
0000021e f2fc                 BTRSC 0x3, 0x2
0000021f c5de                 LGOTO 0x221; main.o:_00006_DS_=0x221
00000220 fc2d                 ADDAR 0x52, 0x1
00000221                      main.o:_00006_DS_:
00000221 e3fc                 BCR 0x3, 0x0
00000222 e0fc                 BCR 0x3, 0x6
00000223 ec2d                 RRR 0x52, 0x1
00000224 ec2e                 RRR 0x51, 0x1
00000225 e3fc                 BCR 0x3, 0x0
00000226 ec2d                 RRR 0x52, 0x1
00000227 ec2e                 RRR 0x51, 0x1
00000228 e3fc                 BCR 0x3, 0x0
00000229 ec2d                 RRR 0x52, 0x1
0000022a ec2e                 RRR 0x51, 0x1
0000022b fec3                 MOVR 0x3c, 0x0
0000022c f2fc                 BTRSC 0x3, 0x2
0000022d c5cd                 LGOTO 0x232; main.o:_00430_DS_=0x232
0000022e de26                 MOVIA 0xd9
0000022f ff2e                 MOVAR 0x51
00000230 def1                 MOVIA 0xe
00000231 ff2d                 MOVAR 0x52
00000232                      main.o:_00430_DS_:
00000232 def6                 MOVIA 0x9
00000233 e0fc                 BCR 0x3, 0x6
00000234 fbad                 SUBAR 0x52, 0x0
00000235 f6fc                 BTRSS 0x3, 0x2
00000236 c5c6                 LGOTO 0x239; main.o:_00530_DS_=0x239
00000237 de59                 MOVIA 0xa6
00000238 fbae                 SUBAR 0x51, 0x0
00000239                      main.o:_00530_DS_:
00000239 f3fc                 BTRSC 0x3, 0x0
0000023a c5ab                 LGOTO 0x254; main.o:_00472_DS_=0x254
0000023b e0fc                 BCR 0x3, 0x6
0000023c feb4                 MOVR 0x4b, 0x0
0000023d dbfe                 XORIA 0x1
0000023e f6fc                 BTRSS 0x3, 0x2
0000023f c5b1                 LGOTO 0x24e; main.o:_00434_DS_=0x24e
00000240 def6                 MOVIA 0x9
00000241 fbad                 SUBAR 0x52, 0x0
00000242 f6fc                 BTRSS 0x3, 0x2
00000243 c5b9                 LGOTO 0x246; main.o:_00531_DS_=0x246
00000244 de63                 MOVIA 0x9c
00000245 fbae                 SUBAR 0x51, 0x0
00000246                      main.o:_00531_DS_:
00000246 f3fc                 BTRSC 0x3, 0x0
00000247 c522                 LGOTO 0x2dd; main.o:_00474_DS_=0x2dd
00000248 defc                 MOVIA 0x3
00000249 e0fc                 BCR 0x3, 0x6
0000024a ff34                 MOVAR 0x4b
0000024b defe                 MOVIA 0x1
0000024c ff22                 MOVAR 0x5d
0000024d c522                 LGOTO 0x2dd; main.o:_00474_DS_=0x2dd
0000024e                      main.o:_00434_DS_:
0000024e defc                 MOVIA 0x3
0000024f e0fc                 BCR 0x3, 0x6
00000250 ff34                 MOVAR 0x4b
00000251 defe                 MOVIA 0x1
00000252 ff22                 MOVAR 0x5d
00000253 c522                 LGOTO 0x2dd; main.o:_00474_DS_=0x2dd
00000254                      main.o:_00472_DS_:
00000254 def5                 MOVIA 0xa
00000255 e0fc                 BCR 0x3, 0x6
00000256 fbad                 SUBAR 0x52, 0x0
00000257 f6fc                 BTRSS 0x3, 0x2
00000258 c5a4                 LGOTO 0x25b; main.o:_00532_DS_=0x25b
00000259 de54                 MOVIA 0xab
0000025a fbae                 SUBAR 0x51, 0x0
0000025b                      main.o:_00532_DS_:
0000025b f3fc                 BTRSC 0x3, 0x0
0000025c c570                 LGOTO 0x28f; main.o:_00469_DS_=0x28f
0000025d e0fc                 BCR 0x3, 0x6
0000025e feb4                 MOVR 0x4b, 0x0
0000025f dbfd                 XORIA 0x2
00000260 f6fc                 BTRSS 0x3, 0x2
00000261 c591                 LGOTO 0x26e; main.o:_00444_DS_=0x26e
00000262 def5                 MOVIA 0xa
00000263 fbad                 SUBAR 0x52, 0x0
00000264 f6fc                 BTRSS 0x3, 0x2
00000265 c597                 LGOTO 0x268; main.o:_00533_DS_=0x268
00000266 de5b                 MOVIA 0xa4
00000267 fbae                 SUBAR 0x51, 0x0
00000268                      main.o:_00533_DS_:
00000268 f3fc                 BTRSC 0x3, 0x0
00000269 c57d                 LGOTO 0x282; main.o:_00445_DS_=0x282
0000026a defe                 MOVIA 0x1
0000026b e0fc                 BCR 0x3, 0x6
0000026c ff34                 MOVAR 0x4b
0000026d c57d                 LGOTO 0x282; main.o:_00445_DS_=0x282
0000026e                      main.o:_00444_DS_:
0000026e e0fc                 BCR 0x3, 0x6
0000026f feb4                 MOVR 0x4b, 0x0
00000270 dbfc                 XORIA 0x3
00000271 f6fc                 BTRSS 0x3, 0x2
00000272 c580                 LGOTO 0x27f; main.o:_00441_DS_=0x27f
00000273 def6                 MOVIA 0x9
00000274 fbad                 SUBAR 0x52, 0x0
00000275 f6fc                 BTRSS 0x3, 0x2
00000276 c586                 LGOTO 0x279; main.o:_00534_DS_=0x279
00000277 de58                 MOVIA 0xa7
00000278 fbae                 SUBAR 0x51, 0x0
00000279                      main.o:_00534_DS_:
00000279 f7fc                 BTRSS 0x3, 0x0
0000027a c57d                 LGOTO 0x282; main.o:_00445_DS_=0x282
0000027b defe                 MOVIA 0x1
0000027c e0fc                 BCR 0x3, 0x6
0000027d ff34                 MOVAR 0x4b
0000027e c57d                 LGOTO 0x282; main.o:_00445_DS_=0x282
0000027f                      main.o:_00441_DS_:
0000027f defe                 MOVIA 0x1
00000280 e0fc                 BCR 0x3, 0x6
00000281 ff34                 MOVAR 0x4b
00000282                      main.o:_00445_DS_:
00000282 e0fc                 BCR 0x3, 0x6
00000283 fd23                 CLRR 0x5c
00000284 def6                 MOVIA 0x9
00000285 fbad                 SUBAR 0x52, 0x0
00000286 f6fc                 BTRSS 0x3, 0x2
00000287 c575                 LGOTO 0x28a; main.o:_00535_DS_=0x28a
00000288 de3a                 MOVIA 0xc5
00000289 fbae                 SUBAR 0x51, 0x0
0000028a                      main.o:_00535_DS_:
0000028a f7fc                 BTRSS 0x3, 0x0
0000028b c522                 LGOTO 0x2dd; main.o:_00474_DS_=0x2dd
0000028c e0fc                 BCR 0x3, 0x6
0000028d fd25                 CLRR 0x5a
0000028e c522                 LGOTO 0x2dd; main.o:_00474_DS_=0x2dd
0000028f                      main.o:_00469_DS_:
0000028f def3                 MOVIA 0xc
00000290 e0fc                 BCR 0x3, 0x6
00000291 fbad                 SUBAR 0x52, 0x0
00000292 f6fc                 BTRSS 0x3, 0x2
00000293 c569                 LGOTO 0x296; main.o:_00536_DS_=0x296
00000294 de63                 MOVIA 0x9c
00000295 fbae                 SUBAR 0x51, 0x0
00000296                      main.o:_00536_DS_:
00000296 f3fc                 BTRSC 0x3, 0x0
00000297 c541                 LGOTO 0x2be; main.o:_00466_DS_=0x2be
00000298 e0fc                 BCR 0x3, 0x6
00000299 feb4                 MOVR 0x4b, 0x0
0000029a dbfd                 XORIA 0x2
0000029b f6fc                 BTRSS 0x3, 0x2
0000029c c556                 LGOTO 0x2a9; main.o:_00456_DS_=0x2a9
0000029d def3                 MOVIA 0xc
0000029e fbad                 SUBAR 0x52, 0x0
0000029f f6fc                 BTRSS 0x3, 0x2
000002a0 c55c                 LGOTO 0x2a3; main.o:_00537_DS_=0x2a3
000002a1 de75                 MOVIA 0x8a
000002a2 fbae                 SUBAR 0x51, 0x0
000002a3                      main.o:_00537_DS_:
000002a3 f3fc                 BTRSC 0x3, 0x0
000002a4 c522                 LGOTO 0x2dd; main.o:_00474_DS_=0x2dd
000002a5 e0fc                 BCR 0x3, 0x6
000002a6 fd34                 CLRR 0x4b
000002a7 fd25                 CLRR 0x5a
000002a8 c522                 LGOTO 0x2dd; main.o:_00474_DS_=0x2dd
000002a9                      main.o:_00456_DS_:
000002a9 e0fc                 BCR 0x3, 0x6
000002aa feb4                 MOVR 0x4b, 0x0
000002ab dbfe                 XORIA 0x1
000002ac f6fc                 BTRSS 0x3, 0x2
000002ad c546                 LGOTO 0x2b9; main.o:_00453_DS_=0x2b9
000002ae def5                 MOVIA 0xa
000002af fbad                 SUBAR 0x52, 0x0
000002b0 f6fc                 BTRSS 0x3, 0x2
000002b1 c54b                 LGOTO 0x2b4; main.o:_00538_DS_=0x2b4
000002b2 de3b                 MOVIA 0xc4
000002b3 fbae                 SUBAR 0x51, 0x0
000002b4                      main.o:_00538_DS_:
000002b4 f7fc                 BTRSS 0x3, 0x0
000002b5 c544                 LGOTO 0x2bb; main.o:_00454_DS_=0x2bb
000002b6 e0fc                 BCR 0x3, 0x6
000002b7 fd34                 CLRR 0x4b
000002b8 c544                 LGOTO 0x2bb; main.o:_00454_DS_=0x2bb
000002b9                      main.o:_00453_DS_:
000002b9 e0fc                 BCR 0x3, 0x6
000002ba fd34                 CLRR 0x4b
000002bb                      main.o:_00454_DS_:
000002bb e0fc                 BCR 0x3, 0x6
000002bc fd25                 CLRR 0x5a
000002bd c522                 LGOTO 0x2dd; main.o:_00474_DS_=0x2dd
000002be                      main.o:_00466_DS_:
000002be def3                 MOVIA 0xc
000002bf e0fc                 BCR 0x3, 0x6
000002c0 fbad                 SUBAR 0x52, 0x0
000002c1 f6fc                 BTRSS 0x3, 0x2
000002c2 c53a                 LGOTO 0x2c5; main.o:_00539_DS_=0x2c5
000002c3 de62                 MOVIA 0x9d
000002c4 fbae                 SUBAR 0x51, 0x0
000002c5                      main.o:_00539_DS_:
000002c5 f7fc                 BTRSS 0x3, 0x0
000002c6 c522                 LGOTO 0x2dd; main.o:_00474_DS_=0x2dd
000002c7 e0fc                 BCR 0x3, 0x6
000002c8 feb4                 MOVR 0x4b, 0x0
000002c9 f6fc                 BTRSS 0x3, 0x2
000002ca c528                 LGOTO 0x2d7; main.o:_00461_DS_=0x2d7
000002cb def3                 MOVIA 0xc
000002cc fbad                 SUBAR 0x52, 0x0
000002cd f6fc                 BTRSS 0x3, 0x2
000002ce c52e                 LGOTO 0x2d1; main.o:_00540_DS_=0x2d1
000002cf de5d                 MOVIA 0xa2
000002d0 fbae                 SUBAR 0x51, 0x0
000002d1                      main.o:_00540_DS_:
000002d1 f7fc                 BTRSS 0x3, 0x0
000002d2 c525                 LGOTO 0x2da; main.o:_00462_DS_=0x2da
000002d3 defd                 MOVIA 0x2
000002d4 e0fc                 BCR 0x3, 0x6
000002d5 ff34                 MOVAR 0x4b
000002d6 c525                 LGOTO 0x2da; main.o:_00462_DS_=0x2da
000002d7                      main.o:_00461_DS_:
000002d7 defd                 MOVIA 0x2
000002d8 e0fc                 BCR 0x3, 0x6
000002d9 ff34                 MOVAR 0x4b
000002da                      main.o:_00462_DS_:
000002da e0fc                 BCR 0x3, 0x6
000002db fd23                 CLRR 0x5c
000002dc fd25                 CLRR 0x5a
000002dd                      main.o:_00474_DS_:
000002dd ffef                 RET
000002de                      _checkInV:
000002de e0fc                 BCR 0x3, 0x6
000002df fd2f                 CLRR 0x50
000002e0 fd31                 CLRR 0x4e
000002e1 fd30                 CLRR 0x4f
000002e2 def7                 MOVIA 0x8
000002e3 d66d                 LCALL 0x192; _F_AIN1_Convert=0x192
000002e4 e0fc                 BCR 0x3, 0x6
000002e5 eab0                 SWAPR 0x4f, 0x0
000002e6 dd0f                 ANDIA 0xf0
000002e7 ff30                 MOVAR 0x4f
000002e8 eab1                 SWAPR 0x4e, 0x0
000002e9 ff31                 MOVAR 0x4e
000002ea ddf0                 ANDIA 0xf
000002eb ee30                 IORAR 0x4f, 0x1
000002ec ed31                 XORAR 0x4e, 0x1
000002ed de0f                 MOVIA 0xf0
000002ee ef2f                 ANDAR 0x50, 0x1
000002ef feaf                 MOVR 0x50, 0x0
000002f0 ff5d                 MOVAR 0x22
000002f1 deff                 MOVIA 0x0
000002f2 ff5c                 MOVAR 0x23
000002f3 fedd                 MOVR 0x22, 0x0
000002f4 fc31                 ADDAR 0x4e, 0x1
000002f5 fedc                 MOVR 0x23, 0x0
000002f6 f3fc                 BTRSC 0x3, 0x0
000002f7 fadc                 INCR 0x23, 0x0
000002f8 f2fc                 BTRSC 0x3, 0x2
000002f9 c504                 LGOTO 0x2fb; main.o:_00007_DS_=0x2fb
000002fa fc30                 ADDAR 0x4f, 0x1
000002fb                      main.o:_00007_DS_:
000002fb e3fc                 BCR 0x3, 0x0
000002fc e0fc                 BCR 0x3, 0x6
000002fd ec30                 RRR 0x4f, 0x1
000002fe ec31                 RRR 0x4e, 0x1
000002ff e3fc                 BCR 0x3, 0x0
00000300 ec30                 RRR 0x4f, 0x1
00000301 ec31                 RRR 0x4e, 0x1
00000302 e3fc                 BCR 0x3, 0x0
00000303 ec30                 RRR 0x4f, 0x1
00000304 ec31                 RRR 0x4e, 0x1
00000305 fec3                 MOVR 0x3c, 0x0
00000306 f2fc                 BTRSC 0x3, 0x2
00000307 c4f3                 LGOTO 0x30c; main.o:_00388_DS_=0x30c
00000308 deef                 MOVIA 0x10
00000309 ff31                 MOVAR 0x4e
0000030a def4                 MOVIA 0xb
0000030b ff30                 MOVAR 0x4f
0000030c                      main.o:_00388_DS_:
0000030c def4                 MOVIA 0xb
0000030d e0fc                 BCR 0x3, 0x6
0000030e fbb0                 SUBAR 0x4f, 0x0
0000030f f6fc                 BTRSS 0x3, 0x2
00000310 c4ec                 LGOTO 0x313; main.o:_00422_DS_=0x313
00000311 def1                 MOVIA 0xe
00000312 fbb1                 SUBAR 0x4e, 0x0
00000313                      main.o:_00422_DS_:
00000313 f3fc                 BTRSC 0x3, 0x0
00000314 c4d1                 LGOTO 0x32e; main.o:_00400_DS_=0x32e
00000315 e0fc                 BCR 0x3, 0x6
00000316 feb1                 MOVR 0x4e, 0x0
00000317 dbfe                 XORIA 0x1
00000318 f6fc                 BTRSS 0x3, 0x2
00000319 c4d5                 LGOTO 0x32a; main.o:_00392_DS_=0x32a
0000031a feb0                 MOVR 0x4f, 0x0
0000031b dbff                 XORIA 0x0
0000031c f6fc                 BTRSS 0x3, 0x2
0000031d c4d5                 LGOTO 0x32a; main.o:_00392_DS_=0x32a
0000031e def4                 MOVIA 0xb
0000031f fbb0                 SUBAR 0x4f, 0x0
00000320 f6fc                 BTRSS 0x3, 0x2
00000321 c4db                 LGOTO 0x324; main.o:_00423_DS_=0x324
00000322 defb                 MOVIA 0x4
00000323 fbb1                 SUBAR 0x4e, 0x0
00000324                      main.o:_00423_DS_:
00000324 f3fc                 BTRSC 0x3, 0x0
00000325 c4bc                 LGOTO 0x343; main.o:_00402_DS_=0x343
00000326 defd                 MOVIA 0x2
00000327 e0fc                 BCR 0x3, 0x6
00000328 ff36                 MOVAR 0x49
00000329 c4bc                 LGOTO 0x343; main.o:_00402_DS_=0x343
0000032a                      main.o:_00392_DS_:
0000032a defd                 MOVIA 0x2
0000032b e0fc                 BCR 0x3, 0x6
0000032c ff36                 MOVAR 0x49
0000032d c4bc                 LGOTO 0x343; main.o:_00402_DS_=0x343
0000032e                      main.o:_00400_DS_:
0000032e e0fc                 BCR 0x3, 0x6
0000032f fd32                 CLRR 0x4d
00000330 feb6                 MOVR 0x49, 0x0
00000331 dbfd                 XORIA 0x2
00000332 f6fc                 BTRSS 0x3, 0x2
00000333 c4bf                 LGOTO 0x340; main.o:_00397_DS_=0x340
00000334 def4                 MOVIA 0xb
00000335 fbb0                 SUBAR 0x4f, 0x0
00000336 f6fc                 BTRSS 0x3, 0x2
00000337 c4c5                 LGOTO 0x33a; main.o:_00424_DS_=0x33a
00000338 ded7                 MOVIA 0x28
00000339 fbb1                 SUBAR 0x4e, 0x0
0000033a                      main.o:_00424_DS_:
0000033a f7fc                 BTRSS 0x3, 0x0
0000033b c4bc                 LGOTO 0x343; main.o:_00402_DS_=0x343
0000033c defe                 MOVIA 0x1
0000033d e0fc                 BCR 0x3, 0x6
0000033e ff36                 MOVAR 0x49
0000033f c4bc                 LGOTO 0x343; main.o:_00402_DS_=0x343
00000340                      main.o:_00397_DS_:
00000340 defe                 MOVIA 0x1
00000341 e0fc                 BCR 0x3, 0x6
00000342 ff36                 MOVAR 0x49
00000343                      main.o:_00402_DS_:
00000343 ffef                 RET
00000344                      _initAD:
00000344 de74                 MOVIA 0x8b
00000345 ff6f                 MOVAR 0x10
00000346 fd6c                 CLRR 0x13
00000347 deef                 MOVIA 0x10
00000348 ff6e                 MOVAR 0x11
00000349 defc                 MOVIA 0x3
0000034a ff6b                 MOVAR 0x14
0000034b e5ef                 BSR 0x10, 0x4
0000034c de9b                 MOVIA 0x64
0000034d ff3a                 MOVAR 0x45
0000034e deff                 MOVIA 0x0
0000034f d6f0                 LCALL 0x10f; _delay=0x10f
00000350 ffef                 RET
00000351                      _keyCtr:
00000351 e0fc                 BCR 0x3, 0x6
00000352 feb6                 MOVR 0x49, 0x0
00000353 dbfe                 XORIA 0x1
00000354 f6fc                 BTRSS 0x3, 0x2
00000355 c4a3                 LGOTO 0x35c; main.o:_00346_DS_=0x35c
00000356 feb5                 MOVR 0x4a, 0x0
00000357 f6fc                 BTRSS 0x3, 0x2
00000358 c4a3                 LGOTO 0x35c; main.o:_00346_DS_=0x35c
00000359 defe                 MOVIA 0x1
0000035a ff33                 MOVAR 0x4c
0000035b e47a                 BSR 0x5, 0x7
0000035c                      main.o:_00346_DS_:
0000035c e0fc                 BCR 0x3, 0x6
0000035d feb6                 MOVR 0x49, 0x0
0000035e f2fc                 BTRSC 0x3, 0x2
0000035f c497                 LGOTO 0x368; main.o:_00354_DS_=0x368
00000360 feb6                 MOVR 0x49, 0x0
00000361 dbfd                 XORIA 0x2
00000362 f2fc                 BTRSC 0x3, 0x2
00000363 c497                 LGOTO 0x368; main.o:_00354_DS_=0x368
00000364 feb5                 MOVR 0x4a, 0x0
00000365 dbfe                 XORIA 0x1
00000366 f6fc                 BTRSS 0x3, 0x2
00000367 c47a                 LGOTO 0x385; main.o:_00358_DS_=0x385
00000368                      main.o:_00354_DS_:
00000368 f8f9                 COMR 0x6, 0x0
00000369 e0fc                 BCR 0x3, 0x6
0000036a ff5e                 MOVAR 0x21
0000036b defe                 MOVIA 0x1
0000036c ef5e                 ANDAR 0x21, 0x1
0000036d fede                 MOVR 0x21, 0x0
0000036e d718                 LCALL 0xe7; _keyRead=0xe7
0000036f e0fc                 BCR 0x3, 0x6
00000370 ff5e                 MOVAR 0x21
00000371 dbfd                 XORIA 0x2
00000372 f6fc                 BTRSS 0x3, 0x2
00000373 c47a                 LGOTO 0x385; main.o:_00358_DS_=0x385
00000374 feb3                 MOVR 0x4c, 0x0
00000375 f2fc                 BTRSC 0x3, 0x2
00000376 c484                 LGOTO 0x37b; main.o:_00348_DS_=0x37b
00000377 feb5                 MOVR 0x4a, 0x0
00000378 dbfe                 XORIA 0x1
00000379 f6fc                 BTRSS 0x3, 0x2
0000037a c47e                 LGOTO 0x381; main.o:_00349_DS_=0x381
0000037b                      main.o:_00348_DS_:
0000037b e0fc                 BCR 0x3, 0x6
0000037c fd35                 CLRR 0x4a
0000037d defe                 MOVIA 0x1
0000037e ff33                 MOVAR 0x4c
0000037f fd22                 CLRR 0x5d
00000380 c47a                 LGOTO 0x385; main.o:_00358_DS_=0x385
00000381                      main.o:_00349_DS_:
00000381 e0fc                 BCR 0x3, 0x6
00000382 fd33                 CLRR 0x4c
00000383 d71f                 LCALL 0xe0; _closeStatus=0xe0
00000384 d6da                 LCALL 0x125; _gotoSleep=0x125
00000385                      main.o:_00358_DS_:
00000385 ffef                 RET
00000386                      _workCtr:
00000386 d5fb                 LCALL 0x204; _checkBat=0x204
00000387 f57a                 BTRSS 0x5, 0x5
00000388 c45b                 LGOTO 0x3a4; main.o:_00280_DS_=0x3a4
00000389 e0fc                 BCR 0x3, 0x6
0000038a feb4                 MOVR 0x4b, 0x0
0000038b dbfd                 XORIA 0x2
0000038c f2fc                 BTRSC 0x3, 0x2
0000038d c46d                 LGOTO 0x392; main.o:_00261_DS_=0x392
0000038e feb6                 MOVR 0x49, 0x0
0000038f dbfd                 XORIA 0x2
00000390 f6fc                 BTRSS 0x3, 0x2
00000391 c46a                 LGOTO 0x395; main.o:_00262_DS_=0x395
00000392                      main.o:_00261_DS_:
00000392 e679                 BSR 0x6, 0x3
00000393 e2f9                 BCR 0x6, 0x2
00000394 c469                 LGOTO 0x396; main.o:_00263_DS_=0x396
00000395                      main.o:_00262_DS_:
00000395 e279                 BCR 0x6, 0x3
00000396                      main.o:_00263_DS_:
00000396 e0fc                 BCR 0x3, 0x6
00000397 feb4                 MOVR 0x4b, 0x0
00000398 dbfe                 XORIA 0x1
00000399 f6fc                 BTRSS 0x3, 0x2
0000039a c43f                 LGOTO 0x3c0; main.o:_00281_DS_=0x3c0
0000039b feb6                 MOVR 0x49, 0x0
0000039c dbfd                 XORIA 0x2
0000039d f6fc                 BTRSS 0x3, 0x2
0000039e c43f                 LGOTO 0x3c0; main.o:_00281_DS_=0x3c0
0000039f feb5                 MOVR 0x4a, 0x0
000003a0 f6fc                 BTRSS 0x3, 0x2
000003a1 c43f                 LGOTO 0x3c0; main.o:_00281_DS_=0x3c0
000003a2 e379                 BCR 0x6, 0x1
000003a3 c43f                 LGOTO 0x3c0; main.o:_00281_DS_=0x3c0
000003a4                      main.o:_00280_DS_:
000003a4 e679                 BSR 0x6, 0x3
000003a5 e0fc                 BCR 0x3, 0x6
000003a6 feb3                 MOVR 0x4c, 0x0
000003a7 dbfe                 XORIA 0x1
000003a8 f6fc                 BTRSS 0x3, 0x2
000003a9 c44e                 LGOTO 0x3b1; main.o:_00270_DS_=0x3b1
000003aa defc                 MOVIA 0x3
000003ab fbb4                 SUBAR 0x4b, 0x0
000003ac f3fc                 BTRSC 0x3, 0x0
000003ad c44e                 LGOTO 0x3b1; main.o:_00270_DS_=0x3b1
000003ae feb5                 MOVR 0x4a, 0x0
000003af f2fc                 BTRSC 0x3, 0x2
000003b0 e4fa                 BSR 0x5, 0x6
000003b1                      main.o:_00270_DS_:
000003b1 e0fc                 BCR 0x3, 0x6
000003b2 feb4                 MOVR 0x4b, 0x0
000003b3 dbfe                 XORIA 0x1
000003b4 f6fc                 BTRSS 0x3, 0x2
000003b5 c447                 LGOTO 0x3b8; main.o:_00277_DS_=0x3b8
000003b6 e379                 BCR 0x6, 0x1
000003b7 c43f                 LGOTO 0x3c0; main.o:_00281_DS_=0x3c0
000003b8                      main.o:_00277_DS_:
000003b8 e0fc                 BCR 0x3, 0x6
000003b9 feb4                 MOVR 0x4b, 0x0
000003ba f2fc                 BTRSC 0x3, 0x2
000003bb c440                 LGOTO 0x3bf; main.o:_00273_DS_=0x3bf
000003bc feb4                 MOVR 0x4b, 0x0
000003bd dbfd                 XORIA 0x2
000003be f2fc                 BTRSC 0x3, 0x2
000003bf                      main.o:_00273_DS_:
000003bf e779                 BSR 0x6, 0x1
000003c0                      main.o:_00281_DS_:
000003c0 e0fc                 BCR 0x3, 0x6
000003c1 feb4                 MOVR 0x4b, 0x0
000003c2 dbfc                 XORIA 0x3
000003c3 f6fc                 BTRSS 0x3, 0x2
000003c4 c427                 LGOTO 0x3d8; main.o:_00287_DS_=0x3d8
000003c5 feb6                 MOVR 0x49, 0x0
000003c6 dbfe                 XORIA 0x1
000003c7 f2fc                 BTRSC 0x3, 0x2
000003c8 c427                 LGOTO 0x3d8; main.o:_00287_DS_=0x3d8
000003c9 fa24                 INCR 0x5b, 0x1
000003ca def5                 MOVIA 0xa
000003cb fba4                 SUBAR 0x5b, 0x0
000003cc f7fc                 BTRSS 0x3, 0x0
000003cd c427                 LGOTO 0x3d8; main.o:_00287_DS_=0x3d8
000003ce fd24                 CLRR 0x5b
000003cf e3fa                 BCR 0x5, 0x0
000003d0 fea5                 MOVR 0x5a, 0x0
000003d1 f6fc                 BTRSS 0x3, 0x2
000003d2 c42a                 LGOTO 0x3d5; main.o:_00283_DS_=0x3d5
000003d3 def9                 MOVIA 0x6
000003d4 ff27                 MOVAR 0x58
000003d5                      main.o:_00283_DS_:
000003d5 defe                 MOVIA 0x1
000003d6 e0fc                 BCR 0x3, 0x6
000003d7 ff25                 MOVAR 0x5a
000003d8                      main.o:_00287_DS_:
000003d8 e0fc                 BCR 0x3, 0x6
000003d9 feb5                 MOVR 0x4a, 0x0
000003da f2fc                 BTRSC 0x3, 0x2
000003db d644                 LCALL 0x1bb; _checkOutA=0x1bb
000003dc ffef                 RET
000003dd                      _chrgWork:
000003dd e0fc                 BCR 0x3, 0x6
000003de feb5                 MOVR 0x4a, 0x0
000003df dbfe                 XORIA 0x1
000003e0 f6fc                 BTRSS 0x3, 0x2
000003e1 c419                 LGOTO 0x3e6; main.o:_00245_DS_=0x3e6
000003e2 e0fa                 BCR 0x5, 0x6
000003e3 e07a                 BCR 0x5, 0x7
000003e4 e779                 BSR 0x6, 0x1
000003e5 e3fa                 BCR 0x5, 0x0
000003e6                      main.o:_00245_DS_:
000003e6 f57a                 BTRSS 0x5, 0x5
000003e7 c3fc                 LGOTO 0x403; main.o:_00256_DS_=0x403
000003e8 d521                 LCALL 0x2de; _checkInV=0x2de
000003e9 e0fc                 BCR 0x3, 0x6
000003ea fd35                 CLRR 0x4a
000003eb feb6                 MOVR 0x49, 0x0
000003ec dbfd                 XORIA 0x2
000003ed f6fc                 BTRSS 0x3, 0x2
000003ee c3fd                 LGOTO 0x402; main.o:_00252_DS_=0x402
000003ef feb3                 MOVR 0x4c, 0x0
000003f0 dbfe                 XORIA 0x1
000003f1 f6fc                 BTRSS 0x3, 0x2
000003f2 c402                 LGOTO 0x3fd; main.o:_00247_DS_=0x3fd
000003f3 defc                 MOVIA 0x3
000003f4 fbb4                 SUBAR 0x4b, 0x0
000003f5 f3fc                 BTRSC 0x3, 0x0
000003f6 c402                 LGOTO 0x3fd; main.o:_00247_DS_=0x3fd
000003f7 fea2                 MOVR 0x5d, 0x0
000003f8 f6fc                 BTRSS 0x3, 0x2
000003f9 c402                 LGOTO 0x3fd; main.o:_00247_DS_=0x3fd
000003fa e4fa                 BSR 0x5, 0x6
000003fb e7fa                 BSR 0x5, 0x0
000003fc c3fc                 LGOTO 0x403; main.o:_00256_DS_=0x403
000003fd                      main.o:_00247_DS_:
000003fd e0fa                 BCR 0x5, 0x6
000003fe e07a                 BCR 0x5, 0x7
000003ff e779                 BSR 0x6, 0x1
00000400 e3fa                 BCR 0x5, 0x0
00000401 c3fc                 LGOTO 0x403; main.o:_00256_DS_=0x403
00000402                      main.o:_00252_DS_:
00000402 e47a                 BSR 0x5, 0x7
00000403                      main.o:_00256_DS_:
00000403 ffef                 RET
00000404                      ___cinit_load__:
