00000000 c7fe                 LGOTO 0x1; __nyc_ny8_startup=0x1
00000001                      __nyc_ny8_startup:
00000001 d47e                 LCALL 0x381; ___cinit_load__=0x381
00000002 c7a8                 LGOTO 0x57; _main=0x57
00000003                      main.o:_00572_DS_:
00000003 f56f                 BTRSS 0x10, 0x5
00000004 c7fc                 LGOTO 0x3; main.o:_00572_DS_=0x3
00000005 ffef                 RET
00000008 c7f6                 LGOTO 0x9; main.o:__sdcc_interrupt=0x9
00000009                      main.o:__sdcc_interrupt:
00000009 ff3d                 MOVAR 0x42
0000000a eafc                 SWAPR 0x3, 0x0
0000000b fd7c                 CLRR 0x3
0000000c ff3e                 MOVAR 0x41
0000000d fef5                 MOVR 0xa, 0x0
0000000e fd75                 CLRR 0xa
0000000f ff3f                 MOVAR 0x40
00000010 fefb                 MOVR 0x4, 0x0
00000011 e0fc                 BCR 0x3, 0x6
00000012 ff4c                 MOVAR 0x33
00000013 feba                 MOVR 0x45, 0x0
00000014 ff4b                 MOVAR 0x34
00000015 febb                 MOVR 0x44, 0x0
00000016 ff4a                 MOVAR 0x35
00000017 f7f0                 BTRSS 0xf, 0x0
00000018 c7bc                 LGOTO 0x43; main.o:_00119_DS_=0x43
00000019 dec8                 MOVIA 0x37
0000001a fc7e                 ADDAR 0x1, 0x1
0000001b fa48                 INCR 0x37, 0x1
0000001c de9b                 MOVIA 0x64
0000001d fbc8                 SUBAR 0x37, 0x0
0000001e f7fc                 BTRSS 0x3, 0x0
0000001f c7bc                 LGOTO 0x43; main.o:_00119_DS_=0x43
00000020 e7c9                 BSR 0x36, 0x0
00000021 fd48                 CLRR 0x37
00000022 fec5                 MOVR 0x3a, 0x0
00000023 f2fc                 BTRSC 0x3, 0x2
00000024 c7d7                 LGOTO 0x28; main.o:_00106_DS_=0x28
00000025 fa43                 INCR 0x3c, 0x1
00000026 f2fc                 BTRSC 0x3, 0x2
00000027 fa42                 INCR 0x3d, 0x1
00000028                      main.o:_00106_DS_:
00000028 e0fc                 BCR 0x3, 0x6
00000029 fa47                 INCR 0x38, 0x1
0000002a ded7                 MOVIA 0x28
0000002b fbc7                 SUBAR 0x38, 0x0
0000002c f3fc                 BTRSC 0x3, 0x0
0000002d fd47                 CLRR 0x38
0000002e fa33                 INCR 0x4c, 0x1
0000002f deeb                 MOVIA 0x14
00000030 fbb3                 SUBAR 0x4c, 0x0
00000031 f3fc                 BTRSC 0x3, 0x0
00000032 fd33                 CLRR 0x4c
00000033 fa32                 INCR 0x4d, 0x1
00000034 de9b                 MOVIA 0x64
00000035 fbb2                 SUBAR 0x4d, 0x0
00000036 f7fc                 BTRSS 0x3, 0x0
00000037 c7bc                 LGOTO 0x43; main.o:_00119_DS_=0x43
00000038 fd32                 CLRR 0x4d
00000039 fec5                 MOVR 0x3a, 0x0
0000003a f2fc                 BTRSC 0x3, 0x2
0000003b c7bf                 LGOTO 0x40; main.o:_00112_DS_=0x40
0000003c fa31                 INCR 0x4e, 0x1
0000003d                      ___cinit_size__:
0000003d f2fc                 BTRSC 0x3, 0x2
0000003e fa30                 INCR 0x4f, 0x1
0000003f c7bc                 LGOTO 0x43; main.o:_00119_DS_=0x43
00000040                      main.o:_00112_DS_:
00000040 e0fc                 BCR 0x3, 0x6
00000041 fd31                 CLRR 0x4e
00000042 fd30                 CLRR 0x4f
00000043                      main.o:_00119_DS_:
00000043 f770                 BTRSS 0xf, 0x1
00000044 c7b8                 LGOTO 0x47; main.o:_00121_DS_=0x47
00000045 de02                 MOVIA 0xfd
00000046 ff70                 MOVAR 0xf
00000047                      main.o:_00121_DS_:
00000047 fd70                 CLRR 0xf
00000048 e0fc                 BCR 0x3, 0x6
00000049 feca                 MOVR 0x35, 0x0
0000004a ff3b                 MOVAR 0x44
0000004b fecb                 MOVR 0x34, 0x0
0000004c ff3a                 MOVAR 0x45
0000004d fecc                 MOVR 0x33, 0x0
0000004e ff7b                 MOVAR 0x4
0000004f febf                 MOVR 0x40, 0x0
00000050 ff75                 MOVAR 0xa
00000051 fd7c                 CLRR 0x3
00000052 eabe                 SWAPR 0x41, 0x0
00000053 ff7c                 MOVAR 0x3
00000054 ea3d                 SWAPR 0x42, 0x1
00000055 eabd                 SWAPR 0x42, 0x0
00000056                      main.o:END_OF_INTERRUPT:
00000056 ffee                 RETIE
00000057                      _main:
00000057 d509                 LCALL 0x2f6; _initSys=0x2f6
00000058 d60b                 LCALL 0x1f4; _initAD=0x1f4
00000059                      main.o:_00144_DS_:
00000059 d538                 LCALL 0x2c7; _ledShow=0x2c7
0000005a fffd                 CLRWDT
0000005b e0fc                 BCR 0x3, 0x6
0000005c f7c9                 BTRSS 0x36, 0x0
0000005d c7a6                 LGOTO 0x59; main.o:_00144_DS_=0x59
0000005e e3c9                 BCR 0x36, 0x0
0000005f d538                 LCALL 0x2c7; _ledShow=0x2c7
00000060 e0fc                 BCR 0x3, 0x6
00000061 f649                 BTRSS 0x36, 0x3
00000062 d4e2                 LCALL 0x31d; _keyCtr=0x31d
00000063 defa                 MOVIA 0x5
00000064 e0fc                 BCR 0x3, 0x6
00000065 fbb3                 SUBAR 0x4c, 0x0
00000066 f7fc                 BTRSS 0x3, 0x0
00000067 d742                 LCALL 0xbd; _checkBatAD=0xbd
00000068 e0fc                 BCR 0x3, 0x6
00000069 fec5                 MOVR 0x3a, 0x0
0000006a f2fc                 BTRSC 0x3, 0x2
0000006b c78b                 LGOTO 0x74; main.o:_00133_DS_=0x74
0000006c feac                 MOVR 0x53, 0x0
0000006d fbb9                 SUBAR 0x46, 0x0
0000006e f3fc                 BTRSC 0x3, 0x0
0000006f c78b                 LGOTO 0x74; main.o:_00133_DS_=0x74
00000070 de09                 MOVIA 0xf6
00000071 fc2c                 ADDAR 0x53, 0x1
00000072 feac                 MOVR 0x53, 0x0
00000073 ffb3                 SFUN 0xc
00000074                      main.o:_00133_DS_:
00000074 d5f4                 LCALL 0x20b; _chrgCtr=0x20b
00000075 e0fc                 BCR 0x3, 0x6
00000076 fec5                 MOVR 0x3a, 0x0
00000077 f6fc                 BTRSS 0x3, 0x2
00000078 c775                 LGOTO 0x8a; main.o:_00138_DS_=0x8a
00000079 fec6                 MOVR 0x39, 0x0
0000007a f6fc                 BTRSS 0x3, 0x2
0000007b c775                 LGOTO 0x8a; main.o:_00138_DS_=0x8a
0000007c f17a                 BTRSC 0x5, 0x5
0000007d c775                 LGOTO 0x8a; main.o:_00138_DS_=0x8a
0000007e fa35                 INCR 0x4a, 0x1
0000007f f2fc                 BTRSC 0x3, 0x2
00000080 fa34                 INCR 0x4b, 0x1
00000081 defe                 MOVIA 0x1
00000082 fbb4                 SUBAR 0x4b, 0x0
00000083 f6fc                 BTRSS 0x3, 0x2
00000084 c778                 LGOTO 0x87; main.o:_00183_DS_=0x87
00000085 de6e                 MOVIA 0x91
00000086 fbb5                 SUBAR 0x4a, 0x0
00000087                      main.o:_00183_DS_:
00000087 f7fc                 BTRSS 0x3, 0x0
00000088 c775                 LGOTO 0x8a; main.o:_00138_DS_=0x8a
00000089 d5aa                 LCALL 0x255; _gotoSleep=0x255
0000008a                      main.o:_00138_DS_:
0000008a defc                 MOVIA 0x3
0000008b e0fc                 BCR 0x3, 0x6
0000008c fbb0                 SUBAR 0x4f, 0x0
0000008d f6fc                 BTRSS 0x3, 0x2
0000008e c76e                 LGOTO 0x91; main.o:_00184_DS_=0x91
0000008f de7b                 MOVIA 0x84
00000090 fbb1                 SUBAR 0x4e, 0x0
00000091                      main.o:_00184_DS_:
00000091 f7fc                 BTRSS 0x3, 0x0
00000092 c7a6                 LGOTO 0x59; main.o:_00144_DS_=0x59
00000093 d4eb                 LCALL 0x314; _powerOff=0x314
00000094 c7a6                 LGOTO 0x59; main.o:_00144_DS_=0x59
00000095 ffef                 RET
00000096                      _F_AIN4_Convert:
00000096 e0fc                 BCR 0x3, 0x6
00000097 ff50                 MOVAR 0x2f
00000098 fd5d                 CLRR 0x22
00000099 fd5f                 CLRR 0x20
0000009a fd5e                 CLRR 0x21
0000009b de6b                 MOVIA 0x94
0000009c ff6f                 MOVAR 0x10
0000009d de37                 MOVIA 0xc8
0000009e d600                 LCALL 0x1ff; _delay=0x1ff
0000009f defe                 MOVIA 0x1
000000a0 e0fc                 BCR 0x3, 0x6
000000a1 ff4f                 MOVAR 0x30
000000a2                      main.o:_00556_DS_:
000000a2 e0fc                 BCR 0x3, 0x6
000000a3 fecf                 MOVR 0x30, 0x0
000000a4 fbd0                 SUBAR 0x2f, 0x0
000000a5 f7fc                 BTRSS 0x3, 0x0
000000a6 c743                 LGOTO 0xbc; main.o:_00558_DS_=0xbc
000000a7 e4ef                 BSR 0x10, 0x6
000000a8 d7fc                 LCALL 0x3; main.o:_00572_DS_=0x3
000000a9 def0                 MOVIA 0xf
000000aa efee                 ANDAR 0x11, 0x0
000000ab e0fc                 BCR 0x3, 0x6
000000ac fc5d                 ADDAR 0x22, 0x1
000000ad feed                 MOVR 0x12, 0x0
000000ae ff4e                 MOVAR 0x31
000000af deff                 MOVIA 0x0
000000b0 ff4d                 MOVAR 0x32
000000b1 fece                 MOVR 0x31, 0x0
000000b2 fc5f                 ADDAR 0x20, 0x1
000000b3 fecd                 MOVR 0x32, 0x0
000000b4 f3fc                 BTRSC 0x3, 0x0
000000b5 facd                 INCR 0x32, 0x0
000000b6 f2fc                 BTRSC 0x3, 0x2
000000b7 c746                 LGOTO 0xb9; main.o:_00002_DS_=0xb9
000000b8 fc5e                 ADDAR 0x21, 0x1
000000b9                      main.o:_00002_DS_:
000000b9 e0fc                 BCR 0x3, 0x6
000000ba fa4f                 INCR 0x30, 0x1
000000bb c75d                 LGOTO 0xa2; main.o:_00556_DS_=0xa2
000000bc                      main.o:_00558_DS_:
000000bc ffef                 RET
000000bd                      _checkBatAD:
000000bd e0fc                 BCR 0x3, 0x6
000000be fd5d                 CLRR 0x22
000000bf fd5f                 CLRR 0x20
000000c0 fd5e                 CLRR 0x21
000000c1 def7                 MOVIA 0x8
000000c2 d769                 LCALL 0x96; _F_AIN4_Convert=0x96
000000c3 e0fc                 BCR 0x3, 0x6
000000c4 eade                 SWAPR 0x21, 0x0
000000c5 dd0f                 ANDIA 0xf0
000000c6 ff5e                 MOVAR 0x21
000000c7 eadf                 SWAPR 0x20, 0x0
000000c8 ff5f                 MOVAR 0x20
000000c9 ddf0                 ANDIA 0xf
000000ca ee5e                 IORAR 0x21, 0x1
000000cb ed5f                 XORAR 0x20, 0x1
000000cc de0f                 MOVIA 0xf0
000000cd ef5d                 ANDAR 0x22, 0x1
000000ce fedd                 MOVR 0x22, 0x0
000000cf ff52                 MOVAR 0x2d
000000d0 deff                 MOVIA 0x0
000000d1 ff51                 MOVAR 0x2e
000000d2 fed2                 MOVR 0x2d, 0x0
000000d3 fc5f                 ADDAR 0x20, 0x1
000000d4 fed1                 MOVR 0x2e, 0x0
000000d5 f3fc                 BTRSC 0x3, 0x0
000000d6 fad1                 INCR 0x2e, 0x0
000000d7 f2fc                 BTRSC 0x3, 0x2
000000d8 c725                 LGOTO 0xda; main.o:_00004_DS_=0xda
000000d9 fc5e                 ADDAR 0x21, 0x1
000000da                      main.o:_00004_DS_:
000000da e3fc                 BCR 0x3, 0x0
000000db e0fc                 BCR 0x3, 0x6
000000dc ec5e                 RRR 0x21, 0x1
000000dd ec5f                 RRR 0x20, 0x1
000000de e3fc                 BCR 0x3, 0x0
000000df ec5e                 RRR 0x21, 0x1
000000e0 ec5f                 RRR 0x20, 0x1
000000e1 e3fc                 BCR 0x3, 0x0
000000e2 ec5e                 RRR 0x21, 0x1
000000e3 ec5f                 RRR 0x20, 0x1
000000e4 def9                 MOVIA 0x6
000000e5 fbde                 SUBAR 0x21, 0x0
000000e6 f6fc                 BTRSS 0x3, 0x2
000000e7 c715                 LGOTO 0xea; main.o:_00496_DS_=0xea
000000e8 def0                 MOVIA 0xf
000000e9 fbdf                 SUBAR 0x20, 0x0
000000ea                      main.o:_00496_DS_:
000000ea f7fc                 BTRSS 0x3, 0x0
000000eb c710                 LGOTO 0xef; main.o:_00359_DS_=0xef
000000ec e0fc                 BCR 0x3, 0x6
000000ed fd2a                 CLRR 0x55
000000ee c6e5                 LGOTO 0x11a; main.o:_00360_DS_=0x11a
000000ef                      main.o:_00359_DS_:
000000ef defb                 MOVIA 0x4
000000f0 e0fc                 BCR 0x3, 0x6
000000f1 fbde                 SUBAR 0x21, 0x0
000000f2 f6fc                 BTRSS 0x3, 0x2
000000f3 c709                 LGOTO 0xf6; main.o:_00497_DS_=0xf6
000000f4 de86                 MOVIA 0x79
000000f5 fbdf                 SUBAR 0x20, 0x0
000000f6                      main.o:_00497_DS_:
000000f6 f3fc                 BTRSC 0x3, 0x0
000000f7 c6e8                 LGOTO 0x117; main.o:_00356_DS_=0x117
000000f8 e0fc                 BCR 0x3, 0x6
000000f9 fa2a                 INCR 0x55, 0x1
000000fa def5                 MOVIA 0xa
000000fb fbaa                 SUBAR 0x55, 0x0
000000fc f7fc                 BTRSS 0x3, 0x0
000000fd c60c                 LGOTO 0x1f3; main.o:_00410_DS_=0x1f3
000000fe def5                 MOVIA 0xa
000000ff ff2a                 MOVAR 0x55
00000100 fd38                 CLRR 0x47
00000101 de86                 MOVIA 0x79
00000102 ff5f                 MOVAR 0x20
00000103 defb                 MOVIA 0x4
00000104 ff5e                 MOVAR 0x21
00000105 fec5                 MOVR 0x3a, 0x0
00000106 f2fc                 BTRSC 0x3, 0x2
00000107 c6f0                 LGOTO 0x10f; main.o:_00351_DS_=0x10f
00000108 fa2b                 INCR 0x54, 0x1
00000109 feab                 MOVR 0x54, 0x0
0000010a dbf5                 XORIA 0xa
0000010b f6fc                 BTRSS 0x3, 0x2
0000010c c6f0                 LGOTO 0x10f; main.o:_00351_DS_=0x10f
0000010d deef                 MOVIA 0x10
0000010e ff29                 MOVAR 0x56
0000010f                      main.o:_00351_DS_:
0000010f def3                 MOVIA 0xc
00000110 e0fc                 BCR 0x3, 0x6
00000111 fbab                 SUBAR 0x54, 0x0
00000112 f7fc                 BTRSS 0x3, 0x0
00000113 c6e5                 LGOTO 0x11a; main.o:_00360_DS_=0x11a
00000114 def4                 MOVIA 0xb
00000115 ff2b                 MOVAR 0x54
00000116 c6e5                 LGOTO 0x11a; main.o:_00360_DS_=0x11a
00000117                      main.o:_00356_DS_:
00000117 e0fc                 BCR 0x3, 0x6
00000118 fd2a                 CLRR 0x55
00000119 fd2b                 CLRR 0x54
0000011a                      main.o:_00360_DS_:
0000011a de78                 MOVIA 0x87
0000011b e0fc                 BCR 0x3, 0x6
0000011c fc5f                 ADDAR 0x20, 0x1
0000011d de04                 MOVIA 0xfb
0000011e f3fc                 BTRSC 0x3, 0x0
0000011f de03                 MOVIA 0xfc
00000120 fc5e                 ADDAR 0x21, 0x1
00000121 defe                 MOVIA 0x1
00000122 fbde                 SUBAR 0x21, 0x0
00000123 f6fc                 BTRSS 0x3, 0x2
00000124 c6d8                 LGOTO 0x127; main.o:_00500_DS_=0x127
00000125 de59                 MOVIA 0xa6
00000126 fbdf                 SUBAR 0x20, 0x0
00000127                      main.o:_00500_DS_:
00000127 f7fc                 BTRSS 0x3, 0x0
00000128 c6d2                 LGOTO 0x12d; main.o:_00408_DS_=0x12d
00000129 defa                 MOVIA 0x5
0000012a e0fc                 BCR 0x3, 0x6
0000012b ff38                 MOVAR 0x47
0000012c c60c                 LGOTO 0x1f3; main.o:_00410_DS_=0x1f3
0000012d                      main.o:_00408_DS_:
0000012d defe                 MOVIA 0x1
0000012e e0fc                 BCR 0x3, 0x6
0000012f fbde                 SUBAR 0x21, 0x0
00000130 f6fc                 BTRSS 0x3, 0x2
00000131 c6cb                 LGOTO 0x134; main.o:_00501_DS_=0x134
00000132 dea0                 MOVIA 0x5f
00000133 fbdf                 SUBAR 0x20, 0x0
00000134                      main.o:_00501_DS_:
00000134 f7fc                 BTRSS 0x3, 0x0
00000135 c689                 LGOTO 0x176; main.o:_00405_DS_=0x176
00000136 e0fc                 BCR 0x3, 0x6
00000137 fd28                 CLRR 0x57
00000138 defb                 MOVIA 0x4
00000139 fbb8                 SUBAR 0x47, 0x0
0000013a f3fc                 BTRSC 0x3, 0x0
0000013b c6b7                 LGOTO 0x148; main.o:_00367_DS_=0x148
0000013c defe                 MOVIA 0x1
0000013d fbde                 SUBAR 0x21, 0x0
0000013e f6fc                 BTRSS 0x3, 0x2
0000013f c6bd                 LGOTO 0x142; main.o:_00503_DS_=0x142
00000140 de9b                 MOVIA 0x64
00000141 fbdf                 SUBAR 0x20, 0x0
00000142                      main.o:_00503_DS_:
00000142 f7fc                 BTRSS 0x3, 0x0
00000143 c6a7                 LGOTO 0x158; main.o:_00368_DS_=0x158
00000144 defb                 MOVIA 0x4
00000145 e0fc                 BCR 0x3, 0x6
00000146 ff38                 MOVAR 0x47
00000147 c6a7                 LGOTO 0x158; main.o:_00368_DS_=0x158
00000148                      main.o:_00367_DS_:
00000148 e0fc                 BCR 0x3, 0x6
00000149 feb7                 MOVR 0x48, 0x0
0000014a eeb6                 IORAR 0x49, 0x0
0000014b f6fc                 BTRSS 0x3, 0x2
0000014c c6a7                 LGOTO 0x158; main.o:_00368_DS_=0x158
0000014d defe                 MOVIA 0x1
0000014e fbde                 SUBAR 0x21, 0x0
0000014f f6fc                 BTRSS 0x3, 0x2
00000150 c6ac                 LGOTO 0x153; main.o:_00504_DS_=0x153
00000151 de73                 MOVIA 0x8c
00000152 fbdf                 SUBAR 0x20, 0x0
00000153                      main.o:_00504_DS_:
00000153 f3fc                 BTRSC 0x3, 0x0
00000154 c6a7                 LGOTO 0x158; main.o:_00368_DS_=0x158
00000155 defb                 MOVIA 0x4
00000156 e0fc                 BCR 0x3, 0x6
00000157 ff38                 MOVAR 0x47
00000158                      main.o:_00368_DS_:
00000158 e0fc                 BCR 0x3, 0x6
00000159 feb7                 MOVR 0x48, 0x0
0000015a eeb6                 IORAR 0x49, 0x0
0000015b f2fc                 BTRSC 0x3, 0x2
0000015c c60c                 LGOTO 0x1f3; main.o:_00410_DS_=0x1f3
0000015d defe                 MOVIA 0x1
0000015e fbde                 SUBAR 0x21, 0x0
0000015f f6fc                 BTRSS 0x3, 0x2
00000160 c69c                 LGOTO 0x163; main.o:_00505_DS_=0x163
00000161 de73                 MOVIA 0x8c
00000162 fbdf                 SUBAR 0x20, 0x0
00000163                      main.o:_00505_DS_:
00000163 f7fc                 BTRSS 0x3, 0x0
00000164 c60c                 LGOTO 0x1f3; main.o:_00410_DS_=0x1f3
00000165 defd                 MOVIA 0x2
00000166 e0fc                 BCR 0x3, 0x6
00000167 fbb6                 SUBAR 0x49, 0x0
00000168 f6fc                 BTRSS 0x3, 0x2
00000169 c693                 LGOTO 0x16c; main.o:_00506_DS_=0x16c
0000016a dea6                 MOVIA 0x59
0000016b fbb7                 SUBAR 0x48, 0x0
0000016c                      main.o:_00506_DS_:
0000016c f7fc                 BTRSS 0x3, 0x0
0000016d c60c                 LGOTO 0x1f3; main.o:_00410_DS_=0x1f3
0000016e dea7                 MOVIA 0x58
0000016f e0fc                 BCR 0x3, 0x6
00000170 ff37                 MOVAR 0x48
00000171 defd                 MOVIA 0x2
00000172 ff36                 MOVAR 0x49
00000173 defa                 MOVIA 0x5
00000174 ff38                 MOVAR 0x47
00000175 c60c                 LGOTO 0x1f3; main.o:_00410_DS_=0x1f3
00000176                      main.o:_00405_DS_:
00000176 deff                 MOVIA 0x0
00000177 e0fc                 BCR 0x3, 0x6
00000178 fbde                 SUBAR 0x21, 0x0
00000179 f6fc                 BTRSS 0x3, 0x2
0000017a c682                 LGOTO 0x17d; main.o:_00507_DS_=0x17d
0000017b de36                 MOVIA 0xc9
0000017c fbdf                 SUBAR 0x20, 0x0
0000017d                      main.o:_00507_DS_:
0000017d f7fc                 BTRSS 0x3, 0x0
0000017e c658                 LGOTO 0x1a7; main.o:_00402_DS_=0x1a7
0000017f e0fc                 BCR 0x3, 0x6
00000180 feb8                 MOVR 0x47, 0x0
00000181 dbfd                 XORIA 0x2
00000182 f6fc                 BTRSS 0x3, 0x2
00000183 c670                 LGOTO 0x18f; main.o:_00376_DS_=0x18f
00000184 deff                 MOVIA 0x0
00000185 fbde                 SUBAR 0x21, 0x0
00000186 f6fc                 BTRSS 0x3, 0x2
00000187 c675                 LGOTO 0x18a; main.o:_00508_DS_=0x18a
00000188 de2c                 MOVIA 0xd3
00000189 fbdf                 SUBAR 0x20, 0x0
0000018a                      main.o:_00508_DS_:
0000018a f7fc                 BTRSS 0x3, 0x0
0000018b c670                 LGOTO 0x18f; main.o:_00376_DS_=0x18f
0000018c defc                 MOVIA 0x3
0000018d e0fc                 BCR 0x3, 0x6
0000018e ff38                 MOVAR 0x47
0000018f                      main.o:_00376_DS_:
0000018f defb                 MOVIA 0x4
00000190 e0fc                 BCR 0x3, 0x6
00000191 fbb8                 SUBAR 0x47, 0x0
00000192 f7fc                 BTRSS 0x3, 0x0
00000193 c65f                 LGOTO 0x1a0; main.o:_00380_DS_=0x1a0
00000194 defe                 MOVIA 0x1
00000195 fbde                 SUBAR 0x21, 0x0
00000196 f6fc                 BTRSS 0x3, 0x2
00000197 c665                 LGOTO 0x19a; main.o:_00510_DS_=0x19a
00000198 defb                 MOVIA 0x4
00000199 fbdf                 SUBAR 0x20, 0x0
0000019a                      main.o:_00510_DS_:
0000019a f3fc                 BTRSC 0x3, 0x0
0000019b c65c                 LGOTO 0x1a3; main.o:_00381_DS_=0x1a3
0000019c defc                 MOVIA 0x3
0000019d e0fc                 BCR 0x3, 0x6
0000019e ff38                 MOVAR 0x47
0000019f c65c                 LGOTO 0x1a3; main.o:_00381_DS_=0x1a3
000001a0                      main.o:_00380_DS_:
000001a0 defc                 MOVIA 0x3
000001a1 e0fc                 BCR 0x3, 0x6
000001a2 ff38                 MOVAR 0x47
000001a3                      main.o:_00381_DS_:
000001a3 e0fc                 BCR 0x3, 0x6
000001a4 fd37                 CLRR 0x48
000001a5 fd36                 CLRR 0x49
000001a6 c60c                 LGOTO 0x1f3; main.o:_00410_DS_=0x1f3
000001a7                      main.o:_00402_DS_:
000001a7 deff                 MOVIA 0x0
000001a8 e0fc                 BCR 0x3, 0x6
000001a9 fbde                 SUBAR 0x21, 0x0
000001aa f6fc                 BTRSS 0x3, 0x2
000001ab c651                 LGOTO 0x1ae; main.o:_00511_DS_=0x1ae
000001ac de9a                 MOVIA 0x65
000001ad fbdf                 SUBAR 0x20, 0x0
000001ae                      main.o:_00511_DS_:
000001ae f7fc                 BTRSS 0x3, 0x0
000001af c627                 LGOTO 0x1d8; main.o:_00399_DS_=0x1d8
000001b0 e0fc                 BCR 0x3, 0x6
000001b1 feb8                 MOVR 0x47, 0x0
000001b2 dbfe                 XORIA 0x1
000001b3 f6fc                 BTRSS 0x3, 0x2
000001b4 c63f                 LGOTO 0x1c0; main.o:_00385_DS_=0x1c0
000001b5 deff                 MOVIA 0x0
000001b6 fbde                 SUBAR 0x21, 0x0
000001b7 f6fc                 BTRSS 0x3, 0x2
000001b8 c644                 LGOTO 0x1bb; main.o:_00512_DS_=0x1bb
000001b9 de90                 MOVIA 0x6f
000001ba fbdf                 SUBAR 0x20, 0x0
000001bb                      main.o:_00512_DS_:
000001bb f7fc                 BTRSS 0x3, 0x0
000001bc c63f                 LGOTO 0x1c0; main.o:_00385_DS_=0x1c0
000001bd defd                 MOVIA 0x2
000001be e0fc                 BCR 0x3, 0x6
000001bf ff38                 MOVAR 0x47
000001c0                      main.o:_00385_DS_:
000001c0 defc                 MOVIA 0x3
000001c1 e0fc                 BCR 0x3, 0x6
000001c2 fbb8                 SUBAR 0x47, 0x0
000001c3 f7fc                 BTRSS 0x3, 0x0
000001c4 c62e                 LGOTO 0x1d1; main.o:_00389_DS_=0x1d1
000001c5 deff                 MOVIA 0x0
000001c6 fbde                 SUBAR 0x21, 0x0
000001c7 f6fc                 BTRSS 0x3, 0x2
000001c8 c634                 LGOTO 0x1cb; main.o:_00514_DS_=0x1cb
000001c9 de41                 MOVIA 0xbe
000001ca fbdf                 SUBAR 0x20, 0x0
000001cb                      main.o:_00514_DS_:
000001cb f3fc                 BTRSC 0x3, 0x0
000001cc c62b                 LGOTO 0x1d4; main.o:_00390_DS_=0x1d4
000001cd defd                 MOVIA 0x2
000001ce e0fc                 BCR 0x3, 0x6
000001cf ff38                 MOVAR 0x47
000001d0 c62b                 LGOTO 0x1d4; main.o:_00390_DS_=0x1d4
000001d1                      main.o:_00389_DS_:
000001d1 defd                 MOVIA 0x2
000001d2 e0fc                 BCR 0x3, 0x6
000001d3 ff38                 MOVAR 0x47
000001d4                      main.o:_00390_DS_:
000001d4 e0fc                 BCR 0x3, 0x6
000001d5 fd37                 CLRR 0x48
000001d6 fd36                 CLRR 0x49
000001d7 c60c                 LGOTO 0x1f3; main.o:_00410_DS_=0x1f3
000001d8                      main.o:_00399_DS_:
000001d8 e0fc                 BCR 0x3, 0x6
000001d9 fedf                 MOVR 0x20, 0x0
000001da eede                 IORAR 0x21, 0x0
000001db f2fc                 BTRSC 0x3, 0x2
000001dc c60c                 LGOTO 0x1f3; main.o:_00410_DS_=0x1f3
000001dd defd                 MOVIA 0x2
000001de fbb8                 SUBAR 0x47, 0x0
000001df f7fc                 BTRSS 0x3, 0x0
000001e0 c612                 LGOTO 0x1ed; main.o:_00394_DS_=0x1ed
000001e1 deff                 MOVIA 0x0
000001e2 fbde                 SUBAR 0x21, 0x0
000001e3 f6fc                 BTRSS 0x3, 0x2
000001e4 c618                 LGOTO 0x1e7; main.o:_00516_DS_=0x1e7
000001e5 dea5                 MOVIA 0x5a
000001e6 fbdf                 SUBAR 0x20, 0x0
000001e7                      main.o:_00516_DS_:
000001e7 f3fc                 BTRSC 0x3, 0x0
000001e8 c60f                 LGOTO 0x1f0; main.o:_00395_DS_=0x1f0
000001e9 defe                 MOVIA 0x1
000001ea e0fc                 BCR 0x3, 0x6
000001eb ff38                 MOVAR 0x47
000001ec c60f                 LGOTO 0x1f0; main.o:_00395_DS_=0x1f0
000001ed                      main.o:_00394_DS_:
000001ed defe                 MOVIA 0x1
000001ee e0fc                 BCR 0x3, 0x6
000001ef ff38                 MOVAR 0x47
000001f0                      main.o:_00395_DS_:
000001f0 e0fc                 BCR 0x3, 0x6
000001f1 fd37                 CLRR 0x48
000001f2 fd36                 CLRR 0x49
000001f3                      main.o:_00410_DS_:
000001f3 ffef                 RET
000001f4                      _initAD:
000001f4 de7b                 MOVIA 0x84
000001f5 ff6f                 MOVAR 0x10
000001f6 fd6c                 CLRR 0x13
000001f7 deef                 MOVIA 0x10
000001f8 ff6e                 MOVAR 0x11
000001f9 defc                 MOVIA 0x3
000001fa ff6b                 MOVAR 0x14
000001fb e5ef                 BSR 0x10, 0x4
000001fc de9b                 MOVIA 0x64
000001fd d600                 LCALL 0x1ff; _delay=0x1ff
000001fe ffef                 RET
000001ff                      _delay:
000001ff e0fc                 BCR 0x3, 0x6
00000200 ff54                 MOVAR 0x2b
00000201 fd53                 CLRR 0x2c
00000202                      main.o:_00337_DS_:
00000202 e0fc                 BCR 0x3, 0x6
00000203 fed4                 MOVR 0x2b, 0x0
00000204 fbd3                 SUBAR 0x2c, 0x0
00000205 f3fc                 BTRSC 0x3, 0x0
00000206 c5f5                 LGOTO 0x20a; main.o:_00339_DS_=0x20a
00000207 ffff                 NOP
00000208 fa53                 INCR 0x2c, 0x1
00000209 c5fd                 LGOTO 0x202; main.o:_00337_DS_=0x202
0000020a                      main.o:_00339_DS_:
0000020a ffef                 RET
0000020b                      _chrgCtr:
0000020b e0fc                 BCR 0x3, 0x6
0000020c f57a                 BTRSS 0x5, 0x5
0000020d c5da                 LGOTO 0x225; main.o:_00328_DS_=0x225
0000020e e649                 BSR 0x36, 0x3
0000020f fd45                 CLRR 0x3a
00000210 d584                 LCALL 0x27b; _pwmStop=0x27b
00000211 e0fc                 BCR 0x3, 0x6
00000212 feb8                 MOVR 0x47, 0x0
00000213 dbfa                 XORIA 0x5
00000214 f6fc                 BTRSS 0x3, 0x2
00000215 c5e6                 LGOTO 0x219; main.o:_00323_DS_=0x219
00000216 defb                 MOVIA 0x4
00000217 ff44                 MOVAR 0x3b
00000218 c5d1                 LGOTO 0x22e; main.o:_00330_DS_=0x22e
00000219                      main.o:_00323_DS_:
00000219 e0fc                 BCR 0x3, 0x6
0000021a fec7                 MOVR 0x38, 0x0
0000021b f6fc                 BTRSS 0x3, 0x2
0000021c c5d1                 LGOTO 0x22e; main.o:_00330_DS_=0x22e
0000021d fa44                 INCR 0x3b, 0x1
0000021e defa                 MOVIA 0x5
0000021f fbc4                 SUBAR 0x3b, 0x0
00000220 f7fc                 BTRSS 0x3, 0x0
00000221 c5d1                 LGOTO 0x22e; main.o:_00330_DS_=0x22e
00000222 f9b8                 DECR 0x47, 0x0
00000223 ff44                 MOVAR 0x3b
00000224 c5d1                 LGOTO 0x22e; main.o:_00330_DS_=0x22e
00000225                      main.o:_00328_DS_:
00000225 e0fc                 BCR 0x3, 0x6
00000226 fec5                 MOVR 0x3a, 0x0
00000227 f6fc                 BTRSS 0x3, 0x2
00000228 c5d5                 LGOTO 0x22a; main.o:_00005_DS_=0x22a
00000229 fd44                 CLRR 0x3b
0000022a                      main.o:_00005_DS_:
0000022a e0fc                 BCR 0x3, 0x6
0000022b e249                 BCR 0x36, 0x3
0000022c fd37                 CLRR 0x48
0000022d fd36                 CLRR 0x49
0000022e                      main.o:_00330_DS_:
0000022e ffef                 RET
0000022f                      _keyRead:
0000022f e0fc                 BCR 0x3, 0x6
00000230 ff55                 MOVAR 0x2a
00000231 fed5                 MOVR 0x2a, 0x0
00000232 f2fc                 BTRSC 0x3, 0x2
00000233 c5bf                 LGOTO 0x240; main.o:_00311_DS_=0x240
00000234 fa46                 INCR 0x39, 0x1
00000235 de9b                 MOVIA 0x64
00000236 fbc6                 SUBAR 0x39, 0x0
00000237 f7fc                 BTRSS 0x3, 0x0
00000238 c5ac                 LGOTO 0x253; main.o:_00312_DS_=0x253
00000239 de9b                 MOVIA 0x64
0000023a ff46                 MOVAR 0x39
0000023b f349                 BTRSC 0x36, 0x1
0000023c c5ac                 LGOTO 0x253; main.o:_00312_DS_=0x253
0000023d e749                 BSR 0x36, 0x1
0000023e defd                 MOVIA 0x2
0000023f c5ab                 LGOTO 0x254; main.o:_00313_DS_=0x254
00000240                      main.o:_00311_DS_:
00000240 de9b                 MOVIA 0x64
00000241 e0fc                 BCR 0x3, 0x6
00000242 fbc6                 SUBAR 0x39, 0x0
00000243 f7fc                 BTRSS 0x3, 0x0
00000244 c5b6                 LGOTO 0x249; main.o:_00308_DS_=0x249
00000245 fd46                 CLRR 0x39
00000246 e349                 BCR 0x36, 0x1
00000247 deff                 MOVIA 0x0
00000248 c5ab                 LGOTO 0x254; main.o:_00313_DS_=0x254
00000249                      main.o:_00308_DS_:
00000249 def7                 MOVIA 0x8
0000024a e0fc                 BCR 0x3, 0x6
0000024b fbc6                 SUBAR 0x39, 0x0
0000024c f7fc                 BTRSS 0x3, 0x0
0000024d c5ae                 LGOTO 0x251; main.o:_00309_DS_=0x251
0000024e fd46                 CLRR 0x39
0000024f defe                 MOVIA 0x1
00000250 c5ab                 LGOTO 0x254; main.o:_00313_DS_=0x254
00000251                      main.o:_00309_DS_:
00000251 e0fc                 BCR 0x3, 0x6
00000252 fd46                 CLRR 0x39
00000253                      main.o:_00312_DS_:
00000253 deff                 MOVIA 0x0
00000254                      main.o:_00313_DS_:
00000254 ffef                 RET
00000255                      _gotoSleep:
00000255 d548                 LCALL 0x2b7; _LedInput=0x2b7
00000256 e0fc                 BCR 0x3, 0x6
00000257 fd35                 CLRR 0x4a
00000258 fd34                 CLRR 0x4b
00000259 d584                 LCALL 0x27b; _pwmStop=0x27b
0000025a e0fc                 BCR 0x3, 0x6
0000025b fd45                 CLRR 0x3a
0000025c de9f                 MOVIA 0x60
0000025d ff6a                 MOVAR 0x15
0000025e fd41                 CLRR 0x3e
0000025f fd40                 CLRR 0x3f
00000260 fd43                 CLRR 0x3c
00000261 fd42                 CLRR 0x3d
00000262 e2c9                 BCR 0x36, 0x2
00000263 de9f                 MOVIA 0x60
00000264 fffa                 IOST 0x5
00000265 fdff                 CLRA
00000266 fff9                 IOST 0x6
00000267 fd79                 CLRR 0x6
00000268 de9f                 MOVIA 0x60
00000269 ff7a                 MOVAR 0x5
0000026a def4                 MOVIA 0xb
0000026b ff71                 MOVAR 0xe
0000026c dee7                 MOVIA 0x18
0000026d ff77                 MOVAR 0x8
0000026e fd70                 CLRR 0xf
0000026f fffd                 CLRWDT
00000270 fffb                 ENI
00000271 fffe                 SLEEP
00000272 fd6a                 CLRR 0x15
00000273 de8f                 MOVIA 0x70
00000274 fffa                 IOST 0x5
00000275 defe                 MOVIA 0x1
00000276 ff71                 MOVAR 0xe
00000277 fd70                 CLRR 0xf
00000278 de47                 MOVIA 0xb8
00000279 ff77                 MOVAR 0x8
0000027a ffef                 RET
0000027b                      _pwmStop:
0000027b fdff                 CLRA
0000027c ffb5                 SFUN 0xa
0000027d ffef                 RET
0000027e                      _pwmInit:
0000027e ff95                 SFUNR 0xa
0000027f e0fc                 BCR 0x3, 0x6
00000280 ff56                 MOVAR 0x29
00000281 f056                 BTRSC 0x29, 0x7
00000282 c575                 LGOTO 0x28a; main.o:_00288_DS_=0x28a
00000283 fd66                 CLRR 0x19
00000284 de7f                 MOVIA 0x80
00000285 ffb6                 SFUN 0x9
00000286 fdff                 CLRA
00000287 ffb4                 SFUN 0xb
00000288 de7c                 MOVIA 0x83
00000289 ffb5                 SFUN 0xa
0000028a                      main.o:_00288_DS_:
0000028a ffef                 RET
0000028b                      _LED4ON:
0000028b ffe9                 IOSTR 0x6
0000028c e0fc                 BCR 0x3, 0x6
0000028d ff57                 MOVAR 0x28
0000028e e257                 BCR 0x28, 0x3
0000028f fed7                 MOVR 0x28, 0x0
00000290 fff9                 IOST 0x6
00000291 e679                 BSR 0x6, 0x3
00000292 de9b                 MOVIA 0x64
00000293 d600                 LCALL 0x1ff; _delay=0x1ff
00000294 d548                 LCALL 0x2b7; _LedInput=0x2b7
00000295 ffef                 RET
00000296                      _LED3ON:
00000296 ffea                 IOSTR 0x5
00000297 e0fc                 BCR 0x3, 0x6
00000298 ff58                 MOVAR 0x27
00000299 e3d8                 BCR 0x27, 0x0
0000029a fed8                 MOVR 0x27, 0x0
0000029b fffa                 IOST 0x5
0000029c e7fa                 BSR 0x5, 0x0
0000029d de9b                 MOVIA 0x64
0000029e d600                 LCALL 0x1ff; _delay=0x1ff
0000029f d548                 LCALL 0x2b7; _LedInput=0x2b7
000002a0 ffef                 RET
000002a1                      _LED2ON:
000002a1 ffea                 IOSTR 0x5
000002a2 e0fc                 BCR 0x3, 0x6
000002a3 ff59                 MOVAR 0x26
000002a4 e059                 BCR 0x26, 0x7
000002a5 fed9                 MOVR 0x26, 0x0
000002a6 fffa                 IOST 0x5
000002a7 e47a                 BSR 0x5, 0x7
000002a8 de9b                 MOVIA 0x64
000002a9 d600                 LCALL 0x1ff; _delay=0x1ff
000002aa d548                 LCALL 0x2b7; _LedInput=0x2b7
000002ab ffef                 RET
000002ac                      _LED1ON:
000002ac ffea                 IOSTR 0x5
000002ad e0fc                 BCR 0x3, 0x6
000002ae ff5a                 MOVAR 0x25
000002af e35a                 BCR 0x25, 0x1
000002b0 feda                 MOVR 0x25, 0x0
000002b1 fffa                 IOST 0x5
000002b2 e77a                 BSR 0x5, 0x1
000002b3 de9b                 MOVIA 0x64
000002b4 d600                 LCALL 0x1ff; _delay=0x1ff
000002b5 d548                 LCALL 0x2b7; _LedInput=0x2b7
000002b6 ffef                 RET
000002b7                      _LedInput:
000002b7 ffea                 IOSTR 0x5
000002b8 e0fc                 BCR 0x3, 0x6
000002b9 ff5b                 MOVAR 0x24
000002ba de7c                 MOVIA 0x83
000002bb ee5b                 IORAR 0x24, 0x1
000002bc fedb                 MOVR 0x24, 0x0
000002bd fffa                 IOST 0x5
000002be ffe9                 IOSTR 0x6
000002bf ff5b                 MOVAR 0x24
000002c0 e65b                 BSR 0x24, 0x3
000002c1 fedb                 MOVR 0x24, 0x0
000002c2 fff9                 IOST 0x6
000002c3 de83                 MOVIA 0x7c
000002c4 ef7a                 ANDAR 0x5, 0x1
000002c5 e279                 BCR 0x6, 0x3
000002c6 ffef                 RET
000002c7                      _ledShow:
000002c7 def5                 MOVIA 0xa
000002c8 e0fc                 BCR 0x3, 0x6
000002c9 fbae                 SUBAR 0x51, 0x0
000002ca f3fc                 BTRSC 0x3, 0x0
000002cb c52f                 LGOTO 0x2d0; main.o:_00237_DS_=0x2d0
000002cc fead                 MOVR 0x52, 0x0
000002cd dbfe                 XORIA 0x1
000002ce f6fc                 BTRSS 0x3, 0x2
000002cf c522                 LGOTO 0x2dd; main.o:_00235_DS_=0x2dd
000002d0                      main.o:_00237_DS_:
000002d0 e0fc                 BCR 0x3, 0x6
000002d1 fec5                 MOVR 0x3a, 0x0
000002d2 f2fc                 BTRSC 0x3, 0x2
000002d3 c522                 LGOTO 0x2dd; main.o:_00235_DS_=0x2dd
000002d4 decd                 MOVIA 0x32
000002d5 fbb2                 SUBAR 0x4d, 0x0
000002d6 f3fc                 BTRSC 0x3, 0x0
000002d7 c524                 LGOTO 0x2db; main.o:_00232_DS_=0x2db
000002d8 fec5                 MOVR 0x3a, 0x0
000002d9 ff44                 MOVAR 0x3b
000002da c522                 LGOTO 0x2dd; main.o:_00235_DS_=0x2dd
000002db                      main.o:_00232_DS_:
000002db e0fc                 BCR 0x3, 0x6
000002dc fd44                 CLRR 0x3b
000002dd                      main.o:_00235_DS_:
000002dd d548                 LCALL 0x2b7; _LedInput=0x2b7
000002de defa                 MOVIA 0x5
000002df e0fc                 BCR 0x3, 0x6
000002e0 fbc4                 SUBAR 0x3b, 0x0
000002e1 f3fc                 BTRSC 0x3, 0x0
000002e2 c50a                 LGOTO 0x2f5; main.o:_00244_DS_=0x2f5
000002e3 defd                 MOVIA 0x2
000002e4 ff75                 MOVAR 0xa
000002e5 fec4                 MOVR 0x3b, 0x0
000002e6 da15                 ADDIA 0xea
000002e7 f3fc                 BTRSC 0x3, 0x0
000002e8 fa75                 INCR 0xa, 0x1
000002e9 ff7d                 MOVAR 0x2
000002ea                      main.o:_00261_DS_:
000002ea c510                 LGOTO 0x2ef; main.o:_00238_DS_=0x2ef
000002eb c50b                 LGOTO 0x2f4; main.o:_00242_DS_=0x2f4
000002ec c50c                 LGOTO 0x2f3; main.o:_00241_DS_=0x2f3
000002ed c50d                 LGOTO 0x2f2; main.o:_00240_DS_=0x2f2
000002ee c50e                 LGOTO 0x2f1; main.o:_00239_DS_=0x2f1
000002ef                      main.o:_00238_DS_:
000002ef d548                 LCALL 0x2b7; _LedInput=0x2b7
000002f0 c50a                 LGOTO 0x2f5; main.o:_00244_DS_=0x2f5
000002f1                      main.o:_00239_DS_:
000002f1 d574                 LCALL 0x28b; _LED4ON=0x28b
000002f2                      main.o:_00240_DS_:
000002f2 d569                 LCALL 0x296; _LED3ON=0x296
000002f3                      main.o:_00241_DS_:
000002f3 d55e                 LCALL 0x2a1; _LED2ON=0x2a1
000002f4                      main.o:_00242_DS_:
000002f4 d553                 LCALL 0x2ac; _LED1ON=0x2ac
000002f5                      main.o:_00244_DS_:
000002f5 ffef                 RET
000002f6                      _initSys:
000002f6 ffec                 DISI
000002f7 de87                 MOVIA 0x78
000002f8 fffa                 IOST 0x5
000002f9 defc                 MOVIA 0x3
000002fa fff9                 IOST 0x6
000002fb fd79                 CLRR 0x6
000002fc e0fc                 BCR 0x3, 0x6
000002fd fd7a                 CLRR 0x5
000002fe de60                 MOVIA 0x9f
000002ff fff6                 IOST 0x9
00000300 de00                 MOVIA 0xff
00000301 ff73                 MOVAR 0xc
00000302 de20                 MOVIA 0xdf
00000303 ff74                 MOVAR 0xb
00000304 defe                 MOVIA 0x1
00000305 ff71                 MOVAR 0xe
00000306 fdff                 CLRA
00000307 fff0                 IOST 0xf
00000308 dec8                 MOVIA 0x37
00000309 ff7e                 MOVAR 0x1
0000030a fdff                 CLRA
0000030b fffc                 T0MD
0000030c defe                 MOVIA 0x1
0000030d fff0                 IOST 0xf
0000030e de67                 MOVIA 0x98
0000030f ff77                 MOVAR 0x8
00000310 defe                 MOVIA 0x1
00000311 fff0                 IOST 0xf
00000312 fffb                 ENI
00000313 ffef                 RET
00000314                      _powerOff:
00000314 e0fc                 BCR 0x3, 0x6
00000315 fd45                 CLRR 0x3a
00000316 d584                 LCALL 0x27b; _pwmStop=0x27b
00000317 defa                 MOVIA 0x5
00000318 e0fc                 BCR 0x3, 0x6
00000319 ff44                 MOVAR 0x3b
0000031a defd                 MOVIA 0x2
0000031b ff27                 MOVAR 0x58
0000031c ffef                 RET
0000031d                      _keyCtr:
0000031d e0fc                 BCR 0x3, 0x6
0000031e f8fa                 COMR 0x5, 0x0
0000031f ff5c                 MOVAR 0x23
00000320 debf                 MOVIA 0x40
00000321 ef5c                 ANDAR 0x23, 0x1
00000322 fedc                 MOVR 0x23, 0x0
00000323 d5d0                 LCALL 0x22f; _keyRead=0x22f
00000324 e0fc                 BCR 0x3, 0x6
00000325 ff5c                 MOVAR 0x23
00000326 dbfe                 XORIA 0x1
00000327 f6fc                 BTRSS 0x3, 0x2
00000328 c496                 LGOTO 0x369; main.o:_00216_DS_=0x369
00000329 fd47                 CLRR 0x38
0000032a fd2f                 CLRR 0x50
0000032b fa45                 INCR 0x3a, 0x1
0000032c defa                 MOVIA 0x5
0000032d fbc5                 SUBAR 0x3a, 0x0
0000032e f3fc                 BTRSC 0x3, 0x0
0000032f fd45                 CLRR 0x3a
00000330 fec5                 MOVR 0x3a, 0x0
00000331 f6fc                 BTRSS 0x3, 0x2
00000332 c4ca                 LGOTO 0x335; main.o:_00203_DS_=0x335
00000333 d4eb                 LCALL 0x314; _powerOff=0x314
00000334 c4a9                 LGOTO 0x356; main.o:_00204_DS_=0x356
00000335                      main.o:_00203_DS_:
00000335 e0fc                 BCR 0x3, 0x6
00000336 fec5                 MOVR 0x3a, 0x0
00000337 dbfe                 XORIA 0x1
00000338 f6fc                 BTRSS 0x3, 0x2
00000339 c4c0                 LGOTO 0x33f; main.o:_00200_DS_=0x33f
0000033a dea5                 MOVIA 0x5a
0000033b ff39                 MOVAR 0x46
0000033c de87                 MOVIA 0x78
0000033d ff2c                 MOVAR 0x53
0000033e c4a9                 LGOTO 0x356; main.o:_00204_DS_=0x356
0000033f                      main.o:_00200_DS_:
0000033f e0fc                 BCR 0x3, 0x6
00000340 fec5                 MOVR 0x3a, 0x0
00000341 dbfd                 XORIA 0x2
00000342 f6fc                 BTRSS 0x3, 0x2
00000343 c4b8                 LGOTO 0x347; main.o:_00197_DS_=0x347
00000344 de99                 MOVIA 0x66
00000345 ff39                 MOVAR 0x46
00000346 c4a9                 LGOTO 0x356; main.o:_00204_DS_=0x356
00000347                      main.o:_00197_DS_:
00000347 e0fc                 BCR 0x3, 0x6
00000348 fec5                 MOVR 0x3a, 0x0
00000349 dbfc                 XORIA 0x3
0000034a f6fc                 BTRSS 0x3, 0x2
0000034b c4b0                 LGOTO 0x34f; main.o:_00194_DS_=0x34f
0000034c de8c                 MOVIA 0x73
0000034d ff39                 MOVAR 0x46
0000034e c4a9                 LGOTO 0x356; main.o:_00204_DS_=0x356
0000034f                      main.o:_00194_DS_:
0000034f e0fc                 BCR 0x3, 0x6
00000350 fec5                 MOVR 0x3a, 0x0
00000351 dbfb                 XORIA 0x4
00000352 f6fc                 BTRSS 0x3, 0x2
00000353 c4a9                 LGOTO 0x356; main.o:_00204_DS_=0x356
00000354 de7f                 MOVIA 0x80
00000355 ff39                 MOVAR 0x46
00000356                      main.o:_00204_DS_:
00000356 e0fc                 BCR 0x3, 0x6
00000357 fec5                 MOVR 0x3a, 0x0
00000358 f2fc                 BTRSC 0x3, 0x2
00000359 c49a                 LGOTO 0x365; main.o:_00209_DS_=0x365
0000035a fec5                 MOVR 0x3a, 0x0
0000035b dbfe                 XORIA 0x1
0000035c f6fc                 BTRSS 0x3, 0x2
0000035d c49e                 LGOTO 0x361; main.o:_00206_DS_=0x361
0000035e dea5                 MOVIA 0x5a
0000035f ffb3                 SFUN 0xc
00000360 c49b                 LGOTO 0x364; main.o:_00207_DS_=0x364
00000361                      main.o:_00206_DS_:
00000361 e0fc                 BCR 0x3, 0x6
00000362 feb9                 MOVR 0x46, 0x0
00000363 ffb3                 SFUN 0xc
00000364                      main.o:_00207_DS_:
00000364 d581                 LCALL 0x27e; _pwmInit=0x27e
00000365                      main.o:_00209_DS_:
00000365 e0fc                 BCR 0x3, 0x6
00000366 fec5                 MOVR 0x3a, 0x0
00000367 ff44                 MOVAR 0x3b
00000368 c47f                 LGOTO 0x380; main.o:_00218_DS_=0x380
00000369                      main.o:_00216_DS_:
00000369 e0fc                 BCR 0x3, 0x6
0000036a fedc                 MOVR 0x23, 0x0
0000036b dbfd                 XORIA 0x2
0000036c f6fc                 BTRSS 0x3, 0x2
0000036d c47f                 LGOTO 0x380; main.o:_00218_DS_=0x380
0000036e fec5                 MOVR 0x3a, 0x0
0000036f f2fc                 BTRSC 0x3, 0x2
00000370 c48c                 LGOTO 0x373; main.o:_00211_DS_=0x373
00000371 d4eb                 LCALL 0x314; _powerOff=0x314
00000372 c482                 LGOTO 0x37d; main.o:_00212_DS_=0x37d
00000373                      main.o:_00211_DS_:
00000373 defe                 MOVIA 0x1
00000374 e0fc                 BCR 0x3, 0x6
00000375 ff45                 MOVAR 0x3a
00000376 de87                 MOVIA 0x78
00000377 ffb3                 SFUN 0xc
00000378 dea5                 MOVIA 0x5a
00000379 ff39                 MOVAR 0x46
0000037a de87                 MOVIA 0x78
0000037b ff2c                 MOVAR 0x53
0000037c d581                 LCALL 0x27e; _pwmInit=0x27e
0000037d                      main.o:_00212_DS_:
0000037d e0fc                 BCR 0x3, 0x6
0000037e fec5                 MOVR 0x3a, 0x0
0000037f ff44                 MOVAR 0x3b
00000380                      main.o:_00218_DS_:
00000380 ffef                 RET
00000381                      ___cinit_load__:
