00000000 c7fe                 LGOTO 0x1; crt0.o:initial_ram_cinit=0x1
00000001                      crt0.o:initial_ram_cinit:
00000001 d13d                 LCALL 0x6c2; ___cinit_load__=0x6c2
00000002 c7c2                 LGOTO 0x3d; _main=0x3d
00000003                      crt0.o:startup_exit:
00000008 c7f6                 LGOTO 0x9; main.o:__sdcc_interrupt=0x9
00000009                      main.o:__sdcc_interrupt:
00000009 ff3d                 MOVAR 0x42
0000000a eafc                 SWAPR 0x3, 0x0
0000000b fd7c                 CLRR 0x3
0000000c ff3e                 MOVAR 0x41
0000000d fef5                 MOVR 0xa, 0x0
0000000e fd75                 CLRR 0xa
0000000f ff3f                 MOVAR 0x40
00000010 fefb                 MOVR 0x4, 0x0
00000011 e0fc                 BCR 0x3, 0x6
00000012 ff22                 MOVAR 0x5d
00000013 feb0                 MOVR 0x4f, 0x0
00000014 ff21                 MOVAR 0x5e
00000015 feb1                 MOVR 0x4e, 0x0
00000016 ff20                 MOVAR 0x5f
00000017 f7f0                 BTRSS 0xf, 0x0
00000018 c7dc                 LGOTO 0x23; main.o:_00108_DS_=0x23
00000019 dec8                 MOVIA 0x37
0000001a fc7e                 ADDAR 0x1, 0x1
0000001b                      ___cinit_size__:
0000001b fa18                 INCR 0x67, 0x1
0000001c fe98                 MOVR 0x67, 0x0
0000001d dbcd                 XORIA 0x32
0000001e f6fc                 BTRSS 0x3, 0x2
0000001f c7dc                 LGOTO 0x23; main.o:_00108_DS_=0x23
00000020 fd18                 CLRR 0x67
00000021 defe                 MOVIA 0x1
00000022 ff17                 MOVAR 0x68
00000023                      main.o:_00108_DS_:
00000023 f670                 BTRSS 0xf, 0x3
00000024 c7d6                 LGOTO 0x29; main.o:_00110_DS_=0x29
00000025 e0fc                 BCR 0x3, 0x6
00000026 fa14                 INCR 0x6b, 0x1
00000027 de08                 MOVIA 0xf7
00000028 ff70                 MOVAR 0xf
00000029                      main.o:_00110_DS_:
00000029 f770                 BTRSS 0xf, 0x1
0000002a c7d2                 LGOTO 0x2d; main.o:_00112_DS_=0x2d
0000002b de02                 MOVIA 0xfd
0000002c ff70                 MOVAR 0xf
0000002d                      main.o:_00112_DS_:
0000002d fd70                 CLRR 0xf
0000002e e0fc                 BCR 0x3, 0x6
0000002f fea0                 MOVR 0x5f, 0x0
00000030 ff31                 MOVAR 0x4e
00000031 fea1                 MOVR 0x5e, 0x0
00000032 ff30                 MOVAR 0x4f
00000033 fea2                 MOVR 0x5d, 0x0
00000034 ff7b                 MOVAR 0x4
00000035 febf                 MOVR 0x40, 0x0
00000036 ff75                 MOVAR 0xa
00000037 fd7c                 CLRR 0x3
00000038 eabe                 SWAPR 0x41, 0x0
00000039 ff7c                 MOVAR 0x3
0000003a ea3d                 SWAPR 0x42, 0x1
0000003b eabd                 SWAPR 0x42, 0x0
0000003c                      main.o:END_OF_INTERRUPT:
0000003c ffee                 RETIE
0000003d                      _main:
0000003d fd7a                 CLRR 0x5
0000003e de24                 MOVIA 0xdb
0000003f fff6                 IOST 0x9
00000040 dedb                 MOVIA 0x24
00000041 fffa                 IOST 0x5
00000042 fdff                 CLRA
00000043 fff9                 IOST 0x6
00000044 fd7a                 CLRR 0x5
00000045 de57                 MOVIA 0xa8
00000046 ff77                 MOVAR 0x8
00000047 de00                 MOVIA 0xff
00000048 ff74                 MOVAR 0xb
00000049 fdff                 CLRA
0000004a fff0                 IOST 0xf
0000004b dec8                 MOVIA 0x37
0000004c ff7e                 MOVAR 0x1
0000004d defe                 MOVIA 0x1
0000004e fffc                 T0MD
0000004f def4                 MOVIA 0xb
00000050 ff71                 MOVAR 0xe
00000051 deee                 MOVIA 0x11
00000052 fff0                 IOST 0xf
00000053 fd66                 CLRR 0x19
00000054 de00                 MOVIA 0xff
00000055 ffbf                 SFUN 0x0
00000056 def9                 MOVIA 0x6
00000057 ffbd                 SFUN 0x2
00000058 defc                 MOVIA 0x3
00000059 ffbe                 SFUN 0x1
0000005a e0fc                 BCR 0x3, 0x6
0000005b e51f                 BSR 0x60, 0x5
0000005c def4                 MOVIA 0xb
0000005d ff71                 MOVAR 0xe
0000005e fffb                 ENI
0000005f                      main.o:_00131_DS_:
0000005f e0fc                 BCR 0x3, 0x6
00000060 f19f                 BTRSC 0x60, 0x4
00000061 d318                 LCALL 0x4e7; _proData=0x4e7
00000062                      main.o:_00118_DS_:
00000062 e0fc                 BCR 0x3, 0x6
00000063 f51f                 BTRSS 0x60, 0x5
00000064 c795                 LGOTO 0x6a; main.o:_00123_DS_=0x6a
00000065 f57a                 BTRSS 0x5, 0x5
00000066 c795                 LGOTO 0x6a; main.o:_00123_DS_=0x6a
00000067 e11f                 BCR 0x60, 0x5
00000068 d244                 LCALL 0x5bb; _proLow=0x5bb
00000069 c78e                 LGOTO 0x71; main.o:_00124_DS_=0x71
0000006a                      main.o:_00123_DS_:
0000006a e0fc                 BCR 0x3, 0x6
0000006b f11f                 BTRSC 0x60, 0x5
0000006c c78e                 LGOTO 0x71; main.o:_00124_DS_=0x71
0000006d f17a                 BTRSC 0x5, 0x5
0000006e c78e                 LGOTO 0x71; main.o:_00124_DS_=0x71
0000006f e51f                 BSR 0x60, 0x5
00000070 d1ed                 LCALL 0x612; _proHight=0x612
00000071                      main.o:_00124_DS_:
00000071 fffd                 CLRWDT
00000072 e0fc                 BCR 0x3, 0x6
00000073 fe97                 MOVR 0x68, 0x0
00000074 f2fc                 BTRSC 0x3, 0x2
00000075 c7a0                 LGOTO 0x5f; main.o:_00131_DS_=0x5f
00000076 fd17                 CLRR 0x68
00000077 fe95                 MOVR 0x6a, 0x0
00000078 f2fc                 BTRSC 0x3, 0x2
00000079 c7a0                 LGOTO 0x5f; main.o:_00131_DS_=0x5f
0000007a f915                 DECR 0x6a, 0x1
0000007b c7a0                 LGOTO 0x5f; main.o:_00131_DS_=0x5f
0000007c ffef                 RET
0000007d                      _sendtoLast:
0000007d e0fc                 BCR 0x3, 0x6
0000007e ff1b                 MOVAR 0x64
0000007f ff2a                 MOVAR 0x55
00000080 feb0                 MOVR 0x4f, 0x0
00000081 ff1a                 MOVAR 0x65
00000082 ff29                 MOVAR 0x56
00000083 feb1                 MOVR 0x4e, 0x0
00000084 ff19                 MOVAR 0x66
00000085 ff28                 MOVAR 0x57
00000086 feb2                 MOVR 0x4d, 0x0
00000087 ff27                 MOVAR 0x58
00000088 fd26                 CLRR 0x59
00000089 fea7                 MOVR 0x58, 0x0
0000008a dbfe                 XORIA 0x1
0000008b f6fc                 BTRSS 0x3, 0x2
0000008c c771                 LGOTO 0x8e; main.o:_00001_DS_=0x8e
0000008d fa26                 INCR 0x59, 0x1
0000008e                      main.o:_00001_DS_:
0000008e e0fc                 BCR 0x3, 0x6
0000008f fd25                 CLRR 0x5a
00000090 fea7                 MOVR 0x58, 0x0
00000091 dbfd                 XORIA 0x2
00000092 f6fc                 BTRSS 0x3, 0x2
00000093 c76a                 LGOTO 0x95; main.o:_00002_DS_=0x95
00000094 fa25                 INCR 0x5a, 0x1
00000095                      main.o:_00002_DS_:
00000095 e0fc                 BCR 0x3, 0x6
00000096 fd24                 CLRR 0x5b
00000097 fea7                 MOVR 0x58, 0x0
00000098 dbfc                 XORIA 0x3
00000099 f6fc                 BTRSS 0x3, 0x2
0000009a c763                 LGOTO 0x9c; main.o:_00003_DS_=0x9c
0000009b fa24                 INCR 0x5b, 0x1
0000009c                      main.o:_00003_DS_:
0000009c e0fc                 BCR 0x3, 0x6
0000009d fd27                 CLRR 0x58
0000009e fd23                 CLRR 0x5c
0000009f                      main.o:_00979_DS_:
0000009f e0fc                 BCR 0x3, 0x6
000000a0 fea3                 MOVR 0x5c, 0x0
000000a1 da7f                 ADDIA 0x80
000000a2 da7f                 ADDIA 0x80
000000a3 f6fc                 BTRSS 0x3, 0x2
000000a4 c758                 LGOTO 0xa7; main.o:_01002_DS_=0xa7
000000a5 ded7                 MOVIA 0x28
000000a6 fba7                 SUBAR 0x58, 0x0
000000a7                      main.o:_01002_DS_:
000000a7 f3fc                 BTRSC 0x3, 0x0
000000a8 c730                 LGOTO 0xcf; main.o:_00977_DS_=0xcf
000000a9 e0fc                 BCR 0x3, 0x6
000000aa fea6                 MOVR 0x59, 0x0
000000ab f2fc                 BTRSC 0x3, 0x2
000000ac c74b                 LGOTO 0xb4; main.o:_00975_DS_=0xb4
000000ad fea8                 MOVR 0x57, 0x0
000000ae ff31                 MOVAR 0x4e
000000af fea9                 MOVR 0x56, 0x0
000000b0 ff30                 MOVAR 0x4f
000000b1 feaa                 MOVR 0x55, 0x0
000000b2 d4dc                 LCALL 0x323; _sendRGB=0x323
000000b3 c736                 LGOTO 0xc9; main.o:_00980_DS_=0xc9
000000b4                      main.o:_00975_DS_:
000000b4 e0fc                 BCR 0x3, 0x6
000000b5 fea5                 MOVR 0x5a, 0x0
000000b6 f2fc                 BTRSC 0x3, 0x2
000000b7 c740                 LGOTO 0xbf; main.o:_00972_DS_=0xbf
000000b8 fea8                 MOVR 0x57, 0x0
000000b9 ff31                 MOVAR 0x4e
000000ba fea9                 MOVR 0x56, 0x0
000000bb ff30                 MOVAR 0x4f
000000bc feaa                 MOVR 0x55, 0x0
000000bd d605                 LCALL 0x1fa; _sendRGB2=0x1fa
000000be c736                 LGOTO 0xc9; main.o:_00980_DS_=0xc9
000000bf                      main.o:_00972_DS_:
000000bf e0fc                 BCR 0x3, 0x6
000000c0 fea4                 MOVR 0x5b, 0x0
000000c1 f2fc                 BTRSC 0x3, 0x2
000000c2 c736                 LGOTO 0xc9; main.o:_00980_DS_=0xc9
000000c3 fea8                 MOVR 0x57, 0x0
000000c4 ff31                 MOVAR 0x4e
000000c5 fea9                 MOVR 0x56, 0x0
000000c6 ff30                 MOVAR 0x4f
000000c7 feaa                 MOVR 0x55, 0x0
000000c8 d72e                 LCALL 0xd1; _sendRGB3=0xd1
000000c9                      main.o:_00980_DS_:
000000c9 e0fc                 BCR 0x3, 0x6
000000ca fa27                 INCR 0x58, 0x1
000000cb f6fc                 BTRSS 0x3, 0x2
000000cc c731                 LGOTO 0xce; main.o:_00004_DS_=0xce
000000cd fa23                 INCR 0x5c, 0x1
000000ce                      main.o:_00004_DS_:
000000ce c760                 LGOTO 0x9f; main.o:_00979_DS_=0x9f
000000cf                      main.o:_00977_DS_:
000000cf d39a                 LCALL 0x465; _Delay80us=0x465
000000d0 ffef                 RET
000000d1                      _sendRGB3:
000000d1 e0fc                 BCR 0x3, 0x6
000000d2 ff1e                 MOVAR 0x61
000000d3 feb0                 MOVR 0x4f, 0x0
000000d4 ff1d                 MOVAR 0x62
000000d5 feb1                 MOVR 0x4e, 0x0
000000d6 ff1c                 MOVAR 0x63
000000d7 ffec                 DISI
000000d8 f41e                 BTRSS 0x61, 0x7
000000d9 c721                 LGOTO 0xde; main.o:_00752_DS_=0xde
000000da e3fa                 BCR 0x5, 0x0
000000db ffff                 NOP
000000dc e7fa                 BSR 0x5, 0x0
000000dd c71c                 LGOTO 0xe3; main.o:_00757_DS_=0xe3
000000de                      main.o:_00752_DS_:
000000de e3fa                 BCR 0x5, 0x0
000000df e7fa                 BSR 0x5, 0x0
000000e0 ffff                 NOP
000000e1 ffff                 NOP
000000e2 e3fa                 BCR 0x5, 0x0
000000e3                      main.o:_00757_DS_:
000000e3 e0fc                 BCR 0x3, 0x6
000000e4 f49e                 BTRSS 0x61, 0x6
000000e5 c715                 LGOTO 0xea; main.o:_00761_DS_=0xea
000000e6 e3fa                 BCR 0x5, 0x0
000000e7 ffff                 NOP
000000e8 e7fa                 BSR 0x5, 0x0
000000e9 c710                 LGOTO 0xef; main.o:_00766_DS_=0xef
000000ea                      main.o:_00761_DS_:
000000ea e3fa                 BCR 0x5, 0x0
000000eb e7fa                 BSR 0x5, 0x0
000000ec ffff                 NOP
000000ed ffff                 NOP
000000ee e3fa                 BCR 0x5, 0x0
000000ef                      main.o:_00766_DS_:
000000ef e0fc                 BCR 0x3, 0x6
000000f0 f51e                 BTRSS 0x61, 0x5
000000f1 c709                 LGOTO 0xf6; main.o:_00770_DS_=0xf6
000000f2 e3fa                 BCR 0x5, 0x0
000000f3 ffff                 NOP
000000f4 e7fa                 BSR 0x5, 0x0
000000f5 c704                 LGOTO 0xfb; main.o:_00775_DS_=0xfb
000000f6                      main.o:_00770_DS_:
000000f6 e3fa                 BCR 0x5, 0x0
000000f7 e7fa                 BSR 0x5, 0x0
000000f8 ffff                 NOP
000000f9 ffff                 NOP
000000fa e3fa                 BCR 0x5, 0x0
000000fb                      main.o:_00775_DS_:
000000fb e0fc                 BCR 0x3, 0x6
000000fc f59e                 BTRSS 0x61, 0x4
000000fd c6fd                 LGOTO 0x102; main.o:_00779_DS_=0x102
000000fe e3fa                 BCR 0x5, 0x0
000000ff ffff                 NOP
00000100 e7fa                 BSR 0x5, 0x0
00000101 c6f8                 LGOTO 0x107; main.o:_00784_DS_=0x107
00000102                      main.o:_00779_DS_:
00000102 e3fa                 BCR 0x5, 0x0
00000103 e7fa                 BSR 0x5, 0x0
00000104 ffff                 NOP
00000105 ffff                 NOP
00000106 e3fa                 BCR 0x5, 0x0
00000107                      main.o:_00784_DS_:
00000107 e0fc                 BCR 0x3, 0x6
00000108 f61e                 BTRSS 0x61, 0x3
00000109 c6f1                 LGOTO 0x10e; main.o:_00788_DS_=0x10e
0000010a e3fa                 BCR 0x5, 0x0
0000010b ffff                 NOP
0000010c e7fa                 BSR 0x5, 0x0
0000010d c6ec                 LGOTO 0x113; main.o:_00793_DS_=0x113
0000010e                      main.o:_00788_DS_:
0000010e e3fa                 BCR 0x5, 0x0
0000010f e7fa                 BSR 0x5, 0x0
00000110 ffff                 NOP
00000111 ffff                 NOP
00000112 e3fa                 BCR 0x5, 0x0
00000113                      main.o:_00793_DS_:
00000113 e0fc                 BCR 0x3, 0x6
00000114 f69e                 BTRSS 0x61, 0x2
00000115 c6e5                 LGOTO 0x11a; main.o:_00797_DS_=0x11a
00000116 e3fa                 BCR 0x5, 0x0
00000117 ffff                 NOP
00000118 e7fa                 BSR 0x5, 0x0
00000119 c6e0                 LGOTO 0x11f; main.o:_00802_DS_=0x11f
0000011a                      main.o:_00797_DS_:
0000011a e3fa                 BCR 0x5, 0x0
0000011b e7fa                 BSR 0x5, 0x0
0000011c ffff                 NOP
0000011d ffff                 NOP
0000011e e3fa                 BCR 0x5, 0x0
0000011f                      main.o:_00802_DS_:
0000011f e0fc                 BCR 0x3, 0x6
00000120 f71e                 BTRSS 0x61, 0x1
00000121 c6d9                 LGOTO 0x126; main.o:_00806_DS_=0x126
00000122 e3fa                 BCR 0x5, 0x0
00000123 ffff                 NOP
00000124 e7fa                 BSR 0x5, 0x0
00000125 c6d4                 LGOTO 0x12b; main.o:_00811_DS_=0x12b
00000126                      main.o:_00806_DS_:
00000126 e3fa                 BCR 0x5, 0x0
00000127 e7fa                 BSR 0x5, 0x0
00000128 ffff                 NOP
00000129 ffff                 NOP
0000012a e3fa                 BCR 0x5, 0x0
0000012b                      main.o:_00811_DS_:
0000012b e0fc                 BCR 0x3, 0x6
0000012c f79e                 BTRSS 0x61, 0x0
0000012d c6cd                 LGOTO 0x132; main.o:_00815_DS_=0x132
0000012e e3fa                 BCR 0x5, 0x0
0000012f ffff                 NOP
00000130 e7fa                 BSR 0x5, 0x0
00000131 c6c8                 LGOTO 0x137; main.o:_00820_DS_=0x137
00000132                      main.o:_00815_DS_:
00000132 e3fa                 BCR 0x5, 0x0
00000133 e7fa                 BSR 0x5, 0x0
00000134 ffff                 NOP
00000135 ffff                 NOP
00000136 e3fa                 BCR 0x5, 0x0
00000137                      main.o:_00820_DS_:
00000137 e0fc                 BCR 0x3, 0x6
00000138 f41d                 BTRSS 0x62, 0x7
00000139 c6c1                 LGOTO 0x13e; main.o:_00824_DS_=0x13e
0000013a e3fa                 BCR 0x5, 0x0
0000013b ffff                 NOP
0000013c e7fa                 BSR 0x5, 0x0
0000013d c6bc                 LGOTO 0x143; main.o:_00829_DS_=0x143
0000013e                      main.o:_00824_DS_:
0000013e e3fa                 BCR 0x5, 0x0
0000013f e7fa                 BSR 0x5, 0x0
00000140 ffff                 NOP
00000141 ffff                 NOP
00000142 e3fa                 BCR 0x5, 0x0
00000143                      main.o:_00829_DS_:
00000143 e0fc                 BCR 0x3, 0x6
00000144 f49d                 BTRSS 0x62, 0x6
00000145 c6b5                 LGOTO 0x14a; main.o:_00833_DS_=0x14a
00000146 e3fa                 BCR 0x5, 0x0
00000147 ffff                 NOP
00000148 e7fa                 BSR 0x5, 0x0
00000149 c6b0                 LGOTO 0x14f; main.o:_00838_DS_=0x14f
0000014a                      main.o:_00833_DS_:
0000014a e3fa                 BCR 0x5, 0x0
0000014b e7fa                 BSR 0x5, 0x0
0000014c ffff                 NOP
0000014d ffff                 NOP
0000014e e3fa                 BCR 0x5, 0x0
0000014f                      main.o:_00838_DS_:
0000014f e0fc                 BCR 0x3, 0x6
00000150 f51d                 BTRSS 0x62, 0x5
00000151 c6a9                 LGOTO 0x156; main.o:_00842_DS_=0x156
00000152 e3fa                 BCR 0x5, 0x0
00000153 ffff                 NOP
00000154 e7fa                 BSR 0x5, 0x0
00000155 c6a4                 LGOTO 0x15b; main.o:_00847_DS_=0x15b
00000156                      main.o:_00842_DS_:
00000156 e3fa                 BCR 0x5, 0x0
00000157 e7fa                 BSR 0x5, 0x0
00000158 ffff                 NOP
00000159 ffff                 NOP
0000015a e3fa                 BCR 0x5, 0x0
0000015b                      main.o:_00847_DS_:
0000015b e0fc                 BCR 0x3, 0x6
0000015c f59d                 BTRSS 0x62, 0x4
0000015d c69d                 LGOTO 0x162; main.o:_00851_DS_=0x162
0000015e e3fa                 BCR 0x5, 0x0
0000015f ffff                 NOP
00000160 e7fa                 BSR 0x5, 0x0
00000161 c698                 LGOTO 0x167; main.o:_00856_DS_=0x167
00000162                      main.o:_00851_DS_:
00000162 e3fa                 BCR 0x5, 0x0
00000163 e7fa                 BSR 0x5, 0x0
00000164 ffff                 NOP
00000165 ffff                 NOP
00000166 e3fa                 BCR 0x5, 0x0
00000167                      main.o:_00856_DS_:
00000167 e0fc                 BCR 0x3, 0x6
00000168 f61d                 BTRSS 0x62, 0x3
00000169 c691                 LGOTO 0x16e; main.o:_00860_DS_=0x16e
0000016a e3fa                 BCR 0x5, 0x0
0000016b ffff                 NOP
0000016c e7fa                 BSR 0x5, 0x0
0000016d c68c                 LGOTO 0x173; main.o:_00865_DS_=0x173
0000016e                      main.o:_00860_DS_:
0000016e e3fa                 BCR 0x5, 0x0
0000016f e7fa                 BSR 0x5, 0x0
00000170 ffff                 NOP
00000171 ffff                 NOP
00000172 e3fa                 BCR 0x5, 0x0
00000173                      main.o:_00865_DS_:
00000173 e0fc                 BCR 0x3, 0x6
00000174 f69d                 BTRSS 0x62, 0x2
00000175 c685                 LGOTO 0x17a; main.o:_00869_DS_=0x17a
00000176 e3fa                 BCR 0x5, 0x0
00000177 ffff                 NOP
00000178 e7fa                 BSR 0x5, 0x0
00000179 c680                 LGOTO 0x17f; main.o:_00874_DS_=0x17f
0000017a                      main.o:_00869_DS_:
0000017a e3fa                 BCR 0x5, 0x0
0000017b e7fa                 BSR 0x5, 0x0
0000017c ffff                 NOP
0000017d ffff                 NOP
0000017e e3fa                 BCR 0x5, 0x0
0000017f                      main.o:_00874_DS_:
0000017f e0fc                 BCR 0x3, 0x6
00000180 f71d                 BTRSS 0x62, 0x1
00000181 c679                 LGOTO 0x186; main.o:_00878_DS_=0x186
00000182 e3fa                 BCR 0x5, 0x0
00000183 ffff                 NOP
00000184 e7fa                 BSR 0x5, 0x0
00000185 c674                 LGOTO 0x18b; main.o:_00883_DS_=0x18b
00000186                      main.o:_00878_DS_:
00000186 e3fa                 BCR 0x5, 0x0
00000187 e7fa                 BSR 0x5, 0x0
00000188 ffff                 NOP
00000189 ffff                 NOP
0000018a e3fa                 BCR 0x5, 0x0
0000018b                      main.o:_00883_DS_:
0000018b e0fc                 BCR 0x3, 0x6
0000018c f79d                 BTRSS 0x62, 0x0
0000018d c66d                 LGOTO 0x192; main.o:_00887_DS_=0x192
0000018e e3fa                 BCR 0x5, 0x0
0000018f ffff                 NOP
00000190 e7fa                 BSR 0x5, 0x0
00000191 c668                 LGOTO 0x197; main.o:_00892_DS_=0x197
00000192                      main.o:_00887_DS_:
00000192 e3fa                 BCR 0x5, 0x0
00000193 e7fa                 BSR 0x5, 0x0
00000194 ffff                 NOP
00000195 ffff                 NOP
00000196 e3fa                 BCR 0x5, 0x0
00000197                      main.o:_00892_DS_:
00000197 e0fc                 BCR 0x3, 0x6
00000198 f41c                 BTRSS 0x63, 0x7
00000199 c661                 LGOTO 0x19e; main.o:_00896_DS_=0x19e
0000019a e3fa                 BCR 0x5, 0x0
0000019b ffff                 NOP
0000019c e7fa                 BSR 0x5, 0x0
0000019d c65c                 LGOTO 0x1a3; main.o:_00901_DS_=0x1a3
0000019e                      main.o:_00896_DS_:
0000019e e3fa                 BCR 0x5, 0x0
0000019f e7fa                 BSR 0x5, 0x0
000001a0 ffff                 NOP
000001a1 ffff                 NOP
000001a2 e3fa                 BCR 0x5, 0x0
000001a3                      main.o:_00901_DS_:
000001a3 e0fc                 BCR 0x3, 0x6
000001a4 f49c                 BTRSS 0x63, 0x6
000001a5 c655                 LGOTO 0x1aa; main.o:_00905_DS_=0x1aa
000001a6 e3fa                 BCR 0x5, 0x0
000001a7 ffff                 NOP
000001a8 e7fa                 BSR 0x5, 0x0
000001a9 c650                 LGOTO 0x1af; main.o:_00910_DS_=0x1af
000001aa                      main.o:_00905_DS_:
000001aa e3fa                 BCR 0x5, 0x0
000001ab e7fa                 BSR 0x5, 0x0
000001ac ffff                 NOP
000001ad ffff                 NOP
000001ae e3fa                 BCR 0x5, 0x0
000001af                      main.o:_00910_DS_:
000001af e0fc                 BCR 0x3, 0x6
000001b0 f51c                 BTRSS 0x63, 0x5
000001b1 c649                 LGOTO 0x1b6; main.o:_00914_DS_=0x1b6
000001b2 e3fa                 BCR 0x5, 0x0
000001b3 ffff                 NOP
000001b4 e7fa                 BSR 0x5, 0x0
000001b5 c644                 LGOTO 0x1bb; main.o:_00919_DS_=0x1bb
000001b6                      main.o:_00914_DS_:
000001b6 e3fa                 BCR 0x5, 0x0
000001b7 e7fa                 BSR 0x5, 0x0
000001b8 ffff                 NOP
000001b9 ffff                 NOP
000001ba e3fa                 BCR 0x5, 0x0
000001bb                      main.o:_00919_DS_:
000001bb e0fc                 BCR 0x3, 0x6
000001bc f59c                 BTRSS 0x63, 0x4
000001bd c63d                 LGOTO 0x1c2; main.o:_00923_DS_=0x1c2
000001be e3fa                 BCR 0x5, 0x0
000001bf ffff                 NOP
000001c0 e7fa                 BSR 0x5, 0x0
000001c1 c638                 LGOTO 0x1c7; main.o:_00928_DS_=0x1c7
000001c2                      main.o:_00923_DS_:
000001c2 e3fa                 BCR 0x5, 0x0
000001c3 e7fa                 BSR 0x5, 0x0
000001c4 ffff                 NOP
000001c5 ffff                 NOP
000001c6 e3fa                 BCR 0x5, 0x0
000001c7                      main.o:_00928_DS_:
000001c7 e0fc                 BCR 0x3, 0x6
000001c8 f61c                 BTRSS 0x63, 0x3
000001c9 c631                 LGOTO 0x1ce; main.o:_00932_DS_=0x1ce
000001ca e3fa                 BCR 0x5, 0x0
000001cb ffff                 NOP
000001cc e7fa                 BSR 0x5, 0x0
000001cd c62c                 LGOTO 0x1d3; main.o:_00937_DS_=0x1d3
000001ce                      main.o:_00932_DS_:
000001ce e3fa                 BCR 0x5, 0x0
000001cf e7fa                 BSR 0x5, 0x0
000001d0 ffff                 NOP
000001d1 ffff                 NOP
000001d2 e3fa                 BCR 0x5, 0x0
000001d3                      main.o:_00937_DS_:
000001d3 e0fc                 BCR 0x3, 0x6
000001d4 f69c                 BTRSS 0x63, 0x2
000001d5 c625                 LGOTO 0x1da; main.o:_00941_DS_=0x1da
000001d6 e3fa                 BCR 0x5, 0x0
000001d7 ffff                 NOP
000001d8 e7fa                 BSR 0x5, 0x0
000001d9 c620                 LGOTO 0x1df; main.o:_00946_DS_=0x1df
000001da                      main.o:_00941_DS_:
000001da e3fa                 BCR 0x5, 0x0
000001db e7fa                 BSR 0x5, 0x0
000001dc ffff                 NOP
000001dd ffff                 NOP
000001de e3fa                 BCR 0x5, 0x0
000001df                      main.o:_00946_DS_:
000001df e0fc                 BCR 0x3, 0x6
000001e0 f71c                 BTRSS 0x63, 0x1
000001e1 c619                 LGOTO 0x1e6; main.o:_00950_DS_=0x1e6
000001e2 e3fa                 BCR 0x5, 0x0
000001e3 ffff                 NOP
000001e4 e7fa                 BSR 0x5, 0x0
000001e5 c614                 LGOTO 0x1eb; main.o:_00955_DS_=0x1eb
000001e6                      main.o:_00950_DS_:
000001e6 e3fa                 BCR 0x5, 0x0
000001e7 e7fa                 BSR 0x5, 0x0
000001e8 ffff                 NOP
000001e9 ffff                 NOP
000001ea e3fa                 BCR 0x5, 0x0
000001eb                      main.o:_00955_DS_:
000001eb e0fc                 BCR 0x3, 0x6
000001ec f79c                 BTRSS 0x63, 0x0
000001ed c60d                 LGOTO 0x1f2; main.o:_00959_DS_=0x1f2
000001ee e3fa                 BCR 0x5, 0x0
000001ef ffff                 NOP
000001f0 e7fa                 BSR 0x5, 0x0
000001f1 c608                 LGOTO 0x1f7; main.o:_00964_DS_=0x1f7
000001f2                      main.o:_00959_DS_:
000001f2 e3fa                 BCR 0x5, 0x0
000001f3 e7fa                 BSR 0x5, 0x0
000001f4 ffff                 NOP
000001f5 ffff                 NOP
000001f6 e3fa                 BCR 0x5, 0x0
000001f7                      main.o:_00964_DS_:
000001f7 e3fa                 BCR 0x5, 0x0
000001f8 fffb                 ENI
000001f9 ffef                 RET
000001fa                      _sendRGB2:
000001fa e0fc                 BCR 0x3, 0x6
000001fb ff1e                 MOVAR 0x61
000001fc feb0                 MOVR 0x4f, 0x0
000001fd ff1d                 MOVAR 0x62
000001fe feb1                 MOVR 0x4e, 0x0
000001ff ff1c                 MOVAR 0x63
00000200 ffec                 DISI
00000201 f41e                 BTRSS 0x61, 0x7
00000202 c5f8                 LGOTO 0x207; main.o:_00532_DS_=0x207
00000203 e07a                 BCR 0x5, 0x7
00000204 ffff                 NOP
00000205 e47a                 BSR 0x5, 0x7
00000206 c5f3                 LGOTO 0x20c; main.o:_00537_DS_=0x20c
00000207                      main.o:_00532_DS_:
00000207 e07a                 BCR 0x5, 0x7
00000208 e47a                 BSR 0x5, 0x7
00000209 ffff                 NOP
0000020a ffff                 NOP
0000020b e07a                 BCR 0x5, 0x7
0000020c                      main.o:_00537_DS_:
0000020c e0fc                 BCR 0x3, 0x6
0000020d f49e                 BTRSS 0x61, 0x6
0000020e c5ec                 LGOTO 0x213; main.o:_00541_DS_=0x213
0000020f e07a                 BCR 0x5, 0x7
00000210 ffff                 NOP
00000211 e47a                 BSR 0x5, 0x7
00000212 c5e7                 LGOTO 0x218; main.o:_00546_DS_=0x218
00000213                      main.o:_00541_DS_:
00000213 e07a                 BCR 0x5, 0x7
00000214 e47a                 BSR 0x5, 0x7
00000215 ffff                 NOP
00000216 ffff                 NOP
00000217 e07a                 BCR 0x5, 0x7
00000218                      main.o:_00546_DS_:
00000218 e0fc                 BCR 0x3, 0x6
00000219 f51e                 BTRSS 0x61, 0x5
0000021a c5e0                 LGOTO 0x21f; main.o:_00550_DS_=0x21f
0000021b e07a                 BCR 0x5, 0x7
0000021c ffff                 NOP
0000021d e47a                 BSR 0x5, 0x7
0000021e c5db                 LGOTO 0x224; main.o:_00555_DS_=0x224
0000021f                      main.o:_00550_DS_:
0000021f e07a                 BCR 0x5, 0x7
00000220 e47a                 BSR 0x5, 0x7
00000221 ffff                 NOP
00000222 ffff                 NOP
00000223 e07a                 BCR 0x5, 0x7
00000224                      main.o:_00555_DS_:
00000224 e0fc                 BCR 0x3, 0x6
00000225 f59e                 BTRSS 0x61, 0x4
00000226 c5d4                 LGOTO 0x22b; main.o:_00559_DS_=0x22b
00000227 e07a                 BCR 0x5, 0x7
00000228 ffff                 NOP
00000229 e47a                 BSR 0x5, 0x7
0000022a c5cf                 LGOTO 0x230; main.o:_00564_DS_=0x230
0000022b                      main.o:_00559_DS_:
0000022b e07a                 BCR 0x5, 0x7
0000022c e47a                 BSR 0x5, 0x7
0000022d ffff                 NOP
0000022e ffff                 NOP
0000022f e07a                 BCR 0x5, 0x7
00000230                      main.o:_00564_DS_:
00000230 e0fc                 BCR 0x3, 0x6
00000231 f61e                 BTRSS 0x61, 0x3
00000232 c5c8                 LGOTO 0x237; main.o:_00568_DS_=0x237
00000233 e07a                 BCR 0x5, 0x7
00000234 ffff                 NOP
00000235 e47a                 BSR 0x5, 0x7
00000236 c5c3                 LGOTO 0x23c; main.o:_00573_DS_=0x23c
00000237                      main.o:_00568_DS_:
00000237 e07a                 BCR 0x5, 0x7
00000238 e47a                 BSR 0x5, 0x7
00000239 ffff                 NOP
0000023a ffff                 NOP
0000023b e07a                 BCR 0x5, 0x7
0000023c                      main.o:_00573_DS_:
0000023c e0fc                 BCR 0x3, 0x6
0000023d f69e                 BTRSS 0x61, 0x2
0000023e c5bc                 LGOTO 0x243; main.o:_00577_DS_=0x243
0000023f e07a                 BCR 0x5, 0x7
00000240 ffff                 NOP
00000241 e47a                 BSR 0x5, 0x7
00000242 c5b7                 LGOTO 0x248; main.o:_00582_DS_=0x248
00000243                      main.o:_00577_DS_:
00000243 e07a                 BCR 0x5, 0x7
00000244 e47a                 BSR 0x5, 0x7
00000245 ffff                 NOP
00000246 ffff                 NOP
00000247 e07a                 BCR 0x5, 0x7
00000248                      main.o:_00582_DS_:
00000248 e0fc                 BCR 0x3, 0x6
00000249 f71e                 BTRSS 0x61, 0x1
0000024a c5b0                 LGOTO 0x24f; main.o:_00586_DS_=0x24f
0000024b e07a                 BCR 0x5, 0x7
0000024c ffff                 NOP
0000024d e47a                 BSR 0x5, 0x7
0000024e c5ab                 LGOTO 0x254; main.o:_00591_DS_=0x254
0000024f                      main.o:_00586_DS_:
0000024f e07a                 BCR 0x5, 0x7
00000250 e47a                 BSR 0x5, 0x7
00000251 ffff                 NOP
00000252 ffff                 NOP
00000253 e07a                 BCR 0x5, 0x7
00000254                      main.o:_00591_DS_:
00000254 e0fc                 BCR 0x3, 0x6
00000255 f79e                 BTRSS 0x61, 0x0
00000256 c5a4                 LGOTO 0x25b; main.o:_00595_DS_=0x25b
00000257 e07a                 BCR 0x5, 0x7
00000258 ffff                 NOP
00000259 e47a                 BSR 0x5, 0x7
0000025a c59f                 LGOTO 0x260; main.o:_00600_DS_=0x260
0000025b                      main.o:_00595_DS_:
0000025b e07a                 BCR 0x5, 0x7
0000025c e47a                 BSR 0x5, 0x7
0000025d ffff                 NOP
0000025e ffff                 NOP
0000025f e07a                 BCR 0x5, 0x7
00000260                      main.o:_00600_DS_:
00000260 e0fc                 BCR 0x3, 0x6
00000261 f41d                 BTRSS 0x62, 0x7
00000262 c598                 LGOTO 0x267; main.o:_00604_DS_=0x267
00000263 e07a                 BCR 0x5, 0x7
00000264 ffff                 NOP
00000265 e47a                 BSR 0x5, 0x7
00000266 c593                 LGOTO 0x26c; main.o:_00609_DS_=0x26c
00000267                      main.o:_00604_DS_:
00000267 e07a                 BCR 0x5, 0x7
00000268 e47a                 BSR 0x5, 0x7
00000269 ffff                 NOP
0000026a ffff                 NOP
0000026b e07a                 BCR 0x5, 0x7
0000026c                      main.o:_00609_DS_:
0000026c e0fc                 BCR 0x3, 0x6
0000026d f49d                 BTRSS 0x62, 0x6
0000026e c58c                 LGOTO 0x273; main.o:_00613_DS_=0x273
0000026f e07a                 BCR 0x5, 0x7
00000270 ffff                 NOP
00000271 e47a                 BSR 0x5, 0x7
00000272 c587                 LGOTO 0x278; main.o:_00618_DS_=0x278
00000273                      main.o:_00613_DS_:
00000273 e07a                 BCR 0x5, 0x7
00000274 e47a                 BSR 0x5, 0x7
00000275 ffff                 NOP
00000276 ffff                 NOP
00000277 e07a                 BCR 0x5, 0x7
00000278                      main.o:_00618_DS_:
00000278 e0fc                 BCR 0x3, 0x6
00000279 f51d                 BTRSS 0x62, 0x5
0000027a c580                 LGOTO 0x27f; main.o:_00622_DS_=0x27f
0000027b e07a                 BCR 0x5, 0x7
0000027c ffff                 NOP
0000027d e47a                 BSR 0x5, 0x7
0000027e c57b                 LGOTO 0x284; main.o:_00627_DS_=0x284
0000027f                      main.o:_00622_DS_:
0000027f e07a                 BCR 0x5, 0x7
00000280 e47a                 BSR 0x5, 0x7
00000281 ffff                 NOP
00000282 ffff                 NOP
00000283 e07a                 BCR 0x5, 0x7
00000284                      main.o:_00627_DS_:
00000284 e0fc                 BCR 0x3, 0x6
00000285 f59d                 BTRSS 0x62, 0x4
00000286 c574                 LGOTO 0x28b; main.o:_00631_DS_=0x28b
00000287 e07a                 BCR 0x5, 0x7
00000288 ffff                 NOP
00000289 e47a                 BSR 0x5, 0x7
0000028a c56f                 LGOTO 0x290; main.o:_00636_DS_=0x290
0000028b                      main.o:_00631_DS_:
0000028b e07a                 BCR 0x5, 0x7
0000028c e47a                 BSR 0x5, 0x7
0000028d ffff                 NOP
0000028e ffff                 NOP
0000028f e07a                 BCR 0x5, 0x7
00000290                      main.o:_00636_DS_:
00000290 e0fc                 BCR 0x3, 0x6
00000291 f61d                 BTRSS 0x62, 0x3
00000292 c568                 LGOTO 0x297; main.o:_00640_DS_=0x297
00000293 e07a                 BCR 0x5, 0x7
00000294 ffff                 NOP
00000295 e47a                 BSR 0x5, 0x7
00000296 c563                 LGOTO 0x29c; main.o:_00645_DS_=0x29c
00000297                      main.o:_00640_DS_:
00000297 e07a                 BCR 0x5, 0x7
00000298 e47a                 BSR 0x5, 0x7
00000299 ffff                 NOP
0000029a ffff                 NOP
0000029b e07a                 BCR 0x5, 0x7
0000029c                      main.o:_00645_DS_:
0000029c e0fc                 BCR 0x3, 0x6
0000029d f69d                 BTRSS 0x62, 0x2
0000029e c55c                 LGOTO 0x2a3; main.o:_00649_DS_=0x2a3
0000029f e07a                 BCR 0x5, 0x7
000002a0 ffff                 NOP
000002a1 e47a                 BSR 0x5, 0x7
000002a2 c557                 LGOTO 0x2a8; main.o:_00654_DS_=0x2a8
000002a3                      main.o:_00649_DS_:
000002a3 e07a                 BCR 0x5, 0x7
000002a4 e47a                 BSR 0x5, 0x7
000002a5 ffff                 NOP
000002a6 ffff                 NOP
000002a7 e07a                 BCR 0x5, 0x7
000002a8                      main.o:_00654_DS_:
000002a8 e0fc                 BCR 0x3, 0x6
000002a9 f71d                 BTRSS 0x62, 0x1
000002aa c550                 LGOTO 0x2af; main.o:_00658_DS_=0x2af
000002ab e07a                 BCR 0x5, 0x7
000002ac ffff                 NOP
000002ad e47a                 BSR 0x5, 0x7
000002ae c54b                 LGOTO 0x2b4; main.o:_00663_DS_=0x2b4
000002af                      main.o:_00658_DS_:
000002af e07a                 BCR 0x5, 0x7
000002b0 e47a                 BSR 0x5, 0x7
000002b1 ffff                 NOP
000002b2 ffff                 NOP
000002b3 e07a                 BCR 0x5, 0x7
000002b4                      main.o:_00663_DS_:
000002b4 e0fc                 BCR 0x3, 0x6
000002b5 f79d                 BTRSS 0x62, 0x0
000002b6 c544                 LGOTO 0x2bb; main.o:_00667_DS_=0x2bb
000002b7 e07a                 BCR 0x5, 0x7
000002b8 ffff                 NOP
000002b9 e47a                 BSR 0x5, 0x7
000002ba c53f                 LGOTO 0x2c0; main.o:_00672_DS_=0x2c0
000002bb                      main.o:_00667_DS_:
000002bb e07a                 BCR 0x5, 0x7
000002bc e47a                 BSR 0x5, 0x7
000002bd ffff                 NOP
000002be ffff                 NOP
000002bf e07a                 BCR 0x5, 0x7
000002c0                      main.o:_00672_DS_:
000002c0 e0fc                 BCR 0x3, 0x6
000002c1 f41c                 BTRSS 0x63, 0x7
000002c2 c538                 LGOTO 0x2c7; main.o:_00676_DS_=0x2c7
000002c3 e07a                 BCR 0x5, 0x7
000002c4 ffff                 NOP
000002c5 e47a                 BSR 0x5, 0x7
000002c6 c533                 LGOTO 0x2cc; main.o:_00681_DS_=0x2cc
000002c7                      main.o:_00676_DS_:
000002c7 e07a                 BCR 0x5, 0x7
000002c8 e47a                 BSR 0x5, 0x7
000002c9 ffff                 NOP
000002ca ffff                 NOP
000002cb e07a                 BCR 0x5, 0x7
000002cc                      main.o:_00681_DS_:
000002cc e0fc                 BCR 0x3, 0x6
000002cd f49c                 BTRSS 0x63, 0x6
000002ce c52c                 LGOTO 0x2d3; main.o:_00685_DS_=0x2d3
000002cf e07a                 BCR 0x5, 0x7
000002d0 ffff                 NOP
000002d1 e47a                 BSR 0x5, 0x7
000002d2 c527                 LGOTO 0x2d8; main.o:_00690_DS_=0x2d8
000002d3                      main.o:_00685_DS_:
000002d3 e07a                 BCR 0x5, 0x7
000002d4 e47a                 BSR 0x5, 0x7
000002d5 ffff                 NOP
000002d6 ffff                 NOP
000002d7 e07a                 BCR 0x5, 0x7
000002d8                      main.o:_00690_DS_:
000002d8 e0fc                 BCR 0x3, 0x6
000002d9 f51c                 BTRSS 0x63, 0x5
000002da c520                 LGOTO 0x2df; main.o:_00694_DS_=0x2df
000002db e07a                 BCR 0x5, 0x7
000002dc ffff                 NOP
000002dd e47a                 BSR 0x5, 0x7
000002de c51b                 LGOTO 0x2e4; main.o:_00699_DS_=0x2e4
000002df                      main.o:_00694_DS_:
000002df e07a                 BCR 0x5, 0x7
000002e0 e47a                 BSR 0x5, 0x7
000002e1 ffff                 NOP
000002e2 ffff                 NOP
000002e3 e07a                 BCR 0x5, 0x7
000002e4                      main.o:_00699_DS_:
000002e4 e0fc                 BCR 0x3, 0x6
000002e5 f59c                 BTRSS 0x63, 0x4
000002e6 c514                 LGOTO 0x2eb; main.o:_00703_DS_=0x2eb
000002e7 e07a                 BCR 0x5, 0x7
000002e8 ffff                 NOP
000002e9 e47a                 BSR 0x5, 0x7
000002ea c50f                 LGOTO 0x2f0; main.o:_00708_DS_=0x2f0
000002eb                      main.o:_00703_DS_:
000002eb e07a                 BCR 0x5, 0x7
000002ec e47a                 BSR 0x5, 0x7
000002ed ffff                 NOP
000002ee ffff                 NOP
000002ef e07a                 BCR 0x5, 0x7
000002f0                      main.o:_00708_DS_:
000002f0 e0fc                 BCR 0x3, 0x6
000002f1 f61c                 BTRSS 0x63, 0x3
000002f2 c508                 LGOTO 0x2f7; main.o:_00712_DS_=0x2f7
000002f3 e07a                 BCR 0x5, 0x7
000002f4 ffff                 NOP
000002f5 e47a                 BSR 0x5, 0x7
000002f6 c503                 LGOTO 0x2fc; main.o:_00717_DS_=0x2fc
000002f7                      main.o:_00712_DS_:
000002f7 e07a                 BCR 0x5, 0x7
000002f8 e47a                 BSR 0x5, 0x7
000002f9 ffff                 NOP
000002fa ffff                 NOP
000002fb e07a                 BCR 0x5, 0x7
000002fc                      main.o:_00717_DS_:
000002fc e0fc                 BCR 0x3, 0x6
000002fd f69c                 BTRSS 0x63, 0x2
000002fe c4fc                 LGOTO 0x303; main.o:_00721_DS_=0x303
000002ff e07a                 BCR 0x5, 0x7
00000300 ffff                 NOP
00000301 e47a                 BSR 0x5, 0x7
00000302 c4f7                 LGOTO 0x308; main.o:_00726_DS_=0x308
00000303                      main.o:_00721_DS_:
00000303 e07a                 BCR 0x5, 0x7
00000304 e47a                 BSR 0x5, 0x7
00000305 ffff                 NOP
00000306 ffff                 NOP
00000307 e07a                 BCR 0x5, 0x7
00000308                      main.o:_00726_DS_:
00000308 e0fc                 BCR 0x3, 0x6
00000309 f71c                 BTRSS 0x63, 0x1
0000030a c4f0                 LGOTO 0x30f; main.o:_00730_DS_=0x30f
0000030b e07a                 BCR 0x5, 0x7
0000030c ffff                 NOP
0000030d e47a                 BSR 0x5, 0x7
0000030e c4eb                 LGOTO 0x314; main.o:_00735_DS_=0x314
0000030f                      main.o:_00730_DS_:
0000030f e07a                 BCR 0x5, 0x7
00000310 e47a                 BSR 0x5, 0x7
00000311 ffff                 NOP
00000312 ffff                 NOP
00000313 e07a                 BCR 0x5, 0x7
00000314                      main.o:_00735_DS_:
00000314 e0fc                 BCR 0x3, 0x6
00000315 f79c                 BTRSS 0x63, 0x0
00000316 c4e4                 LGOTO 0x31b; main.o:_00739_DS_=0x31b
00000317 e07a                 BCR 0x5, 0x7
00000318 ffff                 NOP
00000319 e47a                 BSR 0x5, 0x7
0000031a c4df                 LGOTO 0x320; main.o:_00744_DS_=0x320
0000031b                      main.o:_00739_DS_:
0000031b e07a                 BCR 0x5, 0x7
0000031c e47a                 BSR 0x5, 0x7
0000031d ffff                 NOP
0000031e ffff                 NOP
0000031f e07a                 BCR 0x5, 0x7
00000320                      main.o:_00744_DS_:
00000320 e07a                 BCR 0x5, 0x7
00000321 fffb                 ENI
00000322 ffef                 RET
00000323                      _sendRGB:
00000323 e0fc                 BCR 0x3, 0x6
00000324 ff1e                 MOVAR 0x61
00000325 feb0                 MOVR 0x4f, 0x0
00000326 ff1d                 MOVAR 0x62
00000327 feb1                 MOVR 0x4e, 0x0
00000328 ff1c                 MOVAR 0x63
00000329 ffec                 DISI
0000032a f41e                 BTRSS 0x61, 0x7
0000032b c4cf                 LGOTO 0x330; main.o:_00312_DS_=0x330
0000032c e279                 BCR 0x6, 0x3
0000032d ffff                 NOP
0000032e e679                 BSR 0x6, 0x3
0000032f c4c9                 LGOTO 0x336; main.o:_00317_DS_=0x336
00000330                      main.o:_00312_DS_:
00000330 e0fc                 BCR 0x3, 0x6
00000331 e279                 BCR 0x6, 0x3
00000332 e679                 BSR 0x6, 0x3
00000333 ffff                 NOP
00000334 ffff                 NOP
00000335 e279                 BCR 0x6, 0x3
00000336                      main.o:_00317_DS_:
00000336 e0fc                 BCR 0x3, 0x6
00000337 f49e                 BTRSS 0x61, 0x6
00000338 c4c2                 LGOTO 0x33d; main.o:_00321_DS_=0x33d
00000339 e279                 BCR 0x6, 0x3
0000033a ffff                 NOP
0000033b e679                 BSR 0x6, 0x3
0000033c c4bc                 LGOTO 0x343; main.o:_00326_DS_=0x343
0000033d                      main.o:_00321_DS_:
0000033d e0fc                 BCR 0x3, 0x6
0000033e e279                 BCR 0x6, 0x3
0000033f e679                 BSR 0x6, 0x3
00000340 ffff                 NOP
00000341 ffff                 NOP
00000342 e279                 BCR 0x6, 0x3
00000343                      main.o:_00326_DS_:
00000343 e0fc                 BCR 0x3, 0x6
00000344 f51e                 BTRSS 0x61, 0x5
00000345 c4b5                 LGOTO 0x34a; main.o:_00330_DS_=0x34a
00000346 e279                 BCR 0x6, 0x3
00000347 ffff                 NOP
00000348 e679                 BSR 0x6, 0x3
00000349 c4af                 LGOTO 0x350; main.o:_00335_DS_=0x350
0000034a                      main.o:_00330_DS_:
0000034a e0fc                 BCR 0x3, 0x6
0000034b e279                 BCR 0x6, 0x3
0000034c e679                 BSR 0x6, 0x3
0000034d ffff                 NOP
0000034e ffff                 NOP
0000034f e279                 BCR 0x6, 0x3
00000350                      main.o:_00335_DS_:
00000350 e0fc                 BCR 0x3, 0x6
00000351 f59e                 BTRSS 0x61, 0x4
00000352 c4a8                 LGOTO 0x357; main.o:_00339_DS_=0x357
00000353 e279                 BCR 0x6, 0x3
00000354 ffff                 NOP
00000355 e679                 BSR 0x6, 0x3
00000356 c4a2                 LGOTO 0x35d; main.o:_00344_DS_=0x35d
00000357                      main.o:_00339_DS_:
00000357 e0fc                 BCR 0x3, 0x6
00000358 e279                 BCR 0x6, 0x3
00000359 e679                 BSR 0x6, 0x3
0000035a ffff                 NOP
0000035b ffff                 NOP
0000035c e279                 BCR 0x6, 0x3
0000035d                      main.o:_00344_DS_:
0000035d e0fc                 BCR 0x3, 0x6
0000035e f61e                 BTRSS 0x61, 0x3
0000035f c49b                 LGOTO 0x364; main.o:_00348_DS_=0x364
00000360 e279                 BCR 0x6, 0x3
00000361 ffff                 NOP
00000362 e679                 BSR 0x6, 0x3
00000363 c495                 LGOTO 0x36a; main.o:_00353_DS_=0x36a
00000364                      main.o:_00348_DS_:
00000364 e0fc                 BCR 0x3, 0x6
00000365 e279                 BCR 0x6, 0x3
00000366 e679                 BSR 0x6, 0x3
00000367 ffff                 NOP
00000368 ffff                 NOP
00000369 e279                 BCR 0x6, 0x3
0000036a                      main.o:_00353_DS_:
0000036a e0fc                 BCR 0x3, 0x6
0000036b f69e                 BTRSS 0x61, 0x2
0000036c c48e                 LGOTO 0x371; main.o:_00357_DS_=0x371
0000036d e279                 BCR 0x6, 0x3
0000036e ffff                 NOP
0000036f e679                 BSR 0x6, 0x3
00000370 c488                 LGOTO 0x377; main.o:_00362_DS_=0x377
00000371                      main.o:_00357_DS_:
00000371 e0fc                 BCR 0x3, 0x6
00000372 e279                 BCR 0x6, 0x3
00000373 e679                 BSR 0x6, 0x3
00000374 ffff                 NOP
00000375 ffff                 NOP
00000376 e279                 BCR 0x6, 0x3
00000377                      main.o:_00362_DS_:
00000377 e0fc                 BCR 0x3, 0x6
00000378 f71e                 BTRSS 0x61, 0x1
00000379 c481                 LGOTO 0x37e; main.o:_00366_DS_=0x37e
0000037a e279                 BCR 0x6, 0x3
0000037b ffff                 NOP
0000037c e679                 BSR 0x6, 0x3
0000037d c47b                 LGOTO 0x384; main.o:_00371_DS_=0x384
0000037e                      main.o:_00366_DS_:
0000037e e0fc                 BCR 0x3, 0x6
0000037f e279                 BCR 0x6, 0x3
00000380 e679                 BSR 0x6, 0x3
00000381 ffff                 NOP
00000382 ffff                 NOP
00000383 e279                 BCR 0x6, 0x3
00000384                      main.o:_00371_DS_:
00000384 e0fc                 BCR 0x3, 0x6
00000385 f79e                 BTRSS 0x61, 0x0
00000386 c474                 LGOTO 0x38b; main.o:_00375_DS_=0x38b
00000387 e279                 BCR 0x6, 0x3
00000388 ffff                 NOP
00000389 e679                 BSR 0x6, 0x3
0000038a c46e                 LGOTO 0x391; main.o:_00380_DS_=0x391
0000038b                      main.o:_00375_DS_:
0000038b e0fc                 BCR 0x3, 0x6
0000038c e279                 BCR 0x6, 0x3
0000038d e679                 BSR 0x6, 0x3
0000038e ffff                 NOP
0000038f ffff                 NOP
00000390 e279                 BCR 0x6, 0x3
00000391                      main.o:_00380_DS_:
00000391 e0fc                 BCR 0x3, 0x6
00000392 f41d                 BTRSS 0x62, 0x7
00000393 c467                 LGOTO 0x398; main.o:_00384_DS_=0x398
00000394 e279                 BCR 0x6, 0x3
00000395 ffff                 NOP
00000396 e679                 BSR 0x6, 0x3
00000397 c461                 LGOTO 0x39e; main.o:_00389_DS_=0x39e
00000398                      main.o:_00384_DS_:
00000398 e0fc                 BCR 0x3, 0x6
00000399 e279                 BCR 0x6, 0x3
0000039a e679                 BSR 0x6, 0x3
0000039b ffff                 NOP
0000039c ffff                 NOP
0000039d e279                 BCR 0x6, 0x3
0000039e                      main.o:_00389_DS_:
0000039e e0fc                 BCR 0x3, 0x6
0000039f f49d                 BTRSS 0x62, 0x6
000003a0 c45a                 LGOTO 0x3a5; main.o:_00393_DS_=0x3a5
000003a1 e279                 BCR 0x6, 0x3
000003a2 ffff                 NOP
000003a3 e679                 BSR 0x6, 0x3
000003a4 c454                 LGOTO 0x3ab; main.o:_00398_DS_=0x3ab
000003a5                      main.o:_00393_DS_:
000003a5 e0fc                 BCR 0x3, 0x6
000003a6 e279                 BCR 0x6, 0x3
000003a7 e679                 BSR 0x6, 0x3
000003a8 ffff                 NOP
000003a9 ffff                 NOP
000003aa e279                 BCR 0x6, 0x3
000003ab                      main.o:_00398_DS_:
000003ab e0fc                 BCR 0x3, 0x6
000003ac f51d                 BTRSS 0x62, 0x5
000003ad c44d                 LGOTO 0x3b2; main.o:_00402_DS_=0x3b2
000003ae e279                 BCR 0x6, 0x3
000003af ffff                 NOP
000003b0 e679                 BSR 0x6, 0x3
000003b1 c447                 LGOTO 0x3b8; main.o:_00407_DS_=0x3b8
000003b2                      main.o:_00402_DS_:
000003b2 e0fc                 BCR 0x3, 0x6
000003b3 e279                 BCR 0x6, 0x3
000003b4 e679                 BSR 0x6, 0x3
000003b5 ffff                 NOP
000003b6 ffff                 NOP
000003b7 e279                 BCR 0x6, 0x3
000003b8                      main.o:_00407_DS_:
000003b8 e0fc                 BCR 0x3, 0x6
000003b9 f59d                 BTRSS 0x62, 0x4
000003ba c440                 LGOTO 0x3bf; main.o:_00411_DS_=0x3bf
000003bb e279                 BCR 0x6, 0x3
000003bc ffff                 NOP
000003bd e679                 BSR 0x6, 0x3
000003be c43a                 LGOTO 0x3c5; main.o:_00416_DS_=0x3c5
000003bf                      main.o:_00411_DS_:
000003bf e0fc                 BCR 0x3, 0x6
000003c0 e279                 BCR 0x6, 0x3
000003c1 e679                 BSR 0x6, 0x3
000003c2 ffff                 NOP
000003c3 ffff                 NOP
000003c4 e279                 BCR 0x6, 0x3
000003c5                      main.o:_00416_DS_:
000003c5 e0fc                 BCR 0x3, 0x6
000003c6 f61d                 BTRSS 0x62, 0x3
000003c7 c433                 LGOTO 0x3cc; main.o:_00420_DS_=0x3cc
000003c8 e279                 BCR 0x6, 0x3
000003c9 ffff                 NOP
000003ca e679                 BSR 0x6, 0x3
000003cb c42d                 LGOTO 0x3d2; main.o:_00425_DS_=0x3d2
000003cc                      main.o:_00420_DS_:
000003cc e0fc                 BCR 0x3, 0x6
000003cd e279                 BCR 0x6, 0x3
000003ce e679                 BSR 0x6, 0x3
000003cf ffff                 NOP
000003d0 ffff                 NOP
000003d1 e279                 BCR 0x6, 0x3
000003d2                      main.o:_00425_DS_:
000003d2 e0fc                 BCR 0x3, 0x6
000003d3 f69d                 BTRSS 0x62, 0x2
000003d4 c426                 LGOTO 0x3d9; main.o:_00429_DS_=0x3d9
000003d5 e279                 BCR 0x6, 0x3
000003d6 ffff                 NOP
000003d7 e679                 BSR 0x6, 0x3
000003d8 c420                 LGOTO 0x3df; main.o:_00434_DS_=0x3df
000003d9                      main.o:_00429_DS_:
000003d9 e0fc                 BCR 0x3, 0x6
000003da e279                 BCR 0x6, 0x3
000003db e679                 BSR 0x6, 0x3
000003dc ffff                 NOP
000003dd ffff                 NOP
000003de e279                 BCR 0x6, 0x3
000003df                      main.o:_00434_DS_:
000003df e0fc                 BCR 0x3, 0x6
000003e0 f71d                 BTRSS 0x62, 0x1
000003e1 c419                 LGOTO 0x3e6; main.o:_00438_DS_=0x3e6
000003e2 e279                 BCR 0x6, 0x3
000003e3 ffff                 NOP
000003e4 e679                 BSR 0x6, 0x3
000003e5 c413                 LGOTO 0x3ec; main.o:_00443_DS_=0x3ec
000003e6                      main.o:_00438_DS_:
000003e6 e0fc                 BCR 0x3, 0x6
000003e7 e279                 BCR 0x6, 0x3
000003e8 e679                 BSR 0x6, 0x3
000003e9 ffff                 NOP
000003ea ffff                 NOP
000003eb e279                 BCR 0x6, 0x3
000003ec                      main.o:_00443_DS_:
000003ec e0fc                 BCR 0x3, 0x6
000003ed f79d                 BTRSS 0x62, 0x0
000003ee c40c                 LGOTO 0x3f3; main.o:_00447_DS_=0x3f3
000003ef e279                 BCR 0x6, 0x3
000003f0 ffff                 NOP
000003f1 e679                 BSR 0x6, 0x3
000003f2 c406                 LGOTO 0x3f9; main.o:_00452_DS_=0x3f9
000003f3                      main.o:_00447_DS_:
000003f3 e0fc                 BCR 0x3, 0x6
000003f4 e279                 BCR 0x6, 0x3
000003f5 e679                 BSR 0x6, 0x3
000003f6 ffff                 NOP
000003f7 ffff                 NOP
000003f8 e279                 BCR 0x6, 0x3
000003f9                      main.o:_00452_DS_:
000003f9 e0fc                 BCR 0x3, 0x6
000003fa f41c                 BTRSS 0x63, 0x7
000003fb c3ff                 LGOTO 0x400; main.o:_00456_DS_=0x400
000003fc e279                 BCR 0x6, 0x3
000003fd ffff                 NOP
000003fe e679                 BSR 0x6, 0x3
000003ff c3f9                 LGOTO 0x406; main.o:_00461_DS_=0x406
00000400                      main.o:_00456_DS_:
00000400 e0fc                 BCR 0x3, 0x6
00000401 e279                 BCR 0x6, 0x3
00000402 e679                 BSR 0x6, 0x3
00000403 ffff                 NOP
00000404 ffff                 NOP
00000405 e279                 BCR 0x6, 0x3
00000406                      main.o:_00461_DS_:
00000406 e0fc                 BCR 0x3, 0x6
00000407 f49c                 BTRSS 0x63, 0x6
00000408 c3f2                 LGOTO 0x40d; main.o:_00465_DS_=0x40d
00000409 e279                 BCR 0x6, 0x3
0000040a ffff                 NOP
0000040b e679                 BSR 0x6, 0x3
0000040c c3ec                 LGOTO 0x413; main.o:_00470_DS_=0x413
0000040d                      main.o:_00465_DS_:
0000040d e0fc                 BCR 0x3, 0x6
0000040e e279                 BCR 0x6, 0x3
0000040f e679                 BSR 0x6, 0x3
00000410 ffff                 NOP
00000411 ffff                 NOP
00000412 e279                 BCR 0x6, 0x3
00000413                      main.o:_00470_DS_:
00000413 e0fc                 BCR 0x3, 0x6
00000414 f51c                 BTRSS 0x63, 0x5
00000415 c3e5                 LGOTO 0x41a; main.o:_00474_DS_=0x41a
00000416 e279                 BCR 0x6, 0x3
00000417 ffff                 NOP
00000418 e679                 BSR 0x6, 0x3
00000419 c3df                 LGOTO 0x420; main.o:_00479_DS_=0x420
0000041a                      main.o:_00474_DS_:
0000041a e0fc                 BCR 0x3, 0x6
0000041b e279                 BCR 0x6, 0x3
0000041c e679                 BSR 0x6, 0x3
0000041d ffff                 NOP
0000041e ffff                 NOP
0000041f e279                 BCR 0x6, 0x3
00000420                      main.o:_00479_DS_:
00000420 e0fc                 BCR 0x3, 0x6
00000421 f59c                 BTRSS 0x63, 0x4
00000422 c3d8                 LGOTO 0x427; main.o:_00483_DS_=0x427
00000423 e279                 BCR 0x6, 0x3
00000424 ffff                 NOP
00000425 e679                 BSR 0x6, 0x3
00000426 c3d2                 LGOTO 0x42d; main.o:_00488_DS_=0x42d
00000427                      main.o:_00483_DS_:
00000427 e0fc                 BCR 0x3, 0x6
00000428 e279                 BCR 0x6, 0x3
00000429 e679                 BSR 0x6, 0x3
0000042a ffff                 NOP
0000042b ffff                 NOP
0000042c e279                 BCR 0x6, 0x3
0000042d                      main.o:_00488_DS_:
0000042d e0fc                 BCR 0x3, 0x6
0000042e f61c                 BTRSS 0x63, 0x3
0000042f c3cb                 LGOTO 0x434; main.o:_00492_DS_=0x434
00000430 e279                 BCR 0x6, 0x3
00000431 ffff                 NOP
00000432 e679                 BSR 0x6, 0x3
00000433 c3c5                 LGOTO 0x43a; main.o:_00497_DS_=0x43a
00000434                      main.o:_00492_DS_:
00000434 e0fc                 BCR 0x3, 0x6
00000435 e279                 BCR 0x6, 0x3
00000436 e679                 BSR 0x6, 0x3
00000437 ffff                 NOP
00000438 ffff                 NOP
00000439 e279                 BCR 0x6, 0x3
0000043a                      main.o:_00497_DS_:
0000043a e0fc                 BCR 0x3, 0x6
0000043b f69c                 BTRSS 0x63, 0x2
0000043c c3be                 LGOTO 0x441; main.o:_00501_DS_=0x441
0000043d e279                 BCR 0x6, 0x3
0000043e ffff                 NOP
0000043f e679                 BSR 0x6, 0x3
00000440 c3b8                 LGOTO 0x447; main.o:_00506_DS_=0x447
00000441                      main.o:_00501_DS_:
00000441 e0fc                 BCR 0x3, 0x6
00000442 e279                 BCR 0x6, 0x3
00000443 e679                 BSR 0x6, 0x3
00000444 ffff                 NOP
00000445 ffff                 NOP
00000446 e279                 BCR 0x6, 0x3
00000447                      main.o:_00506_DS_:
00000447 e0fc                 BCR 0x3, 0x6
00000448 f71c                 BTRSS 0x63, 0x1
00000449 c3b1                 LGOTO 0x44e; main.o:_00510_DS_=0x44e
0000044a e279                 BCR 0x6, 0x3
0000044b ffff                 NOP
0000044c e679                 BSR 0x6, 0x3
0000044d c3ab                 LGOTO 0x454; main.o:_00515_DS_=0x454
0000044e                      main.o:_00510_DS_:
0000044e e0fc                 BCR 0x3, 0x6
0000044f e279                 BCR 0x6, 0x3
00000450 e679                 BSR 0x6, 0x3
00000451 ffff                 NOP
00000452 ffff                 NOP
00000453 e279                 BCR 0x6, 0x3
00000454                      main.o:_00515_DS_:
00000454 e0fc                 BCR 0x3, 0x6
00000455 f79c                 BTRSS 0x63, 0x0
00000456 c3a4                 LGOTO 0x45b; main.o:_00519_DS_=0x45b
00000457 e279                 BCR 0x6, 0x3
00000458 ffff                 NOP
00000459 e679                 BSR 0x6, 0x3
0000045a c39e                 LGOTO 0x461; main.o:_00524_DS_=0x461
0000045b                      main.o:_00519_DS_:
0000045b e0fc                 BCR 0x3, 0x6
0000045c e279                 BCR 0x6, 0x3
0000045d e679                 BSR 0x6, 0x3
0000045e ffff                 NOP
0000045f ffff                 NOP
00000460 e279                 BCR 0x6, 0x3
00000461                      main.o:_00524_DS_:
00000461 e0fc                 BCR 0x3, 0x6
00000462 e279                 BCR 0x6, 0x3
00000463 fffb                 ENI
00000464 ffef                 RET
00000465                      _Delay80us:
00000465 e0fc                 BCR 0x3, 0x6
00000466 fd2b                 CLRR 0x54
00000467                      main.o:_00298_DS_:
00000467 decd                 MOVIA 0x32
00000468 e0fc                 BCR 0x3, 0x6
00000469 fbab                 SUBAR 0x54, 0x0
0000046a f3fc                 BTRSC 0x3, 0x0
0000046b c390                 LGOTO 0x46f; main.o:_00300_DS_=0x46f
0000046c ffff                 NOP
0000046d fa2b                 INCR 0x54, 0x1
0000046e c398                 LGOTO 0x467; main.o:_00298_DS_=0x467
0000046f                      main.o:_00300_DS_:
0000046f ffef                 RET
00000470                      _breath3:
00000470 e0fc                 BCR 0x3, 0x6
00000471 ff44                 MOVAR 0x3b
00000472 feb0                 MOVR 0x4f, 0x0
00000473 ff45                 MOVAR 0x3a
00000474 feb1                 MOVR 0x4e, 0x0
00000475 ff46                 MOVAR 0x39
00000476 feb2                 MOVR 0x4d, 0x0
00000477 ff41                 MOVAR 0x3e
00000478 feb3                 MOVR 0x4c, 0x0
00000479 ff42                 MOVAR 0x3d
0000047a feb4                 MOVR 0x4b, 0x0
0000047b ff43                 MOVAR 0x3c
0000047c feb5                 MOVR 0x4a, 0x0
0000047d ff2e                 MOVAR 0x51
0000047e feb6                 MOVR 0x49, 0x0
0000047f ff2f                 MOVAR 0x50
00000480 feb7                 MOVR 0x48, 0x0
00000481 ff40                 MOVAR 0x3f
00000482 feb8                 MOVR 0x47, 0x0
00000483 ff2d                 MOVAR 0x52
00000484 fec0                 MOVR 0x3f, 0x0
00000485 ff31                 MOVAR 0x4e
00000486 feaf                 MOVR 0x50, 0x0
00000487 ff30                 MOVAR 0x4f
00000488 feae                 MOVR 0x51, 0x0
00000489 d15c                 LCALL 0x6a3; __gptrget=0x6a3
0000048a e0fc                 BCR 0x3, 0x6
0000048b ff2c                 MOVAR 0x53
0000048c def4                 MOVIA 0xb
0000048d fbac                 SUBAR 0x53, 0x0
0000048e f7fc                 BTRSS 0x3, 0x0
0000048f c366                 LGOTO 0x499; main.o:_00287_DS_=0x499
00000490 f92c                 DECR 0x53, 0x1
00000491 feac                 MOVR 0x53, 0x0
00000492 ff32                 MOVAR 0x4d
00000493 fec0                 MOVR 0x3f, 0x0
00000494 ff31                 MOVAR 0x4e
00000495 feaf                 MOVR 0x50, 0x0
00000496 ff30                 MOVAR 0x4f
00000497 feae                 MOVR 0x51, 0x0
00000498 d149                 LCALL 0x6b6; __gptrput=0x6b6
00000499                      main.o:_00287_DS_:
00000499 e0fc                 BCR 0x3, 0x6
0000049a fec3                 MOVR 0x3c, 0x0
0000049b ff31                 MOVAR 0x4e
0000049c fec2                 MOVR 0x3d, 0x0
0000049d ff30                 MOVAR 0x4f
0000049e fec1                 MOVR 0x3e, 0x0
0000049f d15c                 LCALL 0x6a3; __gptrget=0x6a3
000004a0 e0fc                 BCR 0x3, 0x6
000004a1 ff2c                 MOVAR 0x53
000004a2 def4                 MOVIA 0xb
000004a3 fbac                 SUBAR 0x53, 0x0
000004a4 f7fc                 BTRSS 0x3, 0x0
000004a5 c350                 LGOTO 0x4af; main.o:_00289_DS_=0x4af
000004a6 f92c                 DECR 0x53, 0x1
000004a7 feac                 MOVR 0x53, 0x0
000004a8 ff32                 MOVAR 0x4d
000004a9 fec3                 MOVR 0x3c, 0x0
000004aa ff31                 MOVAR 0x4e
000004ab fec2                 MOVR 0x3d, 0x0
000004ac ff30                 MOVAR 0x4f
000004ad fec1                 MOVR 0x3e, 0x0
000004ae d149                 LCALL 0x6b6; __gptrput=0x6b6
000004af                      main.o:_00289_DS_:
000004af e0fc                 BCR 0x3, 0x6
000004b0 fec6                 MOVR 0x39, 0x0
000004b1 ff31                 MOVAR 0x4e
000004b2 fec5                 MOVR 0x3a, 0x0
000004b3 ff30                 MOVAR 0x4f
000004b4 fec4                 MOVR 0x3b, 0x0
000004b5 d15c                 LCALL 0x6a3; __gptrget=0x6a3
000004b6 e0fc                 BCR 0x3, 0x6
000004b7 ff2c                 MOVAR 0x53
000004b8 def4                 MOVIA 0xb
000004b9 fbac                 SUBAR 0x53, 0x0
000004ba f7fc                 BTRSS 0x3, 0x0
000004bb c33a                 LGOTO 0x4c5; main.o:_00291_DS_=0x4c5
000004bc f92c                 DECR 0x53, 0x1
000004bd feac                 MOVR 0x53, 0x0
000004be ff32                 MOVAR 0x4d
000004bf fec6                 MOVR 0x39, 0x0
000004c0 ff31                 MOVAR 0x4e
000004c1 fec5                 MOVR 0x3a, 0x0
000004c2 ff30                 MOVAR 0x4f
000004c3 fec4                 MOVR 0x3b, 0x0
000004c4 d149                 LCALL 0x6b6; __gptrput=0x6b6
000004c5                      main.o:_00291_DS_:
000004c5 e0fc                 BCR 0x3, 0x6
000004c6 fec6                 MOVR 0x39, 0x0
000004c7 ff31                 MOVAR 0x4e
000004c8 fec5                 MOVR 0x3a, 0x0
000004c9 ff30                 MOVAR 0x4f
000004ca fec4                 MOVR 0x3b, 0x0
000004cb d15c                 LCALL 0x6a3; __gptrget=0x6a3
000004cc e0fc                 BCR 0x3, 0x6
000004cd ff2c                 MOVAR 0x53
000004ce fec3                 MOVR 0x3c, 0x0
000004cf ff31                 MOVAR 0x4e
000004d0 fec2                 MOVR 0x3d, 0x0
000004d1 ff30                 MOVAR 0x4f
000004d2 fec1                 MOVR 0x3e, 0x0
000004d3 d15c                 LCALL 0x6a3; __gptrget=0x6a3
000004d4 e0fc                 BCR 0x3, 0x6
000004d5 ff46                 MOVAR 0x39
000004d6 fec0                 MOVR 0x3f, 0x0
000004d7 ff31                 MOVAR 0x4e
000004d8 feaf                 MOVR 0x50, 0x0
000004d9 ff30                 MOVAR 0x4f
000004da feae                 MOVR 0x51, 0x0
000004db d15c                 LCALL 0x6a3; __gptrget=0x6a3
000004dc e0fc                 BCR 0x3, 0x6
000004dd ff43                 MOVAR 0x3c
000004de fead                 MOVR 0x52, 0x0
000004df ff32                 MOVAR 0x4d
000004e0 fec3                 MOVR 0x3c, 0x0
000004e1 ff31                 MOVAR 0x4e
000004e2 fec6                 MOVR 0x39, 0x0
000004e3 ff30                 MOVAR 0x4f
000004e4 feac                 MOVR 0x53, 0x0
000004e5 d782                 LCALL 0x7d; _sendtoLast=0x7d
000004e6 ffef                 RET
000004e7                      _proData:
000004e7 e0fc                 BCR 0x3, 0x6
000004e8 f8db                 COMR 0x24, 0x0
000004e9 ff5a                 MOVAR 0x25
000004ea eddc                 XORAR 0x23, 0x0
000004eb f6fc                 BTRSS 0x3, 0x2
000004ec c282                 LGOTO 0x57d; main.o:_00264_DS_=0x57d
000004ed fe95                 MOVR 0x6a, 0x0
000004ee f6fc                 BTRSS 0x3, 0x2
000004ef c282                 LGOTO 0x57d; main.o:_00264_DS_=0x57d
000004f0 dee1                 MOVIA 0x1e
000004f1 ff15                 MOVAR 0x6a
000004f2 feda                 MOVR 0x25, 0x0
000004f3 dbba                 XORIA 0x45
000004f4 f2fc                 BTRSC 0x3, 0x2
000004f5 c304                 LGOTO 0x4fb; main.o:_00260_DS_=0x4fb
000004f6 feda                 MOVR 0x25, 0x0
000004f7 dbb9                 XORIA 0x46
000004f8 f2fc                 BTRSC 0x3, 0x2
000004f9 c2ee                 LGOTO 0x511; main.o:_00261_DS_=0x511
000004fa c282                 LGOTO 0x57d; main.o:_00264_DS_=0x57d
000004fb                      main.o:_00260_DS_:
000004fb defe                 MOVIA 0x1
000004fc ff32                 MOVAR 0x4d
000004fd deff                 MOVIA 0x0
000004fe ff31                 MOVAR 0x4e
000004ff de00                 MOVIA 0xff
00000500 ff30                 MOVAR 0x4f
00000501 d782                 LCALL 0x7d; _sendtoLast=0x7d
00000502 defd                 MOVIA 0x2
00000503 ff32                 MOVAR 0x4d
00000504 deff                 MOVIA 0x0
00000505 ff31                 MOVAR 0x4e
00000506 de00                 MOVIA 0xff
00000507 ff30                 MOVAR 0x4f
00000508 d782                 LCALL 0x7d; _sendtoLast=0x7d
00000509 defc                 MOVIA 0x3
0000050a ff32                 MOVAR 0x4d
0000050b deff                 MOVIA 0x0
0000050c ff31                 MOVAR 0x4e
0000050d de00                 MOVIA 0xff
0000050e ff30                 MOVAR 0x4f
0000050f d782                 LCALL 0x7d; _sendtoLast=0x7d
00000510 c282                 LGOTO 0x57d; main.o:_00264_DS_=0x57d
00000511                      main.o:_00261_DS_:
00000511 deff                 MOVIA 0x0
00000512 e0fc                 BCR 0x3, 0x6
00000513 ff4e                 MOVAR 0x31
00000514 de9b                 MOVIA 0x64
00000515 ff4f                 MOVAR 0x30
00000516 fd4d                 CLRR 0x32
00000517 deff                 MOVIA 0x0
00000518 ff4b                 MOVAR 0x34
00000519 de9a                 MOVIA 0x65
0000051a ff4c                 MOVAR 0x33
0000051b fd4a                 CLRR 0x35
0000051c deff                 MOVIA 0x0
0000051d ff48                 MOVAR 0x37
0000051e de99                 MOVIA 0x66
0000051f ff49                 MOVAR 0x36
00000520 fd47                 CLRR 0x38
00000521 defe                 MOVIA 0x1
00000522 ff38                 MOVAR 0x47
00000523 fec9                 MOVR 0x36, 0x0
00000524 ff37                 MOVAR 0x48
00000525 fec8                 MOVR 0x37, 0x0
00000526 ff36                 MOVAR 0x49
00000527 deff                 MOVIA 0x0
00000528 ff35                 MOVAR 0x4a
00000529 fecc                 MOVR 0x33, 0x0
0000052a ff34                 MOVAR 0x4b
0000052b fecb                 MOVR 0x34, 0x0
0000052c ff33                 MOVAR 0x4c
0000052d deff                 MOVIA 0x0
0000052e ff32                 MOVAR 0x4d
0000052f fecf                 MOVR 0x30, 0x0
00000530 ff31                 MOVAR 0x4e
00000531 fece                 MOVR 0x31, 0x0
00000532 ff30                 MOVAR 0x4f
00000533 deff                 MOVIA 0x0
00000534 d38f                 LCALL 0x470; _breath3=0x470
00000535 deff                 MOVIA 0x0
00000536 e0fc                 BCR 0x3, 0x6
00000537 ff4e                 MOVAR 0x31
00000538 de9b                 MOVIA 0x64
00000539 ff4f                 MOVAR 0x30
0000053a fd4d                 CLRR 0x32
0000053b deff                 MOVIA 0x0
0000053c ff4b                 MOVAR 0x34
0000053d de9a                 MOVIA 0x65
0000053e ff4c                 MOVAR 0x33
0000053f fd4a                 CLRR 0x35
00000540 deff                 MOVIA 0x0
00000541 ff48                 MOVAR 0x37
00000542 de99                 MOVIA 0x66
00000543 ff49                 MOVAR 0x36
00000544 fd47                 CLRR 0x38
00000545 defd                 MOVIA 0x2
00000546 ff38                 MOVAR 0x47
00000547 fec9                 MOVR 0x36, 0x0
00000548 ff37                 MOVAR 0x48
00000549 fec8                 MOVR 0x37, 0x0
0000054a ff36                 MOVAR 0x49
0000054b deff                 MOVIA 0x0
0000054c ff35                 MOVAR 0x4a
0000054d fecc                 MOVR 0x33, 0x0
0000054e ff34                 MOVAR 0x4b
0000054f fecb                 MOVR 0x34, 0x0
00000550 ff33                 MOVAR 0x4c
00000551 deff                 MOVIA 0x0
00000552 ff32                 MOVAR 0x4d
00000553 fecf                 MOVR 0x30, 0x0
00000554 ff31                 MOVAR 0x4e
00000555 fece                 MOVR 0x31, 0x0
00000556 ff30                 MOVAR 0x4f
00000557 deff                 MOVIA 0x0
00000558 d38f                 LCALL 0x470; _breath3=0x470
00000559 deff                 MOVIA 0x0
0000055a e0fc                 BCR 0x3, 0x6
0000055b ff4e                 MOVAR 0x31
0000055c de9b                 MOVIA 0x64
0000055d ff4f                 MOVAR 0x30
0000055e fd4d                 CLRR 0x32
0000055f deff                 MOVIA 0x0
00000560 ff4b                 MOVAR 0x34
00000561 de9a                 MOVIA 0x65
00000562 ff4c                 MOVAR 0x33
00000563 fd4a                 CLRR 0x35
00000564 deff                 MOVIA 0x0
00000565 ff48                 MOVAR 0x37
00000566 de99                 MOVIA 0x66
00000567 ff49                 MOVAR 0x36
00000568 fd47                 CLRR 0x38
00000569 defc                 MOVIA 0x3
0000056a ff38                 MOVAR 0x47
0000056b fec9                 MOVR 0x36, 0x0
0000056c ff37                 MOVAR 0x48
0000056d fec8                 MOVR 0x37, 0x0
0000056e ff36                 MOVAR 0x49
0000056f deff                 MOVIA 0x0
00000570 ff35                 MOVAR 0x4a
00000571 fecc                 MOVR 0x33, 0x0
00000572 ff34                 MOVAR 0x4b
00000573 fecb                 MOVR 0x34, 0x0
00000574 ff33                 MOVAR 0x4c
00000575 deff                 MOVIA 0x0
00000576 ff32                 MOVAR 0x4d
00000577 fecf                 MOVR 0x30, 0x0
00000578 ff31                 MOVAR 0x4e
00000579 fece                 MOVR 0x31, 0x0
0000057a ff30                 MOVAR 0x4f
0000057b deff                 MOVIA 0x0
0000057c d38f                 LCALL 0x470; _breath3=0x470
0000057d                      main.o:_00264_DS_:
0000057d e0fc                 BCR 0x3, 0x6
0000057e e19f                 BCR 0x60, 0x4
0000057f ffef                 RET
00000580                      _GetOneByte:
00000580 e0fc                 BCR 0x3, 0x6
00000581 ff50                 MOVAR 0x2f
00000582 f61f                 BTRSS 0x60, 0x3
00000583 c245                 LGOTO 0x5ba; main.o:_00255_DS_=0x5ba
00000584 fedf                 MOVR 0x20, 0x0
00000585 f6fc                 BTRSS 0x3, 0x2
00000586 c272                 LGOTO 0x58d; main.o:_00239_DS_=0x58d
00000587 fd5f                 CLRR 0x20
00000588 fd59                 CLRR 0x26
00000589 fd5b                 CLRR 0x24
0000058a fd5c                 CLRR 0x23
0000058b fd5d                 CLRR 0x22
0000058c fd5e                 CLRR 0x21
0000058d                      main.o:_00239_DS_:
0000058d e0fc                 BCR 0x3, 0x6
0000058e fa5f                 INCR 0x20, 0x1
0000058f fed0                 MOVR 0x2f, 0x0
00000590 f2fc                 BTRSC 0x3, 0x2
00000591 c26c                 LGOTO 0x593; main.o:_00005_DS_=0x593
00000592 e459                 BSR 0x26, 0x7
00000593                      main.o:_00005_DS_:
00000593 e0fc                 BCR 0x3, 0x6
00000594 fedf                 MOVR 0x20, 0x0
00000595 dbf7                 XORIA 0x8
00000596 f6fc                 BTRSS 0x3, 0x2
00000597 c264                 LGOTO 0x59b; main.o:_00251_DS_=0x59b
00000598 fed9                 MOVR 0x26, 0x0
00000599 ff5e                 MOVAR 0x21
0000059a c248                 LGOTO 0x5b7; main.o:_00252_DS_=0x5b7
0000059b                      main.o:_00251_DS_:
0000059b e0fc                 BCR 0x3, 0x6
0000059c fedf                 MOVR 0x20, 0x0
0000059d dbef                 XORIA 0x10
0000059e f6fc                 BTRSS 0x3, 0x2
0000059f c25c                 LGOTO 0x5a3; main.o:_00248_DS_=0x5a3
000005a0 fed9                 MOVR 0x26, 0x0
000005a1 ff5d                 MOVAR 0x22
000005a2 c248                 LGOTO 0x5b7; main.o:_00252_DS_=0x5b7
000005a3                      main.o:_00248_DS_:
000005a3 e0fc                 BCR 0x3, 0x6
000005a4 fedf                 MOVR 0x20, 0x0
000005a5 dbe7                 XORIA 0x18
000005a6 f6fc                 BTRSS 0x3, 0x2
000005a7 c254                 LGOTO 0x5ab; main.o:_00245_DS_=0x5ab
000005a8 fed9                 MOVR 0x26, 0x0
000005a9 ff5c                 MOVAR 0x23
000005aa c248                 LGOTO 0x5b7; main.o:_00252_DS_=0x5b7
000005ab                      main.o:_00245_DS_:
000005ab e0fc                 BCR 0x3, 0x6
000005ac fedf                 MOVR 0x20, 0x0
000005ad dbdf                 XORIA 0x20
000005ae f6fc                 BTRSS 0x3, 0x2
000005af c248                 LGOTO 0x5b7; main.o:_00252_DS_=0x5b7
000005b0 fed9                 MOVR 0x26, 0x0
000005b1 ff5b                 MOVAR 0x24
000005b2 e59f                 BSR 0x60, 0x4
000005b3 e31f                 BCR 0x60, 0x1
000005b4 e39f                 BCR 0x60, 0x0
000005b5 e21f                 BCR 0x60, 0x3
000005b6 fd5f                 CLRR 0x20
000005b7                      main.o:_00252_DS_:
000005b7 e3fc                 BCR 0x3, 0x0
000005b8 e0fc                 BCR 0x3, 0x6
000005b9 ec59                 RRR 0x26, 0x1
000005ba                      main.o:_00255_DS_:
000005ba ffef                 RET
000005bb                      _proLow:
000005bb fdff                 CLRA
000005bc ffbe                 SFUN 0x1
000005bd e0fc                 BCR 0x3, 0x6
000005be fe94                 MOVR 0x6b, 0x0
000005bf ff58                 MOVAR 0x27
000005c0 fd57                 CLRR 0x28
000005c1 fed8                 MOVR 0x27, 0x0
000005c2 ff57                 MOVAR 0x28
000005c3 fd58                 CLRR 0x27
000005c4 ff9f                 SFUNR 0x0
000005c5 ff52                 MOVAR 0x2d
000005c6 fd51                 CLRR 0x2e
000005c7 fed2                 MOVR 0x2d, 0x0
000005c8 d800                 SUBIA 0xff
000005c9 ff53                 MOVAR 0x2c
000005ca deff                 MOVIA 0x0
000005cb f3fc                 BTRSC 0x3, 0x0
000005cc c231                 LGOTO 0x5ce; main.o:_00006_DS_=0x5ce
000005cd fad1                 INCR 0x2e, 0x0
000005ce                      main.o:_00006_DS_:
000005ce d8ff                 SUBIA 0x0
000005cf e0fc                 BCR 0x3, 0x6
000005d0 ff51                 MOVAR 0x2e
000005d1 fed3                 MOVR 0x2c, 0x0
000005d2 ff52                 MOVAR 0x2d
000005d3 fc58                 ADDAR 0x27, 0x1
000005d4 fed1                 MOVR 0x2e, 0x0
000005d5 f3fc                 BTRSC 0x3, 0x0
000005d6 fad1                 INCR 0x2e, 0x0
000005d7 f2fc                 BTRSC 0x3, 0x2
000005d8 c225                 LGOTO 0x5da; main.o:_00007_DS_=0x5da
000005d9 fc57                 ADDAR 0x28, 0x1
000005da                      main.o:_00007_DS_:
000005da e0fc                 BCR 0x3, 0x6
000005db fd14                 CLRR 0x6b
000005dc de00                 MOVIA 0xff
000005dd ffbf                 SFUN 0x0
000005de defc                 MOVIA 0x3
000005df ffbe                 SFUN 0x1
000005e0 defe                 MOVIA 0x1
000005e1 fbd7                 SUBAR 0x28, 0x0
000005e2 f6fc                 BTRSS 0x3, 0x2
000005e3 c219                 LGOTO 0x5e6; main.o:_00230_DS_=0x5e6
000005e4 de02                 MOVIA 0xfd
000005e5 fbd8                 SUBAR 0x27, 0x0
000005e6                      main.o:_00230_DS_:
000005e6 f7fc                 BTRSS 0x3, 0x0
000005e7 c205                 LGOTO 0x5fa; main.o:_00210_DS_=0x5fa
000005e8 defd                 MOVIA 0x2
000005e9 e0fc                 BCR 0x3, 0x6
000005ea fbd7                 SUBAR 0x28, 0x0
000005eb f6fc                 BTRSS 0x3, 0x2
000005ec c210                 LGOTO 0x5ef; main.o:_00231_DS_=0x5ef
000005ed de73                 MOVIA 0x8c
000005ee fbd8                 SUBAR 0x27, 0x0
000005ef                      main.o:_00231_DS_:
000005ef f3fc                 BTRSC 0x3, 0x0
000005f0 c205                 LGOTO 0x5fa; main.o:_00210_DS_=0x5fa
000005f1 e0fc                 BCR 0x3, 0x6
000005f2 e21f                 BCR 0x60, 0x3
000005f3 e69f                 BSR 0x60, 0x2
000005f4 fd16                 CLRR 0x69
000005f5 fd5f                 CLRR 0x20
000005f6 e31f                 BCR 0x60, 0x1
000005f7 e39f                 BCR 0x60, 0x0
000005f8 e19f                 BCR 0x60, 0x4
000005f9 c1ee                 LGOTO 0x611; main.o:_00213_DS_=0x611
000005fa                      main.o:_00210_DS_:
000005fa e0fc                 BCR 0x3, 0x6
000005fb f61f                 BTRSS 0x60, 0x3
000005fc c1ee                 LGOTO 0x611; main.o:_00213_DS_=0x611
000005fd deff                 MOVIA 0x0
000005fe fbd7                 SUBAR 0x28, 0x0
000005ff f6fc                 BTRSS 0x3, 0x2
00000600 c1fc                 LGOTO 0x603; main.o:_00232_DS_=0x603
00000601 dee6                 MOVIA 0x19
00000602 fbd8                 SUBAR 0x27, 0x0
00000603                      main.o:_00232_DS_:
00000603 f7fc                 BTRSS 0x3, 0x0
00000604 c1ef                 LGOTO 0x610; main.o:_00204_DS_=0x610
00000605 deff                 MOVIA 0x0
00000606 e0fc                 BCR 0x3, 0x6
00000607 fbd7                 SUBAR 0x28, 0x0
00000608 f6fc                 BTRSS 0x3, 0x2
00000609 c1f3                 LGOTO 0x60c; main.o:_00233_DS_=0x60c
0000060a decf                 MOVIA 0x30
0000060b fbd8                 SUBAR 0x27, 0x0
0000060c                      main.o:_00233_DS_:
0000060c f3fc                 BTRSC 0x3, 0x0
0000060d c1ef                 LGOTO 0x610; main.o:_00204_DS_=0x610
0000060e ffff                 NOP
0000060f c1ee                 LGOTO 0x611; main.o:_00213_DS_=0x611
00000610                      main.o:_00204_DS_:
00000610 d165                 LCALL 0x69a; _cleanData=0x69a
00000611                      main.o:_00213_DS_:
00000611 ffef                 RET
00000612                      _proHight:
00000612 fdff                 CLRA
00000613 ffbe                 SFUN 0x1
00000614 e0fc                 BCR 0x3, 0x6
00000615 fe94                 MOVR 0x6b, 0x0
00000616 ff58                 MOVAR 0x27
00000617 fd57                 CLRR 0x28
00000618 fed8                 MOVR 0x27, 0x0
00000619 ff57                 MOVAR 0x28
0000061a fd58                 CLRR 0x27
0000061b ff9f                 SFUNR 0x0
0000061c ff55                 MOVAR 0x2a
0000061d fd54                 CLRR 0x2b
0000061e fed5                 MOVR 0x2a, 0x0
0000061f d800                 SUBIA 0xff
00000620 ff56                 MOVAR 0x29
00000621 deff                 MOVIA 0x0
00000622 f3fc                 BTRSC 0x3, 0x0
00000623 c1da                 LGOTO 0x625; main.o:_00008_DS_=0x625
00000624 fad4                 INCR 0x2b, 0x0
00000625                      main.o:_00008_DS_:
00000625 d8ff                 SUBIA 0x0
00000626 e0fc                 BCR 0x3, 0x6
00000627 ff54                 MOVAR 0x2b
00000628 fed6                 MOVR 0x29, 0x0
00000629 ff55                 MOVAR 0x2a
0000062a fc58                 ADDAR 0x27, 0x1
0000062b fed4                 MOVR 0x2b, 0x0
0000062c f3fc                 BTRSC 0x3, 0x0
0000062d fad4                 INCR 0x2b, 0x0
0000062e f2fc                 BTRSC 0x3, 0x2
0000062f c1ce                 LGOTO 0x631; main.o:_00009_DS_=0x631
00000630 fc57                 ADDAR 0x28, 0x1
00000631                      main.o:_00009_DS_:
00000631 e0fc                 BCR 0x3, 0x6
00000632 fd14                 CLRR 0x6b
00000633 fd66                 CLRR 0x19
00000634 de00                 MOVIA 0xff
00000635 ffbf                 SFUN 0x0
00000636 defc                 MOVIA 0x3
00000637 ffbe                 SFUN 0x1
00000638 f69f                 BTRSS 0x60, 0x2
00000639 c1ab                 LGOTO 0x654; main.o:_00157_DS_=0x654
0000063a deff                 MOVIA 0x0
0000063b fbd7                 SUBAR 0x28, 0x0
0000063c f6fc                 BTRSS 0x3, 0x2
0000063d c1bf                 LGOTO 0x640; main.o:_00193_DS_=0x640
0000063e de32                 MOVIA 0xcd
0000063f fbd8                 SUBAR 0x27, 0x0
00000640                      main.o:_00193_DS_:
00000640 f7fc                 BTRSS 0x3, 0x0
00000641 c1ab                 LGOTO 0x654; main.o:_00157_DS_=0x654
00000642 defe                 MOVIA 0x1
00000643 e0fc                 BCR 0x3, 0x6
00000644 fbd7                 SUBAR 0x28, 0x0
00000645 f6fc                 BTRSS 0x3, 0x2
00000646 c1b6                 LGOTO 0x649; main.o:_00194_DS_=0x649
00000647 dea3                 MOVIA 0x5c
00000648 fbd8                 SUBAR 0x27, 0x0
00000649                      main.o:_00194_DS_:
00000649 f3fc                 BTRSC 0x3, 0x0
0000064a c1ab                 LGOTO 0x654; main.o:_00157_DS_=0x654
0000064b e0fc                 BCR 0x3, 0x6
0000064c e29f                 BCR 0x60, 0x2
0000064d e61f                 BSR 0x60, 0x3
0000064e fd16                 CLRR 0x69
0000064f fd5f                 CLRR 0x20
00000650 e31f                 BCR 0x60, 0x1
00000651 e39f                 BCR 0x60, 0x0
00000652 e19f                 BCR 0x60, 0x4
00000653 c166                 LGOTO 0x699; main.o:_00161_DS_=0x699
00000654                      main.o:_00157_DS_:
00000654 e0fc                 BCR 0x3, 0x6
00000655 f61f                 BTRSS 0x60, 0x3
00000656 c16e                 LGOTO 0x691; main.o:_00154_DS_=0x691
00000657 deff                 MOVIA 0x0
00000658 fbd7                 SUBAR 0x28, 0x0
00000659 f6fc                 BTRSS 0x3, 0x2
0000065a c1a2                 LGOTO 0x65d; main.o:_00195_DS_=0x65d
0000065b dea4                 MOVIA 0x5b
0000065c fbd8                 SUBAR 0x27, 0x0
0000065d                      main.o:_00195_DS_:
0000065d f7fc                 BTRSS 0x3, 0x0
0000065e c193                 LGOTO 0x66c; main.o:_00145_DS_=0x66c
0000065f deff                 MOVIA 0x0
00000660 e0fc                 BCR 0x3, 0x6
00000661 fbd7                 SUBAR 0x28, 0x0
00000662 f6fc                 BTRSS 0x3, 0x2
00000663 c199                 LGOTO 0x666; main.o:_00196_DS_=0x666
00000664 de8d                 MOVIA 0x72
00000665 fbd8                 SUBAR 0x27, 0x0
00000666                      main.o:_00196_DS_:
00000666 f3fc                 BTRSC 0x3, 0x0
00000667 c193                 LGOTO 0x66c; main.o:_00145_DS_=0x66c
00000668 e0fc                 BCR 0x3, 0x6
00000669 e71f                 BSR 0x60, 0x1
0000066a e39f                 BCR 0x60, 0x0
0000066b c17a                 LGOTO 0x685; main.o:_00146_DS_=0x685
0000066c                      main.o:_00145_DS_:
0000066c deff                 MOVIA 0x0
0000066d e0fc                 BCR 0x3, 0x6
0000066e fbd7                 SUBAR 0x28, 0x0
0000066f f6fc                 BTRSS 0x3, 0x2
00000670 c18c                 LGOTO 0x673; main.o:_00197_DS_=0x673
00000671 dee5                 MOVIA 0x1a
00000672 fbd8                 SUBAR 0x27, 0x0
00000673                      main.o:_00197_DS_:
00000673 f7fc                 BTRSS 0x3, 0x0
00000674 c17d                 LGOTO 0x682; main.o:_00141_DS_=0x682
00000675 deff                 MOVIA 0x0
00000676 e0fc                 BCR 0x3, 0x6
00000677 fbd7                 SUBAR 0x28, 0x0
00000678 f6fc                 BTRSS 0x3, 0x2
00000679 c183                 LGOTO 0x67c; main.o:_00198_DS_=0x67c
0000067a dece                 MOVIA 0x31
0000067b fbd8                 SUBAR 0x27, 0x0
0000067c                      main.o:_00198_DS_:
0000067c f3fc                 BTRSC 0x3, 0x0
0000067d c17d                 LGOTO 0x682; main.o:_00141_DS_=0x682
0000067e e0fc                 BCR 0x3, 0x6
0000067f e79f                 BSR 0x60, 0x0
00000680 e31f                 BCR 0x60, 0x1
00000681 c17a                 LGOTO 0x685; main.o:_00146_DS_=0x685
00000682                      main.o:_00141_DS_:
00000682 e0fc                 BCR 0x3, 0x6
00000683 e39f                 BCR 0x60, 0x0
00000684 e31f                 BCR 0x60, 0x1
00000685                      main.o:_00146_DS_:
00000685 e0fc                 BCR 0x3, 0x6
00000686 f71f                 BTRSS 0x60, 0x1
00000687 c174                 LGOTO 0x68b; main.o:_00151_DS_=0x68b
00000688 defe                 MOVIA 0x1
00000689 d27f                 LCALL 0x580; _GetOneByte=0x580
0000068a c166                 LGOTO 0x699; main.o:_00161_DS_=0x699
0000068b                      main.o:_00151_DS_:
0000068b e0fc                 BCR 0x3, 0x6
0000068c f79f                 BTRSS 0x60, 0x0
0000068d c166                 LGOTO 0x699; main.o:_00161_DS_=0x699
0000068e deff                 MOVIA 0x0
0000068f d27f                 LCALL 0x580; _GetOneByte=0x580
00000690 c166                 LGOTO 0x699; main.o:_00161_DS_=0x699
00000691                      main.o:_00154_DS_:
00000691 e0fc                 BCR 0x3, 0x6
00000692 e29f                 BCR 0x60, 0x2
00000693 e21f                 BCR 0x60, 0x3
00000694 fd16                 CLRR 0x69
00000695 fd5f                 CLRR 0x20
00000696 e31f                 BCR 0x60, 0x1
00000697 e39f                 BCR 0x60, 0x0
00000698 e19f                 BCR 0x60, 0x4
00000699                      main.o:_00161_DS_:
00000699 ffef                 RET
0000069a                      _cleanData:
0000069a e0fc                 BCR 0x3, 0x6
0000069b e29f                 BCR 0x60, 0x2
0000069c e21f                 BCR 0x60, 0x3
0000069d fd16                 CLRR 0x69
0000069e fd5f                 CLRR 0x20
0000069f e31f                 BCR 0x60, 0x1
000006a0 e39f                 BCR 0x60, 0x0
000006a1 e19f                 BCR 0x60, 0x4
000006a2 ffef                 RET
000006a3                      __gptrget:
000006a3 dbff                 XORIA 0x0
000006a4 f2fc                 BTRSC 0x3, 0x2
000006a5 c155                 LGOTO 0x6aa; _gptrget1.o:__dataptrget1=0x6aa
000006a6 db7f                 XORIA 0x80
000006a7 f2fc                 BTRSC 0x3, 0x2
000006a8 c14e                 LGOTO 0x6b1; __codeptrget1=0x6b1
000006a9 dfff                 RETIA 0x0
000006aa                      _gptrget1.o:__dataptrget1:
000006aa feb1                 MOVR 0x4e, 0x0
000006ab ff7b                 MOVAR 0x4
000006ac e0fc                 BCR 0x3, 0x6
000006ad f031                 BTRSC 0x4e, 0x7
000006ae e4fc                 BSR 0x3, 0x6
000006af feff                 MOVR 0x0, 0x0
000006b0 ffef                 RET
000006b1                      __codeptrget1:
000006b1 feb0                 MOVR 0x4f, 0x0
000006b2 ffb8                 SFUN 0x7
000006b3 feb1                 MOVR 0x4e, 0x0
000006b4 fdee                 TABLEA
000006b5 ffef                 RET
000006b6                      __gptrput:
000006b6 dbff                 XORIA 0x0
000006b7 f2fc                 BTRSC 0x3, 0x2
000006b8 c145                 LGOTO 0x6ba; _gptrput1.o:__dataptrput1=0x6ba
000006b9 ffef                 RET
000006ba                      _gptrput1.o:__dataptrput1:
000006ba feb1                 MOVR 0x4e, 0x0
000006bb ff7b                 MOVAR 0x4
000006bc e0fc                 BCR 0x3, 0x6
000006bd f031                 BTRSC 0x4e, 0x7
000006be e4fc                 BSR 0x3, 0x6
000006bf feb2                 MOVR 0x4d, 0x0
000006c0 ff7f                 MOVAR 0x0
000006c1 ffef                 RET
000006c2                      ___cinit_load__:
