
                    Nyquest Technology Co., Ltd.

NYASM 2.28

    ADDR  OPCODE/VALUE              LINE   TAG  SOURCE                   STATEMENT    

                                    1-    1     ;--------------------------------------------------------
                                    1-    2     ; File Created by SDCC : free open source ANSI-C Compiler
                                    1-    3     ; Version 3.7.1 #0 (MSVC)
                                    1-    4     ;--------------------------------------------------------
                                    1-    5     ; NY8A port
                                    1-    6     ;--------------------------------------------------------
                                    1-    7     	.file	"number.c"
                                    1-    8     	list	p=NY8B062D,c=on
                                    1-    9     	#include "ny8b062d.inc"
                                    1-   11     ;--------------------------------------------------------
                                    1-   12     ; external declarations
                                    1-   13     ;--------------------------------------------------------
                                    1-   14     	extern	_PORTAbits
                                    1-   15     	extern	_PORTBbits
                                    1-   16     	extern	_PCONbits
                                    1-   17     	extern	_BWUCONbits
                                    1-   18     	extern	_ABPLCONbits
                                    1-   19     	extern	_BPHCONbits
                                    1-   20     	extern	_INTEbits
                                    1-   21     	extern	_INTFbits
                                    1-   22     	extern	_ADMDbits
                                    1-   23     	extern	_ADRbits
                                    1-   24     	extern	_ADVREFHbits
                                    1-   25     	extern	_ADCRbits
                                    1-   26     	extern	_AWUCONbits
                                    1-   27     	extern	_PACONbits
                                    1-   28     	extern	_INTEDGbits
                                    1-   29     	extern	_ANAENbits
                                    1-   30     	extern	_RFCbits
                                    1-   31     	extern	_INTE2bits
                                    1-   32     	extern	_INDF
                                    1-   33     	extern	_TMR0
                                    1-   34     	extern	_PCL
                                    1-   35     	extern	_STATUS
                                    1-   36     	extern	_FSR
                                    1-   37     	extern	_PORTA
                                    1-   38     	extern	_PORTB
                                    1-   39     	extern	_PCON
                                    1-   40     	extern	_BWUCON
                                    1-   41     	extern	_PCHBUF
                                    1-   42     	extern	_ABPLCON
                                    1-   43     	extern	_BPHCON
                                    1-   44     	extern	_INTE
                                    1-   45     	extern	_INTF
                                    1-   46     	extern	_ADMD
                                    1-   47     	extern	_ADR
                                    1-   48     	extern	_ADD
                                    1-   49     	extern	_ADVREFH
                                    1-   50     	extern	_ADCR
                                    1-   51     	extern	_AWUCON
                                    1-   52     	extern	_PACON
                                    1-   53     	extern	_INTEDG
                                    1-   54     	extern	_TMRH
                                    1-   55     	extern	_ANAEN
                                    1-   56     	extern	_RFC
                                    1-   57     	extern	_TM3RH
                                    1-   58     	extern	_INTE2
                                    1-   59     	extern	_TMR1
                                    1-   60     	extern	_T1CR1
                                    1-   61     	extern	_T1CR2
                                    1-   62     	extern	_PWM1DUTY
                                    1-   63     	extern	_PS1CV
                                    1-   64     	extern	_BZ1CR
                                    1-   65     	extern	_IRCR
                                    1-   66     	extern	_TBHP
                                    1-   67     	extern	_TBHD
                                    1-   68     	extern	_TMR2
                                    1-   69     	extern	_T2CR1
                                    1-   70     	extern	_T2CR2
                                    1-   71     	extern	_PWM2DUTY
                                    1-   72     	extern	_PS2CV
                                    1-   73     	extern	_BZ2CR
                                    1-   74     	extern	_OSCCR
                                    1-   75     	extern	_TMR3
                                    1-   76     	extern	_T3CR1
                                    1-   77     	extern	_T3CR2
                                    1-   78     	extern	_PWM3DUTY
                                    1-   79     	extern	_PS3CV
                                    1-   80     	extern	_BZ3CR
                                    1-   81     	extern	_IOSTA
                                    1-   82     	extern	_IOSTB
                                    1-   83     	extern	_APHCON
                                    1-   84     	extern	_PS0CV
                                    1-   85     	extern	_BODCON
                                    1-   86     	extern	_CMPCR
                                    1-   87     	extern	_PCON1
                                    1-   88     	extern	_T0MD
                                    1-   90     	extern PSAVE
                                    1-   91     	extern SSAVE
                                    1-   92     	extern WSAVE
                                    1-   93     	extern STK02
                                    1-   94     	extern STK01
                                    1-   95     	extern STK00
                                    1-   96     ;--------------------------------------------------------
                                    1-   97     ; global declarations
                                    1-   98     ;--------------------------------------------------------
                                    1-   99     	extern	_delayms
                                    1-  100     	extern	_setInput
                                    1-  101     	extern	_setOutput
                                    1-  102     	extern	_setlowOutput
                                    1-  103     	extern	_setHightOutput
                                    1-  104     	extern	_showNub
                                    1-  105     	extern	_G3
                                    1-  106     	extern	_F3
                                    1-  107     	extern	_E3
                                    1-  108     	extern	_D3
                                    1-  109     	extern	_C3
                                    1-  110     	extern	_B3
                                    1-  111     	extern	_A3
                                    1-  112     	extern	_G2
                                    1-  113     	extern	_F2
                                    1-  114     	extern	_E2
                                    1-  115     	extern	_D2
                                    1-  116     	extern	_C2
                                    1-  117     	extern	_B2
                                    1-  118     	extern	_A2
                                    1-  119     	extern	_showKeyLed
                                    1-  120     	extern	_showNubGewei2
                                    1-  121     	extern	_showNubGewei
                                    1-  122     	extern	_showNubShiwei2
                                    1-  123     	extern	_showNubShiwei
                                    1-  125     ;--------------------------------------------------------
                                    1-  126     ; global definitions
                                    1-  127     ;--------------------------------------------------------
                                    1-  128     ;--------------------------------------------------------
                                    1-  129     ; absolute symbol definitions
                                    1-  130     ;--------------------------------------------------------
                                    1-  131     ;--------------------------------------------------------
                                    1-  132     ; compiler-defined variables
                                    1-  133     ;--------------------------------------------------------
                                    1-  134     .segment "uninit"
     0000                           1-  135     r0x100D:
                                    1-  136     	.res	1
                                    1-  137     .segment "uninit"
     0000                           1-  138     r0x100E:
                                    1-  139     	.res	1
                                    1-  140     .segment "uninit"
     0000                           1-  141     r0x100F:
                                    1-  142     	.res	1
                                    1-  143     .segment "uninit"
     0000                           1-  144     r0x100C:
                                    1-  145     	.res	1
                                    1-  146     .segment "uninit"
     0000                           1-  147     r0x1009:
                                    1-  148     	.res	1
                                    1-  149     .segment "uninit"
     0000                           1-  150     r0x100A:
                                    1-  151     	.res	1
                                    1-  152     .segment "uninit"
     0000                           1-  153     r0x100B:
                                    1-  154     	.res	1
                                    1-  155     .segment "uninit"
     0000                           1-  156     r0x1008:
                                    1-  157     	.res	1
                                    1-  158     .segment "uninit"
     0000                           1-  159     r0x1006:
                                    1-  160     	.res	1
                                    1-  161     .segment "uninit"
     0000                           1-  162     r0x1007:
                                    1-  163     	.res	1
                                    1-  164     .segment "uninit"
     0000                           1-  165     r0x1005:
                                    1-  166     	.res	1
                                    1-  167     .segment "uninit"
     0000                           1-  168     r0x1004:
                                    1-  169     	.res	1
                                    1-  170     .segment "uninit"
     0000                           1-  171     r0x1003:
                                    1-  172     	.res	1
                                    1-  173     .segment "uninit"
     0000                           1-  174     r0x1002:
                                    1-  175     	.res	1
                                    1-  176     .segment "uninit"
     0000                           1-  177     r0x1000:
                                    1-  178     	.res	1
                                    1-  179     .segment "uninit"
     0000                           1-  180     r0x1001:
                                    1-  181     	.res	1
                                    1-  182     ;--------------------------------------------------------
                                    1-  183     ; initialized data
                                    1-  184     ;--------------------------------------------------------
                                    1-  185     ;--------------------------------------------------------
                                    1-  186     ; overlayable items in internal ram 
                                    1-  187     ;--------------------------------------------------------
                                    1-  188     ;	udata_ovr
                                    1-  189     ;--------------------------------------------------------
                                    1-  190     ; code
                                    1-  191     ;--------------------------------------------------------
                                    1-  192     ;***
                                    1-  193     ;  pBlock Stats: dbName = C
                                    1-  194     ;***
                                    1-  195     ;has an exit
                                    1-  196     ;2 compiler assigned registers:
                                    1-  197     ;   r0x1000
                                    1-  198     ;   r0x1001
                                    1-  199     ;; Starting pCode block
                                    1-  200     .segment "code"; module=number, function=_delayms
                                    1-  202     ;local variable name mapping:
     0000                           1-  205     _delayms:
                                    1-  206     ; 2 exit points
                                    1-  207     	.line	263, "number.c"; 	void delayms(u8t time)
                                    1-  208     	BANKSEL	r0x1000
     0000 rrrr                      3-  110 m1      .banksel ram_address
     0001 00rr                      1-  209     	MOVAR	r0x1000
                                    1-  210     	.line	265, "number.c"; 	for(u8t i=0;i<time;i++)
                                    1-  211     	BANKSEL	r0x1001
     0002 rrrr                      3-  110 m1      .banksel ram_address
     0003 02rr                      1-  212     	CLRR	r0x1001
     0004                           1-  213     _00328_DS_:
                                    1-  214     	BANKSEL	r0x1000
     0004 rrrr                      3-  110 m1      .banksel ram_address
     0005 01rr                      1-  215     	MOVR	r0x1000,W
                                    1-  216     	BANKSEL	r0x1001
     0006 rrrr                      3-  110 m1      .banksel ram_address
     0007 04rr                      1-  217     	SUBAR	r0x1001,W
     0008 0C03                      1-  218     	BTRSC	STATUS,0
                                    1-  219     	MGOTO	_00330_DS_
     0009 3rrr                      3-   63 m1      LGOTO rom_address
                                    1-  220     	.line	266, "number.c"; 	NOP();
     000A 0000                      1-  221     	nop
                                    1-  222     	.line	265, "number.c"; 	for(u8t i=0;i<time;i++)
                                    1-  223     	BANKSEL	r0x1001
     000B rrrr                      3-  110 m1      .banksel ram_address
     000C 05rr                      1-  224     	INCR	r0x1001,F
                                    1-  225     	MGOTO	_00328_DS_
     000D 3rrr                      3-   63 m1      LGOTO rom_address
     000E                           1-  226     _00330_DS_:
                                    1-  227     	.line	267, "number.c"; 	}
                                    1-  228     	RETURN	
     000E 0010                      3-   40 m1      ret
                                    1-  229     ; exit point of _delayms
                                    1-  231     ;***
                                    1-  232     ;  pBlock Stats: dbName = C
                                    1-  233     ;***
                                    1-  234     ;has an exit
                                    1-  235     ;1 compiler assigned register :
                                    1-  236     ;   r0x1002
                                    1-  237     ;; Starting pCode block
                                    1-  238     .segment "code"; module=number, function=_setInput
     0000                           1-  240     _setInput:
                                    1-  241     ; 2 exit points
                                    1-  242     	.line	259, "number.c"; 	IOSTA |= 0xC1;		//PA0-PA6-A7设为输入脚
     0000 001r                      1-  243     	IOSTR	_IOSTA
                                    1-  244     	BANKSEL	r0x1002
     0001 rrrr                      3-  110 m1      .banksel ram_address
     0002 00rr                      1-  245     	MOVAR	r0x1002
     0003 21C1                      1-  246     	MOVIA	0xc1
     0004 11rr                      1-  247     	IORAR	r0x1002,F
     0005 01rr                      1-  248     	MOVR	r0x1002,W
     0006 000r                      1-  249     	IOST	_IOSTA
                                    1-  250     	.line	260, "number.c"; 	IOSTB |= 0x03;		//PB0-PB1设为输入脚
     0007 001r                      1-  251     	IOSTR	_IOSTB
     0008 00rr                      1-  252     	MOVAR	r0x1002
     0009 2103                      1-  253     	MOVIA	0x03
     000A 11rr                      1-  254     	IORAR	r0x1002,F
     000B 01rr                      1-  255     	MOVR	r0x1002,W
     000C 000r                      1-  256     	IOST	_IOSTB
                                    1-  257     	.line	261, "number.c"; 	}
                                    1-  258     	RETURN	
     000D 0010                      3-   40 m1      ret
                                    1-  259     ; exit point of _setInput
                                    1-  261     ;***
                                    1-  262     ;  pBlock Stats: dbName = C
                                    1-  263     ;***
                                    1-  264     ;has an exit
                                    1-  265     ;1 compiler assigned register :
                                    1-  266     ;   r0x1003
                                    1-  267     ;; Starting pCode block
                                    1-  268     .segment "code"; module=number, function=_setOutput
                                    1-  270     ;local variable name mapping:
     0000                           1-  272     _setOutput:
                                    1-  273     ; 2 exit points
                                    1-  274     	.line	234, "number.c"; 	void setOutput(char outPut)
                                    1-  275     	BANKSEL	r0x1003
     0000 rrrr                      3-  110 m1      .banksel ram_address
     0001 00rr                      1-  276     	MOVAR	r0x1003
                                    1-  277     ;;unsigned compare: left < lit (0x1=1), size=1
                                    1-  278     	.line	236, "number.c"; 	switch(outPut)
     0002 2101                      1-  279     	MOVIA	0x01
     0003 04rr                      1-  280     	SUBAR	r0x1003,W
     0004 0803                      1-  281     	BTRSS	STATUS,0
                                    1-  282     	MGOTO	_00307_DS_
     0005 3rrr                      3-   63 m1      LGOTO rom_address
                                    1-  283     ;;swapping arguments (AOP_TYPEs 1/2)
                                    1-  284     ;;unsigned compare: left >= lit (0x6=6), size=1
     0006 2106                      1-  285     	MOVIA	0x06
     0007 04rr                      1-  286     	SUBAR	r0x1003,W
     0008 0C03                      1-  287     	BTRSC	STATUS,0
                                    1-  288     	MGOTO	_00307_DS_
     0009 3rrr                      3-   63 m1      LGOTO rom_address
     000A 06rr                      1-  289     	DECR	r0x1003,F
     000B 21rr                      1-  290     	MOVIA	((_00317_DS_ >> 8) & 0xff)
     000C 008A                      1-  291     	MOVAR	PCHBUF
     000D 01rr                      1-  292     	MOVR	r0x1003,W
     000E 25rr                      1-  293     	ADDIA	_00317_DS_
     000F 0C03                      1-  294     	BTRSC	STATUS,0
     0010 058A                      1-  295     	INCR	PCHBUF,F
     0011 0082                      1-  296     	MOVAR	PCL
     0012                           1-  297     _00317_DS_:
                                    1-  298     	MGOTO	_00301_DS_
     0012 3rrr                      3-   63 m1      LGOTO rom_address
                                    1-  299     	MGOTO	_00302_DS_
     0013 3rrr                      3-   63 m1      LGOTO rom_address
                                    1-  300     	MGOTO	_00303_DS_
     0014 3rrr                      3-   63 m1      LGOTO rom_address
                                    1-  301     	MGOTO	_00304_DS_
     0015 3rrr                      3-   63 m1      LGOTO rom_address
                                    1-  302     	MGOTO	_00305_DS_
     0016 3rrr                      3-   63 m1      LGOTO rom_address
     0017                           1-  303     _00301_DS_:
                                    1-  304     	.line	240, "number.c"; 	IOSTA &= 0xBF;
     0017 001r                      1-  305     	IOSTR	_IOSTA
                                    1-  306     	BANKSEL	r0x1003
     0018 rrrr                      3-  110 m1      .banksel ram_address
     0019 00rr                      1-  307     	MOVAR	r0x1003
     001A 1Frr                      1-  308     	BCR	r0x1003,6
     001B 01rr                      1-  309     	MOVR	r0x1003,W
     001C 000r                      1-  310     	IOST	_IOSTA
                                    1-  311     	.line	241, "number.c"; 	break;
                                    1-  312     	MGOTO	_00307_DS_
     001D 3rrr                      3-   63 m1      LGOTO rom_address
     001E                           1-  313     _00302_DS_:
                                    1-  314     	.line	243, "number.c"; 	IOSTA &= 0x7F;
     001E 001r                      1-  315     	IOSTR	_IOSTA
                                    1-  316     	BANKSEL	r0x1003
     001F rrrr                      3-  110 m1      .banksel ram_address
     0020 00rr                      1-  317     	MOVAR	r0x1003
     0021 1Frr                      1-  318     	BCR	r0x1003,7
     0022 01rr                      1-  319     	MOVR	r0x1003,W
     0023 000r                      1-  320     	IOST	_IOSTA
                                    1-  321     	.line	244, "number.c"; 	break;
                                    1-  322     	MGOTO	_00307_DS_
     0024 3rrr                      3-   63 m1      LGOTO rom_address
     0025                           1-  323     _00303_DS_:
                                    1-  324     	.line	246, "number.c"; 	IOSTB &= 0xFD;
     0025 001r                      1-  325     	IOSTR	_IOSTB
                                    1-  326     	BANKSEL	r0x1003
     0026 rrrr                      3-  110 m1      .banksel ram_address
     0027 00rr                      1-  327     	MOVAR	r0x1003
     0028 1Crr                      1-  328     	BCR	r0x1003,1
     0029 01rr                      1-  329     	MOVR	r0x1003,W
     002A 000r                      1-  330     	IOST	_IOSTB
                                    1-  331     	.line	247, "number.c"; 	break;
                                    1-  332     	MGOTO	_00307_DS_
     002B 3rrr                      3-   63 m1      LGOTO rom_address
     002C                           1-  333     _00304_DS_:
                                    1-  334     	.line	249, "number.c"; 	IOSTB &= 0xFE;
     002C 001r                      1-  335     	IOSTR	_IOSTB
                                    1-  336     	BANKSEL	r0x1003
     002D rrrr                      3-  110 m1      .banksel ram_address
     002E 00rr                      1-  337     	MOVAR	r0x1003
     002F 1Crr                      1-  338     	BCR	r0x1003,0
     0030 01rr                      1-  339     	MOVR	r0x1003,W
     0031 000r                      1-  340     	IOST	_IOSTB
                                    1-  341     	.line	250, "number.c"; 	break;
                                    1-  342     	MGOTO	_00307_DS_
     0032 3rrr                      3-   63 m1      LGOTO rom_address
     0033                           1-  343     _00305_DS_:
                                    1-  344     	.line	252, "number.c"; 	IOSTA &= 0xFE;
     0033 001r                      1-  345     	IOSTR	_IOSTA
                                    1-  346     	BANKSEL	r0x1003
     0034 rrrr                      3-  110 m1      .banksel ram_address
     0035 00rr                      1-  347     	MOVAR	r0x1003
     0036 1Crr                      1-  348     	BCR	r0x1003,0
     0037 01rr                      1-  349     	MOVR	r0x1003,W
     0038 000r                      1-  350     	IOST	_IOSTA
     0039                           1-  351     _00307_DS_:
                                    1-  352     	.line	255, "number.c"; 	}
                                    1-  353     	RETURN	
     0039 0010                      3-   40 m1      ret
                                    1-  354     ; exit point of _setOutput
                                    1-  356     ;***
                                    1-  357     ;  pBlock Stats: dbName = C
                                    1-  358     ;***
                                    1-  359     ;has an exit
                                    1-  360     ;1 compiler assigned register :
                                    1-  361     ;   r0x1004
                                    1-  362     ;; Starting pCode block
                                    1-  363     .segment "code"; module=number, function=_setlowOutput
                                    1-  365     ;local variable name mapping:
     0000                           1-  367     _setlowOutput:
                                    1-  368     ; 2 exit points
                                    1-  369     	.line	210, "number.c"; 	void setlowOutput(char outPut)
                                    1-  370     	BANKSEL	r0x1004
     0000 rrrr                      3-  110 m1      .banksel ram_address
     0001 00rr                      1-  371     	MOVAR	r0x1004
                                    1-  372     ;;unsigned compare: left < lit (0x1=1), size=1
                                    1-  373     	.line	212, "number.c"; 	switch(outPut)
     0002 2101                      1-  374     	MOVIA	0x01
     0003 04rr                      1-  375     	SUBAR	r0x1004,W
     0004 0803                      1-  376     	BTRSS	STATUS,0
                                    1-  377     	MGOTO	_00286_DS_
     0005 3rrr                      3-   63 m1      LGOTO rom_address
                                    1-  378     ;;swapping arguments (AOP_TYPEs 1/2)
                                    1-  379     ;;unsigned compare: left >= lit (0x6=6), size=1
     0006 2106                      1-  380     	MOVIA	0x06
     0007 04rr                      1-  381     	SUBAR	r0x1004,W
     0008 0C03                      1-  382     	BTRSC	STATUS,0
                                    1-  383     	MGOTO	_00286_DS_
     0009 3rrr                      3-   63 m1      LGOTO rom_address
     000A 06rr                      1-  384     	DECR	r0x1004,F
     000B 21rr                      1-  385     	MOVIA	((_00296_DS_ >> 8) & 0xff)
     000C 008A                      1-  386     	MOVAR	PCHBUF
     000D 01rr                      1-  387     	MOVR	r0x1004,W
     000E 25rr                      1-  388     	ADDIA	_00296_DS_
     000F 0C03                      1-  389     	BTRSC	STATUS,0
     0010 058A                      1-  390     	INCR	PCHBUF,F
     0011 0082                      1-  391     	MOVAR	PCL
     0012                           1-  392     _00296_DS_:
                                    1-  393     	MGOTO	_00280_DS_
     0012 3rrr                      3-   63 m1      LGOTO rom_address
                                    1-  394     	MGOTO	_00281_DS_
     0013 3rrr                      3-   63 m1      LGOTO rom_address
                                    1-  395     	MGOTO	_00282_DS_
     0014 3rrr                      3-   63 m1      LGOTO rom_address
                                    1-  396     	MGOTO	_00283_DS_
     0015 3rrr                      3-   63 m1      LGOTO rom_address
                                    1-  397     	MGOTO	_00284_DS_
     0016 3rrr                      3-   63 m1      LGOTO rom_address
     0017                           1-  398     _00280_DS_:
                                    1-  399     	.line	216, "number.c"; 	PORTA &= 0xBF;
     0017 1Frr                      1-  400     	BCR	_PORTA,6
                                    1-  401     	.line	217, "number.c"; 	break;
                                    1-  402     	MGOTO	_00286_DS_
     0018 3rrr                      3-   63 m1      LGOTO rom_address
     0019                           1-  403     _00281_DS_:
                                    1-  404     	.line	219, "number.c"; 	PORTA &= 0x7F;
     0019 1Frr                      1-  405     	BCR	_PORTA,7
                                    1-  406     	.line	220, "number.c"; 	break;
                                    1-  407     	MGOTO	_00286_DS_
     001A 3rrr                      3-   63 m1      LGOTO rom_address
     001B                           1-  408     _00282_DS_:
                                    1-  409     	.line	222, "number.c"; 	PORTB &= 0xFD;
     001B 1Crr                      1-  410     	BCR	_PORTB,1
                                    1-  411     	.line	223, "number.c"; 	break;
                                    1-  412     	MGOTO	_00286_DS_
     001C 3rrr                      3-   63 m1      LGOTO rom_address
     001D                           1-  413     _00283_DS_:
                                    1-  414     	.line	225, "number.c"; 	PORTB &= 0xFE;
     001D 1Crr                      1-  415     	BCR	_PORTB,0
                                    1-  416     	.line	226, "number.c"; 	break;
                                    1-  417     	MGOTO	_00286_DS_
     001E 3rrr                      3-   63 m1      LGOTO rom_address
     001F                           1-  418     _00284_DS_:
                                    1-  419     	.line	228, "number.c"; 	PORTA &= 0xFE;
     001F 1Crr                      1-  420     	BCR	_PORTA,0
     0020                           1-  421     _00286_DS_:
                                    1-  422     	.line	231, "number.c"; 	}
                                    1-  423     	RETURN	
     0020 0010                      3-   40 m1      ret
                                    1-  424     ; exit point of _setlowOutput
                                    1-  426     ;***
                                    1-  427     ;  pBlock Stats: dbName = C
                                    1-  428     ;***
                                    1-  429     ;has an exit
                                    1-  430     ;1 compiler assigned register :
                                    1-  431     ;   r0x1005
                                    1-  432     ;; Starting pCode block
                                    1-  433     .segment "code"; module=number, function=_setHightOutput
                                    1-  435     ;local variable name mapping:
     0000                           1-  437     _setHightOutput:
                                    1-  438     ; 2 exit points
                                    1-  439     	.line	186, "number.c"; 	void setHightOutput(char outPut)
                                    1-  440     	BANKSEL	r0x1005
     0000 rrrr                      3-  110 m1      .banksel ram_address
     0001 00rr                      1-  441     	MOVAR	r0x1005
                                    1-  442     ;;unsigned compare: left < lit (0x1=1), size=1
                                    1-  443     	.line	188, "number.c"; 	switch(outPut)
     0002 2101                      1-  444     	MOVIA	0x01
     0003 04rr                      1-  445     	SUBAR	r0x1005,W
     0004 0803                      1-  446     	BTRSS	STATUS,0
                                    1-  447     	MGOTO	_00265_DS_
     0005 3rrr                      3-   63 m1      LGOTO rom_address
                                    1-  448     ;;swapping arguments (AOP_TYPEs 1/2)
                                    1-  449     ;;unsigned compare: left >= lit (0x6=6), size=1
     0006 2106                      1-  450     	MOVIA	0x06
     0007 04rr                      1-  451     	SUBAR	r0x1005,W
     0008 0C03                      1-  452     	BTRSC	STATUS,0
                                    1-  453     	MGOTO	_00265_DS_
     0009 3rrr                      3-   63 m1      LGOTO rom_address
     000A 06rr                      1-  454     	DECR	r0x1005,F
     000B 21rr                      1-  455     	MOVIA	((_00275_DS_ >> 8) & 0xff)
     000C 008A                      1-  456     	MOVAR	PCHBUF
     000D 01rr                      1-  457     	MOVR	r0x1005,W
     000E 25rr                      1-  458     	ADDIA	_00275_DS_
     000F 0C03                      1-  459     	BTRSC	STATUS,0
     0010 058A                      1-  460     	INCR	PCHBUF,F
     0011 0082                      1-  461     	MOVAR	PCL
     0012                           1-  462     _00275_DS_:
                                    1-  463     	MGOTO	_00259_DS_
     0012 3rrr                      3-   63 m1      LGOTO rom_address
                                    1-  464     	MGOTO	_00260_DS_
     0013 3rrr                      3-   63 m1      LGOTO rom_address
                                    1-  465     	MGOTO	_00261_DS_
     0014 3rrr                      3-   63 m1      LGOTO rom_address
                                    1-  466     	MGOTO	_00262_DS_
     0015 3rrr                      3-   63 m1      LGOTO rom_address
                                    1-  467     	MGOTO	_00263_DS_
     0016 3rrr                      3-   63 m1      LGOTO rom_address
     0017                           1-  468     _00259_DS_:
                                    1-  469     	.line	192, "number.c"; 	PORTA |= 0x40;
     0017 1Brr                      1-  470     	BSR	_PORTA,6
                                    1-  471     	.line	193, "number.c"; 	break;
                                    1-  472     	MGOTO	_00265_DS_
     0018 3rrr                      3-   63 m1      LGOTO rom_address
     0019                           1-  473     _00260_DS_:
                                    1-  474     	.line	195, "number.c"; 	PORTA |= 0x80;
     0019 1Brr                      1-  475     	BSR	_PORTA,7
                                    1-  476     	.line	196, "number.c"; 	break;
                                    1-  477     	MGOTO	_00265_DS_
     001A 3rrr                      3-   63 m1      LGOTO rom_address
     001B                           1-  478     _00261_DS_:
                                    1-  479     	.line	198, "number.c"; 	PORTB |= 0x02;
     001B 18rr                      1-  480     	BSR	_PORTB,1
                                    1-  481     	.line	199, "number.c"; 	break;
                                    1-  482     	MGOTO	_00265_DS_
     001C 3rrr                      3-   63 m1      LGOTO rom_address
     001D                           1-  483     _00262_DS_:
                                    1-  484     	.line	201, "number.c"; 	PORTB |= 0x01;
     001D 18rr                      1-  485     	BSR	_PORTB,0
                                    1-  486     	.line	202, "number.c"; 	break;
                                    1-  487     	MGOTO	_00265_DS_
     001E 3rrr                      3-   63 m1      LGOTO rom_address
     001F                           1-  488     _00263_DS_:
                                    1-  489     	.line	204, "number.c"; 	PORTA |= 0x01;
     001F 18rr                      1-  490     	BSR	_PORTA,0
     0020                           1-  491     _00265_DS_:
                                    1-  492     	.line	207, "number.c"; 	}
                                    1-  493     	RETURN	
     0020 0010                      3-   40 m1      ret
                                    1-  494     ; exit point of _setHightOutput
                                    1-  496     ;***
                                    1-  497     ;  pBlock Stats: dbName = C
                                    1-  498     ;***
                                    1-  499     ;has an exit
                                    1-  500     ;functions called:
                                    1-  501     ;   _setInput
                                    1-  502     ;   _setOutput
                                    1-  503     ;   _setHightOutput
                                    1-  504     ;   _setOutput
                                    1-  505     ;   _setlowOutput
                                    1-  506     ;   _delayms
                                    1-  507     ;   _setInput
                                    1-  508     ;   _setOutput
                                    1-  509     ;   _setHightOutput
                                    1-  510     ;   _setOutput
                                    1-  511     ;   _setlowOutput
                                    1-  512     ;   _delayms
                                    1-  513     ;3 compiler assigned registers:
                                    1-  514     ;   r0x1006
                                    1-  515     ;   STK00
                                    1-  516     ;   r0x1007
                                    1-  517     ;; Starting pCode block
                                    1-  518     .segment "code"; module=number, function=_showNub
                                    1-  520     ;local variable name mapping:
     0000                           1-  523     _showNub:
                                    1-  524     ; 2 exit points
                                    1-  525     	.line	170, "number.c"; 	void showNub(char hight,char low)
                                    1-  526     	BANKSEL	r0x1006
     0000 rrrr                      3-  110 m1      .banksel ram_address
     0001 00rr                      1-  527     	MOVAR	r0x1006
     0002 01rr                      1-  528     	MOVR	STK00,W
                                    1-  529     	BANKSEL	r0x1007
     0003 rrrr                      3-  110 m1      .banksel ram_address
     0004 00rr                      1-  530     	MOVAR	r0x1007
                                    1-  531     	.line	172, "number.c"; 	setInput();
                                    1-  532     	MCALL	_setInput
     0005 2rrr                      3-   66 m1      LCALL rom_address
                                    1-  533     	.line	173, "number.c"; 	PORTA &= 0x3E;		
     0006 213E                      1-  534     	MOVIA	0x3e
     0007 10rr                      1-  535     	ANDAR	_PORTA,F
                                    1-  536     	.line	174, "number.c"; 	PORTB &= 0xFC;
     0008 21FC                      1-  537     	MOVIA	0xfc
     0009 10rr                      1-  538     	ANDAR	_PORTB,F
                                    1-  539     	.line	175, "number.c"; 	setOutput(hight);	//设置输出方向
                                    1-  540     	BANKSEL	r0x1006
     000A rrrr                      3-  110 m1      .banksel ram_address
     000B 01rr                      1-  541     	MOVR	r0x1006,W
                                    1-  542     	MCALL	_setOutput
     000C 2rrr                      3-   66 m1      LCALL rom_address
                                    1-  543     	.line	176, "number.c"; 	setHightOutput(hight);
                                    1-  544     	BANKSEL	r0x1006
     000D rrrr                      3-  110 m1      .banksel ram_address
     000E 01rr                      1-  545     	MOVR	r0x1006,W
                                    1-  546     	MCALL	_setHightOutput
     000F 2rrr                      3-   66 m1      LCALL rom_address
                                    1-  547     	.line	177, "number.c"; 	setOutput(low);		//设置输出方向
                                    1-  548     	BANKSEL	r0x1007
     0010 rrrr                      3-  110 m1      .banksel ram_address
     0011 01rr                      1-  549     	MOVR	r0x1007,W
                                    1-  550     	MCALL	_setOutput
     0012 2rrr                      3-   66 m1      LCALL rom_address
                                    1-  551     	.line	178, "number.c"; 	setlowOutput(low);
                                    1-  552     	BANKSEL	r0x1007
     0013 rrrr                      3-  110 m1      .banksel ram_address
     0014 01rr                      1-  553     	MOVR	r0x1007,W
                                    1-  554     	MCALL	_setlowOutput
     0015 2rrr                      3-   66 m1      LCALL rom_address
                                    1-  555     	.line	179, "number.c"; 	delayms(10);
     0016 210A                      1-  556     	MOVIA	0x0a
                                    1-  557     	MCALL	_delayms
     0017 2rrr                      3-   66 m1      LCALL rom_address
                                    1-  558     	.line	180, "number.c"; 	CLRWDT(); 
     0018 0002                      1-  559     	clrwdt
                                    1-  560     	.line	181, "number.c"; 	PORTA &= 0x3E;		
     0019 213E                      1-  561     	MOVIA	0x3e
     001A 10rr                      1-  562     	ANDAR	_PORTA,F
                                    1-  563     	.line	182, "number.c"; 	PORTB &= 0xFC;
     001B 21FC                      1-  564     	MOVIA	0xfc
     001C 10rr                      1-  565     	ANDAR	_PORTB,F
                                    1-  566     	.line	183, "number.c"; 	}
                                    1-  567     	RETURN	
     001D 0010                      3-   40 m1      ret
                                    1-  568     ; exit point of _showNub
                                    1-  570     ;***
                                    1-  571     ;  pBlock Stats: dbName = C
                                    1-  572     ;***
                                    1-  573     ;has an exit
                                    1-  574     ;functions called:
                                    1-  575     ;   _showNub
                                    1-  576     ;   _showNub
                                    1-  577     ;1 compiler assigned register :
                                    1-  578     ;   STK00
                                    1-  579     ;; Starting pCode block
                                    1-  580     .segment "code"; module=number, function=_G3
     0000                           1-  582     _G3:
                                    1-  583     ; 2 exit points
                                    1-  584     	.line	166, "number.c"; 	showNub(1,5);
     0000 2105                      1-  585     	MOVIA	0x05
     0001 00rr                      1-  586     	MOVAR	STK00
     0002 2101                      1-  587     	MOVIA	0x01
                                    1-  588     	MCALL	_showNub
     0003 2rrr                      3-   66 m1      LCALL rom_address
                                    1-  589     	.line	167, "number.c"; 	}
                                    1-  590     	RETURN	
     0004 0010                      3-   40 m1      ret
                                    1-  591     ; exit point of _G3
                                    1-  593     ;***
                                    1-  594     ;  pBlock Stats: dbName = C
                                    1-  595     ;***
                                    1-  596     ;has an exit
                                    1-  597     ;functions called:
                                    1-  598     ;   _showNub
                                    1-  599     ;   _showNub
                                    1-  600     ;1 compiler assigned register :
                                    1-  601     ;   STK00
                                    1-  602     ;; Starting pCode block
                                    1-  603     .segment "code"; module=number, function=_F3
     0000                           1-  605     _F3:
                                    1-  606     ; 2 exit points
                                    1-  607     	.line	161, "number.c"; 	showNub(1,4);
     0000 2104                      1-  608     	MOVIA	0x04
     0001 00rr                      1-  609     	MOVAR	STK00
     0002 2101                      1-  610     	MOVIA	0x01
                                    1-  611     	MCALL	_showNub
     0003 2rrr                      3-   66 m1      LCALL rom_address
                                    1-  612     	.line	162, "number.c"; 	}
                                    1-  613     	RETURN	
     0004 0010                      3-   40 m1      ret
                                    1-  614     ; exit point of _F3
                                    1-  616     ;***
                                    1-  617     ;  pBlock Stats: dbName = C
                                    1-  618     ;***
                                    1-  619     ;has an exit
                                    1-  620     ;functions called:
                                    1-  621     ;   _showNub
                                    1-  622     ;   _showNub
                                    1-  623     ;1 compiler assigned register :
                                    1-  624     ;   STK00
                                    1-  625     ;; Starting pCode block
                                    1-  626     .segment "code"; module=number, function=_E3
     0000                           1-  628     _E3:
                                    1-  629     ; 2 exit points
                                    1-  630     	.line	156, "number.c"; 	showNub(4,1);
     0000 2101                      1-  631     	MOVIA	0x01
     0001 00rr                      1-  632     	MOVAR	STK00
     0002 2104                      1-  633     	MOVIA	0x04
                                    1-  634     	MCALL	_showNub
     0003 2rrr                      3-   66 m1      LCALL rom_address
                                    1-  635     	.line	157, "number.c"; 	}
                                    1-  636     	RETURN	
     0004 0010                      3-   40 m1      ret
                                    1-  637     ; exit point of _E3
                                    1-  639     ;***
                                    1-  640     ;  pBlock Stats: dbName = C
                                    1-  641     ;***
                                    1-  642     ;has an exit
                                    1-  643     ;functions called:
                                    1-  644     ;   _showNub
                                    1-  645     ;   _showNub
                                    1-  646     ;1 compiler assigned register :
                                    1-  647     ;   STK00
                                    1-  648     ;; Starting pCode block
                                    1-  649     .segment "code"; module=number, function=_D3
     0000                           1-  651     _D3:
                                    1-  652     ; 2 exit points
                                    1-  653     	.line	151, "number.c"; 	showNub(1,3);
     0000 2103                      1-  654     	MOVIA	0x03
     0001 00rr                      1-  655     	MOVAR	STK00
     0002 2101                      1-  656     	MOVIA	0x01
                                    1-  657     	MCALL	_showNub
     0003 2rrr                      3-   66 m1      LCALL rom_address
                                    1-  658     	.line	152, "number.c"; 	}
                                    1-  659     	RETURN	
     0004 0010                      3-   40 m1      ret
                                    1-  660     ; exit point of _D3
                                    1-  662     ;***
                                    1-  663     ;  pBlock Stats: dbName = C
                                    1-  664     ;***
                                    1-  665     ;has an exit
                                    1-  666     ;functions called:
                                    1-  667     ;   _showNub
                                    1-  668     ;   _showNub
                                    1-  669     ;1 compiler assigned register :
                                    1-  670     ;   STK00
                                    1-  671     ;; Starting pCode block
                                    1-  672     .segment "code"; module=number, function=_C3
     0000                           1-  674     _C3:
                                    1-  675     ; 2 exit points
                                    1-  676     	.line	146, "number.c"; 	showNub(3,1);
     0000 2101                      1-  677     	MOVIA	0x01
     0001 00rr                      1-  678     	MOVAR	STK00
     0002 2103                      1-  679     	MOVIA	0x03
                                    1-  680     	MCALL	_showNub
     0003 2rrr                      3-   66 m1      LCALL rom_address
                                    1-  681     	.line	147, "number.c"; 	}
                                    1-  682     	RETURN	
     0004 0010                      3-   40 m1      ret
                                    1-  683     ; exit point of _C3
                                    1-  685     ;***
                                    1-  686     ;  pBlock Stats: dbName = C
                                    1-  687     ;***
                                    1-  688     ;has an exit
                                    1-  689     ;functions called:
                                    1-  690     ;   _showNub
                                    1-  691     ;   _showNub
                                    1-  692     ;1 compiler assigned register :
                                    1-  693     ;   STK00
                                    1-  694     ;; Starting pCode block
                                    1-  695     .segment "code"; module=number, function=_B3
     0000                           1-  697     _B3:
                                    1-  698     ; 2 exit points
                                    1-  699     	.line	141, "number.c"; 	showNub(1,2);
     0000 2102                      1-  700     	MOVIA	0x02
     0001 00rr                      1-  701     	MOVAR	STK00
     0002 2101                      1-  702     	MOVIA	0x01
                                    1-  703     	MCALL	_showNub
     0003 2rrr                      3-   66 m1      LCALL rom_address
                                    1-  704     	.line	142, "number.c"; 	}
                                    1-  705     	RETURN	
     0004 0010                      3-   40 m1      ret
                                    1-  706     ; exit point of _B3
                                    1-  708     ;***
                                    1-  709     ;  pBlock Stats: dbName = C
                                    1-  710     ;***
                                    1-  711     ;has an exit
                                    1-  712     ;functions called:
                                    1-  713     ;   _showNub
                                    1-  714     ;   _showNub
                                    1-  715     ;1 compiler assigned register :
                                    1-  716     ;   STK00
                                    1-  717     ;; Starting pCode block
                                    1-  718     .segment "code"; module=number, function=_A3
     0000                           1-  720     _A3:
                                    1-  721     ; 2 exit points
                                    1-  722     	.line	136, "number.c"; 	showNub(2,1);
     0000 2101                      1-  723     	MOVIA	0x01
     0001 00rr                      1-  724     	MOVAR	STK00
     0002 2102                      1-  725     	MOVIA	0x02
                                    1-  726     	MCALL	_showNub
     0003 2rrr                      3-   66 m1      LCALL rom_address
                                    1-  727     	.line	137, "number.c"; 	}
                                    1-  728     	RETURN	
     0004 0010                      3-   40 m1      ret
                                    1-  729     ; exit point of _A3
                                    1-  731     ;***
                                    1-  732     ;  pBlock Stats: dbName = C
                                    1-  733     ;***
                                    1-  734     ;has an exit
                                    1-  735     ;functions called:
                                    1-  736     ;   _showNub
                                    1-  737     ;   _showNub
                                    1-  738     ;1 compiler assigned register :
                                    1-  739     ;   STK00
                                    1-  740     ;; Starting pCode block
                                    1-  741     .segment "code"; module=number, function=_G2
     0000                           1-  743     _G2:
                                    1-  744     ; 2 exit points
                                    1-  745     	.line	131, "number.c"; 	showNub(4,5);
     0000 2105                      1-  746     	MOVIA	0x05
     0001 00rr                      1-  747     	MOVAR	STK00
     0002 2104                      1-  748     	MOVIA	0x04
                                    1-  749     	MCALL	_showNub
     0003 2rrr                      3-   66 m1      LCALL rom_address
                                    1-  750     	.line	132, "number.c"; 	}
                                    1-  751     	RETURN	
     0004 0010                      3-   40 m1      ret
                                    1-  752     ; exit point of _G2
                                    1-  754     ;***
                                    1-  755     ;  pBlock Stats: dbName = C
                                    1-  756     ;***
                                    1-  757     ;has an exit
                                    1-  758     ;functions called:
                                    1-  759     ;   _showNub
                                    1-  760     ;   _showNub
                                    1-  761     ;1 compiler assigned register :
                                    1-  762     ;   STK00
                                    1-  763     ;; Starting pCode block
                                    1-  764     .segment "code"; module=number, function=_F2
     0000                           1-  766     _F2:
                                    1-  767     ; 2 exit points
                                    1-  768     	.line	126, "number.c"; 	showNub(3,5);
     0000 2105                      1-  769     	MOVIA	0x05
     0001 00rr                      1-  770     	MOVAR	STK00
     0002 2103                      1-  771     	MOVIA	0x03
                                    1-  772     	MCALL	_showNub
     0003 2rrr                      3-   66 m1      LCALL rom_address
                                    1-  773     	.line	127, "number.c"; 	}
                                    1-  774     	RETURN	
     0004 0010                      3-   40 m1      ret
                                    1-  775     ; exit point of _F2
                                    1-  777     ;***
                                    1-  778     ;  pBlock Stats: dbName = C
                                    1-  779     ;***
                                    1-  780     ;has an exit
                                    1-  781     ;functions called:
                                    1-  782     ;   _showNub
                                    1-  783     ;   _showNub
                                    1-  784     ;1 compiler assigned register :
                                    1-  785     ;   STK00
                                    1-  786     ;; Starting pCode block
                                    1-  787     .segment "code"; module=number, function=_E2
     0000                           1-  789     _E2:
                                    1-  790     ; 2 exit points
                                    1-  791     	.line	121, "number.c"; 	showNub(2,5);
     0000 2105                      1-  792     	MOVIA	0x05
     0001 00rr                      1-  793     	MOVAR	STK00
     0002 2102                      1-  794     	MOVIA	0x02
                                    1-  795     	MCALL	_showNub
     0003 2rrr                      3-   66 m1      LCALL rom_address
                                    1-  796     	.line	122, "number.c"; 	}
                                    1-  797     	RETURN	
     0004 0010                      3-   40 m1      ret
                                    1-  798     ; exit point of _E2
                                    1-  800     ;***
                                    1-  801     ;  pBlock Stats: dbName = C
                                    1-  802     ;***
                                    1-  803     ;has an exit
                                    1-  804     ;functions called:
                                    1-  805     ;   _showNub
                                    1-  806     ;   _showNub
                                    1-  807     ;1 compiler assigned register :
                                    1-  808     ;   STK00
                                    1-  809     ;; Starting pCode block
                                    1-  810     .segment "code"; module=number, function=_D2
     0000                           1-  812     _D2:
                                    1-  813     ; 2 exit points
                                    1-  814     	.line	116, "number.c"; 	showNub(2,4);
     0000 2104                      1-  815     	MOVIA	0x04
     0001 00rr                      1-  816     	MOVAR	STK00
     0002 2102                      1-  817     	MOVIA	0x02
                                    1-  818     	MCALL	_showNub
     0003 2rrr                      3-   66 m1      LCALL rom_address
                                    1-  819     	.line	117, "number.c"; 	}
                                    1-  820     	RETURN	
     0004 0010                      3-   40 m1      ret
                                    1-  821     ; exit point of _D2
                                    1-  823     ;***
                                    1-  824     ;  pBlock Stats: dbName = C
                                    1-  825     ;***
                                    1-  826     ;has an exit
                                    1-  827     ;functions called:
                                    1-  828     ;   _showNub
                                    1-  829     ;   _showNub
                                    1-  830     ;1 compiler assigned register :
                                    1-  831     ;   STK00
                                    1-  832     ;; Starting pCode block
                                    1-  833     .segment "code"; module=number, function=_C2
     0000                           1-  835     _C2:
                                    1-  836     ; 2 exit points
                                    1-  837     	.line	111, "number.c"; 	showNub(3,4);
     0000 2104                      1-  838     	MOVIA	0x04
     0001 00rr                      1-  839     	MOVAR	STK00
     0002 2103                      1-  840     	MOVIA	0x03
                                    1-  841     	MCALL	_showNub
     0003 2rrr                      3-   66 m1      LCALL rom_address
                                    1-  842     	.line	112, "number.c"; 	}
                                    1-  843     	RETURN	
     0004 0010                      3-   40 m1      ret
                                    1-  844     ; exit point of _C2
                                    1-  846     ;***
                                    1-  847     ;  pBlock Stats: dbName = C
                                    1-  848     ;***
                                    1-  849     ;has an exit
                                    1-  850     ;functions called:
                                    1-  851     ;   _showNub
                                    1-  852     ;   _showNub
                                    1-  853     ;1 compiler assigned register :
                                    1-  854     ;   STK00
                                    1-  855     ;; Starting pCode block
                                    1-  856     .segment "code"; module=number, function=_B2
     0000                           1-  858     _B2:
                                    1-  859     ; 2 exit points
                                    1-  860     	.line	106, "number.c"; 	showNub(2,3);
     0000 2103                      1-  861     	MOVIA	0x03
     0001 00rr                      1-  862     	MOVAR	STK00
     0002 2102                      1-  863     	MOVIA	0x02
                                    1-  864     	MCALL	_showNub
     0003 2rrr                      3-   66 m1      LCALL rom_address
                                    1-  865     	.line	107, "number.c"; 	}
                                    1-  866     	RETURN	
     0004 0010                      3-   40 m1      ret
                                    1-  867     ; exit point of _B2
                                    1-  869     ;***
                                    1-  870     ;  pBlock Stats: dbName = C
                                    1-  871     ;***
                                    1-  872     ;has an exit
                                    1-  873     ;functions called:
                                    1-  874     ;   _showNub
                                    1-  875     ;   _showNub
                                    1-  876     ;1 compiler assigned register :
                                    1-  877     ;   STK00
                                    1-  878     ;; Starting pCode block
                                    1-  879     .segment "code"; module=number, function=_A2
     0000                           1-  881     _A2:
                                    1-  882     ; 2 exit points
                                    1-  883     	.line	101, "number.c"; 	showNub(3,2);
     0000 2102                      1-  884     	MOVIA	0x02
     0001 00rr                      1-  885     	MOVAR	STK00
     0002 2103                      1-  886     	MOVIA	0x03
                                    1-  887     	MCALL	_showNub
     0003 2rrr                      3-   66 m1      LCALL rom_address
                                    1-  888     	.line	102, "number.c"; 	}
                                    1-  889     	RETURN	
     0004 0010                      3-   40 m1      ret
                                    1-  890     ; exit point of _A2
                                    1-  892     ;***
                                    1-  893     ;  pBlock Stats: dbName = C
                                    1-  894     ;***
                                    1-  895     ;has an exit
                                    1-  896     ;functions called:
                                    1-  897     ;   _showNub
                                    1-  898     ;   _showNub
                                    1-  899     ;1 compiler assigned register :
                                    1-  900     ;   STK00
                                    1-  901     ;; Starting pCode block
                                    1-  902     .segment "code"; module=number, function=_showKeyLed
     0000                           1-  904     _showKeyLed:
                                    1-  905     ; 2 exit points
                                    1-  906     	.line	95, "number.c"; 	showNub(5,1);
     0000 2101                      1-  907     	MOVIA	0x01
     0001 00rr                      1-  908     	MOVAR	STK00
     0002 2105                      1-  909     	MOVIA	0x05
                                    1-  910     	MCALL	_showNub
     0003 2rrr                      3-   66 m1      LCALL rom_address
                                    1-  911     	.line	96, "number.c"; 	}
                                    1-  912     	RETURN	
     0004 0010                      3-   40 m1      ret
                                    1-  913     ; exit point of _showKeyLed
                                    1-  915     ;***
                                    1-  916     ;  pBlock Stats: dbName = C
                                    1-  917     ;***
                                    1-  918     ;has an exit
                                    1-  919     ;functions called:
                                    1-  920     ;   _A3
                                    1-  921     ;   _B3
                                    1-  922     ;   _C3
                                    1-  923     ;   _D3
                                    1-  924     ;   _E3
                                    1-  925     ;   _F3
                                    1-  926     ;   _G3
                                    1-  927     ;   _A3
                                    1-  928     ;   _B3
                                    1-  929     ;   _C3
                                    1-  930     ;   _D3
                                    1-  931     ;   _E3
                                    1-  932     ;   _F3
                                    1-  933     ;   _G3
                                    1-  934     ;1 compiler assigned register :
                                    1-  935     ;   r0x1008
                                    1-  936     ;; Starting pCode block
                                    1-  937     .segment "code"; module=number, function=_showNubGewei2
                                    1-  939     ;local variable name mapping:
     0000                           1-  941     _showNubGewei2:
                                    1-  942     ; 2 exit points
                                    1-  943     	.line	64, "number.c"; 	void showNubGewei2(char index)
                                    1-  944     	BANKSEL	r0x1008
     0000 rrrr                      3-  110 m1      .banksel ram_address
     0001 00rr                      1-  945     	MOVAR	r0x1008
                                    1-  946     ;;swapping arguments (AOP_TYPEs 1/2)
                                    1-  947     ;;unsigned compare: left >= lit (0x7=7), size=1
                                    1-  948     	.line	66, "number.c"; 	switch(index)
     0002 2107                      1-  949     	MOVIA	0x07
     0003 04rr                      1-  950     	SUBAR	r0x1008,W
     0004 0C03                      1-  951     	BTRSC	STATUS,0
                                    1-  952     	MGOTO	_00184_DS_
     0005 3rrr                      3-   63 m1      LGOTO rom_address
     0006 21rr                      1-  953     	MOVIA	((_00190_DS_ >> 8) & 0xff)
     0007 008A                      1-  954     	MOVAR	PCHBUF
     0008 01rr                      1-  955     	MOVR	r0x1008,W
     0009 25rr                      1-  956     	ADDIA	_00190_DS_
     000A 0C03                      1-  957     	BTRSC	STATUS,0
     000B 058A                      1-  958     	INCR	PCHBUF,F
     000C 0082                      1-  959     	MOVAR	PCL
     000D                           1-  960     _00190_DS_:
                                    1-  961     	MGOTO	_00176_DS_
     000D 3rrr                      3-   63 m1      LGOTO rom_address
                                    1-  962     	MGOTO	_00177_DS_
     000E 3rrr                      3-   63 m1      LGOTO rom_address
                                    1-  963     	MGOTO	_00178_DS_
     000F 3rrr                      3-   63 m1      LGOTO rom_address
                                    1-  964     	MGOTO	_00179_DS_
     0010 3rrr                      3-   63 m1      LGOTO rom_address
                                    1-  965     	MGOTO	_00180_DS_
     0011 3rrr                      3-   63 m1      LGOTO rom_address
                                    1-  966     	MGOTO	_00181_DS_
     0012 3rrr                      3-   63 m1      LGOTO rom_address
                                    1-  967     	MGOTO	_00182_DS_
     0013 3rrr                      3-   63 m1      LGOTO rom_address
     0014                           1-  968     _00176_DS_:
                                    1-  969     	.line	69, "number.c"; 	A3();
                                    1-  970     	MCALL	_A3
     0014 2rrr                      3-   66 m1      LCALL rom_address
                                    1-  971     	.line	70, "number.c"; 	break;
                                    1-  972     	MGOTO	_00184_DS_
     0015 3rrr                      3-   63 m1      LGOTO rom_address
     0016                           1-  973     _00177_DS_:
                                    1-  974     	.line	72, "number.c"; 	B3();
                                    1-  975     	MCALL	_B3
     0016 2rrr                      3-   66 m1      LCALL rom_address
                                    1-  976     	.line	73, "number.c"; 	break;
                                    1-  977     	MGOTO	_00184_DS_
     0017 3rrr                      3-   63 m1      LGOTO rom_address
     0018                           1-  978     _00178_DS_:
                                    1-  979     	.line	75, "number.c"; 	C3();
                                    1-  980     	MCALL	_C3
     0018 2rrr                      3-   66 m1      LCALL rom_address
                                    1-  981     	.line	76, "number.c"; 	break;
                                    1-  982     	MGOTO	_00184_DS_
     0019 3rrr                      3-   63 m1      LGOTO rom_address
     001A                           1-  983     _00179_DS_:
                                    1-  984     	.line	78, "number.c"; 	D3();
                                    1-  985     	MCALL	_D3
     001A 2rrr                      3-   66 m1      LCALL rom_address
                                    1-  986     	.line	79, "number.c"; 	break;
                                    1-  987     	MGOTO	_00184_DS_
     001B 3rrr                      3-   63 m1      LGOTO rom_address
     001C                           1-  988     _00180_DS_:
                                    1-  989     	.line	81, "number.c"; 	E3();
                                    1-  990     	MCALL	_E3
     001C 2rrr                      3-   66 m1      LCALL rom_address
                                    1-  991     	.line	82, "number.c"; 	break;
                                    1-  992     	MGOTO	_00184_DS_
     001D 3rrr                      3-   63 m1      LGOTO rom_address
     001E                           1-  993     _00181_DS_:
                                    1-  994     	.line	84, "number.c"; 	F3();
                                    1-  995     	MCALL	_F3
     001E 2rrr                      3-   66 m1      LCALL rom_address
                                    1-  996     	.line	85, "number.c"; 	break;
                                    1-  997     	MGOTO	_00184_DS_
     001F 3rrr                      3-   63 m1      LGOTO rom_address
     0020                           1-  998     _00182_DS_:
                                    1-  999     	.line	87, "number.c"; 	G3();
                                    1- 1000     	MCALL	_G3
     0020 2rrr                      3-   66 m1      LCALL rom_address
     0021                           1- 1001     _00184_DS_:
                                    1- 1002     	.line	90, "number.c"; 	}
                                    1- 1003     	RETURN	
     0021 0010                      3-   40 m1      ret
                                    1- 1004     ; exit point of _showNubGewei2
                                    1- 1006     ;***
                                    1- 1007     ;  pBlock Stats: dbName = C
                                    1- 1008     ;***
                                    1- 1009     ;has an exit
                                    1- 1010     ;functions called:
                                    1- 1011     ;   _showNubGewei2
                                    1- 1012     ;   _setInput
                                    1- 1013     ;   _showNubGewei2
                                    1- 1014     ;   _setInput
                                    1- 1015     ;3 compiler assigned registers:
                                    1- 1016     ;   r0x1009
                                    1- 1017     ;   r0x100A
                                    1- 1018     ;   r0x100B
                                    1- 1019     ;; Starting pCode block
                                    1- 1020     .segment "code"; module=number, function=_showNubGewei
                                    1- 1022     ;local variable name mapping:
     0000                           1- 1025     _showNubGewei:
                                    1- 1026     ; 2 exit points
                                    1- 1027     	.line	52, "number.c"; 	void showNubGewei(char num)
                                    1- 1028     	BANKSEL	r0x1009
     0000 rrrr                      3-  110 m1      .banksel ram_address
     0001 00rr                      1- 1029     	MOVAR	r0x1009
                                    1- 1030     	.line	54, "number.c"; 	for(char i=0;i<7;i++)
                                    1- 1031     	BANKSEL	r0x100A
     0002 rrrr                      3-  110 m1      .banksel ram_address
     0003 02rr                      1- 1032     	CLRR	r0x100A
                                    1- 1033     ;;unsigned compare: left < lit (0x7=7), size=1
     0004                           1- 1034     _00155_DS_:
     0004 2107                      1- 1035     	MOVIA	0x07
                                    1- 1036     	BANKSEL	r0x100A
     0005 rrrr                      3-  110 m1      .banksel ram_address
     0006 04rr                      1- 1037     	SUBAR	r0x100A,W
     0007 0C03                      1- 1038     	BTRSC	STATUS,0
                                    1- 1039     	MGOTO	_00157_DS_
     0008 3rrr                      3-   63 m1      LGOTO rom_address
                                    1- 1040     	.line	56, "number.c"; 	if((num >> i) & 0x01)
                                    1- 1041     	BANKSEL	r0x1009
     0009 rrrr                      3-  110 m1      .banksel ram_address
     000A 01rr                      1- 1042     	MOVR	r0x1009,W
                                    1- 1043     	BANKSEL	r0x100B
     000B rrrr                      3-  110 m1      .banksel ram_address
     000C 00rr                      1- 1044     	MOVAR	r0x100B
                                    1- 1045     	BANKSEL	r0x100A
     000D rrrr                      3-  110 m1      .banksel ram_address
     000E 01rr                      1- 1046     	MOVR	r0x100A,W
     000F 2700                      1- 1047     	SUBIA	0x00
     0010 0D03                      1- 1048     	BTRSC	STATUS,2
                                    1- 1049     	MGOTO	_00171_DS_
     0011 3rrr                      3-   63 m1      LGOTO rom_address
     0012                           1- 1050     _00170_DS_:
                                    1- 1051     	BANKSEL	r0x100B
     0012 rrrr                      3-  110 m1      .banksel ram_address
     0013 13rr                      1- 1052     	RRR	r0x100B,F
     0014 2501                      1- 1053     	ADDIA	0x01
     0015 0803                      1- 1054     	BTRSS	STATUS,0
                                    1- 1055     	MGOTO	_00170_DS_
     0016 3rrr                      3-   63 m1      LGOTO rom_address
     0017                           1- 1056     _00171_DS_:
                                    1- 1057     	BANKSEL	r0x100B
     0017 rrrr                      3-  110 m1      .banksel ram_address
     0018 08rr                      1- 1058     	BTRSS	r0x100B,0
                                    1- 1059     	MGOTO	_00151_DS_
     0019 3rrr                      3-   63 m1      LGOTO rom_address
                                    1- 1060     	.line	57, "number.c"; 	showNubGewei2(i);
                                    1- 1061     	BANKSEL	r0x100A
     001A rrrr                      3-  110 m1      .banksel ram_address
     001B 01rr                      1- 1062     	MOVR	r0x100A,W
                                    1- 1063     	MCALL	_showNubGewei2
     001C 2rrr                      3-   66 m1      LCALL rom_address
                                    1- 1064     	MGOTO	_00156_DS_
     001D 3rrr                      3-   63 m1      LGOTO rom_address
     001E                           1- 1065     _00151_DS_:
                                    1- 1066     	.line	59, "number.c"; 	setInput();
                                    1- 1067     	MCALL	_setInput
     001E 2rrr                      3-   66 m1      LCALL rom_address
     001F                           1- 1068     _00156_DS_:
                                    1- 1069     	.line	54, "number.c"; 	for(char i=0;i<7;i++)
                                    1- 1070     	BANKSEL	r0x100A
     001F rrrr                      3-  110 m1      .banksel ram_address
     0020 05rr                      1- 1071     	INCR	r0x100A,F
                                    1- 1072     	MGOTO	_00155_DS_
     0021 3rrr                      3-   63 m1      LGOTO rom_address
     0022                           1- 1073     _00157_DS_:
                                    1- 1074     	.line	61, "number.c"; 	}
                                    1- 1075     	RETURN	
     0022 0010                      3-   40 m1      ret
                                    1- 1076     ; exit point of _showNubGewei
                                    1- 1078     ;***
                                    1- 1079     ;  pBlock Stats: dbName = C
                                    1- 1080     ;***
                                    1- 1081     ;has an exit
                                    1- 1082     ;functions called:
                                    1- 1083     ;   _A2
                                    1- 1084     ;   _B2
                                    1- 1085     ;   _C2
                                    1- 1086     ;   _D2
                                    1- 1087     ;   _E2
                                    1- 1088     ;   _F2
                                    1- 1089     ;   _G2
                                    1- 1090     ;   _A2
                                    1- 1091     ;   _B2
                                    1- 1092     ;   _C2
                                    1- 1093     ;   _D2
                                    1- 1094     ;   _E2
                                    1- 1095     ;   _F2
                                    1- 1096     ;   _G2
                                    1- 1097     ;1 compiler assigned register :
                                    1- 1098     ;   r0x100C
                                    1- 1099     ;; Starting pCode block
                                    1- 1100     .segment "code"; module=number, function=_showNubShiwei2
                                    1- 1102     ;local variable name mapping:
     0000                           1- 1104     _showNubShiwei2:
                                    1- 1105     ; 2 exit points
                                    1- 1106     	.line	24, "number.c"; 	void showNubShiwei2(char index)
                                    1- 1107     	BANKSEL	r0x100C
     0000 rrrr                      3-  110 m1      .banksel ram_address
     0001 00rr                      1- 1108     	MOVAR	r0x100C
                                    1- 1109     ;;swapping arguments (AOP_TYPEs 1/2)
                                    1- 1110     ;;unsigned compare: left >= lit (0x7=7), size=1
                                    1- 1111     	.line	26, "number.c"; 	switch(index)
     0002 2107                      1- 1112     	MOVIA	0x07
     0003 04rr                      1- 1113     	SUBAR	r0x100C,W
     0004 0C03                      1- 1114     	BTRSC	STATUS,0
                                    1- 1115     	MGOTO	_00139_DS_
     0005 3rrr                      3-   63 m1      LGOTO rom_address
     0006 21rr                      1- 1116     	MOVIA	((_00145_DS_ >> 8) & 0xff)
     0007 008A                      1- 1117     	MOVAR	PCHBUF
     0008 01rr                      1- 1118     	MOVR	r0x100C,W
     0009 25rr                      1- 1119     	ADDIA	_00145_DS_
     000A 0C03                      1- 1120     	BTRSC	STATUS,0
     000B 058A                      1- 1121     	INCR	PCHBUF,F
     000C 0082                      1- 1122     	MOVAR	PCL
     000D                           1- 1123     _00145_DS_:
                                    1- 1124     	MGOTO	_00131_DS_
     000D 3rrr                      3-   63 m1      LGOTO rom_address
                                    1- 1125     	MGOTO	_00132_DS_
     000E 3rrr                      3-   63 m1      LGOTO rom_address
                                    1- 1126     	MGOTO	_00133_DS_
     000F 3rrr                      3-   63 m1      LGOTO rom_address
                                    1- 1127     	MGOTO	_00134_DS_
     0010 3rrr                      3-   63 m1      LGOTO rom_address
                                    1- 1128     	MGOTO	_00135_DS_
     0011 3rrr                      3-   63 m1      LGOTO rom_address
                                    1- 1129     	MGOTO	_00136_DS_
     0012 3rrr                      3-   63 m1      LGOTO rom_address
                                    1- 1130     	MGOTO	_00137_DS_
     0013 3rrr                      3-   63 m1      LGOTO rom_address
     0014                           1- 1131     _00131_DS_:
                                    1- 1132     	.line	29, "number.c"; 	A2();
                                    1- 1133     	MCALL	_A2
     0014 2rrr                      3-   66 m1      LCALL rom_address
                                    1- 1134     	.line	30, "number.c"; 	break;
                                    1- 1135     	MGOTO	_00139_DS_
     0015 3rrr                      3-   63 m1      LGOTO rom_address
     0016                           1- 1136     _00132_DS_:
                                    1- 1137     	.line	32, "number.c"; 	B2();
                                    1- 1138     	MCALL	_B2
     0016 2rrr                      3-   66 m1      LCALL rom_address
                                    1- 1139     	.line	33, "number.c"; 	break;
                                    1- 1140     	MGOTO	_00139_DS_
     0017 3rrr                      3-   63 m1      LGOTO rom_address
     0018                           1- 1141     _00133_DS_:
                                    1- 1142     	.line	35, "number.c"; 	C2();
                                    1- 1143     	MCALL	_C2
     0018 2rrr                      3-   66 m1      LCALL rom_address
                                    1- 1144     	.line	36, "number.c"; 	break;
                                    1- 1145     	MGOTO	_00139_DS_
     0019 3rrr                      3-   63 m1      LGOTO rom_address
     001A                           1- 1146     _00134_DS_:
                                    1- 1147     	.line	38, "number.c"; 	D2();
                                    1- 1148     	MCALL	_D2
     001A 2rrr                      3-   66 m1      LCALL rom_address
                                    1- 1149     	.line	39, "number.c"; 	break;
                                    1- 1150     	MGOTO	_00139_DS_
     001B 3rrr                      3-   63 m1      LGOTO rom_address
     001C                           1- 1151     _00135_DS_:
                                    1- 1152     	.line	41, "number.c"; 	E2();
                                    1- 1153     	MCALL	_E2
     001C 2rrr                      3-   66 m1      LCALL rom_address
                                    1- 1154     	.line	42, "number.c"; 	break;
                                    1- 1155     	MGOTO	_00139_DS_
     001D 3rrr                      3-   63 m1      LGOTO rom_address
     001E                           1- 1156     _00136_DS_:
                                    1- 1157     	.line	44, "number.c"; 	F2();
                                    1- 1158     	MCALL	_F2
     001E 2rrr                      3-   66 m1      LCALL rom_address
                                    1- 1159     	.line	45, "number.c"; 	break;
                                    1- 1160     	MGOTO	_00139_DS_
     001F 3rrr                      3-   63 m1      LGOTO rom_address
     0020                           1- 1161     _00137_DS_:
                                    1- 1162     	.line	47, "number.c"; 	G2();
                                    1- 1163     	MCALL	_G2
     0020 2rrr                      3-   66 m1      LCALL rom_address
     0021                           1- 1164     _00139_DS_:
                                    1- 1165     	.line	50, "number.c"; 	}
                                    1- 1166     	RETURN	
     0021 0010                      3-   40 m1      ret
                                    1- 1167     ; exit point of _showNubShiwei2
                                    1- 1169     ;***
                                    1- 1170     ;  pBlock Stats: dbName = C
                                    1- 1171     ;***
                                    1- 1172     ;has an exit
                                    1- 1173     ;functions called:
                                    1- 1174     ;   _showNubShiwei2
                                    1- 1175     ;   _setInput
                                    1- 1176     ;   _showNubShiwei2
                                    1- 1177     ;   _setInput
                                    1- 1178     ;3 compiler assigned registers:
                                    1- 1179     ;   r0x100D
                                    1- 1180     ;   r0x100E
                                    1- 1181     ;   r0x100F
                                    1- 1182     ;; Starting pCode block
                                    1- 1183     .segment "code"; module=number, function=_showNubShiwei
                                    1- 1185     ;local variable name mapping:
     0000                           1- 1188     _showNubShiwei:
                                    1- 1189     ; 2 exit points
                                    1- 1190     	.line	12, "number.c"; 	void showNubShiwei(char num)
                                    1- 1191     	BANKSEL	r0x100D
     0000 rrrr                      3-  110 m1      .banksel ram_address
     0001 00rr                      1- 1192     	MOVAR	r0x100D
                                    1- 1193     	.line	14, "number.c"; 	for(char i=0;i<7;i++)
                                    1- 1194     	BANKSEL	r0x100E
     0002 rrrr                      3-  110 m1      .banksel ram_address
     0003 02rr                      1- 1195     	CLRR	r0x100E
                                    1- 1196     ;;unsigned compare: left < lit (0x7=7), size=1
     0004                           1- 1197     _00110_DS_:
     0004 2107                      1- 1198     	MOVIA	0x07
                                    1- 1199     	BANKSEL	r0x100E
     0005 rrrr                      3-  110 m1      .banksel ram_address
     0006 04rr                      1- 1200     	SUBAR	r0x100E,W
     0007 0C03                      1- 1201     	BTRSC	STATUS,0
                                    1- 1202     	MGOTO	_00112_DS_
     0008 3rrr                      3-   63 m1      LGOTO rom_address
                                    1- 1203     	.line	16, "number.c"; 	if((num >> i) & 0x01)
                                    1- 1204     	BANKSEL	r0x100D
     0009 rrrr                      3-  110 m1      .banksel ram_address
     000A 01rr                      1- 1205     	MOVR	r0x100D,W
                                    1- 1206     	BANKSEL	r0x100F
     000B rrrr                      3-  110 m1      .banksel ram_address
     000C 00rr                      1- 1207     	MOVAR	r0x100F
                                    1- 1208     	BANKSEL	r0x100E
     000D rrrr                      3-  110 m1      .banksel ram_address
     000E 01rr                      1- 1209     	MOVR	r0x100E,W
     000F 2700                      1- 1210     	SUBIA	0x00
     0010 0D03                      1- 1211     	BTRSC	STATUS,2
                                    1- 1212     	MGOTO	_00126_DS_
     0011 3rrr                      3-   63 m1      LGOTO rom_address
     0012                           1- 1213     _00125_DS_:
                                    1- 1214     	BANKSEL	r0x100F
     0012 rrrr                      3-  110 m1      .banksel ram_address
     0013 13rr                      1- 1215     	RRR	r0x100F,F
     0014 2501                      1- 1216     	ADDIA	0x01
     0015 0803                      1- 1217     	BTRSS	STATUS,0
                                    1- 1218     	MGOTO	_00125_DS_
     0016 3rrr                      3-   63 m1      LGOTO rom_address
     0017                           1- 1219     _00126_DS_:
                                    1- 1220     	BANKSEL	r0x100F
     0017 rrrr                      3-  110 m1      .banksel ram_address
     0018 08rr                      1- 1221     	BTRSS	r0x100F,0
                                    1- 1222     	MGOTO	_00106_DS_
     0019 3rrr                      3-   63 m1      LGOTO rom_address
                                    1- 1223     	.line	17, "number.c"; 	showNubShiwei2(i);
                                    1- 1224     	BANKSEL	r0x100E
     001A rrrr                      3-  110 m1      .banksel ram_address
     001B 01rr                      1- 1225     	MOVR	r0x100E,W
                                    1- 1226     	MCALL	_showNubShiwei2
     001C 2rrr                      3-   66 m1      LCALL rom_address
                                    1- 1227     	MGOTO	_00111_DS_
     001D 3rrr                      3-   63 m1      LGOTO rom_address
     001E                           1- 1228     _00106_DS_:
                                    1- 1229     	.line	19, "number.c"; 	setInput();
                                    1- 1230     	MCALL	_setInput
     001E 2rrr                      3-   66 m1      LCALL rom_address
     001F                           1- 1231     _00111_DS_:
                                    1- 1232     	.line	14, "number.c"; 	for(char i=0;i<7;i++)
                                    1- 1233     	BANKSEL	r0x100E
     001F rrrr                      3-  110 m1      .banksel ram_address
     0020 05rr                      1- 1234     	INCR	r0x100E,F
                                    1- 1235     	MGOTO	_00110_DS_
     0021 3rrr                      3-   63 m1      LGOTO rom_address
     0022                           1- 1236     _00112_DS_:
                                    1- 1237     	.line	21, "number.c"; 	}
                                    1- 1238     	RETURN	
     0022 0010                      3-   40 m1      ret
                                    1- 1239     ; exit point of _showNubShiwei
                                    1- 1242     ;	code size estimation:
                                    1- 1243     ;	  352+   42 =   394 instructions (  872 byte)
                                    1- 1245     	end

SYMBOL TABLE            TYPE     VALUE
__PIN_COUNT__           Constant 0000000E
__PROCESSOR__           Constant 00810623
C                       Constant 00000000
DC                      Constant 00000001
ENABLE_RAM_BANK         Constant 00000001
F                       Constant 00000001
FSR                     Constant 00000004
INDF                    Constant 00000000
PCHBUF                  Constant 0000000A
PCL                     Constant 00000002
STATUS                  Constant 00000003
USEFGOTO                Constant 00000000
W                       Constant 00000000
Z                       Constant 00000002


SOURCE FILE TABLE
001 OBJ/number.s
002 ny8b062d.inc
003 common.inc
004 number.c

PROCESSOR    = NY8B062D (8 bits)
PROGRAM ROM  = 0x00000000 - 0x000007FF
DATA ROM     = 0x00000000 - 0x000007FF
RESERVED MEM = 0x00000800 - 0x00000810
SRAM / SFR   = 0x00000000 - 0x00000000
