00000000 c7fe                 LGOTO 0x1; __nyc_ny8_startup=0x1
00000001                      __nyc_ny8_startup:
00000001 d64d                 LCALL 0x1b2; ___cinit_load__=0x1b2
00000002 c7c8                 LGOTO 0x37; _main=0x37
00000003                      main.o:_00290_DS_:
00000003 f56f                 BTRSS 0x10, 0x5
00000004 c7fc                 LGOTO 0x3; main.o:_00290_DS_=0x3
00000005 ffef                 RET
00000006                      _fjLed1:
00000006 e47a                 BSR 0x5, 0x7
00000007 ffef                 RET
00000008 c7f6                 LGOTO 0x9; main.o:__sdcc_interrupt=0x9
00000009                      main.o:__sdcc_interrupt:
00000009 ff3d                 MOVAR 0x42
0000000a eafc                 SWAPR 0x3, 0x0
0000000b fd7c                 CLRR 0x3
0000000c ff3e                 MOVAR 0x41
0000000d fef5                 MOVR 0xa, 0x0
0000000e fd75                 CLRR 0xa
0000000f ff3f                 MOVAR 0x40
00000010 fefb                 MOVR 0x4, 0x0
00000011 e0fc                 BCR 0x3, 0x6
00000012 ff51                 MOVAR 0x2e
00000013                      ___cinit_size__:
00000013 feb8                 MOVR 0x47, 0x0
00000014 ff50                 MOVAR 0x2f
00000015 feb9                 MOVR 0x46, 0x0
00000016 ff4f                 MOVAR 0x30
00000017 f7f0                 BTRSS 0xf, 0x0
00000018 c7dc                 LGOTO 0x23; main.o:_00108_DS_=0x23
00000019 dec8                 MOVIA 0x37
0000001a fc7e                 ADDAR 0x1, 0x1
0000001b fa4c                 INCR 0x33, 0x1
0000001c de9b                 MOVIA 0x64
0000001d fbcc                 SUBAR 0x33, 0x0
0000001e f7fc                 BTRSS 0x3, 0x0
0000001f c7dc                 LGOTO 0x23; main.o:_00108_DS_=0x23
00000020 defe                 MOVIA 0x1
00000021 ff4b                 MOVAR 0x34
00000022 fd4c                 CLRR 0x33
00000023                      main.o:_00108_DS_:
00000023 f770                 BTRSS 0xf, 0x1
00000024 c7d8                 LGOTO 0x27; main.o:_00110_DS_=0x27
00000025 de02                 MOVIA 0xfd
00000026 ff70                 MOVAR 0xf
00000027                      main.o:_00110_DS_:
00000027 fd70                 CLRR 0xf
00000028 e0fc                 BCR 0x3, 0x6
00000029 fecf                 MOVR 0x30, 0x0
0000002a ff39                 MOVAR 0x46
0000002b fed0                 MOVR 0x2f, 0x0
0000002c ff38                 MOVAR 0x47
0000002d fed1                 MOVR 0x2e, 0x0
0000002e ff7b                 MOVAR 0x4
0000002f febf                 MOVR 0x40, 0x0
00000030 ff75                 MOVAR 0xa
00000031 fd7c                 CLRR 0x3
00000032 eabe                 SWAPR 0x41, 0x0
00000033 ff7c                 MOVAR 0x3
00000034 ea3d                 SWAPR 0x42, 0x1
00000035 eabd                 SWAPR 0x42, 0x0
00000036                      main.o:END_OF_INTERRUPT:
00000036 ffee                 RETIE
00000037                      _main:
00000037 ffec                 DISI
00000038 ded4                 MOVIA 0x2b
00000039 fffa                 IOST 0x5
0000003a defe                 MOVIA 0x1
0000003b fff9                 IOST 0x6
0000003c fd7a                 CLRR 0x5
0000003d de00                 MOVIA 0xff
0000003e fff6                 IOST 0x9
0000003f ff73                 MOVAR 0xc
00000040 ff74                 MOVAR 0xb
00000041 defe                 MOVIA 0x1
00000042 ff71                 MOVAR 0xe
00000043 fdff                 CLRA
00000044 fff0                 IOST 0xf
00000045 dec8                 MOVIA 0x37
00000046 ff7e                 MOVAR 0x1
00000047 fdff                 CLRA
00000048 fffc                 T0MD
00000049 defe                 MOVIA 0x1
0000004a fff0                 IOST 0xf
0000004b de77                 MOVIA 0x88
0000004c ff77                 MOVAR 0x8
0000004d defe                 MOVIA 0x1
0000004e fff0                 IOST 0xf
0000004f fffb                 ENI
00000050 d749                 LCALL 0xb6; _initAD=0xb6
00000051                      main.o:_00118_DS_:
00000051 fffd                 CLRWDT
00000052 e0fc                 BCR 0x3, 0x6
00000053 fecb                 MOVR 0x34, 0x0
00000054 f2fc                 BTRSC 0x3, 0x2
00000055 c7ae                 LGOTO 0x51; main.o:_00118_DS_=0x51
00000056 fd4b                 CLRR 0x34
00000057 d73b                 LCALL 0xc4; _keyCtr=0xc4
00000058 d6b8                 LCALL 0x147; _workCtr=0x147
00000059 c7ae                 LGOTO 0x51; main.o:_00118_DS_=0x51
0000005a ffef                 RET
0000005b                      _checkTempAD:
0000005b e0fc                 BCR 0x3, 0x6
0000005c fd5d                 CLRR 0x22
0000005d fd5f                 CLRR 0x20
0000005e fd5e                 CLRR 0x21
0000005f def7                 MOVIA 0x8
00000060 d770                 LCALL 0x8f; _F_AIN2_Convert=0x8f
00000061 e0fc                 BCR 0x3, 0x6
00000062 eade                 SWAPR 0x21, 0x0
00000063 dd0f                 ANDIA 0xf0
00000064 ff5e                 MOVAR 0x21
00000065 eadf                 SWAPR 0x20, 0x0
00000066 ff5f                 MOVAR 0x20
00000067 ddf0                 ANDIA 0xf
00000068 ee5e                 IORAR 0x21, 0x1
00000069 ed5f                 XORAR 0x20, 0x1
0000006a de0f                 MOVIA 0xf0
0000006b ef5d                 ANDAR 0x22, 0x1
0000006c fedd                 MOVR 0x22, 0x0
0000006d ff53                 MOVAR 0x2c
0000006e deff                 MOVIA 0x0
0000006f ff52                 MOVAR 0x2d
00000070 fed3                 MOVR 0x2c, 0x0
00000071 fc5f                 ADDAR 0x20, 0x1
00000072 fed2                 MOVR 0x2d, 0x0
00000073 f3fc                 BTRSC 0x3, 0x0
00000074 fad2                 INCR 0x2d, 0x0
00000075 f2fc                 BTRSC 0x3, 0x2
00000076 c787                 LGOTO 0x78; main.o:_00001_DS_=0x78
00000077 fc5e                 ADDAR 0x21, 0x1
00000078                      main.o:_00001_DS_:
00000078 e3fc                 BCR 0x3, 0x0
00000079 e0fc                 BCR 0x3, 0x6
0000007a ec5e                 RRR 0x21, 0x1
0000007b ec5f                 RRR 0x20, 0x1
0000007c e3fc                 BCR 0x3, 0x0
0000007d ec5e                 RRR 0x21, 0x1
0000007e ec5f                 RRR 0x20, 0x1
0000007f e3fc                 BCR 0x3, 0x0
00000080 ec5e                 RRR 0x21, 0x1
00000081 ec5f                 RRR 0x20, 0x1
00000082 ffef                 RET
00000083                      _delayms:
00000083 e0fc                 BCR 0x3, 0x6
00000084 ff55                 MOVAR 0x2a
00000085 fd54                 CLRR 0x2b
00000086                      main.o:_00297_DS_:
00000086 e0fc                 BCR 0x3, 0x6
00000087 fed5                 MOVR 0x2a, 0x0
00000088 fbd4                 SUBAR 0x2b, 0x0
00000089 f3fc                 BTRSC 0x3, 0x0
0000008a c771                 LGOTO 0x8e; main.o:_00299_DS_=0x8e
0000008b ffff                 NOP
0000008c fa54                 INCR 0x2b, 0x1
0000008d c779                 LGOTO 0x86; main.o:_00297_DS_=0x86
0000008e                      main.o:_00299_DS_:
0000008e ffef                 RET
0000008f                      _F_AIN2_Convert:
0000008f e0fc                 BCR 0x3, 0x6
00000090 ff59                 MOVAR 0x26
00000091 fd5d                 CLRR 0x22
00000092 fd5f                 CLRR 0x20
00000093 fd5e                 CLRR 0x21
00000094 de6e                 MOVIA 0x91
00000095 ff6f                 MOVAR 0x10
00000096 de37                 MOVIA 0xc8
00000097 d77c                 LCALL 0x83; _delayms=0x83
00000098 defe                 MOVIA 0x1
00000099 e0fc                 BCR 0x3, 0x6
0000009a ff58                 MOVAR 0x27
0000009b                      main.o:_00283_DS_:
0000009b e0fc                 BCR 0x3, 0x6
0000009c fed8                 MOVR 0x27, 0x0
0000009d fbd9                 SUBAR 0x26, 0x0
0000009e f7fc                 BTRSS 0x3, 0x0
0000009f c74a                 LGOTO 0xb5; main.o:_00285_DS_=0xb5
000000a0 e4ef                 BSR 0x10, 0x6
000000a1 d7fc                 LCALL 0x3; main.o:_00290_DS_=0x3
000000a2 def0                 MOVIA 0xf
000000a3 efee                 ANDAR 0x11, 0x0
000000a4 e0fc                 BCR 0x3, 0x6
000000a5 fc5d                 ADDAR 0x22, 0x1
000000a6 feed                 MOVR 0x12, 0x0
000000a7 ff57                 MOVAR 0x28
000000a8 deff                 MOVIA 0x0
000000a9 ff56                 MOVAR 0x29
000000aa fed7                 MOVR 0x28, 0x0
000000ab fc5f                 ADDAR 0x20, 0x1
000000ac fed6                 MOVR 0x29, 0x0
000000ad f3fc                 BTRSC 0x3, 0x0
000000ae fad6                 INCR 0x29, 0x0
000000af f2fc                 BTRSC 0x3, 0x2
000000b0 c74d                 LGOTO 0xb2; main.o:_00003_DS_=0xb2
000000b1 fc5e                 ADDAR 0x21, 0x1
000000b2                      main.o:_00003_DS_:
000000b2 e0fc                 BCR 0x3, 0x6
000000b3 fa58                 INCR 0x27, 0x1
000000b4 c764                 LGOTO 0x9b; main.o:_00283_DS_=0x9b
000000b5                      main.o:_00285_DS_:
000000b5 ffef                 RET
000000b6                      _initAD:
000000b6 de7e                 MOVIA 0x81
000000b7 ff6f                 MOVAR 0x10
000000b8 defd                 MOVIA 0x2
000000b9 ff6c                 MOVAR 0x13
000000ba deef                 MOVIA 0x10
000000bb ff6e                 MOVAR 0x11
000000bc defc                 MOVIA 0x3
000000bd ff6b                 MOVAR 0x14
000000be def5                 MOVIA 0xa
000000bf ff69                 MOVAR 0x16
000000c0 e5ef                 BSR 0x10, 0x4
000000c1 de9b                 MOVIA 0x64
000000c2 d77c                 LCALL 0x83; _delayms=0x83
000000c3 ffef                 RET
000000c4                      _keyCtr:
000000c4 f8fa                 COMR 0x5, 0x0
000000c5 e0fc                 BCR 0x3, 0x6
000000c6 ff5b                 MOVAR 0x24
000000c7 defe                 MOVIA 0x1
000000c8 ef5b                 ANDAR 0x24, 0x1
000000c9 fedb                 MOVR 0x24, 0x0
000000ca d6ed                 LCALL 0x112; _keyRead=0x112
000000cb e0fc                 BCR 0x3, 0x6
000000cc ff5b                 MOVAR 0x24
000000cd dbfe                 XORIA 0x1
000000ce f6fc                 BTRSS 0x3, 0x2
000000cf c720                 LGOTO 0xdf; main.o:_00255_DS_=0xdf
000000d0 d6ca                 LCALL 0x135; _ledoff=0x135
000000d1 de37                 MOVIA 0xc8
000000d2 e0fc                 BCR 0x3, 0x6
000000d3 ff47                 MOVAR 0x38
000000d4 fd4e                 CLRR 0x31
000000d5 fecd                 MOVR 0x32, 0x0
000000d6 f6fc                 BTRSS 0x3, 0x2
000000d7 c724                 LGOTO 0xdb; main.o:_00252_DS_=0xdb
000000d8 defd                 MOVIA 0x2
000000d9 ff4d                 MOVAR 0x32
000000da c720                 LGOTO 0xdf; main.o:_00255_DS_=0xdf
000000db                      main.o:_00252_DS_:
000000db e0fc                 BCR 0x3, 0x6
000000dc fecd                 MOVR 0x32, 0x0
000000dd f6fc                 BTRSS 0x3, 0x2
000000de f94d                 DECR 0x32, 0x1
000000df                      main.o:_00255_DS_:
000000df f8f9                 COMR 0x6, 0x0
000000e0 e0fc                 BCR 0x3, 0x6
000000e1 ff5a                 MOVAR 0x25
000000e2 defe                 MOVIA 0x1
000000e3 ef5a                 ANDAR 0x25, 0x1
000000e4 feda                 MOVR 0x25, 0x0
000000e5 d706                 LCALL 0xf9; _keyRead2=0xf9
000000e6 e0fc                 BCR 0x3, 0x6
000000e7 ff5b                 MOVAR 0x24
000000e8 dbfe                 XORIA 0x1
000000e9 f6fc                 BTRSS 0x3, 0x2
000000ea c707                 LGOTO 0xf8; main.o:_00263_DS_=0xf8
000000eb d6ca                 LCALL 0x135; _ledoff=0x135
000000ec e0fc                 BCR 0x3, 0x6
000000ed fd4d                 CLRR 0x32
000000ee fece                 MOVR 0x31, 0x0
000000ef f6fc                 BTRSS 0x3, 0x2
000000f0 c70b                 LGOTO 0xf4; main.o:_00259_DS_=0xf4
000000f1 defd                 MOVIA 0x2
000000f2 ff4e                 MOVAR 0x31
000000f3 c707                 LGOTO 0xf8; main.o:_00263_DS_=0xf8
000000f4                      main.o:_00259_DS_:
000000f4 e0fc                 BCR 0x3, 0x6
000000f5 fece                 MOVR 0x31, 0x0
000000f6 f6fc                 BTRSS 0x3, 0x2
000000f7 f94e                 DECR 0x31, 0x1
000000f8                      main.o:_00263_DS_:
000000f8 ffef                 RET
000000f9                      _keyRead2:
000000f9 e0fc                 BCR 0x3, 0x6
000000fa ff5c                 MOVAR 0x23
000000fb fedc                 MOVR 0x23, 0x0
000000fc f2fc                 BTRSC 0x3, 0x2
000000fd c6f9                 LGOTO 0x106; main.o:_00242_DS_=0x106
000000fe fa49                 INCR 0x36, 0x1
000000ff de37                 MOVIA 0xc8
00000100 fbc9                 SUBAR 0x36, 0x0
00000101 f7fc                 BTRSS 0x3, 0x0
00000102 c6ef                 LGOTO 0x110; main.o:_00243_DS_=0x110
00000103 de37                 MOVIA 0xc8
00000104 ff49                 MOVAR 0x36
00000105 c6ef                 LGOTO 0x110; main.o:_00243_DS_=0x110
00000106                      main.o:_00242_DS_:
00000106 defb                 MOVIA 0x4
00000107 e0fc                 BCR 0x3, 0x6
00000108 fbc9                 SUBAR 0x36, 0x0
00000109 f7fc                 BTRSS 0x3, 0x0
0000010a c6f1                 LGOTO 0x10e; main.o:_00240_DS_=0x10e
0000010b fd49                 CLRR 0x36
0000010c defe                 MOVIA 0x1
0000010d c6ee                 LGOTO 0x111; main.o:_00244_DS_=0x111
0000010e                      main.o:_00240_DS_:
0000010e e0fc                 BCR 0x3, 0x6
0000010f fd49                 CLRR 0x36
00000110                      main.o:_00243_DS_:
00000110 deff                 MOVIA 0x0
00000111                      main.o:_00244_DS_:
00000111 ffef                 RET
00000112                      _keyRead:
00000112 e0fc                 BCR 0x3, 0x6
00000113 ff5c                 MOVAR 0x23
00000114 fedc                 MOVR 0x23, 0x0
00000115 f2fc                 BTRSC 0x3, 0x2
00000116 c6e0                 LGOTO 0x11f; main.o:_00230_DS_=0x11f
00000117 fa4a                 INCR 0x35, 0x1
00000118 de37                 MOVIA 0xc8
00000119 fbca                 SUBAR 0x35, 0x0
0000011a f7fc                 BTRSS 0x3, 0x0
0000011b c6d6                 LGOTO 0x129; main.o:_00231_DS_=0x129
0000011c de37                 MOVIA 0xc8
0000011d ff4a                 MOVAR 0x35
0000011e c6d6                 LGOTO 0x129; main.o:_00231_DS_=0x129
0000011f                      main.o:_00230_DS_:
0000011f defb                 MOVIA 0x4
00000120 e0fc                 BCR 0x3, 0x6
00000121 fbca                 SUBAR 0x35, 0x0
00000122 f7fc                 BTRSS 0x3, 0x0
00000123 c6d8                 LGOTO 0x127; main.o:_00228_DS_=0x127
00000124 fd4a                 CLRR 0x35
00000125 defe                 MOVIA 0x1
00000126 c6d5                 LGOTO 0x12a; main.o:_00232_DS_=0x12a
00000127                      main.o:_00228_DS_:
00000127 e0fc                 BCR 0x3, 0x6
00000128 fd4a                 CLRR 0x35
00000129                      main.o:_00231_DS_:
00000129 deff                 MOVIA 0x0
0000012a                      main.o:_00232_DS_:
0000012a ffef                 RET
0000012b                      _pwmInit:
0000012b fd63                 CLRR 0x1c
0000012c de9b                 MOVIA 0x64
0000012d ffaf                 SFUN 0x10
0000012e deaf                 MOVIA 0x50
0000012f ffac                 SFUN 0x13
00000130 def7                 MOVIA 0x8
00000131 ffad                 SFUN 0x12
00000132 de7c                 MOVIA 0x83
00000133 ffae                 SFUN 0x11
00000134 ffef                 RET
00000135                      _ledoff:
00000135 ded7                 MOVIA 0x28
00000136 ef7a                 ANDAR 0x5, 0x1
00000137 e379                 BCR 0x6, 0x1
00000138 ffef                 RET
00000139                      _fjLed2:
00000139 e47a                 BSR 0x5, 0x7
0000013a e779                 BSR 0x6, 0x1
0000013b ffef                 RET
0000013c                      _jrLed2:
0000013c deaf                 MOVIA 0x50
0000013d ee7a                 IORAR 0x5, 0x1
0000013e ffef                 RET
0000013f                      _jrLed1:
0000013f e5fa                 BSR 0x5, 0x4
00000140 ffef                 RET
00000141                      _closeFJ:
00000141 e0fc                 BCR 0x3, 0x6
00000142 fd48                 CLRR 0x37
00000143 e2f9                 BCR 0x6, 0x2
00000144 fdff                 CLRA
00000145 ffae                 SFUN 0x11
00000146 ffef                 RET
00000147                      _workCtr:
00000147 e0fc                 BCR 0x3, 0x6
00000148 fece                 MOVR 0x31, 0x0
00000149 f6fc                 BTRSS 0x3, 0x2
0000014a d7a4                 LCALL 0x5b; _checkTempAD=0x5b
0000014b e0fc                 BCR 0x3, 0x6
0000014c fec7                 MOVR 0x38, 0x0
0000014d f2fc                 BTRSC 0x3, 0x2
0000014e c6ad                 LGOTO 0x152; main.o:_00126_DS_=0x152
0000014f f947                 DECR 0x38, 0x1
00000150 fd48                 CLRR 0x37
00000151 d6be                 LCALL 0x141; _closeFJ=0x141
00000152                      main.o:_00126_DS_:
00000152 e0fc                 BCR 0x3, 0x6
00000153 fecd                 MOVR 0x32, 0x0
00000154 dbfe                 XORIA 0x1
00000155 f6fc                 BTRSS 0x3, 0x2
00000156 c69b                 LGOTO 0x164; main.o:_00149_DS_=0x164
00000157 d7f9                 LCALL 0x6; _fjLed1=0x6
00000158 e279                 BCR 0x6, 0x3
00000159 deaf                 MOVIA 0x50
0000015a ffac                 SFUN 0x13
0000015b e6f9                 BSR 0x6, 0x2
0000015c e0fc                 BCR 0x3, 0x6
0000015d fec8                 MOVR 0x37, 0x0
0000015e f6fc                 BTRSS 0x3, 0x2
0000015f c64e                 LGOTO 0x1b1; main.o:_00151_DS_=0x1b1
00000160 defe                 MOVIA 0x1
00000161 ff48                 MOVAR 0x37
00000162 d6d4                 LCALL 0x12b; _pwmInit=0x12b
00000163 c64e                 LGOTO 0x1b1; main.o:_00151_DS_=0x1b1
00000164                      main.o:_00149_DS_:
00000164 e0fc                 BCR 0x3, 0x6
00000165 fecd                 MOVR 0x32, 0x0
00000166 dbfd                 XORIA 0x2
00000167 f6fc                 BTRSS 0x3, 0x2
00000168 c689                 LGOTO 0x176; main.o:_00146_DS_=0x176
00000169 d6c6                 LCALL 0x139; _fjLed2=0x139
0000016a e279                 BCR 0x6, 0x3
0000016b deeb                 MOVIA 0x14
0000016c ffac                 SFUN 0x13
0000016d e6f9                 BSR 0x6, 0x2
0000016e e0fc                 BCR 0x3, 0x6
0000016f fec8                 MOVR 0x37, 0x0
00000170 f6fc                 BTRSS 0x3, 0x2
00000171 c64e                 LGOTO 0x1b1; main.o:_00151_DS_=0x1b1
00000172 defe                 MOVIA 0x1
00000173 ff48                 MOVAR 0x37
00000174 d6d4                 LCALL 0x12b; _pwmInit=0x12b
00000175 c64e                 LGOTO 0x1b1; main.o:_00151_DS_=0x1b1
00000176                      main.o:_00146_DS_:
00000176 e0fc                 BCR 0x3, 0x6
00000177 fece                 MOVR 0x31, 0x0
00000178 dbfe                 XORIA 0x1
00000179 f6fc                 BTRSS 0x3, 0x2
0000017a c66d                 LGOTO 0x192; main.o:_00143_DS_=0x192
0000017b d6c0                 LCALL 0x13f; _jrLed1=0x13f
0000017c d6be                 LCALL 0x141; _closeFJ=0x141
0000017d def6                 MOVIA 0x9
0000017e e0fc                 BCR 0x3, 0x6
0000017f fbde                 SUBAR 0x21, 0x0
00000180 f6fc                 BTRSS 0x3, 0x2
00000181 c67b                 LGOTO 0x184; main.o:_00189_DS_=0x184
00000182 de93                 MOVIA 0x6c
00000183 fbdf                 SUBAR 0x20, 0x0
00000184                      main.o:_00189_DS_:
00000184 f7fc                 BTRSS 0x3, 0x0
00000185 c678                 LGOTO 0x187; main.o:_00132_DS_=0x187
00000186 e679                 BSR 0x6, 0x3
00000187                      main.o:_00132_DS_:
00000187 def6                 MOVIA 0x9
00000188 e0fc                 BCR 0x3, 0x6
00000189 fbde                 SUBAR 0x21, 0x0
0000018a f6fc                 BTRSS 0x3, 0x2
0000018b c671                 LGOTO 0x18e; main.o:_00190_DS_=0x18e
0000018c defe                 MOVIA 0x1
0000018d fbdf                 SUBAR 0x20, 0x0
0000018e                      main.o:_00190_DS_:
0000018e f3fc                 BTRSC 0x3, 0x0
0000018f c64e                 LGOTO 0x1b1; main.o:_00151_DS_=0x1b1
00000190 e279                 BCR 0x6, 0x3
00000191 c64e                 LGOTO 0x1b1; main.o:_00151_DS_=0x1b1
00000192                      main.o:_00143_DS_:
00000192 e0fc                 BCR 0x3, 0x6
00000193 fece                 MOVR 0x31, 0x0
00000194 dbfd                 XORIA 0x2
00000195 f6fc                 BTRSS 0x3, 0x2
00000196 c651                 LGOTO 0x1ae; main.o:_00140_DS_=0x1ae
00000197 d6c3                 LCALL 0x13c; _jrLed2=0x13c
00000198 d6be                 LCALL 0x141; _closeFJ=0x141
00000199 def7                 MOVIA 0x8
0000019a e0fc                 BCR 0x3, 0x6
0000019b fbde                 SUBAR 0x21, 0x0
0000019c f6fc                 BTRSS 0x3, 0x2
0000019d c65f                 LGOTO 0x1a0; main.o:_00191_DS_=0x1a0
0000019e de1b                 MOVIA 0xe4
0000019f fbdf                 SUBAR 0x20, 0x0
000001a0                      main.o:_00191_DS_:
000001a0 f7fc                 BTRSS 0x3, 0x0
000001a1 c65c                 LGOTO 0x1a3; main.o:_00136_DS_=0x1a3
000001a2 e679                 BSR 0x6, 0x3
000001a3                      main.o:_00136_DS_:
000001a3 def7                 MOVIA 0x8
000001a4 e0fc                 BCR 0x3, 0x6
000001a5 fbde                 SUBAR 0x21, 0x0
000001a6 f6fc                 BTRSS 0x3, 0x2
000001a7 c655                 LGOTO 0x1aa; main.o:_00192_DS_=0x1aa
000001a8 de2b                 MOVIA 0xd4
000001a9 fbdf                 SUBAR 0x20, 0x0
000001aa                      main.o:_00192_DS_:
000001aa f3fc                 BTRSC 0x3, 0x0
000001ab c64e                 LGOTO 0x1b1; main.o:_00151_DS_=0x1b1
000001ac e279                 BCR 0x6, 0x3
000001ad c64e                 LGOTO 0x1b1; main.o:_00151_DS_=0x1b1
000001ae                      main.o:_00140_DS_:
000001ae d6ca                 LCALL 0x135; _ledoff=0x135
000001af d6be                 LCALL 0x141; _closeFJ=0x141
000001b0 e279                 BCR 0x6, 0x3
000001b1                      main.o:_00151_DS_:
000001b1 ffef                 RET
000001b2                      ___cinit_load__:
