00000000 c7fe                 LGOTO 0x1; __nyc_ny8_startup=0x1
00000001                      __nyc_ny8_startup:
00000001 d2fa                 LCALL 0x505; ___cinit_load__=0x505
00000002 c7c9                 LGOTO 0x36; _main=0x36
00000003                      main.o:_00495_DS_:
00000003 f56f                 BTRSS 0x10, 0x5
00000004 c7fc                 LGOTO 0x3; main.o:_00495_DS_=0x3
00000005 ffef                 RET
00000008 c7f6                 LGOTO 0x9; main.o:__sdcc_interrupt=0x9
00000009                      main.o:__sdcc_interrupt:
00000009 ff3d                 MOVAR 0x42
0000000a eafc                 SWAPR 0x3, 0x0
0000000b fd7c                 CLRR 0x3
0000000c ff3e                 MOVAR 0x41
0000000d fef5                 MOVR 0xa, 0x0
0000000e fd75                 CLRR 0xa
0000000f ff3f                 MOVAR 0x40
00000010 fefb                 MOVR 0x4, 0x0
00000011 e0fc                 BCR 0x3, 0x6
00000012 ff1a                 MOVAR 0x65
00000013 feba                 MOVR 0x45, 0x0
00000014 ff19                 MOVAR 0x66
00000015                      ___cinit_size__:
00000015 febb                 MOVR 0x44, 0x0
00000016 ff18                 MOVAR 0x67
00000017 f7f0                 BTRSS 0xf, 0x0
00000018 c7dd                 LGOTO 0x22; main.o:_00108_DS_=0x22
00000019 dec8                 MOVIA 0x37
0000001a fc7e                 ADDAR 0x1, 0x1
0000001b fa16                 INCR 0x69, 0x1
0000001c de9b                 MOVIA 0x64
0000001d fb96                 SUBAR 0x69, 0x0
0000001e f7fc                 BTRSS 0x3, 0x0
0000001f c7dd                 LGOTO 0x22; main.o:_00108_DS_=0x22
00000020 e797                 BSR 0x68, 0x0
00000021 fd16                 CLRR 0x69
00000022                      main.o:_00108_DS_:
00000022 f770                 BTRSS 0xf, 0x1
00000023 c7d9                 LGOTO 0x26; main.o:_00110_DS_=0x26
00000024 de02                 MOVIA 0xfd
00000025 ff70                 MOVAR 0xf
00000026                      main.o:_00110_DS_:
00000026 fd70                 CLRR 0xf
00000027 e0fc                 BCR 0x3, 0x6
00000028 fe98                 MOVR 0x67, 0x0
00000029 ff3b                 MOVAR 0x44
0000002a fe99                 MOVR 0x66, 0x0
0000002b ff3a                 MOVAR 0x45
0000002c fe9a                 MOVR 0x65, 0x0
0000002d ff7b                 MOVAR 0x4
0000002e febf                 MOVR 0x40, 0x0
0000002f ff75                 MOVAR 0xa
00000030 fd7c                 CLRR 0x3
00000031 eabe                 SWAPR 0x41, 0x0
00000032 ff7c                 MOVAR 0x3
00000033 ea3d                 SWAPR 0x42, 0x1
00000034 eabd                 SWAPR 0x42, 0x0
00000035                      main.o:END_OF_INTERRUPT:
00000035 ffee                 RETIE
00000036                      _main:
00000036 d39a                 LCALL 0x465; _initSys=0x465
00000037 d6b0                 LCALL 0x14f; _initAD=0x14f
00000038                      main.o:_00130_DS_:
00000038 fffd                 CLRWDT
00000039 d6fd                 LCALL 0x102; _modeLedShow=0x102
0000003a e0fc                 BCR 0x3, 0x6
0000003b f797                 BTRSS 0x68, 0x0
0000003c c7c7                 LGOTO 0x38; main.o:_00130_DS_=0x38
0000003d e397                 BCR 0x68, 0x0
0000003e d45a                 LCALL 0x3a5; _chrgCtr=0x3a5
0000003f e0fc                 BCR 0x3, 0x6
00000040 f217                 BTRSC 0x68, 0x3
00000041 c7c7                 LGOTO 0x38; main.o:_00130_DS_=0x38
00000042 d5c7                 LCALL 0x238; _ADKeyCtr=0x238
00000043 e0fc                 BCR 0x3, 0x6
00000044 f297                 BTRSC 0x68, 0x2
00000045 c7a8                 LGOTO 0x57; main.o:_00125_DS_=0x57
00000046 fe95                 MOVR 0x6a, 0x0
00000047 f2fc                 BTRSC 0x3, 0x2
00000048 c7b4                 LGOTO 0x4b; main.o:_00122_DS_=0x4b
00000049 d4c2                 LCALL 0x33d; _workCtr=0x33d
0000004a c7c7                 LGOTO 0x38; main.o:_00130_DS_=0x38
0000004b                      main.o:_00122_DS_:
0000004b d3ac                 LCALL 0x453; _LedInput=0x453
0000004c defe                 MOVIA 0x1
0000004d ffbe                 SFUN 0x1
0000004e e3f9                 BCR 0x6, 0x0
0000004f e2f9                 BCR 0x6, 0x2
00000050 e0fc                 BCR 0x3, 0x6
00000051 fd10                 CLRR 0x6f
00000052 e297                 BCR 0x68, 0x2
00000053 e1f9                 BCR 0x6, 0x4
00000054 e179                 BCR 0x6, 0x5
00000055 e3fa                 BCR 0x5, 0x0
00000056 c7c7                 LGOTO 0x38; main.o:_00130_DS_=0x38
00000057                      main.o:_00125_DS_:
00000057 d518                 LCALL 0x2e7; _startCtr=0x2e7
00000058 c7c7                 LGOTO 0x38; main.o:_00130_DS_=0x38
00000059 ffef                 RET
0000005a                      _F_AIN4_Convert:
0000005a e0fc                 BCR 0x3, 0x6
0000005b ff2f                 MOVAR 0x50
0000005c fd54                 CLRR 0x2b
0000005d fd56                 CLRR 0x29
0000005e fd55                 CLRR 0x2a
0000005f de6b                 MOVIA 0x94
00000060 ff6f                 MOVAR 0x10
00000061 de37                 MOVIA 0xc8
00000062 d709                 LCALL 0xf6; _delay=0xf6
00000063 defe                 MOVIA 0x1
00000064 e0fc                 BCR 0x3, 0x6
00000065 ff2e                 MOVAR 0x51
00000066                      main.o:_00538_DS_:
00000066 e0fc                 BCR 0x3, 0x6
00000067 feae                 MOVR 0x51, 0x0
00000068 fbaf                 SUBAR 0x50, 0x0
00000069 f7fc                 BTRSS 0x3, 0x0
0000006a c77f                 LGOTO 0x80; main.o:_00540_DS_=0x80
0000006b e4ef                 BSR 0x10, 0x6
0000006c d7fc                 LCALL 0x3; main.o:_00495_DS_=0x3
0000006d def0                 MOVIA 0xf
0000006e efee                 ANDAR 0x11, 0x0
0000006f e0fc                 BCR 0x3, 0x6
00000070 fc54                 ADDAR 0x2b, 0x1
00000071 feed                 MOVR 0x12, 0x0
00000072 ff2d                 MOVAR 0x52
00000073 deff                 MOVIA 0x0
00000074 ff2c                 MOVAR 0x53
00000075 fead                 MOVR 0x52, 0x0
00000076 fc56                 ADDAR 0x29, 0x1
00000077 feac                 MOVR 0x53, 0x0
00000078 f3fc                 BTRSC 0x3, 0x0
00000079 faac                 INCR 0x53, 0x0
0000007a f2fc                 BTRSC 0x3, 0x2
0000007b c782                 LGOTO 0x7d; main.o:_00001_DS_=0x7d
0000007c fc55                 ADDAR 0x2a, 0x1
0000007d                      main.o:_00001_DS_:
0000007d e0fc                 BCR 0x3, 0x6
0000007e fa2e                 INCR 0x51, 0x1
0000007f c799                 LGOTO 0x66; main.o:_00538_DS_=0x66
00000080                      main.o:_00540_DS_:
00000080 ffef                 RET
00000081                      _F_AIN3_Convert:
00000081 e0fc                 BCR 0x3, 0x6
00000082 ff33                 MOVAR 0x4c
00000083 fd57                 CLRR 0x28
00000084 fd59                 CLRR 0x26
00000085 fd58                 CLRR 0x27
00000086 de6c                 MOVIA 0x93
00000087 ff6f                 MOVAR 0x10
00000088 de37                 MOVIA 0xc8
00000089 d709                 LCALL 0xf6; _delay=0xf6
0000008a defe                 MOVIA 0x1
0000008b e0fc                 BCR 0x3, 0x6
0000008c ff32                 MOVAR 0x4d
0000008d                      main.o:_00529_DS_:
0000008d e0fc                 BCR 0x3, 0x6
0000008e feb2                 MOVR 0x4d, 0x0
0000008f fbb3                 SUBAR 0x4c, 0x0
00000090 f7fc                 BTRSS 0x3, 0x0
00000091 c758                 LGOTO 0xa7; main.o:_00531_DS_=0xa7
00000092 e4ef                 BSR 0x10, 0x6
00000093 d7fc                 LCALL 0x3; main.o:_00495_DS_=0x3
00000094 def0                 MOVIA 0xf
00000095 efee                 ANDAR 0x11, 0x0
00000096 e0fc                 BCR 0x3, 0x6
00000097 fc57                 ADDAR 0x28, 0x1
00000098 feed                 MOVR 0x12, 0x0
00000099 ff31                 MOVAR 0x4e
0000009a deff                 MOVIA 0x0
0000009b ff30                 MOVAR 0x4f
0000009c feb1                 MOVR 0x4e, 0x0
0000009d fc59                 ADDAR 0x26, 0x1
0000009e feb0                 MOVR 0x4f, 0x0
0000009f f3fc                 BTRSC 0x3, 0x0
000000a0 fab0                 INCR 0x4f, 0x0
000000a1 f2fc                 BTRSC 0x3, 0x2
000000a2 c75b                 LGOTO 0xa4; main.o:_00002_DS_=0xa4
000000a3 fc58                 ADDAR 0x27, 0x1
000000a4                      main.o:_00002_DS_:
000000a4 e0fc                 BCR 0x3, 0x6
000000a5 fa32                 INCR 0x4d, 0x1
000000a6 c772                 LGOTO 0x8d; main.o:_00529_DS_=0x8d
000000a7                      main.o:_00531_DS_:
000000a7 ffef                 RET
000000a8                      _F_AIN1_Convert:
000000a8 e0fc                 BCR 0x3, 0x6
000000a9 ff37                 MOVAR 0x48
000000aa fd5a                 CLRR 0x25
000000ab fd5c                 CLRR 0x23
000000ac fd5b                 CLRR 0x24
000000ad de6e                 MOVIA 0x91
000000ae ff6f                 MOVAR 0x10
000000af de37                 MOVIA 0xc8
000000b0 d709                 LCALL 0xf6; _delay=0xf6
000000b1 defe                 MOVIA 0x1
000000b2 e0fc                 BCR 0x3, 0x6
000000b3 ff36                 MOVAR 0x49
000000b4                      main.o:_00520_DS_:
000000b4 e0fc                 BCR 0x3, 0x6
000000b5 feb6                 MOVR 0x49, 0x0
000000b6 fbb7                 SUBAR 0x48, 0x0
000000b7 f7fc                 BTRSS 0x3, 0x0
000000b8 c731                 LGOTO 0xce; main.o:_00522_DS_=0xce
000000b9 e4ef                 BSR 0x10, 0x6
000000ba d7fc                 LCALL 0x3; main.o:_00495_DS_=0x3
000000bb def0                 MOVIA 0xf
000000bc efee                 ANDAR 0x11, 0x0
000000bd e0fc                 BCR 0x3, 0x6
000000be fc5a                 ADDAR 0x25, 0x1
000000bf feed                 MOVR 0x12, 0x0
000000c0 ff35                 MOVAR 0x4a
000000c1 deff                 MOVIA 0x0
000000c2 ff34                 MOVAR 0x4b
000000c3 feb5                 MOVR 0x4a, 0x0
000000c4 fc5c                 ADDAR 0x23, 0x1
000000c5 feb4                 MOVR 0x4b, 0x0
000000c6 f3fc                 BTRSC 0x3, 0x0
000000c7 fab4                 INCR 0x4b, 0x0
000000c8 f2fc                 BTRSC 0x3, 0x2
000000c9 c734                 LGOTO 0xcb; main.o:_00003_DS_=0xcb
000000ca fc5b                 ADDAR 0x24, 0x1
000000cb                      main.o:_00003_DS_:
000000cb e0fc                 BCR 0x3, 0x6
000000cc fa36                 INCR 0x49, 0x1
000000cd c74b                 LGOTO 0xb4; main.o:_00520_DS_=0xb4
000000ce                      main.o:_00522_DS_:
000000ce ffef                 RET
000000cf                      _F_VDD_Convert:
000000cf e0fc                 BCR 0x3, 0x6
000000d0 ff41                 MOVAR 0x3e
000000d1 fd5d                 CLRR 0x22
000000d2 fd5f                 CLRR 0x20
000000d3 fd5e                 CLRR 0x21
000000d4 de64                 MOVIA 0x9b
000000d5 ff6f                 MOVAR 0x10
000000d6 de37                 MOVIA 0xc8
000000d7 d709                 LCALL 0xf6; _delay=0xf6
000000d8 defe                 MOVIA 0x1
000000d9 e0fc                 BCR 0x3, 0x6
000000da ff40                 MOVAR 0x3f
000000db                      main.o:_00511_DS_:
000000db e0fc                 BCR 0x3, 0x6
000000dc fec0                 MOVR 0x3f, 0x0
000000dd fbc1                 SUBAR 0x3e, 0x0
000000de f7fc                 BTRSS 0x3, 0x0
000000df c70a                 LGOTO 0xf5; main.o:_00513_DS_=0xf5
000000e0 e4ef                 BSR 0x10, 0x6
000000e1 d7fc                 LCALL 0x3; main.o:_00495_DS_=0x3
000000e2 def0                 MOVIA 0xf
000000e3 efee                 ANDAR 0x11, 0x0
000000e4 e0fc                 BCR 0x3, 0x6
000000e5 fc5d                 ADDAR 0x22, 0x1
000000e6 feed                 MOVR 0x12, 0x0
000000e7 ff39                 MOVAR 0x46
000000e8 deff                 MOVIA 0x0
000000e9 ff38                 MOVAR 0x47
000000ea feb9                 MOVR 0x46, 0x0
000000eb fc5f                 ADDAR 0x20, 0x1
000000ec feb8                 MOVR 0x47, 0x0
000000ed f3fc                 BTRSC 0x3, 0x0
000000ee fab8                 INCR 0x47, 0x0
000000ef f2fc                 BTRSC 0x3, 0x2
000000f0 c70d                 LGOTO 0xf2; main.o:_00004_DS_=0xf2
000000f1 fc5e                 ADDAR 0x21, 0x1
000000f2                      main.o:_00004_DS_:
000000f2 e0fc                 BCR 0x3, 0x6
000000f3 fa40                 INCR 0x3f, 0x1
000000f4 c724                 LGOTO 0xdb; main.o:_00511_DS_=0xdb
000000f5                      main.o:_00513_DS_:
000000f5 ffef                 RET
000000f6                      _delay:
000000f6 e0fc                 BCR 0x3, 0x6
000000f7 ff43                 MOVAR 0x3c
000000f8 fd42                 CLRR 0x3d
000000f9                      main.o:_00502_DS_:
000000f9 e0fc                 BCR 0x3, 0x6
000000fa fec3                 MOVR 0x3c, 0x0
000000fb fbc2                 SUBAR 0x3d, 0x0
000000fc f3fc                 BTRSC 0x3, 0x0
000000fd c6fe                 LGOTO 0x101; main.o:_00504_DS_=0x101
000000fe ffff                 NOP
000000ff fa42                 INCR 0x3d, 0x1
00000100 c706                 LGOTO 0xf9; main.o:_00502_DS_=0xf9
00000101                      main.o:_00504_DS_:
00000101 ffef                 RET
00000102                      _modeLedShow:
00000102 d3ac                 LCALL 0x453; _LedInput=0x453
00000103 defa                 MOVIA 0x5
00000104 e0fc                 BCR 0x3, 0x6
00000105 fb95                 SUBAR 0x6a, 0x0
00000106 f3fc                 BTRSC 0x3, 0x0
00000107 c6e1                 LGOTO 0x11e; main.o:_00463_DS_=0x11e
00000108 defe                 MOVIA 0x1
00000109 ff75                 MOVAR 0xa
0000010a fe95                 MOVR 0x6a, 0x0
0000010b daf0                 ADDIA 0xf
0000010c f3fc                 BTRSC 0x3, 0x0
0000010d fa75                 INCR 0xa, 0x1
0000010e ff7d                 MOVAR 0x2
0000010f                      main.o:_00486_DS_:
0000010f c6eb                 LGOTO 0x114; main.o:_00458_DS_=0x114
00000110 c6e3                 LGOTO 0x11c; main.o:_00462_DS_=0x11c
00000111 c6e5                 LGOTO 0x11a; main.o:_00461_DS_=0x11a
00000112 c6e7                 LGOTO 0x118; main.o:_00460_DS_=0x118
00000113 c6e9                 LGOTO 0x116; main.o:_00459_DS_=0x116
00000114                      main.o:_00458_DS_:
00000114 d3ac                 LCALL 0x453; _LedInput=0x453
00000115 c6e0                 LGOTO 0x11f; main.o:_00464_DS_=0x11f
00000116                      main.o:_00459_DS_:
00000116 d3bd                 LCALL 0x442; _LEDMODE4=0x442
00000117 c6e0                 LGOTO 0x11f; main.o:_00464_DS_=0x11f
00000118                      main.o:_00460_DS_:
00000118 d3ce                 LCALL 0x431; _LEDMODE3=0x431
00000119 c6e0                 LGOTO 0x11f; main.o:_00464_DS_=0x11f
0000011a                      main.o:_00461_DS_:
0000011a d3df                 LCALL 0x420; _LEDMODE2=0x420
0000011b c6e0                 LGOTO 0x11f; main.o:_00464_DS_=0x11f
0000011c                      main.o:_00462_DS_:
0000011c d3f0                 LCALL 0x40f; _LEDMODE1=0x40f
0000011d c6e0                 LGOTO 0x11f; main.o:_00464_DS_=0x11f
0000011e                      main.o:_00463_DS_:
0000011e d3ac                 LCALL 0x453; _LedInput=0x453
0000011f                      main.o:_00464_DS_:
0000011f defc                 MOVIA 0x3
00000120 e0fc                 BCR 0x3, 0x6
00000121 fb92                 SUBAR 0x6d, 0x0
00000122 f3fc                 BTRSC 0x3, 0x0
00000123 c6cb                 LGOTO 0x134; main.o:_00468_DS_=0x134
00000124 defe                 MOVIA 0x1
00000125 ff75                 MOVAR 0xa
00000126 fe92                 MOVR 0x6d, 0x0
00000127 dad4                 ADDIA 0x2b
00000128 f3fc                 BTRSC 0x3, 0x0
00000129 fa75                 INCR 0xa, 0x1
0000012a ff7d                 MOVAR 0x2
0000012b                      main.o:_00488_DS_:
0000012b c6d1                 LGOTO 0x12e; main.o:_00465_DS_=0x12e
0000012c c6cf                 LGOTO 0x130; main.o:_00466_DS_=0x130
0000012d c6cd                 LGOTO 0x132; main.o:_00467_DS_=0x132
0000012e                      main.o:_00465_DS_:
0000012e d3ac                 LCALL 0x453; _LedInput=0x453
0000012f c6cb                 LGOTO 0x134; main.o:_00468_DS_=0x134
00000130                      main.o:_00466_DS_:
00000130 d412                 LCALL 0x3ed; _BATLOW=0x3ed
00000131 c6cb                 LGOTO 0x134; main.o:_00468_DS_=0x134
00000132                      main.o:_00467_DS_:
00000132 d412                 LCALL 0x3ed; _BATLOW=0x3ed
00000133 d401                 LCALL 0x3fe; _BATHIGHT=0x3fe
00000134                      main.o:_00468_DS_:
00000134 defb                 MOVIA 0x4
00000135 e0fc                 BCR 0x3, 0x6
00000136 fb93                 SUBAR 0x6c, 0x0
00000137 f3fc                 BTRSC 0x3, 0x0
00000138 c6b1                 LGOTO 0x14e; main.o:_00474_DS_=0x14e
00000139 defe                 MOVIA 0x1
0000013a ff75                 MOVAR 0xa
0000013b fe93                 MOVR 0x6c, 0x0
0000013c dabf                 ADDIA 0x40
0000013d f3fc                 BTRSC 0x3, 0x0
0000013e fa75                 INCR 0xa, 0x1
0000013f ff7d                 MOVAR 0x2
00000140                      main.o:_00490_DS_:
00000140 c6bb                 LGOTO 0x144; main.o:_00469_DS_=0x144
00000141 c6b9                 LGOTO 0x146; main.o:_00470_DS_=0x146
00000142 c6b7                 LGOTO 0x148; main.o:_00471_DS_=0x148
00000143 c6b4                 LGOTO 0x14b; main.o:_00472_DS_=0x14b
00000144                      main.o:_00469_DS_:
00000144 d3ac                 LCALL 0x453; _LedInput=0x453
00000145 c6b1                 LGOTO 0x14e; main.o:_00474_DS_=0x14e
00000146                      main.o:_00470_DS_:
00000146 d445                 LCALL 0x3ba; _POWERLOW=0x3ba
00000147 c6b1                 LGOTO 0x14e; main.o:_00474_DS_=0x14e
00000148                      main.o:_00471_DS_:
00000148 d445                 LCALL 0x3ba; _POWERLOW=0x3ba
00000149 d434                 LCALL 0x3cb; _POWERMID=0x3cb
0000014a c6b1                 LGOTO 0x14e; main.o:_00474_DS_=0x14e
0000014b                      main.o:_00472_DS_:
0000014b d445                 LCALL 0x3ba; _POWERLOW=0x3ba
0000014c d434                 LCALL 0x3cb; _POWERMID=0x3cb
0000014d d423                 LCALL 0x3dc; _POWERHIGHT=0x3dc
0000014e                      main.o:_00474_DS_:
0000014e ffef                 RET
0000014f                      _initAD:
0000014f de7b                 MOVIA 0x84
00000150 ff6f                 MOVAR 0x10
00000151 defd                 MOVIA 0x2
00000152 ff6c                 MOVAR 0x13
00000153 deef                 MOVIA 0x10
00000154 ff6e                 MOVAR 0x11
00000155 defc                 MOVIA 0x3
00000156 ff6b                 MOVAR 0x14
00000157 e5ef                 BSR 0x10, 0x4
00000158 de9b                 MOVIA 0x64
00000159 d709                 LCALL 0xf6; _delay=0xf6
0000015a ffef                 RET
0000015b                      _keyRead:
0000015b e0fc                 BCR 0x3, 0x6
0000015c ff44                 MOVAR 0x3b
0000015d fec4                 MOVR 0x3b, 0x0
0000015e f2fc                 BTRSC 0x3, 0x2
0000015f c691                 LGOTO 0x16e; main.o:_00447_DS_=0x16e
00000160 fec4                 MOVR 0x3b, 0x0
00000161 ff14                 MOVAR 0x6b
00000162 fa53                 INCR 0x2c, 0x1
00000163 de37                 MOVIA 0xc8
00000164 fbd3                 SUBAR 0x2c, 0x0
00000165 f7fc                 BTRSS 0x3, 0x0
00000166 c67d                 LGOTO 0x182; main.o:_00448_DS_=0x182
00000167 de37                 MOVIA 0xc8
00000168 ff53                 MOVAR 0x2c
00000169 f317                 BTRSC 0x68, 0x1
0000016a c67d                 LGOTO 0x182; main.o:_00448_DS_=0x182
0000016b e717                 BSR 0x68, 0x1
0000016c defd                 MOVIA 0x2
0000016d c67c                 LGOTO 0x183; main.o:_00449_DS_=0x183
0000016e                      main.o:_00447_DS_:
0000016e de37                 MOVIA 0xc8
0000016f e0fc                 BCR 0x3, 0x6
00000170 fbd3                 SUBAR 0x2c, 0x0
00000171 f7fc                 BTRSS 0x3, 0x0
00000172 c688                 LGOTO 0x177; main.o:_00444_DS_=0x177
00000173 fd53                 CLRR 0x2c
00000174 e317                 BCR 0x68, 0x1
00000175 deff                 MOVIA 0x0
00000176 c67c                 LGOTO 0x183; main.o:_00449_DS_=0x183
00000177                      main.o:_00444_DS_:
00000177 def7                 MOVIA 0x8
00000178 e0fc                 BCR 0x3, 0x6
00000179 fbd3                 SUBAR 0x2c, 0x0
0000017a f7fc                 BTRSS 0x3, 0x0
0000017b c680                 LGOTO 0x17f; main.o:_00445_DS_=0x17f
0000017c fd53                 CLRR 0x2c
0000017d defe                 MOVIA 0x1
0000017e c67c                 LGOTO 0x183; main.o:_00449_DS_=0x183
0000017f                      main.o:_00445_DS_:
0000017f e0fc                 BCR 0x3, 0x6
00000180 fd53                 CLRR 0x2c
00000181 fd14                 CLRR 0x6b
00000182                      main.o:_00448_DS_:
00000182 deff                 MOVIA 0x0
00000183                      main.o:_00449_DS_:
00000183 ffef                 RET
00000184                      _checkHotAD:
00000184 e0fc                 BCR 0x3, 0x6
00000185 fd54                 CLRR 0x2b
00000186 fd56                 CLRR 0x29
00000187 fd55                 CLRR 0x2a
00000188 def7                 MOVIA 0x8
00000189 d7a5                 LCALL 0x5a; _F_AIN4_Convert=0x5a
0000018a e0fc                 BCR 0x3, 0x6
0000018b ead5                 SWAPR 0x2a, 0x0
0000018c dd0f                 ANDIA 0xf0
0000018d ff55                 MOVAR 0x2a
0000018e ead6                 SWAPR 0x29, 0x0
0000018f ff56                 MOVAR 0x29
00000190 ddf0                 ANDIA 0xf
00000191 ee55                 IORAR 0x2a, 0x1
00000192 ed56                 XORAR 0x29, 0x1
00000193 de0f                 MOVIA 0xf0
00000194 ef54                 ANDAR 0x2b, 0x1
00000195 fed4                 MOVR 0x2b, 0x0
00000196 ff46                 MOVAR 0x39
00000197 deff                 MOVIA 0x0
00000198 ff45                 MOVAR 0x3a
00000199 fec6                 MOVR 0x39, 0x0
0000019a fc56                 ADDAR 0x29, 0x1
0000019b fec5                 MOVR 0x3a, 0x0
0000019c f3fc                 BTRSC 0x3, 0x0
0000019d fac5                 INCR 0x3a, 0x0
0000019e f2fc                 BTRSC 0x3, 0x2
0000019f c65e                 LGOTO 0x1a1; main.o:_00005_DS_=0x1a1
000001a0 fc55                 ADDAR 0x2a, 0x1
000001a1                      main.o:_00005_DS_:
000001a1 e3fc                 BCR 0x3, 0x0
000001a2 e0fc                 BCR 0x3, 0x6
000001a3 ec55                 RRR 0x2a, 0x1
000001a4 ec56                 RRR 0x29, 0x1
000001a5 e3fc                 BCR 0x3, 0x0
000001a6 ec55                 RRR 0x2a, 0x1
000001a7 ec56                 RRR 0x29, 0x1
000001a8 e3fc                 BCR 0x3, 0x0
000001a9 ec55                 RRR 0x2a, 0x1
000001aa ec56                 RRR 0x29, 0x1
000001ab ffef                 RET
000001ac                      _checkTouchAD:
000001ac e0fc                 BCR 0x3, 0x6
000001ad fd57                 CLRR 0x28
000001ae fd59                 CLRR 0x26
000001af fd58                 CLRR 0x27
000001b0 def7                 MOVIA 0x8
000001b1 d77e                 LCALL 0x81; _F_AIN3_Convert=0x81
000001b2 e0fc                 BCR 0x3, 0x6
000001b3 ead8                 SWAPR 0x27, 0x0
000001b4 dd0f                 ANDIA 0xf0
000001b5 ff58                 MOVAR 0x27
000001b6 ead9                 SWAPR 0x26, 0x0
000001b7 ff59                 MOVAR 0x26
000001b8 ddf0                 ANDIA 0xf
000001b9 ee58                 IORAR 0x27, 0x1
000001ba ed59                 XORAR 0x26, 0x1
000001bb de0f                 MOVIA 0xf0
000001bc ef57                 ANDAR 0x28, 0x1
000001bd fed7                 MOVR 0x28, 0x0
000001be ff48                 MOVAR 0x37
000001bf deff                 MOVIA 0x0
000001c0 ff47                 MOVAR 0x38
000001c1 fec8                 MOVR 0x37, 0x0
000001c2 fc59                 ADDAR 0x26, 0x1
000001c3 fec7                 MOVR 0x38, 0x0
000001c4 f3fc                 BTRSC 0x3, 0x0
000001c5 fac7                 INCR 0x38, 0x0
000001c6 f2fc                 BTRSC 0x3, 0x2
000001c7 c636                 LGOTO 0x1c9; main.o:_00006_DS_=0x1c9
000001c8 fc58                 ADDAR 0x27, 0x1
000001c9                      main.o:_00006_DS_:
000001c9 e3fc                 BCR 0x3, 0x0
000001ca e0fc                 BCR 0x3, 0x6
000001cb ec58                 RRR 0x27, 0x1
000001cc ec59                 RRR 0x26, 0x1
000001cd e3fc                 BCR 0x3, 0x0
000001ce ec58                 RRR 0x27, 0x1
000001cf ec59                 RRR 0x26, 0x1
000001d0 e3fc                 BCR 0x3, 0x0
000001d1 ec58                 RRR 0x27, 0x1
000001d2 ec59                 RRR 0x26, 0x1
000001d3 ffef                 RET
000001d4                      _checkKeyAD:
000001d4 ffea                 IOSTR 0x5
000001d5 e0fc                 BCR 0x3, 0x6
000001d6 ff4a                 MOVAR 0x35
000001d7 e74a                 BSR 0x35, 0x1
000001d8 feca                 MOVR 0x35, 0x0
000001d9 fffa                 IOST 0x5
000001da fd5a                 CLRR 0x25
000001db fd5c                 CLRR 0x23
000001dc fd5b                 CLRR 0x24
000001dd def7                 MOVIA 0x8
000001de d757                 LCALL 0xa8; _F_AIN1_Convert=0xa8
000001df e0fc                 BCR 0x3, 0x6
000001e0 eadb                 SWAPR 0x24, 0x0
000001e1 dd0f                 ANDIA 0xf0
000001e2 ff5b                 MOVAR 0x24
000001e3 eadc                 SWAPR 0x23, 0x0
000001e4 ff5c                 MOVAR 0x23
000001e5 ddf0                 ANDIA 0xf
000001e6 ee5b                 IORAR 0x24, 0x1
000001e7 ed5c                 XORAR 0x23, 0x1
000001e8 de0f                 MOVIA 0xf0
000001e9 ef5a                 ANDAR 0x25, 0x1
000001ea feda                 MOVR 0x25, 0x0
000001eb ff4a                 MOVAR 0x35
000001ec deff                 MOVIA 0x0
000001ed ff49                 MOVAR 0x36
000001ee feca                 MOVR 0x35, 0x0
000001ef fc5c                 ADDAR 0x23, 0x1
000001f0 fec9                 MOVR 0x36, 0x0
000001f1 f3fc                 BTRSC 0x3, 0x0
000001f2 fac9                 INCR 0x36, 0x0
000001f3 f2fc                 BTRSC 0x3, 0x2
000001f4 c609                 LGOTO 0x1f6; main.o:_00007_DS_=0x1f6
000001f5 fc5b                 ADDAR 0x24, 0x1
000001f6                      main.o:_00007_DS_:
000001f6 e3fc                 BCR 0x3, 0x0
000001f7 e0fc                 BCR 0x3, 0x6
000001f8 ec5b                 RRR 0x24, 0x1
000001f9 ec5c                 RRR 0x23, 0x1
000001fa e3fc                 BCR 0x3, 0x0
000001fb ec5b                 RRR 0x24, 0x1
000001fc ec5c                 RRR 0x23, 0x1
000001fd e3fc                 BCR 0x3, 0x0
000001fe ec5b                 RRR 0x24, 0x1
000001ff ec5c                 RRR 0x23, 0x1
00000200 ffef                 RET
00000201                      _checkBAT:
00000201 e0fc                 BCR 0x3, 0x6
00000202 fd5d                 CLRR 0x22
00000203 fd5f                 CLRR 0x20
00000204 fd5e                 CLRR 0x21
00000205 def7                 MOVIA 0x8
00000206 d730                 LCALL 0xcf; _F_VDD_Convert=0xcf
00000207 e0fc                 BCR 0x3, 0x6
00000208 eade                 SWAPR 0x21, 0x0
00000209 dd0f                 ANDIA 0xf0
0000020a ff5e                 MOVAR 0x21
0000020b eadf                 SWAPR 0x20, 0x0
0000020c ff5f                 MOVAR 0x20
0000020d ddf0                 ANDIA 0xf
0000020e ee5e                 IORAR 0x21, 0x1
0000020f ed5f                 XORAR 0x20, 0x1
00000210 de0f                 MOVIA 0xf0
00000211 ef5d                 ANDAR 0x22, 0x1
00000212 fedd                 MOVR 0x22, 0x0
00000213 ff4c                 MOVAR 0x33
00000214 deff                 MOVIA 0x0
00000215 ff4b                 MOVAR 0x34
00000216 fecc                 MOVR 0x33, 0x0
00000217 fc5f                 ADDAR 0x20, 0x1
00000218 fecb                 MOVR 0x34, 0x0
00000219 f3fc                 BTRSC 0x3, 0x0
0000021a facb                 INCR 0x34, 0x0
0000021b f2fc                 BTRSC 0x3, 0x2
0000021c c5e1                 LGOTO 0x21e; main.o:_00008_DS_=0x21e
0000021d fc5e                 ADDAR 0x21, 0x1
0000021e                      main.o:_00008_DS_:
0000021e e3fc                 BCR 0x3, 0x0
0000021f e0fc                 BCR 0x3, 0x6
00000220 ec5e                 RRR 0x21, 0x1
00000221 ec5f                 RRR 0x20, 0x1
00000222 e3fc                 BCR 0x3, 0x0
00000223 ec5e                 RRR 0x21, 0x1
00000224 ec5f                 RRR 0x20, 0x1
00000225 e3fc                 BCR 0x3, 0x0
00000226 ec5e                 RRR 0x21, 0x1
00000227 ec5f                 RRR 0x20, 0x1
00000228 ffef                 RET
00000229                      _PWM1Start:
00000229 ff9e                 SFUNR 0x1
0000022a e0fc                 BCR 0x3, 0x6
0000022b ff4d                 MOVAR 0x32
0000022c f04d                 BTRSC 0x32, 0x7
0000022d c5c8                 LGOTO 0x237; main.o:_00409_DS_=0x237
0000022e fd66                 CLRR 0x19
0000022f de9b                 MOVIA 0x64
00000230 ffbf                 SFUN 0x0
00000231 debd                 MOVIA 0x42
00000232 ffbc                 SFUN 0x3
00000233 defb                 MOVIA 0x4
00000234 ffbd                 SFUN 0x2
00000235 de7c                 MOVIA 0x83
00000236 ffbe                 SFUN 0x1
00000237                      main.o:_00409_DS_:
00000237 ffef                 RET
00000238                      _ADKeyCtr:
00000238 e0fc                 BCR 0x3, 0x6
00000239 fa0f                 INCR 0x70, 0x1
0000023a dee0                 MOVIA 0x1f
0000023b fb8f                 SUBAR 0x70, 0x0
0000023c f7fc                 BTRSS 0x3, 0x0
0000023d c5bf                 LGOTO 0x240; main.o:_00275_DS_=0x240
0000023e fd0f                 CLRR 0x70
0000023f d5fe                 LCALL 0x201; _checkBAT=0x201
00000240                      main.o:_00275_DS_:
00000240 e0fc                 BCR 0x3, 0x6
00000241 fe95                 MOVR 0x6a, 0x0
00000242 f2fc                 BTRSC 0x3, 0x2
00000243 c599                 LGOTO 0x266; main.o:_00285_DS_=0x266
00000244 f297                 BTRSC 0x68, 0x2
00000245 c599                 LGOTO 0x266; main.o:_00285_DS_=0x266
00000246 defc                 MOVIA 0x3
00000247 fbde                 SUBAR 0x21, 0x0
00000248 f6fc                 BTRSS 0x3, 0x2
00000249 c5b3                 LGOTO 0x24c; main.o:_00396_DS_=0x24c
0000024a de65                 MOVIA 0x9a
0000024b fbdf                 SUBAR 0x20, 0x0
0000024c                      main.o:_00396_DS_:
0000024c f7fc                 BTRSS 0x3, 0x0
0000024d c5ad                 LGOTO 0x252; main.o:_00282_DS_=0x252
0000024e defd                 MOVIA 0x2
0000024f e0fc                 BCR 0x3, 0x6
00000250 ff12                 MOVAR 0x6d
00000251 c599                 LGOTO 0x266; main.o:_00285_DS_=0x266
00000252                      main.o:_00282_DS_:
00000252 e0fc                 BCR 0x3, 0x6
00000253 fe92                 MOVR 0x6d, 0x0
00000254 dbfd                 XORIA 0x2
00000255 f6fc                 BTRSS 0x3, 0x2
00000256 c59c                 LGOTO 0x263; main.o:_00279_DS_=0x263
00000257 defc                 MOVIA 0x3
00000258 fbde                 SUBAR 0x21, 0x0
00000259 f6fc                 BTRSS 0x3, 0x2
0000025a c5a2                 LGOTO 0x25d; main.o:_00397_DS_=0x25d
0000025b de71                 MOVIA 0x8e
0000025c fbdf                 SUBAR 0x20, 0x0
0000025d                      main.o:_00397_DS_:
0000025d f3fc                 BTRSC 0x3, 0x0
0000025e c599                 LGOTO 0x266; main.o:_00285_DS_=0x266
0000025f defe                 MOVIA 0x1
00000260 e0fc                 BCR 0x3, 0x6
00000261 ff12                 MOVAR 0x6d
00000262 c599                 LGOTO 0x266; main.o:_00285_DS_=0x266
00000263                      main.o:_00279_DS_:
00000263 defe                 MOVIA 0x1
00000264 e0fc                 BCR 0x3, 0x6
00000265 ff12                 MOVAR 0x6d
00000266                      main.o:_00285_DS_:
00000266 e0fc                 BCR 0x3, 0x6
00000267 fe95                 MOVR 0x6a, 0x0
00000268 f6fc                 BTRSS 0x3, 0x2
00000269 c58e                 LGOTO 0x271; main.o:_00288_DS_=0x271
0000026a f297                 BTRSC 0x68, 0x2
0000026b c58e                 LGOTO 0x271; main.o:_00288_DS_=0x271
0000026c fd13                 CLRR 0x6c
0000026d fd12                 CLRR 0x6d
0000026e e1f9                 BCR 0x6, 0x4
0000026f e179                 BCR 0x6, 0x5
00000270 e3fa                 BCR 0x5, 0x0
00000271                      main.o:_00288_DS_:
00000271 def4                 MOVIA 0xb
00000272 e0fc                 BCR 0x3, 0x6
00000273 fb8f                 SUBAR 0x70, 0x0
00000274 f7fc                 BTRSS 0x3, 0x0
00000275 c585                 LGOTO 0x27a; main.o:_00291_DS_=0x27a
00000276 dee6                 MOVIA 0x19
00000277 fb8f                 SUBAR 0x70, 0x0
00000278 f7fc                 BTRSS 0x3, 0x0
00000279 d62b                 LCALL 0x1d4; _checkKeyAD=0x1d4
0000027a                      main.o:_00291_DS_:
0000027a deff                 MOVIA 0x0
0000027b e0fc                 BCR 0x3, 0x6
0000027c fbdb                 SUBAR 0x24, 0x0
0000027d f6fc                 BTRSS 0x3, 0x2
0000027e c57e                 LGOTO 0x281; main.o:_00400_DS_=0x281
0000027f de9a                 MOVIA 0x65
00000280 fbdc                 SUBAR 0x23, 0x0
00000281                      main.o:_00400_DS_:
00000281 f7fc                 BTRSS 0x3, 0x0
00000282 c562                 LGOTO 0x29d; main.o:_00297_DS_=0x29d
00000283 def7                 MOVIA 0x8
00000284 e0fc                 BCR 0x3, 0x6
00000285 fbdb                 SUBAR 0x24, 0x0
00000286 f6fc                 BTRSS 0x3, 0x2
00000287 c575                 LGOTO 0x28a; main.o:_00401_DS_=0x28a
00000288 deff                 MOVIA 0x0
00000289 fbdc                 SUBAR 0x23, 0x0
0000028a                      main.o:_00401_DS_:
0000028a f3fc                 BTRSC 0x3, 0x0
0000028b c562                 LGOTO 0x29d; main.o:_00297_DS_=0x29d
0000028c def9                 MOVIA 0x6
0000028d e0fc                 BCR 0x3, 0x6
0000028e fbdb                 SUBAR 0x24, 0x0
0000028f f6fc                 BTRSS 0x3, 0x2
00000290 c56c                 LGOTO 0x293; main.o:_00402_DS_=0x293
00000291 defe                 MOVIA 0x1
00000292 fbdc                 SUBAR 0x23, 0x0
00000293                      main.o:_00402_DS_:
00000293 f7fc                 BTRSS 0x3, 0x0
00000294 c566                 LGOTO 0x299; main.o:_00294_DS_=0x299
00000295 defe                 MOVIA 0x1
00000296 e0fc                 BCR 0x3, 0x6
00000297 ff4e                 MOVAR 0x31
00000298 c560                 LGOTO 0x29f; main.o:_00298_DS_=0x29f
00000299                      main.o:_00294_DS_:
00000299 defd                 MOVIA 0x2
0000029a e0fc                 BCR 0x3, 0x6
0000029b ff4e                 MOVAR 0x31
0000029c c560                 LGOTO 0x29f; main.o:_00298_DS_=0x29f
0000029d                      main.o:_00297_DS_:
0000029d e0fc                 BCR 0x3, 0x6
0000029e fd4e                 CLRR 0x31
0000029f                      main.o:_00298_DS_:
0000029f e0fc                 BCR 0x3, 0x6
000002a0 fece                 MOVR 0x31, 0x0
000002a1 d6a4                 LCALL 0x15b; _keyRead=0x15b
000002a2 e0fc                 BCR 0x3, 0x6
000002a3 ff4e                 MOVAR 0x31
000002a4 dbfe                 XORIA 0x1
000002a5 f6fc                 BTRSS 0x3, 0x2
000002a6 c532                 LGOTO 0x2cd; main.o:_00322_DS_=0x2cd
000002a7 fe94                 MOVR 0x6b, 0x0
000002a8 dbfe                 XORIA 0x1
000002a9 f6fc                 BTRSS 0x3, 0x2
000002aa c53e                 LGOTO 0x2c1; main.o:_00310_DS_=0x2c1
000002ab fe95                 MOVR 0x6a, 0x0
000002ac f6fc                 BTRSS 0x3, 0x2
000002ad c54a                 LGOTO 0x2b5; main.o:_00303_DS_=0x2b5
000002ae d3ac                 LCALL 0x453; _LedInput=0x453
000002af e0fc                 BCR 0x3, 0x6
000002b0 fd15                 CLRR 0x6a
000002b1 fd13                 CLRR 0x6c
000002b2 fd12                 CLRR 0x6d
000002b3 e697                 BSR 0x68, 0x2
000002b4 c519                 LGOTO 0x2e6; main.o:_00324_DS_=0x2e6
000002b5                      main.o:_00303_DS_:
000002b5 e0fc                 BCR 0x3, 0x6
000002b6 fa15                 INCR 0x6a, 0x1
000002b7 defa                 MOVIA 0x5
000002b8 fb95                 SUBAR 0x6a, 0x0
000002b9 f7fc                 BTRSS 0x3, 0x0
000002ba c542                 LGOTO 0x2bd; main.o:_00301_DS_=0x2bd
000002bb defe                 MOVIA 0x1
000002bc ff15                 MOVAR 0x6a
000002bd                      main.o:_00301_DS_:
000002bd defe                 MOVIA 0x1
000002be e0fc                 BCR 0x3, 0x6
000002bf ff13                 MOVAR 0x6c
000002c0 c519                 LGOTO 0x2e6; main.o:_00324_DS_=0x2e6
000002c1                      main.o:_00310_DS_:
000002c1 e0fc                 BCR 0x3, 0x6
000002c2 fe95                 MOVR 0x6a, 0x0
000002c3 f2fc                 BTRSC 0x3, 0x2
000002c4 c519                 LGOTO 0x2e6; main.o:_00324_DS_=0x2e6
000002c5 fa13                 INCR 0x6c, 0x1
000002c6 defb                 MOVIA 0x4
000002c7 fb93                 SUBAR 0x6c, 0x0
000002c8 f7fc                 BTRSS 0x3, 0x0
000002c9 c519                 LGOTO 0x2e6; main.o:_00324_DS_=0x2e6
000002ca defe                 MOVIA 0x1
000002cb ff13                 MOVAR 0x6c
000002cc c519                 LGOTO 0x2e6; main.o:_00324_DS_=0x2e6
000002cd                      main.o:_00322_DS_:
000002cd e0fc                 BCR 0x3, 0x6
000002ce fece                 MOVR 0x31, 0x0
000002cf dbfd                 XORIA 0x2
000002d0 f6fc                 BTRSS 0x3, 0x2
000002d1 c519                 LGOTO 0x2e6; main.o:_00324_DS_=0x2e6
000002d2 fe94                 MOVR 0x6b, 0x0
000002d3 dbfe                 XORIA 0x1
000002d4 f6fc                 BTRSS 0x3, 0x2
000002d5 c524                 LGOTO 0x2db; main.o:_00317_DS_=0x2db
000002d6 fd15                 CLRR 0x6a
000002d7 fd13                 CLRR 0x6c
000002d8 e297                 BCR 0x68, 0x2
000002d9 fd12                 CLRR 0x6d
000002da c519                 LGOTO 0x2e6; main.o:_00324_DS_=0x2e6
000002db                      main.o:_00317_DS_:
000002db e0fc                 BCR 0x3, 0x6
000002dc fe95                 MOVR 0x6a, 0x0
000002dd f2fc                 BTRSC 0x3, 0x2
000002de c519                 LGOTO 0x2e6; main.o:_00324_DS_=0x2e6
000002df fa13                 INCR 0x6c, 0x1
000002e0 defb                 MOVIA 0x4
000002e1 fb93                 SUBAR 0x6c, 0x0
000002e2 f7fc                 BTRSS 0x3, 0x0
000002e3 c519                 LGOTO 0x2e6; main.o:_00324_DS_=0x2e6
000002e4 defe                 MOVIA 0x1
000002e5 ff13                 MOVAR 0x6c
000002e6                      main.o:_00324_DS_:
000002e6 ffef                 RET
000002e7                      _startCtr:
000002e7 e0fc                 BCR 0x3, 0x6
000002e8 fa11                 INCR 0x6e, 0x1
000002e9 deea                 MOVIA 0x15
000002ea fb91                 SUBAR 0x6e, 0x0
000002eb f7fc                 BTRSS 0x3, 0x0
000002ec c4c3                 LGOTO 0x33c; main.o:_00269_DS_=0x33c
000002ed fd11                 CLRR 0x6e
000002ee defa                 MOVIA 0x5
000002ef fb90                 SUBAR 0x6f, 0x0
000002f0 f3fc                 BTRSC 0x3, 0x0
000002f1 c507                 LGOTO 0x2f8; main.o:_00263_DS_=0x2f8
000002f2 fe90                 MOVR 0x6f, 0x0
000002f3 d8fa                 SUBIA 0x5
000002f4 ff15                 MOVAR 0x6a
000002f5 fd12                 CLRR 0x6d
000002f6 fd13                 CLRR 0x6c
000002f7 c4d2                 LGOTO 0x32d; main.o:_00264_DS_=0x32d
000002f8                      main.o:_00263_DS_:
000002f8 e0fc                 BCR 0x3, 0x6
000002f9 fe90                 MOVR 0x6f, 0x0
000002fa dbfa                 XORIA 0x5
000002fb f6fc                 BTRSS 0x3, 0x2
000002fc c4fd                 LGOTO 0x302; main.o:_00260_DS_=0x302
000002fd fd15                 CLRR 0x6a
000002fe fd12                 CLRR 0x6d
000002ff defc                 MOVIA 0x3
00000300 ff13                 MOVAR 0x6c
00000301 c4d2                 LGOTO 0x32d; main.o:_00264_DS_=0x32d
00000302                      main.o:_00260_DS_:
00000302 e0fc                 BCR 0x3, 0x6
00000303 fe90                 MOVR 0x6f, 0x0
00000304 dbf9                 XORIA 0x6
00000305 f6fc                 BTRSS 0x3, 0x2
00000306 c4f3                 LGOTO 0x30c; main.o:_00257_DS_=0x30c
00000307 fd15                 CLRR 0x6a
00000308 fd13                 CLRR 0x6c
00000309 defd                 MOVIA 0x2
0000030a ff12                 MOVAR 0x6d
0000030b c4d2                 LGOTO 0x32d; main.o:_00264_DS_=0x32d
0000030c                      main.o:_00257_DS_:
0000030c e0fc                 BCR 0x3, 0x6
0000030d fe90                 MOVR 0x6f, 0x0
0000030e dbf8                 XORIA 0x7
0000030f f6fc                 BTRSS 0x3, 0x2
00000310 c4e6                 LGOTO 0x319; main.o:_00254_DS_=0x319
00000311 fd15                 CLRR 0x6a
00000312 fd12                 CLRR 0x6d
00000313 fd13                 CLRR 0x6c
00000314 e1f9                 BCR 0x6, 0x4
00000315 e179                 BCR 0x6, 0x5
00000316 e3fa                 BCR 0x5, 0x0
00000317 e7fa                 BSR 0x5, 0x0
00000318 c4d2                 LGOTO 0x32d; main.o:_00264_DS_=0x32d
00000319                      main.o:_00254_DS_:
00000319 e0fc                 BCR 0x3, 0x6
0000031a fe90                 MOVR 0x6f, 0x0
0000031b dbf7                 XORIA 0x8
0000031c f6fc                 BTRSS 0x3, 0x2
0000031d c4db                 LGOTO 0x324; main.o:_00251_DS_=0x324
0000031e e3fa                 BCR 0x5, 0x0
0000031f e1f9                 BCR 0x6, 0x4
00000320 e179                 BCR 0x6, 0x5
00000321 e3fa                 BCR 0x5, 0x0
00000322 e5f9                 BSR 0x6, 0x4
00000323 c4d2                 LGOTO 0x32d; main.o:_00264_DS_=0x32d
00000324                      main.o:_00251_DS_:
00000324 e0fc                 BCR 0x3, 0x6
00000325 fe90                 MOVR 0x6f, 0x0
00000326 dbf6                 XORIA 0x9
00000327 f6fc                 BTRSS 0x3, 0x2
00000328 c4d2                 LGOTO 0x32d; main.o:_00264_DS_=0x32d
00000329 e1f9                 BCR 0x6, 0x4
0000032a e179                 BCR 0x6, 0x5
0000032b e3fa                 BCR 0x5, 0x0
0000032c e579                 BSR 0x6, 0x5
0000032d                      main.o:_00264_DS_:
0000032d e0fc                 BCR 0x3, 0x6
0000032e fa10                 INCR 0x6f, 0x1
0000032f def4                 MOVIA 0xb
00000330 fb90                 SUBAR 0x6f, 0x0
00000331 f7fc                 BTRSS 0x3, 0x0
00000332 c4c3                 LGOTO 0x33c; main.o:_00269_DS_=0x33c
00000333 e1f9                 BCR 0x6, 0x4
00000334 e179                 BCR 0x6, 0x5
00000335 e3fa                 BCR 0x5, 0x0
00000336 fd10                 CLRR 0x6f
00000337 e297                 BCR 0x68, 0x2
00000338 defe                 MOVIA 0x1
00000339 ff15                 MOVAR 0x6a
0000033a ff13                 MOVAR 0x6c
0000033b fd11                 CLRR 0x6e
0000033c                      main.o:_00269_DS_:
0000033c ffef                 RET
0000033d                      _workCtr:
0000033d defa                 MOVIA 0x5
0000033e e0fc                 BCR 0x3, 0x6
0000033f fb8f                 SUBAR 0x70, 0x0
00000340 f7fc                 BTRSS 0x3, 0x0
00000341 d653                 LCALL 0x1ac; _checkTouchAD=0x1ac
00000342 defc                 MOVIA 0x3
00000343 e0fc                 BCR 0x3, 0x6
00000344 fbd8                 SUBAR 0x27, 0x0
00000345 f6fc                 BTRSS 0x3, 0x2
00000346 c4b6                 LGOTO 0x349; main.o:_00240_DS_=0x349
00000347 de17                 MOVIA 0xe8
00000348 fbd9                 SUBAR 0x26, 0x0
00000349                      main.o:_00240_DS_:
00000349 f3fc                 BTRSC 0x3, 0x0
0000034a c4b0                 LGOTO 0x34f; main.o:_00197_DS_=0x34f
0000034b defe                 MOVIA 0x1
0000034c ffbe                 SFUN 0x1
0000034d e2f9                 BCR 0x6, 0x2
0000034e c482                 LGOTO 0x37d; main.o:_00198_DS_=0x37d
0000034f                      main.o:_00197_DS_:
0000034f d5d6                 LCALL 0x229; _PWM1Start=0x229
00000350 e0fc                 BCR 0x3, 0x6
00000351 fe95                 MOVR 0x6a, 0x0
00000352 dbfd                 XORIA 0x2
00000353 f6fc                 BTRSS 0x3, 0x2
00000354 c482                 LGOTO 0x37d; main.o:_00198_DS_=0x37d
00000355 dee2                 MOVIA 0x1d
00000356 fb8f                 SUBAR 0x70, 0x0
00000357 f3fc                 BTRSC 0x3, 0x0
00000358 d67b                 LCALL 0x184; _checkHotAD=0x184
00000359 e0fc                 BCR 0x3, 0x6
0000035a fedf                 MOVR 0x20, 0x0
0000035b ff3c                 MOVAR 0x43
0000035c fede                 MOVR 0x21, 0x0
0000035d ff3b                 MOVAR 0x44
0000035e defb                 MOVIA 0x4
0000035f ff3a                 MOVAR 0x45
00000360 deff                 MOVIA 0x0
00000361 d336                 LCALL 0x4c9; __mulint=0x4c9
00000362 e0fc                 BCR 0x3, 0x6
00000363 ff4f                 MOVAR 0x30
00000364 feba                 MOVR 0x45, 0x0
00000365 ff50                 MOVAR 0x2f
00000366 defc                 MOVIA 0x3
00000367 ff3c                 MOVAR 0x43
00000368 deff                 MOVIA 0x0
00000369 ff3b                 MOVAR 0x44
0000036a fed0                 MOVR 0x2f, 0x0
0000036b ff3a                 MOVAR 0x45
0000036c fecf                 MOVR 0x30, 0x0
0000036d d380                 LCALL 0x47f; __divuint=0x47f
0000036e e0fc                 BCR 0x3, 0x6
0000036f ff4f                 MOVAR 0x30
00000370 feba                 MOVR 0x45, 0x0
00000371 ff50                 MOVAR 0x2f
00000372 fed8                 MOVR 0x27, 0x0
00000373 fbcf                 SUBAR 0x30, 0x0
00000374 f6fc                 BTRSS 0x3, 0x2
00000375 c487                 LGOTO 0x378; main.o:_00242_DS_=0x378
00000376 fed9                 MOVR 0x26, 0x0
00000377 fbd0                 SUBAR 0x2f, 0x0
00000378                      main.o:_00242_DS_:
00000378 f3fc                 BTRSC 0x3, 0x0
00000379 c483                 LGOTO 0x37c; main.o:_00192_DS_=0x37c
0000037a e2f9                 BCR 0x6, 0x2
0000037b c482                 LGOTO 0x37d; main.o:_00198_DS_=0x37d
0000037c                      main.o:_00192_DS_:
0000037c e6f9                 BSR 0x6, 0x2
0000037d                      main.o:_00198_DS_:
0000037d defc                 MOVIA 0x3
0000037e e0fc                 BCR 0x3, 0x6
0000037f fbd8                 SUBAR 0x27, 0x0
00000380 f6fc                 BTRSS 0x3, 0x2
00000381 c47b                 LGOTO 0x384; main.o:_00243_DS_=0x384
00000382 de16                 MOVIA 0xe9
00000383 fbd9                 SUBAR 0x26, 0x0
00000384                      main.o:_00243_DS_:
00000384 f7fc                 BTRSS 0x3, 0x0
00000385 c45e                 LGOTO 0x3a1; main.o:_00208_DS_=0x3a1
00000386 e0fc                 BCR 0x3, 0x6
00000387 fe95                 MOVR 0x6a, 0x0
00000388 dbfe                 XORIA 0x1
00000389 f6fc                 BTRSS 0x3, 0x2
0000038a c470                 LGOTO 0x38f; main.o:_00205_DS_=0x38f
0000038b e579                 BSR 0x6, 0x5
0000038c e1f9                 BCR 0x6, 0x4
0000038d e3fa                 BCR 0x5, 0x0
0000038e c45b                 LGOTO 0x3a4; main.o:_00210_DS_=0x3a4
0000038f                      main.o:_00205_DS_:
0000038f e0fc                 BCR 0x3, 0x6
00000390 fe95                 MOVR 0x6a, 0x0
00000391 dbfd                 XORIA 0x2
00000392 f6fc                 BTRSS 0x3, 0x2
00000393 c467                 LGOTO 0x398; main.o:_00202_DS_=0x398
00000394 e179                 BCR 0x6, 0x5
00000395 e5f9                 BSR 0x6, 0x4
00000396 e3fa                 BCR 0x5, 0x0
00000397 c45b                 LGOTO 0x3a4; main.o:_00210_DS_=0x3a4
00000398                      main.o:_00202_DS_:
00000398 defc                 MOVIA 0x3
00000399 e0fc                 BCR 0x3, 0x6
0000039a fb95                 SUBAR 0x6a, 0x0
0000039b f7fc                 BTRSS 0x3, 0x0
0000039c c45b                 LGOTO 0x3a4; main.o:_00210_DS_=0x3a4
0000039d e179                 BCR 0x6, 0x5
0000039e e7fa                 BSR 0x5, 0x0
0000039f e1f9                 BCR 0x6, 0x4
000003a0 c45b                 LGOTO 0x3a4; main.o:_00210_DS_=0x3a4
000003a1                      main.o:_00208_DS_:
000003a1 e179                 BCR 0x6, 0x5
000003a2 e3fa                 BCR 0x5, 0x0
000003a3 e1f9                 BCR 0x6, 0x4
000003a4                      main.o:_00210_DS_:
000003a4 ffef                 RET
000003a5                      _chrgCtr:
000003a5 f57a                 BTRSS 0x5, 0x5
000003a6 c455                 LGOTO 0x3aa; main.o:_00180_DS_=0x3aa
000003a7 e0fc                 BCR 0x3, 0x6
000003a8 e217                 BCR 0x68, 0x3
000003a9 c446                 LGOTO 0x3b9; main.o:_00182_DS_=0x3b9
000003aa                      main.o:_00180_DS_:
000003aa e0fc                 BCR 0x3, 0x6
000003ab e617                 BSR 0x68, 0x3
000003ac fd15                 CLRR 0x6a
000003ad fd13                 CLRR 0x6c
000003ae fa11                 INCR 0x6e, 0x1
000003af decc                 MOVIA 0x33
000003b0 fb91                 SUBAR 0x6e, 0x0
000003b1 f7fc                 BTRSS 0x3, 0x0
000003b2 c446                 LGOTO 0x3b9; main.o:_00182_DS_=0x3b9
000003b3 fd11                 CLRR 0x6e
000003b4 fa12                 INCR 0x6d, 0x1
000003b5 defc                 MOVIA 0x3
000003b6 fb92                 SUBAR 0x6d, 0x0
000003b7 f3fc                 BTRSC 0x3, 0x0
000003b8 fd12                 CLRR 0x6d
000003b9                      main.o:_00182_DS_:
000003b9 ffef                 RET
000003ba                      _POWERLOW:
000003ba ffea                 IOSTR 0x5
000003bb e0fc                 BCR 0x3, 0x6
000003bc ff51                 MOVAR 0x2e
000003bd e0d1                 BCR 0x2e, 0x6
000003be fed1                 MOVR 0x2e, 0x0
000003bf fffa                 IOST 0x5
000003c0 ffe9                 IOSTR 0x6
000003c1 ff51                 MOVAR 0x2e
000003c2 e3d1                 BCR 0x2e, 0x0
000003c3 fed1                 MOVR 0x2e, 0x0
000003c4 fff9                 IOST 0x6
000003c5 e4fa                 BSR 0x5, 0x6
000003c6 e3f9                 BCR 0x6, 0x0
000003c7 de9b                 MOVIA 0x64
000003c8 d709                 LCALL 0xf6; _delay=0xf6
000003c9 d3ac                 LCALL 0x453; _LedInput=0x453
000003ca ffef                 RET
000003cb                      _POWERMID:
000003cb ffea                 IOSTR 0x5
000003cc e0fc                 BCR 0x3, 0x6
000003cd ff51                 MOVAR 0x2e
000003ce e051                 BCR 0x2e, 0x7
000003cf fed1                 MOVR 0x2e, 0x0
000003d0 fffa                 IOST 0x5
000003d1 ffe9                 IOSTR 0x6
000003d2 ff51                 MOVAR 0x2e
000003d3 e3d1                 BCR 0x2e, 0x0
000003d4 fed1                 MOVR 0x2e, 0x0
000003d5 fff9                 IOST 0x6
000003d6 e47a                 BSR 0x5, 0x7
000003d7 e3f9                 BCR 0x6, 0x0
000003d8 de9b                 MOVIA 0x64
000003d9 d709                 LCALL 0xf6; _delay=0xf6
000003da d3ac                 LCALL 0x453; _LedInput=0x453
000003db ffef                 RET
000003dc                      _POWERHIGHT:
000003dc ffe9                 IOSTR 0x6
000003dd e0fc                 BCR 0x3, 0x6
000003de ff51                 MOVAR 0x2e
000003df e351                 BCR 0x2e, 0x1
000003e0 fed1                 MOVR 0x2e, 0x0
000003e1 fff9                 IOST 0x6
000003e2 ffe9                 IOSTR 0x6
000003e3 ff51                 MOVAR 0x2e
000003e4 e3d1                 BCR 0x2e, 0x0
000003e5 fed1                 MOVR 0x2e, 0x0
000003e6 fff9                 IOST 0x6
000003e7 e779                 BSR 0x6, 0x1
000003e8 e3f9                 BCR 0x6, 0x0
000003e9 de9b                 MOVIA 0x64
000003ea d709                 LCALL 0xf6; _delay=0xf6
000003eb d3ac                 LCALL 0x453; _LedInput=0x453
000003ec ffef                 RET
000003ed                      _BATLOW:
000003ed ffea                 IOSTR 0x5
000003ee e0fc                 BCR 0x3, 0x6
000003ef ff51                 MOVAR 0x2e
000003f0 e0d1                 BCR 0x2e, 0x6
000003f1 fed1                 MOVR 0x2e, 0x0
000003f2 fffa                 IOST 0x5
000003f3 ffea                 IOSTR 0x5
000003f4 ff51                 MOVAR 0x2e
000003f5 e2d1                 BCR 0x2e, 0x2
000003f6 fed1                 MOVR 0x2e, 0x0
000003f7 fffa                 IOST 0x5
000003f8 e4fa                 BSR 0x5, 0x6
000003f9 e2fa                 BCR 0x5, 0x2
000003fa de9b                 MOVIA 0x64
000003fb d709                 LCALL 0xf6; _delay=0xf6
000003fc d3ac                 LCALL 0x453; _LedInput=0x453
000003fd ffef                 RET
000003fe                      _BATHIGHT:
000003fe ffea                 IOSTR 0x5
000003ff e0fc                 BCR 0x3, 0x6
00000400 ff51                 MOVAR 0x2e
00000401 e051                 BCR 0x2e, 0x7
00000402 fed1                 MOVR 0x2e, 0x0
00000403 fffa                 IOST 0x5
00000404 ffea                 IOSTR 0x5
00000405 ff51                 MOVAR 0x2e
00000406 e2d1                 BCR 0x2e, 0x2
00000407 fed1                 MOVR 0x2e, 0x0
00000408 fffa                 IOST 0x5
00000409 e47a                 BSR 0x5, 0x7
0000040a e2fa                 BCR 0x5, 0x2
0000040b de9b                 MOVIA 0x64
0000040c d709                 LCALL 0xf6; _delay=0xf6
0000040d d3ac                 LCALL 0x453; _LedInput=0x453
0000040e ffef                 RET
0000040f                      _LEDMODE1:
0000040f ffe9                 IOSTR 0x6
00000410 e0fc                 BCR 0x3, 0x6
00000411 ff51                 MOVAR 0x2e
00000412 e351                 BCR 0x2e, 0x1
00000413 fed1                 MOVR 0x2e, 0x0
00000414 fff9                 IOST 0x6
00000415 ffea                 IOSTR 0x5
00000416 ff51                 MOVAR 0x2e
00000417 e2d1                 BCR 0x2e, 0x2
00000418 fed1                 MOVR 0x2e, 0x0
00000419 fffa                 IOST 0x5
0000041a e779                 BSR 0x6, 0x1
0000041b e2fa                 BCR 0x5, 0x2
0000041c de9b                 MOVIA 0x64
0000041d d709                 LCALL 0xf6; _delay=0xf6
0000041e d3ac                 LCALL 0x453; _LedInput=0x453
0000041f ffef                 RET
00000420                      _LEDMODE2:
00000420 ffe9                 IOSTR 0x6
00000421 e0fc                 BCR 0x3, 0x6
00000422 ff51                 MOVAR 0x2e
00000423 e3d1                 BCR 0x2e, 0x0
00000424 fed1                 MOVR 0x2e, 0x0
00000425 fff9                 IOST 0x6
00000426 ffea                 IOSTR 0x5
00000427 ff51                 MOVAR 0x2e
00000428 e0d1                 BCR 0x2e, 0x6
00000429 fed1                 MOVR 0x2e, 0x0
0000042a fffa                 IOST 0x5
0000042b e7f9                 BSR 0x6, 0x0
0000042c e0fa                 BCR 0x5, 0x6
0000042d de9b                 MOVIA 0x64
0000042e d709                 LCALL 0xf6; _delay=0xf6
0000042f d3ac                 LCALL 0x453; _LedInput=0x453
00000430 ffef                 RET
00000431                      _LEDMODE3:
00000431 ffe9                 IOSTR 0x6
00000432 e0fc                 BCR 0x3, 0x6
00000433 ff51                 MOVAR 0x2e
00000434 e3d1                 BCR 0x2e, 0x0
00000435 fed1                 MOVR 0x2e, 0x0
00000436 fff9                 IOST 0x6
00000437 ffea                 IOSTR 0x5
00000438 ff51                 MOVAR 0x2e
00000439 e051                 BCR 0x2e, 0x7
0000043a fed1                 MOVR 0x2e, 0x0
0000043b fffa                 IOST 0x5
0000043c e7f9                 BSR 0x6, 0x0
0000043d e07a                 BCR 0x5, 0x7
0000043e de9b                 MOVIA 0x64
0000043f d709                 LCALL 0xf6; _delay=0xf6
00000440 d3ac                 LCALL 0x453; _LedInput=0x453
00000441 ffef                 RET
00000442                      _LEDMODE4:
00000442 ffea                 IOSTR 0x5
00000443 e0fc                 BCR 0x3, 0x6
00000444 ff51                 MOVAR 0x2e
00000445 e2d1                 BCR 0x2e, 0x2
00000446 fed1                 MOVR 0x2e, 0x0
00000447 fffa                 IOST 0x5
00000448 ffe9                 IOSTR 0x6
00000449 ff51                 MOVAR 0x2e
0000044a e351                 BCR 0x2e, 0x1
0000044b fed1                 MOVR 0x2e, 0x0
0000044c fff9                 IOST 0x6
0000044d e6fa                 BSR 0x5, 0x2
0000044e e379                 BCR 0x6, 0x1
0000044f de9b                 MOVIA 0x64
00000450 d709                 LCALL 0xf6; _delay=0xf6
00000451 d3ac                 LCALL 0x453; _LedInput=0x453
00000452 ffef                 RET
00000453                      _LedInput:
00000453 dec4                 MOVIA 0x3b
00000454 ef7a                 ANDAR 0x5, 0x1
00000455 de03                 MOVIA 0xfc
00000456 ef79                 ANDAR 0x6, 0x1
00000457 ffea                 IOSTR 0x5
00000458 e0fc                 BCR 0x3, 0x6
00000459 ff52                 MOVAR 0x2d
0000045a de3b                 MOVIA 0xc4
0000045b ee52                 IORAR 0x2d, 0x1
0000045c fed2                 MOVR 0x2d, 0x0
0000045d fffa                 IOST 0x5
0000045e ffe9                 IOSTR 0x6
0000045f ff52                 MOVAR 0x2d
00000460 defc                 MOVIA 0x3
00000461 ee52                 IORAR 0x2d, 0x1
00000462 fed2                 MOVR 0x2d, 0x0
00000463 fff9                 IOST 0x6
00000464 ffef                 RET
00000465                      _initSys:
00000465 ffec                 DISI
00000466 dec5                 MOVIA 0x3a
00000467 fffa                 IOST 0x5
00000468 fdff                 CLRA
00000469 fff9                 IOST 0x6
0000046a fd79                 CLRR 0x6
0000046b fd7a                 CLRR 0x5
0000046c de00                 MOVIA 0xff
0000046d fff6                 IOST 0x9
0000046e ff73                 MOVAR 0xc
0000046f defe                 MOVIA 0x1
00000470 ff71                 MOVAR 0xe
00000471 fdff                 CLRA
00000472 fff0                 IOST 0xf
00000473 dec8                 MOVIA 0x37
00000474 ff7e                 MOVAR 0x1
00000475 fdff                 CLRA
00000476 fffc                 T0MD
00000477 defe                 MOVIA 0x1
00000478 fff0                 IOST 0xf
00000479 de77                 MOVIA 0x88
0000047a ff77                 MOVAR 0x8
0000047b defe                 MOVIA 0x1
0000047c fff0                 IOST 0xf
0000047d fffb                 ENI
0000047e ffef                 RET
0000047f                      __divuint:
0000047f e0fc                 BCR 0x3, 0x6
00000480 ff2a                 MOVAR 0x55
00000481 feba                 MOVR 0x45, 0x0
00000482 ff2b                 MOVAR 0x54
00000483 febb                 MOVR 0x44, 0x0
00000484 ff28                 MOVAR 0x57
00000485 febc                 MOVR 0x43, 0x0
00000486 ff29                 MOVAR 0x56
00000487 fd27                 CLRR 0x58
00000488 fd26                 CLRR 0x59
00000489 defe                 MOVIA 0x1
0000048a ff25                 MOVAR 0x5a
0000048b fd24                 CLRR 0x5b
0000048c fea9                 MOVR 0x56, 0x0
0000048d eea8                 IORAR 0x57, 0x0
0000048e f6fc                 BTRSS 0x3, 0x2
0000048f c36c                 LGOTO 0x493; _divuint.o:_00107_DS_=0x493
00000490 de00                 MOVIA 0xff
00000491 ff3a                 MOVAR 0x45
00000492 c337                 LGOTO 0x4c8; _divuint.o:_00115_DS_=0x4c8
00000493                      _divuint.o:_00107_DS_:
00000493 e0fc                 BCR 0x3, 0x6
00000494 f028                 BTRSC 0x57, 0x7
00000495 c362                 LGOTO 0x49d; _divuint.o:_00112_DS_=0x49d
00000496 e3fc                 BCR 0x3, 0x0
00000497 eb29                 RLR 0x56, 0x1
00000498 eb28                 RLR 0x57, 0x1
00000499 e3fc                 BCR 0x3, 0x0
0000049a eb25                 RLR 0x5a, 0x1
0000049b eb24                 RLR 0x5b, 0x1
0000049c c36c                 LGOTO 0x493; _divuint.o:_00107_DS_=0x493
0000049d                      _divuint.o:_00112_DS_:
0000049d e0fc                 BCR 0x3, 0x6
0000049e fea5                 MOVR 0x5a, 0x0
0000049f eea4                 IORAR 0x5b, 0x0
000004a0 f2fc                 BTRSC 0x3, 0x2
000004a1 c33b                 LGOTO 0x4c4; _divuint.o:_00114_DS_=0x4c4
000004a2 fea8                 MOVR 0x57, 0x0
000004a3 fbaa                 SUBAR 0x55, 0x0
000004a4 f6fc                 BTRSS 0x3, 0x2
000004a5 c357                 LGOTO 0x4a8; _divuint.o:_00135_DS_=0x4a8
000004a6 fea9                 MOVR 0x56, 0x0
000004a7 fbab                 SUBAR 0x54, 0x0
000004a8                      _divuint.o:_00135_DS_:
000004a8 f7fc                 BTRSS 0x3, 0x0
000004a9 c343                 LGOTO 0x4bc; _divuint.o:_00002_DS_=0x4bc
000004aa e0fc                 BCR 0x3, 0x6
000004ab fea5                 MOVR 0x5a, 0x0
000004ac fc27                 ADDAR 0x58, 0x1
000004ad fea4                 MOVR 0x5b, 0x0
000004ae f3fc                 BTRSC 0x3, 0x0
000004af faa4                 INCR 0x5b, 0x0
000004b0 f2fc                 BTRSC 0x3, 0x2
000004b1 c34c                 LGOTO 0x4b3; _divuint.o:_00001_DS_=0x4b3
000004b2 fc26                 ADDAR 0x59, 0x1
000004b3                      _divuint.o:_00001_DS_:
000004b3 e0fc                 BCR 0x3, 0x6
000004b4 fea9                 MOVR 0x56, 0x0
000004b5 fb2b                 SUBAR 0x54, 0x1
000004b6 fea8                 MOVR 0x57, 0x0
000004b7 f7fc                 BTRSS 0x3, 0x0
000004b8 faa8                 INCR 0x57, 0x0
000004b9 f2fc                 BTRSC 0x3, 0x2
000004ba c343                 LGOTO 0x4bc; _divuint.o:_00002_DS_=0x4bc
000004bb fb2a                 SUBAR 0x55, 0x1
000004bc                      _divuint.o:_00002_DS_:
000004bc e3fc                 BCR 0x3, 0x0
000004bd e0fc                 BCR 0x3, 0x6
000004be ec28                 RRR 0x57, 0x1
000004bf ec29                 RRR 0x56, 0x1
000004c0 e3fc                 BCR 0x3, 0x0
000004c1 ec24                 RRR 0x5b, 0x1
000004c2 ec25                 RRR 0x5a, 0x1
000004c3 c362                 LGOTO 0x49d; _divuint.o:_00112_DS_=0x49d
000004c4                      _divuint.o:_00114_DS_:
000004c4 e0fc                 BCR 0x3, 0x6
000004c5 fea7                 MOVR 0x58, 0x0
000004c6 ff3a                 MOVAR 0x45
000004c7 fea6                 MOVR 0x59, 0x0
000004c8                      _divuint.o:_00115_DS_:
000004c8 ffef                 RET
000004c9                      __mulint:
000004c9 e0fc                 BCR 0x3, 0x6
000004ca ff22                 MOVAR 0x5d
000004cb feba                 MOVR 0x45, 0x0
000004cc ff23                 MOVAR 0x5c
000004cd febb                 MOVR 0x44, 0x0
000004ce ff20                 MOVAR 0x5f
000004cf febc                 MOVR 0x43, 0x0
000004d0 ff21                 MOVAR 0x5e
000004d1 fd1f                 CLRR 0x60
000004d2 fd1e                 CLRR 0x61
000004d3 def7                 MOVIA 0x8
000004d4 ff1d                 MOVAR 0x62
000004d5                      _mulint.o:_00119_DS_:
000004d5 e0fc                 BCR 0x3, 0x6
000004d6 f7a3                 BTRSS 0x5c, 0x0
000004d7 c31f                 LGOTO 0x4e0; _mulint.o:_00001_DS_=0x4e0
000004d8 fea1                 MOVR 0x5e, 0x0
000004d9 fc1f                 ADDAR 0x60, 0x1
000004da fea0                 MOVR 0x5f, 0x0
000004db f3fc                 BTRSC 0x3, 0x0
000004dc faa0                 INCR 0x5f, 0x0
000004dd f2fc                 BTRSC 0x3, 0x2
000004de c31f                 LGOTO 0x4e0; _mulint.o:_00001_DS_=0x4e0
000004df fc1e                 ADDAR 0x61, 0x1
000004e0                      _mulint.o:_00001_DS_:
000004e0 e0fc                 BCR 0x3, 0x6
000004e1 f7a2                 BTRSS 0x5d, 0x0
000004e2 c311                 LGOTO 0x4ee; _mulint.o:_00002_DS_=0x4ee
000004e3 fea1                 MOVR 0x5e, 0x0
000004e4 fd1c                 CLRR 0x63
000004e5 deff                 MOVIA 0x0
000004e6 fc1f                 ADDAR 0x60, 0x1
000004e7 fea1                 MOVR 0x5e, 0x0
000004e8 ff1b                 MOVAR 0x64
000004e9 f3fc                 BTRSC 0x3, 0x0
000004ea fa9b                 INCR 0x64, 0x0
000004eb f2fc                 BTRSC 0x3, 0x2
000004ec c311                 LGOTO 0x4ee; _mulint.o:_00002_DS_=0x4ee
000004ed fc1e                 ADDAR 0x61, 0x1
000004ee                      _mulint.o:_00002_DS_:
000004ee e0fc                 BCR 0x3, 0x6
000004ef fea3                 MOVR 0x5c, 0x0
000004f0 ff1c                 MOVAR 0x63
000004f1 fea2                 MOVR 0x5d, 0x0
000004f2 ff1b                 MOVAR 0x64
000004f3 e3fc                 BCR 0x3, 0x0
000004f4 ec9b                 RRR 0x64, 0x0
000004f5 ff22                 MOVAR 0x5d
000004f6 ec9c                 RRR 0x63, 0x0
000004f7 ff23                 MOVAR 0x5c
000004f8 e3fc                 BCR 0x3, 0x0
000004f9 eb21                 RLR 0x5e, 0x1
000004fa eb20                 RLR 0x5f, 0x1
000004fb f99d                 DECR 0x62, 0x0
000004fc ff1c                 MOVAR 0x63
000004fd ff1d                 MOVAR 0x62
000004fe fe9c                 MOVR 0x63, 0x0
000004ff f6fc                 BTRSS 0x3, 0x2
00000500 c32a                 LGOTO 0x4d5; _mulint.o:_00119_DS_=0x4d5
00000501 fe9f                 MOVR 0x60, 0x0
00000502 ff3a                 MOVAR 0x45
00000503 fe9e                 MOVR 0x61, 0x0
00000504 ffef                 RET
00000505                      ___cinit_load__:
