00000000 c7fe                 LGOTO 0x1; __nyc_ny8_startup=0x1
00000001                      __nyc_ny8_startup:
00000001 d0fe                 LCALL 0x701; ___cinit_load__=0x701
00000002 c7ad                 LGOTO 0x52; _main=0x52
00000003                      main.o:_00485_DS_:
00000003 f56f                 BTRSS 0x10, 0x5
00000004 c7fc                 LGOTO 0x3; main.o:_00485_DS_=0x3
00000005 ffef                 RET
00000008 c7f6                 LGOTO 0x9; main.o:__sdcc_interrupt=0x9
00000009                      main.o:__sdcc_interrupt:
00000009 ff3d                 MOVAR 0x42
0000000a eafc                 SWAPR 0x3, 0x0
0000000b fd7c                 CLRR 0x3
0000000c ff3e                 MOVAR 0x41
0000000d fef5                 MOVR 0xa, 0x0
0000000e fd75                 CLRR 0xa
0000000f ff3f                 MOVAR 0x40
00000010 fefb                 MOVR 0x4, 0x0
00000011 e0fc                 BCR 0x3, 0x6
00000012 ff1f                 MOVAR 0x60
00000013 feb8                 MOVR 0x47, 0x0
00000014 ff1e                 MOVAR 0x61
00000015 feb9                 MOVR 0x46, 0x0
00000016 ff1d                 MOVAR 0x62
00000017 f7f0                 BTRSS 0xf, 0x0
00000018 c7c3                 LGOTO 0x3c; main.o:_00120_DS_=0x3c
00000019 dec8                 MOVIA 0x37
0000001a fc7e                 ADDAR 0x1, 0x1
0000001b fa1c                 INCR 0x63, 0x1
0000001c de9b                 MOVIA 0x64
0000001d fb9c                 SUBAR 0x63, 0x0
0000001e f7fc                 BTRSS 0x3, 0x0
0000001f c7c3                 LGOTO 0x3c; main.o:_00120_DS_=0x3c
00000020 defe                 MOVIA 0x1
00000021 ff1b                 MOVAR 0x64
00000022 fd1c                 CLRR 0x63
00000023 fa08                 INCR 0x77, 0x1
00000024 de9a                 MOVIA 0x65
00000025 fb88                 SUBAR 0x77, 0x0
00000026 f7fc                 BTRSS 0x3, 0x0
00000027 c7c3                 LGOTO 0x3c; main.o:_00120_DS_=0x3c
00000028 fd08                 CLRR 0x77
00000029 fe90                 MOVR 0x6f, 0x0
0000002a f2fc                 BTRSC 0x3, 0x2
0000002b c7d1                 LGOTO 0x2e; main.o:_00113_DS_=0x2e
0000002c f910                 DECR 0x6f, 0x1
0000002d c7c3                 LGOTO 0x3c; main.o:_00120_DS_=0x3c
0000002e                      main.o:_00113_DS_:
0000002e e0fc                 BCR 0x3, 0x6
0000002f fe91                 MOVR 0x6e, 0x0
00000030 f2fc                 BTRSC 0x3, 0x2
00000031 c7cb                 LGOTO 0x34; main.o:_00110_DS_=0x34
00000032 f911                 DECR 0x6e, 0x1
00000033 c7c3                 LGOTO 0x3c; main.o:_00120_DS_=0x3c
00000034                      main.o:_00110_DS_:
00000034 e0fc                 BCR 0x3, 0x6
00000035 fe85                 MOVR 0x7a, 0x0
00000036 f2fc                 BTRSC 0x3, 0x2
00000037 c7c3                 LGOTO 0x3c; main.o:_00120_DS_=0x3c
00000038 e805                 DECRSZ 0x7a, 0x1
00000039 c7c3                 LGOTO 0x3c; main.o:_00120_DS_=0x3c
0000003a defe                 MOVIA 0x1
0000003b ff03                 MOVAR 0x7c
0000003c                      main.o:_00120_DS_:
0000003c f770                 BTRSS 0xf, 0x1
0000003d c7bd                 LGOTO 0x42; main.o:_00122_DS_=0x42
0000003e de02                 MOVIA 0xfd
0000003f ff70                 MOVAR 0xf
00000040 e0fc                 BCR 0x3, 0x6
00000041 fa15                 INCR 0x6a, 0x1
00000042                      main.o:_00122_DS_:
00000042 fd70                 CLRR 0xf
00000043 e0fc                 BCR 0x3, 0x6
00000044 fe9d                 MOVR 0x62, 0x0
00000045 ff39                 MOVAR 0x46
00000046 fe9e                 MOVR 0x61, 0x0
00000047 ff38                 MOVAR 0x47
00000048 fe9f                 MOVR 0x60, 0x0
00000049 ff7b                 MOVAR 0x4
0000004a febf                 MOVR 0x40, 0x0
0000004b ff75                 MOVAR 0xa
0000004c fd7c                 CLRR 0x3
0000004d eabe                 SWAPR 0x41, 0x0
0000004e ff7c                 MOVAR 0x3
0000004f ea3d                 SWAPR 0x42, 0x1
00000050 eabd                 SWAPR 0x42, 0x0
00000051                      main.o:END_OF_INTERRUPT:
00000051 ffee                 RETIE
00000052                      _main:
00000052 d4ac                 LCALL 0x353; _initSys=0x353
00000053 d558                 LCALL 0x2a7; _initAD=0x2a7
00000054 d4d3                 LCALL 0x32c; _gotoSleep=0x32c
00000055                      main.o:_00181_DS_:
00000055 fffd                 CLRWDT
00000056 e0fc                 BCR 0x3, 0x6
00000057 fe97                 MOVR 0x68, 0x0
00000058 f2fc                 BTRSC 0x3, 0x2
00000059 c7a3                 LGOTO 0x5c; main.o:_00135_DS_=0x5c
0000005a d48e                 LCALL 0x371; _refreshNub=0x371
0000005b c785                 LGOTO 0x7a; main.o:_00136_DS_=0x7a
0000005c                      main.o:_00135_DS_:
0000005c e0fc                 BCR 0x3, 0x6
0000005d fe8e                 MOVR 0x71, 0x0
0000005e f2fc                 BTRSC 0x3, 0x2
0000005f                      ___cinit_size__:
0000005f c78a                 LGOTO 0x75; main.o:_00131_DS_=0x75
00000060 fe92                 MOVR 0x6d, 0x0
00000061 dbfe                 XORIA 0x1
00000062 f6fc                 BTRSS 0x3, 0x2
00000063 c78a                 LGOTO 0x75; main.o:_00131_DS_=0x75
00000064 de9b                 MOVIA 0x64
00000065 fb8f                 SUBAR 0x70, 0x0
00000066 f7fc                 BTRSS 0x3, 0x0
00000067 c792                 LGOTO 0x6d; main.o:_00128_DS_=0x6d
00000068 defe                 MOVIA 0x1
00000069 ff1a                 MOVAR 0x65
0000006a fd18                 CLRR 0x67
0000006b fd19                 CLRR 0x66
0000006c c78c                 LGOTO 0x73; main.o:_00129_DS_=0x73
0000006d                      main.o:_00128_DS_:
0000006d e0fc                 BCR 0x3, 0x6
0000006e fd1a                 CLRR 0x65
0000006f fe82                 MOVR 0x7d, 0x0
00000070 ff19                 MOVAR 0x66
00000071 fe81                 MOVR 0x7e, 0x0
00000072 ff18                 MOVAR 0x67
00000073                      main.o:_00129_DS_:
00000073 d48e                 LCALL 0x371; _refreshNub=0x371
00000074 c785                 LGOTO 0x7a; main.o:_00136_DS_=0x7a
00000075                      main.o:_00131_DS_:
00000075 e0fc                 BCR 0x3, 0x6
00000076 fd18                 CLRR 0x67
00000077 fd19                 CLRR 0x66
00000078 fd1a                 CLRR 0x65
00000079 d375                 LCALL 0x48a; _setInput=0x48a
0000007a                      main.o:_00136_DS_:
0000007a e0fc                 BCR 0x3, 0x6
0000007b fe9b                 MOVR 0x64, 0x0
0000007c f2fc                 BTRSC 0x3, 0x2
0000007d c7aa                 LGOTO 0x55; main.o:_00181_DS_=0x55
0000007e fd1b                 CLRR 0x64
0000007f def5                 MOVIA 0xa
00000080 ff38                 MOVAR 0x47
00000081 fe8f                 MOVR 0x70, 0x0
00000082 d197                 LCALL 0x668; __divuchar=0x668
00000083 e0fc                 BCR 0x3, 0x6
00000084 ff02                 MOVAR 0x7d
00000085 def5                 MOVIA 0xa
00000086 ff38                 MOVAR 0x47
00000087 fe8f                 MOVR 0x70, 0x0
00000088 d16e                 LCALL 0x691; __moduchar=0x691
00000089 e0fc                 BCR 0x3, 0x6
0000008a ff01                 MOVAR 0x7e
0000008b fe87                 MOVR 0x78, 0x0
0000008c ee86                 IORAR 0x79, 0x0
0000008d f2fc                 BTRSC 0x3, 0x2
0000008e c76b                 LGOTO 0x94; main.o:_00161_DS_=0x94
0000008f de00                 MOVIA 0xff
00000090 fc07                 ADDAR 0x78, 0x1
00000091 f7fc                 BTRSS 0x3, 0x0
00000092 f906                 DECR 0x79, 0x1
00000093 c707                 LGOTO 0xf8; main.o:_00162_DS_=0xf8
00000094                      main.o:_00161_DS_:
00000094 e0fc                 BCR 0x3, 0x6
00000095 fe92                 MOVR 0x6d, 0x0
00000096 f2fc                 BTRSC 0x3, 0x2
00000097 c707                 LGOTO 0xf8; main.o:_00162_DS_=0xf8
00000098 fa00                 INCR 0x7f, 0x1
00000099 dee6                 MOVIA 0x19
0000009a fb80                 SUBAR 0x7f, 0x0
0000009b f7fc                 BTRSS 0x3, 0x0
0000009c c707                 LGOTO 0xf8; main.o:_00162_DS_=0xf8
0000009d fd00                 CLRR 0x7f
0000009e fd15                 CLRR 0x6a
0000009f e779                 BSR 0x6, 0x1
000000a0 defe                 MOVIA 0x1
000000a1 ffb9                 SFUN 0x6
000000a2 e4fa                 BSR 0x5, 0x6
000000a3 fd5c                 CLRR 0x23
000000a4                      main.o:_00183_DS_:
000000a4 defd                 MOVIA 0x2
000000a5 d6cc                 LCALL 0x133; _delay=0x133
000000a6 d45f                 LCALL 0x3a0; _checkIRKey=0x3a0
000000a7 defa                 MOVIA 0x5
000000a8 d6cc                 LCALL 0x133; _delay=0x133
000000a9 e0fc                 BCR 0x3, 0x6
000000aa fa5c                 INCR 0x23, 0x1
000000ab def9                 MOVIA 0x6
000000ac fbdc                 SUBAR 0x23, 0x0
000000ad f7fc                 BTRSS 0x3, 0x0
000000ae c75b                 LGOTO 0xa4; main.o:_00183_DS_=0xa4
000000af e379                 BCR 0x6, 0x1
000000b0 fdff                 CLRA
000000b1 ffb9                 SFUN 0x6
000000b2 def9                 MOVIA 0x6
000000b3 fb95                 SUBAR 0x6a, 0x0
000000b4 f7fc                 BTRSS 0x3, 0x0
000000b5 c70e                 LGOTO 0xf1; main.o:_00154_DS_=0xf1
000000b6 fd15                 CLRR 0x6a
000000b7 dee1                 MOVIA 0x1e
000000b8 d6cc                 LCALL 0x133; _delay=0x133
000000b9 e779                 BSR 0x6, 0x1
000000ba defe                 MOVIA 0x1
000000bb ffb9                 SFUN 0x6
000000bc e0fc                 BCR 0x3, 0x6
000000bd fd5c                 CLRR 0x23
000000be                      main.o:_00185_DS_:
000000be defd                 MOVIA 0x2
000000bf d6cc                 LCALL 0x133; _delay=0x133
000000c0 d45f                 LCALL 0x3a0; _checkIRKey=0x3a0
000000c1 defa                 MOVIA 0x5
000000c2 d6cc                 LCALL 0x133; _delay=0x133
000000c3 e0fc                 BCR 0x3, 0x6
000000c4 fa5c                 INCR 0x23, 0x1
000000c5 def9                 MOVIA 0x6
000000c6 fbdc                 SUBAR 0x23, 0x0
000000c7 f7fc                 BTRSS 0x3, 0x0
000000c8 c741                 LGOTO 0xbe; main.o:_00185_DS_=0xbe
000000c9 e379                 BCR 0x6, 0x1
000000ca fdff                 CLRA
000000cb ffb9                 SFUN 0x6
000000cc fe84                 MOVR 0x7b, 0x0
000000cd f6fc                 BTRSS 0x3, 0x2
000000ce c717                 LGOTO 0xe8; main.o:_00150_DS_=0xe8
000000cf fe93                 MOVR 0x6c, 0x0
000000d0 dbfe                 XORIA 0x1
000000d1 f6fc                 BTRSS 0x3, 0x2
000000d2 c728                 LGOTO 0xd7; main.o:_00147_DS_=0xd7
000000d3 decd                 MOVIA 0x32
000000d4 ff07                 MOVAR 0x78
000000d5 fd06                 CLRR 0x79
000000d6 c717                 LGOTO 0xe8; main.o:_00150_DS_=0xe8
000000d7                      main.o:_00147_DS_:
000000d7 e0fc                 BCR 0x3, 0x6
000000d8 fe93                 MOVR 0x6c, 0x0
000000d9 dbfd                 XORIA 0x2
000000da f6fc                 BTRSS 0x3, 0x2
000000db c71f                 LGOTO 0xe0; main.o:_00144_DS_=0xe0
000000dc de9b                 MOVIA 0x64
000000dd ff07                 MOVAR 0x78
000000de fd06                 CLRR 0x79
000000df c717                 LGOTO 0xe8; main.o:_00150_DS_=0xe8
000000e0                      main.o:_00144_DS_:
000000e0 e0fc                 BCR 0x3, 0x6
000000e1 fe93                 MOVR 0x6c, 0x0
000000e2 dbfc                 XORIA 0x3
000000e3 f6fc                 BTRSS 0x3, 0x2
000000e4 c717                 LGOTO 0xe8; main.o:_00150_DS_=0xe8
000000e5 de69                 MOVIA 0x96
000000e6 ff07                 MOVAR 0x78
000000e7 fd06                 CLRR 0x79
000000e8                      main.o:_00150_DS_:
000000e8 e0fc                 BCR 0x3, 0x6
000000e9 fa04                 INCR 0x7b, 0x1
000000ea ded6                 MOVIA 0x29
000000eb fb84                 SUBAR 0x7b, 0x0
000000ec f7fc                 BTRSS 0x3, 0x0
000000ed c70b                 LGOTO 0xf4; main.o:_00155_DS_=0xf4
000000ee ded7                 MOVIA 0x28
000000ef ff04                 MOVAR 0x7b
000000f0 c70b                 LGOTO 0xf4; main.o:_00155_DS_=0xf4
000000f1                      main.o:_00154_DS_:
000000f1 e0fc                 BCR 0x3, 0x6
000000f2 fd04                 CLRR 0x7b
000000f3 fd16                 CLRR 0x69
000000f4                      main.o:_00155_DS_:
000000f4 defa                 MOVIA 0x5
000000f5 d6cc                 LCALL 0x133; _delay=0x133
000000f6 e0fc                 BCR 0x3, 0x6
000000f7 e0fa                 BCR 0x5, 0x6
000000f8                      main.o:_00162_DS_:
000000f8 d54d                 LCALL 0x2b2; _keyCtr=0x2b2
000000f9 e0fc                 BCR 0x3, 0x6
000000fa fe87                 MOVR 0x78, 0x0
000000fb ee86                 IORAR 0x79, 0x0
000000fc f6fc                 BTRSS 0x3, 0x2
000000fd c6f5                 LGOTO 0x10a; main.o:_00166_DS_=0x10a
000000fe fe94                 MOVR 0x6b, 0x0
000000ff f6fc                 BTRSS 0x3, 0x2
00000100 c6f5                 LGOTO 0x10a; main.o:_00166_DS_=0x10a
00000101 e4fc                 BSR 0x3, 0x6
00000102 fa5d                 INCR 0x22, 0x1
00000103 deeb                 MOVIA 0x14
00000104 fbdd                 SUBAR 0x22, 0x0
00000105 f7fc                 BTRSS 0x3, 0x0
00000106 c6f3                 LGOTO 0x10c; main.o:_00167_DS_=0x10c
00000107 fd5d                 CLRR 0x22
00000108 d69f                 LCALL 0x160; _checkBat=0x160
00000109 c6f3                 LGOTO 0x10c; main.o:_00167_DS_=0x10c
0000010a                      main.o:_00166_DS_:
0000010a e4fc                 BSR 0x3, 0x6
0000010b fd5d                 CLRR 0x22
0000010c                      main.o:_00167_DS_:
0000010c d431                 LCALL 0x3ce; _chrgCtr=0x3ce
0000010d e0fc                 BCR 0x3, 0x6
0000010e fefa                 MOVR 0x5, 0x0
0000010f ff5c                 MOVAR 0x23
00000110 fd5b                 CLRR 0x24
00000111 f8dc                 COMR 0x23, 0x0
00000112 ff5c                 MOVAR 0x23
00000113 f8db                 COMR 0x24, 0x0
00000114 ff5b                 MOVAR 0x24
00000115 f55c                 BTRSS 0x23, 0x5
00000116 c6d4                 LGOTO 0x12b; main.o:_00172_DS_=0x12b
00000117 fe8e                 MOVR 0x71, 0x0
00000118 f6fc                 BTRSS 0x3, 0x2
00000119 c6d4                 LGOTO 0x12b; main.o:_00172_DS_=0x12b
0000011a fe92                 MOVR 0x6d, 0x0
0000011b f6fc                 BTRSS 0x3, 0x2
0000011c c6d4                 LGOTO 0x12b; main.o:_00172_DS_=0x12b
0000011d fe90                 MOVR 0x6f, 0x0
0000011e f6fc                 BTRSS 0x3, 0x2
0000011f c6d4                 LGOTO 0x12b; main.o:_00172_DS_=0x12b
00000120 fe91                 MOVR 0x6e, 0x0
00000121 f6fc                 BTRSS 0x3, 0x2
00000122 c6d4                 LGOTO 0x12b; main.o:_00172_DS_=0x12b
00000123 fe85                 MOVR 0x7a, 0x0
00000124 f6fc                 BTRSS 0x3, 0x2
00000125 c6d4                 LGOTO 0x12b; main.o:_00172_DS_=0x12b
00000126 fa0c                 INCR 0x73, 0x1
00000127 de9a                 MOVIA 0x65
00000128 fb8c                 SUBAR 0x73, 0x0
00000129 f3fc                 BTRSC 0x3, 0x0
0000012a d4d3                 LCALL 0x32c; _gotoSleep=0x32c
0000012b                      main.o:_00172_DS_:
0000012b e0fc                 BCR 0x3, 0x6
0000012c fe83                 MOVR 0x7c, 0x0
0000012d f6fc                 BTRSS 0x3, 0x2
0000012e d4d3                 LCALL 0x32c; _gotoSleep=0x32c
0000012f de9b                 MOVIA 0x64
00000130 d6cc                 LCALL 0x133; _delay=0x133
00000131 c7aa                 LGOTO 0x55; main.o:_00181_DS_=0x55
00000132 ffef                 RET
00000133                      _delay:
00000133 e0fc                 BCR 0x3, 0x6
00000134 ff49                 MOVAR 0x36
00000135 defe                 MOVIA 0x1
00000136 ff48                 MOVAR 0x37
00000137                      main.o:_00492_DS_:
00000137 e0fc                 BCR 0x3, 0x6
00000138 fec8                 MOVR 0x37, 0x0
00000139 fbc9                 SUBAR 0x36, 0x0
0000013a f7fc                 BTRSS 0x3, 0x0
0000013b c6c1                 LGOTO 0x13e; main.o:_00494_DS_=0x13e
0000013c fa48                 INCR 0x37, 0x1
0000013d c6c8                 LGOTO 0x137; main.o:_00492_DS_=0x137
0000013e                      main.o:_00494_DS_:
0000013e ffef                 RET
0000013f                      _F_Quarter_VDD_Convert:
0000013f e0fc                 BCR 0x3, 0x6
00000140 ff4d                 MOVAR 0x32
00000141 de64                 MOVIA 0x9b
00000142 ff6f                 MOVAR 0x10
00000143 defe                 MOVIA 0x1
00000144 ff4c                 MOVAR 0x33
00000145                      main.o:_00478_DS_:
00000145 e0fc                 BCR 0x3, 0x6
00000146 fecc                 MOVR 0x33, 0x0
00000147 fbcd                 SUBAR 0x32, 0x0
00000148 f7fc                 BTRSS 0x3, 0x0
00000149 c6a0                 LGOTO 0x15f; main.o:_00480_DS_=0x15f
0000014a e4ef                 BSR 0x10, 0x6
0000014b d7fc                 LCALL 0x3; main.o:_00485_DS_=0x3
0000014c def0                 MOVIA 0xf
0000014d efee                 ANDAR 0x11, 0x0
0000014e e0fc                 BCR 0x3, 0x6
0000014f fc5d                 ADDAR 0x22, 0x1
00000150 feed                 MOVR 0x12, 0x0
00000151 ff4b                 MOVAR 0x34
00000152 deff                 MOVIA 0x0
00000153 ff4a                 MOVAR 0x35
00000154 fecb                 MOVR 0x34, 0x0
00000155 fc5f                 ADDAR 0x20, 0x1
00000156 feca                 MOVR 0x35, 0x0
00000157 f3fc                 BTRSC 0x3, 0x0
00000158 faca                 INCR 0x35, 0x0
00000159 f2fc                 BTRSC 0x3, 0x2
0000015a c6a3                 LGOTO 0x15c; main.o:_00001_DS_=0x15c
0000015b fc5e                 ADDAR 0x21, 0x1
0000015c                      main.o:_00001_DS_:
0000015c e0fc                 BCR 0x3, 0x6
0000015d fa4c                 INCR 0x33, 0x1
0000015e c6ba                 LGOTO 0x145; main.o:_00478_DS_=0x145
0000015f                      main.o:_00480_DS_:
0000015f ffef                 RET
00000160                      _checkBat:
00000160 e0fc                 BCR 0x3, 0x6
00000161 fd5d                 CLRR 0x22
00000162 fd5f                 CLRR 0x20
00000163 fd5e                 CLRR 0x21
00000164 def7                 MOVIA 0x8
00000165 d6c0                 LCALL 0x13f; _F_Quarter_VDD_Convert=0x13f
00000166 e0fc                 BCR 0x3, 0x6
00000167 eade                 SWAPR 0x21, 0x0
00000168 dd0f                 ANDIA 0xf0
00000169 ff5e                 MOVAR 0x21
0000016a eadf                 SWAPR 0x20, 0x0
0000016b ff5f                 MOVAR 0x20
0000016c ddf0                 ANDIA 0xf
0000016d ee5e                 IORAR 0x21, 0x1
0000016e ed5f                 XORAR 0x20, 0x1
0000016f de0f                 MOVIA 0xf0
00000170 ef5d                 ANDAR 0x22, 0x1
00000171 fedd                 MOVR 0x22, 0x0
00000172 ff51                 MOVAR 0x2e
00000173 ff53                 MOVAR 0x2c
00000174 fd52                 CLRR 0x2d
00000175 deff                 MOVIA 0x0
00000176 ff50                 MOVAR 0x2f
00000177 fed1                 MOVR 0x2e, 0x0
00000178 fc5f                 ADDAR 0x20, 0x1
00000179 fed0                 MOVR 0x2f, 0x0
0000017a f3fc                 BTRSC 0x3, 0x0
0000017b fad0                 INCR 0x2f, 0x0
0000017c f2fc                 BTRSC 0x3, 0x2
0000017d c680                 LGOTO 0x17f; main.o:_00002_DS_=0x17f
0000017e fc5e                 ADDAR 0x21, 0x1
0000017f                      main.o:_00002_DS_:
0000017f e3fc                 BCR 0x3, 0x0
00000180 e0fc                 BCR 0x3, 0x6
00000181 ec5e                 RRR 0x21, 0x1
00000182 ec5f                 RRR 0x20, 0x1
00000183 e3fc                 BCR 0x3, 0x0
00000184 ec5e                 RRR 0x21, 0x1
00000185 ec5f                 RRR 0x20, 0x1
00000186 e3fc                 BCR 0x3, 0x0
00000187 ec5e                 RRR 0x21, 0x1
00000188 ec5f                 RRR 0x20, 0x1
00000189 def7                 MOVIA 0x8
0000018a fbde                 SUBAR 0x21, 0x0
0000018b f6fc                 BTRSS 0x3, 0x2
0000018c c670                 LGOTO 0x18f; main.o:_00457_DS_=0x18f
0000018d de98                 MOVIA 0x67
0000018e fbdf                 SUBAR 0x20, 0x0
0000018f                      main.o:_00457_DS_:
0000018f f7fc                 BTRSS 0x3, 0x0
00000190 c662                 LGOTO 0x19d; main.o:_00402_DS_=0x19d
00000191 e4fc                 BSR 0x3, 0x6
00000192 fa5c                 INCR 0x23, 0x1
00000193 de36                 MOVIA 0xc9
00000194 fbdc                 SUBAR 0x23, 0x0
00000195 f7fc                 BTRSS 0x3, 0x0
00000196 c559                 LGOTO 0x2a6; main.o:_00404_DS_=0x2a6
00000197 defe                 MOVIA 0x1
00000198 e0fc                 BCR 0x3, 0x6
00000199 ff0b                 MOVAR 0x74
0000019a de9b                 MOVIA 0x64
0000019b ff0f                 MOVAR 0x70
0000019c c559                 LGOTO 0x2a6; main.o:_00404_DS_=0x2a6
0000019d                      main.o:_00402_DS_:
0000019d def9                 MOVIA 0x6
0000019e e0fc                 BCR 0x3, 0x6
0000019f fbde                 SUBAR 0x21, 0x0
000001a0 f6fc                 BTRSS 0x3, 0x2
000001a1 c65b                 LGOTO 0x1a4; main.o:_00459_DS_=0x1a4
000001a2 def1                 MOVIA 0xe
000001a3 fbdf                 SUBAR 0x20, 0x0
000001a4                      main.o:_00459_DS_:
000001a4 f3fc                 BTRSC 0x3, 0x0
000001a5 c654                 LGOTO 0x1ab; main.o:_00399_DS_=0x1ab
000001a6 e0fc                 BCR 0x3, 0x6
000001a7 fd0f                 CLRR 0x70
000001a8 e4fc                 BSR 0x3, 0x6
000001a9 fd5c                 CLRR 0x23
000001aa c559                 LGOTO 0x2a6; main.o:_00404_DS_=0x2a6
000001ab                      main.o:_00399_DS_:
000001ab e4fc                 BSR 0x3, 0x6
000001ac fd5c                 CLRR 0x23
000001ad def8                 MOVIA 0x7
000001ae e0fc                 BCR 0x3, 0x6
000001af fbde                 SUBAR 0x21, 0x0
000001b0 f6fc                 BTRSS 0x3, 0x2
000001b1 c64b                 LGOTO 0x1b4; main.o:_00460_DS_=0x1b4
000001b2 de2f                 MOVIA 0xd0
000001b3 fbdf                 SUBAR 0x20, 0x0
000001b4                      main.o:_00460_DS_:
000001b4 f7fc                 BTRSS 0x3, 0x0
000001b5 c62f                 LGOTO 0x1d0; main.o:_00370_DS_=0x1d0
000001b6 decf                 MOVIA 0x30
000001b7 e0fc                 BCR 0x3, 0x6
000001b8 fcdf                 ADDAR 0x20, 0x0
000001b9 ff53                 MOVAR 0x2c
000001ba de07                 MOVIA 0xf8
000001bb ff52                 MOVAR 0x2d
000001bc fede                 MOVR 0x21, 0x0
000001bd f3fc                 BTRSC 0x3, 0x0
000001be fade                 INCR 0x21, 0x0
000001bf f2fc                 BTRSC 0x3, 0x2
000001c0 c63d                 LGOTO 0x1c2; main.o:_00003_DS_=0x1c2
000001c1 fc52                 ADDAR 0x2d, 0x1
000001c2                      main.o:_00003_DS_:
000001c2 e3fc                 BCR 0x3, 0x0
000001c3 e0fc                 BCR 0x3, 0x6
000001c4 ecd2                 RRR 0x2d, 0x0
000001c5 ff50                 MOVAR 0x2f
000001c6 ecd3                 RRR 0x2c, 0x0
000001c7 ff51                 MOVAR 0x2e
000001c8 ded2                 MOVIA 0x2d
000001c9 fcd1                 ADDAR 0x2e, 0x0
000001ca ff53                 MOVAR 0x2c
000001cb fd52                 CLRR 0x2d
000001cc eb52                 RLR 0x2d, 0x1
000001cd fed0                 MOVR 0x2f, 0x0
000001ce fc52                 ADDAR 0x2d, 0x1
000001cf c5e7                 LGOTO 0x218; main.o:_00371_DS_=0x218
000001d0                      main.o:_00370_DS_:
000001d0 def8                 MOVIA 0x7
000001d1 e0fc                 BCR 0x3, 0x6
000001d2 fbde                 SUBAR 0x21, 0x0
000001d3 f6fc                 BTRSS 0x3, 0x2
000001d4 c628                 LGOTO 0x1d7; main.o:_00461_DS_=0x1d7
000001d5 de93                 MOVIA 0x6c
000001d6 fbdf                 SUBAR 0x20, 0x0
000001d7                      main.o:_00461_DS_:
000001d7 f7fc                 BTRSS 0x3, 0x0
000001d8 c609                 LGOTO 0x1f6; main.o:_00367_DS_=0x1f6
000001d9 de6b                 MOVIA 0x94
000001da e0fc                 BCR 0x3, 0x6
000001db fcdf                 ADDAR 0x20, 0x0
000001dc ff51                 MOVAR 0x2e
000001dd de07                 MOVIA 0xf8
000001de ff50                 MOVAR 0x2f
000001df fede                 MOVR 0x21, 0x0
000001e0 f3fc                 BTRSC 0x3, 0x0
000001e1 fade                 INCR 0x21, 0x0
000001e2 f2fc                 BTRSC 0x3, 0x2
000001e3 c61a                 LGOTO 0x1e5; main.o:_00004_DS_=0x1e5
000001e4 fc50                 ADDAR 0x2f, 0x1
000001e5                      main.o:_00004_DS_:
000001e5 e3fc                 BCR 0x3, 0x0
000001e6 e0fc                 BCR 0x3, 0x6
000001e7 ecd0                 RRR 0x2f, 0x0
000001e8 ff4e                 MOVAR 0x31
000001e9 ecd1                 RRR 0x2e, 0x0
000001ea ff4f                 MOVAR 0x30
000001eb e3fc                 BCR 0x3, 0x0
000001ec ec4e                 RRR 0x31, 0x1
000001ed ec4f                 RRR 0x30, 0x1
000001ee dee9                 MOVIA 0x16
000001ef fccf                 ADDAR 0x30, 0x0
000001f0 ff53                 MOVAR 0x2c
000001f1 fd52                 CLRR 0x2d
000001f2 eb52                 RLR 0x2d, 0x1
000001f3 fece                 MOVR 0x31, 0x0
000001f4 fc52                 ADDAR 0x2d, 0x1
000001f5 c5e7                 LGOTO 0x218; main.o:_00371_DS_=0x218
000001f6                      main.o:_00367_DS_:
000001f6 def9                 MOVIA 0x6
000001f7 e0fc                 BCR 0x3, 0x6
000001f8 fbde                 SUBAR 0x21, 0x0
000001f9 f6fc                 BTRSS 0x3, 0x2
000001fa c602                 LGOTO 0x1fd; main.o:_00462_DS_=0x1fd
000001fb def0                 MOVIA 0xf
000001fc fbdf                 SUBAR 0x20, 0x0
000001fd                      main.o:_00462_DS_:
000001fd f7fc                 BTRSS 0x3, 0x0
000001fe c5ea                 LGOTO 0x215; main.o:_00364_DS_=0x215
000001ff de0d                 MOVIA 0xf2
00000200 e0fc                 BCR 0x3, 0x6
00000201 fcdf                 ADDAR 0x20, 0x0
00000202 ff51                 MOVAR 0x2e
00000203 de06                 MOVIA 0xf9
00000204 ff50                 MOVAR 0x2f
00000205 fede                 MOVR 0x21, 0x0
00000206 f3fc                 BTRSC 0x3, 0x0
00000207 fade                 INCR 0x21, 0x0
00000208 f2fc                 BTRSC 0x3, 0x2
00000209 c5f4                 LGOTO 0x20b; main.o:_00005_DS_=0x20b
0000020a fc50                 ADDAR 0x2f, 0x1
0000020b                      main.o:_00005_DS_:
0000020b e0fc                 BCR 0x3, 0x6
0000020c ead1                 SWAPR 0x2e, 0x0
0000020d ddf0                 ANDIA 0xf
0000020e ff53                 MOVAR 0x2c
0000020f ead0                 SWAPR 0x2f, 0x0
00000210 ff52                 MOVAR 0x2d
00000211 dd0f                 ANDIA 0xf0
00000212 ee53                 IORAR 0x2c, 0x1
00000213 ed52                 XORAR 0x2d, 0x1
00000214 c5e7                 LGOTO 0x218; main.o:_00371_DS_=0x218
00000215                      main.o:_00364_DS_:
00000215 e0fc                 BCR 0x3, 0x6
00000216 fd53                 CLRR 0x2c
00000217 fd52                 CLRR 0x2d
00000218                      main.o:_00371_DS_:
00000218 e0fc                 BCR 0x3, 0x6
00000219 f57a                 BTRSS 0x5, 0x5
0000021a c58d                 LGOTO 0x272; main.o:_00396_DS_=0x272
0000021b deff                 MOVIA 0x0
0000021c fbd2                 SUBAR 0x2d, 0x0
0000021d f6fc                 BTRSS 0x3, 0x2
0000021e c5de                 LGOTO 0x221; main.o:_00463_DS_=0x221
0000021f def5                 MOVIA 0xa
00000220 fbd3                 SUBAR 0x2c, 0x0
00000221                      main.o:_00463_DS_:
00000221 f3fc                 BTRSC 0x3, 0x0
00000222 c5d7                 LGOTO 0x228; main.o:_00378_DS_=0x228
00000223 defe                 MOVIA 0x1
00000224 e0fc                 BCR 0x3, 0x6
00000225 ff53                 MOVAR 0x2c
00000226 fd52                 CLRR 0x2d
00000227 c5b8                 LGOTO 0x247; main.o:_00007_DS_=0x247
00000228                      main.o:_00378_DS_:
00000228 deff                 MOVIA 0x0
00000229 e0fc                 BCR 0x3, 0x6
0000022a fbd2                 SUBAR 0x2d, 0x0
0000022b f6fc                 BTRSS 0x3, 0x2
0000022c c5d0                 LGOTO 0x22f; main.o:_00464_DS_=0x22f
0000022d deeb                 MOVIA 0x14
0000022e fbd3                 SUBAR 0x2c, 0x0
0000022f                      main.o:_00464_DS_:
0000022f f3fc                 BTRSC 0x3, 0x0
00000230 c5c7                 LGOTO 0x238; main.o:_00375_DS_=0x238
00000231 de09                 MOVIA 0xf6
00000232 e0fc                 BCR 0x3, 0x6
00000233 fc53                 ADDAR 0x2c, 0x1
00000234 f3fc                 BTRSC 0x3, 0x0
00000235 c5c8                 LGOTO 0x237; main.o:_00006_DS_=0x237
00000236 f952                 DECR 0x2d, 0x1
00000237                      main.o:_00006_DS_:
00000237 c5b8                 LGOTO 0x247; main.o:_00007_DS_=0x247
00000238                      main.o:_00375_DS_:
00000238 deff                 MOVIA 0x0
00000239 e0fc                 BCR 0x3, 0x6
0000023a fbd2                 SUBAR 0x2d, 0x0
0000023b f6fc                 BTRSS 0x3, 0x2
0000023c c5c0                 LGOTO 0x23f; main.o:_00465_DS_=0x23f
0000023d de87                 MOVIA 0x78
0000023e fbd3                 SUBAR 0x2c, 0x0
0000023f                      main.o:_00465_DS_:
0000023f f3fc                 BTRSC 0x3, 0x0
00000240 c5b8                 LGOTO 0x247; main.o:_00007_DS_=0x247
00000241 de13                 MOVIA 0xec
00000242 e0fc                 BCR 0x3, 0x6
00000243 fc53                 ADDAR 0x2c, 0x1
00000244 f3fc                 BTRSC 0x3, 0x0
00000245 c5b8                 LGOTO 0x247; main.o:_00007_DS_=0x247
00000246 f952                 DECR 0x2d, 0x1
00000247                      main.o:_00007_DS_:
00000247 deff                 MOVIA 0x0
00000248 e0fc                 BCR 0x3, 0x6
00000249 fbd2                 SUBAR 0x2d, 0x0
0000024a f6fc                 BTRSS 0x3, 0x2
0000024b c5b1                 LGOTO 0x24e; main.o:_00466_DS_=0x24e
0000024c de9b                 MOVIA 0x64
0000024d fbd3                 SUBAR 0x2c, 0x0
0000024e                      main.o:_00466_DS_:
0000024e f7fc                 BTRSS 0x3, 0x0
0000024f c5ab                 LGOTO 0x254; main.o:_00381_DS_=0x254
00000250 de9b                 MOVIA 0x64
00000251 e0fc                 BCR 0x3, 0x6
00000252 ff53                 MOVAR 0x2c
00000253 fd52                 CLRR 0x2d
00000254                      main.o:_00381_DS_:
00000254 e0fc                 BCR 0x3, 0x6
00000255 fe8f                 MOVR 0x70, 0x0
00000256 ff51                 MOVAR 0x2e
00000257 fd50                 CLRR 0x2f
00000258 fed2                 MOVR 0x2d, 0x0
00000259 fbd0                 SUBAR 0x2f, 0x0
0000025a f6fc                 BTRSS 0x3, 0x2
0000025b c5a1                 LGOTO 0x25e; main.o:_00467_DS_=0x25e
0000025c fed3                 MOVR 0x2c, 0x0
0000025d fbd1                 SUBAR 0x2e, 0x0
0000025e                      main.o:_00467_DS_:
0000025e f3fc                 BTRSC 0x3, 0x0
0000025f c559                 LGOTO 0x2a6; main.o:_00404_DS_=0x2a6
00000260 e4fc                 BSR 0x3, 0x6
00000261 fa5f                 INCR 0x20, 0x1
00000262 f2fc                 BTRSC 0x3, 0x2
00000263 fa5e                 INCR 0x21, 0x1
00000264 defe                 MOVIA 0x1
00000265 fbde                 SUBAR 0x21, 0x0
00000266 f6fc                 BTRSS 0x3, 0x2
00000267 c595                 LGOTO 0x26a; main.o:_00468_DS_=0x26a
00000268 de0a                 MOVIA 0xf5
00000269 fbdf                 SUBAR 0x20, 0x0
0000026a                      main.o:_00468_DS_:
0000026a f7fc                 BTRSS 0x3, 0x0
0000026b c559                 LGOTO 0x2a6; main.o:_00404_DS_=0x2a6
0000026c e4fc                 BSR 0x3, 0x6
0000026d fd5f                 CLRR 0x20
0000026e fd5e                 CLRR 0x21
0000026f e0fc                 BCR 0x3, 0x6
00000270 fa0f                 INCR 0x70, 0x1
00000271 c559                 LGOTO 0x2a6; main.o:_00404_DS_=0x2a6
00000272                      main.o:_00396_DS_:
00000272 deff                 MOVIA 0x0
00000273 e0fc                 BCR 0x3, 0x6
00000274 fbd2                 SUBAR 0x2d, 0x0
00000275 f6fc                 BTRSS 0x3, 0x2
00000276 c586                 LGOTO 0x279; main.o:_00469_DS_=0x279
00000277 de9b                 MOVIA 0x64
00000278 fbd3                 SUBAR 0x2c, 0x0
00000279                      main.o:_00469_DS_:
00000279 f7fc                 BTRSS 0x3, 0x0
0000027a c580                 LGOTO 0x27f; main.o:_00387_DS_=0x27f
0000027b de9c                 MOVIA 0x63
0000027c e0fc                 BCR 0x3, 0x6
0000027d ff53                 MOVAR 0x2c
0000027e fd52                 CLRR 0x2d
0000027f                      main.o:_00387_DS_:
0000027f e0fc                 BCR 0x3, 0x6
00000280 fe8f                 MOVR 0x70, 0x0
00000281 f2fc                 BTRSC 0x3, 0x2
00000282 c579                 LGOTO 0x286; main.o:_00388_DS_=0x286
00000283 fe92                 MOVR 0x6d, 0x0
00000284 f6fc                 BTRSS 0x3, 0x2
00000285 c576                 LGOTO 0x289; main.o:_00389_DS_=0x289
00000286                      main.o:_00388_DS_:
00000286 e0fc                 BCR 0x3, 0x6
00000287 fed3                 MOVR 0x2c, 0x0
00000288 ff0f                 MOVAR 0x70
00000289                      main.o:_00389_DS_:
00000289 e0fc                 BCR 0x3, 0x6
0000028a fe8f                 MOVR 0x70, 0x0
0000028b ff51                 MOVAR 0x2e
0000028c fd50                 CLRR 0x2f
0000028d deff                 MOVIA 0x0
0000028e fbd2                 SUBAR 0x2d, 0x0
0000028f f6fc                 BTRSS 0x3, 0x2
00000290 c56c                 LGOTO 0x293; main.o:_00470_DS_=0x293
00000291 fed1                 MOVR 0x2e, 0x0
00000292 fbd3                 SUBAR 0x2c, 0x0
00000293                      main.o:_00470_DS_:
00000293 f3fc                 BTRSC 0x3, 0x0
00000294 c559                 LGOTO 0x2a6; main.o:_00404_DS_=0x2a6
00000295 e4fc                 BSR 0x3, 0x6
00000296 fa5f                 INCR 0x20, 0x1
00000297 f2fc                 BTRSC 0x3, 0x2
00000298 fa5e                 INCR 0x21, 0x1
00000299 defe                 MOVIA 0x1
0000029a fbde                 SUBAR 0x21, 0x0
0000029b f6fc                 BTRSS 0x3, 0x2
0000029c c560                 LGOTO 0x29f; main.o:_00471_DS_=0x29f
0000029d de0a                 MOVIA 0xf5
0000029e fbdf                 SUBAR 0x20, 0x0
0000029f                      main.o:_00471_DS_:
0000029f f7fc                 BTRSS 0x3, 0x0
000002a0 c559                 LGOTO 0x2a6; main.o:_00404_DS_=0x2a6
000002a1 e4fc                 BSR 0x3, 0x6
000002a2 fd5f                 CLRR 0x20
000002a3 fd5e                 CLRR 0x21
000002a4 e0fc                 BCR 0x3, 0x6
000002a5 f90f                 DECR 0x70, 0x1
000002a6                      main.o:_00404_DS_:
000002a6 ffef                 RET
000002a7                      _initAD:
000002a7 de7f                 MOVIA 0x80
000002a8 ff6f                 MOVAR 0x10
000002a9 fd6c                 CLRR 0x13
000002aa deef                 MOVIA 0x10
000002ab ff6e                 MOVAR 0x11
000002ac defc                 MOVIA 0x3
000002ad ff6b                 MOVAR 0x14
000002ae e5ef                 BSR 0x10, 0x4
000002af decd                 MOVIA 0x32
000002b0 d6cc                 LCALL 0x133; _delay=0x133
000002b1 ffef                 RET
000002b2                      _keyCtr:
000002b2 e0fc                 BCR 0x3, 0x6
000002b3 f8fa                 COMR 0x5, 0x0
000002b4 ff54                 MOVAR 0x2b
000002b5 de7f                 MOVIA 0x80
000002b6 ef54                 ANDAR 0x2b, 0x1
000002b7 fed4                 MOVR 0x2b, 0x0
000002b8 d50c                 LCALL 0x2f3; _keyRead=0x2f3
000002b9 e0fc                 BCR 0x3, 0x6
000002ba ff54                 MOVAR 0x2b
000002bb dbfe                 XORIA 0x1
000002bc f6fc                 BTRSS 0x3, 0x2
000002bd c529                 LGOTO 0x2d6; main.o:_00350_DS_=0x2d6
000002be fe92                 MOVR 0x6d, 0x0
000002bf f2fc                 BTRSC 0x3, 0x2
000002c0 c50d                 LGOTO 0x2f2; main.o:_00352_DS_=0x2f2
000002c1 fe97                 MOVR 0x68, 0x0
000002c2 f6fc                 BTRSS 0x3, 0x2
000002c3 c537                 LGOTO 0x2c8; main.o:_00338_DS_=0x2c8
000002c4 defc                 MOVIA 0x3
000002c5 ff11                 MOVAR 0x6e
000002c6 fd05                 CLRR 0x7a
000002c7 c50d                 LGOTO 0x2f2; main.o:_00352_DS_=0x2f2
000002c8                      main.o:_00338_DS_:
000002c8 e0fc                 BCR 0x3, 0x6
000002c9 fd11                 CLRR 0x6e
000002ca fa13                 INCR 0x6c, 0x1
000002cb defb                 MOVIA 0x4
000002cc fb93                 SUBAR 0x6c, 0x0
000002cd f7fc                 BTRSS 0x3, 0x0
000002ce c52e                 LGOTO 0x2d1; main.o:_00336_DS_=0x2d1
000002cf defe                 MOVIA 0x1
000002d0 ff13                 MOVAR 0x6c
000002d1                      main.o:_00336_DS_:
000002d1 defd                 MOVIA 0x2
000002d2 e0fc                 BCR 0x3, 0x6
000002d3 ff10                 MOVAR 0x6f
000002d4 fd05                 CLRR 0x7a
000002d5 c50d                 LGOTO 0x2f2; main.o:_00352_DS_=0x2f2
000002d6                      main.o:_00350_DS_:
000002d6 e0fc                 BCR 0x3, 0x6
000002d7 fed4                 MOVR 0x2b, 0x0
000002d8 dbfd                 XORIA 0x2
000002d9 f6fc                 BTRSS 0x3, 0x2
000002da c50d                 LGOTO 0x2f2; main.o:_00352_DS_=0x2f2
000002db fe92                 MOVR 0x6d, 0x0
000002dc f2fc                 BTRSC 0x3, 0x2
000002dd c51a                 LGOTO 0x2e5; main.o:_00345_DS_=0x2e5
000002de fd12                 CLRR 0x6d
000002df fd13                 CLRR 0x6c
000002e0 fd11                 CLRR 0x6e
000002e1 fd10                 CLRR 0x6f
000002e2 defa                 MOVIA 0x5
000002e3 ff05                 MOVAR 0x7a
000002e4 c50d                 LGOTO 0x2f2; main.o:_00352_DS_=0x2f2
000002e5                      main.o:_00345_DS_:
000002e5 defe                 MOVIA 0x1
000002e6 e0fc                 BCR 0x3, 0x6
000002e7 ff12                 MOVAR 0x6d
000002e8 defc                 MOVIA 0x3
000002e9 ff11                 MOVAR 0x6e
000002ea defd                 MOVIA 0x2
000002eb ff10                 MOVAR 0x6f
000002ec fd05                 CLRR 0x7a
000002ed fe93                 MOVR 0x6c, 0x0
000002ee f6fc                 BTRSS 0x3, 0x2
000002ef c50d                 LGOTO 0x2f2; main.o:_00352_DS_=0x2f2
000002f0 defe                 MOVIA 0x1
000002f1 ff13                 MOVAR 0x6c
000002f2                      main.o:_00352_DS_:
000002f2 ffef                 RET
000002f3                      _keyRead:
000002f3 e0fc                 BCR 0x3, 0x6
000002f4 ff55                 MOVAR 0x2a
000002f5 fed5                 MOVR 0x2a, 0x0
000002f6 f2fc                 BTRSC 0x3, 0x2
000002f7 c4f9                 LGOTO 0x306; main.o:_00328_DS_=0x306
000002f8 fa0e                 INCR 0x71, 0x1
000002f9 de37                 MOVIA 0xc8
000002fa fb8e                 SUBAR 0x71, 0x0
000002fb f7fc                 BTRSS 0x3, 0x0
000002fc c4e6                 LGOTO 0x319; main.o:_00329_DS_=0x319
000002fd de37                 MOVIA 0xc8
000002fe ff0e                 MOVAR 0x71
000002ff fe8d                 MOVR 0x72, 0x0
00000300 f6fc                 BTRSS 0x3, 0x2
00000301 c4e6                 LGOTO 0x319; main.o:_00329_DS_=0x319
00000302 defe                 MOVIA 0x1
00000303 ff0d                 MOVAR 0x72
00000304 defd                 MOVIA 0x2
00000305 c4e5                 LGOTO 0x31a; main.o:_00330_DS_=0x31a
00000306                      main.o:_00328_DS_:
00000306 de37                 MOVIA 0xc8
00000307 e0fc                 BCR 0x3, 0x6
00000308 fb8e                 SUBAR 0x71, 0x0
00000309 f7fc                 BTRSS 0x3, 0x0
0000030a c4f0                 LGOTO 0x30f; main.o:_00325_DS_=0x30f
0000030b fd0e                 CLRR 0x71
0000030c fd0d                 CLRR 0x72
0000030d deff                 MOVIA 0x0
0000030e c4e5                 LGOTO 0x31a; main.o:_00330_DS_=0x31a
0000030f                      main.o:_00325_DS_:
0000030f defb                 MOVIA 0x4
00000310 e0fc                 BCR 0x3, 0x6
00000311 fb8e                 SUBAR 0x71, 0x0
00000312 f7fc                 BTRSS 0x3, 0x0
00000313 c4e8                 LGOTO 0x317; main.o:_00326_DS_=0x317
00000314 fd0e                 CLRR 0x71
00000315 defe                 MOVIA 0x1
00000316 c4e5                 LGOTO 0x31a; main.o:_00330_DS_=0x31a
00000317                      main.o:_00326_DS_:
00000317 e0fc                 BCR 0x3, 0x6
00000318 fd0e                 CLRR 0x71
00000319                      main.o:_00329_DS_:
00000319 deff                 MOVIA 0x0
0000031a                      main.o:_00330_DS_:
0000031a ffef                 RET
0000031b                      _pwmStop:
0000031b fdff                 CLRA
0000031c ffb5                 SFUN 0xa
0000031d ffef                 RET
0000031e                      _pwmInit:
0000031e ff95                 SFUNR 0xa
0000031f e0fc                 BCR 0x3, 0x6
00000320 ff56                 MOVAR 0x29
00000321 f056                 BTRSC 0x29, 0x7
00000322 c4d4                 LGOTO 0x32b; main.o:_00309_DS_=0x32b
00000323 fd66                 CLRR 0x19
00000324 de9b                 MOVIA 0x64
00000325 ffb6                 SFUN 0x9
00000326 ffb3                 SFUN 0xc
00000327 defe                 MOVIA 0x1
00000328 ffb4                 SFUN 0xb
00000329 de7c                 MOVIA 0x83
0000032a ffb5                 SFUN 0xa
0000032b                      main.o:_00309_DS_:
0000032b ffef                 RET
0000032c                      _gotoSleep:
0000032c e0fc                 BCR 0x3, 0x6
0000032d fd03                 CLRR 0x7c
0000032e fd07                 CLRR 0x78
0000032f fd06                 CLRR 0x79
00000330 d375                 LCALL 0x48a; _setInput=0x48a
00000331 e0fc                 BCR 0x3, 0x6
00000332 fd0c                 CLRR 0x73
00000333 fd12                 CLRR 0x6d
00000334 d4e4                 LCALL 0x31b; _pwmStop=0x31b
00000335 de5f                 MOVIA 0xa0
00000336 ff6a                 MOVAR 0x15
00000337 def7                 MOVIA 0x8
00000338 fff9                 IOST 0x6
00000339 e0fc                 BCR 0x3, 0x6
0000033a fd7a                 CLRR 0x5
0000033b fd79                 CLRR 0x6
0000033c defd                 MOVIA 0x2
0000033d ff71                 MOVAR 0xe
0000033e dee7                 MOVIA 0x18
0000033f ff77                 MOVAR 0x8
00000340 fd70                 CLRR 0xf
00000341 fffd                 CLRWDT
00000342 fffb                 ENI
00000343 f17a                 BTRSC 0x5, 0x5
00000344 c4b9                 LGOTO 0x346; main.o:_00302_DS_=0x346
00000345 fffe                 SLEEP
00000346                      main.o:_00302_DS_:
00000346 fd6a                 CLRR 0x15
00000347 de5f                 MOVIA 0xa0
00000348 fffa                 IOST 0x5
00000349 def7                 MOVIA 0x8
0000034a fff9                 IOST 0x6
0000034b e0fc                 BCR 0x3, 0x6
0000034c fd7a                 CLRR 0x5
0000034d defc                 MOVIA 0x3
0000034e ff71                 MOVAR 0xe
0000034f fd70                 CLRR 0xf
00000350 de47                 MOVIA 0xb8
00000351 ff77                 MOVAR 0x8
00000352 ffef                 RET
00000353                      _initSys:
00000353 ffec                 DISI
00000354 de5f                 MOVIA 0xa0
00000355 fffa                 IOST 0x5
00000356 def7                 MOVIA 0x8
00000357 fff9                 IOST 0x6
00000358 fd79                 CLRR 0x6
00000359 e0fc                 BCR 0x3, 0x6
0000035a fd7a                 CLRR 0x5
0000035b d375                 LCALL 0x48a; _setInput=0x48a
0000035c de80                 MOVIA 0x7f
0000035d fff6                 IOST 0x9
0000035e de00                 MOVIA 0xff
0000035f ff73                 MOVAR 0xc
00000360 ff74                 MOVAR 0xb
00000361 defc                 MOVIA 0x3
00000362 ff71                 MOVAR 0xe
00000363 fdff                 CLRA
00000364 fff0                 IOST 0xf
00000365 dec8                 MOVIA 0x37
00000366 ff7e                 MOVAR 0x1
00000367 fdff                 CLRA
00000368 fffc                 T0MD
00000369 defe                 MOVIA 0x1
0000036a fff0                 IOST 0xf
0000036b de67                 MOVIA 0x98
0000036c ff77                 MOVAR 0x8
0000036d defe                 MOVIA 0x1
0000036e fff0                 IOST 0xf
0000036f fffb                 ENI
00000370 ffef                 RET
00000371                      _refreshNub:
00000371 e0fc                 BCR 0x3, 0x6
00000372 fe9a                 MOVR 0x65, 0x0
00000373 da5b                 ADDIA 0xa4
00000374 ff58                 MOVAR 0x27
00000375 deff                 MOVIA 0x0
00000376 f3fc                 BTRSC 0x3, 0x0
00000377 dafe                 ADDIA 0x1
00000378 ff57                 MOVAR 0x28
00000379 fed8                 MOVR 0x27, 0x0
0000037a ff39                 MOVAR 0x46
0000037b fed7                 MOVR 0x28, 0x0
0000037c ff38                 MOVAR 0x47
0000037d deff                 MOVIA 0x0
0000037e d111                 LCALL 0x6ee; __gptrget=0x6ee
0000037f d235                 LCALL 0x5ca; _showNubBaiwei=0x5ca
00000380 e0fc                 BCR 0x3, 0x6
00000381 fe99                 MOVR 0x66, 0x0
00000382 da5b                 ADDIA 0xa4
00000383 ff58                 MOVAR 0x27
00000384 deff                 MOVIA 0x0
00000385 f3fc                 BTRSC 0x3, 0x0
00000386 dafe                 ADDIA 0x1
00000387 ff57                 MOVAR 0x28
00000388 fed8                 MOVR 0x27, 0x0
00000389 ff39                 MOVAR 0x46
0000038a fed7                 MOVR 0x28, 0x0
0000038b ff38                 MOVAR 0x47
0000038c deff                 MOVIA 0x0
0000038d d111                 LCALL 0x6ee; __gptrget=0x6ee
0000038e d1b5                 LCALL 0x64a; _showNubShiwei=0x64a
0000038f e0fc                 BCR 0x3, 0x6
00000390 fe98                 MOVR 0x67, 0x0
00000391 da5b                 ADDIA 0xa4
00000392 ff58                 MOVAR 0x27
00000393 deff                 MOVIA 0x0
00000394 f3fc                 BTRSC 0x3, 0x0
00000395 dafe                 ADDIA 0x1
00000396 ff57                 MOVAR 0x28
00000397 fed8                 MOVR 0x27, 0x0
00000398 ff39                 MOVAR 0x46
00000399 fed7                 MOVR 0x28, 0x0
0000039a ff38                 MOVAR 0x47
0000039b deff                 MOVIA 0x0
0000039c d111                 LCALL 0x6ee; __gptrget=0x6ee
0000039d d1f5                 LCALL 0x60a; _showNubGewei=0x60a
0000039e d375                 LCALL 0x48a; _setInput=0x48a
0000039f ffef                 RET
000003a0                      _checkIRKey:
000003a0 e0fc                 BCR 0x3, 0x6
000003a1 fe92                 MOVR 0x6d, 0x0
000003a2 f6fc                 BTRSS 0x3, 0x2
000003a3 c459                 LGOTO 0x3a6; main.o:_00275_DS_=0x3a6
000003a4 fd16                 CLRR 0x69
000003a5 c432                 LGOTO 0x3cd; main.o:_00288_DS_=0x3cd
000003a6                      main.o:_00275_DS_:
000003a6 defd                 MOVIA 0x2
000003a7 d6cc                 LCALL 0x133; _delay=0x133
000003a8 def2                 MOVIA 0xd
000003a9 e0fc                 BCR 0x3, 0x6
000003aa fb95                 SUBAR 0x6a, 0x0
000003ab f7fc                 BTRSS 0x3, 0x0
000003ac c432                 LGOTO 0x3cd; main.o:_00288_DS_=0x3cd
000003ad deeb                 MOVIA 0x14
000003ae fb95                 SUBAR 0x6a, 0x0
000003af f3fc                 BTRSC 0x3, 0x0
000003b0 c432                 LGOTO 0x3cd; main.o:_00288_DS_=0x3cd
000003b1 fe96                 MOVR 0x69, 0x0
000003b2 f6fc                 BTRSS 0x3, 0x2
000003b3 c432                 LGOTO 0x3cd; main.o:_00288_DS_=0x3cd
000003b4 fe93                 MOVR 0x6c, 0x0
000003b5 dbfe                 XORIA 0x1
000003b6 f6fc                 BTRSS 0x3, 0x2
000003b7 c444                 LGOTO 0x3bb; main.o:_00282_DS_=0x3bb
000003b8 decd                 MOVIA 0x32
000003b9 ff14                 MOVAR 0x6b
000003ba c435                 LGOTO 0x3ca; main.o:_00283_DS_=0x3ca
000003bb                      main.o:_00282_DS_:
000003bb e0fc                 BCR 0x3, 0x6
000003bc fe93                 MOVR 0x6c, 0x0
000003bd dbfd                 XORIA 0x2
000003be f6fc                 BTRSS 0x3, 0x2
000003bf c43c                 LGOTO 0x3c3; main.o:_00279_DS_=0x3c3
000003c0 de9b                 MOVIA 0x64
000003c1 ff14                 MOVAR 0x6b
000003c2 c435                 LGOTO 0x3ca; main.o:_00283_DS_=0x3ca
000003c3                      main.o:_00279_DS_:
000003c3 e0fc                 BCR 0x3, 0x6
000003c4 fe93                 MOVR 0x6c, 0x0
000003c5 dbfc                 XORIA 0x3
000003c6 f6fc                 BTRSS 0x3, 0x2
000003c7 c435                 LGOTO 0x3ca; main.o:_00283_DS_=0x3ca
000003c8 de69                 MOVIA 0x96
000003c9 ff14                 MOVAR 0x6b
000003ca                      main.o:_00283_DS_:
000003ca defe                 MOVIA 0x1
000003cb e0fc                 BCR 0x3, 0x6
000003cc ff16                 MOVAR 0x69
000003cd                      main.o:_00288_DS_:
000003cd ffef                 RET
000003ce                      _chrgCtr:
000003ce e0fc                 BCR 0x3, 0x6
000003cf fd0b                 CLRR 0x74
000003d0 e6f3                 BSR 0xc, 0x2
000003d1 ffe9                 IOSTR 0x6
000003d2 ff5a                 MOVAR 0x25
000003d3 e2da                 BCR 0x25, 0x2
000003d4 feda                 MOVR 0x25, 0x0
000003d5 fff9                 IOST 0x6
000003d6 fe94                 MOVR 0x6b, 0x0
000003d7 f2fc                 BTRSC 0x3, 0x2
000003d8 c422                 LGOTO 0x3dd; main.o:_00191_DS_=0x3dd
000003d9 d4e1                 LCALL 0x31e; _pwmInit=0x31e
000003da e0fc                 BCR 0x3, 0x6
000003db f914                 DECR 0x6b, 0x1
000003dc c420                 LGOTO 0x3df; main.o:_00192_DS_=0x3df
000003dd                      main.o:_00191_DS_:
000003dd d4e4                 LCALL 0x31b; _pwmStop=0x31b
000003de e2f9                 BCR 0x6, 0x2
000003df                      main.o:_00192_DS_:
000003df e0fc                 BCR 0x3, 0x6
000003e0 fe90                 MOVR 0x6f, 0x0
000003e1 f2fc                 BTRSC 0x3, 0x2
000003e2 c415                 LGOTO 0x3ea; main.o:_00223_DS_=0x3ea
000003e3 defe                 MOVIA 0x1
000003e4 ff17                 MOVAR 0x68
000003e5 fd19                 CLRR 0x66
000003e6 fd1a                 CLRR 0x65
000003e7 fe93                 MOVR 0x6c, 0x0
000003e8 ff18                 MOVAR 0x67
000003e9 c382                 LGOTO 0x47d; main.o:_00225_DS_=0x47d
000003ea                      main.o:_00223_DS_:
000003ea e0fc                 BCR 0x3, 0x6
000003eb fe91                 MOVR 0x6e, 0x0
000003ec f6fc                 BTRSS 0x3, 0x2
000003ed c40e                 LGOTO 0x3f1; main.o:_00218_DS_=0x3f1
000003ee fe94                 MOVR 0x6b, 0x0
000003ef f2fc                 BTRSC 0x3, 0x2
000003f0 c3f3                 LGOTO 0x40c; main.o:_00219_DS_=0x40c
000003f1                      main.o:_00218_DS_:
000003f1 defe                 MOVIA 0x1
000003f2 e0fc                 BCR 0x3, 0x6
000003f3 ff17                 MOVAR 0x68
000003f4 de9b                 MOVIA 0x64
000003f5 fb8f                 SUBAR 0x70, 0x0
000003f6 f7fc                 BTRSS 0x3, 0x0
000003f7 c402                 LGOTO 0x3fd; main.o:_00194_DS_=0x3fd
000003f8 defe                 MOVIA 0x1
000003f9 ff1a                 MOVAR 0x65
000003fa fd18                 CLRR 0x67
000003fb fd19                 CLRR 0x66
000003fc c382                 LGOTO 0x47d; main.o:_00225_DS_=0x47d
000003fd                      main.o:_00194_DS_:
000003fd e0fc                 BCR 0x3, 0x6
000003fe fd1a                 CLRR 0x65
000003ff def5                 MOVIA 0xa
00000400 ff38                 MOVAR 0x47
00000401 fe8f                 MOVR 0x70, 0x0
00000402 d197                 LCALL 0x668; __divuchar=0x668
00000403 e0fc                 BCR 0x3, 0x6
00000404 ff19                 MOVAR 0x66
00000405 def5                 MOVIA 0xa
00000406 ff38                 MOVAR 0x47
00000407 fe8f                 MOVR 0x70, 0x0
00000408 d16e                 LCALL 0x691; __moduchar=0x691
00000409 e0fc                 BCR 0x3, 0x6
0000040a ff18                 MOVAR 0x67
0000040b c382                 LGOTO 0x47d; main.o:_00225_DS_=0x47d
0000040c                      main.o:_00219_DS_:
0000040c def9                 MOVIA 0x6
0000040d e0fc                 BCR 0x3, 0x6
0000040e fb8f                 SUBAR 0x70, 0x0
0000040f f3fc                 BTRSC 0x3, 0x0
00000410 c3b8                 LGOTO 0x447; main.o:_00214_DS_=0x447
00000411 fe85                 MOVR 0x7a, 0x0
00000412 f6fc                 BTRSS 0x3, 0x2
00000413 c3b8                 LGOTO 0x447; main.o:_00214_DS_=0x447
00000414 f17a                 BTRSC 0x5, 0x5
00000415 c3b8                 LGOTO 0x447; main.o:_00214_DS_=0x447
00000416 defe                 MOVIA 0x1
00000417 ff17                 MOVAR 0x68
00000418 fa0a                 INCR 0x75, 0x1
00000419 f2fc                 BTRSC 0x3, 0x2
0000041a fa09                 INCR 0x76, 0x1
0000041b defe                 MOVIA 0x1
0000041c fb89                 SUBAR 0x76, 0x0
0000041d f6fc                 BTRSS 0x3, 0x2
0000041e c3de                 LGOTO 0x421; main.o:_00268_DS_=0x421
0000041f de0a                 MOVIA 0xf5
00000420 fb8a                 SUBAR 0x75, 0x0
00000421                      main.o:_00268_DS_:
00000421 f7fc                 BTRSS 0x3, 0x0
00000422 c3d8                 LGOTO 0x427; main.o:_00197_DS_=0x427
00000423 e0fc                 BCR 0x3, 0x6
00000424 fd0a                 CLRR 0x75
00000425 fd09                 CLRR 0x76
00000426 fd17                 CLRR 0x68
00000427                      main.o:_00197_DS_:
00000427 de9b                 MOVIA 0x64
00000428 ff3a                 MOVAR 0x45
00000429 deff                 MOVIA 0x0
0000042a ff39                 MOVAR 0x46
0000042b e0fc                 BCR 0x3, 0x6
0000042c fe8a                 MOVR 0x75, 0x0
0000042d ff38                 MOVAR 0x47
0000042e fe89                 MOVR 0x76, 0x0
0000042f d14a                 LCALL 0x6b5; __moduint=0x6b5
00000430 e0fc                 BCR 0x3, 0x6
00000431 ff59                 MOVAR 0x26
00000432 feb8                 MOVR 0x47, 0x0
00000433 ff5a                 MOVAR 0x25
00000434 deff                 MOVIA 0x0
00000435 fbd9                 SUBAR 0x26, 0x0
00000436 f6fc                 BTRSS 0x3, 0x2
00000437 c3c5                 LGOTO 0x43a; main.o:_00269_DS_=0x43a
00000438 decd                 MOVIA 0x32
00000439 fbda                 SUBAR 0x25, 0x0
0000043a                      main.o:_00269_DS_:
0000043a f3fc                 BTRSC 0x3, 0x0
0000043b c3bb                 LGOTO 0x444; main.o:_00199_DS_=0x444
0000043c defe                 MOVIA 0x1
0000043d e0fc                 BCR 0x3, 0x6
0000043e ff17                 MOVAR 0x68
0000043f fd1a                 CLRR 0x65
00000440 fd19                 CLRR 0x66
00000441 fe8f                 MOVR 0x70, 0x0
00000442 ff18                 MOVAR 0x67
00000443 c382                 LGOTO 0x47d; main.o:_00225_DS_=0x47d
00000444                      main.o:_00199_DS_:
00000444 e0fc                 BCR 0x3, 0x6
00000445 fd17                 CLRR 0x68
00000446 c382                 LGOTO 0x47d; main.o:_00225_DS_=0x47d
00000447                      main.o:_00214_DS_:
00000447 e0fc                 BCR 0x3, 0x6
00000448 fe85                 MOVR 0x7a, 0x0
00000449 f2fc                 BTRSC 0x3, 0x2
0000044a c3ad                 LGOTO 0x452; main.o:_00211_DS_=0x452
0000044b defe                 MOVIA 0x1
0000044c ff17                 MOVAR 0x68
0000044d fd1a                 CLRR 0x65
0000044e def5                 MOVIA 0xa
0000044f ff19                 MOVAR 0x66
00000450 ff18                 MOVAR 0x67
00000451 c382                 LGOTO 0x47d; main.o:_00225_DS_=0x47d
00000452                      main.o:_00211_DS_:
00000452 e0fc                 BCR 0x3, 0x6
00000453 f57a                 BTRSS 0x5, 0x5
00000454 c384                 LGOTO 0x47b; main.o:_00208_DS_=0x47b
00000455 defe                 MOVIA 0x1
00000456 ff17                 MOVAR 0x68
00000457 fe8b                 MOVR 0x74, 0x0
00000458 f2fc                 BTRSC 0x3, 0x2
00000459 c39f                 LGOTO 0x460; main.o:_00205_DS_=0x460
0000045a defe                 MOVIA 0x1
0000045b ff0b                 MOVAR 0x74
0000045c ff1a                 MOVAR 0x65
0000045d fd18                 CLRR 0x67
0000045e fd19                 CLRR 0x66
0000045f c382                 LGOTO 0x47d; main.o:_00225_DS_=0x47d
00000460                      main.o:_00205_DS_:
00000460 e0fc                 BCR 0x3, 0x6
00000461 fe8f                 MOVR 0x70, 0x0
00000462 db9b                 XORIA 0x64
00000463 f6fc                 BTRSS 0x3, 0x2
00000464 c393                 LGOTO 0x46c; main.o:_00202_DS_=0x46c
00000465 defe                 MOVIA 0x1
00000466 ff0b                 MOVAR 0x74
00000467 fd1a                 CLRR 0x65
00000468 def6                 MOVIA 0x9
00000469 ff19                 MOVAR 0x66
0000046a ff18                 MOVAR 0x67
0000046b c382                 LGOTO 0x47d; main.o:_00225_DS_=0x47d
0000046c                      main.o:_00202_DS_:
0000046c e0fc                 BCR 0x3, 0x6
0000046d fd1a                 CLRR 0x65
0000046e def5                 MOVIA 0xa
0000046f ff38                 MOVAR 0x47
00000470 fe8f                 MOVR 0x70, 0x0
00000471 d197                 LCALL 0x668; __divuchar=0x668
00000472 e0fc                 BCR 0x3, 0x6
00000473 ff19                 MOVAR 0x66
00000474 def5                 MOVIA 0xa
00000475 ff38                 MOVAR 0x47
00000476 fe8f                 MOVR 0x70, 0x0
00000477 d16e                 LCALL 0x691; __moduchar=0x691
00000478 e0fc                 BCR 0x3, 0x6
00000479 ff18                 MOVAR 0x67
0000047a c382                 LGOTO 0x47d; main.o:_00225_DS_=0x47d
0000047b                      main.o:_00208_DS_:
0000047b e0fc                 BCR 0x3, 0x6
0000047c fd17                 CLRR 0x68
0000047d                      main.o:_00225_DS_:
0000047d ffef                 RET
0000047e                      _delayms:
0000047e e0fc                 BCR 0x3, 0x6
0000047f ff2d                 MOVAR 0x52
00000480 fd2c                 CLRR 0x53
00000481                      number.o:_00400_DS_:
00000481 e0fc                 BCR 0x3, 0x6
00000482 fead                 MOVR 0x52, 0x0
00000483 fbac                 SUBAR 0x53, 0x0
00000484 f3fc                 BTRSC 0x3, 0x0
00000485 c376                 LGOTO 0x489; number.o:_00402_DS_=0x489
00000486 ffff                 NOP
00000487 fa2c                 INCR 0x53, 0x1
00000488 c37e                 LGOTO 0x481; number.o:_00400_DS_=0x481
00000489                      number.o:_00402_DS_:
00000489 ffef                 RET
0000048a                      _setInput:
0000048a e3f9                 BCR 0x6, 0x0
0000048b de1f                 MOVIA 0xe0
0000048c e0fc                 BCR 0x3, 0x6
0000048d ef7a                 ANDAR 0x5, 0x1
0000048e de40                 MOVIA 0xbf
0000048f fffa                 IOST 0x5
00000490 ffe9                 IOSTR 0x6
00000491 ff2e                 MOVAR 0x51
00000492 e7ae                 BSR 0x51, 0x0
00000493 feae                 MOVR 0x51, 0x0
00000494 fff9                 IOST 0x6
00000495 ffef                 RET
00000496                      _setOutput:
00000496 e0fc                 BCR 0x3, 0x6
00000497 ff2f                 MOVAR 0x50
00000498 defe                 MOVIA 0x1
00000499 fbaf                 SUBAR 0x50, 0x0
0000049a f7fc                 BTRSS 0x3, 0x0
0000049b c328                 LGOTO 0x4d7; number.o:_00379_DS_=0x4d7
0000049c def8                 MOVIA 0x7
0000049d fbaf                 SUBAR 0x50, 0x0
0000049e f3fc                 BTRSC 0x3, 0x0
0000049f c328                 LGOTO 0x4d7; number.o:_00379_DS_=0x4d7
000004a0 f92f                 DECR 0x50, 0x1
000004a1 defb                 MOVIA 0x4
000004a2 ff75                 MOVAR 0xa
000004a3 feaf                 MOVR 0x50, 0x0
000004a4 da57                 ADDIA 0xa8
000004a5 f3fc                 BTRSC 0x3, 0x0
000004a6 fa75                 INCR 0xa, 0x1
000004a7 ff7d                 MOVAR 0x2
000004a8                      number.o:_00389_DS_:
000004a8 c351                 LGOTO 0x4ae; number.o:_00372_DS_=0x4ae
000004a9 c34a                 LGOTO 0x4b5; number.o:_00373_DS_=0x4b5
000004aa c343                 LGOTO 0x4bc; number.o:_00374_DS_=0x4bc
000004ab c33c                 LGOTO 0x4c3; number.o:_00375_DS_=0x4c3
000004ac c335                 LGOTO 0x4ca; number.o:_00376_DS_=0x4ca
000004ad c32e                 LGOTO 0x4d1; number.o:_00377_DS_=0x4d1
000004ae                      number.o:_00372_DS_:
000004ae ffe9                 IOSTR 0x6
000004af e0fc                 BCR 0x3, 0x6
000004b0 ff2f                 MOVAR 0x50
000004b1 e3af                 BCR 0x50, 0x0
000004b2 feaf                 MOVR 0x50, 0x0
000004b3 fff9                 IOST 0x6
000004b4 c328                 LGOTO 0x4d7; number.o:_00379_DS_=0x4d7
000004b5                      number.o:_00373_DS_:
000004b5 ffea                 IOSTR 0x5
000004b6 e0fc                 BCR 0x3, 0x6
000004b7 ff2f                 MOVAR 0x50
000004b8 e3af                 BCR 0x50, 0x0
000004b9 feaf                 MOVR 0x50, 0x0
000004ba fffa                 IOST 0x5
000004bb c328                 LGOTO 0x4d7; number.o:_00379_DS_=0x4d7
000004bc                      number.o:_00374_DS_:
000004bc ffea                 IOSTR 0x5
000004bd e0fc                 BCR 0x3, 0x6
000004be ff2f                 MOVAR 0x50
000004bf e32f                 BCR 0x50, 0x1
000004c0 feaf                 MOVR 0x50, 0x0
000004c1 fffa                 IOST 0x5
000004c2 c328                 LGOTO 0x4d7; number.o:_00379_DS_=0x4d7
000004c3                      number.o:_00375_DS_:
000004c3 ffea                 IOSTR 0x5
000004c4 e0fc                 BCR 0x3, 0x6
000004c5 ff2f                 MOVAR 0x50
000004c6 e2af                 BCR 0x50, 0x2
000004c7 feaf                 MOVR 0x50, 0x0
000004c8 fffa                 IOST 0x5
000004c9 c328                 LGOTO 0x4d7; number.o:_00379_DS_=0x4d7
000004ca                      number.o:_00376_DS_:
000004ca ffea                 IOSTR 0x5
000004cb e0fc                 BCR 0x3, 0x6
000004cc ff2f                 MOVAR 0x50
000004cd e22f                 BCR 0x50, 0x3
000004ce feaf                 MOVR 0x50, 0x0
000004cf fffa                 IOST 0x5
000004d0 c328                 LGOTO 0x4d7; number.o:_00379_DS_=0x4d7
000004d1                      number.o:_00377_DS_:
000004d1 ffea                 IOSTR 0x5
000004d2 e0fc                 BCR 0x3, 0x6
000004d3 ff2f                 MOVAR 0x50
000004d4 e1af                 BCR 0x50, 0x4
000004d5 feaf                 MOVR 0x50, 0x0
000004d6 fffa                 IOST 0x5
000004d7                      number.o:_00379_DS_:
000004d7 ffef                 RET
000004d8                      _setlowOutput:
000004d8 e0fc                 BCR 0x3, 0x6
000004d9 ff30                 MOVAR 0x4f
000004da defe                 MOVIA 0x1
000004db fbb0                 SUBAR 0x4f, 0x0
000004dc f7fc                 BTRSS 0x3, 0x0
000004dd c2ff                 LGOTO 0x500; number.o:_00357_DS_=0x500
000004de def8                 MOVIA 0x7
000004df fbb0                 SUBAR 0x4f, 0x0
000004e0 f3fc                 BTRSC 0x3, 0x0
000004e1 c2ff                 LGOTO 0x500; number.o:_00357_DS_=0x500
000004e2 f930                 DECR 0x4f, 0x1
000004e3 defb                 MOVIA 0x4
000004e4 ff75                 MOVAR 0xa
000004e5 feb0                 MOVR 0x4f, 0x0
000004e6 da15                 ADDIA 0xea
000004e7 f3fc                 BTRSC 0x3, 0x0
000004e8 fa75                 INCR 0xa, 0x1
000004e9 ff7d                 MOVAR 0x2
000004ea                      number.o:_00367_DS_:
000004ea c30f                 LGOTO 0x4f0; number.o:_00350_DS_=0x4f0
000004eb c30d                 LGOTO 0x4f2; number.o:_00351_DS_=0x4f2
000004ec c30a                 LGOTO 0x4f5; number.o:_00352_DS_=0x4f5
000004ed c307                 LGOTO 0x4f8; number.o:_00353_DS_=0x4f8
000004ee c304                 LGOTO 0x4fb; number.o:_00354_DS_=0x4fb
000004ef c301                 LGOTO 0x4fe; number.o:_00355_DS_=0x4fe
000004f0                      number.o:_00350_DS_:
000004f0 e3f9                 BCR 0x6, 0x0
000004f1 c2ff                 LGOTO 0x500; number.o:_00357_DS_=0x500
000004f2                      number.o:_00351_DS_:
000004f2 e0fc                 BCR 0x3, 0x6
000004f3 e3fa                 BCR 0x5, 0x0
000004f4 c2ff                 LGOTO 0x500; number.o:_00357_DS_=0x500
000004f5                      number.o:_00352_DS_:
000004f5 e0fc                 BCR 0x3, 0x6
000004f6 e37a                 BCR 0x5, 0x1
000004f7 c2ff                 LGOTO 0x500; number.o:_00357_DS_=0x500
000004f8                      number.o:_00353_DS_:
000004f8 e0fc                 BCR 0x3, 0x6
000004f9 e2fa                 BCR 0x5, 0x2
000004fa c2ff                 LGOTO 0x500; number.o:_00357_DS_=0x500
000004fb                      number.o:_00354_DS_:
000004fb e0fc                 BCR 0x3, 0x6
000004fc e27a                 BCR 0x5, 0x3
000004fd c2ff                 LGOTO 0x500; number.o:_00357_DS_=0x500
000004fe                      number.o:_00355_DS_:
000004fe e0fc                 BCR 0x3, 0x6
000004ff e1fa                 BCR 0x5, 0x4
00000500                      number.o:_00357_DS_:
00000500 ffef                 RET
00000501                      _setHightOutput:
00000501 e0fc                 BCR 0x3, 0x6
00000502 ff31                 MOVAR 0x4e
00000503 defe                 MOVIA 0x1
00000504 fbb1                 SUBAR 0x4e, 0x0
00000505 f7fc                 BTRSS 0x3, 0x0
00000506 c2d6                 LGOTO 0x529; number.o:_00335_DS_=0x529
00000507 def8                 MOVIA 0x7
00000508 fbb1                 SUBAR 0x4e, 0x0
00000509 f3fc                 BTRSC 0x3, 0x0
0000050a c2d6                 LGOTO 0x529; number.o:_00335_DS_=0x529
0000050b f931                 DECR 0x4e, 0x1
0000050c defa                 MOVIA 0x5
0000050d ff75                 MOVAR 0xa
0000050e feb1                 MOVR 0x4e, 0x0
0000050f daec                 ADDIA 0x13
00000510 f3fc                 BTRSC 0x3, 0x0
00000511 fa75                 INCR 0xa, 0x1
00000512 ff7d                 MOVAR 0x2
00000513                      number.o:_00345_DS_:
00000513 c2e6                 LGOTO 0x519; number.o:_00328_DS_=0x519
00000514 c2e4                 LGOTO 0x51b; number.o:_00329_DS_=0x51b
00000515 c2e1                 LGOTO 0x51e; number.o:_00330_DS_=0x51e
00000516 c2de                 LGOTO 0x521; number.o:_00331_DS_=0x521
00000517 c2db                 LGOTO 0x524; number.o:_00332_DS_=0x524
00000518 c2d8                 LGOTO 0x527; number.o:_00333_DS_=0x527
00000519                      number.o:_00328_DS_:
00000519 e7f9                 BSR 0x6, 0x0
0000051a c2d6                 LGOTO 0x529; number.o:_00335_DS_=0x529
0000051b                      number.o:_00329_DS_:
0000051b e0fc                 BCR 0x3, 0x6
0000051c e7fa                 BSR 0x5, 0x0
0000051d c2d6                 LGOTO 0x529; number.o:_00335_DS_=0x529
0000051e                      number.o:_00330_DS_:
0000051e e0fc                 BCR 0x3, 0x6
0000051f e77a                 BSR 0x5, 0x1
00000520 c2d6                 LGOTO 0x529; number.o:_00335_DS_=0x529
00000521                      number.o:_00331_DS_:
00000521 e0fc                 BCR 0x3, 0x6
00000522 e6fa                 BSR 0x5, 0x2
00000523 c2d6                 LGOTO 0x529; number.o:_00335_DS_=0x529
00000524                      number.o:_00332_DS_:
00000524 e0fc                 BCR 0x3, 0x6
00000525 e67a                 BSR 0x5, 0x3
00000526 c2d6                 LGOTO 0x529; number.o:_00335_DS_=0x529
00000527                      number.o:_00333_DS_:
00000527 e0fc                 BCR 0x3, 0x6
00000528 e5fa                 BSR 0x5, 0x4
00000529                      number.o:_00335_DS_:
00000529 ffef                 RET
0000052a                      _showNub:
0000052a e0fc                 BCR 0x3, 0x6
0000052b ff33                 MOVAR 0x4c
0000052c feb8                 MOVR 0x47, 0x0
0000052d ff32                 MOVAR 0x4d
0000052e d375                 LCALL 0x48a; _setInput=0x48a
0000052f e0fc                 BCR 0x3, 0x6
00000530 feb3                 MOVR 0x4c, 0x0
00000531 d369                 LCALL 0x496; _setOutput=0x496
00000532 e0fc                 BCR 0x3, 0x6
00000533 feb3                 MOVR 0x4c, 0x0
00000534 d2fe                 LCALL 0x501; _setHightOutput=0x501
00000535 e0fc                 BCR 0x3, 0x6
00000536 feb2                 MOVR 0x4d, 0x0
00000537 d369                 LCALL 0x496; _setOutput=0x496
00000538 e0fc                 BCR 0x3, 0x6
00000539 feb2                 MOVR 0x4d, 0x0
0000053a d327                 LCALL 0x4d8; _setlowOutput=0x4d8
0000053b deeb                 MOVIA 0x14
0000053c d381                 LCALL 0x47e; _delayms=0x47e
0000053d fffd                 CLRWDT
0000053e ffef                 RET
0000053f                      _G3:
0000053f defe                 MOVIA 0x1
00000540 ff38                 MOVAR 0x47
00000541 defa                 MOVIA 0x5
00000542 d2d5                 LCALL 0x52a; _showNub=0x52a
00000543 ffef                 RET
00000544                      _F3:
00000544 def9                 MOVIA 0x6
00000545 ff38                 MOVAR 0x47
00000546 defb                 MOVIA 0x4
00000547 d2d5                 LCALL 0x52a; _showNub=0x52a
00000548 ffef                 RET
00000549                      _E3:
00000549 defa                 MOVIA 0x5
0000054a ff38                 MOVAR 0x47
0000054b defb                 MOVIA 0x4
0000054c d2d5                 LCALL 0x52a; _showNub=0x52a
0000054d ffef                 RET
0000054e                      _D3:
0000054e defc                 MOVIA 0x3
0000054f ff38                 MOVAR 0x47
00000550 defb                 MOVIA 0x4
00000551 d2d5                 LCALL 0x52a; _showNub=0x52a
00000552 ffef                 RET
00000553                      _C3:
00000553 defd                 MOVIA 0x2
00000554 ff38                 MOVAR 0x47
00000555 defb                 MOVIA 0x4
00000556 d2d5                 LCALL 0x52a; _showNub=0x52a
00000557 ffef                 RET
00000558                      _B3:
00000558 defe                 MOVIA 0x1
00000559 ff38                 MOVAR 0x47
0000055a defb                 MOVIA 0x4
0000055b d2d5                 LCALL 0x52a; _showNub=0x52a
0000055c ffef                 RET
0000055d                      _A3:
0000055d def9                 MOVIA 0x6
0000055e ff38                 MOVAR 0x47
0000055f defc                 MOVIA 0x3
00000560 d2d5                 LCALL 0x52a; _showNub=0x52a
00000561 ffef                 RET
00000562                      _G2:
00000562 defa                 MOVIA 0x5
00000563 ff38                 MOVAR 0x47
00000564 defc                 MOVIA 0x3
00000565 d2d5                 LCALL 0x52a; _showNub=0x52a
00000566 ffef                 RET
00000567                      _F2:
00000567 defb                 MOVIA 0x4
00000568 ff38                 MOVAR 0x47
00000569 defc                 MOVIA 0x3
0000056a d2d5                 LCALL 0x52a; _showNub=0x52a
0000056b ffef                 RET
0000056c                      _E2:
0000056c defd                 MOVIA 0x2
0000056d ff38                 MOVAR 0x47
0000056e defc                 MOVIA 0x3
0000056f d2d5                 LCALL 0x52a; _showNub=0x52a
00000570 ffef                 RET
00000571                      _D2:
00000571 defe                 MOVIA 0x1
00000572 ff38                 MOVAR 0x47
00000573 defc                 MOVIA 0x3
00000574 d2d5                 LCALL 0x52a; _showNub=0x52a
00000575 ffef                 RET
00000576                      _C2:
00000576 def9                 MOVIA 0x6
00000577 ff38                 MOVAR 0x47
00000578 defd                 MOVIA 0x2
00000579 d2d5                 LCALL 0x52a; _showNub=0x52a
0000057a ffef                 RET
0000057b                      _B2:
0000057b defa                 MOVIA 0x5
0000057c ff38                 MOVAR 0x47
0000057d defd                 MOVIA 0x2
0000057e d2d5                 LCALL 0x52a; _showNub=0x52a
0000057f ffef                 RET
00000580                      _A2:
00000580 defb                 MOVIA 0x4
00000581 ff38                 MOVAR 0x47
00000582 defd                 MOVIA 0x2
00000583 d2d5                 LCALL 0x52a; _showNub=0x52a
00000584 ffef                 RET
00000585                      _G1:
00000585 defc                 MOVIA 0x3
00000586 ff38                 MOVAR 0x47
00000587 defd                 MOVIA 0x2
00000588 d2d5                 LCALL 0x52a; _showNub=0x52a
00000589 ffef                 RET
0000058a                      _F1:
0000058a defe                 MOVIA 0x1
0000058b ff38                 MOVAR 0x47
0000058c defd                 MOVIA 0x2
0000058d d2d5                 LCALL 0x52a; _showNub=0x52a
0000058e ffef                 RET
0000058f                      _E1:
0000058f def9                 MOVIA 0x6
00000590 ff38                 MOVAR 0x47
00000591 defe                 MOVIA 0x1
00000592 d2d5                 LCALL 0x52a; _showNub=0x52a
00000593 ffef                 RET
00000594                      _D1:
00000594 defa                 MOVIA 0x5
00000595 ff38                 MOVAR 0x47
00000596 defe                 MOVIA 0x1
00000597 d2d5                 LCALL 0x52a; _showNub=0x52a
00000598 ffef                 RET
00000599                      _C1:
00000599 defb                 MOVIA 0x4
0000059a ff38                 MOVAR 0x47
0000059b defe                 MOVIA 0x1
0000059c d2d5                 LCALL 0x52a; _showNub=0x52a
0000059d ffef                 RET
0000059e                      _B1:
0000059e defc                 MOVIA 0x3
0000059f ff38                 MOVAR 0x47
000005a0 defe                 MOVIA 0x1
000005a1 d2d5                 LCALL 0x52a; _showNub=0x52a
000005a2 ffef                 RET
000005a3                      _A1:
000005a3 defd                 MOVIA 0x2
000005a4 ff38                 MOVAR 0x47
000005a5 defe                 MOVIA 0x1
000005a6 d2d5                 LCALL 0x52a; _showNub=0x52a
000005a7 ffef                 RET
000005a8                      _showNubBaiwei2:
000005a8 e0fc                 BCR 0x3, 0x6
000005a9 ff34                 MOVAR 0x4b
000005aa def8                 MOVIA 0x7
000005ab fbb4                 SUBAR 0x4b, 0x0
000005ac f3fc                 BTRSC 0x3, 0x0
000005ad c236                 LGOTO 0x5c9; number.o:_00229_DS_=0x5c9
000005ae defa                 MOVIA 0x5
000005af ff75                 MOVAR 0xa
000005b0 feb4                 MOVR 0x4b, 0x0
000005b1 da4a                 ADDIA 0xb5
000005b2 f3fc                 BTRSC 0x3, 0x0
000005b3 fa75                 INCR 0xa, 0x1
000005b4 ff7d                 MOVAR 0x2
000005b5                      number.o:_00235_DS_:
000005b5 c243                 LGOTO 0x5bc; number.o:_00221_DS_=0x5bc
000005b6 c241                 LGOTO 0x5be; number.o:_00222_DS_=0x5be
000005b7 c23f                 LGOTO 0x5c0; number.o:_00223_DS_=0x5c0
000005b8 c23d                 LGOTO 0x5c2; number.o:_00224_DS_=0x5c2
000005b9 c23b                 LGOTO 0x5c4; number.o:_00225_DS_=0x5c4
000005ba c239                 LGOTO 0x5c6; number.o:_00226_DS_=0x5c6
000005bb c237                 LGOTO 0x5c8; number.o:_00227_DS_=0x5c8
000005bc                      number.o:_00221_DS_:
000005bc d25c                 LCALL 0x5a3; _A1=0x5a3
000005bd c236                 LGOTO 0x5c9; number.o:_00229_DS_=0x5c9
000005be                      number.o:_00222_DS_:
000005be d261                 LCALL 0x59e; _B1=0x59e
000005bf c236                 LGOTO 0x5c9; number.o:_00229_DS_=0x5c9
000005c0                      number.o:_00223_DS_:
000005c0 d266                 LCALL 0x599; _C1=0x599
000005c1 c236                 LGOTO 0x5c9; number.o:_00229_DS_=0x5c9
000005c2                      number.o:_00224_DS_:
000005c2 d26b                 LCALL 0x594; _D1=0x594
000005c3 c236                 LGOTO 0x5c9; number.o:_00229_DS_=0x5c9
000005c4                      number.o:_00225_DS_:
000005c4 d270                 LCALL 0x58f; _E1=0x58f
000005c5 c236                 LGOTO 0x5c9; number.o:_00229_DS_=0x5c9
000005c6                      number.o:_00226_DS_:
000005c6 d275                 LCALL 0x58a; _F1=0x58a
000005c7 c236                 LGOTO 0x5c9; number.o:_00229_DS_=0x5c9
000005c8                      number.o:_00227_DS_:
000005c8 d27a                 LCALL 0x585; _G1=0x585
000005c9                      number.o:_00229_DS_:
000005c9 ffef                 RET
000005ca                      _showNubBaiwei:
000005ca e0fc                 BCR 0x3, 0x6
000005cb ff37                 MOVAR 0x48
000005cc fd36                 CLRR 0x49
000005cd                      number.o:_00200_DS_:
000005cd def8                 MOVIA 0x7
000005ce e0fc                 BCR 0x3, 0x6
000005cf fbb6                 SUBAR 0x49, 0x0
000005d0 f3fc                 BTRSC 0x3, 0x0
000005d1 c218                 LGOTO 0x5e7; number.o:_00202_DS_=0x5e7
000005d2 feb7                 MOVR 0x48, 0x0
000005d3 ff35                 MOVAR 0x4a
000005d4 feb6                 MOVR 0x49, 0x0
000005d5 d8ff                 SUBIA 0x0
000005d6 f2fc                 BTRSC 0x3, 0x2
000005d7 c222                 LGOTO 0x5dd; number.o:_00216_DS_=0x5dd
000005d8                      number.o:_00215_DS_:
000005d8 e0fc                 BCR 0x3, 0x6
000005d9 ec35                 RRR 0x4a, 0x1
000005da dafe                 ADDIA 0x1
000005db f7fc                 BTRSS 0x3, 0x0
000005dc c227                 LGOTO 0x5d8; number.o:_00215_DS_=0x5d8
000005dd                      number.o:_00216_DS_:
000005dd e0fc                 BCR 0x3, 0x6
000005de f7b5                 BTRSS 0x4a, 0x0
000005df c21c                 LGOTO 0x5e3; number.o:_00196_DS_=0x5e3
000005e0 feb6                 MOVR 0x49, 0x0
000005e1 d257                 LCALL 0x5a8; _showNubBaiwei2=0x5a8
000005e2 c21b                 LGOTO 0x5e4; number.o:_00201_DS_=0x5e4
000005e3                      number.o:_00196_DS_:
000005e3 d375                 LCALL 0x48a; _setInput=0x48a
000005e4                      number.o:_00201_DS_:
000005e4 e0fc                 BCR 0x3, 0x6
000005e5 fa36                 INCR 0x49, 0x1
000005e6 c232                 LGOTO 0x5cd; number.o:_00200_DS_=0x5cd
000005e7                      number.o:_00202_DS_:
000005e7 ffef                 RET
000005e8                      _showNubGewei2:
000005e8 e0fc                 BCR 0x3, 0x6
000005e9 ff40                 MOVAR 0x3f
000005ea def8                 MOVIA 0x7
000005eb fbc0                 SUBAR 0x3f, 0x0
000005ec f3fc                 BTRSC 0x3, 0x0
000005ed c1f6                 LGOTO 0x609; number.o:_00184_DS_=0x609
000005ee defa                 MOVIA 0x5
000005ef ff75                 MOVAR 0xa
000005f0 fec0                 MOVR 0x3f, 0x0
000005f1 da0a                 ADDIA 0xf5
000005f2 f3fc                 BTRSC 0x3, 0x0
000005f3 fa75                 INCR 0xa, 0x1
000005f4 ff7d                 MOVAR 0x2
000005f5                      number.o:_00190_DS_:
000005f5 c203                 LGOTO 0x5fc; number.o:_00176_DS_=0x5fc
000005f6 c201                 LGOTO 0x5fe; number.o:_00177_DS_=0x5fe
000005f7 c1ff                 LGOTO 0x600; number.o:_00178_DS_=0x600
000005f8 c1fd                 LGOTO 0x602; number.o:_00179_DS_=0x602
000005f9 c1fb                 LGOTO 0x604; number.o:_00180_DS_=0x604
000005fa c1f9                 LGOTO 0x606; number.o:_00181_DS_=0x606
000005fb c1f7                 LGOTO 0x608; number.o:_00182_DS_=0x608
000005fc                      number.o:_00176_DS_:
000005fc d2a2                 LCALL 0x55d; _A3=0x55d
000005fd c1f6                 LGOTO 0x609; number.o:_00184_DS_=0x609
000005fe                      number.o:_00177_DS_:
000005fe d2a7                 LCALL 0x558; _B3=0x558
000005ff c1f6                 LGOTO 0x609; number.o:_00184_DS_=0x609
00000600                      number.o:_00178_DS_:
00000600 d2ac                 LCALL 0x553; _C3=0x553
00000601 c1f6                 LGOTO 0x609; number.o:_00184_DS_=0x609
00000602                      number.o:_00179_DS_:
00000602 d2b1                 LCALL 0x54e; _D3=0x54e
00000603 c1f6                 LGOTO 0x609; number.o:_00184_DS_=0x609
00000604                      number.o:_00180_DS_:
00000604 d2b6                 LCALL 0x549; _E3=0x549
00000605 c1f6                 LGOTO 0x609; number.o:_00184_DS_=0x609
00000606                      number.o:_00181_DS_:
00000606 d2bb                 LCALL 0x544; _F3=0x544
00000607 c1f6                 LGOTO 0x609; number.o:_00184_DS_=0x609
00000608                      number.o:_00182_DS_:
00000608 d2c0                 LCALL 0x53f; _G3=0x53f
00000609                      number.o:_00184_DS_:
00000609 ffef                 RET
0000060a                      _showNubGewei:
0000060a e0fc                 BCR 0x3, 0x6
0000060b ff43                 MOVAR 0x3c
0000060c fd42                 CLRR 0x3d
0000060d                      number.o:_00155_DS_:
0000060d def8                 MOVIA 0x7
0000060e e0fc                 BCR 0x3, 0x6
0000060f fbc2                 SUBAR 0x3d, 0x0
00000610 f3fc                 BTRSC 0x3, 0x0
00000611 c1d8                 LGOTO 0x627; number.o:_00157_DS_=0x627
00000612 fec3                 MOVR 0x3c, 0x0
00000613 ff41                 MOVAR 0x3e
00000614 fec2                 MOVR 0x3d, 0x0
00000615 d8ff                 SUBIA 0x0
00000616 f2fc                 BTRSC 0x3, 0x2
00000617 c1e2                 LGOTO 0x61d; number.o:_00171_DS_=0x61d
00000618                      number.o:_00170_DS_:
00000618 e0fc                 BCR 0x3, 0x6
00000619 ec41                 RRR 0x3e, 0x1
0000061a dafe                 ADDIA 0x1
0000061b f7fc                 BTRSS 0x3, 0x0
0000061c c1e7                 LGOTO 0x618; number.o:_00170_DS_=0x618
0000061d                      number.o:_00171_DS_:
0000061d e0fc                 BCR 0x3, 0x6
0000061e f7c1                 BTRSS 0x3e, 0x0
0000061f c1dc                 LGOTO 0x623; number.o:_00151_DS_=0x623
00000620 fec2                 MOVR 0x3d, 0x0
00000621 d217                 LCALL 0x5e8; _showNubGewei2=0x5e8
00000622 c1db                 LGOTO 0x624; number.o:_00156_DS_=0x624
00000623                      number.o:_00151_DS_:
00000623 d375                 LCALL 0x48a; _setInput=0x48a
00000624                      number.o:_00156_DS_:
00000624 e0fc                 BCR 0x3, 0x6
00000625 fa42                 INCR 0x3d, 0x1
00000626 c1f2                 LGOTO 0x60d; number.o:_00155_DS_=0x60d
00000627                      number.o:_00157_DS_:
00000627 ffef                 RET
00000628                      _showNubShiwei2:
00000628 e0fc                 BCR 0x3, 0x6
00000629 ff44                 MOVAR 0x3b
0000062a def8                 MOVIA 0x7
0000062b fbc4                 SUBAR 0x3b, 0x0
0000062c f3fc                 BTRSC 0x3, 0x0
0000062d c1b6                 LGOTO 0x649; number.o:_00139_DS_=0x649
0000062e def9                 MOVIA 0x6
0000062f ff75                 MOVAR 0xa
00000630 fec4                 MOVR 0x3b, 0x0
00000631 daca                 ADDIA 0x35
00000632 f3fc                 BTRSC 0x3, 0x0
00000633 fa75                 INCR 0xa, 0x1
00000634 ff7d                 MOVAR 0x2
00000635                      number.o:_00145_DS_:
00000635 c1c3                 LGOTO 0x63c; number.o:_00131_DS_=0x63c
00000636 c1c1                 LGOTO 0x63e; number.o:_00132_DS_=0x63e
00000637 c1bf                 LGOTO 0x640; number.o:_00133_DS_=0x640
00000638 c1bd                 LGOTO 0x642; number.o:_00134_DS_=0x642
00000639 c1bb                 LGOTO 0x644; number.o:_00135_DS_=0x644
0000063a c1b9                 LGOTO 0x646; number.o:_00136_DS_=0x646
0000063b c1b7                 LGOTO 0x648; number.o:_00137_DS_=0x648
0000063c                      number.o:_00131_DS_:
0000063c d27f                 LCALL 0x580; _A2=0x580
0000063d c1b6                 LGOTO 0x649; number.o:_00139_DS_=0x649
0000063e                      number.o:_00132_DS_:
0000063e d284                 LCALL 0x57b; _B2=0x57b
0000063f c1b6                 LGOTO 0x649; number.o:_00139_DS_=0x649
00000640                      number.o:_00133_DS_:
00000640 d289                 LCALL 0x576; _C2=0x576
00000641 c1b6                 LGOTO 0x649; number.o:_00139_DS_=0x649
00000642                      number.o:_00134_DS_:
00000642 d28e                 LCALL 0x571; _D2=0x571
00000643 c1b6                 LGOTO 0x649; number.o:_00139_DS_=0x649
00000644                      number.o:_00135_DS_:
00000644 d293                 LCALL 0x56c; _E2=0x56c
00000645 c1b6                 LGOTO 0x649; number.o:_00139_DS_=0x649
00000646                      number.o:_00136_DS_:
00000646 d298                 LCALL 0x567; _F2=0x567
00000647 c1b6                 LGOTO 0x649; number.o:_00139_DS_=0x649
00000648                      number.o:_00137_DS_:
00000648 d29d                 LCALL 0x562; _G2=0x562
00000649                      number.o:_00139_DS_:
00000649 ffef                 RET
0000064a                      _showNubShiwei:
0000064a e0fc                 BCR 0x3, 0x6
0000064b ff47                 MOVAR 0x38
0000064c fd46                 CLRR 0x39
0000064d                      number.o:_00110_DS_:
0000064d def8                 MOVIA 0x7
0000064e e0fc                 BCR 0x3, 0x6
0000064f fbc6                 SUBAR 0x39, 0x0
00000650 f3fc                 BTRSC 0x3, 0x0
00000651 c198                 LGOTO 0x667; number.o:_00112_DS_=0x667
00000652 fec7                 MOVR 0x38, 0x0
00000653 ff45                 MOVAR 0x3a
00000654 fec6                 MOVR 0x39, 0x0
00000655 d8ff                 SUBIA 0x0
00000656 f2fc                 BTRSC 0x3, 0x2
00000657 c1a2                 LGOTO 0x65d; number.o:_00126_DS_=0x65d
00000658                      number.o:_00125_DS_:
00000658 e0fc                 BCR 0x3, 0x6
00000659 ec45                 RRR 0x3a, 0x1
0000065a dafe                 ADDIA 0x1
0000065b f7fc                 BTRSS 0x3, 0x0
0000065c c1a7                 LGOTO 0x658; number.o:_00125_DS_=0x658
0000065d                      number.o:_00126_DS_:
0000065d e0fc                 BCR 0x3, 0x6
0000065e f7c5                 BTRSS 0x3a, 0x0
0000065f c19c                 LGOTO 0x663; number.o:_00106_DS_=0x663
00000660 fec6                 MOVR 0x39, 0x0
00000661 d1d7                 LCALL 0x628; _showNubShiwei2=0x628
00000662 c19b                 LGOTO 0x664; number.o:_00111_DS_=0x664
00000663                      number.o:_00106_DS_:
00000663 d375                 LCALL 0x48a; _setInput=0x48a
00000664                      number.o:_00111_DS_:
00000664 e0fc                 BCR 0x3, 0x6
00000665 fa46                 INCR 0x39, 0x1
00000666 c1b2                 LGOTO 0x64d; number.o:_00110_DS_=0x64d
00000667                      number.o:_00112_DS_:
00000667 ffef                 RET
00000668                      __divuchar:
00000668 e0fc                 BCR 0x3, 0x6
00000669 ff2b                 MOVAR 0x54
0000066a feb8                 MOVR 0x47, 0x0
0000066b ff2a                 MOVAR 0x55
0000066c fd29                 CLRR 0x56
0000066d defe                 MOVIA 0x1
0000066e ff28                 MOVAR 0x57
0000066f feaa                 MOVR 0x55, 0x0
00000670 f6fc                 BTRSS 0x3, 0x2
00000671 c18b                 LGOTO 0x674; _divuchar.o:_00107_DS_=0x674
00000672 de00                 MOVIA 0xff
00000673 c16f                 LGOTO 0x690; _divuchar.o:_00115_DS_=0x690
00000674                      _divuchar.o:_00107_DS_:
00000674 e0fc                 BCR 0x3, 0x6
00000675 f02a                 BTRSC 0x55, 0x7
00000676 c183                 LGOTO 0x67c; _divuchar.o:_00112_DS_=0x67c
00000677 e3fc                 BCR 0x3, 0x0
00000678 eb2a                 RLR 0x55, 0x1
00000679 e3fc                 BCR 0x3, 0x0
0000067a eb28                 RLR 0x57, 0x1
0000067b c18b                 LGOTO 0x674; _divuchar.o:_00107_DS_=0x674
0000067c                      _divuchar.o:_00112_DS_:
0000067c e0fc                 BCR 0x3, 0x6
0000067d fea8                 MOVR 0x57, 0x0
0000067e f2fc                 BTRSC 0x3, 0x2
0000067f c171                 LGOTO 0x68e; _divuchar.o:_00114_DS_=0x68e
00000680 feaa                 MOVR 0x55, 0x0
00000681 fbab                 SUBAR 0x54, 0x0
00000682 f7fc                 BTRSS 0x3, 0x0
00000683 c177                 LGOTO 0x688; _divuchar.o:_00111_DS_=0x688
00000684 fea8                 MOVR 0x57, 0x0
00000685 fc29                 ADDAR 0x56, 0x1
00000686 feaa                 MOVR 0x55, 0x0
00000687 fb2b                 SUBAR 0x54, 0x1
00000688                      _divuchar.o:_00111_DS_:
00000688 e3fc                 BCR 0x3, 0x0
00000689 e0fc                 BCR 0x3, 0x6
0000068a ec2a                 RRR 0x55, 0x1
0000068b e3fc                 BCR 0x3, 0x0
0000068c ec28                 RRR 0x57, 0x1
0000068d c183                 LGOTO 0x67c; _divuchar.o:_00112_DS_=0x67c
0000068e                      _divuchar.o:_00114_DS_:
0000068e e0fc                 BCR 0x3, 0x6
0000068f fea9                 MOVR 0x56, 0x0
00000690                      _divuchar.o:_00115_DS_:
00000690 ffef                 RET
00000691                      __moduchar:
00000691 e0fc                 BCR 0x3, 0x6
00000692 ff27                 MOVAR 0x58
00000693 feb8                 MOVR 0x47, 0x0
00000694 ff26                 MOVAR 0x59
00000695 f6fc                 BTRSS 0x3, 0x2
00000696 c166                 LGOTO 0x699; _moduchar.o:_00119_DS_=0x699
00000697 de00                 MOVIA 0xff
00000698 c14b                 LGOTO 0x6b4; _moduchar.o:_00115_DS_=0x6b4
00000699                      _moduchar.o:_00119_DS_:
00000699 defe                 MOVIA 0x1
0000069a e0fc                 BCR 0x3, 0x6
0000069b ff25                 MOVAR 0x5a
0000069c                      _moduchar.o:_00107_DS_:
0000069c e0fc                 BCR 0x3, 0x6
0000069d f026                 BTRSC 0x59, 0x7
0000069e c15c                 LGOTO 0x6a3; _moduchar.o:_00112_DS_=0x6a3
0000069f e3fc                 BCR 0x3, 0x0
000006a0 eb26                 RLR 0x59, 0x1
000006a1 fa25                 INCR 0x5a, 0x1
000006a2 c163                 LGOTO 0x69c; _moduchar.o:_00107_DS_=0x69c
000006a3                      _moduchar.o:_00112_DS_:
000006a3 e0fc                 BCR 0x3, 0x6
000006a4 fea5                 MOVR 0x5a, 0x0
000006a5 f2fc                 BTRSC 0x3, 0x2
000006a6 c14d                 LGOTO 0x6b2; _moduchar.o:_00114_DS_=0x6b2
000006a7 fea6                 MOVR 0x59, 0x0
000006a8 fba7                 SUBAR 0x58, 0x0
000006a9 f7fc                 BTRSS 0x3, 0x0
000006aa c152                 LGOTO 0x6ad; _moduchar.o:_00111_DS_=0x6ad
000006ab fea6                 MOVR 0x59, 0x0
000006ac fb27                 SUBAR 0x58, 0x1
000006ad                      _moduchar.o:_00111_DS_:
000006ad e3fc                 BCR 0x3, 0x0
000006ae e0fc                 BCR 0x3, 0x6
000006af ec26                 RRR 0x59, 0x1
000006b0 f925                 DECR 0x5a, 0x1
000006b1 c15c                 LGOTO 0x6a3; _moduchar.o:_00112_DS_=0x6a3
000006b2                      _moduchar.o:_00114_DS_:
000006b2 e0fc                 BCR 0x3, 0x6
000006b3 fea7                 MOVR 0x58, 0x0
000006b4                      _moduchar.o:_00115_DS_:
000006b4 ffef                 RET
000006b5                      __moduint:
000006b5 e0fc                 BCR 0x3, 0x6
000006b6 ff23                 MOVAR 0x5c
000006b7 feb8                 MOVR 0x47, 0x0
000006b8 ff24                 MOVAR 0x5b
000006b9 feb9                 MOVR 0x46, 0x0
000006ba ff21                 MOVAR 0x5e
000006bb feba                 MOVR 0x45, 0x0
000006bc ff22                 MOVAR 0x5d
000006bd eea1                 IORAR 0x5e, 0x0
000006be f6fc                 BTRSS 0x3, 0x2
000006bf c13c                 LGOTO 0x6c3; _moduint.o:_00119_DS_=0x6c3
000006c0 de00                 MOVIA 0xff
000006c1 ff38                 MOVAR 0x47
000006c2 c112                 LGOTO 0x6ed; _moduint.o:_00115_DS_=0x6ed
000006c3                      _moduint.o:_00119_DS_:
000006c3 defe                 MOVIA 0x1
000006c4 e0fc                 BCR 0x3, 0x6
000006c5 ff20                 MOVAR 0x5f
000006c6                      _moduint.o:_00107_DS_:
000006c6 e0fc                 BCR 0x3, 0x6
000006c7 f021                 BTRSC 0x5e, 0x7
000006c8 c131                 LGOTO 0x6ce; _moduint.o:_00112_DS_=0x6ce
000006c9 e3fc                 BCR 0x3, 0x0
000006ca eb22                 RLR 0x5d, 0x1
000006cb eb21                 RLR 0x5e, 0x1
000006cc fa20                 INCR 0x5f, 0x1
000006cd c139                 LGOTO 0x6c6; _moduint.o:_00107_DS_=0x6c6
000006ce                      _moduint.o:_00112_DS_:
000006ce e0fc                 BCR 0x3, 0x6
000006cf fea0                 MOVR 0x5f, 0x0
000006d0 f2fc                 BTRSC 0x3, 0x2
000006d1 c116                 LGOTO 0x6e9; _moduint.o:_00114_DS_=0x6e9
000006d2 fea1                 MOVR 0x5e, 0x0
000006d3 fba3                 SUBAR 0x5c, 0x0
000006d4 f6fc                 BTRSS 0x3, 0x2
000006d5 c127                 LGOTO 0x6d8; _moduint.o:_00137_DS_=0x6d8
000006d6 fea2                 MOVR 0x5d, 0x0
000006d7 fba4                 SUBAR 0x5b, 0x0
000006d8                      _moduint.o:_00137_DS_:
000006d8 f7fc                 BTRSS 0x3, 0x0
000006d9 c11c                 LGOTO 0x6e3; _moduint.o:_00001_DS_=0x6e3
000006da e0fc                 BCR 0x3, 0x6
000006db fea2                 MOVR 0x5d, 0x0
000006dc fb24                 SUBAR 0x5b, 0x1
000006dd fea1                 MOVR 0x5e, 0x0
000006de f7fc                 BTRSS 0x3, 0x0
000006df faa1                 INCR 0x5e, 0x0
000006e0 f2fc                 BTRSC 0x3, 0x2
000006e1 c11c                 LGOTO 0x6e3; _moduint.o:_00001_DS_=0x6e3
000006e2 fb23                 SUBAR 0x5c, 0x1
000006e3                      _moduint.o:_00001_DS_:
000006e3 e3fc                 BCR 0x3, 0x0
000006e4 e0fc                 BCR 0x3, 0x6
000006e5 ec21                 RRR 0x5e, 0x1
000006e6 ec22                 RRR 0x5d, 0x1
000006e7 f920                 DECR 0x5f, 0x1
000006e8 c131                 LGOTO 0x6ce; _moduint.o:_00112_DS_=0x6ce
000006e9                      _moduint.o:_00114_DS_:
000006e9 e0fc                 BCR 0x3, 0x6
000006ea fea4                 MOVR 0x5b, 0x0
000006eb ff38                 MOVAR 0x47
000006ec fea3                 MOVR 0x5c, 0x0
000006ed                      _moduint.o:_00115_DS_:
000006ed ffef                 RET
000006ee                      __gptrget:
000006ee dbff                 XORIA 0x0
000006ef f2fc                 BTRSC 0x3, 0x2
000006f0 c10a                 LGOTO 0x6f5; _gptrget1.o:__dataptrget1=0x6f5
000006f1 db7f                 XORIA 0x80
000006f2 f2fc                 BTRSC 0x3, 0x2
000006f3 c103                 LGOTO 0x6fc; __codeptrget1=0x6fc
000006f4 dfff                 RETIA 0x0
000006f5                      _gptrget1.o:__dataptrget1:
000006f5 feb9                 MOVR 0x46, 0x0
000006f6 ff7b                 MOVAR 0x4
000006f7 e0fc                 BCR 0x3, 0x6
000006f8 f039                 BTRSC 0x46, 0x7
000006f9 e4fc                 BSR 0x3, 0x6
000006fa feff                 MOVR 0x0, 0x0
000006fb ffef                 RET
000006fc                      __codeptrget1:
000006fc feb8                 MOVR 0x47, 0x0
000006fd ffb8                 SFUN 0x7
000006fe feb9                 MOVR 0x46, 0x0
000006ff fdee                 TABLEA
00000700 ffef                 RET
00000701                      ___cinit_load__:
