00000000 c7fe                 LGOTO 0x1; __nyc_ny8_startup=0x1
00000001                      __nyc_ny8_startup:
00000001 d463                 LCALL 0x39c; ___cinit_load__=0x39c
00000002 c7a8                 LGOTO 0x57; _main=0x57
00000003                      main.o:_00507_DS_:
00000003 f56f                 BTRSS 0x10, 0x5
00000004 c7fc                 LGOTO 0x3; main.o:_00507_DS_=0x3
00000005 ffef                 RET
00000008 c7f6                 LGOTO 0x9; main.o:__sdcc_interrupt=0x9
00000009                      main.o:__sdcc_interrupt:
00000009 ff3d                 MOVAR 0x42
0000000a eafc                 SWAPR 0x3, 0x0
0000000b fd7c                 CLRR 0x3
0000000c ff3e                 MOVAR 0x41
0000000d fef5                 MOVR 0xa, 0x0
0000000e fd75                 CLRR 0xa
0000000f ff3f                 MOVAR 0x40
00000010 fefb                 MOVR 0x4, 0x0
00000011 e0fc                 BCR 0x3, 0x6
00000012 ff43                 MOVAR 0x3c
00000013 feba                 MOVR 0x45, 0x0
00000014 ff42                 MOVAR 0x3d
00000015 febb                 MOVR 0x44, 0x0
00000016 ff41                 MOVAR 0x3e
00000017 f7f0                 BTRSS 0xf, 0x0
00000018 c7bc                 LGOTO 0x43; main.o:_00119_DS_=0x43
00000019 dec8                 MOVIA 0x37
0000001a fc7e                 ADDAR 0x1, 0x1
0000001b fa39                 INCR 0x46, 0x1
0000001c de9b                 MOVIA 0x64
0000001d fbb9                 SUBAR 0x46, 0x0
0000001e f7fc                 BTRSS 0x3, 0x0
0000001f c7bc                 LGOTO 0x43; main.o:_00119_DS_=0x43
00000020 e7c0                 BSR 0x3f, 0x0
00000021 fd39                 CLRR 0x46
00000022 feb6                 MOVR 0x49, 0x0
00000023 f2fc                 BTRSC 0x3, 0x2
00000024 c7d7                 LGOTO 0x28; main.o:_00106_DS_=0x28
00000025 fa34                 INCR 0x4b, 0x1
00000026 f2fc                 BTRSC 0x3, 0x2
00000027 fa33                 INCR 0x4c, 0x1
00000028                      main.o:_00106_DS_:
00000028 e0fc                 BCR 0x3, 0x6
00000029 fa38                 INCR 0x47, 0x1
0000002a ded7                 MOVIA 0x28
0000002b fbb8                 SUBAR 0x47, 0x0
0000002c f3fc                 BTRSC 0x3, 0x0
0000002d fd38                 CLRR 0x47
0000002e fa2a                 INCR 0x55, 0x1
0000002f deeb                 MOVIA 0x14
00000030 fbaa                 SUBAR 0x55, 0x0
00000031 f3fc                 BTRSC 0x3, 0x0
00000032 fd2a                 CLRR 0x55
00000033 fa29                 INCR 0x56, 0x1
00000034 de9b                 MOVIA 0x64
00000035 fba9                 SUBAR 0x56, 0x0
00000036 f7fc                 BTRSS 0x3, 0x0
00000037                      ___cinit_size__:
00000037 c7bc                 LGOTO 0x43; main.o:_00119_DS_=0x43
00000038 fd29                 CLRR 0x56
00000039 feb6                 MOVR 0x49, 0x0
0000003a f2fc                 BTRSC 0x3, 0x2
0000003b c7bf                 LGOTO 0x40; main.o:_00112_DS_=0x40
0000003c fa28                 INCR 0x57, 0x1
0000003d f2fc                 BTRSC 0x3, 0x2
0000003e fa27                 INCR 0x58, 0x1
0000003f c7bc                 LGOTO 0x43; main.o:_00119_DS_=0x43
00000040                      main.o:_00112_DS_:
00000040 e0fc                 BCR 0x3, 0x6
00000041 fd28                 CLRR 0x57
00000042 fd27                 CLRR 0x58
00000043                      main.o:_00119_DS_:
00000043 f770                 BTRSS 0xf, 0x1
00000044 c7b8                 LGOTO 0x47; main.o:_00121_DS_=0x47
00000045 de02                 MOVIA 0xfd
00000046 ff70                 MOVAR 0xf
00000047                      main.o:_00121_DS_:
00000047 fd70                 CLRR 0xf
00000048 e0fc                 BCR 0x3, 0x6
00000049 fec1                 MOVR 0x3e, 0x0
0000004a ff3b                 MOVAR 0x44
0000004b fec2                 MOVR 0x3d, 0x0
0000004c ff3a                 MOVAR 0x45
0000004d fec3                 MOVR 0x3c, 0x0
0000004e ff7b                 MOVAR 0x4
0000004f febf                 MOVR 0x40, 0x0
00000050 ff75                 MOVAR 0xa
00000051 fd7c                 CLRR 0x3
00000052 eabe                 SWAPR 0x41, 0x0
00000053 ff7c                 MOVAR 0x3
00000054 ea3d                 SWAPR 0x42, 0x1
00000055 eabd                 SWAPR 0x42, 0x0
00000056                      main.o:END_OF_INTERRUPT:
00000056 ffee                 RETIE
00000057                      _main:
00000057 d4fb                 LCALL 0x304; _initSys=0x304
00000058 d5f4                 LCALL 0x20b; _initAD=0x20b
00000059                      main.o:_00148_DS_:
00000059 d52a                 LCALL 0x2d5; _ledShow=0x2d5
0000005a fffd                 CLRWDT
0000005b e0fc                 BCR 0x3, 0x6
0000005c f7c0                 BTRSS 0x3f, 0x0
0000005d c7a6                 LGOTO 0x59; main.o:_00148_DS_=0x59
0000005e e3c0                 BCR 0x3f, 0x0
0000005f d52a                 LCALL 0x2d5; _ledShow=0x2d5
00000060 e0fc                 BCR 0x3, 0x6
00000061 f640                 BTRSS 0x3f, 0x3
00000062 d4d5                 LCALL 0x32a; _keyCtr=0x32a
00000063 defa                 MOVIA 0x5
00000064 e0fc                 BCR 0x3, 0x6
00000065 fbaa                 SUBAR 0x55, 0x0
00000066 f3fc                 BTRSC 0x3, 0x0
00000067 c795                 LGOTO 0x6a; main.o:_00134_DS_=0x6a
00000068 d6c0                 LCALL 0x13f; _checkBatAD=0x13f
00000069 c78c                 LGOTO 0x73; main.o:_00135_DS_=0x73
0000006a                      main.o:_00134_DS_:
0000006a def4                 MOVIA 0xb
0000006b e0fc                 BCR 0x3, 0x6
0000006c fbaa                 SUBAR 0x55, 0x0
0000006d f7fc                 BTRSS 0x3, 0x0
0000006e c78c                 LGOTO 0x73; main.o:_00135_DS_=0x73
0000006f def0                 MOVIA 0xf
00000070 fbaa                 SUBAR 0x55, 0x0
00000071 f7fc                 BTRSS 0x3, 0x0
00000072 d710                 LCALL 0xef; _checkOutA=0xef
00000073                      main.o:_00135_DS_:
00000073 e0fc                 BCR 0x3, 0x6
00000074 feb6                 MOVR 0x49, 0x0
00000075 f2fc                 BTRSC 0x3, 0x2
00000076 c780                 LGOTO 0x7f; main.o:_00137_DS_=0x7f
00000077 fea2                 MOVR 0x5d, 0x0
00000078 fbb0                 SUBAR 0x4f, 0x0
00000079 f3fc                 BTRSC 0x3, 0x0
0000007a c780                 LGOTO 0x7f; main.o:_00137_DS_=0x7f
0000007b de09                 MOVIA 0xf6
0000007c fc22                 ADDAR 0x5d, 0x1
0000007d fea2                 MOVR 0x5d, 0x0
0000007e ffb3                 SFUN 0xc
0000007f                      main.o:_00137_DS_:
0000007f d5dd                 LCALL 0x222; _chrgCtr=0x222
00000080 e0fc                 BCR 0x3, 0x6
00000081 feb6                 MOVR 0x49, 0x0
00000082 f6fc                 BTRSS 0x3, 0x2
00000083 c76a                 LGOTO 0x95; main.o:_00142_DS_=0x95
00000084 feb7                 MOVR 0x48, 0x0
00000085 f6fc                 BTRSS 0x3, 0x2
00000086 c76a                 LGOTO 0x95; main.o:_00142_DS_=0x95
00000087 f379                 BTRSC 0x6, 0x1
00000088 c76a                 LGOTO 0x95; main.o:_00142_DS_=0x95
00000089 fa2c                 INCR 0x53, 0x1
0000008a f2fc                 BTRSC 0x3, 0x2
0000008b fa2b                 INCR 0x54, 0x1
0000008c defe                 MOVIA 0x1
0000008d fbab                 SUBAR 0x54, 0x0
0000008e f6fc                 BTRSS 0x3, 0x2
0000008f c76d                 LGOTO 0x92; main.o:_00195_DS_=0x92
00000090 de6e                 MOVIA 0x91
00000091 fbac                 SUBAR 0x53, 0x0
00000092                      main.o:_00195_DS_:
00000092 f7fc                 BTRSS 0x3, 0x0
00000093 c76a                 LGOTO 0x95; main.o:_00142_DS_=0x95
00000094 d593                 LCALL 0x26c; _gotoSleep=0x26c
00000095                      main.o:_00142_DS_:
00000095 defc                 MOVIA 0x3
00000096 e0fc                 BCR 0x3, 0x6
00000097 fba7                 SUBAR 0x58, 0x0
00000098 f6fc                 BTRSS 0x3, 0x2
00000099 c763                 LGOTO 0x9c; main.o:_00196_DS_=0x9c
0000009a de7b                 MOVIA 0x84
0000009b fba8                 SUBAR 0x57, 0x0
0000009c                      main.o:_00196_DS_:
0000009c f7fc                 BTRSS 0x3, 0x0
0000009d c7a6                 LGOTO 0x59; main.o:_00148_DS_=0x59
0000009e d4de                 LCALL 0x321; _powerOff=0x321
0000009f c7a6                 LGOTO 0x59; main.o:_00148_DS_=0x59
000000a0 ffef                 RET
000000a1                      _F_AIN3_Convert:
000000a1 e0fc                 BCR 0x3, 0x6
000000a2 ff47                 MOVAR 0x38
000000a3 fd5a                 CLRR 0x25
000000a4 fd5c                 CLRR 0x23
000000a5 fd5b                 CLRR 0x24
000000a6 de6c                 MOVIA 0x93
000000a7 ff6f                 MOVAR 0x10
000000a8 de37                 MOVIA 0xc8
000000a9 d5e9                 LCALL 0x216; _delay=0x216
000000aa defe                 MOVIA 0x1
000000ab e0fc                 BCR 0x3, 0x6
000000ac ff46                 MOVAR 0x39
000000ad                      main.o:_00500_DS_:
000000ad e0fc                 BCR 0x3, 0x6
000000ae fec6                 MOVR 0x39, 0x0
000000af fbc7                 SUBAR 0x38, 0x0
000000b0 f7fc                 BTRSS 0x3, 0x0
000000b1 c738                 LGOTO 0xc7; main.o:_00502_DS_=0xc7
000000b2 e4ef                 BSR 0x10, 0x6
000000b3 d7fc                 LCALL 0x3; main.o:_00507_DS_=0x3
000000b4 def0                 MOVIA 0xf
000000b5 efee                 ANDAR 0x11, 0x0
000000b6 e0fc                 BCR 0x3, 0x6
000000b7 fc5a                 ADDAR 0x25, 0x1
000000b8 feed                 MOVR 0x12, 0x0
000000b9 ff45                 MOVAR 0x3a
000000ba deff                 MOVIA 0x0
000000bb ff44                 MOVAR 0x3b
000000bc fec5                 MOVR 0x3a, 0x0
000000bd fc5c                 ADDAR 0x23, 0x1
000000be fec4                 MOVR 0x3b, 0x0
000000bf f3fc                 BTRSC 0x3, 0x0
000000c0 fac4                 INCR 0x3b, 0x0
000000c1 f2fc                 BTRSC 0x3, 0x2
000000c2 c73b                 LGOTO 0xc4; main.o:_00001_DS_=0xc4
000000c3 fc5b                 ADDAR 0x24, 0x1
000000c4                      main.o:_00001_DS_:
000000c4 e0fc                 BCR 0x3, 0x6
000000c5 fa46                 INCR 0x39, 0x1
000000c6 c752                 LGOTO 0xad; main.o:_00500_DS_=0xad
000000c7                      main.o:_00502_DS_:
000000c7 ffef                 RET
000000c8                      _F_AIN4_Convert:
000000c8 e0fc                 BCR 0x3, 0x6
000000c9 ff4b                 MOVAR 0x34
000000ca fd5d                 CLRR 0x22
000000cb fd5f                 CLRR 0x20
000000cc fd5e                 CLRR 0x21
000000cd de6b                 MOVIA 0x94
000000ce ff6f                 MOVAR 0x10
000000cf de37                 MOVIA 0xc8
000000d0 d5e9                 LCALL 0x216; _delay=0x216
000000d1 defe                 MOVIA 0x1
000000d2 e0fc                 BCR 0x3, 0x6
000000d3 ff4a                 MOVAR 0x35
000000d4                      main.o:_00491_DS_:
000000d4 e0fc                 BCR 0x3, 0x6
000000d5 feca                 MOVR 0x35, 0x0
000000d6 fbcb                 SUBAR 0x34, 0x0
000000d7 f7fc                 BTRSS 0x3, 0x0
000000d8 c711                 LGOTO 0xee; main.o:_00493_DS_=0xee
000000d9 e4ef                 BSR 0x10, 0x6
000000da d7fc                 LCALL 0x3; main.o:_00507_DS_=0x3
000000db def0                 MOVIA 0xf
000000dc efee                 ANDAR 0x11, 0x0
000000dd e0fc                 BCR 0x3, 0x6
000000de fc5d                 ADDAR 0x22, 0x1
000000df feed                 MOVR 0x12, 0x0
000000e0 ff49                 MOVAR 0x36
000000e1 deff                 MOVIA 0x0
000000e2 ff48                 MOVAR 0x37
000000e3 fec9                 MOVR 0x36, 0x0
000000e4 fc5f                 ADDAR 0x20, 0x1
000000e5 fec8                 MOVR 0x37, 0x0
000000e6 f3fc                 BTRSC 0x3, 0x0
000000e7 fac8                 INCR 0x37, 0x0
000000e8 f2fc                 BTRSC 0x3, 0x2
000000e9 c714                 LGOTO 0xeb; main.o:_00002_DS_=0xeb
000000ea fc5e                 ADDAR 0x21, 0x1
000000eb                      main.o:_00002_DS_:
000000eb e0fc                 BCR 0x3, 0x6
000000ec fa4a                 INCR 0x35, 0x1
000000ed c72b                 LGOTO 0xd4; main.o:_00491_DS_=0xd4
000000ee                      main.o:_00493_DS_:
000000ee ffef                 RET
000000ef                      _checkOutA:
000000ef e0fc                 BCR 0x3, 0x6
000000f0 fd5a                 CLRR 0x25
000000f1 fd5c                 CLRR 0x23
000000f2 fd5b                 CLRR 0x24
000000f3 def7                 MOVIA 0x8
000000f4 d75e                 LCALL 0xa1; _F_AIN3_Convert=0xa1
000000f5 e0fc                 BCR 0x3, 0x6
000000f6 eadb                 SWAPR 0x24, 0x0
000000f7 dd0f                 ANDIA 0xf0
000000f8 ff5b                 MOVAR 0x24
000000f9 eadc                 SWAPR 0x23, 0x0
000000fa ff5c                 MOVAR 0x23
000000fb ddf0                 ANDIA 0xf
000000fc ee5b                 IORAR 0x24, 0x1
000000fd ed5c                 XORAR 0x23, 0x1
000000fe de0f                 MOVIA 0xf0
000000ff ef5a                 ANDAR 0x25, 0x1
00000100 fedd                 MOVR 0x22, 0x0
00000101 ff4d                 MOVAR 0x32
00000102 deff                 MOVIA 0x0
00000103 ff4c                 MOVAR 0x33
00000104 fecd                 MOVR 0x32, 0x0
00000105 fc5c                 ADDAR 0x23, 0x1
00000106 fecc                 MOVR 0x33, 0x0
00000107 f3fc                 BTRSC 0x3, 0x0
00000108 facc                 INCR 0x33, 0x0
00000109 f2fc                 BTRSC 0x3, 0x2
0000010a c6f3                 LGOTO 0x10c; main.o:_00003_DS_=0x10c
0000010b fc5b                 ADDAR 0x24, 0x1
0000010c                      main.o:_00003_DS_:
0000010c e3fc                 BCR 0x3, 0x0
0000010d e0fc                 BCR 0x3, 0x6
0000010e ec5b                 RRR 0x24, 0x1
0000010f ec5c                 RRR 0x23, 0x1
00000110 e3fc                 BCR 0x3, 0x0
00000111 ec5b                 RRR 0x24, 0x1
00000112 ec5c                 RRR 0x23, 0x1
00000113 e3fc                 BCR 0x3, 0x0
00000114 ec5b                 RRR 0x24, 0x1
00000115 ec5c                 RRR 0x23, 0x1
00000116 fea4                 MOVR 0x5b, 0x0
00000117 f2fc                 BTRSC 0x3, 0x2
00000118 c6e2                 LGOTO 0x11d; main.o:_00457_DS_=0x11d
00000119 ded2                 MOVIA 0x2d
0000011a ff5c                 MOVAR 0x23
0000011b defe                 MOVIA 0x1
0000011c ff5b                 MOVAR 0x24
0000011d                      main.o:_00457_DS_:
0000011d defd                 MOVIA 0x2
0000011e e0fc                 BCR 0x3, 0x6
0000011f fbdb                 SUBAR 0x24, 0x0
00000120 f6fc                 BTRSS 0x3, 0x2
00000121 c6db                 LGOTO 0x124; main.o:_00484_DS_=0x124
00000122 de7e                 MOVIA 0x81
00000123 fbdc                 SUBAR 0x23, 0x0
00000124                      main.o:_00484_DS_:
00000124 f7fc                 BTRSS 0x3, 0x0
00000125 c6ce                 LGOTO 0x131; main.o:_00465_DS_=0x131
00000126 e0fc                 BCR 0x3, 0x6
00000127 fa25                 INCR 0x5a, 0x1
00000128 def4                 MOVIA 0xb
00000129 fba5                 SUBAR 0x5a, 0x0
0000012a f7fc                 BTRSS 0x3, 0x0
0000012b c6c1                 LGOTO 0x13e; main.o:_00467_DS_=0x13e
0000012c def5                 MOVIA 0xa
0000012d ff25                 MOVAR 0x5a
0000012e de7f                 MOVIA 0x80
0000012f ffb3                 SFUN 0xc
00000130 c6c1                 LGOTO 0x13e; main.o:_00467_DS_=0x13e
00000131                      main.o:_00465_DS_:
00000131 e0fc                 BCR 0x3, 0x6
00000132 fea5                 MOVR 0x5a, 0x0
00000133 f2fc                 BTRSC 0x3, 0x2
00000134 c6c7                 LGOTO 0x138; main.o:_00461_DS_=0x138
00000135 f925                 DECR 0x5a, 0x1
00000136 feb0                 MOVR 0x4f, 0x0
00000137 ffb3                 SFUN 0xc
00000138                      main.o:_00461_DS_:
00000138 e0fc                 BCR 0x3, 0x6
00000139 feb6                 MOVR 0x49, 0x0
0000013a f2fc                 BTRSC 0x3, 0x2
0000013b c6c1                 LGOTO 0x13e; main.o:_00467_DS_=0x13e
0000013c feb6                 MOVR 0x49, 0x0
0000013d ff35                 MOVAR 0x4a
0000013e                      main.o:_00467_DS_:
0000013e ffef                 RET
0000013f                      _checkBatAD:
0000013f e0fc                 BCR 0x3, 0x6
00000140 fd5d                 CLRR 0x22
00000141 fd5f                 CLRR 0x20
00000142 fd5e                 CLRR 0x21
00000143 def7                 MOVIA 0x8
00000144 d737                 LCALL 0xc8; _F_AIN4_Convert=0xc8
00000145 e0fc                 BCR 0x3, 0x6
00000146 eade                 SWAPR 0x21, 0x0
00000147 dd0f                 ANDIA 0xf0
00000148 ff5e                 MOVAR 0x21
00000149 eadf                 SWAPR 0x20, 0x0
0000014a ff5f                 MOVAR 0x20
0000014b ddf0                 ANDIA 0xf
0000014c ee5e                 IORAR 0x21, 0x1
0000014d ed5f                 XORAR 0x20, 0x1
0000014e de0f                 MOVIA 0xf0
0000014f ef5d                 ANDAR 0x22, 0x1
00000150 fedd                 MOVR 0x22, 0x0
00000151 ff4f                 MOVAR 0x30
00000152 deff                 MOVIA 0x0
00000153 ff4e                 MOVAR 0x31
00000154 fecf                 MOVR 0x30, 0x0
00000155 fc5f                 ADDAR 0x20, 0x1
00000156 fece                 MOVR 0x31, 0x0
00000157 f3fc                 BTRSC 0x3, 0x0
00000158 face                 INCR 0x31, 0x0
00000159 f2fc                 BTRSC 0x3, 0x2
0000015a c6a3                 LGOTO 0x15c; main.o:_00004_DS_=0x15c
0000015b fc5e                 ADDAR 0x21, 0x1
0000015c                      main.o:_00004_DS_:
0000015c e3fc                 BCR 0x3, 0x0
0000015d e0fc                 BCR 0x3, 0x6
0000015e ec5e                 RRR 0x21, 0x1
0000015f ec5f                 RRR 0x20, 0x1
00000160 e3fc                 BCR 0x3, 0x0
00000161 ec5e                 RRR 0x21, 0x1
00000162 ec5f                 RRR 0x20, 0x1
00000163 e3fc                 BCR 0x3, 0x0
00000164 ec5e                 RRR 0x21, 0x1
00000165 ec5f                 RRR 0x20, 0x1
00000166 fd23                 CLRR 0x5c
00000167 def0                 MOVIA 0xf
00000168 fbde                 SUBAR 0x21, 0x0
00000169 f6fc                 BTRSS 0x3, 0x2
0000016a c692                 LGOTO 0x16d; main.o:_00441_DS_=0x16d
0000016b ded6                 MOVIA 0x29
0000016c fbdf                 SUBAR 0x20, 0x0
0000016d                      main.o:_00441_DS_:
0000016d f7fc                 BTRSS 0x3, 0x0
0000016e c68a                 LGOTO 0x175; main.o:_00372_DS_=0x175
0000016f ded7                 MOVIA 0x28
00000170 e0fc                 BCR 0x3, 0x6
00000171 ff5f                 MOVAR 0x20
00000172 def0                 MOVIA 0xf
00000173 ff5e                 MOVAR 0x21
00000174 c669                 LGOTO 0x196; main.o:_00373_DS_=0x196
00000175                      main.o:_00372_DS_:
00000175 def3                 MOVIA 0xc
00000176 e0fc                 BCR 0x3, 0x6
00000177 fbde                 SUBAR 0x21, 0x0
00000178 f6fc                 BTRSS 0x3, 0x2
00000179 c683                 LGOTO 0x17c; main.o:_00442_DS_=0x17c
0000017a de1b                 MOVIA 0xe4
0000017b fbdf                 SUBAR 0x20, 0x0
0000017c                      main.o:_00442_DS_:
0000017c f3fc                 BTRSC 0x3, 0x0
0000017d c669                 LGOTO 0x196; main.o:_00373_DS_=0x196
0000017e def4                 MOVIA 0xb
0000017f e0fc                 BCR 0x3, 0x6
00000180 fbde                 SUBAR 0x21, 0x0
00000181 f6fc                 BTRSS 0x3, 0x2
00000182 c67a                 LGOTO 0x185; main.o:_00443_DS_=0x185
00000183 de47                 MOVIA 0xb8
00000184 fbdf                 SUBAR 0x20, 0x0
00000185                      main.o:_00443_DS_:
00000185 f3fc                 BTRSC 0x3, 0x0
00000186 c66e                 LGOTO 0x191; main.o:_00366_DS_=0x191
00000187 def5                 MOVIA 0xa
00000188 e0fc                 BCR 0x3, 0x6
00000189 fba5                 SUBAR 0x5a, 0x0
0000018a f3fc                 BTRSC 0x3, 0x0
0000018b c66e                 LGOTO 0x191; main.o:_00366_DS_=0x191
0000018c feb6                 MOVR 0x49, 0x0
0000018d f2fc                 BTRSC 0x3, 0x2
0000018e c66e                 LGOTO 0x191; main.o:_00366_DS_=0x191
0000018f defe                 MOVIA 0x1
00000190 ff23                 MOVAR 0x5c
00000191                      main.o:_00366_DS_:
00000191 de1b                 MOVIA 0xe4
00000192 e0fc                 BCR 0x3, 0x6
00000193 ff5f                 MOVAR 0x20
00000194 def3                 MOVIA 0xc
00000195 ff5e                 MOVAR 0x21
00000196                      main.o:_00373_DS_:
00000196 dee3                 MOVIA 0x1c
00000197 e0fc                 BCR 0x3, 0x6
00000198 fc5f                 ADDAR 0x20, 0x1
00000199 de0c                 MOVIA 0xf3
0000019a f3fc                 BTRSC 0x3, 0x0
0000019b de0b                 MOVIA 0xf4
0000019c fc5e                 ADDAR 0x21, 0x1
0000019d defd                 MOVIA 0x2
0000019e fbde                 SUBAR 0x21, 0x0
0000019f f6fc                 BTRSS 0x3, 0x2
000001a0 c65c                 LGOTO 0x1a3; main.o:_00445_DS_=0x1a3
000001a1 dec5                 MOVIA 0x3a
000001a2 fbdf                 SUBAR 0x20, 0x0
000001a3                      main.o:_00445_DS_:
000001a3 f7fc                 BTRSS 0x3, 0x0
000001a4 c656                 LGOTO 0x1a9; main.o:_00395_DS_=0x1a9
000001a5 defa                 MOVIA 0x5
000001a6 e0fc                 BCR 0x3, 0x6
000001a7 ff2f                 MOVAR 0x50
000001a8 c5f5                 LGOTO 0x20a; main.o:_00397_DS_=0x20a
000001a9                      main.o:_00395_DS_:
000001a9 defe                 MOVIA 0x1
000001aa e0fc                 BCR 0x3, 0x6
000001ab fbde                 SUBAR 0x21, 0x0
000001ac f6fc                 BTRSS 0x3, 0x2
000001ad c64f                 LGOTO 0x1b0; main.o:_00446_DS_=0x1b0
000001ae de3c                 MOVIA 0xc3
000001af fbdf                 SUBAR 0x20, 0x0
000001b0                      main.o:_00446_DS_:
000001b0 f7fc                 BTRSS 0x3, 0x0
000001b1 c61c                 LGOTO 0x1e3; main.o:_00392_DS_=0x1e3
000001b2 e0fc                 BCR 0x3, 0x6
000001b3 feaf                 MOVR 0x50, 0x0
000001b4 dbfa                 XORIA 0x5
000001b5 f6fc                 BTRSS 0x3, 0x2
000001b6 c63c                 LGOTO 0x1c3; main.o:_00377_DS_=0x1c3
000001b7 defe                 MOVIA 0x1
000001b8 fbde                 SUBAR 0x21, 0x0
000001b9 f6fc                 BTRSS 0x3, 0x2
000001ba c642                 LGOTO 0x1bd; main.o:_00447_DS_=0x1bd
000001bb de0b                 MOVIA 0xf4
000001bc fbdf                 SUBAR 0x20, 0x0
000001bd                      main.o:_00447_DS_:
000001bd f3fc                 BTRSC 0x3, 0x0
000001be c639                 LGOTO 0x1c6; main.o:_00378_DS_=0x1c6
000001bf defb                 MOVIA 0x4
000001c0 e0fc                 BCR 0x3, 0x6
000001c1 ff2f                 MOVAR 0x50
000001c2 c639                 LGOTO 0x1c6; main.o:_00378_DS_=0x1c6
000001c3                      main.o:_00377_DS_:
000001c3 defb                 MOVIA 0x4
000001c4 e0fc                 BCR 0x3, 0x6
000001c5 ff2f                 MOVAR 0x50
000001c6                      main.o:_00378_DS_:
000001c6 defd                 MOVIA 0x2
000001c7 e0fc                 BCR 0x3, 0x6
000001c8 fbde                 SUBAR 0x21, 0x0
000001c9 f6fc                 BTRSS 0x3, 0x2
000001ca c632                 LGOTO 0x1cd; main.o:_00448_DS_=0x1cd
000001cb ded8                 MOVIA 0x27
000001cc fbdf                 SUBAR 0x20, 0x0
000001cd                      main.o:_00448_DS_:
000001cd f7fc                 BTRSS 0x3, 0x0
000001ce c5f5                 LGOTO 0x20a; main.o:_00397_DS_=0x20a
000001cf e0fc                 BCR 0x3, 0x6
000001d0 fa2e                 INCR 0x51, 0x1
000001d1 f2fc                 BTRSC 0x3, 0x2
000001d2 fa2d                 INCR 0x52, 0x1
000001d3 def8                 MOVIA 0x7
000001d4 fbad                 SUBAR 0x52, 0x0
000001d5 f6fc                 BTRSS 0x3, 0x2
000001d6 c626                 LGOTO 0x1d9; main.o:_00449_DS_=0x1d9
000001d7 def6                 MOVIA 0x9
000001d8 fbae                 SUBAR 0x51, 0x0
000001d9                      main.o:_00449_DS_:
000001d9 f7fc                 BTRSS 0x3, 0x0
000001da c5f5                 LGOTO 0x20a; main.o:_00397_DS_=0x20a
000001db def7                 MOVIA 0x8
000001dc e0fc                 BCR 0x3, 0x6
000001dd ff2e                 MOVAR 0x51
000001de def8                 MOVIA 0x7
000001df ff2d                 MOVAR 0x52
000001e0 defa                 MOVIA 0x5
000001e1 ff2f                 MOVAR 0x50
000001e2 c5f5                 LGOTO 0x20a; main.o:_00397_DS_=0x20a
000001e3                      main.o:_00392_DS_:
000001e3 defe                 MOVIA 0x1
000001e4 e0fc                 BCR 0x3, 0x6
000001e5 fbde                 SUBAR 0x21, 0x0
000001e6 f6fc                 BTRSS 0x3, 0x2
000001e7 c615                 LGOTO 0x1ea; main.o:_00450_DS_=0x1ea
000001e8 ded2                 MOVIA 0x2d
000001e9 fbdf                 SUBAR 0x20, 0x0
000001ea                      main.o:_00450_DS_:
000001ea f7fc                 BTRSS 0x3, 0x0
000001eb c60d                 LGOTO 0x1f2; main.o:_00389_DS_=0x1f2
000001ec defc                 MOVIA 0x3
000001ed e0fc                 BCR 0x3, 0x6
000001ee ff2f                 MOVAR 0x50
000001ef fd2e                 CLRR 0x51
000001f0 fd2d                 CLRR 0x52
000001f1 c5f5                 LGOTO 0x20a; main.o:_00397_DS_=0x20a
000001f2                      main.o:_00389_DS_:
000001f2 deff                 MOVIA 0x0
000001f3 e0fc                 BCR 0x3, 0x6
000001f4 fbde                 SUBAR 0x21, 0x0
000001f5 f6fc                 BTRSS 0x3, 0x2
000001f6 c606                 LGOTO 0x1f9; main.o:_00451_DS_=0x1f9
000001f7 de68                 MOVIA 0x97
000001f8 fbdf                 SUBAR 0x20, 0x0
000001f9                      main.o:_00451_DS_:
000001f9 f7fc                 BTRSS 0x3, 0x0
000001fa c5fe                 LGOTO 0x201; main.o:_00386_DS_=0x201
000001fb defd                 MOVIA 0x2
000001fc e0fc                 BCR 0x3, 0x6
000001fd ff2f                 MOVAR 0x50
000001fe fd2e                 CLRR 0x51
000001ff fd2d                 CLRR 0x52
00000200 c5f5                 LGOTO 0x20a; main.o:_00397_DS_=0x20a
00000201                      main.o:_00386_DS_:
00000201 defe                 MOVIA 0x1
00000202 e0fc                 BCR 0x3, 0x6
00000203 ff2f                 MOVAR 0x50
00000204 fd2e                 CLRR 0x51
00000205 fd2d                 CLRR 0x52
00000206 fea1                 MOVR 0x5e, 0x0
00000207 dbfb                 XORIA 0x4
00000208 f2fc                 BTRSC 0x3, 0x2
00000209 fd21                 CLRR 0x5e
0000020a                      main.o:_00397_DS_:
0000020a ffef                 RET
0000020b                      _initAD:
0000020b de7b                 MOVIA 0x84
0000020c ff6f                 MOVAR 0x10
0000020d fd6c                 CLRR 0x13
0000020e deef                 MOVIA 0x10
0000020f ff6e                 MOVAR 0x11
00000210 defc                 MOVIA 0x3
00000211 ff6b                 MOVAR 0x14
00000212 e5ef                 BSR 0x10, 0x4
00000213 de9b                 MOVIA 0x64
00000214 d5e9                 LCALL 0x216; _delay=0x216
00000215 ffef                 RET
00000216                      _delay:
00000216 e0fc                 BCR 0x3, 0x6
00000217 ff51                 MOVAR 0x2e
00000218 fd50                 CLRR 0x2f
00000219                      main.o:_00354_DS_:
00000219 e0fc                 BCR 0x3, 0x6
0000021a fed1                 MOVR 0x2e, 0x0
0000021b fbd0                 SUBAR 0x2f, 0x0
0000021c f3fc                 BTRSC 0x3, 0x0
0000021d c5de                 LGOTO 0x221; main.o:_00356_DS_=0x221
0000021e ffff                 NOP
0000021f fa50                 INCR 0x2f, 0x1
00000220 c5e6                 LGOTO 0x219; main.o:_00354_DS_=0x219
00000221                      main.o:_00356_DS_:
00000221 ffef                 RET
00000222                      _chrgCtr:
00000222 f779                 BTRSS 0x6, 0x1
00000223 c5c3                 LGOTO 0x23c; main.o:_00345_DS_=0x23c
00000224 e0fc                 BCR 0x3, 0x6
00000225 e640                 BSR 0x3f, 0x3
00000226 fd36                 CLRR 0x49
00000227 d576                 LCALL 0x289; _pwmStop=0x289
00000228 defb                 MOVIA 0x4
00000229 e0fc                 BCR 0x3, 0x6
0000022a fbaf                 SUBAR 0x50, 0x0
0000022b f7fc                 BTRSS 0x3, 0x0
0000022c c5cf                 LGOTO 0x230; main.o:_00340_DS_=0x230
0000022d defb                 MOVIA 0x4
0000022e ff35                 MOVAR 0x4a
0000022f c5ba                 LGOTO 0x245; main.o:_00347_DS_=0x245
00000230                      main.o:_00340_DS_:
00000230 e0fc                 BCR 0x3, 0x6
00000231 feb8                 MOVR 0x47, 0x0
00000232 f6fc                 BTRSS 0x3, 0x2
00000233 c5ba                 LGOTO 0x245; main.o:_00347_DS_=0x245
00000234 fa35                 INCR 0x4a, 0x1
00000235 defa                 MOVIA 0x5
00000236 fbb5                 SUBAR 0x4a, 0x0
00000237 f7fc                 BTRSS 0x3, 0x0
00000238 c5ba                 LGOTO 0x245; main.o:_00347_DS_=0x245
00000239 f9af                 DECR 0x50, 0x0
0000023a ff35                 MOVAR 0x4a
0000023b c5ba                 LGOTO 0x245; main.o:_00347_DS_=0x245
0000023c                      main.o:_00345_DS_:
0000023c e0fc                 BCR 0x3, 0x6
0000023d feb6                 MOVR 0x49, 0x0
0000023e f6fc                 BTRSS 0x3, 0x2
0000023f c5be                 LGOTO 0x241; main.o:_00005_DS_=0x241
00000240 fd35                 CLRR 0x4a
00000241                      main.o:_00005_DS_:
00000241 e0fc                 BCR 0x3, 0x6
00000242 e240                 BCR 0x3f, 0x3
00000243 fd2e                 CLRR 0x51
00000244 fd2d                 CLRR 0x52
00000245                      main.o:_00347_DS_:
00000245 ffef                 RET
00000246                      _keyRead:
00000246 e0fc                 BCR 0x3, 0x6
00000247 ff52                 MOVAR 0x2d
00000248 fed2                 MOVR 0x2d, 0x0
00000249 f2fc                 BTRSC 0x3, 0x2
0000024a c5a8                 LGOTO 0x257; main.o:_00328_DS_=0x257
0000024b fa37                 INCR 0x48, 0x1
0000024c de9b                 MOVIA 0x64
0000024d fbb7                 SUBAR 0x48, 0x0
0000024e f7fc                 BTRSS 0x3, 0x0
0000024f c595                 LGOTO 0x26a; main.o:_00329_DS_=0x26a
00000250 de9b                 MOVIA 0x64
00000251 ff37                 MOVAR 0x48
00000252 f340                 BTRSC 0x3f, 0x1
00000253 c595                 LGOTO 0x26a; main.o:_00329_DS_=0x26a
00000254 e740                 BSR 0x3f, 0x1
00000255 defd                 MOVIA 0x2
00000256 c594                 LGOTO 0x26b; main.o:_00330_DS_=0x26b
00000257                      main.o:_00328_DS_:
00000257 de9b                 MOVIA 0x64
00000258 e0fc                 BCR 0x3, 0x6
00000259 fbb7                 SUBAR 0x48, 0x0
0000025a f7fc                 BTRSS 0x3, 0x0
0000025b c59f                 LGOTO 0x260; main.o:_00325_DS_=0x260
0000025c fd37                 CLRR 0x48
0000025d e340                 BCR 0x3f, 0x1
0000025e deff                 MOVIA 0x0
0000025f c594                 LGOTO 0x26b; main.o:_00330_DS_=0x26b
00000260                      main.o:_00325_DS_:
00000260 def7                 MOVIA 0x8
00000261 e0fc                 BCR 0x3, 0x6
00000262 fbb7                 SUBAR 0x48, 0x0
00000263 f7fc                 BTRSS 0x3, 0x0
00000264 c597                 LGOTO 0x268; main.o:_00326_DS_=0x268
00000265 fd37                 CLRR 0x48
00000266 defe                 MOVIA 0x1
00000267 c594                 LGOTO 0x26b; main.o:_00330_DS_=0x26b
00000268                      main.o:_00326_DS_:
00000268 e0fc                 BCR 0x3, 0x6
00000269 fd37                 CLRR 0x48
0000026a                      main.o:_00329_DS_:
0000026a deff                 MOVIA 0x0
0000026b                      main.o:_00330_DS_:
0000026b ffef                 RET
0000026c                      _gotoSleep:
0000026c d53a                 LCALL 0x2c5; _LedInput=0x2c5
0000026d e0fc                 BCR 0x3, 0x6
0000026e fd2c                 CLRR 0x53
0000026f fd2b                 CLRR 0x54
00000270 d576                 LCALL 0x289; _pwmStop=0x289
00000271 e0fc                 BCR 0x3, 0x6
00000272 fd36                 CLRR 0x49
00000273 de9f                 MOVIA 0x60
00000274 ff6a                 MOVAR 0x15
00000275 fd32                 CLRR 0x4d
00000276 fd31                 CLRR 0x4e
00000277 fd34                 CLRR 0x4b
00000278 fd33                 CLRR 0x4c
00000279 e2c0                 BCR 0x3f, 0x2
0000027a def4                 MOVIA 0xb
0000027b ff71                 MOVAR 0xe
0000027c dee7                 MOVIA 0x18
0000027d ff77                 MOVAR 0x8
0000027e fd70                 CLRR 0xf
0000027f fffd                 CLRWDT
00000280 fffb                 ENI
00000281 fffe                 SLEEP
00000282 fd6a                 CLRR 0x15
00000283 defe                 MOVIA 0x1
00000284 ff71                 MOVAR 0xe
00000285 fd70                 CLRR 0xf
00000286 de47                 MOVIA 0xb8
00000287 ff77                 MOVAR 0x8
00000288 ffef                 RET
00000289                      _pwmStop:
00000289 fdff                 CLRA
0000028a ffb5                 SFUN 0xa
0000028b ffef                 RET
0000028c                      _pwmInit:
0000028c ff95                 SFUNR 0xa
0000028d e0fc                 BCR 0x3, 0x6
0000028e ff53                 MOVAR 0x2c
0000028f f053                 BTRSC 0x2c, 0x7
00000290 c567                 LGOTO 0x298; main.o:_00305_DS_=0x298
00000291 fd66                 CLRR 0x19
00000292 de7f                 MOVIA 0x80
00000293 ffb6                 SFUN 0x9
00000294 fdff                 CLRA
00000295 ffb4                 SFUN 0xb
00000296 de7c                 MOVIA 0x83
00000297 ffb5                 SFUN 0xa
00000298                      main.o:_00305_DS_:
00000298 ffef                 RET
00000299                      _LED4ON:
00000299 ffe9                 IOSTR 0x6
0000029a e0fc                 BCR 0x3, 0x6
0000029b ff54                 MOVAR 0x2b
0000029c e254                 BCR 0x2b, 0x3
0000029d fed4                 MOVR 0x2b, 0x0
0000029e fff9                 IOST 0x6
0000029f e679                 BSR 0x6, 0x3
000002a0 de9b                 MOVIA 0x64
000002a1 d5e9                 LCALL 0x216; _delay=0x216
000002a2 d53a                 LCALL 0x2c5; _LedInput=0x2c5
000002a3 ffef                 RET
000002a4                      _LED3ON:
000002a4 ffea                 IOSTR 0x5
000002a5 e0fc                 BCR 0x3, 0x6
000002a6 ff55                 MOVAR 0x2a
000002a7 e055                 BCR 0x2a, 0x7
000002a8 fed5                 MOVR 0x2a, 0x0
000002a9 fffa                 IOST 0x5
000002aa e47a                 BSR 0x5, 0x7
000002ab de9b                 MOVIA 0x64
000002ac d5e9                 LCALL 0x216; _delay=0x216
000002ad d53a                 LCALL 0x2c5; _LedInput=0x2c5
000002ae ffef                 RET
000002af                      _LED2ON:
000002af ffea                 IOSTR 0x5
000002b0 e0fc                 BCR 0x3, 0x6
000002b1 ff56                 MOVAR 0x29
000002b2 e356                 BCR 0x29, 0x1
000002b3 fed6                 MOVR 0x29, 0x0
000002b4 fffa                 IOST 0x5
000002b5 e77a                 BSR 0x5, 0x1
000002b6 de9b                 MOVIA 0x64
000002b7 d5e9                 LCALL 0x216; _delay=0x216
000002b8 d53a                 LCALL 0x2c5; _LedInput=0x2c5
000002b9 ffef                 RET
000002ba                      _LED1ON:
000002ba ffea                 IOSTR 0x5
000002bb e0fc                 BCR 0x3, 0x6
000002bc ff57                 MOVAR 0x28
000002bd e3d7                 BCR 0x28, 0x0
000002be fed7                 MOVR 0x28, 0x0
000002bf fffa                 IOST 0x5
000002c0 e7fa                 BSR 0x5, 0x0
000002c1 de9b                 MOVIA 0x64
000002c2 d5e9                 LCALL 0x216; _delay=0x216
000002c3 d53a                 LCALL 0x2c5; _LedInput=0x2c5
000002c4 ffef                 RET
000002c5                      _LedInput:
000002c5 ffea                 IOSTR 0x5
000002c6 e0fc                 BCR 0x3, 0x6
000002c7 ff58                 MOVAR 0x27
000002c8 de7c                 MOVIA 0x83
000002c9 ee58                 IORAR 0x27, 0x1
000002ca fed8                 MOVR 0x27, 0x0
000002cb fffa                 IOST 0x5
000002cc ffe9                 IOSTR 0x6
000002cd ff58                 MOVAR 0x27
000002ce e658                 BSR 0x27, 0x3
000002cf fed8                 MOVR 0x27, 0x0
000002d0 fff9                 IOST 0x6
000002d1 de83                 MOVIA 0x7c
000002d2 ef7a                 ANDAR 0x5, 0x1
000002d3 e279                 BCR 0x6, 0x3
000002d4 ffef                 RET
000002d5                      _ledShow:
000002d5 def5                 MOVIA 0xa
000002d6 e0fc                 BCR 0x3, 0x6
000002d7 fba5                 SUBAR 0x5a, 0x0
000002d8 f3fc                 BTRSC 0x3, 0x0
000002d9 c521                 LGOTO 0x2de; main.o:_00254_DS_=0x2de
000002da fea3                 MOVR 0x5c, 0x0
000002db dbfe                 XORIA 0x1
000002dc f6fc                 BTRSS 0x3, 0x2
000002dd c514                 LGOTO 0x2eb; main.o:_00252_DS_=0x2eb
000002de                      main.o:_00254_DS_:
000002de e0fc                 BCR 0x3, 0x6
000002df feb6                 MOVR 0x49, 0x0
000002e0 f2fc                 BTRSC 0x3, 0x2
000002e1 c514                 LGOTO 0x2eb; main.o:_00252_DS_=0x2eb
000002e2 decd                 MOVIA 0x32
000002e3 fba9                 SUBAR 0x56, 0x0
000002e4 f3fc                 BTRSC 0x3, 0x0
000002e5 c516                 LGOTO 0x2e9; main.o:_00249_DS_=0x2e9
000002e6 feb6                 MOVR 0x49, 0x0
000002e7 ff35                 MOVAR 0x4a
000002e8 c514                 LGOTO 0x2eb; main.o:_00252_DS_=0x2eb
000002e9                      main.o:_00249_DS_:
000002e9 e0fc                 BCR 0x3, 0x6
000002ea fd35                 CLRR 0x4a
000002eb                      main.o:_00252_DS_:
000002eb d53a                 LCALL 0x2c5; _LedInput=0x2c5
000002ec defa                 MOVIA 0x5
000002ed e0fc                 BCR 0x3, 0x6
000002ee fbb5                 SUBAR 0x4a, 0x0
000002ef f3fc                 BTRSC 0x3, 0x0
000002f0 c4fc                 LGOTO 0x303; main.o:_00261_DS_=0x303
000002f1 defd                 MOVIA 0x2
000002f2 ff75                 MOVAR 0xa
000002f3 feb5                 MOVR 0x4a, 0x0
000002f4 da07                 ADDIA 0xf8
000002f5 f3fc                 BTRSC 0x3, 0x0
000002f6 fa75                 INCR 0xa, 0x1
000002f7 ff7d                 MOVAR 0x2
000002f8                      main.o:_00278_DS_:
000002f8 c502                 LGOTO 0x2fd; main.o:_00255_DS_=0x2fd
000002f9 c4fd                 LGOTO 0x302; main.o:_00259_DS_=0x302
000002fa c4fe                 LGOTO 0x301; main.o:_00258_DS_=0x301
000002fb c4ff                 LGOTO 0x300; main.o:_00257_DS_=0x300
000002fc c500                 LGOTO 0x2ff; main.o:_00256_DS_=0x2ff
000002fd                      main.o:_00255_DS_:
000002fd d53a                 LCALL 0x2c5; _LedInput=0x2c5
000002fe c4fc                 LGOTO 0x303; main.o:_00261_DS_=0x303
000002ff                      main.o:_00256_DS_:
000002ff d566                 LCALL 0x299; _LED4ON=0x299
00000300                      main.o:_00257_DS_:
00000300 d55b                 LCALL 0x2a4; _LED3ON=0x2a4
00000301                      main.o:_00258_DS_:
00000301 d550                 LCALL 0x2af; _LED2ON=0x2af
00000302                      main.o:_00259_DS_:
00000302 d545                 LCALL 0x2ba; _LED1ON=0x2ba
00000303                      main.o:_00261_DS_:
00000303 ffef                 RET
00000304                      _initSys:
00000304 ffec                 DISI
00000305 de87                 MOVIA 0x78
00000306 fffa                 IOST 0x5
00000307 defc                 MOVIA 0x3
00000308 fff9                 IOST 0x6
00000309 fd79                 CLRR 0x6
0000030a fd7a                 CLRR 0x5
0000030b de60                 MOVIA 0x9f
0000030c fff6                 IOST 0x9
0000030d de00                 MOVIA 0xff
0000030e ff73                 MOVAR 0xc
0000030f de20                 MOVIA 0xdf
00000310 ff74                 MOVAR 0xb
00000311 defe                 MOVIA 0x1
00000312 ff71                 MOVAR 0xe
00000313 fdff                 CLRA
00000314 fff0                 IOST 0xf
00000315 dec8                 MOVIA 0x37
00000316 ff7e                 MOVAR 0x1
00000317 fdff                 CLRA
00000318 fffc                 T0MD
00000319 defe                 MOVIA 0x1
0000031a fff0                 IOST 0xf
0000031b de67                 MOVIA 0x98
0000031c ff77                 MOVAR 0x8
0000031d defe                 MOVIA 0x1
0000031e fff0                 IOST 0xf
0000031f fffb                 ENI
00000320 ffef                 RET
00000321                      _powerOff:
00000321 e0fc                 BCR 0x3, 0x6
00000322 fd36                 CLRR 0x49
00000323 d576                 LCALL 0x289; _pwmStop=0x289
00000324 defa                 MOVIA 0x5
00000325 e0fc                 BCR 0x3, 0x6
00000326 ff35                 MOVAR 0x4a
00000327 defd                 MOVIA 0x2
00000328 ff21                 MOVAR 0x5e
00000329 ffef                 RET
0000032a                      _keyCtr:
0000032a f8fa                 COMR 0x5, 0x0
0000032b e0fc                 BCR 0x3, 0x6
0000032c ff59                 MOVAR 0x26
0000032d debf                 MOVIA 0x40
0000032e ef59                 ANDAR 0x26, 0x1
0000032f fed9                 MOVR 0x26, 0x0
00000330 d5b9                 LCALL 0x246; _keyRead=0x246
00000331 e0fc                 BCR 0x3, 0x6
00000332 ff59                 MOVAR 0x26
00000333 dbfe                 XORIA 0x1
00000334 f6fc                 BTRSS 0x3, 0x2
00000335 c47b                 LGOTO 0x384; main.o:_00233_DS_=0x384
00000336 fd38                 CLRR 0x47
00000337 fd26                 CLRR 0x59
00000338 fa36                 INCR 0x49, 0x1
00000339 defa                 MOVIA 0x5
0000033a fbb6                 SUBAR 0x49, 0x0
0000033b f3fc                 BTRSC 0x3, 0x0
0000033c fd36                 CLRR 0x49
0000033d feb6                 MOVR 0x49, 0x0
0000033e f6fc                 BTRSS 0x3, 0x2
0000033f c4bd                 LGOTO 0x342; main.o:_00215_DS_=0x342
00000340 d4de                 LCALL 0x321; _powerOff=0x321
00000341 c49c                 LGOTO 0x363; main.o:_00216_DS_=0x363
00000342                      main.o:_00215_DS_:
00000342 e0fc                 BCR 0x3, 0x6
00000343 feb6                 MOVR 0x49, 0x0
00000344 dbfe                 XORIA 0x1
00000345 f6fc                 BTRSS 0x3, 0x2
00000346 c4b3                 LGOTO 0x34c; main.o:_00212_DS_=0x34c
00000347 de96                 MOVIA 0x69
00000348 ff30                 MOVAR 0x4f
00000349 de82                 MOVIA 0x7d
0000034a ff22                 MOVAR 0x5d
0000034b c49c                 LGOTO 0x363; main.o:_00216_DS_=0x363
0000034c                      main.o:_00212_DS_:
0000034c e0fc                 BCR 0x3, 0x6
0000034d feb6                 MOVR 0x49, 0x0
0000034e dbfd                 XORIA 0x2
0000034f f6fc                 BTRSS 0x3, 0x2
00000350 c4ab                 LGOTO 0x354; main.o:_00209_DS_=0x354
00000351 de8e                 MOVIA 0x71
00000352 ff30                 MOVAR 0x4f
00000353 c49c                 LGOTO 0x363; main.o:_00216_DS_=0x363
00000354                      main.o:_00209_DS_:
00000354 e0fc                 BCR 0x3, 0x6
00000355 feb6                 MOVR 0x49, 0x0
00000356 dbfc                 XORIA 0x3
00000357 f6fc                 BTRSS 0x3, 0x2
00000358 c4a3                 LGOTO 0x35c; main.o:_00206_DS_=0x35c
00000359 de87                 MOVIA 0x78
0000035a ff30                 MOVAR 0x4f
0000035b c49c                 LGOTO 0x363; main.o:_00216_DS_=0x363
0000035c                      main.o:_00206_DS_:
0000035c e0fc                 BCR 0x3, 0x6
0000035d feb6                 MOVR 0x49, 0x0
0000035e dbfb                 XORIA 0x4
0000035f f6fc                 BTRSS 0x3, 0x2
00000360 c49c                 LGOTO 0x363; main.o:_00216_DS_=0x363
00000361 de7f                 MOVIA 0x80
00000362 ff30                 MOVAR 0x4f
00000363                      main.o:_00216_DS_:
00000363 e0fc                 BCR 0x3, 0x6
00000364 feb6                 MOVR 0x49, 0x0
00000365 f2fc                 BTRSC 0x3, 0x2
00000366 c47f                 LGOTO 0x380; main.o:_00226_DS_=0x380
00000367 feaf                 MOVR 0x50, 0x0
00000368 f2fc                 BTRSC 0x3, 0x2
00000369 c48b                 LGOTO 0x374; main.o:_00220_DS_=0x374
0000036a defc                 MOVIA 0x3
0000036b fbaf                 SUBAR 0x50, 0x0
0000036c f3fc                 BTRSC 0x3, 0x0
0000036d c48b                 LGOTO 0x374; main.o:_00220_DS_=0x374
0000036e de83                 MOVIA 0x7c
0000036f fbb0                 SUBAR 0x4f, 0x0
00000370 f3fc                 BTRSC 0x3, 0x0
00000371 c48b                 LGOTO 0x374; main.o:_00220_DS_=0x374
00000372 defb                 MOVIA 0x4
00000373 fc30                 ADDAR 0x4f, 0x1
00000374                      main.o:_00220_DS_:
00000374 e0fc                 BCR 0x3, 0x6
00000375 feb6                 MOVR 0x49, 0x0
00000376 dbfe                 XORIA 0x1
00000377 f6fc                 BTRSS 0x3, 0x2
00000378 c483                 LGOTO 0x37c; main.o:_00223_DS_=0x37c
00000379 de82                 MOVIA 0x7d
0000037a ffb3                 SFUN 0xc
0000037b c480                 LGOTO 0x37f; main.o:_00224_DS_=0x37f
0000037c                      main.o:_00223_DS_:
0000037c e0fc                 BCR 0x3, 0x6
0000037d feb0                 MOVR 0x4f, 0x0
0000037e ffb3                 SFUN 0xc
0000037f                      main.o:_00224_DS_:
0000037f d573                 LCALL 0x28c; _pwmInit=0x28c
00000380                      main.o:_00226_DS_:
00000380 e0fc                 BCR 0x3, 0x6
00000381 feb6                 MOVR 0x49, 0x0
00000382 ff35                 MOVAR 0x4a
00000383 c464                 LGOTO 0x39b; main.o:_00235_DS_=0x39b
00000384                      main.o:_00233_DS_:
00000384 e0fc                 BCR 0x3, 0x6
00000385 fed9                 MOVR 0x26, 0x0
00000386 dbfd                 XORIA 0x2
00000387 f6fc                 BTRSS 0x3, 0x2
00000388 c464                 LGOTO 0x39b; main.o:_00235_DS_=0x39b
00000389 feb6                 MOVR 0x49, 0x0
0000038a f2fc                 BTRSC 0x3, 0x2
0000038b c471                 LGOTO 0x38e; main.o:_00228_DS_=0x38e
0000038c d4de                 LCALL 0x321; _powerOff=0x321
0000038d c467                 LGOTO 0x398; main.o:_00229_DS_=0x398
0000038e                      main.o:_00228_DS_:
0000038e defe                 MOVIA 0x1
0000038f e0fc                 BCR 0x3, 0x6
00000390 ff36                 MOVAR 0x49
00000391 de82                 MOVIA 0x7d
00000392 ffb3                 SFUN 0xc
00000393 de96                 MOVIA 0x69
00000394 ff30                 MOVAR 0x4f
00000395 de82                 MOVIA 0x7d
00000396 ff22                 MOVAR 0x5d
00000397 d573                 LCALL 0x28c; _pwmInit=0x28c
00000398                      main.o:_00229_DS_:
00000398 e0fc                 BCR 0x3, 0x6
00000399 feb6                 MOVR 0x49, 0x0
0000039a ff35                 MOVAR 0x4a
0000039b                      main.o:_00235_DS_:
0000039b ffef                 RET
0000039c                      ___cinit_load__:
