
                    Nyquest Technology Co., Ltd.

NYASM 2.30

    ADDR  OPCODE/VALUE              LINE   TAG  SOURCE                   STATEMENT    

                                    1-    1     ;--------------------------------------------------------
                                    1-    2     ; File Created by SDCC : free open source ANSI-C Compiler
                                    1-    3     ; Version 3.7.1 #0 (MSVC)
                                    1-    4     ;--------------------------------------------------------
                                    1-    5     ; NY8A port
                                    1-    6     ;--------------------------------------------------------
                                    1-    7     	.file	"number.c"
                                    1-    8     	list	p=NY8B062D,c=on
                                    1-    9     	#include "ny8b062d.inc"
                                    1-   11     ;--------------------------------------------------------
                                    1-   12     ; external declarations
                                    1-   13     ;--------------------------------------------------------
                                    1-   14     	extern	_PORTAbits
                                    1-   15     	extern	_PORTBbits
                                    1-   16     	extern	_PCONbits
                                    1-   17     	extern	_BWUCONbits
                                    1-   18     	extern	_ABPLCONbits
                                    1-   19     	extern	_BPHCONbits
                                    1-   20     	extern	_INTEbits
                                    1-   21     	extern	_INTFbits
                                    1-   22     	extern	_ADMDbits
                                    1-   23     	extern	_ADRbits
                                    1-   24     	extern	_ADVREFHbits
                                    1-   25     	extern	_ADCRbits
                                    1-   26     	extern	_AWUCONbits
                                    1-   27     	extern	_PACONbits
                                    1-   28     	extern	_INTEDGbits
                                    1-   29     	extern	_ANAENbits
                                    1-   30     	extern	_RFCbits
                                    1-   31     	extern	_INTE2bits
                                    1-   32     	extern	_INDF
                                    1-   33     	extern	_TMR0
                                    1-   34     	extern	_PCL
                                    1-   35     	extern	_STATUS
                                    1-   36     	extern	_FSR
                                    1-   37     	extern	_PORTA
                                    1-   38     	extern	_PORTB
                                    1-   39     	extern	_PCON
                                    1-   40     	extern	_BWUCON
                                    1-   41     	extern	_PCHBUF
                                    1-   42     	extern	_ABPLCON
                                    1-   43     	extern	_BPHCON
                                    1-   44     	extern	_INTE
                                    1-   45     	extern	_INTF
                                    1-   46     	extern	_ADMD
                                    1-   47     	extern	_ADR
                                    1-   48     	extern	_ADD
                                    1-   49     	extern	_ADVREFH
                                    1-   50     	extern	_ADCR
                                    1-   51     	extern	_AWUCON
                                    1-   52     	extern	_PACON
                                    1-   53     	extern	_INTEDG
                                    1-   54     	extern	_TMRH
                                    1-   55     	extern	_ANAEN
                                    1-   56     	extern	_RFC
                                    1-   57     	extern	_TM3RH
                                    1-   58     	extern	_INTE2
                                    1-   59     	extern	_TMR1
                                    1-   60     	extern	_T1CR1
                                    1-   61     	extern	_T1CR2
                                    1-   62     	extern	_PWM1DUTY
                                    1-   63     	extern	_PS1CV
                                    1-   64     	extern	_BZ1CR
                                    1-   65     	extern	_IRCR
                                    1-   66     	extern	_TBHP
                                    1-   67     	extern	_TBHD
                                    1-   68     	extern	_TMR2
                                    1-   69     	extern	_T2CR1
                                    1-   70     	extern	_T2CR2
                                    1-   71     	extern	_PWM2DUTY
                                    1-   72     	extern	_PS2CV
                                    1-   73     	extern	_BZ2CR
                                    1-   74     	extern	_OSCCR
                                    1-   75     	extern	_TMR3
                                    1-   76     	extern	_T3CR1
                                    1-   77     	extern	_T3CR2
                                    1-   78     	extern	_PWM3DUTY
                                    1-   79     	extern	_PS3CV
                                    1-   80     	extern	_BZ3CR
                                    1-   81     	extern	_IOSTA
                                    1-   82     	extern	_IOSTB
                                    1-   83     	extern	_APHCON
                                    1-   84     	extern	_PS0CV
                                    1-   85     	extern	_BODCON
                                    1-   86     	extern	_CMPCR
                                    1-   87     	extern	_PCON1
                                    1-   88     	extern	_T0MD
                                    1-   90     	extern PSAVE
                                    1-   91     	extern SSAVE
                                    1-   92     	extern WSAVE
                                    1-   93     	extern STK04
                                    1-   94     	extern STK03
                                    1-   95     	extern STK02
                                    1-   96     	extern STK01
                                    1-   97     	extern STK00
                                    1-   98     ;--------------------------------------------------------
                                    1-   99     ; global declarations
                                    1-  100     ;--------------------------------------------------------
                                    1-  101     	extern	_delayms
                                    1-  102     	extern	_setInput
                                    1-  103     	extern	_setOutput
                                    1-  104     	extern	_setlowOutput
                                    1-  105     	extern	_setHightOutput
                                    1-  106     	extern	_showNub
                                    1-  107     	extern	_G3
                                    1-  108     	extern	_F3
                                    1-  109     	extern	_E3
                                    1-  110     	extern	_D3
                                    1-  111     	extern	_C3
                                    1-  112     	extern	_B3
                                    1-  113     	extern	_A3
                                    1-  114     	extern	_G2
                                    1-  115     	extern	_F2
                                    1-  116     	extern	_E2
                                    1-  117     	extern	_D2
                                    1-  118     	extern	_C2
                                    1-  119     	extern	_B2
                                    1-  120     	extern	_A2
                                    1-  121     	extern	_showKeyLed
                                    1-  122     	extern	_showNubGewei2
                                    1-  123     	extern	_showNubGewei
                                    1-  124     	extern	_showNubShiwei2
                                    1-  125     	extern	_showNubShiwei
                                    1-  127     ;--------------------------------------------------------
                                    1-  128     ; global definitions
                                    1-  129     ;--------------------------------------------------------
                                    1-  130     ;--------------------------------------------------------
                                    1-  131     ; absolute symbol definitions
                                    1-  132     ;--------------------------------------------------------
                                    1-  133     ;--------------------------------------------------------
                                    1-  134     ; compiler-defined variables
                                    1-  135     ;--------------------------------------------------------
                                    1-  136     .segment "uninit"
     0000                           1-  137     r0x100D:
                                    1-  138     	.res	1
                                    1-  139     .segment "uninit"
     0000                           1-  140     r0x100E:
                                    1-  141     	.res	1
                                    1-  142     .segment "uninit"
     0000                           1-  143     r0x100F:
                                    1-  144     	.res	1
                                    1-  145     .segment "uninit"
     0000                           1-  146     r0x100C:
                                    1-  147     	.res	1
                                    1-  148     .segment "uninit"
     0000                           1-  149     r0x1009:
                                    1-  150     	.res	1
                                    1-  151     .segment "uninit"
     0000                           1-  152     r0x100A:
                                    1-  153     	.res	1
                                    1-  154     .segment "uninit"
     0000                           1-  155     r0x100B:
                                    1-  156     	.res	1
                                    1-  157     .segment "uninit"
     0000                           1-  158     r0x1008:
                                    1-  159     	.res	1
                                    1-  160     .segment "uninit"
     0000                           1-  161     r0x1006:
                                    1-  162     	.res	1
                                    1-  163     .segment "uninit"
     0000                           1-  164     r0x1007:
                                    1-  165     	.res	1
                                    1-  166     .segment "uninit"
     0000                           1-  167     r0x1005:
                                    1-  168     	.res	1
                                    1-  169     .segment "uninit"
     0000                           1-  170     r0x1004:
                                    1-  171     	.res	1
                                    1-  172     .segment "uninit"
     0000                           1-  173     r0x1003:
                                    1-  174     	.res	1
                                    1-  175     .segment "uninit"
     0000                           1-  176     r0x1002:
                                    1-  177     	.res	1
                                    1-  178     .segment "uninit"
     0000                           1-  179     r0x1000:
                                    1-  180     	.res	1
                                    1-  181     .segment "uninit"
     0000                           1-  182     r0x1001:
                                    1-  183     	.res	1
                                    1-  184     ;--------------------------------------------------------
                                    1-  185     ; initialized data
                                    1-  186     ;--------------------------------------------------------
                                    1-  187     ;--------------------------------------------------------
                                    1-  188     ; overlayable items in internal ram 
                                    1-  189     ;--------------------------------------------------------
                                    1-  190     ;	udata_ovr
                                    1-  191     ;--------------------------------------------------------
                                    1-  192     ; code
                                    1-  193     ;--------------------------------------------------------
                                    1-  194     ;***
                                    1-  195     ;  pBlock Stats: dbName = C
                                    1-  196     ;***
                                    1-  197     ;has an exit
                                    1-  198     ;2 compiler assigned registers:
                                    1-  199     ;   r0x1000
                                    1-  200     ;   r0x1001
                                    1-  201     ;; Starting pCode block
                                    1-  202     .segment "code"; module=number, function=_delayms
                                    1-  204     ;local variable name mapping:
     0000                           1-  207     _delayms:
                                    1-  208     ; 2 exit points
                                    1-  209     	.line	264, "number.c"; 	void delayms(u8t time)
                                    1-  210     	BANKSEL	r0x1000
     0000 rrrr                      3-  110 m1      .banksel ram_address
     0001 00rr                      1-  211     	MOVAR	r0x1000
                                    1-  212     	.line	266, "number.c"; 	for(u8t i=0;i<time;i++)
                                    1-  213     	BANKSEL	r0x1001
     0002 rrrr                      3-  110 m1      .banksel ram_address
     0003 02rr                      1-  214     	CLRR	r0x1001
     0004                           1-  215     _00328_DS_:
                                    1-  216     	BANKSEL	r0x1000
     0004 rrrr                      3-  110 m1      .banksel ram_address
     0005 01rr                      1-  217     	MOVR	r0x1000,W
                                    1-  218     	BANKSEL	r0x1001
     0006 rrrr                      3-  110 m1      .banksel ram_address
     0007 04rr                      1-  219     	SUBAR	r0x1001,W
     0008 0C03                      1-  220     	BTRSC	STATUS,0
                                    1-  221     	MGOTO	_00330_DS_
     0009 3rrr                      3-   63 m1      LGOTO rom_address
                                    1-  222     	.line	267, "number.c"; 	NOP();
     000A 0000                      1-  223     	nop
                                    1-  224     	.line	266, "number.c"; 	for(u8t i=0;i<time;i++)
                                    1-  225     	BANKSEL	r0x1001
     000B rrrr                      3-  110 m1      .banksel ram_address
     000C 05rr                      1-  226     	INCR	r0x1001,F
                                    1-  227     	MGOTO	_00328_DS_
     000D 3rrr                      3-   63 m1      LGOTO rom_address
     000E                           1-  228     _00330_DS_:
                                    1-  229     	.line	268, "number.c"; 	}
                                    1-  230     	RETURN	
     000E 0010                      3-   40 m1      ret
                                    1-  231     ; exit point of _delayms
                                    1-  233     ;***
                                    1-  234     ;  pBlock Stats: dbName = C
                                    1-  235     ;***
                                    1-  236     ;has an exit
                                    1-  237     ;1 compiler assigned register :
                                    1-  238     ;   r0x1002
                                    1-  239     ;; Starting pCode block
                                    1-  240     .segment "code"; module=number, function=_setInput
     0000                           1-  242     _setInput:
                                    1-  243     ; 2 exit points
                                    1-  244     	.line	260, "number.c"; 	IOSTA |= 0x07;		//PA0-PA1-A2设为输入脚
     0000 001r                      1-  245     	IOSTR	_IOSTA
                                    1-  246     	BANKSEL	r0x1002
     0001 rrrr                      3-  110 m1      .banksel ram_address
     0002 00rr                      1-  247     	MOVAR	r0x1002
     0003 2107                      1-  248     	MOVIA	0x07
     0004 11rr                      1-  249     	IORAR	r0x1002,F
     0005 01rr                      1-  250     	MOVR	r0x1002,W
     0006 000r                      1-  251     	IOST	_IOSTA
                                    1-  252     	.line	261, "number.c"; 	IOSTB |= 0x03;		//PB0-PB1设为输入脚
     0007 001r                      1-  253     	IOSTR	_IOSTB
     0008 00rr                      1-  254     	MOVAR	r0x1002
     0009 2103                      1-  255     	MOVIA	0x03
     000A 11rr                      1-  256     	IORAR	r0x1002,F
     000B 01rr                      1-  257     	MOVR	r0x1002,W
     000C 000r                      1-  258     	IOST	_IOSTB
                                    1-  259     	.line	262, "number.c"; 	}
                                    1-  260     	RETURN	
     000D 0010                      3-   40 m1      ret
                                    1-  261     ; exit point of _setInput
                                    1-  263     ;***
                                    1-  264     ;  pBlock Stats: dbName = C
                                    1-  265     ;***
                                    1-  266     ;has an exit
                                    1-  267     ;1 compiler assigned register :
                                    1-  268     ;   r0x1003
                                    1-  269     ;; Starting pCode block
                                    1-  270     .segment "code"; module=number, function=_setOutput
                                    1-  272     ;local variable name mapping:
     0000                           1-  274     _setOutput:
                                    1-  275     ; 2 exit points
                                    1-  276     	.line	235, "number.c"; 	void setOutput(char outPut)
                                    1-  277     	BANKSEL	r0x1003
     0000 rrrr                      3-  110 m1      .banksel ram_address
     0001 00rr                      1-  278     	MOVAR	r0x1003
                                    1-  279     ;;unsigned compare: left < lit (0x1=1), size=1
                                    1-  280     	.line	237, "number.c"; 	switch(outPut)
     0002 2101                      1-  281     	MOVIA	0x01
     0003 04rr                      1-  282     	SUBAR	r0x1003,W
     0004 0803                      1-  283     	BTRSS	STATUS,0
                                    1-  284     	MGOTO	_00307_DS_
     0005 3rrr                      3-   63 m1      LGOTO rom_address
                                    1-  285     ;;swapping arguments (AOP_TYPEs 1/2)
                                    1-  286     ;;unsigned compare: left >= lit (0x6=6), size=1
     0006 2106                      1-  287     	MOVIA	0x06
     0007 04rr                      1-  288     	SUBAR	r0x1003,W
     0008 0C03                      1-  289     	BTRSC	STATUS,0
                                    1-  290     	MGOTO	_00307_DS_
     0009 3rrr                      3-   63 m1      LGOTO rom_address
     000A 06rr                      1-  291     	DECR	r0x1003,F
     000B 21rr                      1-  292     	MOVIA	((_00317_DS_ >> 8) & 0xff)
     000C 008A                      1-  293     	MOVAR	PCHBUF
     000D 01rr                      1-  294     	MOVR	r0x1003,W
     000E 25rr                      1-  295     	ADDIA	_00317_DS_
     000F 0C03                      1-  296     	BTRSC	STATUS,0
     0010 058A                      1-  297     	INCR	PCHBUF,F
     0011 0082                      1-  298     	MOVAR	PCL
     0012                           1-  299     _00317_DS_:
                                    1-  300     	MGOTO	_00301_DS_
     0012 3rrr                      3-   63 m1      LGOTO rom_address
                                    1-  301     	MGOTO	_00302_DS_
     0013 3rrr                      3-   63 m1      LGOTO rom_address
                                    1-  302     	MGOTO	_00303_DS_
     0014 3rrr                      3-   63 m1      LGOTO rom_address
                                    1-  303     	MGOTO	_00304_DS_
     0015 3rrr                      3-   63 m1      LGOTO rom_address
                                    1-  304     	MGOTO	_00305_DS_
     0016 3rrr                      3-   63 m1      LGOTO rom_address
     0017                           1-  305     _00301_DS_:
                                    1-  306     	.line	241, "number.c"; 	IOSTB &= 0xFE;
     0017 001r                      1-  307     	IOSTR	_IOSTB
                                    1-  308     	BANKSEL	r0x1003
     0018 rrrr                      3-  110 m1      .banksel ram_address
     0019 00rr                      1-  309     	MOVAR	r0x1003
     001A 1Crr                      1-  310     	BCR	r0x1003,0
     001B 01rr                      1-  311     	MOVR	r0x1003,W
     001C 000r                      1-  312     	IOST	_IOSTB
                                    1-  313     	.line	242, "number.c"; 	break;
                                    1-  314     	MGOTO	_00307_DS_
     001D 3rrr                      3-   63 m1      LGOTO rom_address
     001E                           1-  315     _00302_DS_:
                                    1-  316     	.line	244, "number.c"; 	IOSTA &= 0xFE;
     001E 001r                      1-  317     	IOSTR	_IOSTA
                                    1-  318     	BANKSEL	r0x1003
     001F rrrr                      3-  110 m1      .banksel ram_address
     0020 00rr                      1-  319     	MOVAR	r0x1003
     0021 1Crr                      1-  320     	BCR	r0x1003,0
     0022 01rr                      1-  321     	MOVR	r0x1003,W
     0023 000r                      1-  322     	IOST	_IOSTA
                                    1-  323     	.line	245, "number.c"; 	break;
                                    1-  324     	MGOTO	_00307_DS_
     0024 3rrr                      3-   63 m1      LGOTO rom_address
     0025                           1-  325     _00303_DS_:
                                    1-  326     	.line	247, "number.c"; 	IOSTA &= 0xFD;
     0025 001r                      1-  327     	IOSTR	_IOSTA
                                    1-  328     	BANKSEL	r0x1003
     0026 rrrr                      3-  110 m1      .banksel ram_address
     0027 00rr                      1-  329     	MOVAR	r0x1003
     0028 1Crr                      1-  330     	BCR	r0x1003,1
     0029 01rr                      1-  331     	MOVR	r0x1003,W
     002A 000r                      1-  332     	IOST	_IOSTA
                                    1-  333     	.line	248, "number.c"; 	break;
                                    1-  334     	MGOTO	_00307_DS_
     002B 3rrr                      3-   63 m1      LGOTO rom_address
     002C                           1-  335     _00304_DS_:
                                    1-  336     	.line	250, "number.c"; 	IOSTA &= 0xFB;
     002C 001r                      1-  337     	IOSTR	_IOSTA
                                    1-  338     	BANKSEL	r0x1003
     002D rrrr                      3-  110 m1      .banksel ram_address
     002E 00rr                      1-  339     	MOVAR	r0x1003
     002F 1Drr                      1-  340     	BCR	r0x1003,2
     0030 01rr                      1-  341     	MOVR	r0x1003,W
     0031 000r                      1-  342     	IOST	_IOSTA
                                    1-  343     	.line	251, "number.c"; 	break;
                                    1-  344     	MGOTO	_00307_DS_
     0032 3rrr                      3-   63 m1      LGOTO rom_address
     0033                           1-  345     _00305_DS_:
                                    1-  346     	.line	253, "number.c"; 	IOSTB &= 0xFD;
     0033 001r                      1-  347     	IOSTR	_IOSTB
                                    1-  348     	BANKSEL	r0x1003
     0034 rrrr                      3-  110 m1      .banksel ram_address
     0035 00rr                      1-  349     	MOVAR	r0x1003
     0036 1Crr                      1-  350     	BCR	r0x1003,1
     0037 01rr                      1-  351     	MOVR	r0x1003,W
     0038 000r                      1-  352     	IOST	_IOSTB
     0039                           1-  353     _00307_DS_:
                                    1-  354     	.line	256, "number.c"; 	}
                                    1-  355     	RETURN	
     0039 0010                      3-   40 m1      ret
                                    1-  356     ; exit point of _setOutput
                                    1-  358     ;***
                                    1-  359     ;  pBlock Stats: dbName = C
                                    1-  360     ;***
                                    1-  361     ;has an exit
                                    1-  362     ;1 compiler assigned register :
                                    1-  363     ;   r0x1004
                                    1-  364     ;; Starting pCode block
                                    1-  365     .segment "code"; module=number, function=_setlowOutput
                                    1-  367     ;local variable name mapping:
     0000                           1-  369     _setlowOutput:
                                    1-  370     ; 2 exit points
                                    1-  371     	.line	211, "number.c"; 	void setlowOutput(char outPut)
                                    1-  372     	BANKSEL	r0x1004
     0000 rrrr                      3-  110 m1      .banksel ram_address
     0001 00rr                      1-  373     	MOVAR	r0x1004
                                    1-  374     ;;unsigned compare: left < lit (0x1=1), size=1
                                    1-  375     	.line	213, "number.c"; 	switch(outPut)
     0002 2101                      1-  376     	MOVIA	0x01
     0003 04rr                      1-  377     	SUBAR	r0x1004,W
     0004 0803                      1-  378     	BTRSS	STATUS,0
                                    1-  379     	MGOTO	_00286_DS_
     0005 3rrr                      3-   63 m1      LGOTO rom_address
                                    1-  380     ;;swapping arguments (AOP_TYPEs 1/2)
                                    1-  381     ;;unsigned compare: left >= lit (0x6=6), size=1
     0006 2106                      1-  382     	MOVIA	0x06
     0007 04rr                      1-  383     	SUBAR	r0x1004,W
     0008 0C03                      1-  384     	BTRSC	STATUS,0
                                    1-  385     	MGOTO	_00286_DS_
     0009 3rrr                      3-   63 m1      LGOTO rom_address
     000A 06rr                      1-  386     	DECR	r0x1004,F
     000B 21rr                      1-  387     	MOVIA	((_00296_DS_ >> 8) & 0xff)
     000C 008A                      1-  388     	MOVAR	PCHBUF
     000D 01rr                      1-  389     	MOVR	r0x1004,W
     000E 25rr                      1-  390     	ADDIA	_00296_DS_
     000F 0C03                      1-  391     	BTRSC	STATUS,0
     0010 058A                      1-  392     	INCR	PCHBUF,F
     0011 0082                      1-  393     	MOVAR	PCL
     0012                           1-  394     _00296_DS_:
                                    1-  395     	MGOTO	_00280_DS_
     0012 3rrr                      3-   63 m1      LGOTO rom_address
                                    1-  396     	MGOTO	_00281_DS_
     0013 3rrr                      3-   63 m1      LGOTO rom_address
                                    1-  397     	MGOTO	_00282_DS_
     0014 3rrr                      3-   63 m1      LGOTO rom_address
                                    1-  398     	MGOTO	_00283_DS_
     0015 3rrr                      3-   63 m1      LGOTO rom_address
                                    1-  399     	MGOTO	_00284_DS_
     0016 3rrr                      3-   63 m1      LGOTO rom_address
     0017                           1-  400     _00280_DS_:
                                    1-  401     	.line	217, "number.c"; 	PORTB &= 0xFE;
     0017 1Crr                      1-  402     	BCR	_PORTB,0
                                    1-  403     	.line	218, "number.c"; 	break;
                                    1-  404     	MGOTO	_00286_DS_
     0018 3rrr                      3-   63 m1      LGOTO rom_address
     0019                           1-  405     _00281_DS_:
                                    1-  406     	.line	220, "number.c"; 	PORTA &= 0xFE;
     0019 1Crr                      1-  407     	BCR	_PORTA,0
                                    1-  408     	.line	221, "number.c"; 	break;
                                    1-  409     	MGOTO	_00286_DS_
     001A 3rrr                      3-   63 m1      LGOTO rom_address
     001B                           1-  410     _00282_DS_:
                                    1-  411     	.line	223, "number.c"; 	PORTA &= 0xFD;
     001B 1Crr                      1-  412     	BCR	_PORTA,1
                                    1-  413     	.line	224, "number.c"; 	break;
                                    1-  414     	MGOTO	_00286_DS_
     001C 3rrr                      3-   63 m1      LGOTO rom_address
     001D                           1-  415     _00283_DS_:
                                    1-  416     	.line	226, "number.c"; 	PORTA &= 0xFB;
     001D 1Drr                      1-  417     	BCR	_PORTA,2
                                    1-  418     	.line	227, "number.c"; 	break;
                                    1-  419     	MGOTO	_00286_DS_
     001E 3rrr                      3-   63 m1      LGOTO rom_address
     001F                           1-  420     _00284_DS_:
                                    1-  421     	.line	229, "number.c"; 	PORTB &= 0xFD;
     001F 1Crr                      1-  422     	BCR	_PORTB,1
     0020                           1-  423     _00286_DS_:
                                    1-  424     	.line	232, "number.c"; 	}
                                    1-  425     	RETURN	
     0020 0010                      3-   40 m1      ret
                                    1-  426     ; exit point of _setlowOutput
                                    1-  428     ;***
                                    1-  429     ;  pBlock Stats: dbName = C
                                    1-  430     ;***
                                    1-  431     ;has an exit
                                    1-  432     ;1 compiler assigned register :
                                    1-  433     ;   r0x1005
                                    1-  434     ;; Starting pCode block
                                    1-  435     .segment "code"; module=number, function=_setHightOutput
                                    1-  437     ;local variable name mapping:
     0000                           1-  439     _setHightOutput:
                                    1-  440     ; 2 exit points
                                    1-  441     	.line	187, "number.c"; 	void setHightOutput(char outPut)
                                    1-  442     	BANKSEL	r0x1005
     0000 rrrr                      3-  110 m1      .banksel ram_address
     0001 00rr                      1-  443     	MOVAR	r0x1005
                                    1-  444     ;;unsigned compare: left < lit (0x1=1), size=1
                                    1-  445     	.line	189, "number.c"; 	switch(outPut)
     0002 2101                      1-  446     	MOVIA	0x01
     0003 04rr                      1-  447     	SUBAR	r0x1005,W
     0004 0803                      1-  448     	BTRSS	STATUS,0
                                    1-  449     	MGOTO	_00265_DS_
     0005 3rrr                      3-   63 m1      LGOTO rom_address
                                    1-  450     ;;swapping arguments (AOP_TYPEs 1/2)
                                    1-  451     ;;unsigned compare: left >= lit (0x6=6), size=1
     0006 2106                      1-  452     	MOVIA	0x06
     0007 04rr                      1-  453     	SUBAR	r0x1005,W
     0008 0C03                      1-  454     	BTRSC	STATUS,0
                                    1-  455     	MGOTO	_00265_DS_
     0009 3rrr                      3-   63 m1      LGOTO rom_address
     000A 06rr                      1-  456     	DECR	r0x1005,F
     000B 21rr                      1-  457     	MOVIA	((_00275_DS_ >> 8) & 0xff)
     000C 008A                      1-  458     	MOVAR	PCHBUF
     000D 01rr                      1-  459     	MOVR	r0x1005,W
     000E 25rr                      1-  460     	ADDIA	_00275_DS_
     000F 0C03                      1-  461     	BTRSC	STATUS,0
     0010 058A                      1-  462     	INCR	PCHBUF,F
     0011 0082                      1-  463     	MOVAR	PCL
     0012                           1-  464     _00275_DS_:
                                    1-  465     	MGOTO	_00259_DS_
     0012 3rrr                      3-   63 m1      LGOTO rom_address
                                    1-  466     	MGOTO	_00260_DS_
     0013 3rrr                      3-   63 m1      LGOTO rom_address
                                    1-  467     	MGOTO	_00261_DS_
     0014 3rrr                      3-   63 m1      LGOTO rom_address
                                    1-  468     	MGOTO	_00262_DS_
     0015 3rrr                      3-   63 m1      LGOTO rom_address
                                    1-  469     	MGOTO	_00263_DS_
     0016 3rrr                      3-   63 m1      LGOTO rom_address
     0017                           1-  470     _00259_DS_:
                                    1-  471     	.line	193, "number.c"; 	PORTB |= 0x01;
     0017 18rr                      1-  472     	BSR	_PORTB,0
                                    1-  473     	.line	194, "number.c"; 	break;
                                    1-  474     	MGOTO	_00265_DS_
     0018 3rrr                      3-   63 m1      LGOTO rom_address
     0019                           1-  475     _00260_DS_:
                                    1-  476     	.line	196, "number.c"; 	PORTA |= 0x01;
     0019 18rr                      1-  477     	BSR	_PORTA,0
                                    1-  478     	.line	197, "number.c"; 	break;
                                    1-  479     	MGOTO	_00265_DS_
     001A 3rrr                      3-   63 m1      LGOTO rom_address
     001B                           1-  480     _00261_DS_:
                                    1-  481     	.line	199, "number.c"; 	PORTA |= 0x02;
     001B 18rr                      1-  482     	BSR	_PORTA,1
                                    1-  483     	.line	200, "number.c"; 	break;
                                    1-  484     	MGOTO	_00265_DS_
     001C 3rrr                      3-   63 m1      LGOTO rom_address
     001D                           1-  485     _00262_DS_:
                                    1-  486     	.line	202, "number.c"; 	PORTA |= 0x04;
     001D 19rr                      1-  487     	BSR	_PORTA,2
                                    1-  488     	.line	203, "number.c"; 	break;
                                    1-  489     	MGOTO	_00265_DS_
     001E 3rrr                      3-   63 m1      LGOTO rom_address
     001F                           1-  490     _00263_DS_:
                                    1-  491     	.line	205, "number.c"; 	PORTB |= 0x02;
     001F 18rr                      1-  492     	BSR	_PORTB,1
     0020                           1-  493     _00265_DS_:
                                    1-  494     	.line	208, "number.c"; 	}
                                    1-  495     	RETURN	
     0020 0010                      3-   40 m1      ret
                                    1-  496     ; exit point of _setHightOutput
                                    1-  498     ;***
                                    1-  499     ;  pBlock Stats: dbName = C
                                    1-  500     ;***
                                    1-  501     ;has an exit
                                    1-  502     ;functions called:
                                    1-  503     ;   _setInput
                                    1-  504     ;   _setOutput
                                    1-  505     ;   _setHightOutput
                                    1-  506     ;   _setOutput
                                    1-  507     ;   _setlowOutput
                                    1-  508     ;   _delayms
                                    1-  509     ;   _setInput
                                    1-  510     ;   _setOutput
                                    1-  511     ;   _setHightOutput
                                    1-  512     ;   _setOutput
                                    1-  513     ;   _setlowOutput
                                    1-  514     ;   _delayms
                                    1-  515     ;3 compiler assigned registers:
                                    1-  516     ;   r0x1006
                                    1-  517     ;   STK00
                                    1-  518     ;   r0x1007
                                    1-  519     ;; Starting pCode block
                                    1-  520     .segment "code"; module=number, function=_showNub
                                    1-  522     ;local variable name mapping:
     0000                           1-  525     _showNub:
                                    1-  526     ; 2 exit points
                                    1-  527     	.line	171, "number.c"; 	void showNub(char hight,char low)
                                    1-  528     	BANKSEL	r0x1006
     0000 rrrr                      3-  110 m1      .banksel ram_address
     0001 00rr                      1-  529     	MOVAR	r0x1006
     0002 01rr                      1-  530     	MOVR	STK00,W
                                    1-  531     	BANKSEL	r0x1007
     0003 rrrr                      3-  110 m1      .banksel ram_address
     0004 00rr                      1-  532     	MOVAR	r0x1007
                                    1-  533     	.line	173, "number.c"; 	setInput();
                                    1-  534     	MCALL	_setInput
     0005 2rrr                      3-   66 m1      LCALL rom_address
                                    1-  535     	.line	174, "number.c"; 	PORTA &= 0xF8;		
     0006 21F8                      1-  536     	MOVIA	0xf8
     0007 10rr                      1-  537     	ANDAR	_PORTA,F
                                    1-  538     	.line	175, "number.c"; 	PORTB &= 0xFC;
     0008 21FC                      1-  539     	MOVIA	0xfc
     0009 10rr                      1-  540     	ANDAR	_PORTB,F
                                    1-  541     	.line	176, "number.c"; 	setOutput(hight);	//设置输出方向
                                    1-  542     	BANKSEL	r0x1006
     000A rrrr                      3-  110 m1      .banksel ram_address
     000B 01rr                      1-  543     	MOVR	r0x1006,W
                                    1-  544     	MCALL	_setOutput
     000C 2rrr                      3-   66 m1      LCALL rom_address
                                    1-  545     	.line	177, "number.c"; 	setHightOutput(hight);
                                    1-  546     	BANKSEL	r0x1006
     000D rrrr                      3-  110 m1      .banksel ram_address
     000E 01rr                      1-  547     	MOVR	r0x1006,W
                                    1-  548     	MCALL	_setHightOutput
     000F 2rrr                      3-   66 m1      LCALL rom_address
                                    1-  549     	.line	178, "number.c"; 	setOutput(low);		//设置输出方向
                                    1-  550     	BANKSEL	r0x1007
     0010 rrrr                      3-  110 m1      .banksel ram_address
     0011 01rr                      1-  551     	MOVR	r0x1007,W
                                    1-  552     	MCALL	_setOutput
     0012 2rrr                      3-   66 m1      LCALL rom_address
                                    1-  553     	.line	179, "number.c"; 	setlowOutput(low);
                                    1-  554     	BANKSEL	r0x1007
     0013 rrrr                      3-  110 m1      .banksel ram_address
     0014 01rr                      1-  555     	MOVR	r0x1007,W
                                    1-  556     	MCALL	_setlowOutput
     0015 2rrr                      3-   66 m1      LCALL rom_address
                                    1-  557     	.line	180, "number.c"; 	delayms(10);
     0016 210A                      1-  558     	MOVIA	0x0a
                                    1-  559     	MCALL	_delayms
     0017 2rrr                      3-   66 m1      LCALL rom_address
                                    1-  560     	.line	181, "number.c"; 	CLRWDT(); 
     0018 0002                      1-  561     	clrwdt
                                    1-  562     	.line	182, "number.c"; 	PORTA &= 0xF8;		
     0019 21F8                      1-  563     	MOVIA	0xf8
     001A 10rr                      1-  564     	ANDAR	_PORTA,F
                                    1-  565     	.line	183, "number.c"; 	PORTB &= 0xFC;
     001B 21FC                      1-  566     	MOVIA	0xfc
     001C 10rr                      1-  567     	ANDAR	_PORTB,F
                                    1-  568     	.line	184, "number.c"; 	}
                                    1-  569     	RETURN	
     001D 0010                      3-   40 m1      ret
                                    1-  570     ; exit point of _showNub
                                    1-  572     ;***
                                    1-  573     ;  pBlock Stats: dbName = C
                                    1-  574     ;***
                                    1-  575     ;has an exit
                                    1-  576     ;functions called:
                                    1-  577     ;   _showNub
                                    1-  578     ;   _showNub
                                    1-  579     ;1 compiler assigned register :
                                    1-  580     ;   STK00
                                    1-  581     ;; Starting pCode block
                                    1-  582     .segment "code"; module=number, function=_G3
     0000                           1-  584     _G3:
                                    1-  585     ; 2 exit points
                                    1-  586     	.line	167, "number.c"; 	showNub(1,5);
     0000 2105                      1-  587     	MOVIA	0x05
     0001 00rr                      1-  588     	MOVAR	STK00
     0002 2101                      1-  589     	MOVIA	0x01
                                    1-  590     	MCALL	_showNub
     0003 2rrr                      3-   66 m1      LCALL rom_address
                                    1-  591     	.line	168, "number.c"; 	}
                                    1-  592     	RETURN	
     0004 0010                      3-   40 m1      ret
                                    1-  593     ; exit point of _G3
                                    1-  595     ;***
                                    1-  596     ;  pBlock Stats: dbName = C
                                    1-  597     ;***
                                    1-  598     ;has an exit
                                    1-  599     ;functions called:
                                    1-  600     ;   _showNub
                                    1-  601     ;   _showNub
                                    1-  602     ;1 compiler assigned register :
                                    1-  603     ;   STK00
                                    1-  604     ;; Starting pCode block
                                    1-  605     .segment "code"; module=number, function=_F3
     0000                           1-  607     _F3:
                                    1-  608     ; 2 exit points
                                    1-  609     	.line	162, "number.c"; 	showNub(1,4);
     0000 2104                      1-  610     	MOVIA	0x04
     0001 00rr                      1-  611     	MOVAR	STK00
     0002 2101                      1-  612     	MOVIA	0x01
                                    1-  613     	MCALL	_showNub
     0003 2rrr                      3-   66 m1      LCALL rom_address
                                    1-  614     	.line	163, "number.c"; 	}
                                    1-  615     	RETURN	
     0004 0010                      3-   40 m1      ret
                                    1-  616     ; exit point of _F3
                                    1-  618     ;***
                                    1-  619     ;  pBlock Stats: dbName = C
                                    1-  620     ;***
                                    1-  621     ;has an exit
                                    1-  622     ;functions called:
                                    1-  623     ;   _showNub
                                    1-  624     ;   _showNub
                                    1-  625     ;1 compiler assigned register :
                                    1-  626     ;   STK00
                                    1-  627     ;; Starting pCode block
                                    1-  628     .segment "code"; module=number, function=_E3
     0000                           1-  630     _E3:
                                    1-  631     ; 2 exit points
                                    1-  632     	.line	157, "number.c"; 	showNub(4,1);
     0000 2101                      1-  633     	MOVIA	0x01
     0001 00rr                      1-  634     	MOVAR	STK00
     0002 2104                      1-  635     	MOVIA	0x04
                                    1-  636     	MCALL	_showNub
     0003 2rrr                      3-   66 m1      LCALL rom_address
                                    1-  637     	.line	158, "number.c"; 	}
                                    1-  638     	RETURN	
     0004 0010                      3-   40 m1      ret
                                    1-  639     ; exit point of _E3
                                    1-  641     ;***
                                    1-  642     ;  pBlock Stats: dbName = C
                                    1-  643     ;***
                                    1-  644     ;has an exit
                                    1-  645     ;functions called:
                                    1-  646     ;   _showNub
                                    1-  647     ;   _showNub
                                    1-  648     ;1 compiler assigned register :
                                    1-  649     ;   STK00
                                    1-  650     ;; Starting pCode block
                                    1-  651     .segment "code"; module=number, function=_D3
     0000                           1-  653     _D3:
                                    1-  654     ; 2 exit points
                                    1-  655     	.line	152, "number.c"; 	showNub(1,3);
     0000 2103                      1-  656     	MOVIA	0x03
     0001 00rr                      1-  657     	MOVAR	STK00
     0002 2101                      1-  658     	MOVIA	0x01
                                    1-  659     	MCALL	_showNub
     0003 2rrr                      3-   66 m1      LCALL rom_address
                                    1-  660     	.line	153, "number.c"; 	}
                                    1-  661     	RETURN	
     0004 0010                      3-   40 m1      ret
                                    1-  662     ; exit point of _D3
                                    1-  664     ;***
                                    1-  665     ;  pBlock Stats: dbName = C
                                    1-  666     ;***
                                    1-  667     ;has an exit
                                    1-  668     ;functions called:
                                    1-  669     ;   _showNub
                                    1-  670     ;   _showNub
                                    1-  671     ;1 compiler assigned register :
                                    1-  672     ;   STK00
                                    1-  673     ;; Starting pCode block
                                    1-  674     .segment "code"; module=number, function=_C3
     0000                           1-  676     _C3:
                                    1-  677     ; 2 exit points
                                    1-  678     	.line	147, "number.c"; 	showNub(3,1);
     0000 2101                      1-  679     	MOVIA	0x01
     0001 00rr                      1-  680     	MOVAR	STK00
     0002 2103                      1-  681     	MOVIA	0x03
                                    1-  682     	MCALL	_showNub
     0003 2rrr                      3-   66 m1      LCALL rom_address
                                    1-  683     	.line	148, "number.c"; 	}
                                    1-  684     	RETURN	
     0004 0010                      3-   40 m1      ret
                                    1-  685     ; exit point of _C3
                                    1-  687     ;***
                                    1-  688     ;  pBlock Stats: dbName = C
                                    1-  689     ;***
                                    1-  690     ;has an exit
                                    1-  691     ;functions called:
                                    1-  692     ;   _showNub
                                    1-  693     ;   _showNub
                                    1-  694     ;1 compiler assigned register :
                                    1-  695     ;   STK00
                                    1-  696     ;; Starting pCode block
                                    1-  697     .segment "code"; module=number, function=_B3
     0000                           1-  699     _B3:
                                    1-  700     ; 2 exit points
                                    1-  701     	.line	142, "number.c"; 	showNub(1,2);
     0000 2102                      1-  702     	MOVIA	0x02
     0001 00rr                      1-  703     	MOVAR	STK00
     0002 2101                      1-  704     	MOVIA	0x01
                                    1-  705     	MCALL	_showNub
     0003 2rrr                      3-   66 m1      LCALL rom_address
                                    1-  706     	.line	143, "number.c"; 	}
                                    1-  707     	RETURN	
     0004 0010                      3-   40 m1      ret
                                    1-  708     ; exit point of _B3
                                    1-  710     ;***
                                    1-  711     ;  pBlock Stats: dbName = C
                                    1-  712     ;***
                                    1-  713     ;has an exit
                                    1-  714     ;functions called:
                                    1-  715     ;   _showNub
                                    1-  716     ;   _showNub
                                    1-  717     ;1 compiler assigned register :
                                    1-  718     ;   STK00
                                    1-  719     ;; Starting pCode block
                                    1-  720     .segment "code"; module=number, function=_A3
     0000                           1-  722     _A3:
                                    1-  723     ; 2 exit points
                                    1-  724     	.line	137, "number.c"; 	showNub(2,1);
     0000 2101                      1-  725     	MOVIA	0x01
     0001 00rr                      1-  726     	MOVAR	STK00
     0002 2102                      1-  727     	MOVIA	0x02
                                    1-  728     	MCALL	_showNub
     0003 2rrr                      3-   66 m1      LCALL rom_address
                                    1-  729     	.line	138, "number.c"; 	}
                                    1-  730     	RETURN	
     0004 0010                      3-   40 m1      ret
                                    1-  731     ; exit point of _A3
                                    1-  733     ;***
                                    1-  734     ;  pBlock Stats: dbName = C
                                    1-  735     ;***
                                    1-  736     ;has an exit
                                    1-  737     ;functions called:
                                    1-  738     ;   _showNub
                                    1-  739     ;   _showNub
                                    1-  740     ;1 compiler assigned register :
                                    1-  741     ;   STK00
                                    1-  742     ;; Starting pCode block
                                    1-  743     .segment "code"; module=number, function=_G2
     0000                           1-  745     _G2:
                                    1-  746     ; 2 exit points
                                    1-  747     	.line	132, "number.c"; 	showNub(4,5);
     0000 2105                      1-  748     	MOVIA	0x05
     0001 00rr                      1-  749     	MOVAR	STK00
     0002 2104                      1-  750     	MOVIA	0x04
                                    1-  751     	MCALL	_showNub
     0003 2rrr                      3-   66 m1      LCALL rom_address
                                    1-  752     	.line	133, "number.c"; 	}
                                    1-  753     	RETURN	
     0004 0010                      3-   40 m1      ret
                                    1-  754     ; exit point of _G2
                                    1-  756     ;***
                                    1-  757     ;  pBlock Stats: dbName = C
                                    1-  758     ;***
                                    1-  759     ;has an exit
                                    1-  760     ;functions called:
                                    1-  761     ;   _showNub
                                    1-  762     ;   _showNub
                                    1-  763     ;1 compiler assigned register :
                                    1-  764     ;   STK00
                                    1-  765     ;; Starting pCode block
                                    1-  766     .segment "code"; module=number, function=_F2
     0000                           1-  768     _F2:
                                    1-  769     ; 2 exit points
                                    1-  770     	.line	127, "number.c"; 	showNub(3,5);
     0000 2105                      1-  771     	MOVIA	0x05
     0001 00rr                      1-  772     	MOVAR	STK00
     0002 2103                      1-  773     	MOVIA	0x03
                                    1-  774     	MCALL	_showNub
     0003 2rrr                      3-   66 m1      LCALL rom_address
                                    1-  775     	.line	128, "number.c"; 	}
                                    1-  776     	RETURN	
     0004 0010                      3-   40 m1      ret
                                    1-  777     ; exit point of _F2
                                    1-  779     ;***
                                    1-  780     ;  pBlock Stats: dbName = C
                                    1-  781     ;***
                                    1-  782     ;has an exit
                                    1-  783     ;functions called:
                                    1-  784     ;   _showNub
                                    1-  785     ;   _showNub
                                    1-  786     ;1 compiler assigned register :
                                    1-  787     ;   STK00
                                    1-  788     ;; Starting pCode block
                                    1-  789     .segment "code"; module=number, function=_E2
     0000                           1-  791     _E2:
                                    1-  792     ; 2 exit points
                                    1-  793     	.line	122, "number.c"; 	showNub(2,5);
     0000 2105                      1-  794     	MOVIA	0x05
     0001 00rr                      1-  795     	MOVAR	STK00
     0002 2102                      1-  796     	MOVIA	0x02
                                    1-  797     	MCALL	_showNub
     0003 2rrr                      3-   66 m1      LCALL rom_address
                                    1-  798     	.line	123, "number.c"; 	}
                                    1-  799     	RETURN	
     0004 0010                      3-   40 m1      ret
                                    1-  800     ; exit point of _E2
                                    1-  802     ;***
                                    1-  803     ;  pBlock Stats: dbName = C
                                    1-  804     ;***
                                    1-  805     ;has an exit
                                    1-  806     ;functions called:
                                    1-  807     ;   _showNub
                                    1-  808     ;   _showNub
                                    1-  809     ;1 compiler assigned register :
                                    1-  810     ;   STK00
                                    1-  811     ;; Starting pCode block
                                    1-  812     .segment "code"; module=number, function=_D2
     0000                           1-  814     _D2:
                                    1-  815     ; 2 exit points
                                    1-  816     	.line	117, "number.c"; 	showNub(2,4);
     0000 2104                      1-  817     	MOVIA	0x04
     0001 00rr                      1-  818     	MOVAR	STK00
     0002 2102                      1-  819     	MOVIA	0x02
                                    1-  820     	MCALL	_showNub
     0003 2rrr                      3-   66 m1      LCALL rom_address
                                    1-  821     	.line	118, "number.c"; 	}
                                    1-  822     	RETURN	
     0004 0010                      3-   40 m1      ret
                                    1-  823     ; exit point of _D2
                                    1-  825     ;***
                                    1-  826     ;  pBlock Stats: dbName = C
                                    1-  827     ;***
                                    1-  828     ;has an exit
                                    1-  829     ;functions called:
                                    1-  830     ;   _showNub
                                    1-  831     ;   _showNub
                                    1-  832     ;1 compiler assigned register :
                                    1-  833     ;   STK00
                                    1-  834     ;; Starting pCode block
                                    1-  835     .segment "code"; module=number, function=_C2
     0000                           1-  837     _C2:
                                    1-  838     ; 2 exit points
                                    1-  839     	.line	112, "number.c"; 	showNub(3,4);
     0000 2104                      1-  840     	MOVIA	0x04
     0001 00rr                      1-  841     	MOVAR	STK00
     0002 2103                      1-  842     	MOVIA	0x03
                                    1-  843     	MCALL	_showNub
     0003 2rrr                      3-   66 m1      LCALL rom_address
                                    1-  844     	.line	113, "number.c"; 	}
                                    1-  845     	RETURN	
     0004 0010                      3-   40 m1      ret
                                    1-  846     ; exit point of _C2
                                    1-  848     ;***
                                    1-  849     ;  pBlock Stats: dbName = C
                                    1-  850     ;***
                                    1-  851     ;has an exit
                                    1-  852     ;functions called:
                                    1-  853     ;   _showNub
                                    1-  854     ;   _showNub
                                    1-  855     ;1 compiler assigned register :
                                    1-  856     ;   STK00
                                    1-  857     ;; Starting pCode block
                                    1-  858     .segment "code"; module=number, function=_B2
     0000                           1-  860     _B2:
                                    1-  861     ; 2 exit points
                                    1-  862     	.line	107, "number.c"; 	showNub(2,3);
     0000 2103                      1-  863     	MOVIA	0x03
     0001 00rr                      1-  864     	MOVAR	STK00
     0002 2102                      1-  865     	MOVIA	0x02
                                    1-  866     	MCALL	_showNub
     0003 2rrr                      3-   66 m1      LCALL rom_address
                                    1-  867     	.line	108, "number.c"; 	}
                                    1-  868     	RETURN	
     0004 0010                      3-   40 m1      ret
                                    1-  869     ; exit point of _B2
                                    1-  871     ;***
                                    1-  872     ;  pBlock Stats: dbName = C
                                    1-  873     ;***
                                    1-  874     ;has an exit
                                    1-  875     ;functions called:
                                    1-  876     ;   _showNub
                                    1-  877     ;   _showNub
                                    1-  878     ;1 compiler assigned register :
                                    1-  879     ;   STK00
                                    1-  880     ;; Starting pCode block
                                    1-  881     .segment "code"; module=number, function=_A2
     0000                           1-  883     _A2:
                                    1-  884     ; 2 exit points
                                    1-  885     	.line	102, "number.c"; 	showNub(3,2);
     0000 2102                      1-  886     	MOVIA	0x02
     0001 00rr                      1-  887     	MOVAR	STK00
     0002 2103                      1-  888     	MOVIA	0x03
                                    1-  889     	MCALL	_showNub
     0003 2rrr                      3-   66 m1      LCALL rom_address
                                    1-  890     	.line	103, "number.c"; 	}
                                    1-  891     	RETURN	
     0004 0010                      3-   40 m1      ret
                                    1-  892     ; exit point of _A2
                                    1-  894     ;***
                                    1-  895     ;  pBlock Stats: dbName = C
                                    1-  896     ;***
                                    1-  897     ;has an exit
                                    1-  898     ;functions called:
                                    1-  899     ;   _showNub
                                    1-  900     ;   _showNub
                                    1-  901     ;   _showNub
                                    1-  902     ;   _showNub
                                    1-  903     ;1 compiler assigned register :
                                    1-  904     ;   STK00
                                    1-  905     ;; Starting pCode block
                                    1-  906     .segment "code"; module=number, function=_showKeyLed
     0000                           1-  908     _showKeyLed:
                                    1-  909     ; 2 exit points
                                    1-  910     	.line	95, "number.c"; 	showNub(5,1);
     0000 2101                      1-  911     	MOVIA	0x01
     0001 00rr                      1-  912     	MOVAR	STK00
     0002 2105                      1-  913     	MOVIA	0x05
                                    1-  914     	MCALL	_showNub
     0003 2rrr                      3-   66 m1      LCALL rom_address
                                    1-  915     	.line	96, "number.c"; 	showNub(5,2);
     0004 2102                      1-  916     	MOVIA	0x02
     0005 00rr                      1-  917     	MOVAR	STK00
     0006 2105                      1-  918     	MOVIA	0x05
                                    1-  919     	MCALL	_showNub
     0007 2rrr                      3-   66 m1      LCALL rom_address
                                    1-  920     	.line	97, "number.c"; 	}
                                    1-  921     	RETURN	
     0008 0010                      3-   40 m1      ret
                                    1-  922     ; exit point of _showKeyLed
                                    1-  924     ;***
                                    1-  925     ;  pBlock Stats: dbName = C
                                    1-  926     ;***
                                    1-  927     ;has an exit
                                    1-  928     ;functions called:
                                    1-  929     ;   _A3
                                    1-  930     ;   _B3
                                    1-  931     ;   _C3
                                    1-  932     ;   _D3
                                    1-  933     ;   _E3
                                    1-  934     ;   _F3
                                    1-  935     ;   _G3
                                    1-  936     ;   _A3
                                    1-  937     ;   _B3
                                    1-  938     ;   _C3
                                    1-  939     ;   _D3
                                    1-  940     ;   _E3
                                    1-  941     ;   _F3
                                    1-  942     ;   _G3
                                    1-  943     ;1 compiler assigned register :
                                    1-  944     ;   r0x1008
                                    1-  945     ;; Starting pCode block
                                    1-  946     .segment "code"; module=number, function=_showNubGewei2
                                    1-  948     ;local variable name mapping:
     0000                           1-  950     _showNubGewei2:
                                    1-  951     ; 2 exit points
                                    1-  952     	.line	64, "number.c"; 	void showNubGewei2(char index)
                                    1-  953     	BANKSEL	r0x1008
     0000 rrrr                      3-  110 m1      .banksel ram_address
     0001 00rr                      1-  954     	MOVAR	r0x1008
                                    1-  955     ;;swapping arguments (AOP_TYPEs 1/2)
                                    1-  956     ;;unsigned compare: left >= lit (0x7=7), size=1
                                    1-  957     	.line	66, "number.c"; 	switch(index)
     0002 2107                      1-  958     	MOVIA	0x07
     0003 04rr                      1-  959     	SUBAR	r0x1008,W
     0004 0C03                      1-  960     	BTRSC	STATUS,0
                                    1-  961     	MGOTO	_00184_DS_
     0005 3rrr                      3-   63 m1      LGOTO rom_address
     0006 21rr                      1-  962     	MOVIA	((_00190_DS_ >> 8) & 0xff)
     0007 008A                      1-  963     	MOVAR	PCHBUF
     0008 01rr                      1-  964     	MOVR	r0x1008,W
     0009 25rr                      1-  965     	ADDIA	_00190_DS_
     000A 0C03                      1-  966     	BTRSC	STATUS,0
     000B 058A                      1-  967     	INCR	PCHBUF,F
     000C 0082                      1-  968     	MOVAR	PCL
     000D                           1-  969     _00190_DS_:
                                    1-  970     	MGOTO	_00176_DS_
     000D 3rrr                      3-   63 m1      LGOTO rom_address
                                    1-  971     	MGOTO	_00177_DS_
     000E 3rrr                      3-   63 m1      LGOTO rom_address
                                    1-  972     	MGOTO	_00178_DS_
     000F 3rrr                      3-   63 m1      LGOTO rom_address
                                    1-  973     	MGOTO	_00179_DS_
     0010 3rrr                      3-   63 m1      LGOTO rom_address
                                    1-  974     	MGOTO	_00180_DS_
     0011 3rrr                      3-   63 m1      LGOTO rom_address
                                    1-  975     	MGOTO	_00181_DS_
     0012 3rrr                      3-   63 m1      LGOTO rom_address
                                    1-  976     	MGOTO	_00182_DS_
     0013 3rrr                      3-   63 m1      LGOTO rom_address
     0014                           1-  977     _00176_DS_:
                                    1-  978     	.line	69, "number.c"; 	A3();
                                    1-  979     	MCALL	_A3
     0014 2rrr                      3-   66 m1      LCALL rom_address
                                    1-  980     	.line	70, "number.c"; 	break;
                                    1-  981     	MGOTO	_00184_DS_
     0015 3rrr                      3-   63 m1      LGOTO rom_address
     0016                           1-  982     _00177_DS_:
                                    1-  983     	.line	72, "number.c"; 	B3();
                                    1-  984     	MCALL	_B3
     0016 2rrr                      3-   66 m1      LCALL rom_address
                                    1-  985     	.line	73, "number.c"; 	break;
                                    1-  986     	MGOTO	_00184_DS_
     0017 3rrr                      3-   63 m1      LGOTO rom_address
     0018                           1-  987     _00178_DS_:
                                    1-  988     	.line	75, "number.c"; 	C3();
                                    1-  989     	MCALL	_C3
     0018 2rrr                      3-   66 m1      LCALL rom_address
                                    1-  990     	.line	76, "number.c"; 	break;
                                    1-  991     	MGOTO	_00184_DS_
     0019 3rrr                      3-   63 m1      LGOTO rom_address
     001A                           1-  992     _00179_DS_:
                                    1-  993     	.line	78, "number.c"; 	D3();
                                    1-  994     	MCALL	_D3
     001A 2rrr                      3-   66 m1      LCALL rom_address
                                    1-  995     	.line	79, "number.c"; 	break;
                                    1-  996     	MGOTO	_00184_DS_
     001B 3rrr                      3-   63 m1      LGOTO rom_address
     001C                           1-  997     _00180_DS_:
                                    1-  998     	.line	81, "number.c"; 	E3();
                                    1-  999     	MCALL	_E3
     001C 2rrr                      3-   66 m1      LCALL rom_address
                                    1- 1000     	.line	82, "number.c"; 	break;
                                    1- 1001     	MGOTO	_00184_DS_
     001D 3rrr                      3-   63 m1      LGOTO rom_address
     001E                           1- 1002     _00181_DS_:
                                    1- 1003     	.line	84, "number.c"; 	F3();
                                    1- 1004     	MCALL	_F3
     001E 2rrr                      3-   66 m1      LCALL rom_address
                                    1- 1005     	.line	85, "number.c"; 	break;
                                    1- 1006     	MGOTO	_00184_DS_
     001F 3rrr                      3-   63 m1      LGOTO rom_address
     0020                           1- 1007     _00182_DS_:
                                    1- 1008     	.line	87, "number.c"; 	G3();
                                    1- 1009     	MCALL	_G3
     0020 2rrr                      3-   66 m1      LCALL rom_address
     0021                           1- 1010     _00184_DS_:
                                    1- 1011     	.line	90, "number.c"; 	}
                                    1- 1012     	RETURN	
     0021 0010                      3-   40 m1      ret
                                    1- 1013     ; exit point of _showNubGewei2
                                    1- 1015     ;***
                                    1- 1016     ;  pBlock Stats: dbName = C
                                    1- 1017     ;***
                                    1- 1018     ;has an exit
                                    1- 1019     ;functions called:
                                    1- 1020     ;   _showNubGewei2
                                    1- 1021     ;   _setInput
                                    1- 1022     ;   _showNubGewei2
                                    1- 1023     ;   _setInput
                                    1- 1024     ;3 compiler assigned registers:
                                    1- 1025     ;   r0x1009
                                    1- 1026     ;   r0x100A
                                    1- 1027     ;   r0x100B
                                    1- 1028     ;; Starting pCode block
                                    1- 1029     .segment "code"; module=number, function=_showNubGewei
                                    1- 1031     ;local variable name mapping:
     0000                           1- 1034     _showNubGewei:
                                    1- 1035     ; 2 exit points
                                    1- 1036     	.line	52, "number.c"; 	void showNubGewei(char num)
                                    1- 1037     	BANKSEL	r0x1009
     0000 rrrr                      3-  110 m1      .banksel ram_address
     0001 00rr                      1- 1038     	MOVAR	r0x1009
                                    1- 1039     	.line	54, "number.c"; 	for(char i=0;i<7;i++)
                                    1- 1040     	BANKSEL	r0x100A
     0002 rrrr                      3-  110 m1      .banksel ram_address
     0003 02rr                      1- 1041     	CLRR	r0x100A
                                    1- 1042     ;;unsigned compare: left < lit (0x7=7), size=1
     0004                           1- 1043     _00155_DS_:
     0004 2107                      1- 1044     	MOVIA	0x07
                                    1- 1045     	BANKSEL	r0x100A
     0005 rrrr                      3-  110 m1      .banksel ram_address
     0006 04rr                      1- 1046     	SUBAR	r0x100A,W
     0007 0C03                      1- 1047     	BTRSC	STATUS,0
                                    1- 1048     	MGOTO	_00157_DS_
     0008 3rrr                      3-   63 m1      LGOTO rom_address
                                    1- 1049     	.line	56, "number.c"; 	if((num >> i) & 0x01)
                                    1- 1050     	BANKSEL	r0x1009
     0009 rrrr                      3-  110 m1      .banksel ram_address
     000A 01rr                      1- 1051     	MOVR	r0x1009,W
                                    1- 1052     	BANKSEL	r0x100B
     000B rrrr                      3-  110 m1      .banksel ram_address
     000C 00rr                      1- 1053     	MOVAR	r0x100B
                                    1- 1054     	BANKSEL	r0x100A
     000D rrrr                      3-  110 m1      .banksel ram_address
     000E 01rr                      1- 1055     	MOVR	r0x100A,W
     000F 2700                      1- 1056     	SUBIA	0x00
     0010 0D03                      1- 1057     	BTRSC	STATUS,2
                                    1- 1058     	MGOTO	_00171_DS_
     0011 3rrr                      3-   63 m1      LGOTO rom_address
     0012                           1- 1059     _00170_DS_:
                                    1- 1060     	BANKSEL	r0x100B
     0012 rrrr                      3-  110 m1      .banksel ram_address
     0013 13rr                      1- 1061     	RRR	r0x100B,F
     0014 2501                      1- 1062     	ADDIA	0x01
     0015 0803                      1- 1063     	BTRSS	STATUS,0
                                    1- 1064     	MGOTO	_00170_DS_
     0016 3rrr                      3-   63 m1      LGOTO rom_address
     0017                           1- 1065     _00171_DS_:
                                    1- 1066     	BANKSEL	r0x100B
     0017 rrrr                      3-  110 m1      .banksel ram_address
     0018 08rr                      1- 1067     	BTRSS	r0x100B,0
                                    1- 1068     	MGOTO	_00151_DS_
     0019 3rrr                      3-   63 m1      LGOTO rom_address
                                    1- 1069     	.line	57, "number.c"; 	showNubGewei2(i);
                                    1- 1070     	BANKSEL	r0x100A
     001A rrrr                      3-  110 m1      .banksel ram_address
     001B 01rr                      1- 1071     	MOVR	r0x100A,W
                                    1- 1072     	MCALL	_showNubGewei2
     001C 2rrr                      3-   66 m1      LCALL rom_address
                                    1- 1073     	MGOTO	_00156_DS_
     001D 3rrr                      3-   63 m1      LGOTO rom_address
     001E                           1- 1074     _00151_DS_:
                                    1- 1075     	.line	59, "number.c"; 	setInput();
                                    1- 1076     	MCALL	_setInput
     001E 2rrr                      3-   66 m1      LCALL rom_address
     001F                           1- 1077     _00156_DS_:
                                    1- 1078     	.line	54, "number.c"; 	for(char i=0;i<7;i++)
                                    1- 1079     	BANKSEL	r0x100A
     001F rrrr                      3-  110 m1      .banksel ram_address
     0020 05rr                      1- 1080     	INCR	r0x100A,F
                                    1- 1081     	MGOTO	_00155_DS_
     0021 3rrr                      3-   63 m1      LGOTO rom_address
     0022                           1- 1082     _00157_DS_:
                                    1- 1083     	.line	61, "number.c"; 	}
                                    1- 1084     	RETURN	
     0022 0010                      3-   40 m1      ret
                                    1- 1085     ; exit point of _showNubGewei
                                    1- 1087     ;***
                                    1- 1088     ;  pBlock Stats: dbName = C
                                    1- 1089     ;***
                                    1- 1090     ;has an exit
                                    1- 1091     ;functions called:
                                    1- 1092     ;   _A2
                                    1- 1093     ;   _B2
                                    1- 1094     ;   _C2
                                    1- 1095     ;   _D2
                                    1- 1096     ;   _E2
                                    1- 1097     ;   _F2
                                    1- 1098     ;   _G2
                                    1- 1099     ;   _A2
                                    1- 1100     ;   _B2
                                    1- 1101     ;   _C2
                                    1- 1102     ;   _D2
                                    1- 1103     ;   _E2
                                    1- 1104     ;   _F2
                                    1- 1105     ;   _G2
                                    1- 1106     ;1 compiler assigned register :
                                    1- 1107     ;   r0x100C
                                    1- 1108     ;; Starting pCode block
                                    1- 1109     .segment "code"; module=number, function=_showNubShiwei2
                                    1- 1111     ;local variable name mapping:
     0000                           1- 1113     _showNubShiwei2:
                                    1- 1114     ; 2 exit points
                                    1- 1115     	.line	24, "number.c"; 	void showNubShiwei2(char index)
                                    1- 1116     	BANKSEL	r0x100C
     0000 rrrr                      3-  110 m1      .banksel ram_address
     0001 00rr                      1- 1117     	MOVAR	r0x100C
                                    1- 1118     ;;swapping arguments (AOP_TYPEs 1/2)
                                    1- 1119     ;;unsigned compare: left >= lit (0x7=7), size=1
                                    1- 1120     	.line	26, "number.c"; 	switch(index)
     0002 2107                      1- 1121     	MOVIA	0x07
     0003 04rr                      1- 1122     	SUBAR	r0x100C,W
     0004 0C03                      1- 1123     	BTRSC	STATUS,0
                                    1- 1124     	MGOTO	_00139_DS_
     0005 3rrr                      3-   63 m1      LGOTO rom_address
     0006 21rr                      1- 1125     	MOVIA	((_00145_DS_ >> 8) & 0xff)
     0007 008A                      1- 1126     	MOVAR	PCHBUF
     0008 01rr                      1- 1127     	MOVR	r0x100C,W
     0009 25rr                      1- 1128     	ADDIA	_00145_DS_
     000A 0C03                      1- 1129     	BTRSC	STATUS,0
     000B 058A                      1- 1130     	INCR	PCHBUF,F
     000C 0082                      1- 1131     	MOVAR	PCL
     000D                           1- 1132     _00145_DS_:
                                    1- 1133     	MGOTO	_00131_DS_
     000D 3rrr                      3-   63 m1      LGOTO rom_address
                                    1- 1134     	MGOTO	_00132_DS_
     000E 3rrr                      3-   63 m1      LGOTO rom_address
                                    1- 1135     	MGOTO	_00133_DS_
     000F 3rrr                      3-   63 m1      LGOTO rom_address
                                    1- 1136     	MGOTO	_00134_DS_
     0010 3rrr                      3-   63 m1      LGOTO rom_address
                                    1- 1137     	MGOTO	_00135_DS_
     0011 3rrr                      3-   63 m1      LGOTO rom_address
                                    1- 1138     	MGOTO	_00136_DS_
     0012 3rrr                      3-   63 m1      LGOTO rom_address
                                    1- 1139     	MGOTO	_00137_DS_
     0013 3rrr                      3-   63 m1      LGOTO rom_address
     0014                           1- 1140     _00131_DS_:
                                    1- 1141     	.line	29, "number.c"; 	A2();
                                    1- 1142     	MCALL	_A2
     0014 2rrr                      3-   66 m1      LCALL rom_address
                                    1- 1143     	.line	30, "number.c"; 	break;
                                    1- 1144     	MGOTO	_00139_DS_
     0015 3rrr                      3-   63 m1      LGOTO rom_address
     0016                           1- 1145     _00132_DS_:
                                    1- 1146     	.line	32, "number.c"; 	B2();
                                    1- 1147     	MCALL	_B2
     0016 2rrr                      3-   66 m1      LCALL rom_address
                                    1- 1148     	.line	33, "number.c"; 	break;
                                    1- 1149     	MGOTO	_00139_DS_
     0017 3rrr                      3-   63 m1      LGOTO rom_address
     0018                           1- 1150     _00133_DS_:
                                    1- 1151     	.line	35, "number.c"; 	C2();
                                    1- 1152     	MCALL	_C2
     0018 2rrr                      3-   66 m1      LCALL rom_address
                                    1- 1153     	.line	36, "number.c"; 	break;
                                    1- 1154     	MGOTO	_00139_DS_
     0019 3rrr                      3-   63 m1      LGOTO rom_address
     001A                           1- 1155     _00134_DS_:
                                    1- 1156     	.line	38, "number.c"; 	D2();
                                    1- 1157     	MCALL	_D2
     001A 2rrr                      3-   66 m1      LCALL rom_address
                                    1- 1158     	.line	39, "number.c"; 	break;
                                    1- 1159     	MGOTO	_00139_DS_
     001B 3rrr                      3-   63 m1      LGOTO rom_address
     001C                           1- 1160     _00135_DS_:
                                    1- 1161     	.line	41, "number.c"; 	E2();
                                    1- 1162     	MCALL	_E2
     001C 2rrr                      3-   66 m1      LCALL rom_address
                                    1- 1163     	.line	42, "number.c"; 	break;
                                    1- 1164     	MGOTO	_00139_DS_
     001D 3rrr                      3-   63 m1      LGOTO rom_address
     001E                           1- 1165     _00136_DS_:
                                    1- 1166     	.line	44, "number.c"; 	F2();
                                    1- 1167     	MCALL	_F2
     001E 2rrr                      3-   66 m1      LCALL rom_address
                                    1- 1168     	.line	45, "number.c"; 	break;
                                    1- 1169     	MGOTO	_00139_DS_
     001F 3rrr                      3-   63 m1      LGOTO rom_address
     0020                           1- 1170     _00137_DS_:
                                    1- 1171     	.line	47, "number.c"; 	G2();
                                    1- 1172     	MCALL	_G2
     0020 2rrr                      3-   66 m1      LCALL rom_address
     0021                           1- 1173     _00139_DS_:
                                    1- 1174     	.line	50, "number.c"; 	}
                                    1- 1175     	RETURN	
     0021 0010                      3-   40 m1      ret
                                    1- 1176     ; exit point of _showNubShiwei2
                                    1- 1178     ;***
                                    1- 1179     ;  pBlock Stats: dbName = C
                                    1- 1180     ;***
                                    1- 1181     ;has an exit
                                    1- 1182     ;functions called:
                                    1- 1183     ;   _showNubShiwei2
                                    1- 1184     ;   _setInput
                                    1- 1185     ;   _showNubShiwei2
                                    1- 1186     ;   _setInput
                                    1- 1187     ;3 compiler assigned registers:
                                    1- 1188     ;   r0x100D
                                    1- 1189     ;   r0x100E
                                    1- 1190     ;   r0x100F
                                    1- 1191     ;; Starting pCode block
                                    1- 1192     .segment "code"; module=number, function=_showNubShiwei
                                    1- 1194     ;local variable name mapping:
     0000                           1- 1197     _showNubShiwei:
                                    1- 1198     ; 2 exit points
                                    1- 1199     	.line	12, "number.c"; 	void showNubShiwei(char num)
                                    1- 1200     	BANKSEL	r0x100D
     0000 rrrr                      3-  110 m1      .banksel ram_address
     0001 00rr                      1- 1201     	MOVAR	r0x100D
                                    1- 1202     	.line	14, "number.c"; 	for(char i=0;i<7;i++)
                                    1- 1203     	BANKSEL	r0x100E
     0002 rrrr                      3-  110 m1      .banksel ram_address
     0003 02rr                      1- 1204     	CLRR	r0x100E
                                    1- 1205     ;;unsigned compare: left < lit (0x7=7), size=1
     0004                           1- 1206     _00110_DS_:
     0004 2107                      1- 1207     	MOVIA	0x07
                                    1- 1208     	BANKSEL	r0x100E
     0005 rrrr                      3-  110 m1      .banksel ram_address
     0006 04rr                      1- 1209     	SUBAR	r0x100E,W
     0007 0C03                      1- 1210     	BTRSC	STATUS,0
                                    1- 1211     	MGOTO	_00112_DS_
     0008 3rrr                      3-   63 m1      LGOTO rom_address
                                    1- 1212     	.line	16, "number.c"; 	if((num >> i) & 0x01)
                                    1- 1213     	BANKSEL	r0x100D
     0009 rrrr                      3-  110 m1      .banksel ram_address
     000A 01rr                      1- 1214     	MOVR	r0x100D,W
                                    1- 1215     	BANKSEL	r0x100F
     000B rrrr                      3-  110 m1      .banksel ram_address
     000C 00rr                      1- 1216     	MOVAR	r0x100F
                                    1- 1217     	BANKSEL	r0x100E
     000D rrrr                      3-  110 m1      .banksel ram_address
     000E 01rr                      1- 1218     	MOVR	r0x100E,W
     000F 2700                      1- 1219     	SUBIA	0x00
     0010 0D03                      1- 1220     	BTRSC	STATUS,2
                                    1- 1221     	MGOTO	_00126_DS_
     0011 3rrr                      3-   63 m1      LGOTO rom_address
     0012                           1- 1222     _00125_DS_:
                                    1- 1223     	BANKSEL	r0x100F
     0012 rrrr                      3-  110 m1      .banksel ram_address
     0013 13rr                      1- 1224     	RRR	r0x100F,F
     0014 2501                      1- 1225     	ADDIA	0x01
     0015 0803                      1- 1226     	BTRSS	STATUS,0
                                    1- 1227     	MGOTO	_00125_DS_
     0016 3rrr                      3-   63 m1      LGOTO rom_address
     0017                           1- 1228     _00126_DS_:
                                    1- 1229     	BANKSEL	r0x100F
     0017 rrrr                      3-  110 m1      .banksel ram_address
     0018 08rr                      1- 1230     	BTRSS	r0x100F,0
                                    1- 1231     	MGOTO	_00106_DS_
     0019 3rrr                      3-   63 m1      LGOTO rom_address
                                    1- 1232     	.line	17, "number.c"; 	showNubShiwei2(i);
                                    1- 1233     	BANKSEL	r0x100E
     001A rrrr                      3-  110 m1      .banksel ram_address
     001B 01rr                      1- 1234     	MOVR	r0x100E,W
                                    1- 1235     	MCALL	_showNubShiwei2
     001C 2rrr                      3-   66 m1      LCALL rom_address
                                    1- 1236     	MGOTO	_00111_DS_
     001D 3rrr                      3-   63 m1      LGOTO rom_address
     001E                           1- 1237     _00106_DS_:
                                    1- 1238     	.line	19, "number.c"; 	setInput();
                                    1- 1239     	MCALL	_setInput
     001E 2rrr                      3-   66 m1      LCALL rom_address
     001F                           1- 1240     _00111_DS_:
                                    1- 1241     	.line	14, "number.c"; 	for(char i=0;i<7;i++)
                                    1- 1242     	BANKSEL	r0x100E
     001F rrrr                      3-  110 m1      .banksel ram_address
     0020 05rr                      1- 1243     	INCR	r0x100E,F
                                    1- 1244     	MGOTO	_00110_DS_
     0021 3rrr                      3-   63 m1      LGOTO rom_address
     0022                           1- 1245     _00112_DS_:
                                    1- 1246     	.line	21, "number.c"; 	}
                                    1- 1247     	RETURN	
     0022 0010                      3-   40 m1      ret
                                    1- 1248     ; exit point of _showNubShiwei
                                    1- 1251     ;	code size estimation:
                                    1- 1252     ;	  356+   42 =   398 instructions (  880 byte)
                                    1- 1254     	end

SYMBOL TABLE            TYPE     VALUE
__PIN_COUNT__           Constant 0000000E
__PROCESSOR__           Constant 00810623
C                       Constant 00000000
DC                      Constant 00000001
ENABLE_RAM_BANK         Constant 00000001
F                       Constant 00000001
FSR                     Constant 00000004
INDF                    Constant 00000000
PCHBUF                  Constant 0000000A
PCL                     Constant 00000002
STATUS                  Constant 00000003
USEFGOTO                Constant 00000000
W                       Constant 00000000
Z                       Constant 00000002


SOURCE FILE TABLE
001 OBJ/number.s
002 ny8b062d.inc
003 common.inc
004 number.c

PROCESSOR    = NY8B062D (8 bits)
PROGRAM ROM  = 0x00000000 - 0x000007FF
DATA ROM     = 0x00000000 - 0x000007FF
RESERVED MEM = 0x00000800 - 0x00000810
SRAM / SFR   = 0x00000000 - 0x00000000
