00000000 c7fe                LGOTO    0x1; __nyc_ny8_startup=0x1
00000001                     __nyc_ny8_startup:
00000001 d6eb                LCALL    0x114; ___cinit_load__=0x114
00000002 c7f6                LGOTO    0x9; _main=0x9
00000003                     crt0.o:crt0_end:
00000008 c73f                LGOTO    0xc0; _isr=0xc0
00000009                     _main:
00000009 ffec                DISI
0000000a de00                MOVIA    0xff
0000000b ff73                MOVAR    BPHCON
0000000c fdff                CLRA
0000000d fff9                IOST     IOSTB
0000000e de00                MOVIA    0xff
0000000f ff79                MOVAR    PORTB
00000010 defe                MOVIA    0x1
00000011 ff71                MOVAR    INTE
00000012 decf                MOVIA    0x30
00000013 ff7e                MOVAR    TMR0
00000014 fdff                CLRA
00000015 fffc                T0MD
00000016 de77                MOVIA    0x88
00000017 ff77                MOVAR    PCON
00000018 defe                MOVIA    0x1
00000019 fff0                IOST     PCON1
0000001a fffb                ENI
0000001b de0b                MOVIA    0xf4
0000001c ff5d                MOVAR    0x22
0000001d fd5c                CLRR     0x23
0000001e de9b                MOVIA    0x64
0000001f ff58                MOVAR    0x27
00000020                     main.o:_00139_DS_:
00000020 fffd                CLRWDT
00000021 d6fa                LCALL    0x105; _pwmCtr=0x105
00000022 fedf                MOVR     0x20, ToAcc
00000023 f2fc                BTRSC    STATUS, Z
00000024 c7df                LGOTO    0x20; main.o:_00139_DS_=0x20
00000025 fd5f                CLRR     0x20
00000026 d713                LCALL    0xec; _led45Ctr=0xec
00000027 feda                MOVR     0x25, ToAcc
00000028 f6fc                BTRSS    STATUS, Z
00000029 c7ce                LGOTO    0x31; main.o:_00121_DS_=0x31
0000002a deed                MOVIA    0x12
0000002b fbd9                SUBAR    0x26, ToAcc
0000002c f3fc                BTRSC    STATUS, C
0000002d c7cf                LGOTO    0x30; main.o:_00118_DS_=0x30
0000002e d7a6                LCALL    0x59; _workCtr=0x59
0000002f c7ce                LGOTO    0x31; main.o:_00121_DS_=0x31
00000030                     main.o:_00118_DS_:
00000030 d772                LCALL    0x8d; _workCtr2=0x8d
00000031                     main.o:_00121_DS_:
00000031 fa5a                INCR     0x25, ToReg
00000032 feda                MOVR     0x25, ToAcc
00000033 fbd8                SUBAR    0x27, ToAcc
00000034 f3fc                BTRSC    STATUS, C
00000035 c7df                LGOTO    0x20; main.o:_00139_DS_=0x20
00000036 fd5a                CLRR     0x25
00000037 fa59                INCR     0x26, ToReg
00000038 dedc                MOVIA    0x23
00000039 fbd9                SUBAR    0x26, ToAcc
0000003a f3fc                BTRSC    STATUS, C
0000003b fd59                CLRR     0x26
0000003c deee                MOVIA    0x11
0000003d fbd9                SUBAR    0x26, ToAcc
0000003e f3fc                BTRSC    STATUS, C
0000003f c7bc                LGOTO    0x43; main.o:_00133_DS_=0x43
00000040 de9b                MOVIA    0x64
00000041 ff58                MOVAR    0x27
00000042 c7df                LGOTO    0x20; main.o:_00139_DS_=0x20
00000043                     main.o:_00133_DS_:
00000043 fed9                MOVR     0x26, ToAcc
00000044 dbee                XORIA    0x11
00000045 f6fc                BTRSS    STATUS, Z
00000046 c7b5                LGOTO    0x4a; main.o:_00130_DS_=0x4a
00000047 deaf                MOVIA    0x50
00000048 ff58                MOVAR    0x27
00000049 c7df                LGOTO    0x20; main.o:_00139_DS_=0x20
0000004a                     main.o:_00130_DS_:
0000004a dede                MOVIA    0x21
0000004b fbd9                SUBAR    0x26, ToAcc
0000004c f3fc                BTRSC    STATUS, C
0000004d c7ae                LGOTO    0x51; main.o:_00127_DS_=0x51
0000004e dec3                MOVIA    0x3c
0000004f ff58                MOVAR    0x27
00000050 c7df                LGOTO    0x20; main.o:_00139_DS_=0x20
00000051                     main.o:_00127_DS_:
00000051 fed9                MOVR     0x26, ToAcc
00000052 dbde                XORIA    0x21
00000053 f6fc                BTRSS    STATUS, Z
00000054 c7df                LGOTO    0x20; main.o:_00139_DS_=0x20
00000055 ded7                MOVIA    0x28
00000056 ff58                MOVAR    0x27
00000057 c7df                LGOTO    0x20; main.o:_00139_DS_=0x20
00000058 ffef                RET
00000059                     _workCtr:
00000059 fd66                CLRR     0x19
0000005a def9                MOVIA    0x6
0000005b fbd9                SUBAR    0x26, ToAcc
0000005c f3fc                BTRSC    STATUS, C
0000005d c79e                LGOTO    0x61; main.o:_00183_DS_=0x61
0000005e fed9                MOVR     0x26, ToAcc
0000005f ff66                MOVAR    0x19
00000060 c78f                LGOTO    0x70; main.o:_00184_DS_=0x70
00000061                     main.o:_00183_DS_:
00000061 def3                MOVIA    0xc
00000062 fbd9                SUBAR    0x26, ToAcc
00000063 f3fc                BTRSC    STATUS, C
00000064 c796                LGOTO    0x69; main.o:_00180_DS_=0x69
00000065 de05                MOVIA    0xfa
00000066 fcd9                ADDAR    0x26, ToAcc
00000067 ff66                MOVAR    0x19
00000068 c78f                LGOTO    0x70; main.o:_00184_DS_=0x70
00000069                     main.o:_00180_DS_:
00000069 deed                MOVIA    0x12
0000006a fbd9                SUBAR    0x26, ToAcc
0000006b f3fc                BTRSC    STATUS, C
0000006c c78f                LGOTO    0x70; main.o:_00184_DS_=0x70
0000006d de0b                MOVIA    0xf4
0000006e fcd9                ADDAR    0x26, ToAcc
0000006f ff66                MOVAR    0x19
00000070                     main.o:_00184_DS_:
00000070 def9                MOVIA    0x6
00000071 fbe6                SUBAR    0x19, ToAcc
00000072 f3fc                BTRSC    STATUS, C
00000073 c773                LGOTO    0x8c; main.o:_00192_DS_=0x8c
00000074 deff                MOVIA    0x0
00000075 ff75                MOVAR    PCHBUF
00000076 fee6                MOVR     0x19, ToAcc
00000077 da84                ADDIA    0x7b
00000078 f3fc                BTRSC    STATUS, C
00000079 fa75                INCR     PCHBUF, ToReg
0000007a ff7d                MOVAR    PCL
0000007b                     main.o:_00210_DS_:
0000007b c77e                LGOTO    0x81; main.o:_00185_DS_=0x81
0000007c c77c                LGOTO    0x83; main.o:_00186_DS_=0x83
0000007d c77a                LGOTO    0x85; main.o:_00187_DS_=0x85
0000007e c778                LGOTO    0x87; main.o:_00188_DS_=0x87
0000007f c776                LGOTO    0x89; main.o:_00189_DS_=0x89
00000080 c774                LGOTO    0x8b; main.o:_00190_DS_=0x8b
00000081                     main.o:_00185_DS_:
00000081 d6d9                LCALL    0x126; _led3On=0x126
00000082 c773                LGOTO    0x8c; main.o:_00192_DS_=0x8c
00000083                     main.o:_00186_DS_:
00000083 e2f9                BCR      PORTB, PB2
00000084 c773                LGOTO    0x8c; main.o:_00192_DS_=0x8c
00000085                     main.o:_00187_DS_:
00000085 e379                BCR      PORTB, PB1
00000086 c773                LGOTO    0x8c; main.o:_00192_DS_=0x8c
00000087                     main.o:_00188_DS_:
00000087 e779                BSR      PORTB, PB1
00000088 c773                LGOTO    0x8c; main.o:_00192_DS_=0x8c
00000089                     main.o:_00189_DS_:
00000089 e6f9                BSR      PORTB, PB2
0000008a c773                LGOTO    0x8c; main.o:_00192_DS_=0x8c
0000008b                     main.o:_00190_DS_:
0000008b d6e0                LCALL    0x11f; _led3Off=0x11f
0000008c                     main.o:_00192_DS_:
0000008c ffef                RET
0000008d                     _workCtr2:
0000008d fd67                CLRR     0x18
0000008e dee5                MOVIA    0x1a
0000008f fbd9                SUBAR    0x26, ToAcc
00000090 f3fc                BTRSC    STATUS, C
00000091 c769                LGOTO    0x96; main.o:_00147_DS_=0x96
00000092 de11                MOVIA    0xee
00000093 fcd9                ADDAR    0x26, ToAcc
00000094 ff67                MOVAR    0x18
00000095 c762                LGOTO    0x9d; main.o:_00148_DS_=0x9d
00000096                     main.o:_00147_DS_:
00000096 dedd                MOVIA    0x22
00000097 fbd9                SUBAR    0x26, ToAcc
00000098 f3fc                BTRSC    STATUS, C
00000099 c762                LGOTO    0x9d; main.o:_00148_DS_=0x9d
0000009a de19                MOVIA    0xe6
0000009b fcd9                ADDAR    0x26, ToAcc
0000009c ff67                MOVAR    0x18
0000009d                     main.o:_00148_DS_:
0000009d def7                MOVIA    0x8
0000009e fbe7                SUBAR    0x18, ToAcc
0000009f f3fc                BTRSC    STATUS, C
000000a0 c740                LGOTO    0xbf; main.o:_00158_DS_=0xbf
000000a1 deff                MOVIA    0x0
000000a2 ff75                MOVAR    PCHBUF
000000a3 fee7                MOVR     0x18, ToAcc
000000a4 da57                ADDIA    0xa8
000000a5 f3fc                BTRSC    STATUS, C
000000a6 fa75                INCR     PCHBUF, ToReg
000000a7 ff7d                MOVAR    PCL
000000a8                     main.o:_00172_DS_:
000000a8 c74f                LGOTO    0xb0; main.o:_00149_DS_=0xb0
000000a9 c74d                LGOTO    0xb2; main.o:_00150_DS_=0xb2
000000aa c74b                LGOTO    0xb4; main.o:_00151_DS_=0xb4
000000ab c749                LGOTO    0xb6; main.o:_00152_DS_=0xb6
000000ac c747                LGOTO    0xb8; main.o:_00153_DS_=0xb8
000000ad c745                LGOTO    0xba; main.o:_00154_DS_=0xba
000000ae c743                LGOTO    0xbc; main.o:_00155_DS_=0xbc
000000af c741                LGOTO    0xbe; main.o:_00156_DS_=0xbe
000000b0                     main.o:_00149_DS_:
000000b0 d6d9                LCALL    0x126; _led3On=0x126
000000b1 c740                LGOTO    0xbf; main.o:_00158_DS_=0xbf
000000b2                     main.o:_00150_DS_:
000000b2 e2f9                BCR      PORTB, PB2
000000b3 c740                LGOTO    0xbf; main.o:_00158_DS_=0xbf
000000b4                     main.o:_00151_DS_:
000000b4 e379                BCR      PORTB, PB1
000000b5 c740                LGOTO    0xbf; main.o:_00158_DS_=0xbf
000000b6                     main.o:_00152_DS_:
000000b6 e3f9                BCR      PORTB, PB0
000000b7 c740                LGOTO    0xbf; main.o:_00158_DS_=0xbf
000000b8                     main.o:_00153_DS_:
000000b8 e7f9                BSR      PORTB, PB0
000000b9 c740                LGOTO    0xbf; main.o:_00158_DS_=0xbf
000000ba                     main.o:_00154_DS_:
000000ba e779                BSR      PORTB, PB1
000000bb c740                LGOTO    0xbf; main.o:_00158_DS_=0xbf
000000bc                     main.o:_00155_DS_:
000000bc e6f9                BSR      PORTB, PB2
000000bd c740                LGOTO    0xbf; main.o:_00158_DS_=0xbf
000000be                     main.o:_00156_DS_:
000000be d6e0                LCALL    0x11f; _led3Off=0x11f
000000bf                     main.o:_00158_DS_:
000000bf ffef                RET
000000c0                     _isr:
000000c0 ff6d                MOVAR    0x12
000000c1 eafc                SWAPR    STATUS, ToAcc
000000c2 fd7c                CLRR     STATUS
000000c3 ff6e                MOVAR    0x11
000000c4 fef5                MOVR     PCHBUF, ToAcc
000000c5 fd75                CLRR     PCHBUF
000000c6 ff6f                MOVAR    0x10
000000c7 fefb                MOVR     FSR, ToAcc
000000c8 ff63                MOVAR    0x1c
000000c9 fee8                MOVR     0x17, ToAcc
000000ca ff62                MOVAR    0x1d
000000cb fee9                MOVR     0x16, ToAcc
000000cc ff61                MOVAR    0x1e
000000cd f7f0                BTRSS    INTF, T0IF
000000ce c726                LGOTO    0xd9; main.o:_00108_DS_=0xd9
000000cf decf                MOVIA    0x30
000000d0 fc7e                ADDAR    TMR0, ToReg
000000d1 fa60                INCR     0x1f, ToReg
000000d2 def5                MOVIA    0xa
000000d3 fbe0                SUBAR    0x1f, ToAcc
000000d4 f7fc                BTRSS    STATUS, C
000000d5 c726                LGOTO    0xd9; main.o:_00108_DS_=0xd9
000000d6 fd60                CLRR     0x1f
000000d7 defe                MOVIA    0x1
000000d8 ff5f                MOVAR    0x20
000000d9                     main.o:_00108_DS_:
000000d9 f770                BTRSS    INTF, PBIF
000000da c722                LGOTO    0xdd; main.o:_00110_DS_=0xdd
000000db de02                MOVIA    0xfd
000000dc ff70                MOVAR    INTF
000000dd                     main.o:_00110_DS_:
000000dd fd70                CLRR     INTF
000000de fee1                MOVR     0x1e, ToAcc
000000df ff69                MOVAR    0x16
000000e0 fee2                MOVR     0x1d, ToAcc
000000e1 ff68                MOVAR    0x17
000000e2 fee3                MOVR     0x1c, ToAcc
000000e3 ff7b                MOVAR    FSR
000000e4 feef                MOVR     0x10, ToAcc
000000e5 ff75                MOVAR    PCHBUF
000000e6 fd7c                CLRR     STATUS
000000e7 eaee                SWAPR    0x11, ToAcc
000000e8 ff7c                MOVAR    STATUS
000000e9 ea6d                SWAPR    0x12, ToReg
000000ea eaed                SWAPR    0x12, ToAcc
000000eb                     main.o:END_OF_INTERRUPT:
000000eb ffee                RETIE
000000ec                     _led45Ctr:
000000ec fedb                MOVR     0x24, ToAcc
000000ed f2fc                BTRSC    STATUS, Z
000000ee c70e                LGOTO    0xf1; main.o:_00231_DS_=0xf1
000000ef f95b                DECR     0x24, ToReg
000000f0 c6fb                LGOTO    0x104; main.o:_00233_DS_=0x104
000000f1                     main.o:_00231_DS_:
000000f1 fedc                MOVR     0x23, ToAcc
000000f2 f2fc                BTRSC    STATUS, Z
000000f3 c702                LGOTO    0xfd; main.o:_00228_DS_=0xfd
000000f4 fa5d                INCR     0x22, ToReg
000000f5 de0c                MOVIA    0xf3
000000f6 fbdd                SUBAR    0x22, ToAcc
000000f7 f7fc                BTRSS    STATUS, C
000000f8 c6fb                LGOTO    0x104; main.o:_00233_DS_=0x104
000000f9 de0c                MOVIA    0xf3
000000fa ff5d                MOVAR    0x22
000000fb fd5c                CLRR     0x23
000000fc c6fb                LGOTO    0x104; main.o:_00233_DS_=0x104
000000fd                     main.o:_00228_DS_:
000000fd e85d                DECRSZ   0x22, ToReg
000000fe c6fb                LGOTO    0x104; main.o:_00233_DS_=0x104
000000ff fd5d                CLRR     0x22
00000100 defe                MOVIA    0x1
00000101 ff5c                MOVAR    0x23
00000102 def4                MOVIA    0xb
00000103 ff5b                MOVAR    0x24
00000104                     main.o:_00233_DS_:
00000104 ffef                RET
00000105                     _pwmCtr:
00000105 fedd                MOVR     0x22, ToAcc
00000106 fbde                SUBAR    0x21, ToAcc
00000107 f3fc                BTRSC    STATUS, C
00000108 c6f3                LGOTO    0x10c; main.o:_00239_DS_=0x10c
00000109 decf                MOVIA    0x30
0000010a ee79                IORAR    PORTB, ToReg
0000010b c6f1                LGOTO    0x10e; main.o:_00240_DS_=0x10e
0000010c                     main.o:_00239_DS_:
0000010c de30                MOVIA    0xcf
0000010d ef79                ANDAR    PORTB, ToReg
0000010e                     main.o:_00240_DS_:
0000010e fa5e                INCR     0x21, ToReg
0000010f de0b                MOVIA    0xf4
00000110 fbde                SUBAR    0x21, ToAcc
00000111 f3fc                BTRSC    STATUS, C
00000112 fd5e                CLRR     0x21
00000113 ffef                RET
00000114                     ___cinit_load__:
00000114 fd60                CLRR     0x1f
00000115 fd5f                CLRR     0x20
00000116 fd5e                CLRR     0x21
00000117 fd5d                CLRR     0x22
00000118 fd5c                CLRR     0x23
00000119 fd5a                CLRR     0x25
0000011a fd59                CLRR     0x26
0000011b fd58                CLRR     0x27
0000011c def1                MOVIA    0xe
0000011d ff5b                MOVAR    0x24
0000011e ffef                RET
0000011f                     _led3Off:
0000011f e679                BSR      PORTB, PB3
00000120 ffe9                IOSTR    IOSTB
00000121 ff64                MOVAR    0x1b
00000122 e664                BSR      0x1b, 0x3
00000123 fee4                MOVR     0x1b, ToAcc
00000124 fff9                IOST     IOSTB
00000125 ffef                RET
00000126                     _led3On:
00000126 ffe9                IOSTR    IOSTB
00000127 ff65                MOVAR    0x1a
00000128 e265                BCR      0x1a, 0x3
00000129 fee5                MOVR     0x1a, ToAcc
0000012a fff9                IOST     IOSTB
0000012b e279                BCR      PORTB, PB3
0000012c ffef                RET

