00000000 c7f6                LGOTO    0x9; __nyc_ny8_startup=0x9
00000001                     _WaitTF0:
00000001 e0fc                BCR      STATUS, BK0
00000002 fe90                MOVR     0x6f, ToAcc
00000003 f2fc                BTRSC    STATUS, Z
00000004 c7fe                LGOTO    0x1; _WaitTF0=0x1
00000005 fd10                CLRR     0x6f
00000006 ffef                RET
00000008 c6c3                LGOTO    0x13c; _isr=0x13c
00000009                     __nyc_ny8_startup:
00000009 de5f                MOVIA    0xa0
0000000a ff7b                MOVAR    FSR
0000000b                     crt0.o:.l0:
0000000b e4fc                BSR      STATUS, BK0
0000000c fd7f                CLRR     INDF
0000000d e0fc                BCR      STATUS, BK0
0000000e fd7f                CLRR     INDF
0000000f e97b                INCRSZ   FSR, ToReg
00000010 c7f4                LGOTO    0xb; crt0.o:.l0=0xb
00000011 d27b                LCALL    0x584; ___cinit_load__=0x584
00000012 c3bc                LGOTO    0x443; _main=0x443
00000013                     _sendRGB:
00000013 e4fc                BSR      STATUS, BK0
00000014 ff5e                MOVAR    0x21
00000015 feb0                MOVR     0x4f, ToAcc
00000016 ff5d                MOVAR    0x22
00000017 feb1                MOVR     0x4e, ToAcc
00000018 ff5c                MOVAR    0x23
00000019 ffec                DISI
0000001a f45e                BTRSS    0x21, 0x7
0000001b c7df                LGOTO    0x20; main.o:_00440_DS_=0x20
0000001c e27a                BCR      PORTA, PA3
0000001d e27a                BCR      PORTA, PA3
0000001e e67a                BSR      PORTA, PA3
0000001f c7da                LGOTO    0x25; main.o:_00445_DS_=0x25
00000020                     main.o:_00440_DS_:
00000020 e27a                BCR      PORTA, PA3
00000021 e67a                BSR      PORTA, PA3
00000022 e67a                BSR      PORTA, PA3
00000023 ffff                NOP
00000024 e27a                BCR      PORTA, PA3
00000025                     main.o:_00445_DS_:
00000025 e4fc                BSR      STATUS, BK0
00000026 f4de                BTRSS    0x21, 0x6
00000027 c7d3                LGOTO    0x2c; main.o:_00449_DS_=0x2c
00000028 e27a                BCR      PORTA, PA3
00000029 e27a                BCR      PORTA, PA3
0000002a e67a                BSR      PORTA, PA3
0000002b c7ce                LGOTO    0x31; main.o:_00454_DS_=0x31
0000002c                     main.o:_00449_DS_:
0000002c e27a                BCR      PORTA, PA3
0000002d e67a                BSR      PORTA, PA3
0000002e e67a                BSR      PORTA, PA3
0000002f ffff                NOP
00000030 e27a                BCR      PORTA, PA3
00000031                     main.o:_00454_DS_:
00000031 e4fc                BSR      STATUS, BK0
00000032 f55e                BTRSS    0x21, 0x5
00000033 c7c7                LGOTO    0x38; main.o:_00458_DS_=0x38
00000034 e27a                BCR      PORTA, PA3
00000035 e27a                BCR      PORTA, PA3
00000036 e67a                BSR      PORTA, PA3
00000037 c7c2                LGOTO    0x3d; main.o:_00463_DS_=0x3d
00000038                     main.o:_00458_DS_:
00000038 e27a                BCR      PORTA, PA3
00000039 e67a                BSR      PORTA, PA3
0000003a e67a                BSR      PORTA, PA3
0000003b ffff                NOP
0000003c e27a                BCR      PORTA, PA3
0000003d                     main.o:_00463_DS_:
0000003d e4fc                BSR      STATUS, BK0
0000003e f5de                BTRSS    0x21, 0x4
0000003f c7bb                LGOTO    0x44; main.o:_00467_DS_=0x44
00000040 e27a                BCR      PORTA, PA3
00000041 e27a                BCR      PORTA, PA3
00000042 e67a                BSR      PORTA, PA3
00000043 c7b6                LGOTO    0x49; main.o:_00472_DS_=0x49
00000044                     main.o:_00467_DS_:
00000044 e27a                BCR      PORTA, PA3
00000045 e67a                BSR      PORTA, PA3
00000046 e67a                BSR      PORTA, PA3
00000047 ffff                NOP
00000048 e27a                BCR      PORTA, PA3
00000049                     main.o:_00472_DS_:
00000049 e4fc                BSR      STATUS, BK0
0000004a f65e                BTRSS    0x21, 0x3
0000004b c7af                LGOTO    0x50; main.o:_00476_DS_=0x50
0000004c e27a                BCR      PORTA, PA3
0000004d e27a                BCR      PORTA, PA3
0000004e e67a                BSR      PORTA, PA3
0000004f c7aa                LGOTO    0x55; main.o:_00481_DS_=0x55
00000050                     main.o:_00476_DS_:
00000050 e27a                BCR      PORTA, PA3
00000051 e67a                BSR      PORTA, PA3
00000052 e67a                BSR      PORTA, PA3
00000053 ffff                NOP
00000054 e27a                BCR      PORTA, PA3
00000055                     main.o:_00481_DS_:
00000055 e4fc                BSR      STATUS, BK0
00000056 f6de                BTRSS    0x21, 0x2
00000057 c7a3                LGOTO    0x5c; main.o:_00485_DS_=0x5c
00000058 e27a                BCR      PORTA, PA3
00000059 e27a                BCR      PORTA, PA3
0000005a e67a                BSR      PORTA, PA3
0000005b c79e                LGOTO    0x61; main.o:_00490_DS_=0x61
0000005c                     main.o:_00485_DS_:
0000005c e27a                BCR      PORTA, PA3
0000005d e67a                BSR      PORTA, PA3
0000005e e67a                BSR      PORTA, PA3
0000005f ffff                NOP
00000060 e27a                BCR      PORTA, PA3
00000061                     main.o:_00490_DS_:
00000061 e4fc                BSR      STATUS, BK0
00000062 f75e                BTRSS    0x21, 0x1
00000063 c797                LGOTO    0x68; main.o:_00494_DS_=0x68
00000064 e27a                BCR      PORTA, PA3
00000065 e27a                BCR      PORTA, PA3
00000066 e67a                BSR      PORTA, PA3
00000067 c792                LGOTO    0x6d; main.o:_00499_DS_=0x6d
00000068                     main.o:_00494_DS_:
00000068 e27a                BCR      PORTA, PA3
00000069 e67a                BSR      PORTA, PA3
0000006a e67a                BSR      PORTA, PA3
0000006b ffff                NOP
0000006c e27a                BCR      PORTA, PA3
0000006d                     main.o:_00499_DS_:
0000006d e4fc                BSR      STATUS, BK0
0000006e f7de                BTRSS    0x21, 0x0
0000006f c78b                LGOTO    0x74; main.o:_00503_DS_=0x74
00000070 e27a                BCR      PORTA, PA3
00000071 e27a                BCR      PORTA, PA3
00000072 e67a                BSR      PORTA, PA3
00000073 c786                LGOTO    0x79; main.o:_00508_DS_=0x79
00000074                     main.o:_00503_DS_:
00000074 e27a                BCR      PORTA, PA3
00000075 e67a                BSR      PORTA, PA3
00000076 e67a                BSR      PORTA, PA3
00000077 ffff                NOP
00000078 e27a                BCR      PORTA, PA3
00000079                     main.o:_00508_DS_:
00000079 e4fc                BSR      STATUS, BK0
0000007a f45d                BTRSS    0x22, 0x7
0000007b c77f                LGOTO    0x80; main.o:_00512_DS_=0x80
0000007c e27a                BCR      PORTA, PA3
0000007d e27a                BCR      PORTA, PA3
0000007e e67a                BSR      PORTA, PA3
0000007f c77a                LGOTO    0x85; main.o:_00517_DS_=0x85
00000080                     main.o:_00512_DS_:
00000080 e27a                BCR      PORTA, PA3
00000081 e67a                BSR      PORTA, PA3
00000082 e67a                BSR      PORTA, PA3
00000083 ffff                NOP
00000084 e27a                BCR      PORTA, PA3
00000085                     main.o:_00517_DS_:
00000085 e4fc                BSR      STATUS, BK0
00000086 f4dd                BTRSS    0x22, 0x6
00000087 c773                LGOTO    0x8c; main.o:_00521_DS_=0x8c
00000088 e27a                BCR      PORTA, PA3
00000089 e27a                BCR      PORTA, PA3
0000008a e67a                BSR      PORTA, PA3
0000008b c76e                LGOTO    0x91; main.o:_00526_DS_=0x91
0000008c                     main.o:_00521_DS_:
0000008c e27a                BCR      PORTA, PA3
0000008d e67a                BSR      PORTA, PA3
0000008e e67a                BSR      PORTA, PA3
0000008f ffff                NOP
00000090 e27a                BCR      PORTA, PA3
00000091                     main.o:_00526_DS_:
00000091 e4fc                BSR      STATUS, BK0
00000092 f55d                BTRSS    0x22, 0x5
00000093 c767                LGOTO    0x98; main.o:_00530_DS_=0x98
00000094 e27a                BCR      PORTA, PA3
00000095 e27a                BCR      PORTA, PA3
00000096 e67a                BSR      PORTA, PA3
00000097 c762                LGOTO    0x9d; main.o:_00535_DS_=0x9d
00000098                     main.o:_00530_DS_:
00000098 e27a                BCR      PORTA, PA3
00000099 e67a                BSR      PORTA, PA3
0000009a e67a                BSR      PORTA, PA3
0000009b ffff                NOP
0000009c e27a                BCR      PORTA, PA3
0000009d                     main.o:_00535_DS_:
0000009d e4fc                BSR      STATUS, BK0
0000009e f5dd                BTRSS    0x22, 0x4
0000009f c75b                LGOTO    0xa4; main.o:_00539_DS_=0xa4
000000a0 e27a                BCR      PORTA, PA3
000000a1 e27a                BCR      PORTA, PA3
000000a2 e67a                BSR      PORTA, PA3
000000a3 c756                LGOTO    0xa9; main.o:_00544_DS_=0xa9
000000a4                     main.o:_00539_DS_:
000000a4 e27a                BCR      PORTA, PA3
000000a5 e67a                BSR      PORTA, PA3
000000a6 e67a                BSR      PORTA, PA3
000000a7 ffff                NOP
000000a8 e27a                BCR      PORTA, PA3
000000a9                     main.o:_00544_DS_:
000000a9 e4fc                BSR      STATUS, BK0
000000aa f65d                BTRSS    0x22, 0x3
000000ab c74f                LGOTO    0xb0; main.o:_00548_DS_=0xb0
000000ac e27a                BCR      PORTA, PA3
000000ad e27a                BCR      PORTA, PA3
000000ae e67a                BSR      PORTA, PA3
000000af c74a                LGOTO    0xb5; main.o:_00553_DS_=0xb5
000000b0                     main.o:_00548_DS_:
000000b0 e27a                BCR      PORTA, PA3
000000b1 e67a                BSR      PORTA, PA3
000000b2 e67a                BSR      PORTA, PA3
000000b3 ffff                NOP
000000b4 e27a                BCR      PORTA, PA3
000000b5                     main.o:_00553_DS_:
000000b5 e4fc                BSR      STATUS, BK0
000000b6 f6dd                BTRSS    0x22, 0x2
000000b7 c743                LGOTO    0xbc; main.o:_00557_DS_=0xbc
000000b8 e27a                BCR      PORTA, PA3
000000b9 e27a                BCR      PORTA, PA3
000000ba e67a                BSR      PORTA, PA3
000000bb c73e                LGOTO    0xc1; main.o:_00562_DS_=0xc1
000000bc                     main.o:_00557_DS_:
000000bc e27a                BCR      PORTA, PA3
000000bd e67a                BSR      PORTA, PA3
000000be e67a                BSR      PORTA, PA3
000000bf ffff                NOP
000000c0 e27a                BCR      PORTA, PA3
000000c1                     main.o:_00562_DS_:
000000c1 e4fc                BSR      STATUS, BK0
000000c2 f75d                BTRSS    0x22, 0x1
000000c3 c737                LGOTO    0xc8; main.o:_00566_DS_=0xc8
000000c4 e27a                BCR      PORTA, PA3
000000c5 e27a                BCR      PORTA, PA3
000000c6 e67a                BSR      PORTA, PA3
000000c7 c732                LGOTO    0xcd; main.o:_00571_DS_=0xcd
000000c8                     main.o:_00566_DS_:
000000c8 e27a                BCR      PORTA, PA3
000000c9 e67a                BSR      PORTA, PA3
000000ca e67a                BSR      PORTA, PA3
000000cb ffff                NOP
000000cc e27a                BCR      PORTA, PA3
000000cd                     main.o:_00571_DS_:
000000cd e4fc                BSR      STATUS, BK0
000000ce f7dd                BTRSS    0x22, 0x0
000000cf c72b                LGOTO    0xd4; main.o:_00575_DS_=0xd4
000000d0 e27a                BCR      PORTA, PA3
000000d1 e27a                BCR      PORTA, PA3
000000d2 e67a                BSR      PORTA, PA3
000000d3 c726                LGOTO    0xd9; main.o:_00580_DS_=0xd9
000000d4                     main.o:_00575_DS_:
000000d4 e27a                BCR      PORTA, PA3
000000d5 e67a                BSR      PORTA, PA3
000000d6 e67a                BSR      PORTA, PA3
000000d7 ffff                NOP
000000d8 e27a                BCR      PORTA, PA3
000000d9                     main.o:_00580_DS_:
000000d9 e4fc                BSR      STATUS, BK0
000000da f45c                BTRSS    0x23, 0x7
000000db c71f                LGOTO    0xe0; main.o:_00584_DS_=0xe0
000000dc e27a                BCR      PORTA, PA3
000000dd e27a                BCR      PORTA, PA3
000000de e67a                BSR      PORTA, PA3
000000df c71a                LGOTO    0xe5; main.o:_00589_DS_=0xe5
000000e0                     main.o:_00584_DS_:
000000e0 e27a                BCR      PORTA, PA3
000000e1 e67a                BSR      PORTA, PA3
000000e2 e67a                BSR      PORTA, PA3
000000e3 ffff                NOP
000000e4 e27a                BCR      PORTA, PA3
000000e5                     main.o:_00589_DS_:
000000e5 e4fc                BSR      STATUS, BK0
000000e6 f4dc                BTRSS    0x23, 0x6
000000e7 c713                LGOTO    0xec; main.o:_00593_DS_=0xec
000000e8 e27a                BCR      PORTA, PA3
000000e9 e27a                BCR      PORTA, PA3
000000ea e67a                BSR      PORTA, PA3
000000eb c70e                LGOTO    0xf1; main.o:_00598_DS_=0xf1
000000ec                     main.o:_00593_DS_:
000000ec e27a                BCR      PORTA, PA3
000000ed e67a                BSR      PORTA, PA3
000000ee e67a                BSR      PORTA, PA3
000000ef ffff                NOP
000000f0 e27a                BCR      PORTA, PA3
000000f1                     main.o:_00598_DS_:
000000f1 e4fc                BSR      STATUS, BK0
000000f2 f55c                BTRSS    0x23, 0x5
000000f3 c707                LGOTO    0xf8; main.o:_00602_DS_=0xf8
000000f4 e27a                BCR      PORTA, PA3
000000f5 e27a                BCR      PORTA, PA3
000000f6 e67a                BSR      PORTA, PA3
000000f7 c702                LGOTO    0xfd; main.o:_00607_DS_=0xfd
000000f8                     main.o:_00602_DS_:
000000f8 e27a                BCR      PORTA, PA3
000000f9 e67a                BSR      PORTA, PA3
000000fa e67a                BSR      PORTA, PA3
000000fb ffff                NOP
000000fc e27a                BCR      PORTA, PA3
000000fd                     main.o:_00607_DS_:
000000fd e4fc                BSR      STATUS, BK0
000000fe f5dc                BTRSS    0x23, 0x4
000000ff c6fb                LGOTO    0x104; main.o:_00611_DS_=0x104
00000100 e27a                BCR      PORTA, PA3
00000101 e27a                BCR      PORTA, PA3
00000102 e67a                BSR      PORTA, PA3
00000103 c6f6                LGOTO    0x109; main.o:_00616_DS_=0x109
00000104                     main.o:_00611_DS_:
00000104 e27a                BCR      PORTA, PA3
00000105 e67a                BSR      PORTA, PA3
00000106 e67a                BSR      PORTA, PA3
00000107 ffff                NOP
00000108 e27a                BCR      PORTA, PA3
00000109                     main.o:_00616_DS_:
00000109 e4fc                BSR      STATUS, BK0
0000010a f65c                BTRSS    0x23, 0x3
0000010b c6ef                LGOTO    0x110; main.o:_00620_DS_=0x110
0000010c e27a                BCR      PORTA, PA3
0000010d e27a                BCR      PORTA, PA3
0000010e e67a                BSR      PORTA, PA3
0000010f c6ea                LGOTO    0x115; main.o:_00625_DS_=0x115
00000110                     main.o:_00620_DS_:
00000110 e27a                BCR      PORTA, PA3
00000111 e67a                BSR      PORTA, PA3
00000112 e67a                BSR      PORTA, PA3
00000113 ffff                NOP
00000114 e27a                BCR      PORTA, PA3
00000115                     main.o:_00625_DS_:
00000115 e4fc                BSR      STATUS, BK0
00000116 f6dc                BTRSS    0x23, 0x2
00000117 c6e3                LGOTO    0x11c; main.o:_00629_DS_=0x11c
00000118 e27a                BCR      PORTA, PA3
00000119 e27a                BCR      PORTA, PA3
0000011a e67a                BSR      PORTA, PA3
0000011b c6de                LGOTO    0x121; main.o:_00634_DS_=0x121
0000011c                     main.o:_00629_DS_:
0000011c e27a                BCR      PORTA, PA3
0000011d e67a                BSR      PORTA, PA3
0000011e e67a                BSR      PORTA, PA3
0000011f ffff                NOP
00000120 e27a                BCR      PORTA, PA3
00000121                     main.o:_00634_DS_:
00000121 e4fc                BSR      STATUS, BK0
00000122 f75c                BTRSS    0x23, 0x1
00000123 c6d7                LGOTO    0x128; main.o:_00638_DS_=0x128
00000124 e27a                BCR      PORTA, PA3
00000125 e27a                BCR      PORTA, PA3
00000126 e67a                BSR      PORTA, PA3
00000127 c6d2                LGOTO    0x12d; main.o:_00643_DS_=0x12d
00000128                     main.o:_00638_DS_:
00000128 e27a                BCR      PORTA, PA3
00000129 e67a                BSR      PORTA, PA3
0000012a e67a                BSR      PORTA, PA3
0000012b ffff                NOP
0000012c e27a                BCR      PORTA, PA3
0000012d                     main.o:_00643_DS_:
0000012d e4fc                BSR      STATUS, BK0
0000012e f7dc                BTRSS    0x23, 0x0
0000012f c6cb                LGOTO    0x134; main.o:_00647_DS_=0x134
00000130 e27a                BCR      PORTA, PA3
00000131 e27a                BCR      PORTA, PA3
00000132 e67a                BSR      PORTA, PA3
00000133 c6c6                LGOTO    0x139; main.o:_00652_DS_=0x139
00000134                     main.o:_00647_DS_:
00000134 e27a                BCR      PORTA, PA3
00000135 e67a                BSR      PORTA, PA3
00000136 e67a                BSR      PORTA, PA3
00000137 ffff                NOP
00000138 e27a                BCR      PORTA, PA3
00000139                     main.o:_00652_DS_:
00000139 e27a                BCR      PORTA, PA3
0000013a fffb                ENI
0000013b ffef                RET
0000013c                     _isr:
0000013c ff3d                MOVAR    0x42
0000013d eafc                SWAPR    STATUS, ToAcc
0000013e fd7c                CLRR     STATUS
0000013f ff3e                MOVAR    0x41
00000140 fef5                MOVR     PCHBUF, ToAcc
00000141 fd75                CLRR     PCHBUF
00000142 ff3f                MOVAR    0x40
00000143 fefb                MOVR     FSR, ToAcc
00000144 e0fc                BCR      STATUS, BK0
00000145 ff15                MOVAR    0x6a
00000146 feb0                MOVR     0x4f, ToAcc
00000147 ff14                MOVAR    0x6b
00000148 feb1                MOVR     0x4e, ToAcc
00000149 ff13                MOVAR    0x6c
0000014a f7f0                BTRSS    INTF, T0IF
0000014b c5f5                LGOTO    0x20a; main.o:_00137_DS_=0x20a
0000014c debe                MOVIA    0x41
0000014d fc7e                ADDAR    TMR0, ToReg
0000014e fa0d                INCR     0x72, ToReg
0000014f fe8d                MOVR     0x72, ToAcc
00000150 dbcd                XORIA    0x32
00000151 f6fc                BTRSS    STATUS, Z
00000152 c5f5                LGOTO    0x20a; main.o:_00137_DS_=0x20a
00000153 fd0d                CLRR     0x72
00000154 defe                MOVIA    0x1
00000155 ff0c                MOVAR    0x73
00000156 deeb                MOVIA    0x14
00000157 fb88                SUBAR    0x77, ToAcc
00000158 f3fc                BTRSC    STATUS, C
00000159 c64e                LGOTO    0x1b1; main.o:_00120_DS_=0x1b1
0000015a fa08                INCR     0x77, ToReg
0000015b fe88                MOVR     0x77, ToAcc
0000015c dbeb                XORIA    0x14
0000015d f6fc                BTRSS    STATUS, Z
0000015e c64e                LGOTO    0x1b1; main.o:_00120_DS_=0x1b1
0000015f fd09                CLRR     0x76
00000160 fedb                MOVR     0x24, ToAcc
00000161 ff5a                MOVAR    0x25
00000162 db40                XORIA    0xbf
00000163 f6fc                BTRSS    STATUS, Z
00000164 c66a                LGOTO    0x195; main.o:_00108_DS_=0x195
00000165 fede                MOVR     0x21, ToAcc
00000166 ff5a                MOVAR    0x25
00000167 dbfc                XORIA    0x3
00000168 f6fc                BTRSS    STATUS, Z
00000169 c66a                LGOTO    0x195; main.o:_00108_DS_=0x195
0000016a feda                MOVR     0x25, ToAcc
0000016b ff59                MOVAR    0x26
0000016c fd58                CLRR     0x27
0000016d fedd                MOVR     0x22, ToAcc
0000016e ff5a                MOVAR    0x25
0000016f ff57                MOVAR    0x28
00000170 fd56                CLRR     0x29
00000171 fed7                MOVR     0x28, ToAcc
00000172 fc59                ADDAR    0x26, ToReg
00000173 deff                MOVIA    0x0
00000174 f7fc                BTRSS    STATUS, C
00000175 c686                LGOTO    0x179; main.o:_00011_DS_=0x179
00000176 fad6                INCR     0x29, ToAcc
00000177 f2fc                BTRSC    STATUS, Z
00000178 c684                LGOTO    0x17b; main.o:_00012_DS_=0x17b
00000179                     main.o:_00011_DS_:
00000179 e0fc                BCR      STATUS, BK0
0000017a fc58                ADDAR    0x27, ToReg
0000017b                     main.o:_00012_DS_:
0000017b e0fc                BCR      STATUS, BK0
0000017c fedc                MOVR     0x23, ToAcc
0000017d ff57                MOVAR    0x28
0000017e ff56                MOVAR    0x29
0000017f fd55                CLRR     0x2a
00000180 fed6                MOVR     0x29, ToAcc
00000181 edd9                XORAR    0x26, ToAcc
00000182 f6fc                BTRSS    STATUS, Z
00000183 c66a                LGOTO    0x195; main.o:_00108_DS_=0x195
00000184 fed5                MOVR     0x2a, ToAcc
00000185 edd8                XORAR    0x27, ToAcc
00000186 f6fc                BTRSS    STATUS, Z
00000187 c66a                LGOTO    0x195; main.o:_00108_DS_=0x195
00000188 feda                MOVR     0x25, ToAcc
00000189 ff07                MOVAR    0x78
0000018a defe                MOVIA    0x1
0000018b ff06                MOVAR    0x79
0000018c fe87                MOVR     0x78, ToAcc
0000018d dbf6                XORIA    0x9
0000018e f6fc                BTRSS    STATUS, Z
0000018f c66d                LGOTO    0x192; main.o:_00106_DS_=0x192
00000190 defe                MOVIA    0x1
00000191 d525                LCALL    0x2da; _setColor=0x2da
00000192                     main.o:_00106_DS_:
00000192 e0fc                BCR      STATUS, BK0
00000193 fd12                CLRR     0x6d
00000194 fd11                CLRR     0x6e
00000195                     main.o:_00108_DS_:
00000195 e0fc                BCR      STATUS, BK0
00000196 fe85                MOVR     0x7a, ToAcc
00000197 f2fc                BTRSC    STATUS, Z
00000198 c64e                LGOTO    0x1b1; main.o:_00120_DS_=0x1b1
00000199 defe                MOVIA    0x1
0000019a ff10                MOVAR    0x6f
0000019b fd0f                CLRR     0x70
0000019c fd0a                CLRR     0x75
0000019d defe                MOVIA    0x1
0000019e ff06                MOVAR    0x79
0000019f fd12                CLRR     0x6d
000001a0 fd11                CLRR     0x6e
000001a1 e805                DECRSZ   0x7a, ToReg
000001a2 c65a                LGOTO    0x1a5; main.o:_00112_DS_=0x1a5
000001a3 fedd                MOVR     0x22, ToAcc
000001a4 ff07                MOVAR    0x78
000001a5                     main.o:_00112_DS_:
000001a5 e0fc                BCR      STATUS, BK0
000001a6 fd5b                CLRR     0x24
000001a7 fd5c                CLRR     0x23
000001a8 fd5d                CLRR     0x22
000001a9 fd5e                CLRR     0x21
000001aa fd5f                CLRR     0x20
000001ab fe87                MOVR     0x78, ToAcc
000001ac dbf6                XORIA    0x9
000001ad f6fc                BTRSS    STATUS, Z
000001ae c64e                LGOTO    0x1b1; main.o:_00120_DS_=0x1b1
000001af fe86                MOVR     0x79, ToAcc
000001b0 d525                LCALL    0x2da; _setColor=0x2da
000001b1                     main.o:_00120_DS_:
000001b1 e0fc                BCR      STATUS, BK0
000001b2 fa12                INCR     0x6d, ToReg
000001b3 f2fc                BTRSC    STATUS, Z
000001b4 fa11                INCR     0x6e, ToReg
000001b5 defc                MOVIA    0x3
000001b6 fb91                SUBAR    0x6e, ToAcc
000001b7 f6fc                BTRSS    STATUS, Z
000001b8 c644                LGOTO    0x1bb; main.o:_00217_DS_=0x1bb
000001b9 de17                MOVIA    0xe8
000001ba fb92                SUBAR    0x6d, ToAcc
000001bb                     main.o:_00217_DS_:
000001bb f7fc                BTRSS    STATUS, C
000001bc c628                LGOTO    0x1d7; main.o:_00127_DS_=0x1d7
000001bd e0fc                BCR      STATUS, BK0
000001be fd12                CLRR     0x6d
000001bf fd11                CLRR     0x6e
000001c0 fd5a                CLRR     0x25
000001c1 fe87                MOVR     0x78, ToAcc
000001c2 dbf6                XORIA    0x9
000001c3 f6fc                BTRSS    STATUS, Z
000001c4 c639                LGOTO    0x1c6; main.o:_00013_DS_=0x1c6
000001c5 fa5a                INCR     0x25, ToReg
000001c6                     main.o:_00013_DS_:
000001c6 e0fc                BCR      STATUS, BK0
000001c7 feda                MOVR     0x25, ToAcc
000001c8 f2fc                BTRSC    STATUS, Z
000001c9 c62e                LGOTO    0x1d1; main.o:_00122_DS_=0x1d1
000001ca fa06                INCR     0x79, ToReg
000001cb def6                MOVIA    0x9
000001cc fb86                SUBAR    0x79, ToAcc
000001cd f7fc                BTRSS    STATUS, C
000001ce c62e                LGOTO    0x1d1; main.o:_00122_DS_=0x1d1
000001cf defe                MOVIA    0x1
000001d0 ff06                MOVAR    0x79
000001d1                     main.o:_00122_DS_:
000001d1 e0fc                BCR      STATUS, BK0
000001d2 feda                MOVR     0x25, ToAcc
000001d3 f2fc                BTRSC    STATUS, Z
000001d4 c628                LGOTO    0x1d7; main.o:_00127_DS_=0x1d7
000001d5 fe86                MOVR     0x79, ToAcc
000001d6 d525                LCALL    0x2da; _setColor=0x2da
000001d7                     main.o:_00127_DS_:
000001d7 e0fc                BCR      STATUS, BK0
000001d8 fe87                MOVR     0x78, ToAcc
000001d9 dbf5                XORIA    0xa
000001da f6fc                BTRSS    STATUS, Z
000001db c5f5                LGOTO    0x20a; main.o:_00137_DS_=0x20a
000001dc de37                MOVIA    0xc8
000001dd ff32                MOVAR    0x4d
000001de deff                MOVIA    0x0
000001df ff31                MOVAR    0x4e
000001e0 fe92                MOVR     0x6d, ToAcc
000001e1 ff30                MOVAR    0x4f
000001e2 fe91                MOVR     0x6e, ToAcc
000001e3 d383                LCALL    0x47c; __moduint=0x47c
000001e4 e0fc                BCR      STATUS, BK0
000001e5 ff59                MOVAR    0x26
000001e6 feb0                MOVR     0x4f, ToAcc
000001e7 ff5a                MOVAR    0x25
000001e8 eed9                IORAR    0x26, ToAcc
000001e9 f6fc                BTRSS    STATUS, Z
000001ea c5f5                LGOTO    0x20a; main.o:_00137_DS_=0x20a
000001eb defc                MOVIA    0x3
000001ec fc84                ADDAR    0x7b, ToAcc
000001ed ff5a                MOVAR    0x25
000001ee d438                LCALL    0x3c7; _rankNub=0x3c7
000001ef e0fc                BCR      STATUS, BK0
000001f0 fe86                MOVR     0x79, ToAcc
000001f1 ff02                MOVAR    0x7d
000001f2                     main.o:_00128_DS_:
000001f2 def8                MOVIA    0x7
000001f3 e0fc                BCR      STATUS, BK0
000001f4 ef84                ANDAR    0x7b, ToAcc
000001f5 ff5a                MOVAR    0x25
000001f6 fada                INCR     0x25, ToAcc
000001f7 ff06                MOVAR    0x79
000001f8 defc                MOVIA    0x3
000001f9 fc84                ADDAR    0x7b, ToAcc
000001fa ff5a                MOVAR    0x25
000001fb d438                LCALL    0x3c7; _rankNub=0x3c7
000001fc defc                MOVIA    0x3
000001fd e0fc                BCR      STATUS, BK0
000001fe fc03                ADDAR    0x7c, ToReg
000001ff fffd                CLRWDT
00000200 fe86                MOVR     0x79, ToAcc
00000201 ed82                XORAR    0x7d, ToAcc
00000202 f2fc                BTRSC    STATUS, Z
00000203 c60d                LGOTO    0x1f2; main.o:_00128_DS_=0x1f2
00000204 defc                MOVIA    0x3
00000205 ff30                MOVAR    0x4f
00000206 fe84                MOVR     0x7b, ToAcc
00000207 d2f0                LCALL    0x50f; __divuchar=0x50f
00000208 e0fc                BCR      STATUS, BK0
00000209 ff04                MOVAR    0x7b
0000020a                     main.o:_00137_DS_:
0000020a f670                BTRSS    INTF, T1IF
0000020b c5ee                LGOTO    0x211; main.o:_00139_DS_=0x211
0000020c de08                MOVIA    0xf7
0000020d ff70                MOVAR    INTF
0000020e defe                MOVIA    0x1
0000020f e0fc                BCR      STATUS, BK0
00000210 ff10                MOVAR    0x6f
00000211                     main.o:_00139_DS_:
00000211 f770                BTRSS    INTF, PABIF
00000212 c5e2                LGOTO    0x21d; main.o:_00144_DS_=0x21d
00000213 de02                MOVIA    0xfd
00000214 ff70                MOVAR    INTF
00000215 e0fc                BCR      STATUS, BK0
00000216 fe8f                MOVR     0x70, ToAcc
00000217 f6fc                BTRSS    STATUS, Z
00000218 c5e2                LGOTO    0x21d; main.o:_00144_DS_=0x21d
00000219 f2fa                BTRSC    PORTA, PA2
0000021a c5e2                LGOTO    0x21d; main.o:_00144_DS_=0x21d
0000021b defe                MOVIA    0x1
0000021c ff0b                MOVAR    0x74
0000021d                     main.o:_00144_DS_:
0000021d fd70                CLRR     INTF
0000021e e0fc                BCR      STATUS, BK0
0000021f fe93                MOVR     0x6c, ToAcc
00000220 ff31                MOVAR    0x4e
00000221 fe94                MOVR     0x6b, ToAcc
00000222 ff30                MOVAR    0x4f
00000223 fe95                MOVR     0x6a, ToAcc
00000224 ff7b                MOVAR    FSR
00000225 febf                MOVR     0x40, ToAcc
00000226 ff75                MOVAR    PCHBUF
00000227 fd7c                CLRR     STATUS
00000228 eabe                SWAPR    0x41, ToAcc
00000229 ff7c                MOVAR    STATUS
0000022a ea3d                SWAPR    0x42, ToReg
0000022b eabd                SWAPR    0x42, ToAcc
0000022c                     main.o:END_OF_INTERRUPT:
0000022c ffee                RETIE
0000022d                     _breath3:
0000022d e4fc                BSR      STATUS, BK0
0000022e fed8                MOVR     0x27, ToAcc
0000022f f2fc                BTRSC    STATUS, Z
00000230 c59b                LGOTO    0x264; main.o:_00350_DS_=0x264
00000231 deae                MOVIA    0x51
00000232 fbd8                SUBAR    0x27, ToAcc
00000233 f7fc                BTRSS    STATUS, C
00000234 c5c7                LGOTO    0x238; main.o:_00347_DS_=0x238
00000235 de07                MOVIA    0xf8
00000236 fc58                ADDAR    0x27, ToReg
00000237 c59b                LGOTO    0x264; main.o:_00350_DS_=0x264
00000238                     main.o:_00347_DS_:
00000238 e4fc                BSR      STATUS, BK0
00000239 fed8                MOVR     0x27, ToAcc
0000023a e0fc                BCR      STATUS, BK0
0000023b ff49                MOVAR    0x36
0000023c fd48                CLRR     0x37
0000023d def5                MOVIA    0xa
0000023e fc49                ADDAR    0x36, ToReg
0000023f f7fc                BTRSS    STATUS, C
00000240 c5bd                LGOTO    0x242; main.o:_00002_DS_=0x242
00000241 fa48                INCR     0x37, ToReg
00000242                     main.o:_00002_DS_:
00000242 e4fc                BSR      STATUS, BK0
00000243 fed7                MOVR     0x28, ToAcc
00000244 e0fc                BCR      STATUS, BK0
00000245 ff47                MOVAR    0x38
00000246 deff                MOVIA    0x0
00000247 da7f                ADDIA    0x80
00000248 ff46                MOVAR    0x39
00000249 fec8                MOVR     0x37, ToAcc
0000024a da7f                ADDIA    0x80
0000024b fbc6                SUBAR    0x39, ToAcc
0000024c f6fc                BTRSS    STATUS, Z
0000024d c5af                LGOTO    0x250; main.o:_00406_DS_=0x250
0000024e fec9                MOVR     0x36, ToAcc
0000024f fbc7                SUBAR    0x38, ToAcc
00000250                     main.o:_00406_DS_:
00000250 f3fc                BTRSC    STATUS, C
00000251 c59b                LGOTO    0x264; main.o:_00350_DS_=0x264
00000252 e4fc                BSR      STATUS, BK0
00000253 fed6                MOVR     0x29, ToAcc
00000254 e0fc                BCR      STATUS, BK0
00000255 ff47                MOVAR    0x38
00000256 deff                MOVIA    0x0
00000257 da7f                ADDIA    0x80
00000258 ff46                MOVAR    0x39
00000259 fec8                MOVR     0x37, ToAcc
0000025a da7f                ADDIA    0x80
0000025b fbc6                SUBAR    0x39, ToAcc
0000025c f6fc                BTRSS    STATUS, Z
0000025d c59f                LGOTO    0x260; main.o:_00407_DS_=0x260
0000025e fec9                MOVR     0x36, ToAcc
0000025f fbc7                SUBAR    0x38, ToAcc
00000260                     main.o:_00407_DS_:
00000260 f3fc                BTRSC    STATUS, C
00000261 c59b                LGOTO    0x264; main.o:_00350_DS_=0x264
00000262 e4fc                BSR      STATUS, BK0
00000263 f958                DECR     0x27, ToReg
00000264                     main.o:_00350_DS_:
00000264 e4fc                BSR      STATUS, BK0
00000265 fed7                MOVR     0x28, ToAcc
00000266 f2fc                BTRSC    STATUS, Z
00000267 c564                LGOTO    0x29b; main.o:_00358_DS_=0x29b
00000268 deae                MOVIA    0x51
00000269 fbd7                SUBAR    0x28, ToAcc
0000026a f7fc                BTRSS    STATUS, C
0000026b c590                LGOTO    0x26f; main.o:_00355_DS_=0x26f
0000026c de07                MOVIA    0xf8
0000026d fc57                ADDAR    0x28, ToReg
0000026e c564                LGOTO    0x29b; main.o:_00358_DS_=0x29b
0000026f                     main.o:_00355_DS_:
0000026f e4fc                BSR      STATUS, BK0
00000270 fed7                MOVR     0x28, ToAcc
00000271 e0fc                BCR      STATUS, BK0
00000272 ff49                MOVAR    0x36
00000273 fd48                CLRR     0x37
00000274 def5                MOVIA    0xa
00000275 fc49                ADDAR    0x36, ToReg
00000276 f7fc                BTRSS    STATUS, C
00000277 c586                LGOTO    0x279; main.o:_00003_DS_=0x279
00000278 fa48                INCR     0x37, ToReg
00000279                     main.o:_00003_DS_:
00000279 e4fc                BSR      STATUS, BK0
0000027a fed8                MOVR     0x27, ToAcc
0000027b e0fc                BCR      STATUS, BK0
0000027c ff47                MOVAR    0x38
0000027d deff                MOVIA    0x0
0000027e da7f                ADDIA    0x80
0000027f ff46                MOVAR    0x39
00000280 fec8                MOVR     0x37, ToAcc
00000281 da7f                ADDIA    0x80
00000282 fbc6                SUBAR    0x39, ToAcc
00000283 f6fc                BTRSS    STATUS, Z
00000284 c578                LGOTO    0x287; main.o:_00409_DS_=0x287
00000285 fec9                MOVR     0x36, ToAcc
00000286 fbc7                SUBAR    0x38, ToAcc
00000287                     main.o:_00409_DS_:
00000287 f3fc                BTRSC    STATUS, C
00000288 c564                LGOTO    0x29b; main.o:_00358_DS_=0x29b
00000289 e4fc                BSR      STATUS, BK0
0000028a fed6                MOVR     0x29, ToAcc
0000028b e0fc                BCR      STATUS, BK0
0000028c ff47                MOVAR    0x38
0000028d deff                MOVIA    0x0
0000028e da7f                ADDIA    0x80
0000028f ff46                MOVAR    0x39
00000290 fec8                MOVR     0x37, ToAcc
00000291 da7f                ADDIA    0x80
00000292 fbc6                SUBAR    0x39, ToAcc
00000293 f6fc                BTRSS    STATUS, Z
00000294 c568                LGOTO    0x297; main.o:_00410_DS_=0x297
00000295 fec9                MOVR     0x36, ToAcc
00000296 fbc7                SUBAR    0x38, ToAcc
00000297                     main.o:_00410_DS_:
00000297 f3fc                BTRSC    STATUS, C
00000298 c564                LGOTO    0x29b; main.o:_00358_DS_=0x29b
00000299 e4fc                BSR      STATUS, BK0
0000029a f957                DECR     0x28, ToReg
0000029b                     main.o:_00358_DS_:
0000029b e4fc                BSR      STATUS, BK0
0000029c fed6                MOVR     0x29, ToAcc
0000029d f2fc                BTRSC    STATUS, Z
0000029e c52d                LGOTO    0x2d2; main.o:_00366_DS_=0x2d2
0000029f deae                MOVIA    0x51
000002a0 fbd6                SUBAR    0x29, ToAcc
000002a1 f7fc                BTRSS    STATUS, C
000002a2 c559                LGOTO    0x2a6; main.o:_00363_DS_=0x2a6
000002a3 de07                MOVIA    0xf8
000002a4 fc56                ADDAR    0x29, ToReg
000002a5 c52d                LGOTO    0x2d2; main.o:_00366_DS_=0x2d2
000002a6                     main.o:_00363_DS_:
000002a6 e4fc                BSR      STATUS, BK0
000002a7 fed6                MOVR     0x29, ToAcc
000002a8 e0fc                BCR      STATUS, BK0
000002a9 ff49                MOVAR    0x36
000002aa fd48                CLRR     0x37
000002ab def5                MOVIA    0xa
000002ac fc49                ADDAR    0x36, ToReg
000002ad f7fc                BTRSS    STATUS, C
000002ae c54f                LGOTO    0x2b0; main.o:_00004_DS_=0x2b0
000002af fa48                INCR     0x37, ToReg
000002b0                     main.o:_00004_DS_:
000002b0 e4fc                BSR      STATUS, BK0
000002b1 fed8                MOVR     0x27, ToAcc
000002b2 e0fc                BCR      STATUS, BK0
000002b3 ff47                MOVAR    0x38
000002b4 deff                MOVIA    0x0
000002b5 da7f                ADDIA    0x80
000002b6 ff46                MOVAR    0x39
000002b7 fec8                MOVR     0x37, ToAcc
000002b8 da7f                ADDIA    0x80
000002b9 fbc6                SUBAR    0x39, ToAcc
000002ba f6fc                BTRSS    STATUS, Z
000002bb c541                LGOTO    0x2be; main.o:_00412_DS_=0x2be
000002bc fec9                MOVR     0x36, ToAcc
000002bd fbc7                SUBAR    0x38, ToAcc
000002be                     main.o:_00412_DS_:
000002be f3fc                BTRSC    STATUS, C
000002bf c52d                LGOTO    0x2d2; main.o:_00366_DS_=0x2d2
000002c0 e4fc                BSR      STATUS, BK0
000002c1 fed7                MOVR     0x28, ToAcc
000002c2 e0fc                BCR      STATUS, BK0
000002c3 ff47                MOVAR    0x38
000002c4 deff                MOVIA    0x0
000002c5 da7f                ADDIA    0x80
000002c6 ff46                MOVAR    0x39
000002c7 fec8                MOVR     0x37, ToAcc
000002c8 da7f                ADDIA    0x80
000002c9 fbc6                SUBAR    0x39, ToAcc
000002ca f6fc                BTRSS    STATUS, Z
000002cb c531                LGOTO    0x2ce; main.o:_00413_DS_=0x2ce
000002cc fec9                MOVR     0x36, ToAcc
000002cd fbc7                SUBAR    0x38, ToAcc
000002ce                     main.o:_00413_DS_:
000002ce f3fc                BTRSC    STATUS, C
000002cf c52d                LGOTO    0x2d2; main.o:_00366_DS_=0x2d2
000002d0 e4fc                BSR      STATUS, BK0
000002d1 f956                DECR     0x29, ToReg
000002d2                     main.o:_00366_DS_:
000002d2 e4fc                BSR      STATUS, BK0
000002d3 fed6                MOVR     0x29, ToAcc
000002d4 ff31                MOVAR    0x4e
000002d5 fed7                MOVR     0x28, ToAcc
000002d6 ff30                MOVAR    0x4f
000002d7 fed8                MOVR     0x27, ToAcc
000002d8 d47e                LCALL    0x381; _sendtoLast=0x381
000002d9 ffef                RET
000002da                     _setColor:
000002da e0fc                BCR      STATUS, BK0
000002db ff4a                MOVAR    0x35
000002dc def6                MOVIA    0x9
000002dd fbca                SUBAR    0x35, ToAcc
000002de f3fc                BTRSC    STATUS, C
000002df c4cd                LGOTO    0x332; main.o:_00314_DS_=0x332
000002e0 defd                MOVIA    0x2
000002e1 ff75                MOVAR    PCHBUF
000002e2 feca                MOVR     0x35, ToAcc
000002e3 da18                ADDIA    0xe7
000002e4 f3fc                BTRSC    STATUS, C
000002e5 fa75                INCR     PCHBUF, ToReg
000002e6 ff7d                MOVAR    PCL
000002e7                     main.o:_00325_DS_:
000002e7 c50f                LGOTO    0x2f0; main.o:_00302_DS_=0x2f0
000002e8 c4ff                LGOTO    0x300; main.o:_00306_DS_=0x300
000002e9 c4f8                LGOTO    0x307; main.o:_00307_DS_=0x307
000002ea c4f1                LGOTO    0x30e; main.o:_00308_DS_=0x30e
000002eb c4eb                LGOTO    0x314; main.o:_00309_DS_=0x314
000002ec c4e5                LGOTO    0x31a; main.o:_00310_DS_=0x31a
000002ed c4de                LGOTO    0x321; main.o:_00311_DS_=0x321
000002ee c4d8                LGOTO    0x327; main.o:_00312_DS_=0x327
000002ef c4d2                LGOTO    0x32d; main.o:_00313_DS_=0x32d
000002f0                     main.o:_00302_DS_:
000002f0 def4                MOVIA    0xb
000002f1 e0fc                BCR      STATUS, BK0
000002f2 fb80                SUBAR    0x7f, ToAcc
000002f3 f7fc                BTRSS    STATUS, C
000002f4 c502                LGOTO    0x2fd; main.o:_00304_DS_=0x2fd
000002f5 deff                MOVIA    0x0
000002f6 ff31                MOVAR    0x4e
000002f7 ff30                MOVAR    0x4f
000002f8 d47e                LCALL    0x381; _sendtoLast=0x381
000002f9 e0fc                BCR      STATUS, BK0
000002fa fd00                CLRR     0x7f
000002fb fd06                CLRR     0x79
000002fc c4c9                LGOTO    0x336; main.o:_00316_DS_=0x336
000002fd                     main.o:_00304_DS_:
000002fd e0fc                BCR      STATUS, BK0
000002fe fa00                INCR     0x7f, ToReg
000002ff c4c9                LGOTO    0x336; main.o:_00316_DS_=0x336
00000300                     main.o:_00306_DS_:
00000300 deff                MOVIA    0x0
00000301 ff31                MOVAR    0x4e
00000302 de00                MOVIA    0xff
00000303 ff30                MOVAR    0x4f
00000304 deff                MOVIA    0x0
00000305 d47e                LCALL    0x381; _sendtoLast=0x381
00000306 c4c9                LGOTO    0x336; main.o:_00316_DS_=0x336
00000307                     main.o:_00307_DS_:
00000307 deff                MOVIA    0x0
00000308 ff31                MOVAR    0x4e
00000309 de00                MOVIA    0xff
0000030a ff30                MOVAR    0x4f
0000030b deda                MOVIA    0x25
0000030c d47e                LCALL    0x381; _sendtoLast=0x381
0000030d c4c9                LGOTO    0x336; main.o:_00316_DS_=0x336
0000030e                     main.o:_00308_DS_:
0000030e deff                MOVIA    0x0
0000030f ff31                MOVAR    0x4e
00000310 de00                MOVIA    0xff
00000311 ff30                MOVAR    0x4f
00000312 d47e                LCALL    0x381; _sendtoLast=0x381
00000313 c4c9                LGOTO    0x336; main.o:_00316_DS_=0x336
00000314                     main.o:_00309_DS_:
00000314 deff                MOVIA    0x0
00000315 ff31                MOVAR    0x4e
00000316 ff30                MOVAR    0x4f
00000317 de00                MOVIA    0xff
00000318 d47e                LCALL    0x381; _sendtoLast=0x381
00000319 c4c9                LGOTO    0x336; main.o:_00316_DS_=0x336
0000031a                     main.o:_00310_DS_:
0000031a de00                MOVIA    0xff
0000031b ff31                MOVAR    0x4e
0000031c deff                MOVIA    0x0
0000031d ff30                MOVAR    0x4f
0000031e de00                MOVIA    0xff
0000031f d47e                LCALL    0x381; _sendtoLast=0x381
00000320 c4c9                LGOTO    0x336; main.o:_00316_DS_=0x336
00000321                     main.o:_00311_DS_:
00000321 de00                MOVIA    0xff
00000322 ff31                MOVAR    0x4e
00000323 deff                MOVIA    0x0
00000324 ff30                MOVAR    0x4f
00000325 d47e                LCALL    0x381; _sendtoLast=0x381
00000326 c4c9                LGOTO    0x336; main.o:_00316_DS_=0x336
00000327                     main.o:_00312_DS_:
00000327 de00                MOVIA    0xff
00000328 ff31                MOVAR    0x4e
00000329 ff30                MOVAR    0x4f
0000032a deff                MOVIA    0x0
0000032b d47e                LCALL    0x381; _sendtoLast=0x381
0000032c c4c9                LGOTO    0x336; main.o:_00316_DS_=0x336
0000032d                     main.o:_00313_DS_:
0000032d de00                MOVIA    0xff
0000032e ff31                MOVAR    0x4e
0000032f ff30                MOVAR    0x4f
00000330 d47e                LCALL    0x381; _sendtoLast=0x381
00000331 c4c9                LGOTO    0x336; main.o:_00316_DS_=0x336
00000332                     main.o:_00314_DS_:
00000332 deff                MOVIA    0x0
00000333 ff31                MOVAR    0x4e
00000334 ff30                MOVAR    0x4f
00000335 d47e                LCALL    0x381; _sendtoLast=0x381
00000336                     main.o:_00316_DS_:
00000336 ffef                RET
00000337                     __divuint:
00000337 e0fc                BCR      STATUS, BK0
00000338 ff2a                MOVAR    0x55
00000339 feb0                MOVR     0x4f, ToAcc
0000033a ff2b                MOVAR    0x54
0000033b feb1                MOVR     0x4e, ToAcc
0000033c ff28                MOVAR    0x57
0000033d feb2                MOVR     0x4d, ToAcc
0000033e ff29                MOVAR    0x56
0000033f fd27                CLRR     0x58
00000340 fd26                CLRR     0x59
00000341 defe                MOVIA    0x1
00000342 ff25                MOVAR    0x5a
00000343 fd24                CLRR     0x5b
00000344 fea9                MOVR     0x56, ToAcc
00000345 eea8                IORAR    0x57, ToAcc
00000346 f6fc                BTRSS    STATUS, Z
00000347 c4b4                LGOTO    0x34b; _divuint.o:_00107_DS_=0x34b
00000348 de00                MOVIA    0xff
00000349 ff30                MOVAR    0x4f
0000034a c47f                LGOTO    0x380; _divuint.o:_00115_DS_=0x380
0000034b                     _divuint.o:_00107_DS_:
0000034b e0fc                BCR      STATUS, BK0
0000034c f028                BTRSC    0x57, 0x7
0000034d c4aa                LGOTO    0x355; _divuint.o:_00112_DS_=0x355
0000034e e3fc                BCR      STATUS, C
0000034f eb29                RLR      0x56, ToReg
00000350 eb28                RLR      0x57, ToReg
00000351 e3fc                BCR      STATUS, C
00000352 eb25                RLR      0x5a, ToReg
00000353 eb24                RLR      0x5b, ToReg
00000354 c4b4                LGOTO    0x34b; _divuint.o:_00107_DS_=0x34b
00000355                     _divuint.o:_00112_DS_:
00000355 e0fc                BCR      STATUS, BK0
00000356 fea5                MOVR     0x5a, ToAcc
00000357 eea4                IORAR    0x5b, ToAcc
00000358 f2fc                BTRSC    STATUS, Z
00000359 c483                LGOTO    0x37c; _divuint.o:_00114_DS_=0x37c
0000035a fea8                MOVR     0x57, ToAcc
0000035b fbaa                SUBAR    0x55, ToAcc
0000035c f6fc                BTRSS    STATUS, Z
0000035d c49f                LGOTO    0x360; _divuint.o:_00135_DS_=0x360
0000035e fea9                MOVR     0x56, ToAcc
0000035f fbab                SUBAR    0x54, ToAcc
00000360                     _divuint.o:_00135_DS_:
00000360 f7fc                BTRSS    STATUS, C
00000361 c48b                LGOTO    0x374; _divuint.o:_00002_DS_=0x374
00000362 e0fc                BCR      STATUS, BK0
00000363 fea5                MOVR     0x5a, ToAcc
00000364 fc27                ADDAR    0x58, ToReg
00000365 fea4                MOVR     0x5b, ToAcc
00000366 f3fc                BTRSC    STATUS, C
00000367 faa4                INCR     0x5b, ToAcc
00000368 f2fc                BTRSC    STATUS, Z
00000369 c494                LGOTO    0x36b; _divuint.o:_00001_DS_=0x36b
0000036a fc26                ADDAR    0x59, ToReg
0000036b                     _divuint.o:_00001_DS_:
0000036b e0fc                BCR      STATUS, BK0
0000036c fea9                MOVR     0x56, ToAcc
0000036d fb2b                SUBAR    0x54, ToReg
0000036e fea8                MOVR     0x57, ToAcc
0000036f f7fc                BTRSS    STATUS, C
00000370 faa8                INCR     0x57, ToAcc
00000371 f2fc                BTRSC    STATUS, Z
00000372 c48b                LGOTO    0x374; _divuint.o:_00002_DS_=0x374
00000373 fb2a                SUBAR    0x55, ToReg
00000374                     _divuint.o:_00002_DS_:
00000374 e3fc                BCR      STATUS, C
00000375 e0fc                BCR      STATUS, BK0
00000376 ec28                RRR      0x57, ToReg
00000377 ec29                RRR      0x56, ToReg
00000378 e3fc                BCR      STATUS, C
00000379 ec24                RRR      0x5b, ToReg
0000037a ec25                RRR      0x5a, ToReg
0000037b c4aa                LGOTO    0x355; _divuint.o:_00112_DS_=0x355
0000037c                     _divuint.o:_00114_DS_:
0000037c e0fc                BCR      STATUS, BK0
0000037d fea7                MOVR     0x58, ToAcc
0000037e ff30                MOVAR    0x4f
0000037f fea6                MOVR     0x59, ToAcc
00000380                     _divuint.o:_00115_DS_:
00000380 ffef                RET
00000381                     _sendtoLast:
00000381 e4fc                BSR      STATUS, BK0
00000382 ff5b                MOVAR    0x24
00000383 e0fc                BCR      STATUS, BK0
00000384 ff44                MOVAR    0x3b
00000385 feb0                MOVR     0x4f, ToAcc
00000386 e4fc                BSR      STATUS, BK0
00000387 ff5a                MOVAR    0x25
00000388 e0fc                BCR      STATUS, BK0
00000389 ff43                MOVAR    0x3c
0000038a feb1                MOVR     0x4e, ToAcc
0000038b e4fc                BSR      STATUS, BK0
0000038c ff59                MOVAR    0x26
0000038d e0fc                BCR      STATUS, BK0
0000038e ff42                MOVAR    0x3d
0000038f fe87                MOVR     0x78, ToAcc
00000390 dbf6                XORIA    0x9
00000391 f6fc                BTRSS    STATUS, Z
00000392 c457                LGOTO    0x3a8; main.o:_00672_DS_=0x3a8
00000393 fe86                MOVR     0x79, ToAcc
00000394 e4fc                BSR      STATUS, BK0
00000395 eddf                XORAR    0x20, ToAcc
00000396 f2fc                BTRSC    STATUS, Z
00000397 c457                LGOTO    0x3a8; main.o:_00672_DS_=0x3a8
00000398 e0fc                BCR      STATUS, BK0
00000399 fe86                MOVR     0x79, ToAcc
0000039a e4fc                BSR      STATUS, BK0
0000039b ff5f                MOVAR    0x20
0000039c e0fc                BCR      STATUS, BK0
0000039d fec4                MOVR     0x3b, ToAcc
0000039e e4fc                BSR      STATUS, BK0
0000039f ff58                MOVAR    0x27
000003a0 e0fc                BCR      STATUS, BK0
000003a1 fec3                MOVR     0x3c, ToAcc
000003a2 e4fc                BSR      STATUS, BK0
000003a3 ff57                MOVAR    0x28
000003a4 e0fc                BCR      STATUS, BK0
000003a5 fec2                MOVR     0x3d, ToAcc
000003a6 e4fc                BSR      STATUS, BK0
000003a7 ff56                MOVAR    0x29
000003a8                     main.o:_00672_DS_:
000003a8 e0fc                BCR      STATUS, BK0
000003a9 fd41                CLRR     0x3e
000003aa fd40                CLRR     0x3f
000003ab                     main.o:_00664_DS_:
000003ab e0fc                BCR      STATUS, BK0
000003ac fec0                MOVR     0x3f, ToAcc
000003ad da7f                ADDIA    0x80
000003ae da7f                ADDIA    0x80
000003af f6fc                BTRSS    STATUS, Z
000003b0 c44c                LGOTO    0x3b3; main.o:_00684_DS_=0x3b3
000003b1 defb                MOVIA    0x4
000003b2 fbc1                SUBAR    0x3e, ToAcc
000003b3                     main.o:_00684_DS_:
000003b3 f3fc                BTRSC    STATUS, C
000003b4 c43a                LGOTO    0x3c5; main.o:_00662_DS_=0x3c5
000003b5 e0fc                BCR      STATUS, BK0
000003b6 fec2                MOVR     0x3d, ToAcc
000003b7 ff31                MOVAR    0x4e
000003b8 fec3                MOVR     0x3c, ToAcc
000003b9 ff30                MOVAR    0x4f
000003ba fec4                MOVR     0x3b, ToAcc
000003bb d7ec                LCALL    0x13; _sendRGB=0x13
000003bc e0fc                BCR      STATUS, BK0
000003bd fe8b                MOVR     0x74, ToAcc
000003be f6fc                BTRSS    STATUS, Z
000003bf c439                LGOTO    0x3c6; main.o:_00666_DS_=0x3c6
000003c0 fa41                INCR     0x3e, ToReg
000003c1 f6fc                BTRSS    STATUS, Z
000003c2 c43b                LGOTO    0x3c4; main.o:_00001_DS_=0x3c4
000003c3 fa40                INCR     0x3f, ToReg
000003c4                     main.o:_00001_DS_:
000003c4 c454                LGOTO    0x3ab; main.o:_00664_DS_=0x3ab
000003c5                     main.o:_00662_DS_:
000003c5 d294                LCALL    0x56b; _Delay80us=0x56b
000003c6                     main.o:_00666_DS_:
000003c6 ffef                RET
000003c7                     _rankNub:
000003c7 e0fc                BCR      STATUS, BK0
000003c8 ff52                MOVAR    0x2d
000003c9 defc                MOVIA    0x3
000003ca ff32                MOVAR    0x4d
000003cb fd31                CLRR     0x4e
000003cc fe84                MOVR     0x7b, ToAcc
000003cd ff30                MOVAR    0x4f
000003ce fdff                CLRA
000003cf d3f8                LCALL    0x407; __mulint=0x407
000003d0 e0fc                BCR      STATUS, BK0
000003d1 ff50                MOVAR    0x2f
000003d2 feb0                MOVR     0x4f, ToAcc
000003d3 ff51                MOVAR    0x2e
000003d4 fd4f                CLRR     0x30
000003d5                     main.o:_00253_DS_:
000003d5 e0fc                BCR      STATUS, BK0
000003d6 fed2                MOVR     0x2d, ToAcc
000003d7 fbcf                SUBAR    0x30, ToAcc
000003d8 f3fc                BTRSC    STATUS, C
000003d9 c401                LGOTO    0x3fe; main.o:_00251_DS_=0x3fe
000003da fe83                MOVR     0x7c, ToAcc
000003db ff32                MOVAR    0x4d
000003dc fd31                CLRR     0x4e
000003dd fecf                MOVR     0x30, ToAcc
000003de ff30                MOVAR    0x4f
000003df fdff                CLRA
000003e0 d3f8                LCALL    0x407; __mulint=0x407
000003e1 e0fc                BCR      STATUS, BK0
000003e2 ff4e                MOVAR    0x31
000003e3 feb0                MOVR     0x4f, ToAcc
000003e4 fc51                ADDAR    0x2e, ToReg
000003e5 fece                MOVR     0x31, ToAcc
000003e6 f3fc                BTRSC    STATUS, C
000003e7 face                INCR     0x31, ToAcc
000003e8 f2fc                BTRSC    STATUS, Z
000003e9 c414                LGOTO    0x3eb; main.o:_00008_DS_=0x3eb
000003ea fc50                ADDAR    0x2f, ToReg
000003eb                     main.o:_00008_DS_:
000003eb defa                MOVIA    0x5
000003ec e0fc                BCR      STATUS, BK0
000003ed fbcf                SUBAR    0x30, ToAcc
000003ee f7fc                BTRSS    STATUS, C
000003ef c40a                LGOTO    0x3f5; main.o:_00009_DS_=0x3f5
000003f0 de00                MOVIA    0xff
000003f1 fc51                ADDAR    0x2e, ToReg
000003f2 f3fc                BTRSC    STATUS, C
000003f3 c40a                LGOTO    0x3f5; main.o:_00009_DS_=0x3f5
000003f4 f950                DECR     0x2f, ToReg
000003f5                     main.o:_00009_DS_:
000003f5 defc                MOVIA    0x3
000003f6 e0fc                BCR      STATUS, BK0
000003f7 fc51                ADDAR    0x2e, ToReg
000003f8 f7fc                BTRSS    STATUS, C
000003f9 c404                LGOTO    0x3fb; main.o:_00010_DS_=0x3fb
000003fa fa50                INCR     0x2f, ToReg
000003fb                     main.o:_00010_DS_:
000003fb e0fc                BCR      STATUS, BK0
000003fc fa4f                INCR     0x30, ToReg
000003fd c42a                LGOTO    0x3d5; main.o:_00253_DS_=0x3d5
000003fe                     main.o:_00251_DS_:
000003fe def8                MOVIA    0x7
000003ff e0fc                BCR      STATUS, BK0
00000400 ef51                ANDAR    0x2e, ToReg
00000401 fd50                CLRR     0x2f
00000402 fed1                MOVR     0x2e, ToAcc
00000403 ff52                MOVAR    0x2d
00000404 fad2                INCR     0x2d, ToAcc
00000405 ff04                MOVAR    0x7b
00000406 ffef                RET
00000407                     __mulint:
00000407 e0fc                BCR      STATUS, BK0
00000408 ff22                MOVAR    0x5d
00000409 feb0                MOVR     0x4f, ToAcc
0000040a ff23                MOVAR    0x5c
0000040b feb1                MOVR     0x4e, ToAcc
0000040c ff20                MOVAR    0x5f
0000040d feb2                MOVR     0x4d, ToAcc
0000040e ff21                MOVAR    0x5e
0000040f fd1f                CLRR     0x60
00000410 fd1e                CLRR     0x61
00000411 def7                MOVIA    0x8
00000412 ff1d                MOVAR    0x62
00000413                     _mulint.o:_00119_DS_:
00000413 e0fc                BCR      STATUS, BK0
00000414 f7a3                BTRSS    0x5c, 0x0
00000415 c3e1                LGOTO    0x41e; _mulint.o:_00001_DS_=0x41e
00000416 fea1                MOVR     0x5e, ToAcc
00000417 fc1f                ADDAR    0x60, ToReg
00000418 fea0                MOVR     0x5f, ToAcc
00000419 f3fc                BTRSC    STATUS, C
0000041a faa0                INCR     0x5f, ToAcc
0000041b f2fc                BTRSC    STATUS, Z
0000041c c3e1                LGOTO    0x41e; _mulint.o:_00001_DS_=0x41e
0000041d fc1e                ADDAR    0x61, ToReg
0000041e                     _mulint.o:_00001_DS_:
0000041e e0fc                BCR      STATUS, BK0
0000041f f7a2                BTRSS    0x5d, 0x0
00000420 c3d3                LGOTO    0x42c; _mulint.o:_00002_DS_=0x42c
00000421 fea1                MOVR     0x5e, ToAcc
00000422 fd1c                CLRR     0x63
00000423 deff                MOVIA    0x0
00000424 fc1f                ADDAR    0x60, ToReg
00000425 fea1                MOVR     0x5e, ToAcc
00000426 ff1b                MOVAR    0x64
00000427 f3fc                BTRSC    STATUS, C
00000428 fa9b                INCR     0x64, ToAcc
00000429 f2fc                BTRSC    STATUS, Z
0000042a c3d3                LGOTO    0x42c; _mulint.o:_00002_DS_=0x42c
0000042b fc1e                ADDAR    0x61, ToReg
0000042c                     _mulint.o:_00002_DS_:
0000042c e0fc                BCR      STATUS, BK0
0000042d fea3                MOVR     0x5c, ToAcc
0000042e ff1c                MOVAR    0x63
0000042f fea2                MOVR     0x5d, ToAcc
00000430 ff1b                MOVAR    0x64
00000431 e3fc                BCR      STATUS, C
00000432 ec9b                RRR      0x64, ToAcc
00000433 ff22                MOVAR    0x5d
00000434 ec9c                RRR      0x63, ToAcc
00000435 ff23                MOVAR    0x5c
00000436 e3fc                BCR      STATUS, C
00000437 eb21                RLR      0x5e, ToReg
00000438 eb20                RLR      0x5f, ToReg
00000439 f99d                DECR     0x62, ToAcc
0000043a ff1c                MOVAR    0x63
0000043b ff1d                MOVAR    0x62
0000043c fe9c                MOVR     0x63, ToAcc
0000043d f6fc                BTRSS    STATUS, Z
0000043e c3ec                LGOTO    0x413; _mulint.o:_00119_DS_=0x413
0000043f fe9f                MOVR     0x60, ToAcc
00000440 ff30                MOVAR    0x4f
00000441 fe9e                MOVR     0x61, ToAcc
00000442 ffef                RET
00000443                     _main:
00000443 e0fc                BCR      STATUS, BK0
00000444 fd7a                CLRR     PORTA
00000445 de24                MOVIA    0xdb
00000446 fff6                IOST     APHCON
00000447 dedb                MOVIA    0x24
00000448 fffa                IOST     IOSTA
00000449 defe                MOVIA    0x1
0000044a fff9                IOST     IOSTB
0000044b fd7a                CLRR     PORTA
0000044c de57                MOVIA    0xa8
0000044d ff77                MOVAR    PCON
0000044e de00                MOVIA    0xff
0000044f ff74                MOVAR    ABPLCON
00000450 fdff                CLRA
00000451 fff0                IOST     PCON1
00000452 dec8                MOVIA    0x37
00000453 ff7e                MOVAR    TMR0
00000454 defe                MOVIA    0x1
00000455 fffc                T0MD
00000456 def4                MOVIA    0xb
00000457 ff71                MOVAR    INTE
00000458 dee2                MOVIA    0x1d
00000459 fff0                IOST     PCON1
0000045a fd66                CLRR     TMRH
0000045b de97                MOVIA    0x68
0000045c ffbf                SFUN     TMR1
0000045d defd                MOVIA    0x2
0000045e ffbd                SFUN     T1CR2
0000045f defc                MOVIA    0x3
00000460 ffbe                SFUN     T1CR1
00000461 fffb                ENI
00000462 fd07                CLRR     0x78
00000463                     main.o:_00244_DS_:
00000463 fffd                CLRWDT
00000464 d34a                LCALL    0x4b5; _revData=0x4b5
00000465 e0fc                BCR      STATUS, BK0
00000466 fa03                INCR     0x7c, ToReg
00000467 fe8c                MOVR     0x73, ToAcc
00000468 f2fc                BTRSC    STATUS, Z
00000469 c39c                LGOTO    0x463; main.o:_00244_DS_=0x463
0000046a fd0c                CLRR     0x73
0000046b fe8b                MOVR     0x74, ToAcc
0000046c f2fc                BTRSC    STATUS, Z
0000046d d2a9                LCALL    0x556; _workCtr=0x556
0000046e e0fc                BCR      STATUS, BK0
0000046f fe87                MOVR     0x78, ToAcc
00000470 f2fc                BTRSC    STATUS, Z
00000471 c389                LGOTO    0x476; main.o:_00240_DS_=0x476
00000472 def4                MOVIA    0xb
00000473 fb87                SUBAR    0x78, ToAcc
00000474 f7fc                BTRSS    STATUS, C
00000475 c39c                LGOTO    0x463; main.o:_00244_DS_=0x463
00000476                     main.o:_00240_DS_:
00000476 deff                MOVIA    0x0
00000477 d525                LCALL    0x2da; _setColor=0x2da
00000478 e0fc                BCR      STATUS, BK0
00000479 fd07                CLRR     0x78
0000047a c39c                LGOTO    0x463; main.o:_00244_DS_=0x463
0000047b ffef                RET
0000047c                     __moduint:
0000047c e0fc                BCR      STATUS, BK0
0000047d ff19                MOVAR    0x66
0000047e feb0                MOVR     0x4f, ToAcc
0000047f ff1a                MOVAR    0x65
00000480 feb1                MOVR     0x4e, ToAcc
00000481 ff17                MOVAR    0x68
00000482 feb2                MOVR     0x4d, ToAcc
00000483 ff18                MOVAR    0x67
00000484 ee97                IORAR    0x68, ToAcc
00000485 f6fc                BTRSS    STATUS, Z
00000486 c375                LGOTO    0x48a; _moduint.o:_00119_DS_=0x48a
00000487 de00                MOVIA    0xff
00000488 ff30                MOVAR    0x4f
00000489 c34b                LGOTO    0x4b4; _moduint.o:_00115_DS_=0x4b4
0000048a                     _moduint.o:_00119_DS_:
0000048a defe                MOVIA    0x1
0000048b e0fc                BCR      STATUS, BK0
0000048c ff16                MOVAR    0x69
0000048d                     _moduint.o:_00107_DS_:
0000048d e0fc                BCR      STATUS, BK0
0000048e f017                BTRSC    0x68, 0x7
0000048f c36a                LGOTO    0x495; _moduint.o:_00112_DS_=0x495
00000490 e3fc                BCR      STATUS, C
00000491 eb18                RLR      0x67, ToReg
00000492 eb17                RLR      0x68, ToReg
00000493 fa16                INCR     0x69, ToReg
00000494 c372                LGOTO    0x48d; _moduint.o:_00107_DS_=0x48d
00000495                     _moduint.o:_00112_DS_:
00000495 e0fc                BCR      STATUS, BK0
00000496 fe96                MOVR     0x69, ToAcc
00000497 f2fc                BTRSC    STATUS, Z
00000498 c34f                LGOTO    0x4b0; _moduint.o:_00114_DS_=0x4b0
00000499 fe97                MOVR     0x68, ToAcc
0000049a fb99                SUBAR    0x66, ToAcc
0000049b f6fc                BTRSS    STATUS, Z
0000049c c360                LGOTO    0x49f; _moduint.o:_00137_DS_=0x49f
0000049d fe98                MOVR     0x67, ToAcc
0000049e fb9a                SUBAR    0x65, ToAcc
0000049f                     _moduint.o:_00137_DS_:
0000049f f7fc                BTRSS    STATUS, C
000004a0 c355                LGOTO    0x4aa; _moduint.o:_00001_DS_=0x4aa
000004a1 e0fc                BCR      STATUS, BK0
000004a2 fe98                MOVR     0x67, ToAcc
000004a3 fb1a                SUBAR    0x65, ToReg
000004a4 fe97                MOVR     0x68, ToAcc
000004a5 f7fc                BTRSS    STATUS, C
000004a6 fa97                INCR     0x68, ToAcc
000004a7 f2fc                BTRSC    STATUS, Z
000004a8 c355                LGOTO    0x4aa; _moduint.o:_00001_DS_=0x4aa
000004a9 fb19                SUBAR    0x66, ToReg
000004aa                     _moduint.o:_00001_DS_:
000004aa e3fc                BCR      STATUS, C
000004ab e0fc                BCR      STATUS, BK0
000004ac ec17                RRR      0x68, ToReg
000004ad ec18                RRR      0x67, ToReg
000004ae f916                DECR     0x69, ToReg
000004af c36a                LGOTO    0x495; _moduint.o:_00112_DS_=0x495
000004b0                     _moduint.o:_00114_DS_:
000004b0 e0fc                BCR      STATUS, BK0
000004b1 fe9a                MOVR     0x65, ToAcc
000004b2 ff30                MOVAR    0x4f
000004b3 fe99                MOVR     0x66, ToAcc
000004b4                     _moduint.o:_00115_DS_:
000004b4 ffef                RET
000004b5                     _revData:
000004b5 e0fc                BCR      STATUS, BK0
000004b6 fe8f                MOVR     0x70, ToAcc
000004b7 f6fc                BTRSS    STATUS, Z
000004b8 c31f                LGOTO    0x4e0; main.o:_00231_DS_=0x4e0
000004b9 f2fa                BTRSC    PORTA, PA2
000004ba c31f                LGOTO    0x4e0; main.o:_00231_DS_=0x4e0
000004bb def6                MOVIA    0x9
000004bc ff71                MOVAR    INTE
000004bd defe                MOVIA    0x1
000004be ff0f                MOVAR    0x70
000004bf fe8e                MOVR     0x71, ToAcc
000004c0 f6fc                BTRSS    STATUS, Z
000004c1 c323                LGOTO    0x4dc; main.o:_00228_DS_=0x4dc
000004c2 d31c                LCALL    0x4e3; _RByte=0x4e3
000004c3 e0fc                BCR      STATUS, BK0
000004c4 ff0a                MOVAR    0x75
000004c5 fe89                MOVR     0x76, ToAcc
000004c6 dadf                ADDIA    0x20
000004c7 ff54                MOVAR    0x2b
000004c8 deff                MOVIA    0x0
000004c9 f3fc                BTRSC    STATUS, C
000004ca dafe                ADDIA    0x1
000004cb ff53                MOVAR    0x2c
000004cc fe8a                MOVR     0x75, ToAcc
000004cd ff32                MOVAR    0x4d
000004ce fed4                MOVR     0x2b, ToAcc
000004cf ff31                MOVAR    0x4e
000004d0 fed3                MOVR     0x2c, ToAcc
000004d1 ff30                MOVAR    0x4f
000004d2 deff                MOVIA    0x0
000004d3 d287                LCALL    0x578; __gptrput=0x578
000004d4 e0fc                BCR      STATUS, BK0
000004d5 fa09                INCR     0x76, ToReg
000004d6 def9                MOVIA    0x6
000004d7 fb89                SUBAR    0x76, ToAcc
000004d8 f7fc                BTRSS    STATUS, C
000004d9 c321                LGOTO    0x4de; main.o:_00229_DS_=0x4de
000004da fd09                CLRR     0x76
000004db c321                LGOTO    0x4de; main.o:_00229_DS_=0x4de
000004dc                     main.o:_00228_DS_:
000004dc e0fc                BCR      STATUS, BK0
000004dd fd0f                CLRR     0x70
000004de                     main.o:_00229_DS_:
000004de def4                MOVIA    0xb
000004df ff71                MOVAR    INTE
000004e0                     main.o:_00231_DS_:
000004e0 e0fc                BCR      STATUS, BK0
000004e1 fd0b                CLRR     0x74
000004e2 ffef                RET
000004e3                     _RByte:
000004e3 defe                MOVIA    0x1
000004e4 e0fc                BCR      STATUS, BK0
000004e5 ff0f                MOVAR    0x70
000004e6 fd4d                CLRR     0x32
000004e7 fd66                CLRR     TMRH
000004e8 de96                MOVIA    0x69
000004e9 ffbf                SFUN     TMR1
000004ea defc                MOVIA    0x3
000004eb ffbe                SFUN     T1CR1
000004ec fdff                CLRA
000004ed fff0                IOST     PCON1
000004ee d7fe                LCALL    0x1; _WaitTF0=0x1
000004ef def7                MOVIA    0x8
000004f0 e0fc                BCR      STATUS, BK0
000004f1 ff4c                MOVAR    0x33
000004f2                     main.o:_00260_DS_:
000004f2 e0fc                BCR      STATUS, BK0
000004f3 fecc                MOVR     0x33, ToAcc
000004f4 ff4b                MOVAR    0x34
000004f5 f94c                DECR     0x33, ToReg
000004f6 fecb                MOVR     0x34, ToAcc
000004f7 f2fc                BTRSC    STATUS, Z
000004f8 c2ff                LGOTO    0x500; main.o:_00265_DS_=0x500
000004f9 e3fc                BCR      STATUS, C
000004fa ec4d                RRR      0x32, ToReg
000004fb f6fa                BTRSS    PORTA, PA2
000004fc c301                LGOTO    0x4fe; main.o:_00007_DS_=0x4fe
000004fd e44d                BSR      0x32, 0x7
000004fe                     main.o:_00007_DS_:
000004fe d7fe                LCALL    0x1; _WaitTF0=0x1
000004ff c30d                LGOTO    0x4f2; main.o:_00260_DS_=0x4f2
00000500                     main.o:_00265_DS_:
00000500 e0fc                BCR      STATUS, BK0
00000501 fe90                MOVR     0x6f, ToAcc
00000502 f6fc                BTRSS    STATUS, Z
00000503 c2f9                LGOTO    0x506; main.o:_00267_DS_=0x506
00000504 f6fa                BTRSS    PORTA, PA2
00000505 c2ff                LGOTO    0x500; main.o:_00265_DS_=0x500
00000506                     main.o:_00267_DS_:
00000506 fdff                CLRA
00000507 ffbe                SFUN     T1CR1
00000508 dee2                MOVIA    0x1d
00000509 fff0                IOST     PCON1
0000050a e0fc                BCR      STATUS, BK0
0000050b fd0f                CLRR     0x70
0000050c fd08                CLRR     0x77
0000050d fecd                MOVR     0x32, ToAcc
0000050e ffef                RET
0000050f                     __divuchar:
0000050f e0fc                BCR      STATUS, BK0
00000510 ff2f                MOVAR    0x50
00000511 feb0                MOVR     0x4f, ToAcc
00000512 ff2e                MOVAR    0x51
00000513 fd2d                CLRR     0x52
00000514 defe                MOVIA    0x1
00000515 ff2c                MOVAR    0x53
00000516 feae                MOVR     0x51, ToAcc
00000517 f6fc                BTRSS    STATUS, Z
00000518 c2e4                LGOTO    0x51b; _divuchar.o:_00107_DS_=0x51b
00000519 de00                MOVIA    0xff
0000051a c2c8                LGOTO    0x537; _divuchar.o:_00115_DS_=0x537
0000051b                     _divuchar.o:_00107_DS_:
0000051b e0fc                BCR      STATUS, BK0
0000051c f02e                BTRSC    0x51, 0x7
0000051d c2dc                LGOTO    0x523; _divuchar.o:_00112_DS_=0x523
0000051e e3fc                BCR      STATUS, C
0000051f eb2e                RLR      0x51, ToReg
00000520 e3fc                BCR      STATUS, C
00000521 eb2c                RLR      0x53, ToReg
00000522 c2e4                LGOTO    0x51b; _divuchar.o:_00107_DS_=0x51b
00000523                     _divuchar.o:_00112_DS_:
00000523 e0fc                BCR      STATUS, BK0
00000524 feac                MOVR     0x53, ToAcc
00000525 f2fc                BTRSC    STATUS, Z
00000526 c2ca                LGOTO    0x535; _divuchar.o:_00114_DS_=0x535
00000527 feae                MOVR     0x51, ToAcc
00000528 fbaf                SUBAR    0x50, ToAcc
00000529 f7fc                BTRSS    STATUS, C
0000052a c2d0                LGOTO    0x52f; _divuchar.o:_00111_DS_=0x52f
0000052b feac                MOVR     0x53, ToAcc
0000052c fc2d                ADDAR    0x52, ToReg
0000052d feae                MOVR     0x51, ToAcc
0000052e fb2f                SUBAR    0x50, ToReg
0000052f                     _divuchar.o:_00111_DS_:
0000052f e3fc                BCR      STATUS, C
00000530 e0fc                BCR      STATUS, BK0
00000531 ec2e                RRR      0x51, ToReg
00000532 e3fc                BCR      STATUS, C
00000533 ec2c                RRR      0x53, ToReg
00000534 c2dc                LGOTO    0x523; _divuchar.o:_00112_DS_=0x523
00000535                     _divuchar.o:_00114_DS_:
00000535 e0fc                BCR      STATUS, BK0
00000536 fead                MOVR     0x52, ToAcc
00000537                     _divuchar.o:_00115_DS_:
00000537 ffef                RET
00000538                     _work9:
00000538 def5                MOVIA    0xa
00000539 ff32                MOVAR    0x4d
0000053a deff                MOVIA    0x0
0000053b ff31                MOVAR    0x4e
0000053c e0fc                BCR      STATUS, BK0
0000053d fe92                MOVR     0x6d, ToAcc
0000053e ff30                MOVAR    0x4f
0000053f fe91                MOVR     0x6e, ToAcc
00000540 d4c8                LCALL    0x337; __divuint=0x337
00000541 feb0                MOVR     0x4f, ToAcc
00000542 e4fc                BSR      STATUS, BK0
00000543 ff55                MOVAR    0x2a
00000544 e0fc                BCR      STATUS, BK0
00000545 ed81                XORAR    0x7e, ToAcc
00000546 f2fc                BTRSC    STATUS, Z
00000547 c2b1                LGOTO    0x54e; main.o:_00331_DS_=0x54e
00000548 e4fc                BSR      STATUS, BK0
00000549 fed5                MOVR     0x2a, ToAcc
0000054a e0fc                BCR      STATUS, BK0
0000054b ff01                MOVAR    0x7e
0000054c d5d2                LCALL    0x22d; _breath3=0x22d
0000054d c2aa                LGOTO    0x555; main.o:_00333_DS_=0x555
0000054e                     main.o:_00331_DS_:
0000054e e4fc                BSR      STATUS, BK0
0000054f fed6                MOVR     0x29, ToAcc
00000550 ff31                MOVAR    0x4e
00000551 fed7                MOVR     0x28, ToAcc
00000552 ff30                MOVAR    0x4f
00000553 fed8                MOVR     0x27, ToAcc
00000554 d47e                LCALL    0x381; _sendtoLast=0x381
00000555                     main.o:_00333_DS_:
00000555 ffef                RET
00000556                     _workCtr:
00000556 def4                MOVIA    0xb
00000557 e0fc                BCR      STATUS, BK0
00000558 fb87                SUBAR    0x78, ToAcc
00000559 f3fc                BTRSC    STATUS, C
0000055a c295                LGOTO    0x56a; main.o:_00297_DS_=0x56a
0000055b def6                MOVIA    0x9
0000055c fb87                SUBAR    0x78, ToAcc
0000055d f3fc                BTRSC    STATUS, C
0000055e c29d                LGOTO    0x562; main.o:_00295_DS_=0x562
0000055f fe87                MOVR     0x78, ToAcc
00000560 d525                LCALL    0x2da; _setColor=0x2da
00000561 c295                LGOTO    0x56a; main.o:_00297_DS_=0x56a
00000562                     main.o:_00295_DS_:
00000562 e0fc                BCR      STATUS, BK0
00000563 fe87                MOVR     0x78, ToAcc
00000564 dbf6                XORIA    0x9
00000565 f6fc                BTRSS    STATUS, Z
00000566 c296                LGOTO    0x569; main.o:_00292_DS_=0x569
00000567 d2c7                LCALL    0x538; _work9=0x538
00000568 c295                LGOTO    0x56a; main.o:_00297_DS_=0x56a
00000569                     main.o:_00292_DS_:
00000569 d276                LCALL    0x589; _work10=0x589
0000056a                     main.o:_00297_DS_:
0000056a ffef                RET
0000056b                     _Delay80us:
0000056b e0fc                BCR      STATUS, BK0
0000056c fd45                CLRR     0x3a
0000056d                     main.o:_00426_DS_:
0000056d decd                MOVIA    0x32
0000056e e0fc                BCR      STATUS, BK0
0000056f fbc5                SUBAR    0x3a, ToAcc
00000570 f3fc                BTRSC    STATUS, C
00000571 c288                LGOTO    0x577; main.o:_00428_DS_=0x577
00000572 fe8b                MOVR     0x74, ToAcc
00000573 f6fc                BTRSS    STATUS, Z
00000574 c288                LGOTO    0x577; main.o:_00428_DS_=0x577
00000575 fa45                INCR     0x3a, ToReg
00000576 c292                LGOTO    0x56d; main.o:_00426_DS_=0x56d
00000577                     main.o:_00428_DS_:
00000577 ffef                RET
00000578                     __gptrput:
00000578 dbff                XORIA    0x0
00000579 f2fc                BTRSC    STATUS, Z
0000057a c283                LGOTO    0x57c; _gptrput1.o:__dataptrput1=0x57c
0000057b ffef                RET
0000057c                     _gptrput1.o:__dataptrput1:
0000057c feb1                MOVR     0x4e, ToAcc
0000057d ff7b                MOVAR    FSR
0000057e e0fc                BCR      STATUS, BK0
0000057f f031                BTRSC    0x4e, 0x7
00000580 e4fc                BSR      STATUS, BK0
00000581 feb2                MOVR     0x4d, ToAcc
00000582 ff7f                MOVAR    INDF
00000583 ffef                RET
00000584                     ___cinit_load__:
00000584 fa06                INCR     0x79, ToReg
00000585 defd                MOVIA    0x2
00000586 ff05                MOVAR    0x7a
00000587 e4fc                BSR      STATUS, BK0
00000588 ffef                RET
00000589                     _work10:
00000589 e0fc                BCR      STATUS, BK0
0000058a fe86                MOVR     0x79, ToAcc
0000058b d525                LCALL    0x2da; _setColor=0x2da
0000058c ffef                RET

