00000000 c7fe                 LGOTO 0x1; __nyc_ny8_startup=0x1
00000001                      __nyc_ny8_startup:
00000001 d10b                 LCALL 0x6f4; ___cinit_load__=0x6f4
00000002 c7ad                 LGOTO 0x52; _main=0x52
00000003                      main.o:_00512_DS_:
00000003 f56f                 BTRSS 0x10, 0x5
00000004 c7fc                 LGOTO 0x3; main.o:_00512_DS_=0x3
00000005 ffef                 RET
00000008 c7f6                 LGOTO 0x9; main.o:__sdcc_interrupt=0x9
00000009                      main.o:__sdcc_interrupt:
00000009 ff3d                 MOVAR 0x42
0000000a eafc                 SWAPR 0x3, 0x0
0000000b fd7c                 CLRR 0x3
0000000c ff3e                 MOVAR 0x41
0000000d fef5                 MOVR 0xa, 0x0
0000000e fd75                 CLRR 0xa
0000000f ff3f                 MOVAR 0x40
00000010 fefb                 MOVR 0x4, 0x0
00000011 e0fc                 BCR 0x3, 0x6
00000012 ff1f                 MOVAR 0x60
00000013 feb8                 MOVR 0x47, 0x0
00000014 ff1e                 MOVAR 0x61
00000015 feb9                 MOVR 0x46, 0x0
00000016 ff1d                 MOVAR 0x62
00000017 f7f0                 BTRSS 0xf, 0x0
00000018 c7c3                 LGOTO 0x3c; main.o:_00120_DS_=0x3c
00000019 dec8                 MOVIA 0x37
0000001a fc7e                 ADDAR 0x1, 0x1
0000001b fa1c                 INCR 0x63, 0x1
0000001c de9b                 MOVIA 0x64
0000001d fb9c                 SUBAR 0x63, 0x0
0000001e f7fc                 BTRSS 0x3, 0x0
0000001f c7c3                 LGOTO 0x3c; main.o:_00120_DS_=0x3c
00000020 defe                 MOVIA 0x1
00000021 ff1b                 MOVAR 0x64
00000022 fd1c                 CLRR 0x63
00000023 fa09                 INCR 0x76, 0x1
00000024 de9a                 MOVIA 0x65
00000025 fb89                 SUBAR 0x76, 0x0
00000026 f7fc                 BTRSS 0x3, 0x0
00000027 c7c3                 LGOTO 0x3c; main.o:_00120_DS_=0x3c
00000028 fd09                 CLRR 0x76
00000029 fe91                 MOVR 0x6e, 0x0
0000002a f2fc                 BTRSC 0x3, 0x2
0000002b c7d1                 LGOTO 0x2e; main.o:_00113_DS_=0x2e
0000002c f911                 DECR 0x6e, 0x1
0000002d c7c3                 LGOTO 0x3c; main.o:_00120_DS_=0x3c
0000002e                      main.o:_00113_DS_:
0000002e e0fc                 BCR 0x3, 0x6
0000002f fe92                 MOVR 0x6d, 0x0
00000030 f2fc                 BTRSC 0x3, 0x2
00000031 c7cb                 LGOTO 0x34; main.o:_00110_DS_=0x34
00000032 f912                 DECR 0x6d, 0x1
00000033 c7c3                 LGOTO 0x3c; main.o:_00120_DS_=0x3c
00000034                      main.o:_00110_DS_:
00000034 e0fc                 BCR 0x3, 0x6
00000035 fe86                 MOVR 0x79, 0x0
00000036 f2fc                 BTRSC 0x3, 0x2
00000037 c7c3                 LGOTO 0x3c; main.o:_00120_DS_=0x3c
00000038 e806                 DECRSZ 0x79, 0x1
00000039 c7c3                 LGOTO 0x3c; main.o:_00120_DS_=0x3c
0000003a defe                 MOVIA 0x1
0000003b ff05                 MOVAR 0x7a
0000003c                      main.o:_00120_DS_:
0000003c f770                 BTRSS 0xf, 0x1
0000003d c7bd                 LGOTO 0x42; main.o:_00122_DS_=0x42
0000003e de02                 MOVIA 0xfd
0000003f ff70                 MOVAR 0xf
00000040 e0fc                 BCR 0x3, 0x6
00000041 fa16                 INCR 0x69, 0x1
00000042                      main.o:_00122_DS_:
00000042 fd70                 CLRR 0xf
00000043 e0fc                 BCR 0x3, 0x6
00000044 fe9d                 MOVR 0x62, 0x0
00000045 ff39                 MOVAR 0x46
00000046 fe9e                 MOVR 0x61, 0x0
00000047 ff38                 MOVAR 0x47
00000048 fe9f                 MOVR 0x60, 0x0
00000049 ff7b                 MOVAR 0x4
0000004a febf                 MOVR 0x40, 0x0
0000004b ff75                 MOVAR 0xa
0000004c fd7c                 CLRR 0x3
0000004d eabe                 SWAPR 0x41, 0x0
0000004e ff7c                 MOVAR 0x3
0000004f ea3d                 SWAPR 0x42, 0x1
00000050 eabd                 SWAPR 0x42, 0x0
00000051                      main.o:END_OF_INTERRUPT:
00000051 ffee                 RETIE
00000052                      _main:
00000052 d4a0                 LCALL 0x35f; _initSys=0x35f
00000053 d560                 LCALL 0x29f; _initAD=0x29f
00000054 de37                 MOVIA 0xc8
00000055 e4fc                 BSR 0x3, 0x6
00000056 ff5d                 MOVAR 0x22
00000057                      main.o:_00164_DS_:
00000057 fffd                 CLRWDT
00000058 e0fc                 BCR 0x3, 0x6
00000059 fe97                 MOVR 0x68, 0x0
0000005a f2fc                 BTRSC 0x3, 0x2
0000005b c7a1                 LGOTO 0x5e; main.o:_00135_DS_=0x5e
0000005c d482                 LCALL 0x37d; _refreshNub=0x37d
0000005d c783                 LGOTO 0x7c; main.o:_00136_DS_=0x7c
0000005e                      main.o:_00135_DS_:
0000005e e0fc                 BCR 0x3, 0x6
0000005f                      ___cinit_size__:
0000005f fe8f                 MOVR 0x70, 0x0
00000060 f2fc                 BTRSC 0x3, 0x2
00000061 c788                 LGOTO 0x77; main.o:_00131_DS_=0x77
00000062 fe93                 MOVR 0x6c, 0x0
00000063 dbfe                 XORIA 0x1
00000064 f6fc                 BTRSS 0x3, 0x2
00000065 c788                 LGOTO 0x77; main.o:_00131_DS_=0x77
00000066 de9b                 MOVIA 0x64
00000067 fb90                 SUBAR 0x6f, 0x0
00000068 f7fc                 BTRSS 0x3, 0x0
00000069 c790                 LGOTO 0x6f; main.o:_00128_DS_=0x6f
0000006a defe                 MOVIA 0x1
0000006b ff1a                 MOVAR 0x65
0000006c fd18                 CLRR 0x67
0000006d fd19                 CLRR 0x66
0000006e c78a                 LGOTO 0x75; main.o:_00129_DS_=0x75
0000006f                      main.o:_00128_DS_:
0000006f e0fc                 BCR 0x3, 0x6
00000070 fd1a                 CLRR 0x65
00000071 fe84                 MOVR 0x7b, 0x0
00000072 ff19                 MOVAR 0x66
00000073 fe83                 MOVR 0x7c, 0x0
00000074 ff18                 MOVAR 0x67
00000075                      main.o:_00129_DS_:
00000075 d482                 LCALL 0x37d; _refreshNub=0x37d
00000076 c783                 LGOTO 0x7c; main.o:_00136_DS_=0x7c
00000077                      main.o:_00131_DS_:
00000077 e0fc                 BCR 0x3, 0x6
00000078 fd18                 CLRR 0x67
00000079 fd19                 CLRR 0x66
0000007a fd1a                 CLRR 0x65
0000007b d382                 LCALL 0x47d; _setInput=0x47d
0000007c                      main.o:_00136_DS_:
0000007c e0fc                 BCR 0x3, 0x6
0000007d fe9b                 MOVR 0x64, 0x0
0000007e f2fc                 BTRSC 0x3, 0x2
0000007f c7a8                 LGOTO 0x57; main.o:_00164_DS_=0x57
00000080 fd1b                 CLRR 0x64
00000081 def5                 MOVIA 0xa
00000082 ff38                 MOVAR 0x47
00000083 fe90                 MOVR 0x6f, 0x0
00000084 d1a4                 LCALL 0x65b; __divuchar=0x65b
00000085 e0fc                 BCR 0x3, 0x6
00000086 ff04                 MOVAR 0x7b
00000087 def5                 MOVIA 0xa
00000088 ff38                 MOVAR 0x47
00000089 fe90                 MOVR 0x6f, 0x0
0000008a d17b                 LCALL 0x684; __moduchar=0x684
0000008b e0fc                 BCR 0x3, 0x6
0000008c ff03                 MOVAR 0x7c
0000008d fe88                 MOVR 0x77, 0x0
0000008e ee87                 IORAR 0x78, 0x0
0000008f f2fc                 BTRSC 0x3, 0x2
00000090 c769                 LGOTO 0x96; main.o:_00161_DS_=0x96
00000091 de00                 MOVIA 0xff
00000092 fc08                 ADDAR 0x77, 0x1
00000093 f7fc                 BTRSS 0x3, 0x0
00000094 f907                 DECR 0x78, 0x1
00000095 c7a8                 LGOTO 0x57; main.o:_00164_DS_=0x57
00000096                      main.o:_00161_DS_:
00000096 e0fc                 BCR 0x3, 0x6
00000097 fe93                 MOVR 0x6c, 0x0
00000098 f2fc                 BTRSC 0x3, 0x2
00000099 c7a8                 LGOTO 0x57; main.o:_00164_DS_=0x57
0000009a fa00                 INCR 0x7f, 0x1
0000009b decd                 MOVIA 0x32
0000009c fb80                 SUBAR 0x7f, 0x0
0000009d f7fc                 BTRSS 0x3, 0x0
0000009e c746                 LGOTO 0xb9; main.o:_00141_DS_=0xb9
0000009f fd00                 CLRR 0x7f
000000a0 e4fc                 BSR 0x3, 0x6
000000a1 fd5c                 CLRR 0x23
000000a2 e0fc                 BCR 0x3, 0x6
000000a3 fd16                 CLRR 0x69
000000a4 e779                 BSR 0x6, 0x1
000000a5 defe                 MOVIA 0x1
000000a6 ffb9                 SFUN 0x6
000000a7 def5                 MOVIA 0xa
000000a8 d70e                 LCALL 0xf1; _delay=0xf1
000000a9 e0fc                 BCR 0x3, 0x6
000000aa e4fa                 BSR 0x5, 0x6
000000ab fd5c                 CLRR 0x23
000000ac                      main.o:_00166_DS_:
000000ac def5                 MOVIA 0xa
000000ad d70e                 LCALL 0xf1; _delay=0xf1
000000ae e0fc                 BCR 0x3, 0x6
000000af fa5c                 INCR 0x23, 0x1
000000b0 def9                 MOVIA 0x6
000000b1 fbdc                 SUBAR 0x23, 0x0
000000b2 f7fc                 BTRSS 0x3, 0x0
000000b3 c753                 LGOTO 0xac; main.o:_00166_DS_=0xac
000000b4 e379                 BCR 0x6, 0x1
000000b5 fdff                 CLRA
000000b6 ffb9                 SFUN 0x6
000000b7 e0fa                 BCR 0x5, 0x6
000000b8 fd16                 CLRR 0x69
000000b9                      main.o:_00141_DS_:
000000b9 d555                 LCALL 0x2aa; _keyCtr=0x2aa
000000ba e4fc                 BSR 0x3, 0x6
000000bb fa5f                 INCR 0x20, 0x1
000000bc deeb                 MOVIA 0x14
000000bd fbdf                 SUBAR 0x20, 0x0
000000be f7fc                 BTRSS 0x3, 0x0
000000bf c73a                 LGOTO 0xc5; main.o:_00145_DS_=0xc5
000000c0 fd5f                 CLRR 0x20
000000c1 e0fc                 BCR 0x3, 0x6
000000c2 fe95                 MOVR 0x6a, 0x0
000000c3 f2fc                 BTRSC 0x3, 0x2
000000c4 d6e1                 LCALL 0x11e; _checkBat=0x11e
000000c5                      main.o:_00145_DS_:
000000c5 d453                 LCALL 0x3ac; _chrgCtr=0x3ac
000000c6 e0fc                 BCR 0x3, 0x6
000000c7 fefa                 MOVR 0x5, 0x0
000000c8 ff5c                 MOVAR 0x23
000000c9 fd5b                 CLRR 0x24
000000ca f8dc                 COMR 0x23, 0x0
000000cb ff5c                 MOVAR 0x23
000000cc f8db                 COMR 0x24, 0x0
000000cd ff5b                 MOVAR 0x24
000000ce f55c                 BTRSS 0x23, 0x5
000000cf c716                 LGOTO 0xe9; main.o:_00149_DS_=0xe9
000000d0 fe8f                 MOVR 0x70, 0x0
000000d1 f6fc                 BTRSS 0x3, 0x2
000000d2 c716                 LGOTO 0xe9; main.o:_00149_DS_=0xe9
000000d3 fe93                 MOVR 0x6c, 0x0
000000d4 f6fc                 BTRSS 0x3, 0x2
000000d5 c716                 LGOTO 0xe9; main.o:_00149_DS_=0xe9
000000d6 fe91                 MOVR 0x6e, 0x0
000000d7 f6fc                 BTRSS 0x3, 0x2
000000d8 c716                 LGOTO 0xe9; main.o:_00149_DS_=0xe9
000000d9 fe92                 MOVR 0x6d, 0x0
000000da f6fc                 BTRSS 0x3, 0x2
000000db c716                 LGOTO 0xe9; main.o:_00149_DS_=0xe9
000000dc fe86                 MOVR 0x79, 0x0
000000dd f6fc                 BTRSS 0x3, 0x2
000000de c716                 LGOTO 0xe9; main.o:_00149_DS_=0xe9
000000df e4fc                 BSR 0x3, 0x6
000000e0 fedd                 MOVR 0x22, 0x0
000000e1 f6fc                 BTRSS 0x3, 0x2
000000e2 c716                 LGOTO 0xe9; main.o:_00149_DS_=0xe9
000000e3 e0fc                 BCR 0x3, 0x6
000000e4 fa0d                 INCR 0x72, 0x1
000000e5 de9a                 MOVIA 0x65
000000e6 fb8d                 SUBAR 0x72, 0x0
000000e7 f3fc                 BTRSC 0x3, 0x0
000000e8 d4c7                 LCALL 0x338; _gotoSleep=0x338
000000e9                      main.o:_00149_DS_:
000000e9 e0fc                 BCR 0x3, 0x6
000000ea fe85                 MOVR 0x7a, 0x0
000000eb f6fc                 BTRSS 0x3, 0x2
000000ec d4c7                 LCALL 0x338; _gotoSleep=0x338
000000ed de9b                 MOVIA 0x64
000000ee d70e                 LCALL 0xf1; _delay=0xf1
000000ef c7a8                 LGOTO 0x57; main.o:_00164_DS_=0x57
000000f0 ffef                 RET
000000f1                      _delay:
000000f1 e0fc                 BCR 0x3, 0x6
000000f2 ff49                 MOVAR 0x36
000000f3 defe                 MOVIA 0x1
000000f4 ff48                 MOVAR 0x37
000000f5                      main.o:_00519_DS_:
000000f5 e0fc                 BCR 0x3, 0x6
000000f6 fec8                 MOVR 0x37, 0x0
000000f7 fbc9                 SUBAR 0x36, 0x0
000000f8 f7fc                 BTRSS 0x3, 0x0
000000f9 c703                 LGOTO 0xfc; main.o:_00521_DS_=0xfc
000000fa fa48                 INCR 0x37, 0x1
000000fb c70a                 LGOTO 0xf5; main.o:_00519_DS_=0xf5
000000fc                      main.o:_00521_DS_:
000000fc ffef                 RET
000000fd                      _F_Quarter_VDD_Convert:
000000fd e0fc                 BCR 0x3, 0x6
000000fe ff4d                 MOVAR 0x32
000000ff de64                 MOVIA 0x9b
00000100 ff6f                 MOVAR 0x10
00000101 defe                 MOVIA 0x1
00000102 ff4c                 MOVAR 0x33
00000103                      main.o:_00505_DS_:
00000103 e0fc                 BCR 0x3, 0x6
00000104 fecc                 MOVR 0x33, 0x0
00000105 fbcd                 SUBAR 0x32, 0x0
00000106 f7fc                 BTRSS 0x3, 0x0
00000107 c6e2                 LGOTO 0x11d; main.o:_00507_DS_=0x11d
00000108 e4ef                 BSR 0x10, 0x6
00000109 d7fc                 LCALL 0x3; main.o:_00512_DS_=0x3
0000010a def0                 MOVIA 0xf
0000010b efee                 ANDAR 0x11, 0x0
0000010c e0fc                 BCR 0x3, 0x6
0000010d fc5d                 ADDAR 0x22, 0x1
0000010e feed                 MOVR 0x12, 0x0
0000010f ff4b                 MOVAR 0x34
00000110 deff                 MOVIA 0x0
00000111 ff4a                 MOVAR 0x35
00000112 fecb                 MOVR 0x34, 0x0
00000113 fc5f                 ADDAR 0x20, 0x1
00000114 feca                 MOVR 0x35, 0x0
00000115 f3fc                 BTRSC 0x3, 0x0
00000116 faca                 INCR 0x35, 0x0
00000117 f2fc                 BTRSC 0x3, 0x2
00000118 c6e5                 LGOTO 0x11a; main.o:_00001_DS_=0x11a
00000119 fc5e                 ADDAR 0x21, 0x1
0000011a                      main.o:_00001_DS_:
0000011a e0fc                 BCR 0x3, 0x6
0000011b fa4c                 INCR 0x33, 0x1
0000011c c6fc                 LGOTO 0x103; main.o:_00505_DS_=0x103
0000011d                      main.o:_00507_DS_:
0000011d ffef                 RET
0000011e                      _checkBat:
0000011e e0fc                 BCR 0x3, 0x6
0000011f fd5d                 CLRR 0x22
00000120 fd5f                 CLRR 0x20
00000121 fd5e                 CLRR 0x21
00000122 def7                 MOVIA 0x8
00000123 d702                 LCALL 0xfd; _F_Quarter_VDD_Convert=0xfd
00000124 e0fc                 BCR 0x3, 0x6
00000125 eade                 SWAPR 0x21, 0x0
00000126 dd0f                 ANDIA 0xf0
00000127 ff5e                 MOVAR 0x21
00000128 eadf                 SWAPR 0x20, 0x0
00000129 ff5f                 MOVAR 0x20
0000012a ddf0                 ANDIA 0xf
0000012b ee5e                 IORAR 0x21, 0x1
0000012c ed5f                 XORAR 0x20, 0x1
0000012d de0f                 MOVIA 0xf0
0000012e ef5d                 ANDAR 0x22, 0x1
0000012f fedd                 MOVR 0x22, 0x0
00000130 ff51                 MOVAR 0x2e
00000131 ff53                 MOVAR 0x2c
00000132 fd52                 CLRR 0x2d
00000133 deff                 MOVIA 0x0
00000134 ff50                 MOVAR 0x2f
00000135 fed1                 MOVR 0x2e, 0x0
00000136 fc5f                 ADDAR 0x20, 0x1
00000137 fed0                 MOVR 0x2f, 0x0
00000138 f3fc                 BTRSC 0x3, 0x0
00000139 fad0                 INCR 0x2f, 0x0
0000013a f2fc                 BTRSC 0x3, 0x2
0000013b c6c2                 LGOTO 0x13d; main.o:_00002_DS_=0x13d
0000013c fc5e                 ADDAR 0x21, 0x1
0000013d                      main.o:_00002_DS_:
0000013d e3fc                 BCR 0x3, 0x0
0000013e e0fc                 BCR 0x3, 0x6
0000013f ec5e                 RRR 0x21, 0x1
00000140 ec5f                 RRR 0x20, 0x1
00000141 e3fc                 BCR 0x3, 0x0
00000142 ec5e                 RRR 0x21, 0x1
00000143 ec5f                 RRR 0x20, 0x1
00000144 e3fc                 BCR 0x3, 0x0
00000145 ec5e                 RRR 0x21, 0x1
00000146 ec5f                 RRR 0x20, 0x1
00000147 def7                 MOVIA 0x8
00000148 fbde                 SUBAR 0x21, 0x0
00000149 f6fc                 BTRSS 0x3, 0x2
0000014a c6b2                 LGOTO 0x14d; main.o:_00481_DS_=0x14d
0000014b deca                 MOVIA 0x35
0000014c fbdf                 SUBAR 0x20, 0x0
0000014d                      main.o:_00481_DS_:
0000014d f7fc                 BTRSS 0x3, 0x0
0000014e c6a4                 LGOTO 0x15b; main.o:_00414_DS_=0x15b
0000014f e4fc                 BSR 0x3, 0x6
00000150 fa5e                 INCR 0x21, 0x1
00000151 de36                 MOVIA 0xc9
00000152 fbde                 SUBAR 0x21, 0x0
00000153 f7fc                 BTRSS 0x3, 0x0
00000154 c561                 LGOTO 0x29e; main.o:_00416_DS_=0x29e
00000155 defe                 MOVIA 0x1
00000156 e0fc                 BCR 0x3, 0x6
00000157 ff0c                 MOVAR 0x73
00000158 de9b                 MOVIA 0x64
00000159 ff10                 MOVAR 0x6f
0000015a c561                 LGOTO 0x29e; main.o:_00416_DS_=0x29e
0000015b                      main.o:_00414_DS_:
0000015b def9                 MOVIA 0x6
0000015c e0fc                 BCR 0x3, 0x6
0000015d fbde                 SUBAR 0x21, 0x0
0000015e f6fc                 BTRSS 0x3, 0x2
0000015f c69d                 LGOTO 0x162; main.o:_00483_DS_=0x162
00000160 def1                 MOVIA 0xe
00000161 fbdf                 SUBAR 0x20, 0x0
00000162                      main.o:_00483_DS_:
00000162 f3fc                 BTRSC 0x3, 0x0
00000163 c68e                 LGOTO 0x171; main.o:_00411_DS_=0x171
00000164 e0fc                 BCR 0x3, 0x6
00000165 fd10                 CLRR 0x6f
00000166 e4fc                 BSR 0x3, 0x6
00000167 fd5e                 CLRR 0x21
00000168 e0fc                 BCR 0x3, 0x6
00000169 f17a                 BTRSC 0x5, 0x5
0000016a c561                 LGOTO 0x29e; main.o:_00416_DS_=0x29e
0000016b fd13                 CLRR 0x6c
0000016c fd14                 CLRR 0x6b
0000016d fd12                 CLRR 0x6d
0000016e fd11                 CLRR 0x6e
0000016f fd06                 CLRR 0x79
00000170 c561                 LGOTO 0x29e; main.o:_00416_DS_=0x29e
00000171                      main.o:_00411_DS_:
00000171 e4fc                 BSR 0x3, 0x6
00000172 fd5e                 CLRR 0x21
00000173 def7                 MOVIA 0x8
00000174 e0fc                 BCR 0x3, 0x6
00000175 fbde                 SUBAR 0x21, 0x0
00000176 f6fc                 BTRSS 0x3, 0x2
00000177 c685                 LGOTO 0x17a; main.o:_00484_DS_=0x17a
00000178 defd                 MOVIA 0x2
00000179 fbdf                 SUBAR 0x20, 0x0
0000017a                      main.o:_00484_DS_:
0000017a f7fc                 BTRSS 0x3, 0x0
0000017b c676                 LGOTO 0x189; main.o:_00376_DS_=0x189
0000017c deb6                 MOVIA 0x49
0000017d e0fc                 BCR 0x3, 0x6
0000017e fcdf                 ADDAR 0x20, 0x0
0000017f ff53                 MOVAR 0x2c
00000180 de07                 MOVIA 0xf8
00000181 ff52                 MOVAR 0x2d
00000182 fede                 MOVR 0x21, 0x0
00000183 f3fc                 BTRSC 0x3, 0x0
00000184 fade                 INCR 0x21, 0x0
00000185 f2fc                 BTRSC 0x3, 0x2
00000186 c677                 LGOTO 0x188; main.o:_00003_DS_=0x188
00000187 fc52                 ADDAR 0x2d, 0x1
00000188                      main.o:_00003_DS_:
00000188 c60b                 LGOTO 0x1f4; main.o:_00377_DS_=0x1f4
00000189                      main.o:_00376_DS_:
00000189 def8                 MOVIA 0x7
0000018a e0fc                 BCR 0x3, 0x6
0000018b fbde                 SUBAR 0x21, 0x0
0000018c f6fc                 BTRSS 0x3, 0x2
0000018d c66f                 LGOTO 0x190; main.o:_00485_DS_=0x190
0000018e de31                 MOVIA 0xce
0000018f fbdf                 SUBAR 0x20, 0x0
00000190                      main.o:_00485_DS_:
00000190 f7fc                 BTRSS 0x3, 0x0
00000191 c653                 LGOTO 0x1ac; main.o:_00373_DS_=0x1ac
00000192 decd                 MOVIA 0x32
00000193 e0fc                 BCR 0x3, 0x6
00000194 fcdf                 ADDAR 0x20, 0x0
00000195 ff51                 MOVAR 0x2e
00000196 de07                 MOVIA 0xf8
00000197 ff50                 MOVAR 0x2f
00000198 fede                 MOVR 0x21, 0x0
00000199 f3fc                 BTRSC 0x3, 0x0
0000019a fade                 INCR 0x21, 0x0
0000019b f2fc                 BTRSC 0x3, 0x2
0000019c c661                 LGOTO 0x19e; main.o:_00004_DS_=0x19e
0000019d fc50                 ADDAR 0x2f, 0x1
0000019e                      main.o:_00004_DS_:
0000019e e3fc                 BCR 0x3, 0x0
0000019f e0fc                 BCR 0x3, 0x6
000001a0 ecd0                 RRR 0x2f, 0x0
000001a1 ff4e                 MOVAR 0x31
000001a2 ecd1                 RRR 0x2e, 0x0
000001a3 ff4f                 MOVAR 0x30
000001a4 dece                 MOVIA 0x31
000001a5 fccf                 ADDAR 0x30, 0x0
000001a6 ff53                 MOVAR 0x2c
000001a7 fd52                 CLRR 0x2d
000001a8 eb52                 RLR 0x2d, 0x1
000001a9 fece                 MOVR 0x31, 0x0
000001aa fc52                 ADDAR 0x2d, 0x1
000001ab c60b                 LGOTO 0x1f4; main.o:_00377_DS_=0x1f4
000001ac                      main.o:_00373_DS_:
000001ac def8                 MOVIA 0x7
000001ad e0fc                 BCR 0x3, 0x6
000001ae fbde                 SUBAR 0x21, 0x0
000001af f6fc                 BTRSS 0x3, 0x2
000001b0 c64c                 LGOTO 0x1b3; main.o:_00486_DS_=0x1b3
000001b1 dea1                 MOVIA 0x5e
000001b2 fbdf                 SUBAR 0x20, 0x0
000001b3                      main.o:_00486_DS_:
000001b3 f7fc                 BTRSS 0x3, 0x0
000001b4 c62d                 LGOTO 0x1d2; main.o:_00370_DS_=0x1d2
000001b5 de5d                 MOVIA 0xa2
000001b6 e0fc                 BCR 0x3, 0x6
000001b7 fcdf                 ADDAR 0x20, 0x0
000001b8 ff51                 MOVAR 0x2e
000001b9 de07                 MOVIA 0xf8
000001ba ff50                 MOVAR 0x2f
000001bb fede                 MOVR 0x21, 0x0
000001bc f3fc                 BTRSC 0x3, 0x0
000001bd fade                 INCR 0x21, 0x0
000001be f2fc                 BTRSC 0x3, 0x2
000001bf c63e                 LGOTO 0x1c1; main.o:_00005_DS_=0x1c1
000001c0 fc50                 ADDAR 0x2f, 0x1
000001c1                      main.o:_00005_DS_:
000001c1 e3fc                 BCR 0x3, 0x0
000001c2 e0fc                 BCR 0x3, 0x6
000001c3 ecd0                 RRR 0x2f, 0x0
000001c4 ff4e                 MOVAR 0x31
000001c5 ecd1                 RRR 0x2e, 0x0
000001c6 ff4f                 MOVAR 0x30
000001c7 e3fc                 BCR 0x3, 0x0
000001c8 ec4e                 RRR 0x31, 0x1
000001c9 ec4f                 RRR 0x30, 0x1
000001ca deea                 MOVIA 0x15
000001cb fccf                 ADDAR 0x30, 0x0
000001cc ff53                 MOVAR 0x2c
000001cd fd52                 CLRR 0x2d
000001ce eb52                 RLR 0x2d, 0x1
000001cf fece                 MOVR 0x31, 0x0
000001d0 fc52                 ADDAR 0x2d, 0x1
000001d1 c60b                 LGOTO 0x1f4; main.o:_00377_DS_=0x1f4
000001d2                      main.o:_00370_DS_:
000001d2 def9                 MOVIA 0x6
000001d3 e0fc                 BCR 0x3, 0x6
000001d4 fbde                 SUBAR 0x21, 0x0
000001d5 f6fc                 BTRSS 0x3, 0x2
000001d6 c626                 LGOTO 0x1d9; main.o:_00487_DS_=0x1d9
000001d7 def0                 MOVIA 0xf
000001d8 fbdf                 SUBAR 0x20, 0x0
000001d9                      main.o:_00487_DS_:
000001d9 f7fc                 BTRSS 0x3, 0x0
000001da c60e                 LGOTO 0x1f1; main.o:_00367_DS_=0x1f1
000001db de0d                 MOVIA 0xf2
000001dc e0fc                 BCR 0x3, 0x6
000001dd fcdf                 ADDAR 0x20, 0x0
000001de ff51                 MOVAR 0x2e
000001df de06                 MOVIA 0xf9
000001e0 ff50                 MOVAR 0x2f
000001e1 fede                 MOVR 0x21, 0x0
000001e2 f3fc                 BTRSC 0x3, 0x0
000001e3 fade                 INCR 0x21, 0x0
000001e4 f2fc                 BTRSC 0x3, 0x2
000001e5 c618                 LGOTO 0x1e7; main.o:_00006_DS_=0x1e7
000001e6 fc50                 ADDAR 0x2f, 0x1
000001e7                      main.o:_00006_DS_:
000001e7 e0fc                 BCR 0x3, 0x6
000001e8 ead1                 SWAPR 0x2e, 0x0
000001e9 ddf0                 ANDIA 0xf
000001ea ff53                 MOVAR 0x2c
000001eb ead0                 SWAPR 0x2f, 0x0
000001ec ff52                 MOVAR 0x2d
000001ed dd0f                 ANDIA 0xf0
000001ee ee53                 IORAR 0x2c, 0x1
000001ef ed52                 XORAR 0x2d, 0x1
000001f0 c60b                 LGOTO 0x1f4; main.o:_00377_DS_=0x1f4
000001f1                      main.o:_00367_DS_:
000001f1 e0fc                 BCR 0x3, 0x6
000001f2 fd53                 CLRR 0x2c
000001f3 fd52                 CLRR 0x2d
000001f4                      main.o:_00377_DS_:
000001f4 e0fc                 BCR 0x3, 0x6
000001f5 f57a                 BTRSS 0x5, 0x5
000001f6 c590                 LGOTO 0x26f; main.o:_00408_DS_=0x26f
000001f7 deff                 MOVIA 0x0
000001f8 fbd2                 SUBAR 0x2d, 0x0
000001f9 f6fc                 BTRSS 0x3, 0x2
000001fa c602                 LGOTO 0x1fd; main.o:_00488_DS_=0x1fd
000001fb defa                 MOVIA 0x5
000001fc fbd3                 SUBAR 0x2c, 0x0
000001fd                      main.o:_00488_DS_:
000001fd f3fc                 BTRSC 0x3, 0x0
000001fe c5fb                 LGOTO 0x204; main.o:_00393_DS_=0x204
000001ff defe                 MOVIA 0x1
00000200 e0fc                 BCR 0x3, 0x6
00000201 ff53                 MOVAR 0x2c
00000202 fd52                 CLRR 0x2d
00000203 c5ac                 LGOTO 0x253; main.o:_00011_DS_=0x253
00000204                      main.o:_00393_DS_:
00000204 deff                 MOVIA 0x0
00000205 e0fc                 BCR 0x3, 0x6
00000206 fbd2                 SUBAR 0x2d, 0x0
00000207 f6fc                 BTRSS 0x3, 0x2
00000208 c5f4                 LGOTO 0x20b; main.o:_00489_DS_=0x20b
00000209 deeb                 MOVIA 0x14
0000020a fbd3                 SUBAR 0x2c, 0x0
0000020b                      main.o:_00489_DS_:
0000020b f3fc                 BTRSC 0x3, 0x0
0000020c c5eb                 LGOTO 0x214; main.o:_00390_DS_=0x214
0000020d de04                 MOVIA 0xfb
0000020e e0fc                 BCR 0x3, 0x6
0000020f fc53                 ADDAR 0x2c, 0x1
00000210 f3fc                 BTRSC 0x3, 0x0
00000211 c5ec                 LGOTO 0x213; main.o:_00007_DS_=0x213
00000212 f952                 DECR 0x2d, 0x1
00000213                      main.o:_00007_DS_:
00000213 c5ac                 LGOTO 0x253; main.o:_00011_DS_=0x253
00000214                      main.o:_00390_DS_:
00000214 deff                 MOVIA 0x0
00000215 e0fc                 BCR 0x3, 0x6
00000216 fbd2                 SUBAR 0x2d, 0x0
00000217 f6fc                 BTRSS 0x3, 0x2
00000218 c5e4                 LGOTO 0x21b; main.o:_00490_DS_=0x21b
00000219 dee1                 MOVIA 0x1e
0000021a fbd3                 SUBAR 0x2c, 0x0
0000021b                      main.o:_00490_DS_:
0000021b f3fc                 BTRSC 0x3, 0x0
0000021c c5db                 LGOTO 0x224; main.o:_00387_DS_=0x224
0000021d de09                 MOVIA 0xf6
0000021e e0fc                 BCR 0x3, 0x6
0000021f fc53                 ADDAR 0x2c, 0x1
00000220 f3fc                 BTRSC 0x3, 0x0
00000221 c5dc                 LGOTO 0x223; main.o:_00008_DS_=0x223
00000222 f952                 DECR 0x2d, 0x1
00000223                      main.o:_00008_DS_:
00000223 c5ac                 LGOTO 0x253; main.o:_00011_DS_=0x253
00000224                      main.o:_00387_DS_:
00000224 deff                 MOVIA 0x0
00000225 e0fc                 BCR 0x3, 0x6
00000226 fbd2                 SUBAR 0x2d, 0x0
00000227 f6fc                 BTRSS 0x3, 0x2
00000228 c5d4                 LGOTO 0x22b; main.o:_00491_DS_=0x22b
00000229 ded7                 MOVIA 0x28
0000022a fbd3                 SUBAR 0x2c, 0x0
0000022b                      main.o:_00491_DS_:
0000022b f3fc                 BTRSC 0x3, 0x0
0000022c c5cb                 LGOTO 0x234; main.o:_00384_DS_=0x234
0000022d de0e                 MOVIA 0xf1
0000022e e0fc                 BCR 0x3, 0x6
0000022f fc53                 ADDAR 0x2c, 0x1
00000230 f3fc                 BTRSC 0x3, 0x0
00000231 c5cc                 LGOTO 0x233; main.o:_00009_DS_=0x233
00000232 f952                 DECR 0x2d, 0x1
00000233                      main.o:_00009_DS_:
00000233 c5ac                 LGOTO 0x253; main.o:_00011_DS_=0x253
00000234                      main.o:_00384_DS_:
00000234 deff                 MOVIA 0x0
00000235 e0fc                 BCR 0x3, 0x6
00000236 fbd2                 SUBAR 0x2d, 0x0
00000237 f6fc                 BTRSS 0x3, 0x2
00000238 c5c4                 LGOTO 0x23b; main.o:_00492_DS_=0x23b
00000239 decd                 MOVIA 0x32
0000023a fbd3                 SUBAR 0x2c, 0x0
0000023b                      main.o:_00492_DS_:
0000023b f3fc                 BTRSC 0x3, 0x0
0000023c c5bb                 LGOTO 0x244; main.o:_00381_DS_=0x244
0000023d de14                 MOVIA 0xeb
0000023e e0fc                 BCR 0x3, 0x6
0000023f fc53                 ADDAR 0x2c, 0x1
00000240 f3fc                 BTRSC 0x3, 0x0
00000241 c5bc                 LGOTO 0x243; main.o:_00010_DS_=0x243
00000242 f952                 DECR 0x2d, 0x1
00000243                      main.o:_00010_DS_:
00000243 c5ac                 LGOTO 0x253; main.o:_00011_DS_=0x253
00000244                      main.o:_00381_DS_:
00000244 deff                 MOVIA 0x0
00000245 e0fc                 BCR 0x3, 0x6
00000246 fbd2                 SUBAR 0x2d, 0x0
00000247 f6fc                 BTRSS 0x3, 0x2
00000248 c5b4                 LGOTO 0x24b; main.o:_00493_DS_=0x24b
00000249 de87                 MOVIA 0x78
0000024a fbd3                 SUBAR 0x2c, 0x0
0000024b                      main.o:_00493_DS_:
0000024b f3fc                 BTRSC 0x3, 0x0
0000024c c5ac                 LGOTO 0x253; main.o:_00011_DS_=0x253
0000024d de16                 MOVIA 0xe9
0000024e e0fc                 BCR 0x3, 0x6
0000024f fc53                 ADDAR 0x2c, 0x1
00000250 f3fc                 BTRSC 0x3, 0x0
00000251 c5ac                 LGOTO 0x253; main.o:_00011_DS_=0x253
00000252 f952                 DECR 0x2d, 0x1
00000253                      main.o:_00011_DS_:
00000253 deff                 MOVIA 0x0
00000254 e0fc                 BCR 0x3, 0x6
00000255 fbd2                 SUBAR 0x2d, 0x0
00000256 f6fc                 BTRSS 0x3, 0x2
00000257 c5a5                 LGOTO 0x25a; main.o:_00494_DS_=0x25a
00000258 de9b                 MOVIA 0x64
00000259 fbd3                 SUBAR 0x2c, 0x0
0000025a                      main.o:_00494_DS_:
0000025a f7fc                 BTRSS 0x3, 0x0
0000025b c59f                 LGOTO 0x260; main.o:_00396_DS_=0x260
0000025c de9b                 MOVIA 0x64
0000025d e0fc                 BCR 0x3, 0x6
0000025e ff53                 MOVAR 0x2c
0000025f fd52                 CLRR 0x2d
00000260                      main.o:_00396_DS_:
00000260 e0fc                 BCR 0x3, 0x6
00000261 fe90                 MOVR 0x6f, 0x0
00000262 ff51                 MOVAR 0x2e
00000263 fd50                 CLRR 0x2f
00000264 fed2                 MOVR 0x2d, 0x0
00000265 fbd0                 SUBAR 0x2f, 0x0
00000266 f6fc                 BTRSS 0x3, 0x2
00000267 c595                 LGOTO 0x26a; main.o:_00495_DS_=0x26a
00000268 fed3                 MOVR 0x2c, 0x0
00000269 fbd1                 SUBAR 0x2e, 0x0
0000026a                      main.o:_00495_DS_:
0000026a f3fc                 BTRSC 0x3, 0x0
0000026b c561                 LGOTO 0x29e; main.o:_00416_DS_=0x29e
0000026c e0fc                 BCR 0x3, 0x6
0000026d fa10                 INCR 0x6f, 0x1
0000026e c561                 LGOTO 0x29e; main.o:_00416_DS_=0x29e
0000026f                      main.o:_00408_DS_:
0000026f deff                 MOVIA 0x0
00000270 e0fc                 BCR 0x3, 0x6
00000271 fbd2                 SUBAR 0x2d, 0x0
00000272 f6fc                 BTRSS 0x3, 0x2
00000273 c589                 LGOTO 0x276; main.o:_00496_DS_=0x276
00000274 de9a                 MOVIA 0x65
00000275 fbd3                 SUBAR 0x2c, 0x0
00000276                      main.o:_00496_DS_:
00000276 f7fc                 BTRSS 0x3, 0x0
00000277 c583                 LGOTO 0x27c; main.o:_00400_DS_=0x27c
00000278 de9b                 MOVIA 0x64
00000279 e0fc                 BCR 0x3, 0x6
0000027a ff53                 MOVAR 0x2c
0000027b fd52                 CLRR 0x2d
0000027c                      main.o:_00400_DS_:
0000027c e0fc                 BCR 0x3, 0x6
0000027d fe90                 MOVR 0x6f, 0x0
0000027e f6fc                 BTRSS 0x3, 0x2
0000027f c57d                 LGOTO 0x282; main.o:_00402_DS_=0x282
00000280 fed3                 MOVR 0x2c, 0x0
00000281 ff10                 MOVAR 0x6f
00000282                      main.o:_00402_DS_:
00000282 e0fc                 BCR 0x3, 0x6
00000283 fe90                 MOVR 0x6f, 0x0
00000284 ff51                 MOVAR 0x2e
00000285 fd50                 CLRR 0x2f
00000286 deff                 MOVIA 0x0
00000287 fbd2                 SUBAR 0x2d, 0x0
00000288 f6fc                 BTRSS 0x3, 0x2
00000289 c573                 LGOTO 0x28c; main.o:_00497_DS_=0x28c
0000028a fed1                 MOVR 0x2e, 0x0
0000028b fbd3                 SUBAR 0x2c, 0x0
0000028c                      main.o:_00497_DS_:
0000028c f3fc                 BTRSC 0x3, 0x0
0000028d c561                 LGOTO 0x29e; main.o:_00416_DS_=0x29e
0000028e e0fc                 BCR 0x3, 0x6
0000028f fa02                 INCR 0x7d, 0x1
00000290 f2fc                 BTRSC 0x3, 0x2
00000291 fa01                 INCR 0x7e, 0x1
00000292 deff                 MOVIA 0x0
00000293 fb81                 SUBAR 0x7e, 0x0
00000294 f6fc                 BTRSS 0x3, 0x2
00000295 c567                 LGOTO 0x298; main.o:_00498_DS_=0x298
00000296 def4                 MOVIA 0xb
00000297 fb82                 SUBAR 0x7d, 0x0
00000298                      main.o:_00498_DS_:
00000298 f7fc                 BTRSS 0x3, 0x0
00000299 c561                 LGOTO 0x29e; main.o:_00416_DS_=0x29e
0000029a e0fc                 BCR 0x3, 0x6
0000029b fd02                 CLRR 0x7d
0000029c fd01                 CLRR 0x7e
0000029d f910                 DECR 0x6f, 0x1
0000029e                      main.o:_00416_DS_:
0000029e ffef                 RET
0000029f                      _initAD:
0000029f de7f                 MOVIA 0x80
000002a0 ff6f                 MOVAR 0x10
000002a1 fd6c                 CLRR 0x13
000002a2 deef                 MOVIA 0x10
000002a3 ff6e                 MOVAR 0x11
000002a4 defc                 MOVIA 0x3
000002a5 ff6b                 MOVAR 0x14
000002a6 e5ef                 BSR 0x10, 0x4
000002a7 decd                 MOVIA 0x32
000002a8 d70e                 LCALL 0xf1; _delay=0xf1
000002a9 ffef                 RET
000002aa                      _keyCtr:
000002aa e0fc                 BCR 0x3, 0x6
000002ab f8fa                 COMR 0x5, 0x0
000002ac ff54                 MOVAR 0x2b
000002ad de7f                 MOVIA 0x80
000002ae ef54                 ANDAR 0x2b, 0x1
000002af fed4                 MOVR 0x2b, 0x0
000002b0 d501                 LCALL 0x2fe; _keyRead=0x2fe
000002b1 e0fc                 BCR 0x3, 0x6
000002b2 ff54                 MOVAR 0x2b
000002b3 dbfe                 XORIA 0x1
000002b4 f6fc                 BTRSS 0x3, 0x2
000002b5 c523                 LGOTO 0x2dc; main.o:_00351_DS_=0x2dc
000002b6 d6e1                 LCALL 0x11e; _checkBat=0x11e
000002b7 e0fc                 BCR 0x3, 0x6
000002b8 fe93                 MOVR 0x6c, 0x0
000002b9 f2fc                 BTRSC 0x3, 0x2
000002ba c502                 LGOTO 0x2fd; main.o:_00353_DS_=0x2fd
000002bb fe90                 MOVR 0x6f, 0x0
000002bc f2fc                 BTRSC 0x3, 0x2
000002bd c502                 LGOTO 0x2fd; main.o:_00353_DS_=0x2fd
000002be fe97                 MOVR 0x68, 0x0
000002bf f6fc                 BTRSS 0x3, 0x2
000002c0 c53a                 LGOTO 0x2c5; main.o:_00336_DS_=0x2c5
000002c1 defc                 MOVIA 0x3
000002c2 ff12                 MOVAR 0x6d
000002c3 fd06                 CLRR 0x79
000002c4 c502                 LGOTO 0x2fd; main.o:_00353_DS_=0x2fd
000002c5                      main.o:_00336_DS_:
000002c5 e0fc                 BCR 0x3, 0x6
000002c6 fe91                 MOVR 0x6e, 0x0
000002c7 f6fc                 BTRSS 0x3, 0x2
000002c8 c531                 LGOTO 0x2ce; main.o:_00333_DS_=0x2ce
000002c9 fd12                 CLRR 0x6d
000002ca defd                 MOVIA 0x2
000002cb ff11                 MOVAR 0x6e
000002cc fd06                 CLRR 0x79
000002cd c502                 LGOTO 0x2fd; main.o:_00353_DS_=0x2fd
000002ce                      main.o:_00333_DS_:
000002ce e0fc                 BCR 0x3, 0x6
000002cf fd12                 CLRR 0x6d
000002d0 fa14                 INCR 0x6b, 0x1
000002d1 defb                 MOVIA 0x4
000002d2 fb94                 SUBAR 0x6b, 0x0
000002d3 f7fc                 BTRSS 0x3, 0x0
000002d4 c528                 LGOTO 0x2d7; main.o:_00331_DS_=0x2d7
000002d5 defe                 MOVIA 0x1
000002d6 ff14                 MOVAR 0x6b
000002d7                      main.o:_00331_DS_:
000002d7 defd                 MOVIA 0x2
000002d8 e0fc                 BCR 0x3, 0x6
000002d9 ff11                 MOVAR 0x6e
000002da fd06                 CLRR 0x79
000002db c502                 LGOTO 0x2fd; main.o:_00353_DS_=0x2fd
000002dc                      main.o:_00351_DS_:
000002dc e0fc                 BCR 0x3, 0x6
000002dd fed4                 MOVR 0x2b, 0x0
000002de dbfd                 XORIA 0x2
000002df f6fc                 BTRSS 0x3, 0x2
000002e0 c502                 LGOTO 0x2fd; main.o:_00353_DS_=0x2fd
000002e1 d6e1                 LCALL 0x11e; _checkBat=0x11e
000002e2 e0fc                 BCR 0x3, 0x6
000002e3 fe93                 MOVR 0x6c, 0x0
000002e4 f2fc                 BTRSC 0x3, 0x2
000002e5 c512                 LGOTO 0x2ed; main.o:_00346_DS_=0x2ed
000002e6 fd13                 CLRR 0x6c
000002e7 fd14                 CLRR 0x6b
000002e8 fd12                 CLRR 0x6d
000002e9 fd11                 CLRR 0x6e
000002ea defa                 MOVIA 0x5
000002eb ff06                 MOVAR 0x79
000002ec c502                 LGOTO 0x2fd; main.o:_00353_DS_=0x2fd
000002ed                      main.o:_00346_DS_:
000002ed e0fc                 BCR 0x3, 0x6
000002ee fe90                 MOVR 0x6f, 0x0
000002ef f2fc                 BTRSC 0x3, 0x2
000002f0 c502                 LGOTO 0x2fd; main.o:_00353_DS_=0x2fd
000002f1 defe                 MOVIA 0x1
000002f2 ff13                 MOVAR 0x6c
000002f3 defc                 MOVIA 0x3
000002f4 ff12                 MOVAR 0x6d
000002f5 defd                 MOVIA 0x2
000002f6 ff11                 MOVAR 0x6e
000002f7 fd06                 CLRR 0x79
000002f8 fe94                 MOVR 0x6b, 0x0
000002f9 f6fc                 BTRSS 0x3, 0x2
000002fa c502                 LGOTO 0x2fd; main.o:_00353_DS_=0x2fd
000002fb defe                 MOVIA 0x1
000002fc ff14                 MOVAR 0x6b
000002fd                      main.o:_00353_DS_:
000002fd ffef                 RET
000002fe                      _keyRead:
000002fe e0fc                 BCR 0x3, 0x6
000002ff ff55                 MOVAR 0x2a
00000300 fed5                 MOVR 0x2a, 0x0
00000301 f2fc                 BTRSC 0x3, 0x2
00000302 c4ee                 LGOTO 0x311; main.o:_00323_DS_=0x311
00000303 fa0f                 INCR 0x70, 0x1
00000304 de37                 MOVIA 0xc8
00000305 fb8f                 SUBAR 0x70, 0x0
00000306 f7fc                 BTRSS 0x3, 0x0
00000307 c4db                 LGOTO 0x324; main.o:_00324_DS_=0x324
00000308 de37                 MOVIA 0xc8
00000309 ff0f                 MOVAR 0x70
0000030a fe8e                 MOVR 0x71, 0x0
0000030b f6fc                 BTRSS 0x3, 0x2
0000030c c4db                 LGOTO 0x324; main.o:_00324_DS_=0x324
0000030d defe                 MOVIA 0x1
0000030e ff0e                 MOVAR 0x71
0000030f defd                 MOVIA 0x2
00000310 c4da                 LGOTO 0x325; main.o:_00325_DS_=0x325
00000311                      main.o:_00323_DS_:
00000311 de37                 MOVIA 0xc8
00000312 e0fc                 BCR 0x3, 0x6
00000313 fb8f                 SUBAR 0x70, 0x0
00000314 f7fc                 BTRSS 0x3, 0x0
00000315 c4e5                 LGOTO 0x31a; main.o:_00320_DS_=0x31a
00000316 fd0f                 CLRR 0x70
00000317 fd0e                 CLRR 0x71
00000318 deff                 MOVIA 0x0
00000319 c4da                 LGOTO 0x325; main.o:_00325_DS_=0x325
0000031a                      main.o:_00320_DS_:
0000031a defb                 MOVIA 0x4
0000031b e0fc                 BCR 0x3, 0x6
0000031c fb8f                 SUBAR 0x70, 0x0
0000031d f7fc                 BTRSS 0x3, 0x0
0000031e c4dd                 LGOTO 0x322; main.o:_00321_DS_=0x322
0000031f fd0f                 CLRR 0x70
00000320 defe                 MOVIA 0x1
00000321 c4da                 LGOTO 0x325; main.o:_00325_DS_=0x325
00000322                      main.o:_00321_DS_:
00000322 e0fc                 BCR 0x3, 0x6
00000323 fd0f                 CLRR 0x70
00000324                      main.o:_00324_DS_:
00000324 deff                 MOVIA 0x0
00000325                      main.o:_00325_DS_:
00000325 ffef                 RET
00000326                      _pwmStop:
00000326 fdff                 CLRA
00000327 ffb5                 SFUN 0xa
00000328 ffef                 RET
00000329                      _pwmInit:
00000329 ff95                 SFUNR 0xa
0000032a e0fc                 BCR 0x3, 0x6
0000032b ff56                 MOVAR 0x29
0000032c f056                 BTRSC 0x29, 0x7
0000032d c4c8                 LGOTO 0x337; main.o:_00304_DS_=0x337
0000032e fd66                 CLRR 0x19
0000032f de9b                 MOVIA 0x64
00000330 ffb6                 SFUN 0x9
00000331 deaa                 MOVIA 0x55
00000332 ffb3                 SFUN 0xc
00000333 defe                 MOVIA 0x1
00000334 ffb4                 SFUN 0xb
00000335 de7c                 MOVIA 0x83
00000336 ffb5                 SFUN 0xa
00000337                      main.o:_00304_DS_:
00000337 ffef                 RET
00000338                      _gotoSleep:
00000338 e0fc                 BCR 0x3, 0x6
00000339 fd05                 CLRR 0x7a
0000033a fd08                 CLRR 0x77
0000033b fd07                 CLRR 0x78
0000033c d382                 LCALL 0x47d; _setInput=0x47d
0000033d e0fc                 BCR 0x3, 0x6
0000033e fd0d                 CLRR 0x72
0000033f fd13                 CLRR 0x6c
00000340 d4d9                 LCALL 0x326; _pwmStop=0x326
00000341 de5f                 MOVIA 0xa0
00000342 ff6a                 MOVAR 0x15
00000343 def7                 MOVIA 0x8
00000344 fff9                 IOST 0x6
00000345 e0fc                 BCR 0x3, 0x6
00000346 fd7a                 CLRR 0x5
00000347 fd79                 CLRR 0x6
00000348 defd                 MOVIA 0x2
00000349 ff71                 MOVAR 0xe
0000034a dee7                 MOVIA 0x18
0000034b ff77                 MOVAR 0x8
0000034c fd70                 CLRR 0xf
0000034d fffd                 CLRWDT
0000034e fffb                 ENI
0000034f f17a                 BTRSC 0x5, 0x5
00000350 c4ad                 LGOTO 0x352; main.o:_00297_DS_=0x352
00000351 fffe                 SLEEP
00000352                      main.o:_00297_DS_:
00000352 fd6a                 CLRR 0x15
00000353 de5f                 MOVIA 0xa0
00000354 fffa                 IOST 0x5
00000355 def7                 MOVIA 0x8
00000356 fff9                 IOST 0x6
00000357 e0fc                 BCR 0x3, 0x6
00000358 fd7a                 CLRR 0x5
00000359 defc                 MOVIA 0x3
0000035a ff71                 MOVAR 0xe
0000035b fd70                 CLRR 0xf
0000035c de47                 MOVIA 0xb8
0000035d ff77                 MOVAR 0x8
0000035e ffef                 RET
0000035f                      _initSys:
0000035f ffec                 DISI
00000360 de5f                 MOVIA 0xa0
00000361 fffa                 IOST 0x5
00000362 def7                 MOVIA 0x8
00000363 fff9                 IOST 0x6
00000364 fd79                 CLRR 0x6
00000365 e0fc                 BCR 0x3, 0x6
00000366 fd7a                 CLRR 0x5
00000367 d382                 LCALL 0x47d; _setInput=0x47d
00000368 de80                 MOVIA 0x7f
00000369 fff6                 IOST 0x9
0000036a de00                 MOVIA 0xff
0000036b ff73                 MOVAR 0xc
0000036c ff74                 MOVAR 0xb
0000036d defc                 MOVIA 0x3
0000036e ff71                 MOVAR 0xe
0000036f fdff                 CLRA
00000370 fff0                 IOST 0xf
00000371 dec8                 MOVIA 0x37
00000372 ff7e                 MOVAR 0x1
00000373 fdff                 CLRA
00000374 fffc                 T0MD
00000375 defe                 MOVIA 0x1
00000376 fff0                 IOST 0xf
00000377 de67                 MOVIA 0x98
00000378 ff77                 MOVAR 0x8
00000379 defe                 MOVIA 0x1
0000037a fff0                 IOST 0xf
0000037b fffb                 ENI
0000037c ffef                 RET
0000037d                      _refreshNub:
0000037d e0fc                 BCR 0x3, 0x6
0000037e fe9a                 MOVR 0x65, 0x0
0000037f da5b                 ADDIA 0xa4
00000380 ff58                 MOVAR 0x27
00000381 deff                 MOVIA 0x0
00000382 f3fc                 BTRSC 0x3, 0x0
00000383 dafe                 ADDIA 0x1
00000384 ff57                 MOVAR 0x28
00000385 fed8                 MOVR 0x27, 0x0
00000386 ff39                 MOVAR 0x46
00000387 fed7                 MOVR 0x28, 0x0
00000388 ff38                 MOVAR 0x47
00000389 deff                 MOVIA 0x0
0000038a d11e                 LCALL 0x6e1; __gptrget=0x6e1
0000038b d242                 LCALL 0x5bd; _showNubBaiwei=0x5bd
0000038c e0fc                 BCR 0x3, 0x6
0000038d fe99                 MOVR 0x66, 0x0
0000038e da5b                 ADDIA 0xa4
0000038f ff58                 MOVAR 0x27
00000390 deff                 MOVIA 0x0
00000391 f3fc                 BTRSC 0x3, 0x0
00000392 dafe                 ADDIA 0x1
00000393 ff57                 MOVAR 0x28
00000394 fed8                 MOVR 0x27, 0x0
00000395 ff39                 MOVAR 0x46
00000396 fed7                 MOVR 0x28, 0x0
00000397 ff38                 MOVAR 0x47
00000398 deff                 MOVIA 0x0
00000399 d11e                 LCALL 0x6e1; __gptrget=0x6e1
0000039a d1c2                 LCALL 0x63d; _showNubShiwei=0x63d
0000039b e0fc                 BCR 0x3, 0x6
0000039c fe98                 MOVR 0x67, 0x0
0000039d da5b                 ADDIA 0xa4
0000039e ff58                 MOVAR 0x27
0000039f deff                 MOVIA 0x0
000003a0 f3fc                 BTRSC 0x3, 0x0
000003a1 dafe                 ADDIA 0x1
000003a2 ff57                 MOVAR 0x28
000003a3 fed8                 MOVR 0x27, 0x0
000003a4 ff39                 MOVAR 0x46
000003a5 fed7                 MOVR 0x28, 0x0
000003a6 ff38                 MOVAR 0x47
000003a7 deff                 MOVIA 0x0
000003a8 d11e                 LCALL 0x6e1; __gptrget=0x6e1
000003a9 d202                 LCALL 0x5fd; _showNubGewei=0x5fd
000003aa d382                 LCALL 0x47d; _setInput=0x47d
000003ab ffef                 RET
000003ac                      _chrgCtr:
000003ac e0fc                 BCR 0x3, 0x6
000003ad f17a                 BTRSC 0x5, 0x5
000003ae c44f                 LGOTO 0x3b0; main.o:_00172_DS_=0x3b0
000003af fd0c                 CLRR 0x73
000003b0                      main.o:_00172_DS_:
000003b0 e6f3                 BSR 0xc, 0x2
000003b1 ffe9                 IOSTR 0x6
000003b2 e0fc                 BCR 0x3, 0x6
000003b3 ff5a                 MOVAR 0x25
000003b4 e2da                 BCR 0x25, 0x2
000003b5 feda                 MOVR 0x25, 0x0
000003b6 fff9                 IOST 0x6
000003b7 fe95                 MOVR 0x6a, 0x0
000003b8 f2fc                 BTRSC 0x3, 0x2
000003b9 c441                 LGOTO 0x3be; main.o:_00174_DS_=0x3be
000003ba d4d6                 LCALL 0x329; _pwmInit=0x329
000003bb e0fc                 BCR 0x3, 0x6
000003bc f915                 DECR 0x6a, 0x1
000003bd c43f                 LGOTO 0x3c0; main.o:_00175_DS_=0x3c0
000003be                      main.o:_00174_DS_:
000003be d4d9                 LCALL 0x326; _pwmStop=0x326
000003bf e2f9                 BCR 0x6, 0x2
000003c0                      main.o:_00175_DS_:
000003c0 e4fc                 BSR 0x3, 0x6
000003c1 fedd                 MOVR 0x22, 0x0
000003c2 f2fc                 BTRSC 0x3, 0x2
000003c3 c430                 LGOTO 0x3cf; main.o:_00210_DS_=0x3cf
000003c4 d6e1                 LCALL 0x11e; _checkBat=0x11e
000003c5 e4fc                 BSR 0x3, 0x6
000003c6 f95d                 DECR 0x22, 0x1
000003c7 defe                 MOVIA 0x1
000003c8 e0fc                 BCR 0x3, 0x6
000003c9 ff17                 MOVAR 0x68
000003ca def7                 MOVIA 0x8
000003cb ff19                 MOVAR 0x66
000003cc ff1a                 MOVAR 0x65
000003cd ff18                 MOVAR 0x67
000003ce c38f                 LGOTO 0x470; main.o:_00212_DS_=0x470
000003cf                      main.o:_00210_DS_:
000003cf e0fc                 BCR 0x3, 0x6
000003d0 fe91                 MOVR 0x6e, 0x0
000003d1 f2fc                 BTRSC 0x3, 0x2
000003d2 c425                 LGOTO 0x3da; main.o:_00207_DS_=0x3da
000003d3 defe                 MOVIA 0x1
000003d4 ff17                 MOVAR 0x68
000003d5 fd19                 CLRR 0x66
000003d6 fd1a                 CLRR 0x65
000003d7 fe94                 MOVR 0x6b, 0x0
000003d8 ff18                 MOVAR 0x67
000003d9 c38f                 LGOTO 0x470; main.o:_00212_DS_=0x470
000003da                      main.o:_00207_DS_:
000003da e0fc                 BCR 0x3, 0x6
000003db fe92                 MOVR 0x6d, 0x0
000003dc f6fc                 BTRSS 0x3, 0x2
000003dd c41e                 LGOTO 0x3e1; main.o:_00202_DS_=0x3e1
000003de fe95                 MOVR 0x6a, 0x0
000003df f2fc                 BTRSC 0x3, 0x2
000003e0 c403                 LGOTO 0x3fc; main.o:_00203_DS_=0x3fc
000003e1                      main.o:_00202_DS_:
000003e1 defe                 MOVIA 0x1
000003e2 e0fc                 BCR 0x3, 0x6
000003e3 ff17                 MOVAR 0x68
000003e4 de9b                 MOVIA 0x64
000003e5 fb90                 SUBAR 0x6f, 0x0
000003e6 f7fc                 BTRSS 0x3, 0x0
000003e7 c412                 LGOTO 0x3ed; main.o:_00177_DS_=0x3ed
000003e8 defe                 MOVIA 0x1
000003e9 ff1a                 MOVAR 0x65
000003ea fd18                 CLRR 0x67
000003eb fd19                 CLRR 0x66
000003ec c38f                 LGOTO 0x470; main.o:_00212_DS_=0x470
000003ed                      main.o:_00177_DS_:
000003ed e0fc                 BCR 0x3, 0x6
000003ee fd1a                 CLRR 0x65
000003ef def5                 MOVIA 0xa
000003f0 ff38                 MOVAR 0x47
000003f1 fe90                 MOVR 0x6f, 0x0
000003f2 d1a4                 LCALL 0x65b; __divuchar=0x65b
000003f3 e0fc                 BCR 0x3, 0x6
000003f4 ff19                 MOVAR 0x66
000003f5 def5                 MOVIA 0xa
000003f6 ff38                 MOVAR 0x47
000003f7 fe90                 MOVR 0x6f, 0x0
000003f8 d17b                 LCALL 0x684; __moduchar=0x684
000003f9 e0fc                 BCR 0x3, 0x6
000003fa ff18                 MOVAR 0x67
000003fb c38f                 LGOTO 0x470; main.o:_00212_DS_=0x470
000003fc                      main.o:_00203_DS_:
000003fc def9                 MOVIA 0x6
000003fd e0fc                 BCR 0x3, 0x6
000003fe fb90                 SUBAR 0x6f, 0x0
000003ff f3fc                 BTRSC 0x3, 0x0
00000400 c3c5                 LGOTO 0x43a; main.o:_00197_DS_=0x43a
00000401 fe86                 MOVR 0x79, 0x0
00000402 f6fc                 BTRSS 0x3, 0x2
00000403 c3c5                 LGOTO 0x43a; main.o:_00197_DS_=0x43a
00000404 f17a                 BTRSC 0x5, 0x5
00000405 c3c5                 LGOTO 0x43a; main.o:_00197_DS_=0x43a
00000406 fe93                 MOVR 0x6c, 0x0
00000407 f2fc                 BTRSC 0x3, 0x2
00000408 c3c5                 LGOTO 0x43a; main.o:_00197_DS_=0x43a
00000409 defe                 MOVIA 0x1
0000040a ff17                 MOVAR 0x68
0000040b fa0b                 INCR 0x74, 0x1
0000040c f2fc                 BTRSC 0x3, 0x2
0000040d fa0a                 INCR 0x75, 0x1
0000040e defe                 MOVIA 0x1
0000040f fb8a                 SUBAR 0x75, 0x0
00000410 f6fc                 BTRSS 0x3, 0x2
00000411 c3eb                 LGOTO 0x414; main.o:_00264_DS_=0x414
00000412 de0a                 MOVIA 0xf5
00000413 fb8b                 SUBAR 0x74, 0x0
00000414                      main.o:_00264_DS_:
00000414 f7fc                 BTRSS 0x3, 0x0
00000415 c3e5                 LGOTO 0x41a; main.o:_00180_DS_=0x41a
00000416 e0fc                 BCR 0x3, 0x6
00000417 fd0b                 CLRR 0x74
00000418 fd0a                 CLRR 0x75
00000419 fd17                 CLRR 0x68
0000041a                      main.o:_00180_DS_:
0000041a de9b                 MOVIA 0x64
0000041b ff3a                 MOVAR 0x45
0000041c deff                 MOVIA 0x0
0000041d ff39                 MOVAR 0x46
0000041e e0fc                 BCR 0x3, 0x6
0000041f fe8b                 MOVR 0x74, 0x0
00000420 ff38                 MOVAR 0x47
00000421 fe8a                 MOVR 0x75, 0x0
00000422 d157                 LCALL 0x6a8; __moduint=0x6a8
00000423 e0fc                 BCR 0x3, 0x6
00000424 ff59                 MOVAR 0x26
00000425 feb8                 MOVR 0x47, 0x0
00000426 ff5a                 MOVAR 0x25
00000427 deff                 MOVIA 0x0
00000428 fbd9                 SUBAR 0x26, 0x0
00000429 f6fc                 BTRSS 0x3, 0x2
0000042a c3d2                 LGOTO 0x42d; main.o:_00265_DS_=0x42d
0000042b decd                 MOVIA 0x32
0000042c fbda                 SUBAR 0x25, 0x0
0000042d                      main.o:_00265_DS_:
0000042d f3fc                 BTRSC 0x3, 0x0
0000042e c3c8                 LGOTO 0x437; main.o:_00182_DS_=0x437
0000042f defe                 MOVIA 0x1
00000430 e0fc                 BCR 0x3, 0x6
00000431 ff17                 MOVAR 0x68
00000432 fd1a                 CLRR 0x65
00000433 fd19                 CLRR 0x66
00000434 fe90                 MOVR 0x6f, 0x0
00000435 ff18                 MOVAR 0x67
00000436 c38f                 LGOTO 0x470; main.o:_00212_DS_=0x470
00000437                      main.o:_00182_DS_:
00000437 e0fc                 BCR 0x3, 0x6
00000438 fd17                 CLRR 0x68
00000439 c38f                 LGOTO 0x470; main.o:_00212_DS_=0x470
0000043a                      main.o:_00197_DS_:
0000043a e0fc                 BCR 0x3, 0x6
0000043b fe86                 MOVR 0x79, 0x0
0000043c f2fc                 BTRSC 0x3, 0x2
0000043d c3ba                 LGOTO 0x445; main.o:_00194_DS_=0x445
0000043e defe                 MOVIA 0x1
0000043f ff17                 MOVAR 0x68
00000440 fd1a                 CLRR 0x65
00000441 def5                 MOVIA 0xa
00000442 ff19                 MOVAR 0x66
00000443 ff18                 MOVAR 0x67
00000444 c38f                 LGOTO 0x470; main.o:_00212_DS_=0x470
00000445                      main.o:_00194_DS_:
00000445 e0fc                 BCR 0x3, 0x6
00000446 f57a                 BTRSS 0x5, 0x5
00000447 c391                 LGOTO 0x46e; main.o:_00191_DS_=0x46e
00000448 defe                 MOVIA 0x1
00000449 ff17                 MOVAR 0x68
0000044a fe8c                 MOVR 0x73, 0x0
0000044b f2fc                 BTRSC 0x3, 0x2
0000044c c3ac                 LGOTO 0x453; main.o:_00188_DS_=0x453
0000044d defe                 MOVIA 0x1
0000044e ff0c                 MOVAR 0x73
0000044f ff1a                 MOVAR 0x65
00000450 fd18                 CLRR 0x67
00000451 fd19                 CLRR 0x66
00000452 c38f                 LGOTO 0x470; main.o:_00212_DS_=0x470
00000453                      main.o:_00188_DS_:
00000453 e0fc                 BCR 0x3, 0x6
00000454 fe90                 MOVR 0x6f, 0x0
00000455 db9b                 XORIA 0x64
00000456 f6fc                 BTRSS 0x3, 0x2
00000457 c3a0                 LGOTO 0x45f; main.o:_00185_DS_=0x45f
00000458 defe                 MOVIA 0x1
00000459 ff0c                 MOVAR 0x73
0000045a fd1a                 CLRR 0x65
0000045b def6                 MOVIA 0x9
0000045c ff19                 MOVAR 0x66
0000045d ff18                 MOVAR 0x67
0000045e c38f                 LGOTO 0x470; main.o:_00212_DS_=0x470
0000045f                      main.o:_00185_DS_:
0000045f e0fc                 BCR 0x3, 0x6
00000460 fd1a                 CLRR 0x65
00000461 def5                 MOVIA 0xa
00000462 ff38                 MOVAR 0x47
00000463 fe90                 MOVR 0x6f, 0x0
00000464 d1a4                 LCALL 0x65b; __divuchar=0x65b
00000465 e0fc                 BCR 0x3, 0x6
00000466 ff19                 MOVAR 0x66
00000467 def5                 MOVIA 0xa
00000468 ff38                 MOVAR 0x47
00000469 fe90                 MOVR 0x6f, 0x0
0000046a d17b                 LCALL 0x684; __moduchar=0x684
0000046b e0fc                 BCR 0x3, 0x6
0000046c ff18                 MOVAR 0x67
0000046d c38f                 LGOTO 0x470; main.o:_00212_DS_=0x470
0000046e                      main.o:_00191_DS_:
0000046e e0fc                 BCR 0x3, 0x6
0000046f fd17                 CLRR 0x68
00000470                      main.o:_00212_DS_:
00000470 ffef                 RET
00000471                      _delayms:
00000471 e0fc                 BCR 0x3, 0x6
00000472 ff2d                 MOVAR 0x52
00000473 fd2c                 CLRR 0x53
00000474                      number.o:_00400_DS_:
00000474 e0fc                 BCR 0x3, 0x6
00000475 fead                 MOVR 0x52, 0x0
00000476 fbac                 SUBAR 0x53, 0x0
00000477 f3fc                 BTRSC 0x3, 0x0
00000478 c383                 LGOTO 0x47c; number.o:_00402_DS_=0x47c
00000479 ffff                 NOP
0000047a fa2c                 INCR 0x53, 0x1
0000047b c38b                 LGOTO 0x474; number.o:_00400_DS_=0x474
0000047c                      number.o:_00402_DS_:
0000047c ffef                 RET
0000047d                      _setInput:
0000047d e3f9                 BCR 0x6, 0x0
0000047e de1f                 MOVIA 0xe0
0000047f e0fc                 BCR 0x3, 0x6
00000480 ef7a                 ANDAR 0x5, 0x1
00000481 de40                 MOVIA 0xbf
00000482 fffa                 IOST 0x5
00000483 ffe9                 IOSTR 0x6
00000484 ff2e                 MOVAR 0x51
00000485 e7ae                 BSR 0x51, 0x0
00000486 feae                 MOVR 0x51, 0x0
00000487 fff9                 IOST 0x6
00000488 ffef                 RET
00000489                      _setOutput:
00000489 e0fc                 BCR 0x3, 0x6
0000048a ff2f                 MOVAR 0x50
0000048b defe                 MOVIA 0x1
0000048c fbaf                 SUBAR 0x50, 0x0
0000048d f7fc                 BTRSS 0x3, 0x0
0000048e c335                 LGOTO 0x4ca; number.o:_00379_DS_=0x4ca
0000048f def8                 MOVIA 0x7
00000490 fbaf                 SUBAR 0x50, 0x0
00000491 f3fc                 BTRSC 0x3, 0x0
00000492 c335                 LGOTO 0x4ca; number.o:_00379_DS_=0x4ca
00000493 f92f                 DECR 0x50, 0x1
00000494 defb                 MOVIA 0x4
00000495 ff75                 MOVAR 0xa
00000496 feaf                 MOVR 0x50, 0x0
00000497 da64                 ADDIA 0x9b
00000498 f3fc                 BTRSC 0x3, 0x0
00000499 fa75                 INCR 0xa, 0x1
0000049a ff7d                 MOVAR 0x2
0000049b                      number.o:_00389_DS_:
0000049b c35e                 LGOTO 0x4a1; number.o:_00372_DS_=0x4a1
0000049c c357                 LGOTO 0x4a8; number.o:_00373_DS_=0x4a8
0000049d c350                 LGOTO 0x4af; number.o:_00374_DS_=0x4af
0000049e c349                 LGOTO 0x4b6; number.o:_00375_DS_=0x4b6
0000049f c342                 LGOTO 0x4bd; number.o:_00376_DS_=0x4bd
000004a0 c33b                 LGOTO 0x4c4; number.o:_00377_DS_=0x4c4
000004a1                      number.o:_00372_DS_:
000004a1 ffe9                 IOSTR 0x6
000004a2 e0fc                 BCR 0x3, 0x6
000004a3 ff2f                 MOVAR 0x50
000004a4 e3af                 BCR 0x50, 0x0
000004a5 feaf                 MOVR 0x50, 0x0
000004a6 fff9                 IOST 0x6
000004a7 c335                 LGOTO 0x4ca; number.o:_00379_DS_=0x4ca
000004a8                      number.o:_00373_DS_:
000004a8 ffea                 IOSTR 0x5
000004a9 e0fc                 BCR 0x3, 0x6
000004aa ff2f                 MOVAR 0x50
000004ab e3af                 BCR 0x50, 0x0
000004ac feaf                 MOVR 0x50, 0x0
000004ad fffa                 IOST 0x5
000004ae c335                 LGOTO 0x4ca; number.o:_00379_DS_=0x4ca
000004af                      number.o:_00374_DS_:
000004af ffea                 IOSTR 0x5
000004b0 e0fc                 BCR 0x3, 0x6
000004b1 ff2f                 MOVAR 0x50
000004b2 e32f                 BCR 0x50, 0x1
000004b3 feaf                 MOVR 0x50, 0x0
000004b4 fffa                 IOST 0x5
000004b5 c335                 LGOTO 0x4ca; number.o:_00379_DS_=0x4ca
000004b6                      number.o:_00375_DS_:
000004b6 ffea                 IOSTR 0x5
000004b7 e0fc                 BCR 0x3, 0x6
000004b8 ff2f                 MOVAR 0x50
000004b9 e2af                 BCR 0x50, 0x2
000004ba feaf                 MOVR 0x50, 0x0
000004bb fffa                 IOST 0x5
000004bc c335                 LGOTO 0x4ca; number.o:_00379_DS_=0x4ca
000004bd                      number.o:_00376_DS_:
000004bd ffea                 IOSTR 0x5
000004be e0fc                 BCR 0x3, 0x6
000004bf ff2f                 MOVAR 0x50
000004c0 e22f                 BCR 0x50, 0x3
000004c1 feaf                 MOVR 0x50, 0x0
000004c2 fffa                 IOST 0x5
000004c3 c335                 LGOTO 0x4ca; number.o:_00379_DS_=0x4ca
000004c4                      number.o:_00377_DS_:
000004c4 ffea                 IOSTR 0x5
000004c5 e0fc                 BCR 0x3, 0x6
000004c6 ff2f                 MOVAR 0x50
000004c7 e1af                 BCR 0x50, 0x4
000004c8 feaf                 MOVR 0x50, 0x0
000004c9 fffa                 IOST 0x5
000004ca                      number.o:_00379_DS_:
000004ca ffef                 RET
000004cb                      _setlowOutput:
000004cb e0fc                 BCR 0x3, 0x6
000004cc ff30                 MOVAR 0x4f
000004cd defe                 MOVIA 0x1
000004ce fbb0                 SUBAR 0x4f, 0x0
000004cf f7fc                 BTRSS 0x3, 0x0
000004d0 c30c                 LGOTO 0x4f3; number.o:_00357_DS_=0x4f3
000004d1 def8                 MOVIA 0x7
000004d2 fbb0                 SUBAR 0x4f, 0x0
000004d3 f3fc                 BTRSC 0x3, 0x0
000004d4 c30c                 LGOTO 0x4f3; number.o:_00357_DS_=0x4f3
000004d5 f930                 DECR 0x4f, 0x1
000004d6 defb                 MOVIA 0x4
000004d7 ff75                 MOVAR 0xa
000004d8 feb0                 MOVR 0x4f, 0x0
000004d9 da22                 ADDIA 0xdd
000004da f3fc                 BTRSC 0x3, 0x0
000004db fa75                 INCR 0xa, 0x1
000004dc ff7d                 MOVAR 0x2
000004dd                      number.o:_00367_DS_:
000004dd c31c                 LGOTO 0x4e3; number.o:_00350_DS_=0x4e3
000004de c31a                 LGOTO 0x4e5; number.o:_00351_DS_=0x4e5
000004df c317                 LGOTO 0x4e8; number.o:_00352_DS_=0x4e8
000004e0 c314                 LGOTO 0x4eb; number.o:_00353_DS_=0x4eb
000004e1 c311                 LGOTO 0x4ee; number.o:_00354_DS_=0x4ee
000004e2 c30e                 LGOTO 0x4f1; number.o:_00355_DS_=0x4f1
000004e3                      number.o:_00350_DS_:
000004e3 e3f9                 BCR 0x6, 0x0
000004e4 c30c                 LGOTO 0x4f3; number.o:_00357_DS_=0x4f3
000004e5                      number.o:_00351_DS_:
000004e5 e0fc                 BCR 0x3, 0x6
000004e6 e3fa                 BCR 0x5, 0x0
000004e7 c30c                 LGOTO 0x4f3; number.o:_00357_DS_=0x4f3
000004e8                      number.o:_00352_DS_:
000004e8 e0fc                 BCR 0x3, 0x6
000004e9 e37a                 BCR 0x5, 0x1
000004ea c30c                 LGOTO 0x4f3; number.o:_00357_DS_=0x4f3
000004eb                      number.o:_00353_DS_:
000004eb e0fc                 BCR 0x3, 0x6
000004ec e2fa                 BCR 0x5, 0x2
000004ed c30c                 LGOTO 0x4f3; number.o:_00357_DS_=0x4f3
000004ee                      number.o:_00354_DS_:
000004ee e0fc                 BCR 0x3, 0x6
000004ef e27a                 BCR 0x5, 0x3
000004f0 c30c                 LGOTO 0x4f3; number.o:_00357_DS_=0x4f3
000004f1                      number.o:_00355_DS_:
000004f1 e0fc                 BCR 0x3, 0x6
000004f2 e1fa                 BCR 0x5, 0x4
000004f3                      number.o:_00357_DS_:
000004f3 ffef                 RET
000004f4                      _setHightOutput:
000004f4 e0fc                 BCR 0x3, 0x6
000004f5 ff31                 MOVAR 0x4e
000004f6 defe                 MOVIA 0x1
000004f7 fbb1                 SUBAR 0x4e, 0x0
000004f8 f7fc                 BTRSS 0x3, 0x0
000004f9 c2e3                 LGOTO 0x51c; number.o:_00335_DS_=0x51c
000004fa def8                 MOVIA 0x7
000004fb fbb1                 SUBAR 0x4e, 0x0
000004fc f3fc                 BTRSC 0x3, 0x0
000004fd c2e3                 LGOTO 0x51c; number.o:_00335_DS_=0x51c
000004fe f931                 DECR 0x4e, 0x1
000004ff defa                 MOVIA 0x5
00000500 ff75                 MOVAR 0xa
00000501 feb1                 MOVR 0x4e, 0x0
00000502 daf9                 ADDIA 0x6
00000503 f3fc                 BTRSC 0x3, 0x0
00000504 fa75                 INCR 0xa, 0x1
00000505 ff7d                 MOVAR 0x2
00000506                      number.o:_00345_DS_:
00000506 c2f3                 LGOTO 0x50c; number.o:_00328_DS_=0x50c
00000507 c2f1                 LGOTO 0x50e; number.o:_00329_DS_=0x50e
00000508 c2ee                 LGOTO 0x511; number.o:_00330_DS_=0x511
00000509 c2eb                 LGOTO 0x514; number.o:_00331_DS_=0x514
0000050a c2e8                 LGOTO 0x517; number.o:_00332_DS_=0x517
0000050b c2e5                 LGOTO 0x51a; number.o:_00333_DS_=0x51a
0000050c                      number.o:_00328_DS_:
0000050c e7f9                 BSR 0x6, 0x0
0000050d c2e3                 LGOTO 0x51c; number.o:_00335_DS_=0x51c
0000050e                      number.o:_00329_DS_:
0000050e e0fc                 BCR 0x3, 0x6
0000050f e7fa                 BSR 0x5, 0x0
00000510 c2e3                 LGOTO 0x51c; number.o:_00335_DS_=0x51c
00000511                      number.o:_00330_DS_:
00000511 e0fc                 BCR 0x3, 0x6
00000512 e77a                 BSR 0x5, 0x1
00000513 c2e3                 LGOTO 0x51c; number.o:_00335_DS_=0x51c
00000514                      number.o:_00331_DS_:
00000514 e0fc                 BCR 0x3, 0x6
00000515 e6fa                 BSR 0x5, 0x2
00000516 c2e3                 LGOTO 0x51c; number.o:_00335_DS_=0x51c
00000517                      number.o:_00332_DS_:
00000517 e0fc                 BCR 0x3, 0x6
00000518 e67a                 BSR 0x5, 0x3
00000519 c2e3                 LGOTO 0x51c; number.o:_00335_DS_=0x51c
0000051a                      number.o:_00333_DS_:
0000051a e0fc                 BCR 0x3, 0x6
0000051b e5fa                 BSR 0x5, 0x4
0000051c                      number.o:_00335_DS_:
0000051c ffef                 RET
0000051d                      _showNub:
0000051d e0fc                 BCR 0x3, 0x6
0000051e ff33                 MOVAR 0x4c
0000051f feb8                 MOVR 0x47, 0x0
00000520 ff32                 MOVAR 0x4d
00000521 d382                 LCALL 0x47d; _setInput=0x47d
00000522 e0fc                 BCR 0x3, 0x6
00000523 feb3                 MOVR 0x4c, 0x0
00000524 d376                 LCALL 0x489; _setOutput=0x489
00000525 e0fc                 BCR 0x3, 0x6
00000526 feb3                 MOVR 0x4c, 0x0
00000527 d30b                 LCALL 0x4f4; _setHightOutput=0x4f4
00000528 e0fc                 BCR 0x3, 0x6
00000529 feb2                 MOVR 0x4d, 0x0
0000052a d376                 LCALL 0x489; _setOutput=0x489
0000052b e0fc                 BCR 0x3, 0x6
0000052c feb2                 MOVR 0x4d, 0x0
0000052d d334                 LCALL 0x4cb; _setlowOutput=0x4cb
0000052e deeb                 MOVIA 0x14
0000052f d38e                 LCALL 0x471; _delayms=0x471
00000530 fffd                 CLRWDT
00000531 ffef                 RET
00000532                      _G3:
00000532 defe                 MOVIA 0x1
00000533 ff38                 MOVAR 0x47
00000534 defa                 MOVIA 0x5
00000535 d2e2                 LCALL 0x51d; _showNub=0x51d
00000536 ffef                 RET
00000537                      _F3:
00000537 def9                 MOVIA 0x6
00000538 ff38                 MOVAR 0x47
00000539 defb                 MOVIA 0x4
0000053a d2e2                 LCALL 0x51d; _showNub=0x51d
0000053b ffef                 RET
0000053c                      _E3:
0000053c defa                 MOVIA 0x5
0000053d ff38                 MOVAR 0x47
0000053e defb                 MOVIA 0x4
0000053f d2e2                 LCALL 0x51d; _showNub=0x51d
00000540 ffef                 RET
00000541                      _D3:
00000541 defc                 MOVIA 0x3
00000542 ff38                 MOVAR 0x47
00000543 defb                 MOVIA 0x4
00000544 d2e2                 LCALL 0x51d; _showNub=0x51d
00000545 ffef                 RET
00000546                      _C3:
00000546 defd                 MOVIA 0x2
00000547 ff38                 MOVAR 0x47
00000548 defb                 MOVIA 0x4
00000549 d2e2                 LCALL 0x51d; _showNub=0x51d
0000054a ffef                 RET
0000054b                      _B3:
0000054b defe                 MOVIA 0x1
0000054c ff38                 MOVAR 0x47
0000054d defb                 MOVIA 0x4
0000054e d2e2                 LCALL 0x51d; _showNub=0x51d
0000054f ffef                 RET
00000550                      _A3:
00000550 def9                 MOVIA 0x6
00000551 ff38                 MOVAR 0x47
00000552 defc                 MOVIA 0x3
00000553 d2e2                 LCALL 0x51d; _showNub=0x51d
00000554 ffef                 RET
00000555                      _G2:
00000555 defa                 MOVIA 0x5
00000556 ff38                 MOVAR 0x47
00000557 defc                 MOVIA 0x3
00000558 d2e2                 LCALL 0x51d; _showNub=0x51d
00000559 ffef                 RET
0000055a                      _F2:
0000055a defb                 MOVIA 0x4
0000055b ff38                 MOVAR 0x47
0000055c defc                 MOVIA 0x3
0000055d d2e2                 LCALL 0x51d; _showNub=0x51d
0000055e ffef                 RET
0000055f                      _E2:
0000055f defd                 MOVIA 0x2
00000560 ff38                 MOVAR 0x47
00000561 defc                 MOVIA 0x3
00000562 d2e2                 LCALL 0x51d; _showNub=0x51d
00000563 ffef                 RET
00000564                      _D2:
00000564 defe                 MOVIA 0x1
00000565 ff38                 MOVAR 0x47
00000566 defc                 MOVIA 0x3
00000567 d2e2                 LCALL 0x51d; _showNub=0x51d
00000568 ffef                 RET
00000569                      _C2:
00000569 def9                 MOVIA 0x6
0000056a ff38                 MOVAR 0x47
0000056b defd                 MOVIA 0x2
0000056c d2e2                 LCALL 0x51d; _showNub=0x51d
0000056d ffef                 RET
0000056e                      _B2:
0000056e defa                 MOVIA 0x5
0000056f ff38                 MOVAR 0x47
00000570 defd                 MOVIA 0x2
00000571 d2e2                 LCALL 0x51d; _showNub=0x51d
00000572 ffef                 RET
00000573                      _A2:
00000573 defb                 MOVIA 0x4
00000574 ff38                 MOVAR 0x47
00000575 defd                 MOVIA 0x2
00000576 d2e2                 LCALL 0x51d; _showNub=0x51d
00000577 ffef                 RET
00000578                      _G1:
00000578 defc                 MOVIA 0x3
00000579 ff38                 MOVAR 0x47
0000057a defd                 MOVIA 0x2
0000057b d2e2                 LCALL 0x51d; _showNub=0x51d
0000057c ffef                 RET
0000057d                      _F1:
0000057d defe                 MOVIA 0x1
0000057e ff38                 MOVAR 0x47
0000057f defd                 MOVIA 0x2
00000580 d2e2                 LCALL 0x51d; _showNub=0x51d
00000581 ffef                 RET
00000582                      _E1:
00000582 def9                 MOVIA 0x6
00000583 ff38                 MOVAR 0x47
00000584 defe                 MOVIA 0x1
00000585 d2e2                 LCALL 0x51d; _showNub=0x51d
00000586 ffef                 RET
00000587                      _D1:
00000587 defa                 MOVIA 0x5
00000588 ff38                 MOVAR 0x47
00000589 defe                 MOVIA 0x1
0000058a d2e2                 LCALL 0x51d; _showNub=0x51d
0000058b ffef                 RET
0000058c                      _C1:
0000058c defb                 MOVIA 0x4
0000058d ff38                 MOVAR 0x47
0000058e defe                 MOVIA 0x1
0000058f d2e2                 LCALL 0x51d; _showNub=0x51d
00000590 ffef                 RET
00000591                      _B1:
00000591 defc                 MOVIA 0x3
00000592 ff38                 MOVAR 0x47
00000593 defe                 MOVIA 0x1
00000594 d2e2                 LCALL 0x51d; _showNub=0x51d
00000595 ffef                 RET
00000596                      _A1:
00000596 defd                 MOVIA 0x2
00000597 ff38                 MOVAR 0x47
00000598 defe                 MOVIA 0x1
00000599 d2e2                 LCALL 0x51d; _showNub=0x51d
0000059a ffef                 RET
0000059b                      _showNubBaiwei2:
0000059b e0fc                 BCR 0x3, 0x6
0000059c ff34                 MOVAR 0x4b
0000059d def8                 MOVIA 0x7
0000059e fbb4                 SUBAR 0x4b, 0x0
0000059f f3fc                 BTRSC 0x3, 0x0
000005a0 c243                 LGOTO 0x5bc; number.o:_00229_DS_=0x5bc
000005a1 defa                 MOVIA 0x5
000005a2 ff75                 MOVAR 0xa
000005a3 feb4                 MOVR 0x4b, 0x0
000005a4 da57                 ADDIA 0xa8
000005a5 f3fc                 BTRSC 0x3, 0x0
000005a6 fa75                 INCR 0xa, 0x1
000005a7 ff7d                 MOVAR 0x2
000005a8                      number.o:_00235_DS_:
000005a8 c250                 LGOTO 0x5af; number.o:_00221_DS_=0x5af
000005a9 c24e                 LGOTO 0x5b1; number.o:_00222_DS_=0x5b1
000005aa c24c                 LGOTO 0x5b3; number.o:_00223_DS_=0x5b3
000005ab c24a                 LGOTO 0x5b5; number.o:_00224_DS_=0x5b5
000005ac c248                 LGOTO 0x5b7; number.o:_00225_DS_=0x5b7
000005ad c246                 LGOTO 0x5b9; number.o:_00226_DS_=0x5b9
000005ae c244                 LGOTO 0x5bb; number.o:_00227_DS_=0x5bb
000005af                      number.o:_00221_DS_:
000005af d269                 LCALL 0x596; _A1=0x596
000005b0 c243                 LGOTO 0x5bc; number.o:_00229_DS_=0x5bc
000005b1                      number.o:_00222_DS_:
000005b1 d26e                 LCALL 0x591; _B1=0x591
000005b2 c243                 LGOTO 0x5bc; number.o:_00229_DS_=0x5bc
000005b3                      number.o:_00223_DS_:
000005b3 d273                 LCALL 0x58c; _C1=0x58c
000005b4 c243                 LGOTO 0x5bc; number.o:_00229_DS_=0x5bc
000005b5                      number.o:_00224_DS_:
000005b5 d278                 LCALL 0x587; _D1=0x587
000005b6 c243                 LGOTO 0x5bc; number.o:_00229_DS_=0x5bc
000005b7                      number.o:_00225_DS_:
000005b7 d27d                 LCALL 0x582; _E1=0x582
000005b8 c243                 LGOTO 0x5bc; number.o:_00229_DS_=0x5bc
000005b9                      number.o:_00226_DS_:
000005b9 d282                 LCALL 0x57d; _F1=0x57d
000005ba c243                 LGOTO 0x5bc; number.o:_00229_DS_=0x5bc
000005bb                      number.o:_00227_DS_:
000005bb d287                 LCALL 0x578; _G1=0x578
000005bc                      number.o:_00229_DS_:
000005bc ffef                 RET
000005bd                      _showNubBaiwei:
000005bd e0fc                 BCR 0x3, 0x6
000005be ff37                 MOVAR 0x48
000005bf fd36                 CLRR 0x49
000005c0                      number.o:_00200_DS_:
000005c0 def8                 MOVIA 0x7
000005c1 e0fc                 BCR 0x3, 0x6
000005c2 fbb6                 SUBAR 0x49, 0x0
000005c3 f3fc                 BTRSC 0x3, 0x0
000005c4 c225                 LGOTO 0x5da; number.o:_00202_DS_=0x5da
000005c5 feb7                 MOVR 0x48, 0x0
000005c6 ff35                 MOVAR 0x4a
000005c7 feb6                 MOVR 0x49, 0x0
000005c8 d8ff                 SUBIA 0x0
000005c9 f2fc                 BTRSC 0x3, 0x2
000005ca c22f                 LGOTO 0x5d0; number.o:_00216_DS_=0x5d0
000005cb                      number.o:_00215_DS_:
000005cb e0fc                 BCR 0x3, 0x6
000005cc ec35                 RRR 0x4a, 0x1
000005cd dafe                 ADDIA 0x1
000005ce f7fc                 BTRSS 0x3, 0x0
000005cf c234                 LGOTO 0x5cb; number.o:_00215_DS_=0x5cb
000005d0                      number.o:_00216_DS_:
000005d0 e0fc                 BCR 0x3, 0x6
000005d1 f7b5                 BTRSS 0x4a, 0x0
000005d2 c229                 LGOTO 0x5d6; number.o:_00196_DS_=0x5d6
000005d3 feb6                 MOVR 0x49, 0x0
000005d4 d264                 LCALL 0x59b; _showNubBaiwei2=0x59b
000005d5 c228                 LGOTO 0x5d7; number.o:_00201_DS_=0x5d7
000005d6                      number.o:_00196_DS_:
000005d6 d382                 LCALL 0x47d; _setInput=0x47d
000005d7                      number.o:_00201_DS_:
000005d7 e0fc                 BCR 0x3, 0x6
000005d8 fa36                 INCR 0x49, 0x1
000005d9 c23f                 LGOTO 0x5c0; number.o:_00200_DS_=0x5c0
000005da                      number.o:_00202_DS_:
000005da ffef                 RET
000005db                      _showNubGewei2:
000005db e0fc                 BCR 0x3, 0x6
000005dc ff40                 MOVAR 0x3f
000005dd def8                 MOVIA 0x7
000005de fbc0                 SUBAR 0x3f, 0x0
000005df f3fc                 BTRSC 0x3, 0x0
000005e0 c203                 LGOTO 0x5fc; number.o:_00184_DS_=0x5fc
000005e1 defa                 MOVIA 0x5
000005e2 ff75                 MOVAR 0xa
000005e3 fec0                 MOVR 0x3f, 0x0
000005e4 da17                 ADDIA 0xe8
000005e5 f3fc                 BTRSC 0x3, 0x0
000005e6 fa75                 INCR 0xa, 0x1
000005e7 ff7d                 MOVAR 0x2
000005e8                      number.o:_00190_DS_:
000005e8 c210                 LGOTO 0x5ef; number.o:_00176_DS_=0x5ef
000005e9 c20e                 LGOTO 0x5f1; number.o:_00177_DS_=0x5f1
000005ea c20c                 LGOTO 0x5f3; number.o:_00178_DS_=0x5f3
000005eb c20a                 LGOTO 0x5f5; number.o:_00179_DS_=0x5f5
000005ec c208                 LGOTO 0x5f7; number.o:_00180_DS_=0x5f7
000005ed c206                 LGOTO 0x5f9; number.o:_00181_DS_=0x5f9
000005ee c204                 LGOTO 0x5fb; number.o:_00182_DS_=0x5fb
000005ef                      number.o:_00176_DS_:
000005ef d2af                 LCALL 0x550; _A3=0x550
000005f0 c203                 LGOTO 0x5fc; number.o:_00184_DS_=0x5fc
000005f1                      number.o:_00177_DS_:
000005f1 d2b4                 LCALL 0x54b; _B3=0x54b
000005f2 c203                 LGOTO 0x5fc; number.o:_00184_DS_=0x5fc
000005f3                      number.o:_00178_DS_:
000005f3 d2b9                 LCALL 0x546; _C3=0x546
000005f4 c203                 LGOTO 0x5fc; number.o:_00184_DS_=0x5fc
000005f5                      number.o:_00179_DS_:
000005f5 d2be                 LCALL 0x541; _D3=0x541
000005f6 c203                 LGOTO 0x5fc; number.o:_00184_DS_=0x5fc
000005f7                      number.o:_00180_DS_:
000005f7 d2c3                 LCALL 0x53c; _E3=0x53c
000005f8 c203                 LGOTO 0x5fc; number.o:_00184_DS_=0x5fc
000005f9                      number.o:_00181_DS_:
000005f9 d2c8                 LCALL 0x537; _F3=0x537
000005fa c203                 LGOTO 0x5fc; number.o:_00184_DS_=0x5fc
000005fb                      number.o:_00182_DS_:
000005fb d2cd                 LCALL 0x532; _G3=0x532
000005fc                      number.o:_00184_DS_:
000005fc ffef                 RET
000005fd                      _showNubGewei:
000005fd e0fc                 BCR 0x3, 0x6
000005fe ff43                 MOVAR 0x3c
000005ff fd42                 CLRR 0x3d
00000600                      number.o:_00155_DS_:
00000600 def8                 MOVIA 0x7
00000601 e0fc                 BCR 0x3, 0x6
00000602 fbc2                 SUBAR 0x3d, 0x0
00000603 f3fc                 BTRSC 0x3, 0x0
00000604 c1e5                 LGOTO 0x61a; number.o:_00157_DS_=0x61a
00000605 fec3                 MOVR 0x3c, 0x0
00000606 ff41                 MOVAR 0x3e
00000607 fec2                 MOVR 0x3d, 0x0
00000608 d8ff                 SUBIA 0x0
00000609 f2fc                 BTRSC 0x3, 0x2
0000060a c1ef                 LGOTO 0x610; number.o:_00171_DS_=0x610
0000060b                      number.o:_00170_DS_:
0000060b e0fc                 BCR 0x3, 0x6
0000060c ec41                 RRR 0x3e, 0x1
0000060d dafe                 ADDIA 0x1
0000060e f7fc                 BTRSS 0x3, 0x0
0000060f c1f4                 LGOTO 0x60b; number.o:_00170_DS_=0x60b
00000610                      number.o:_00171_DS_:
00000610 e0fc                 BCR 0x3, 0x6
00000611 f7c1                 BTRSS 0x3e, 0x0
00000612 c1e9                 LGOTO 0x616; number.o:_00151_DS_=0x616
00000613 fec2                 MOVR 0x3d, 0x0
00000614 d224                 LCALL 0x5db; _showNubGewei2=0x5db
00000615 c1e8                 LGOTO 0x617; number.o:_00156_DS_=0x617
00000616                      number.o:_00151_DS_:
00000616 d382                 LCALL 0x47d; _setInput=0x47d
00000617                      number.o:_00156_DS_:
00000617 e0fc                 BCR 0x3, 0x6
00000618 fa42                 INCR 0x3d, 0x1
00000619 c1ff                 LGOTO 0x600; number.o:_00155_DS_=0x600
0000061a                      number.o:_00157_DS_:
0000061a ffef                 RET
0000061b                      _showNubShiwei2:
0000061b e0fc                 BCR 0x3, 0x6
0000061c ff44                 MOVAR 0x3b
0000061d def8                 MOVIA 0x7
0000061e fbc4                 SUBAR 0x3b, 0x0
0000061f f3fc                 BTRSC 0x3, 0x0
00000620 c1c3                 LGOTO 0x63c; number.o:_00139_DS_=0x63c
00000621 def9                 MOVIA 0x6
00000622 ff75                 MOVAR 0xa
00000623 fec4                 MOVR 0x3b, 0x0
00000624 dad7                 ADDIA 0x28
00000625 f3fc                 BTRSC 0x3, 0x0
00000626 fa75                 INCR 0xa, 0x1
00000627 ff7d                 MOVAR 0x2
00000628                      number.o:_00145_DS_:
00000628 c1d0                 LGOTO 0x62f; number.o:_00131_DS_=0x62f
00000629 c1ce                 LGOTO 0x631; number.o:_00132_DS_=0x631
0000062a c1cc                 LGOTO 0x633; number.o:_00133_DS_=0x633
0000062b c1ca                 LGOTO 0x635; number.o:_00134_DS_=0x635
0000062c c1c8                 LGOTO 0x637; number.o:_00135_DS_=0x637
0000062d c1c6                 LGOTO 0x639; number.o:_00136_DS_=0x639
0000062e c1c4                 LGOTO 0x63b; number.o:_00137_DS_=0x63b
0000062f                      number.o:_00131_DS_:
0000062f d28c                 LCALL 0x573; _A2=0x573
00000630 c1c3                 LGOTO 0x63c; number.o:_00139_DS_=0x63c
00000631                      number.o:_00132_DS_:
00000631 d291                 LCALL 0x56e; _B2=0x56e
00000632 c1c3                 LGOTO 0x63c; number.o:_00139_DS_=0x63c
00000633                      number.o:_00133_DS_:
00000633 d296                 LCALL 0x569; _C2=0x569
00000634 c1c3                 LGOTO 0x63c; number.o:_00139_DS_=0x63c
00000635                      number.o:_00134_DS_:
00000635 d29b                 LCALL 0x564; _D2=0x564
00000636 c1c3                 LGOTO 0x63c; number.o:_00139_DS_=0x63c
00000637                      number.o:_00135_DS_:
00000637 d2a0                 LCALL 0x55f; _E2=0x55f
00000638 c1c3                 LGOTO 0x63c; number.o:_00139_DS_=0x63c
00000639                      number.o:_00136_DS_:
00000639 d2a5                 LCALL 0x55a; _F2=0x55a
0000063a c1c3                 LGOTO 0x63c; number.o:_00139_DS_=0x63c
0000063b                      number.o:_00137_DS_:
0000063b d2aa                 LCALL 0x555; _G2=0x555
0000063c                      number.o:_00139_DS_:
0000063c ffef                 RET
0000063d                      _showNubShiwei:
0000063d e0fc                 BCR 0x3, 0x6
0000063e ff47                 MOVAR 0x38
0000063f fd46                 CLRR 0x39
00000640                      number.o:_00110_DS_:
00000640 def8                 MOVIA 0x7
00000641 e0fc                 BCR 0x3, 0x6
00000642 fbc6                 SUBAR 0x39, 0x0
00000643 f3fc                 BTRSC 0x3, 0x0
00000644 c1a5                 LGOTO 0x65a; number.o:_00112_DS_=0x65a
00000645 fec7                 MOVR 0x38, 0x0
00000646 ff45                 MOVAR 0x3a
00000647 fec6                 MOVR 0x39, 0x0
00000648 d8ff                 SUBIA 0x0
00000649 f2fc                 BTRSC 0x3, 0x2
0000064a c1af                 LGOTO 0x650; number.o:_00126_DS_=0x650
0000064b                      number.o:_00125_DS_:
0000064b e0fc                 BCR 0x3, 0x6
0000064c ec45                 RRR 0x3a, 0x1
0000064d dafe                 ADDIA 0x1
0000064e f7fc                 BTRSS 0x3, 0x0
0000064f c1b4                 LGOTO 0x64b; number.o:_00125_DS_=0x64b
00000650                      number.o:_00126_DS_:
00000650 e0fc                 BCR 0x3, 0x6
00000651 f7c5                 BTRSS 0x3a, 0x0
00000652 c1a9                 LGOTO 0x656; number.o:_00106_DS_=0x656
00000653 fec6                 MOVR 0x39, 0x0
00000654 d1e4                 LCALL 0x61b; _showNubShiwei2=0x61b
00000655 c1a8                 LGOTO 0x657; number.o:_00111_DS_=0x657
00000656                      number.o:_00106_DS_:
00000656 d382                 LCALL 0x47d; _setInput=0x47d
00000657                      number.o:_00111_DS_:
00000657 e0fc                 BCR 0x3, 0x6
00000658 fa46                 INCR 0x39, 0x1
00000659 c1bf                 LGOTO 0x640; number.o:_00110_DS_=0x640
0000065a                      number.o:_00112_DS_:
0000065a ffef                 RET
0000065b                      __divuchar:
0000065b e0fc                 BCR 0x3, 0x6
0000065c ff2b                 MOVAR 0x54
0000065d feb8                 MOVR 0x47, 0x0
0000065e ff2a                 MOVAR 0x55
0000065f fd29                 CLRR 0x56
00000660 defe                 MOVIA 0x1
00000661 ff28                 MOVAR 0x57
00000662 feaa                 MOVR 0x55, 0x0
00000663 f6fc                 BTRSS 0x3, 0x2
00000664 c198                 LGOTO 0x667; _divuchar.o:_00107_DS_=0x667
00000665 de00                 MOVIA 0xff
00000666 c17c                 LGOTO 0x683; _divuchar.o:_00115_DS_=0x683
00000667                      _divuchar.o:_00107_DS_:
00000667 e0fc                 BCR 0x3, 0x6
00000668 f02a                 BTRSC 0x55, 0x7
00000669 c190                 LGOTO 0x66f; _divuchar.o:_00112_DS_=0x66f
0000066a e3fc                 BCR 0x3, 0x0
0000066b eb2a                 RLR 0x55, 0x1
0000066c e3fc                 BCR 0x3, 0x0
0000066d eb28                 RLR 0x57, 0x1
0000066e c198                 LGOTO 0x667; _divuchar.o:_00107_DS_=0x667
0000066f                      _divuchar.o:_00112_DS_:
0000066f e0fc                 BCR 0x3, 0x6
00000670 fea8                 MOVR 0x57, 0x0
00000671 f2fc                 BTRSC 0x3, 0x2
00000672 c17e                 LGOTO 0x681; _divuchar.o:_00114_DS_=0x681
00000673 feaa                 MOVR 0x55, 0x0
00000674 fbab                 SUBAR 0x54, 0x0
00000675 f7fc                 BTRSS 0x3, 0x0
00000676 c184                 LGOTO 0x67b; _divuchar.o:_00111_DS_=0x67b
00000677 fea8                 MOVR 0x57, 0x0
00000678 fc29                 ADDAR 0x56, 0x1
00000679 feaa                 MOVR 0x55, 0x0
0000067a fb2b                 SUBAR 0x54, 0x1
0000067b                      _divuchar.o:_00111_DS_:
0000067b e3fc                 BCR 0x3, 0x0
0000067c e0fc                 BCR 0x3, 0x6
0000067d ec2a                 RRR 0x55, 0x1
0000067e e3fc                 BCR 0x3, 0x0
0000067f ec28                 RRR 0x57, 0x1
00000680 c190                 LGOTO 0x66f; _divuchar.o:_00112_DS_=0x66f
00000681                      _divuchar.o:_00114_DS_:
00000681 e0fc                 BCR 0x3, 0x6
00000682 fea9                 MOVR 0x56, 0x0
00000683                      _divuchar.o:_00115_DS_:
00000683 ffef                 RET
00000684                      __moduchar:
00000684 e0fc                 BCR 0x3, 0x6
00000685 ff27                 MOVAR 0x58
00000686 feb8                 MOVR 0x47, 0x0
00000687 ff26                 MOVAR 0x59
00000688 f6fc                 BTRSS 0x3, 0x2
00000689 c173                 LGOTO 0x68c; _moduchar.o:_00119_DS_=0x68c
0000068a de00                 MOVIA 0xff
0000068b c158                 LGOTO 0x6a7; _moduchar.o:_00115_DS_=0x6a7
0000068c                      _moduchar.o:_00119_DS_:
0000068c defe                 MOVIA 0x1
0000068d e0fc                 BCR 0x3, 0x6
0000068e ff25                 MOVAR 0x5a
0000068f                      _moduchar.o:_00107_DS_:
0000068f e0fc                 BCR 0x3, 0x6
00000690 f026                 BTRSC 0x59, 0x7
00000691 c169                 LGOTO 0x696; _moduchar.o:_00112_DS_=0x696
00000692 e3fc                 BCR 0x3, 0x0
00000693 eb26                 RLR 0x59, 0x1
00000694 fa25                 INCR 0x5a, 0x1
00000695 c170                 LGOTO 0x68f; _moduchar.o:_00107_DS_=0x68f
00000696                      _moduchar.o:_00112_DS_:
00000696 e0fc                 BCR 0x3, 0x6
00000697 fea5                 MOVR 0x5a, 0x0
00000698 f2fc                 BTRSC 0x3, 0x2
00000699 c15a                 LGOTO 0x6a5; _moduchar.o:_00114_DS_=0x6a5
0000069a fea6                 MOVR 0x59, 0x0
0000069b fba7                 SUBAR 0x58, 0x0
0000069c f7fc                 BTRSS 0x3, 0x0
0000069d c15f                 LGOTO 0x6a0; _moduchar.o:_00111_DS_=0x6a0
0000069e fea6                 MOVR 0x59, 0x0
0000069f fb27                 SUBAR 0x58, 0x1
000006a0                      _moduchar.o:_00111_DS_:
000006a0 e3fc                 BCR 0x3, 0x0
000006a1 e0fc                 BCR 0x3, 0x6
000006a2 ec26                 RRR 0x59, 0x1
000006a3 f925                 DECR 0x5a, 0x1
000006a4 c169                 LGOTO 0x696; _moduchar.o:_00112_DS_=0x696
000006a5                      _moduchar.o:_00114_DS_:
000006a5 e0fc                 BCR 0x3, 0x6
000006a6 fea7                 MOVR 0x58, 0x0
000006a7                      _moduchar.o:_00115_DS_:
000006a7 ffef                 RET
000006a8                      __moduint:
000006a8 e0fc                 BCR 0x3, 0x6
000006a9 ff23                 MOVAR 0x5c
000006aa feb8                 MOVR 0x47, 0x0
000006ab ff24                 MOVAR 0x5b
000006ac feb9                 MOVR 0x46, 0x0
000006ad ff21                 MOVAR 0x5e
000006ae feba                 MOVR 0x45, 0x0
000006af ff22                 MOVAR 0x5d
000006b0 eea1                 IORAR 0x5e, 0x0
000006b1 f6fc                 BTRSS 0x3, 0x2
000006b2 c149                 LGOTO 0x6b6; _moduint.o:_00119_DS_=0x6b6
000006b3 de00                 MOVIA 0xff
000006b4 ff38                 MOVAR 0x47
000006b5 c11f                 LGOTO 0x6e0; _moduint.o:_00115_DS_=0x6e0
000006b6                      _moduint.o:_00119_DS_:
000006b6 defe                 MOVIA 0x1
000006b7 e0fc                 BCR 0x3, 0x6
000006b8 ff20                 MOVAR 0x5f
000006b9                      _moduint.o:_00107_DS_:
000006b9 e0fc                 BCR 0x3, 0x6
000006ba f021                 BTRSC 0x5e, 0x7
000006bb c13e                 LGOTO 0x6c1; _moduint.o:_00112_DS_=0x6c1
000006bc e3fc                 BCR 0x3, 0x0
000006bd eb22                 RLR 0x5d, 0x1
000006be eb21                 RLR 0x5e, 0x1
000006bf fa20                 INCR 0x5f, 0x1
000006c0 c146                 LGOTO 0x6b9; _moduint.o:_00107_DS_=0x6b9
000006c1                      _moduint.o:_00112_DS_:
000006c1 e0fc                 BCR 0x3, 0x6
000006c2 fea0                 MOVR 0x5f, 0x0
000006c3 f2fc                 BTRSC 0x3, 0x2
000006c4 c123                 LGOTO 0x6dc; _moduint.o:_00114_DS_=0x6dc
000006c5 fea1                 MOVR 0x5e, 0x0
000006c6 fba3                 SUBAR 0x5c, 0x0
000006c7 f6fc                 BTRSS 0x3, 0x2
000006c8 c134                 LGOTO 0x6cb; _moduint.o:_00137_DS_=0x6cb
000006c9 fea2                 MOVR 0x5d, 0x0
000006ca fba4                 SUBAR 0x5b, 0x0
000006cb                      _moduint.o:_00137_DS_:
000006cb f7fc                 BTRSS 0x3, 0x0
000006cc c129                 LGOTO 0x6d6; _moduint.o:_00001_DS_=0x6d6
000006cd e0fc                 BCR 0x3, 0x6
000006ce fea2                 MOVR 0x5d, 0x0
000006cf fb24                 SUBAR 0x5b, 0x1
000006d0 fea1                 MOVR 0x5e, 0x0
000006d1 f7fc                 BTRSS 0x3, 0x0
000006d2 faa1                 INCR 0x5e, 0x0
000006d3 f2fc                 BTRSC 0x3, 0x2
000006d4 c129                 LGOTO 0x6d6; _moduint.o:_00001_DS_=0x6d6
000006d5 fb23                 SUBAR 0x5c, 0x1
000006d6                      _moduint.o:_00001_DS_:
000006d6 e3fc                 BCR 0x3, 0x0
000006d7 e0fc                 BCR 0x3, 0x6
000006d8 ec21                 RRR 0x5e, 0x1
000006d9 ec22                 RRR 0x5d, 0x1
000006da f920                 DECR 0x5f, 0x1
000006db c13e                 LGOTO 0x6c1; _moduint.o:_00112_DS_=0x6c1
000006dc                      _moduint.o:_00114_DS_:
000006dc e0fc                 BCR 0x3, 0x6
000006dd fea4                 MOVR 0x5b, 0x0
000006de ff38                 MOVAR 0x47
000006df fea3                 MOVR 0x5c, 0x0
000006e0                      _moduint.o:_00115_DS_:
000006e0 ffef                 RET
000006e1                      __gptrget:
000006e1 dbff                 XORIA 0x0
000006e2 f2fc                 BTRSC 0x3, 0x2
000006e3 c117                 LGOTO 0x6e8; _gptrget1.o:__dataptrget1=0x6e8
000006e4 db7f                 XORIA 0x80
000006e5 f2fc                 BTRSC 0x3, 0x2
000006e6 c110                 LGOTO 0x6ef; __codeptrget1=0x6ef
000006e7 dfff                 RETIA 0x0
000006e8                      _gptrget1.o:__dataptrget1:
000006e8 feb9                 MOVR 0x46, 0x0
000006e9 ff7b                 MOVAR 0x4
000006ea e0fc                 BCR 0x3, 0x6
000006eb f039                 BTRSC 0x46, 0x7
000006ec e4fc                 BSR 0x3, 0x6
000006ed feff                 MOVR 0x0, 0x0
000006ee ffef                 RET
000006ef                      __codeptrget1:
000006ef feb8                 MOVR 0x47, 0x0
000006f0 ffb8                 SFUN 0x7
000006f1 feb9                 MOVR 0x46, 0x0
000006f2 fdee                 TABLEA
000006f3 ffef                 RET
000006f4                      ___cinit_load__:
