
                    Nyquest Technology Co., Ltd.

NYASM 2.28

    ADDR  OPCODE/VALUE              LINE   TAG  SOURCE                   STATEMENT    

                                    1-    1     	list c=on
                                    1-    2     	extern ___rolling_code_addr
                                    1-    4     	org 0x0e
     000E                           1-    5     ___rolling_code_addr:
     000E 0000                      1-    6     		nop				; fill nop allow rolling code
     000F 0000                      1-    7     		nop
                                    1-    9     	end

SYMBOL TABLE            TYPE     VALUE
__PIN_COUNT__           Constant 0000000E
__PROCESSOR__           Constant 00810623
ENABLE_RAM_BANK         Constant 00000001


SOURCE FILE TABLE
001 rom.s

PROCESSOR    = NY8B062D (8 bits)
PROGRAM ROM  = 0x00000000 - 0x000007FF
DATA ROM     = 0x00000000 - 0x000007FF
RESERVED MEM = 0x00000800 - 0x00000810
SRAM / SFR   = 0x00000000 - 0x00000000
