00000000 c7fe                 LGOTO 0x1; __nyc_ny8_startup=0x1
00000001                      __nyc_ny8_startup:
00000001 d1d7                 LCALL 0x628; ___cinit_load__=0x628
00000002 c79a                 LGOTO 0x65; _main=0x65
00000003                      main.o:_00807_DS_:
00000003 f56f                 BTRSS 0x10, 0x5
00000004 c7fc                 LGOTO 0x3; main.o:_00807_DS_=0x3
00000005 ffef                 RET
00000008 c7f6                 LGOTO 0x9; main.o:__sdcc_interrupt=0x9
00000009                      main.o:__sdcc_interrupt:
00000009 ff3d                 MOVAR 0x42
0000000a eafc                 SWAPR 0x3, 0x0
0000000b fd7c                 CLRR 0x3
0000000c ff3e                 MOVAR 0x41
0000000d fef5                 MOVR 0xa, 0x0
0000000e fd75                 CLRR 0xa
0000000f ff3f                 MOVAR 0x40
00000010 fefb                 MOVR 0x4, 0x0
00000011 e0fc                 BCR 0x3, 0x6
00000012 ff26                 MOVAR 0x59
00000013 feb8                 MOVR 0x47, 0x0
00000014 ff25                 MOVAR 0x5a
00000015 feb9                 MOVR 0x46, 0x0
00000016 ff24                 MOVAR 0x5b
00000017 f7f0                 BTRSS 0xf, 0x0
00000018 c7ae                 LGOTO 0x51; main.o:_00126_DS_=0x51
00000019 dec8                 MOVIA 0x37
0000001a fc7e                 ADDAR 0x1, 0x1
0000001b fa22                 INCR 0x5d, 0x1
0000001c de9b                 MOVIA 0x64
0000001d fba2                 SUBAR 0x5d, 0x0
0000001e f7fc                 BTRSS 0x3, 0x0
0000001f c7ae                 LGOTO 0x51; main.o:_00126_DS_=0x51
00000020 e7a3                 BSR 0x5c, 0x0
00000021 fd22                 CLRR 0x5d
00000022 fa21                 INCR 0x5e, 0x1
00000023 ded7                 MOVIA 0x28
00000024 fba1                 SUBAR 0x5e, 0x0
00000025 f3fc                 BTRSC 0x3, 0x0
00000026 fd21                 CLRR 0x5e
00000027 fa17                 INCR 0x68, 0x1
00000028 deeb                 MOVIA 0x14
00000029 fb97                 SUBAR 0x68, 0x0
0000002a f7fc                 BTRSS 0x3, 0x0
0000002b c7cf                 LGOTO 0x30; main.o:_00110_DS_=0x30
0000002c fd17                 CLRR 0x68
0000002d fe85                 MOVR 0x7a, 0x0
0000002e f6fc                 BTRSS 0x3, 0x2
0000002f f905                 DECR 0x7a, 0x1
00000030                      main.o:_00110_DS_:
00000030 e0fc                 BCR 0x3, 0x6
00000031 fa16                 INCR 0x69, 0x1
00000032 de9b                 MOVIA 0x64
00000033 fb96                 SUBAR 0x69, 0x0
00000034 f7fc                 BTRSS 0x3, 0x0
00000035 c7ae                 LGOTO 0x51; main.o:_00126_DS_=0x51
00000036 fd16                 CLRR 0x69
00000037 f623                 BTRSS 0x5c, 0x3
00000038 c7bf                 LGOTO 0x40; main.o:_00112_DS_=0x40
00000039 fe9c                 MOVR 0x63, 0x0
0000003a dbf9                 XORIA 0x6
0000003b f6fc                 BTRSS 0x3, 0x2
0000003c c7bf                 LGOTO 0x40; main.o:_00112_DS_=0x40
0000003d fa1b                 INCR 0x64, 0x1
0000003e f2fc                 BTRSC 0x3, 0x2
0000003f fa1a                 INCR 0x65, 0x1
00000040                      main.o:_00112_DS_:
00000040 e0fc                 BCR 0x3, 0x6
00000041 fe91                 MOVR 0x6e, 0x0
00000042 f6fc                 BTRSS 0x3, 0x2
00000043 f911                 DECR 0x6e, 0x1
00000044 fe8d                 MOVR 0x72, 0x0
00000045 f6fc                 BTRSS 0x3, 0x2
00000046 f90d                 DECR 0x72, 0x1
00000047 fe9f                 MOVR 0x60, 0x0
00000048 f2fc                 BTRSC 0x3, 0x2
00000049 c7b1                 LGOTO 0x4e; main.o:_00119_DS_=0x4e
0000004a fa15                 INCR 0x6a, 0x1
0000004b f2fc                 BTRSC 0x3, 0x2
0000004c fa14                 INCR 0x6b, 0x1
0000004d c7ae                 LGOTO 0x51; main.o:_00126_DS_=0x51
0000004e                      main.o:_00119_DS_:
0000004e e0fc                 BCR 0x3, 0x6
0000004f fd15                 CLRR 0x6a
00000050 fd14                 CLRR 0x6b
00000051                      main.o:_00126_DS_:
00000051 f770                 BTRSS 0xf, 0x1
00000052 c7aa                 LGOTO 0x55; main.o:_00128_DS_=0x55
00000053 de02                 MOVIA 0xfd
00000054 ff70                 MOVAR 0xf
00000055                      main.o:_00128_DS_:
00000055 fd70                 CLRR 0xf
00000056 e0fc                 BCR 0x3, 0x6
00000057 fea4                 MOVR 0x5b, 0x0
00000058 ff39                 MOVAR 0x46
00000059 fea5                 MOVR 0x5a, 0x0
0000005a ff38                 MOVAR 0x47
0000005b fea6                 MOVR 0x59, 0x0
0000005c ff7b                 MOVAR 0x4
0000005d febf                 MOVR 0x40, 0x0
0000005e ff75                 MOVAR 0xa
0000005f fd7c                 CLRR 0x3
00000060 eabe                 SWAPR 0x41, 0x0
00000061 ff7c                 MOVAR 0x3
00000062 ea3d                 SWAPR 0x42, 0x1
00000063 eabd                 SWAPR 0x42, 0x0
00000064                      main.o:END_OF_INTERRUPT:
00000064 ffee                 RETIE
00000065                      _main:
00000065 d2da                 LCALL 0x525; _initSys=0x525
00000066 d513                 LCALL 0x2ec; _initAD=0x2ec
00000067                      main.o:_00175_DS_:
00000067 fffd                 CLRWDT
00000068 d32d                 LCALL 0x4d2; _ledShow=0x4d2
00000069 e0fc                 BCR 0x3, 0x6
0000006a fe9f                 MOVR 0x60, 0x0
0000006b f2fc                 BTRSC 0x3, 0x2
0000006c c77e                 LGOTO 0x81; main.o:_00139_DS_=0x81
0000006d ded2                 MOVIA 0x2d
0000006e fb8b                 SUBAR 0x74, 0x0
0000006f f7fc                 BTRSS 0x3, 0x0
00000070 c77e                 LGOTO 0x81; main.o:_00139_DS_=0x81
00000071 fe89                 MOVR 0x76, 0x0
00000072 fb8b                 SUBAR 0x74, 0x0
00000073 f3fc                 BTRSC 0x3, 0x0
00000074 c786                 LGOTO 0x79; main.o:_00136_DS_=0x79
00000075 f909                 DECR 0x76, 0x1
00000076 fe89                 MOVR 0x76, 0x0
00000077 ffb3                 SFUN 0xc
00000078 c77e                 LGOTO 0x81; main.o:_00139_DS_=0x81
00000079                      main.o:_00136_DS_:
00000079 e0fc                 BCR 0x3, 0x6
0000007a fe8b                 MOVR 0x74, 0x0
0000007b fb89                 SUBAR 0x76, 0x0
0000007c f3fc                 BTRSC 0x3, 0x0
0000007d c77e                 LGOTO 0x81; main.o:_00139_DS_=0x81
0000007e fa09                 INCR 0x76, 0x1
0000007f fe89                 MOVR 0x76, 0x0
00000080 ffb3                 SFUN 0xc
00000081                      main.o:_00139_DS_:
00000081 e0fc                 BCR 0x3, 0x6
00000082 fe9f                 MOVR 0x60, 0x0
00000083 f2fc                 BTRSC 0x3, 0x2
00000084 c771                 LGOTO 0x8e; main.o:_00142_DS_=0x8e
00000085 fe90                 MOVR 0x6f, 0x0
00000086 fb9d                 SUBAR 0x62, 0x0
00000087 f3fc                 BTRSC 0x3, 0x0
00000088 c771                 LGOTO 0x8e; main.o:_00142_DS_=0x8e
00000089 f910                 DECR 0x6f, 0x1
0000008a fe90                 MOVR 0x6f, 0x0
0000008b ffb3                 SFUN 0xc
0000008c fe90                 MOVR 0x6f, 0x0
0000008d ff09                 MOVAR 0x76
0000008e                      main.o:_00142_DS_:
0000008e e0fc                 BCR 0x3, 0x6
0000008f f7a3                 BTRSS 0x5c, 0x0
00000090 c798                 LGOTO 0x67; main.o:_00175_DS_=0x67
00000091 e3a3                 BCR 0x5c, 0x0
00000092 fe8d                 MOVR 0x72, 0x0
00000093 f6fc                 BTRSS 0x3, 0x2
00000094 c752                 LGOTO 0xad; main.o:_00149_DS_=0xad
00000095 fe9c                 MOVR 0x63, 0x0
00000096 f6fc                 BTRSS 0x3, 0x2
00000097 c752                 LGOTO 0xad; main.o:_00149_DS_=0xad
00000098 fe9f                 MOVR 0x60, 0x0
00000099 f2fc                 BTRSC 0x3, 0x2
0000009a c752                 LGOTO 0xad; main.o:_00149_DS_=0xad
0000009b fa03                 INCR 0x7c, 0x1
0000009c f2fc                 BTRSC 0x3, 0x2
0000009d fa02                 INCR 0x7d, 0x1
0000009e defc                 MOVIA 0x3
0000009f fb82                 SUBAR 0x7d, 0x0
000000a0 f6fc                 BTRSS 0x3, 0x2
000000a1 c75b                 LGOTO 0xa4; main.o:_00258_DS_=0xa4
000000a2 de17                 MOVIA 0xe8
000000a3 fb83                 SUBAR 0x7c, 0x0
000000a4                      main.o:_00258_DS_:
000000a4 f7fc                 BTRSS 0x3, 0x0
000000a5 c74f                 LGOTO 0xb0; main.o:_00150_DS_=0xb0
000000a6 e0fc                 BCR 0x3, 0x6
000000a7 fd03                 CLRR 0x7c
000000a8 fd02                 CLRR 0x7d
000000a9 fd1f                 CLRR 0x60
000000aa fd1e                 CLRR 0x61
000000ab d3bc                 LCALL 0x443; _pwmStop=0x443
000000ac c74f                 LGOTO 0xb0; main.o:_00150_DS_=0xb0
000000ad                      main.o:_00149_DS_:
000000ad e0fc                 BCR 0x3, 0x6
000000ae fd03                 CLRR 0x7c
000000af fd02                 CLRR 0x7d
000000b0                      main.o:_00150_DS_:
000000b0 defa                 MOVIA 0x5
000000b1 e0fc                 BCR 0x3, 0x6
000000b2 fb92                 SUBAR 0x6d, 0x0
000000b3 f7fc                 BTRSS 0x3, 0x0
000000b4 c734                 LGOTO 0xcb; main.o:_00156_DS_=0xcb
000000b5 fe9f                 MOVR 0x60, 0x0
000000b6 f2fc                 BTRSC 0x3, 0x2
000000b7 c734                 LGOTO 0xcb; main.o:_00156_DS_=0xcb
000000b8 fa07                 INCR 0x78, 0x1
000000b9 f2fc                 BTRSC 0x3, 0x2
000000ba fa06                 INCR 0x79, 0x1
000000bb defe                 MOVIA 0x1
000000bc fb86                 SUBAR 0x79, 0x0
000000bd f6fc                 BTRSS 0x3, 0x2
000000be c73e                 LGOTO 0xc1; main.o:_00260_DS_=0xc1
000000bf de0a                 MOVIA 0xf5
000000c0 fb87                 SUBAR 0x78, 0x0
000000c1                      main.o:_00260_DS_:
000000c1 f7fc                 BTRSS 0x3, 0x0
000000c2 c731                 LGOTO 0xce; main.o:_00157_DS_=0xce
000000c3 e0fc                 BCR 0x3, 0x6
000000c4 fd12                 CLRR 0x6d
000000c5 fd07                 CLRR 0x78
000000c6 fd06                 CLRR 0x79
000000c7 dee6                 MOVIA 0x19
000000c8 ff05                 MOVAR 0x7a
000000c9 d2bd                 LCALL 0x542; _powerOff=0x542
000000ca c731                 LGOTO 0xce; main.o:_00157_DS_=0xce
000000cb                      main.o:_00156_DS_:
000000cb e0fc                 BCR 0x3, 0x6
000000cc fd07                 CLRR 0x78
000000cd fd06                 CLRR 0x79
000000ce                      main.o:_00157_DS_:
000000ce e0fc                 BCR 0x3, 0x6
000000cf f623                 BTRSS 0x5c, 0x3
000000d0 d2b9                 LCALL 0x546; _keyCtr=0x546
000000d1                      main.o:_00160_DS_:
000000d1 defc                 MOVIA 0x3
000000d2 e0fc                 BCR 0x3, 0x6
000000d3 fb97                 SUBAR 0x68, 0x0
000000d4 f7fc                 BTRSS 0x3, 0x0
000000d5 d5c3                 LCALL 0x23c; _checkBatAD=0x23c
000000d6 d6af                 LCALL 0x150; _checkOutA=0x150
000000d7 d4fc                 LCALL 0x303; _chrgCtr=0x303
000000d8 e0fc                 BCR 0x3, 0x6
000000d9 fe9f                 MOVR 0x60, 0x0
000000da f6fc                 BTRSS 0x3, 0x2
000000db c709                 LGOTO 0xf6; main.o:_00166_DS_=0xf6
000000dc fea0                 MOVR 0x5f, 0x0
000000dd f6fc                 BTRSS 0x3, 0x2
000000de c709                 LGOTO 0xf6; main.o:_00166_DS_=0xf6
000000df f27a                 BTRSC 0x5, 0x3
000000e0 c709                 LGOTO 0xf6; main.o:_00166_DS_=0xf6
000000e1 fe91                 MOVR 0x6e, 0x0
000000e2 f6fc                 BTRSS 0x3, 0x2
000000e3 c709                 LGOTO 0xf6; main.o:_00166_DS_=0xf6
000000e4 fe85                 MOVR 0x7a, 0x0
000000e5 f6fc                 BTRSS 0x3, 0x2
000000e6 c709                 LGOTO 0xf6; main.o:_00166_DS_=0xf6
000000e7 fe8d                 MOVR 0x72, 0x0
000000e8 f6fc                 BTRSS 0x3, 0x2
000000e9 c709                 LGOTO 0xf6; main.o:_00166_DS_=0xf6
000000ea fa19                 INCR 0x66, 0x1
000000eb f2fc                 BTRSC 0x3, 0x2
000000ec fa18                 INCR 0x67, 0x1
000000ed deff                 MOVIA 0x0
000000ee fb98                 SUBAR 0x67, 0x0
000000ef f6fc                 BTRSS 0x3, 0x2
000000f0 c70c                 LGOTO 0xf3; main.o:_00262_DS_=0xf3
000000f1 deea                 MOVIA 0x15
000000f2 fb99                 SUBAR 0x66, 0x0
000000f3                      main.o:_00262_DS_:
000000f3 f7fc                 BTRSS 0x3, 0x0
000000f4 c709                 LGOTO 0xf6; main.o:_00166_DS_=0xf6
000000f5 d3e8                 LCALL 0x417; _gotoSleep=0x417
000000f6                      main.o:_00166_DS_:
000000f6 defc                 MOVIA 0x3
000000f7 e0fc                 BCR 0x3, 0x6
000000f8 fb94                 SUBAR 0x6b, 0x0
000000f9 f6fc                 BTRSS 0x3, 0x2
000000fa c702                 LGOTO 0xfd; main.o:_00263_DS_=0xfd
000000fb de7b                 MOVIA 0x84
000000fc fb95                 SUBAR 0x6a, 0x0
000000fd                      main.o:_00263_DS_:
000000fd f7fc                 BTRSS 0x3, 0x0
000000fe c798                 LGOTO 0x67; main.o:_00175_DS_=0x67
000000ff d2bd                 LCALL 0x542; _powerOff=0x542
00000100 c798                 LGOTO 0x67; main.o:_00175_DS_=0x67
00000101 ffef                 RET
00000102                      _F_AIN2_Convert:
00000102 e0fc                 BCR 0x3, 0x6
00000103 ff37                 MOVAR 0x48
00000104 fd5a                 CLRR 0x25
00000105 fd5c                 CLRR 0x23
00000106 fd5b                 CLRR 0x24
00000107 de6d                 MOVIA 0x92
00000108 ff6f                 MOVAR 0x10
00000109 de37                 MOVIA 0xc8
0000010a d508                 LCALL 0x2f7; _delay=0x2f7
0000010b defe                 MOVIA 0x1
0000010c e0fc                 BCR 0x3, 0x6
0000010d ff36                 MOVAR 0x49
0000010e                      main.o:_00800_DS_:
0000010e e0fc                 BCR 0x3, 0x6
0000010f feb6                 MOVR 0x49, 0x0
00000110 fbb7                 SUBAR 0x48, 0x0
00000111 f7fc                 BTRSS 0x3, 0x0
00000112 c6d7                 LGOTO 0x128; main.o:_00802_DS_=0x128
00000113 e4ef                 BSR 0x10, 0x6
00000114 d7fc                 LCALL 0x3; main.o:_00807_DS_=0x3
00000115 def0                 MOVIA 0xf
00000116 efee                 ANDAR 0x11, 0x0
00000117 e0fc                 BCR 0x3, 0x6
00000118 fc5a                 ADDAR 0x25, 0x1
00000119 feed                 MOVR 0x12, 0x0
0000011a ff35                 MOVAR 0x4a
0000011b deff                 MOVIA 0x0
0000011c ff34                 MOVAR 0x4b
0000011d feb5                 MOVR 0x4a, 0x0
0000011e fc5c                 ADDAR 0x23, 0x1
0000011f feb4                 MOVR 0x4b, 0x0
00000120 f3fc                 BTRSC 0x3, 0x0
00000121 fab4                 INCR 0x4b, 0x0
00000122 f2fc                 BTRSC 0x3, 0x2
00000123 c6da                 LGOTO 0x125; main.o:_00001_DS_=0x125
00000124 fc5b                 ADDAR 0x24, 0x1
00000125                      main.o:_00001_DS_:
00000125 e0fc                 BCR 0x3, 0x6
00000126 fa36                 INCR 0x49, 0x1
00000127 c6f1                 LGOTO 0x10e; main.o:_00800_DS_=0x10e
00000128                      main.o:_00802_DS_:
00000128 ffef                 RET
00000129                      _F_AIN4_Convert:
00000129 e0fc                 BCR 0x3, 0x6
0000012a ff43                 MOVAR 0x3c
0000012b fd5d                 CLRR 0x22
0000012c fd5f                 CLRR 0x20
0000012d fd5e                 CLRR 0x21
0000012e de6b                 MOVIA 0x94
0000012f ff6f                 MOVAR 0x10
00000130 de37                 MOVIA 0xc8
00000131 d508                 LCALL 0x2f7; _delay=0x2f7
00000132 defe                 MOVIA 0x1
00000133 e0fc                 BCR 0x3, 0x6
00000134 ff42                 MOVAR 0x3d
00000135                      main.o:_00791_DS_:
00000135 e0fc                 BCR 0x3, 0x6
00000136 fec2                 MOVR 0x3d, 0x0
00000137 fbc3                 SUBAR 0x3c, 0x0
00000138 f7fc                 BTRSS 0x3, 0x0
00000139 c6b0                 LGOTO 0x14f; main.o:_00793_DS_=0x14f
0000013a e4ef                 BSR 0x10, 0x6
0000013b d7fc                 LCALL 0x3; main.o:_00807_DS_=0x3
0000013c def0                 MOVIA 0xf
0000013d efee                 ANDAR 0x11, 0x0
0000013e e0fc                 BCR 0x3, 0x6
0000013f fc5d                 ADDAR 0x22, 0x1
00000140 feed                 MOVR 0x12, 0x0
00000141 ff41                 MOVAR 0x3e
00000142 deff                 MOVIA 0x0
00000143 ff40                 MOVAR 0x3f
00000144 fec1                 MOVR 0x3e, 0x0
00000145 fc5f                 ADDAR 0x20, 0x1
00000146 fec0                 MOVR 0x3f, 0x0
00000147 f3fc                 BTRSC 0x3, 0x0
00000148 fac0                 INCR 0x3f, 0x0
00000149 f2fc                 BTRSC 0x3, 0x2
0000014a c6b3                 LGOTO 0x14c; main.o:_00002_DS_=0x14c
0000014b fc5e                 ADDAR 0x21, 0x1
0000014c                      main.o:_00002_DS_:
0000014c e0fc                 BCR 0x3, 0x6
0000014d fa42                 INCR 0x3d, 0x1
0000014e c6ca                 LGOTO 0x135; main.o:_00791_DS_=0x135
0000014f                      main.o:_00793_DS_:
0000014f ffef                 RET
00000150                      _checkOutA:
00000150 e0fc                 BCR 0x3, 0x6
00000151 fd5d                 CLRR 0x22
00000152 fd5f                 CLRR 0x20
00000153 fd5e                 CLRR 0x21
00000154 def7                 MOVIA 0x8
00000155 d6d6                 LCALL 0x129; _F_AIN4_Convert=0x129
00000156 e0fc                 BCR 0x3, 0x6
00000157 eade                 SWAPR 0x21, 0x0
00000158 dd0f                 ANDIA 0xf0
00000159 ff5e                 MOVAR 0x21
0000015a eadf                 SWAPR 0x20, 0x0
0000015b ff5f                 MOVAR 0x20
0000015c ddf0                 ANDIA 0xf
0000015d ee5e                 IORAR 0x21, 0x1
0000015e ed5f                 XORAR 0x20, 0x1
0000015f de0f                 MOVIA 0xf0
00000160 ef5d                 ANDAR 0x22, 0x1
00000161 fedd                 MOVR 0x22, 0x0
00000162 ff45                 MOVAR 0x3a
00000163 ff47                 MOVAR 0x38
00000164 fd46                 CLRR 0x39
00000165 deff                 MOVIA 0x0
00000166 ff44                 MOVAR 0x3b
00000167 fec5                 MOVR 0x3a, 0x0
00000168 fc5f                 ADDAR 0x20, 0x1
00000169 fec4                 MOVR 0x3b, 0x0
0000016a f3fc                 BTRSC 0x3, 0x0
0000016b fac4                 INCR 0x3b, 0x0
0000016c f2fc                 BTRSC 0x3, 0x2
0000016d c690                 LGOTO 0x16f; main.o:_00003_DS_=0x16f
0000016e fc5e                 ADDAR 0x21, 0x1
0000016f                      main.o:_00003_DS_:
0000016f e3fc                 BCR 0x3, 0x0
00000170 e0fc                 BCR 0x3, 0x6
00000171 ec5e                 RRR 0x21, 0x1
00000172 ec5f                 RRR 0x20, 0x1
00000173 e3fc                 BCR 0x3, 0x0
00000174 ec5e                 RRR 0x21, 0x1
00000175 ec5f                 RRR 0x20, 0x1
00000176 e3fc                 BCR 0x3, 0x0
00000177 ec5e                 RRR 0x21, 0x1
00000178 ec5f                 RRR 0x20, 0x1
00000179 fedf                 MOVR 0x20, 0x0
0000017a e4fc                 BSR 0x3, 0x6
0000017b fc57                 ADDAR 0x28, 0x1
0000017c e0fc                 BCR 0x3, 0x6
0000017d fede                 MOVR 0x21, 0x0
0000017e f3fc                 BTRSC 0x3, 0x0
0000017f fade                 INCR 0x21, 0x0
00000180 f2fc                 BTRSC 0x3, 0x2
00000181 c67b                 LGOTO 0x184; main.o:_00004_DS_=0x184
00000182 e4fc                 BSR 0x3, 0x6
00000183 fc56                 ADDAR 0x29, 0x1
00000184                      main.o:_00004_DS_:
00000184 e4fc                 BSR 0x3, 0x6
00000185 fa55                 INCR 0x2a, 0x1
00000186 def5                 MOVIA 0xa
00000187 fbd5                 SUBAR 0x2a, 0x0
00000188 f7fc                 BTRSS 0x3, 0x0
00000189 c666                 LGOTO 0x199; main.o:_00677_DS_=0x199
0000018a fd55                 CLRR 0x2a
0000018b def5                 MOVIA 0xa
0000018c ff3a                 MOVAR 0x45
0000018d deff                 MOVIA 0x0
0000018e ff39                 MOVAR 0x46
0000018f fed7                 MOVR 0x28, 0x0
00000190 ff38                 MOVAR 0x47
00000191 fed6                 MOVR 0x29, 0x0
00000192 d221                 LCALL 0x5de; __divuint=0x5de
00000193 e4fc                 BSR 0x3, 0x6
00000194 ff53                 MOVAR 0x2c
00000195 feb8                 MOVR 0x47, 0x0
00000196 ff54                 MOVAR 0x2b
00000197 fd57                 CLRR 0x28
00000198 fd56                 CLRR 0x29
00000199                      main.o:_00677_DS_:
00000199 def9                 MOVIA 0x6
0000019a e0fc                 BCR 0x3, 0x6
0000019b fb9f                 SUBAR 0x60, 0x0
0000019c f3fc                 BTRSC 0x3, 0x0
0000019d c64f                 LGOTO 0x1b0; main.o:_00714_DS_=0x1b0
0000019e deff                 MOVIA 0x0
0000019f e4fc                 BSR 0x3, 0x6
000001a0 fbd3                 SUBAR 0x2c, 0x0
000001a1 f6fc                 BTRSS 0x3, 0x2
000001a2 c65a                 LGOTO 0x1a5; main.o:_00777_DS_=0x1a5
000001a3 de36                 MOVIA 0xc9
000001a4 fbd4                 SUBAR 0x2b, 0x0
000001a5                      main.o:_00777_DS_:
000001a5 f7fc                 BTRSS 0x3, 0x0
000001a6 c64f                 LGOTO 0x1b0; main.o:_00714_DS_=0x1b0
000001a7 e0fc                 BCR 0x3, 0x6
000001a8 fa12                 INCR 0x6d, 0x1
000001a9 def9                 MOVIA 0x6
000001aa fb92                 SUBAR 0x6d, 0x0
000001ab f7fc                 BTRSS 0x3, 0x0
000001ac c5cc                 LGOTO 0x233; main.o:_00715_DS_=0x233
000001ad defa                 MOVIA 0x5
000001ae ff12                 MOVAR 0x6d
000001af c5cc                 LGOTO 0x233; main.o:_00715_DS_=0x233
000001b0                      main.o:_00714_DS_:
000001b0 defe                 MOVIA 0x1
000001b1 e4fc                 BSR 0x3, 0x6
000001b2 fbd3                 SUBAR 0x2c, 0x0
000001b3 f6fc                 BTRSS 0x3, 0x2
000001b4 c648                 LGOTO 0x1b7; main.o:_00779_DS_=0x1b7
000001b5 de6e                 MOVIA 0x91
000001b6 fbd4                 SUBAR 0x2b, 0x0
000001b7                      main.o:_00779_DS_:
000001b7 f7fc                 BTRSS 0x3, 0x0
000001b8 c63d                 LGOTO 0x1c2; main.o:_00711_DS_=0x1c2
000001b9 e0fc                 BCR 0x3, 0x6
000001ba fa12                 INCR 0x6d, 0x1
000001bb def9                 MOVIA 0x6
000001bc fb92                 SUBAR 0x6d, 0x0
000001bd f7fc                 BTRSS 0x3, 0x0
000001be c5cc                 LGOTO 0x233; main.o:_00715_DS_=0x233
000001bf defa                 MOVIA 0x5
000001c0 ff12                 MOVAR 0x6d
000001c1 c5cc                 LGOTO 0x233; main.o:_00715_DS_=0x233
000001c2                      main.o:_00711_DS_:
000001c2 deff                 MOVIA 0x0
000001c3 e4fc                 BSR 0x3, 0x6
000001c4 fbd3                 SUBAR 0x2c, 0x0
000001c5 f6fc                 BTRSS 0x3, 0x2
000001c6 c636                 LGOTO 0x1c9; main.o:_00781_DS_=0x1c9
000001c7 de8b                 MOVIA 0x74
000001c8 fbd4                 SUBAR 0x2b, 0x0
000001c9                      main.o:_00781_DS_:
000001c9 f7fc                 BTRSS 0x3, 0x0
000001ca c626                 LGOTO 0x1d9; main.o:_00708_DS_=0x1d9
000001cb e0fc                 BCR 0x3, 0x6
000001cc fe92                 MOVR 0x6d, 0x0
000001cd f6fc                 BTRSS 0x3, 0x2
000001ce f912                 DECR 0x6d, 0x1
000001cf def9                 MOVIA 0x6
000001d0 ff38                 MOVAR 0x47
000001d1 fe9f                 MOVR 0x60, 0x0
000001d2 d23a                 LCALL 0x5c5; __mulchar=0x5c5
000001d3 e0fc                 BCR 0x3, 0x6
000001d4 ff47                 MOVAR 0x38
000001d5 dea1                 MOVIA 0x5e
000001d6 fcc7                 ADDAR 0x38, 0x0
000001d7 ff0b                 MOVAR 0x74
000001d8 c5cc                 LGOTO 0x233; main.o:_00715_DS_=0x233
000001d9                      main.o:_00708_DS_:
000001d9 de9b                 MOVIA 0x64
000001da e0fc                 BCR 0x3, 0x6
000001db ff47                 MOVAR 0x38
000001dc defb                 MOVIA 0x4
000001dd fb9c                 SUBAR 0x63, 0x0
000001de f7fc                 BTRSS 0x3, 0x0
000001df c61d                 LGOTO 0x1e2; main.o:_00685_DS_=0x1e2
000001e0 de96                 MOVIA 0x69
000001e1 ff47                 MOVAR 0x38
000001e2                      main.o:_00685_DS_:
000001e2 e0fc                 BCR 0x3, 0x6
000001e3 fe9f                 MOVR 0x60, 0x0
000001e4 dbfe                 XORIA 0x1
000001e5 f6fc                 BTRSS 0x3, 0x2
000001e6 c615                 LGOTO 0x1ea; main.o:_00698_DS_=0x1ea
000001e7 de0a                 MOVIA 0xf5
000001e8 fc47                 ADDAR 0x38, 0x1
000001e9 c5f6                 LGOTO 0x209; main.o:_00699_DS_=0x209
000001ea                      main.o:_00698_DS_:
000001ea e0fc                 BCR 0x3, 0x6
000001eb fe9f                 MOVR 0x60, 0x0
000001ec dbfd                 XORIA 0x2
000001ed f6fc                 BTRSS 0x3, 0x2
000001ee c60d                 LGOTO 0x1f2; main.o:_00695_DS_=0x1f2
000001ef de07                 MOVIA 0xf8
000001f0 fc47                 ADDAR 0x38, 0x1
000001f1 c5f6                 LGOTO 0x209; main.o:_00699_DS_=0x209
000001f2                      main.o:_00695_DS_:
000001f2 e0fc                 BCR 0x3, 0x6
000001f3 fe9f                 MOVR 0x60, 0x0
000001f4 dbfc                 XORIA 0x3
000001f5 f6fc                 BTRSS 0x3, 0x2
000001f6 c605                 LGOTO 0x1fa; main.o:_00692_DS_=0x1fa
000001f7 de01                 MOVIA 0xfe
000001f8 fc47                 ADDAR 0x38, 0x1
000001f9 c5f6                 LGOTO 0x209; main.o:_00699_DS_=0x209
000001fa                      main.o:_00692_DS_:
000001fa e0fc                 BCR 0x3, 0x6
000001fb fe9f                 MOVR 0x60, 0x0
000001fc dbfb                 XORIA 0x4
000001fd f6fc                 BTRSS 0x3, 0x2
000001fe c5fd                 LGOTO 0x202; main.o:_00689_DS_=0x202
000001ff defa                 MOVIA 0x5
00000200 fc47                 ADDAR 0x38, 0x1
00000201 c5f6                 LGOTO 0x209; main.o:_00699_DS_=0x209
00000202                      main.o:_00689_DS_:
00000202 e0fc                 BCR 0x3, 0x6
00000203 fe9f                 MOVR 0x60, 0x0
00000204 dbfa                 XORIA 0x5
00000205 f6fc                 BTRSS 0x3, 0x2
00000206 c5f6                 LGOTO 0x209; main.o:_00699_DS_=0x209
00000207 def5                 MOVIA 0xa
00000208 fc47                 ADDAR 0x38, 0x1
00000209                      main.o:_00699_DS_:
00000209 e0fc                 BCR 0x3, 0x6
0000020a fe92                 MOVR 0x6d, 0x0
0000020b f6fc                 BTRSS 0x3, 0x2
0000020c f912                 DECR 0x6d, 0x1
0000020d fec7                 MOVR 0x38, 0x0
0000020e ff46                 MOVAR 0x39
0000020f fd45                 CLRR 0x3a
00000210 e4fc                 BSR 0x3, 0x6
00000211 fed3                 MOVR 0x2c, 0x0
00000212 e0fc                 BCR 0x3, 0x6
00000213 fbc5                 SUBAR 0x3a, 0x0
00000214 f6fc                 BTRSS 0x3, 0x2
00000215 c5e5                 LGOTO 0x21a; main.o:_00783_DS_=0x21a
00000216 e4fc                 BSR 0x3, 0x6
00000217 fed4                 MOVR 0x2b, 0x0
00000218 e0fc                 BCR 0x3, 0x6
00000219 fbc6                 SUBAR 0x39, 0x0
0000021a                      main.o:_00783_DS_:
0000021a f3fc                 BTRSC 0x3, 0x0
0000021b c5d8                 LGOTO 0x227; main.o:_00705_DS_=0x227
0000021c def9                 MOVIA 0x6
0000021d ff38                 MOVAR 0x47
0000021e e0fc                 BCR 0x3, 0x6
0000021f fe9f                 MOVR 0x60, 0x0
00000220 d23a                 LCALL 0x5c5; __mulchar=0x5c5
00000221 e0fc                 BCR 0x3, 0x6
00000222 ff47                 MOVAR 0x38
00000223 dea1                 MOVIA 0x5e
00000224 fcc7                 ADDAR 0x38, 0x0
00000225 ff0b                 MOVAR 0x74
00000226 c5cc                 LGOTO 0x233; main.o:_00715_DS_=0x233
00000227                      main.o:_00705_DS_:
00000227 deff                 MOVIA 0x0
00000228 e4fc                 BSR 0x3, 0x6
00000229 fbd3                 SUBAR 0x2c, 0x0
0000022a f6fc                 BTRSS 0x3, 0x2
0000022b c5d1                 LGOTO 0x22e; main.o:_00784_DS_=0x22e
0000022c de8c                 MOVIA 0x73
0000022d fbd4                 SUBAR 0x2b, 0x0
0000022e                      main.o:_00784_DS_:
0000022e f3fc                 BTRSC 0x3, 0x0
0000022f c5cc                 LGOTO 0x233; main.o:_00715_DS_=0x233
00000230 e0fc                 BCR 0x3, 0x6
00000231 fe9d                 MOVR 0x62, 0x0
00000232 ff0b                 MOVAR 0x74
00000233                      main.o:_00715_DS_:
00000233 e0fc                 BCR 0x3, 0x6
00000234 fe9d                 MOVR 0x62, 0x0
00000235 ff0b                 MOVAR 0x74
00000236 fe9f                 MOVR 0x60, 0x0
00000237 f2fc                 BTRSC 0x3, 0x2
00000238 c5c4                 LGOTO 0x23b; main.o:_00719_DS_=0x23b
00000239 fe9f                 MOVR 0x60, 0x0
0000023a ff1e                 MOVAR 0x61
0000023b                      main.o:_00719_DS_:
0000023b ffef                 RET
0000023c                      _checkBatAD:
0000023c e0fc                 BCR 0x3, 0x6
0000023d fd5a                 CLRR 0x25
0000023e fd5c                 CLRR 0x23
0000023f fd5b                 CLRR 0x24
00000240 def7                 MOVIA 0x8
00000241 d6fd                 LCALL 0x102; _F_AIN2_Convert=0x102
00000242 e0fc                 BCR 0x3, 0x6
00000243 eadb                 SWAPR 0x24, 0x0
00000244 dd0f                 ANDIA 0xf0
00000245 ff5b                 MOVAR 0x24
00000246 eadc                 SWAPR 0x23, 0x0
00000247 ff5c                 MOVAR 0x23
00000248 ddf0                 ANDIA 0xf
00000249 ee5b                 IORAR 0x24, 0x1
0000024a ed5c                 XORAR 0x23, 0x1
0000024b de0f                 MOVIA 0xf0
0000024c ef5a                 ANDAR 0x25, 0x1
0000024d feda                 MOVR 0x25, 0x0
0000024e ff49                 MOVAR 0x36
0000024f deff                 MOVIA 0x0
00000250 ff48                 MOVAR 0x37
00000251 fec9                 MOVR 0x36, 0x0
00000252 fc5c                 ADDAR 0x23, 0x1
00000253 fec8                 MOVR 0x37, 0x0
00000254 f3fc                 BTRSC 0x3, 0x0
00000255 fac8                 INCR 0x37, 0x0
00000256 f2fc                 BTRSC 0x3, 0x2
00000257 c5a6                 LGOTO 0x259; main.o:_00005_DS_=0x259
00000258 fc5b                 ADDAR 0x24, 0x1
00000259                      main.o:_00005_DS_:
00000259 e3fc                 BCR 0x3, 0x0
0000025a e0fc                 BCR 0x3, 0x6
0000025b ec5b                 RRR 0x24, 0x1
0000025c ec5c                 RRR 0x23, 0x1
0000025d e3fc                 BCR 0x3, 0x0
0000025e ec5b                 RRR 0x24, 0x1
0000025f ec5c                 RRR 0x23, 0x1
00000260 e3fc                 BCR 0x3, 0x0
00000261 ec5b                 RRR 0x24, 0x1
00000262 ec5c                 RRR 0x23, 0x1
00000263 e4fc                 BSR 0x3, 0x6
00000264 fed2                 MOVR 0x2d, 0x0
00000265 f2fc                 BTRSC 0x3, 0x2
00000266 c593                 LGOTO 0x26c; main.o:_00596_DS_=0x26c
00000267 def1                 MOVIA 0xe
00000268 e0fc                 BCR 0x3, 0x6
00000269 ff5c                 MOVAR 0x23
0000026a def9                 MOVIA 0x6
0000026b ff5b                 MOVAR 0x24
0000026c                      main.o:_00596_DS_:
0000026c def9                 MOVIA 0x6
0000026d e0fc                 BCR 0x3, 0x6
0000026e fbdb                 SUBAR 0x24, 0x0
0000026f f6fc                 BTRSS 0x3, 0x2
00000270 c58c                 LGOTO 0x273; main.o:_00664_DS_=0x273
00000271 dedc                 MOVIA 0x23
00000272 fbdc                 SUBAR 0x23, 0x0
00000273                      main.o:_00664_DS_:
00000273 f7fc                 BTRSS 0x3, 0x0
00000274 c585                 LGOTO 0x27a; main.o:_00618_DS_=0x27a
00000275 e0fc                 BCR 0x3, 0x6
00000276 fd0a                 CLRR 0x75
00000277 def7                 MOVIA 0x8
00000278 ff1c                 MOVAR 0x63
00000279 c528                 LGOTO 0x2d7; main.o:_00619_DS_=0x2d7
0000027a                      main.o:_00618_DS_:
0000027a defb                 MOVIA 0x4
0000027b e0fc                 BCR 0x3, 0x6
0000027c fbdb                 SUBAR 0x24, 0x0
0000027d f6fc                 BTRSS 0x3, 0x2
0000027e c57e                 LGOTO 0x281; main.o:_00665_DS_=0x281
0000027f de81                 MOVIA 0x7e
00000280 fbdc                 SUBAR 0x23, 0x0
00000281                      main.o:_00665_DS_:
00000281 f3fc                 BTRSC 0x3, 0x0
00000282 c56e                 LGOTO 0x291; main.o:_00615_DS_=0x291
00000283 e0fc                 BCR 0x3, 0x6
00000284 fa0a                 INCR 0x75, 0x1
00000285 def5                 MOVIA 0xa
00000286 fb8a                 SUBAR 0x75, 0x0
00000287 f7fc                 BTRSS 0x3, 0x0
00000288 c514                 LGOTO 0x2eb; main.o:_00626_DS_=0x2eb
00000289 def5                 MOVIA 0xa
0000028a ff0a                 MOVAR 0x75
0000028b fd1c                 CLRR 0x63
0000028c de81                 MOVIA 0x7e
0000028d ff5c                 MOVAR 0x23
0000028e defb                 MOVIA 0x4
0000028f ff5b                 MOVAR 0x24
00000290 c528                 LGOTO 0x2d7; main.o:_00619_DS_=0x2d7
00000291                      main.o:_00615_DS_:
00000291 e0fc                 BCR 0x3, 0x6
00000292 fd0a                 CLRR 0x75
00000293 fd0c                 CLRR 0x73
00000294 defb                 MOVIA 0x4
00000295 fbdb                 SUBAR 0x24, 0x0
00000296 f6fc                 BTRSS 0x3, 0x2
00000297 c565                 LGOTO 0x29a; main.o:_00667_DS_=0x29a
00000298 de09                 MOVIA 0xf6
00000299 fbdc                 SUBAR 0x23, 0x0
0000029a                      main.o:_00667_DS_:
0000029a f3fc                 BTRSC 0x3, 0x0
0000029b c55f                 LGOTO 0x2a0; main.o:_00612_DS_=0x2a0
0000029c defe                 MOVIA 0x1
0000029d e0fc                 BCR 0x3, 0x6
0000029e ff1c                 MOVAR 0x63
0000029f c528                 LGOTO 0x2d7; main.o:_00619_DS_=0x2d7
000002a0                      main.o:_00612_DS_:
000002a0 defa                 MOVIA 0x5
000002a1 e0fc                 BCR 0x3, 0x6
000002a2 fbdb                 SUBAR 0x24, 0x0
000002a3 f6fc                 BTRSS 0x3, 0x2
000002a4 c558                 LGOTO 0x2a7; main.o:_00668_DS_=0x2a7
000002a5 de91                 MOVIA 0x6e
000002a6 fbdc                 SUBAR 0x23, 0x0
000002a7                      main.o:_00668_DS_:
000002a7 f3fc                 BTRSC 0x3, 0x0
000002a8 c552                 LGOTO 0x2ad; main.o:_00609_DS_=0x2ad
000002a9 defd                 MOVIA 0x2
000002aa e0fc                 BCR 0x3, 0x6
000002ab ff1c                 MOVAR 0x63
000002ac c528                 LGOTO 0x2d7; main.o:_00619_DS_=0x2d7
000002ad                      main.o:_00609_DS_:
000002ad defa                 MOVIA 0x5
000002ae e0fc                 BCR 0x3, 0x6
000002af fbdb                 SUBAR 0x24, 0x0
000002b0 f6fc                 BTRSS 0x3, 0x2
000002b1 c54b                 LGOTO 0x2b4; main.o:_00669_DS_=0x2b4
000002b2 de55                 MOVIA 0xaa
000002b3 fbdc                 SUBAR 0x23, 0x0
000002b4                      main.o:_00669_DS_:
000002b4 f3fc                 BTRSC 0x3, 0x0
000002b5 c545                 LGOTO 0x2ba; main.o:_00606_DS_=0x2ba
000002b6 defc                 MOVIA 0x3
000002b7 e0fc                 BCR 0x3, 0x6
000002b8 ff1c                 MOVAR 0x63
000002b9 c528                 LGOTO 0x2d7; main.o:_00619_DS_=0x2d7
000002ba                      main.o:_00606_DS_:
000002ba defa                 MOVIA 0x5
000002bb e0fc                 BCR 0x3, 0x6
000002bc fbdb                 SUBAR 0x24, 0x0
000002bd f6fc                 BTRSS 0x3, 0x2
000002be c53e                 LGOTO 0x2c1; main.o:_00670_DS_=0x2c1
000002bf de19                 MOVIA 0xe6
000002c0 fbdc                 SUBAR 0x23, 0x0
000002c1                      main.o:_00670_DS_:
000002c1 f3fc                 BTRSC 0x3, 0x0
000002c2 c538                 LGOTO 0x2c7; main.o:_00603_DS_=0x2c7
000002c3 defb                 MOVIA 0x4
000002c4 e0fc                 BCR 0x3, 0x6
000002c5 ff1c                 MOVAR 0x63
000002c6 c528                 LGOTO 0x2d7; main.o:_00619_DS_=0x2d7
000002c7                      main.o:_00603_DS_:
000002c7 def9                 MOVIA 0x6
000002c8 e0fc                 BCR 0x3, 0x6
000002c9 fbdb                 SUBAR 0x24, 0x0
000002ca f6fc                 BTRSS 0x3, 0x2
000002cb c531                 LGOTO 0x2ce; main.o:_00671_DS_=0x2ce
000002cc defb                 MOVIA 0x4
000002cd fbdc                 SUBAR 0x23, 0x0
000002ce                      main.o:_00671_DS_:
000002ce f3fc                 BTRSC 0x3, 0x0
000002cf c52b                 LGOTO 0x2d4; main.o:_00600_DS_=0x2d4
000002d0 defa                 MOVIA 0x5
000002d1 e0fc                 BCR 0x3, 0x6
000002d2 ff1c                 MOVAR 0x63
000002d3 c528                 LGOTO 0x2d7; main.o:_00619_DS_=0x2d7
000002d4                      main.o:_00600_DS_:
000002d4 def9                 MOVIA 0x6
000002d5 e0fc                 BCR 0x3, 0x6
000002d6 ff1c                 MOVAR 0x63
000002d7                      main.o:_00619_DS_:
000002d7 e0fc                 BCR 0x3, 0x6
000002d8 fe80                 MOVR 0x7f, 0x0
000002d9 f2fc                 BTRSC 0x3, 0x2
000002da c520                 LGOTO 0x2df; main.o:_00620_DS_=0x2df
000002db fe9c                 MOVR 0x63, 0x0
000002dc fb80                 SUBAR 0x7f, 0x0
000002dd f3fc                 BTRSC 0x3, 0x0
000002de c51d                 LGOTO 0x2e2; main.o:_00621_DS_=0x2e2
000002df                      main.o:_00620_DS_:
000002df e0fc                 BCR 0x3, 0x6
000002e0 fe9c                 MOVR 0x63, 0x0
000002e1 ff00                 MOVAR 0x7f
000002e2                      main.o:_00621_DS_:
000002e2 e0fc                 BCR 0x3, 0x6
000002e3 fe91                 MOVR 0x6e, 0x0
000002e4 f2fc                 BTRSC 0x3, 0x2
000002e5 c514                 LGOTO 0x2eb; main.o:_00626_DS_=0x2eb
000002e6 fe80                 MOVR 0x7f, 0x0
000002e7 f2fc                 BTRSC 0x3, 0x2
000002e8 c514                 LGOTO 0x2eb; main.o:_00626_DS_=0x2eb
000002e9 fe80                 MOVR 0x7f, 0x0
000002ea ff1c                 MOVAR 0x63
000002eb                      main.o:_00626_DS_:
000002eb ffef                 RET
000002ec                      _initAD:
000002ec de7b                 MOVIA 0x84
000002ed ff6f                 MOVAR 0x10
000002ee fd6c                 CLRR 0x13
000002ef deef                 MOVIA 0x10
000002f0 ff6e                 MOVAR 0x11
000002f1 defc                 MOVIA 0x3
000002f2 ff6b                 MOVAR 0x14
000002f3 e5ef                 BSR 0x10, 0x4
000002f4 de9b                 MOVIA 0x64
000002f5 d508                 LCALL 0x2f7; _delay=0x2f7
000002f6 ffef                 RET
000002f7                      _delay:
000002f7 e0fc                 BCR 0x3, 0x6
000002f8 ff4b                 MOVAR 0x34
000002f9 fd4a                 CLRR 0x35
000002fa                      main.o:_00584_DS_:
000002fa e0fc                 BCR 0x3, 0x6
000002fb fecb                 MOVR 0x34, 0x0
000002fc fbca                 SUBAR 0x35, 0x0
000002fd f3fc                 BTRSC 0x3, 0x0
000002fe c4fd                 LGOTO 0x302; main.o:_00586_DS_=0x302
000002ff ffff                 NOP
00000300 fa4a                 INCR 0x35, 0x1
00000301 c505                 LGOTO 0x2fa; main.o:_00584_DS_=0x2fa
00000302                      main.o:_00586_DS_:
00000302 ffef                 RET
00000303                      _chrgCtr:
00000303 e0fc                 BCR 0x3, 0x6
00000304 f67a                 BTRSS 0x5, 0x3
00000305 c426                 LGOTO 0x3d9; main.o:_00500_DS_=0x3d9
00000306 e623                 BSR 0x5c, 0x3
00000307 fd1f                 CLRR 0x60
00000308 fd11                 CLRR 0x6e
00000309 d3bc                 LCALL 0x443; _pwmStop=0x443
0000030a def8                 MOVIA 0x7
0000030b e0fc                 BCR 0x3, 0x6
0000030c fb9c                 SUBAR 0x63, 0x0
0000030d f3fc                 BTRSC 0x3, 0x0
0000030e c4ec                 LGOTO 0x313; main.o:_00493_DS_=0x313
0000030f e4fc                 BSR 0x3, 0x6
00000310 fedd                 MOVR 0x22, 0x0
00000311 f2fc                 BTRSC 0x3, 0x2
00000312 c4cc                 LGOTO 0x333; main.o:_00494_DS_=0x333
00000313                      main.o:_00493_DS_:
00000313 def9                 MOVIA 0x6
00000314 e0fc                 BCR 0x3, 0x6
00000315 ff01                 MOVAR 0x7e
00000316 ff1e                 MOVAR 0x61
00000317 fa0f                 INCR 0x70, 0x1
00000318 f2fc                 BTRSC 0x3, 0x2
00000319 fa0e                 INCR 0x71, 0x1
0000031a def8                 MOVIA 0x7
0000031b fb8e                 SUBAR 0x71, 0x0
0000031c f6fc                 BTRSS 0x3, 0x2
0000031d c4df                 LGOTO 0x320; main.o:_00565_DS_=0x320
0000031e de2f                 MOVIA 0xd0
0000031f fb8f                 SUBAR 0x70, 0x0
00000320                      main.o:_00565_DS_:
00000320 f7fc                 BTRSS 0x3, 0x0
00000321 c40f                 LGOTO 0x3f0; main.o:_00502_DS_=0x3f0
00000322 de2f                 MOVIA 0xd0
00000323 e0fc                 BCR 0x3, 0x6
00000324 ff0f                 MOVAR 0x70
00000325 def8                 MOVIA 0x7
00000326 ff0e                 MOVAR 0x71
00000327 defe                 MOVIA 0x1
00000328 e4fc                 BSR 0x3, 0x6
00000329 ff5d                 MOVAR 0x22
0000032a d3ac                 LCALL 0x453; _pwm1Stop=0x453
0000032b e279                 BCR 0x6, 0x3
0000032c ffe9                 IOSTR 0x6
0000032d e0fc                 BCR 0x3, 0x6
0000032e ff4f                 MOVAR 0x30
0000032f e64f                 BSR 0x30, 0x3
00000330 fecf                 MOVR 0x30, 0x0
00000331 fff9                 IOST 0x6
00000332 c40f                 LGOTO 0x3f0; main.o:_00502_DS_=0x3f0
00000333                      main.o:_00494_DS_:
00000333 ffe9                 IOSTR 0x6
00000334 e0fc                 BCR 0x3, 0x6
00000335 ff4f                 MOVAR 0x30
00000336 e24f                 BCR 0x30, 0x3
00000337 fecf                 MOVR 0x30, 0x0
00000338 fff9                 IOST 0x6
00000339 fd0f                 CLRR 0x70
0000033a fd0e                 CLRR 0x71
0000033b fea1                 MOVR 0x5e, 0x0
0000033c f6fc                 BTRSS 0x3, 0x2
0000033d c488                 LGOTO 0x377; main.o:_00471_DS_=0x377
0000033e def8                 MOVIA 0x7
0000033f fb9c                 SUBAR 0x63, 0x0
00000340 f3fc                 BTRSC 0x3, 0x0
00000341 c488                 LGOTO 0x377; main.o:_00471_DS_=0x377
00000342 defa                 MOVIA 0x5
00000343 fb84                 SUBAR 0x7b, 0x0
00000344 f3fc                 BTRSC 0x3, 0x0
00000345 c488                 LGOTO 0x377; main.o:_00471_DS_=0x377
00000346 fe9c                 MOVR 0x63, 0x0
00000347 ff4f                 MOVAR 0x30
00000348 fd4e                 CLRR 0x31
00000349 de00                 MOVIA 0xff
0000034a fc4f                 ADDAR 0x30, 0x1
0000034b f3fc                 BTRSC 0x3, 0x0
0000034c c4b1                 LGOTO 0x34e; main.o:_00006_DS_=0x34e
0000034d f94e                 DECR 0x31, 0x1
0000034e                      main.o:_00006_DS_:
0000034e e0fc                 BCR 0x3, 0x6
0000034f fe84                 MOVR 0x7b, 0x0
00000350 ff4d                 MOVAR 0x32
00000351 deff                 MOVIA 0x0
00000352 da7f                 ADDIA 0x80
00000353 ff4c                 MOVAR 0x33
00000354 fece                 MOVR 0x31, 0x0
00000355 da7f                 ADDIA 0x80
00000356 fbcc                 SUBAR 0x33, 0x0
00000357 f6fc                 BTRSS 0x3, 0x2
00000358 c4a4                 LGOTO 0x35b; main.o:_00568_DS_=0x35b
00000359 fecf                 MOVR 0x30, 0x0
0000035a fbcd                 SUBAR 0x32, 0x0
0000035b                      main.o:_00568_DS_:
0000035b f3fc                 BTRSC 0x3, 0x0
0000035c c492                 LGOTO 0x36d; main.o:_00466_DS_=0x36d
0000035d e0fc                 BCR 0x3, 0x6
0000035e fe84                 MOVR 0x7b, 0x0
0000035f f6fc                 BTRSS 0x3, 0x2
00000360 c49c                 LGOTO 0x363; main.o:_00462_DS_=0x363
00000361 f99c                 DECR 0x63, 0x0
00000362 ff04                 MOVAR 0x7b
00000363                      main.o:_00462_DS_:
00000363 e4fc                 BSR 0x3, 0x6
00000364 fa5c                 INCR 0x23, 0x1
00000365 de9a                 MOVIA 0x65
00000366 fbdc                 SUBAR 0x23, 0x0
00000367 f7fc                 BTRSS 0x3, 0x0
00000368 c490                 LGOTO 0x36f; main.o:_00467_DS_=0x36f
00000369 e0fc                 BCR 0x3, 0x6
0000036a f99c                 DECR 0x63, 0x0
0000036b ff04                 MOVAR 0x7b
0000036c c490                 LGOTO 0x36f; main.o:_00467_DS_=0x36f
0000036d                      main.o:_00466_DS_:
0000036d e4fc                 BSR 0x3, 0x6
0000036e fd5c                 CLRR 0x23
0000036f                      main.o:_00467_DS_:
0000036f e0fc                 BCR 0x3, 0x6
00000370 fa1e                 INCR 0x61, 0x1
00000371 def9                 MOVIA 0x6
00000372 fb9e                 SUBAR 0x61, 0x0
00000373 f7fc                 BTRSS 0x3, 0x0
00000374 c488                 LGOTO 0x377; main.o:_00471_DS_=0x377
00000375 fe84                 MOVR 0x7b, 0x0
00000376 ff1e                 MOVAR 0x61
00000377                      main.o:_00471_DS_:
00000377 defa                 MOVIA 0x5
00000378 e0fc                 BCR 0x3, 0x6
00000379 fb84                 SUBAR 0x7b, 0x0
0000037a f7fc                 BTRSS 0x3, 0x0
0000037b c481                 LGOTO 0x37e; main.o:_00475_DS_=0x37e
0000037c defa                 MOVIA 0x5
0000037d ff1e                 MOVAR 0x61
0000037e                      main.o:_00475_DS_:
0000037e e4fc                 BSR 0x3, 0x6
0000037f fede                 MOVR 0x21, 0x0
00000380 ffbc                 SFUN 0x3
00000381 d3a9                 LCALL 0x456; _pwm1Init=0x456
00000382 def9                 MOVIA 0x6
00000383 e0fc                 BCR 0x3, 0x6
00000384 fb97                 SUBAR 0x68, 0x0
00000385 f7fc                 BTRSS 0x3, 0x0
00000386 c40f                 LGOTO 0x3f0; main.o:_00502_DS_=0x3f0
00000387 deff                 MOVIA 0x0
00000388 fbde                 SUBAR 0x21, 0x0
00000389 f6fc                 BTRSS 0x3, 0x2
0000038a c472                 LGOTO 0x38d; main.o:_00573_DS_=0x38d
0000038b dee3                 MOVIA 0x1c
0000038c fbdf                 SUBAR 0x20, 0x0
0000038d                      main.o:_00573_DS_:
0000038d f3fc                 BTRSC 0x3, 0x0
0000038e c460                 LGOTO 0x39f; main.o:_00477_DS_=0x39f
0000038f e4fc                 BSR 0x3, 0x6
00000390 fed9                 MOVR 0x26, 0x0
00000391 e0fc                 BCR 0x3, 0x6
00000392 ff4f                 MOVAR 0x30
00000393 fd4e                 CLRR 0x31
00000394 deff                 MOVIA 0x0
00000395 fbde                 SUBAR 0x21, 0x0
00000396 f6fc                 BTRSS 0x3, 0x2
00000397 c465                 LGOTO 0x39a; main.o:_00574_DS_=0x39a
00000398 fecf                 MOVR 0x30, 0x0
00000399 fbdf                 SUBAR 0x20, 0x0
0000039a                      main.o:_00574_DS_:
0000039a f7fc                 BTRSS 0x3, 0x0
0000039b c460                 LGOTO 0x39f; main.o:_00477_DS_=0x39f
0000039c e4fc                 BSR 0x3, 0x6
0000039d fd5a                 CLRR 0x25
0000039e fd5b                 CLRR 0x24
0000039f                      main.o:_00477_DS_:
0000039f deff                 MOVIA 0x0
000003a0 e0fc                 BCR 0x3, 0x6
000003a1 fbde                 SUBAR 0x21, 0x0
000003a2 f6fc                 BTRSS 0x3, 0x2
000003a3 c459                 LGOTO 0x3a6; main.o:_00575_DS_=0x3a6
000003a4 dee3                 MOVIA 0x1c
000003a5 fbdf                 SUBAR 0x20, 0x0
000003a6                      main.o:_00575_DS_:
000003a6 f7fc                 BTRSS 0x3, 0x0
000003a7 c448                 LGOTO 0x3b7; main.o:_00486_DS_=0x3b7
000003a8 e4fc                 BSR 0x3, 0x6
000003a9 fa5a                 INCR 0x25, 0x1
000003aa feda                 MOVR 0x25, 0x0
000003ab fbd8                 SUBAR 0x27, 0x0
000003ac f3fc                 BTRSC 0x3, 0x0
000003ad c44b                 LGOTO 0x3b4; main.o:_00480_DS_=0x3b4
000003ae f95e                 DECR 0x21, 0x1
000003af fd5a                 CLRR 0x25
000003b0 dee5                 MOVIA 0x1a
000003b1 ff59                 MOVAR 0x26
000003b2 de05                 MOVIA 0xfa
000003b3 ff58                 MOVAR 0x27
000003b4                      main.o:_00480_DS_:
000003b4 e4fc                 BSR 0x3, 0x6
000003b5 fd5b                 CLRR 0x24
000003b6 c431                 LGOTO 0x3ce; main.o:_00487_DS_=0x3ce
000003b7                      main.o:_00486_DS_:
000003b7 e4fc                 BSR 0x3, 0x6
000003b8 fed9                 MOVR 0x26, 0x0
000003b9 e0fc                 BCR 0x3, 0x6
000003ba ff4f                 MOVAR 0x30
000003bb fd4e                 CLRR 0x31
000003bc deff                 MOVIA 0x0
000003bd fbde                 SUBAR 0x21, 0x0
000003be f6fc                 BTRSS 0x3, 0x2
000003bf c43d                 LGOTO 0x3c2; main.o:_00577_DS_=0x3c2
000003c0 fecf                 MOVR 0x30, 0x0
000003c1 fbdf                 SUBAR 0x20, 0x0
000003c2                      main.o:_00577_DS_:
000003c2 f3fc                 BTRSC 0x3, 0x0
000003c3 c431                 LGOTO 0x3ce; main.o:_00487_DS_=0x3ce
000003c4 e4fc                 BSR 0x3, 0x6
000003c5 fa5b                 INCR 0x24, 0x1
000003c6 fedb                 MOVR 0x24, 0x0
000003c7 fbd8                 SUBAR 0x27, 0x0
000003c8 f3fc                 BTRSC 0x3, 0x0
000003c9 c433                 LGOTO 0x3cc; main.o:_00482_DS_=0x3cc
000003ca fa5e                 INCR 0x21, 0x1
000003cb fd5b                 CLRR 0x24
000003cc                      main.o:_00482_DS_:
000003cc e4fc                 BSR 0x3, 0x6
000003cd fd5a                 CLRR 0x25
000003ce                      main.o:_00487_DS_:
000003ce e4fc                 BSR 0x3, 0x6
000003cf fede                 MOVR 0x21, 0x0
000003d0 fbdf                 SUBAR 0x20, 0x0
000003d1 f3fc                 BTRSC 0x3, 0x0
000003d2 c42a                 LGOTO 0x3d5; main.o:_00489_DS_=0x3d5
000003d3 fa5f                 INCR 0x20, 0x1
000003d4 c40f                 LGOTO 0x3f0; main.o:_00502_DS_=0x3f0
000003d5                      main.o:_00489_DS_:
000003d5 e4fc                 BSR 0x3, 0x6
000003d6 fede                 MOVR 0x21, 0x0
000003d7 ff5f                 MOVAR 0x20
000003d8 c40f                 LGOTO 0x3f0; main.o:_00502_DS_=0x3f0
000003d9                      main.o:_00500_DS_:
000003d9 deeb                 MOVIA 0x14
000003da e4fc                 BSR 0x3, 0x6
000003db ff58                 MOVAR 0x27
000003dc dee4                 MOVIA 0x1b
000003dd ff59                 MOVAR 0x26
000003de fd5d                 CLRR 0x22
000003df fd5f                 CLRR 0x20
000003e0 fd5e                 CLRR 0x21
000003e1 e0fc                 BCR 0x3, 0x6
000003e2 fd01                 CLRR 0x7e
000003e3 fd04                 CLRR 0x7b
000003e4 fd1b                 CLRR 0x64
000003e5 fd1a                 CLRR 0x65
000003e6 d3ac                 LCALL 0x453; _pwm1Stop=0x453
000003e7 e0fc                 BCR 0x3, 0x6
000003e8 fe9f                 MOVR 0x60, 0x0
000003e9 f6fc                 BTRSS 0x3, 0x2
000003ea c413                 LGOTO 0x3ec; main.o:_00007_DS_=0x3ec
000003eb fd1e                 CLRR 0x61
000003ec                      main.o:_00007_DS_:
000003ec e0fc                 BCR 0x3, 0x6
000003ed e223                 BCR 0x5c, 0x3
000003ee fd1b                 CLRR 0x64
000003ef fd1a                 CLRR 0x65
000003f0                      main.o:_00502_DS_:
000003f0 ffef                 RET
000003f1                      _keyRead:
000003f1 e0fc                 BCR 0x3, 0x6
000003f2 ff50                 MOVAR 0x2f
000003f3 fed0                 MOVR 0x2f, 0x0
000003f4 f2fc                 BTRSC 0x3, 0x2
000003f5 c3fd                 LGOTO 0x402; main.o:_00452_DS_=0x402
000003f6 fa20                 INCR 0x5f, 0x1
000003f7 de9b                 MOVIA 0x64
000003f8 fba0                 SUBAR 0x5f, 0x0
000003f9 f7fc                 BTRSS 0x3, 0x0
000003fa c3ea                 LGOTO 0x415; main.o:_00453_DS_=0x415
000003fb de9b                 MOVIA 0x64
000003fc ff20                 MOVAR 0x5f
000003fd f323                 BTRSC 0x5c, 0x1
000003fe c3ea                 LGOTO 0x415; main.o:_00453_DS_=0x415
000003ff e723                 BSR 0x5c, 0x1
00000400 defd                 MOVIA 0x2
00000401 c3e9                 LGOTO 0x416; main.o:_00454_DS_=0x416
00000402                      main.o:_00452_DS_:
00000402 de9b                 MOVIA 0x64
00000403 e0fc                 BCR 0x3, 0x6
00000404 fba0                 SUBAR 0x5f, 0x0
00000405 f7fc                 BTRSS 0x3, 0x0
00000406 c3f4                 LGOTO 0x40b; main.o:_00449_DS_=0x40b
00000407 fd20                 CLRR 0x5f
00000408 e323                 BCR 0x5c, 0x1
00000409 deff                 MOVIA 0x0
0000040a c3e9                 LGOTO 0x416; main.o:_00454_DS_=0x416
0000040b                      main.o:_00449_DS_:
0000040b defb                 MOVIA 0x4
0000040c e0fc                 BCR 0x3, 0x6
0000040d fba0                 SUBAR 0x5f, 0x0
0000040e f7fc                 BTRSS 0x3, 0x0
0000040f c3ec                 LGOTO 0x413; main.o:_00450_DS_=0x413
00000410 fd20                 CLRR 0x5f
00000411 defe                 MOVIA 0x1
00000412 c3e9                 LGOTO 0x416; main.o:_00454_DS_=0x416
00000413                      main.o:_00450_DS_:
00000413 e0fc                 BCR 0x3, 0x6
00000414 fd20                 CLRR 0x5f
00000415                      main.o:_00453_DS_:
00000415 deff                 MOVIA 0x0
00000416                      main.o:_00454_DS_:
00000416 ffef                 RET
00000417                      _gotoSleep:
00000417 e0fc                 BCR 0x3, 0x6
00000418 fd15                 CLRR 0x6a
00000419 fd14                 CLRR 0x6b
0000041a d33d                 LCALL 0x4c2; _LedInput=0x4c2
0000041b e0fc                 BCR 0x3, 0x6
0000041c fd19                 CLRR 0x66
0000041d fd18                 CLRR 0x67
0000041e d3bc                 LCALL 0x443; _pwmStop=0x443
0000041f d3ac                 LCALL 0x453; _pwm1Stop=0x453
00000420 de37                 MOVIA 0xc8
00000421 fffa                 IOST 0x5
00000422 deb9                 MOVIA 0x46
00000423 e0fc                 BCR 0x3, 0x6
00000424 ff7a                 MOVAR 0x5
00000425 dec0                 MOVIA 0x3f
00000426 fff6                 IOST 0x9
00000427 fd79                 CLRR 0x6
00000428 fd1f                 CLRR 0x60
00000429 de77                 MOVIA 0x88
0000042a ff6a                 MOVAR 0x15
0000042b fd76                 CLRR 0x9
0000042c e2a3                 BCR 0x5c, 0x2
0000042d defd                 MOVIA 0x2
0000042e ff71                 MOVAR 0xe
0000042f dee7                 MOVIA 0x18
00000430 ff77                 MOVAR 0x8
00000431 fd70                 CLRR 0xf
00000432 fffd                 CLRWDT
00000433 fffb                 ENI
00000434 fffe                 SLEEP
00000435 fd6a                 CLRR 0x15
00000436 de41                 MOVIA 0xbe
00000437 fffa                 IOST 0x5
00000438 fdff                 CLRA
00000439 fff9                 IOST 0x6
0000043a fd7a                 CLRR 0x5
0000043b de80                 MOVIA 0x7f
0000043c fff6                 IOST 0x9
0000043d defe                 MOVIA 0x1
0000043e ff71                 MOVAR 0xe
0000043f fd70                 CLRR 0xf
00000440 de47                 MOVIA 0xb8
00000441 ff77                 MOVAR 0x8
00000442 ffef                 RET
00000443                      _pwmStop:
00000443 fdff                 CLRA
00000444 ffb5                 SFUN 0xa
00000445 ffef                 RET
00000446                      _pwmInit:
00000446 ff95                 SFUNR 0xa
00000447 e0fc                 BCR 0x3, 0x6
00000448 ff51                 MOVAR 0x2e
00000449 f051                 BTRSC 0x2e, 0x7
0000044a c3ad                 LGOTO 0x452; main.o:_00429_DS_=0x452
0000044b fd66                 CLRR 0x19
0000044c de82                 MOVIA 0x7d
0000044d ffb6                 SFUN 0x9
0000044e defe                 MOVIA 0x1
0000044f ffb4                 SFUN 0xb
00000450 de7c                 MOVIA 0x83
00000451 ffb5                 SFUN 0xa
00000452                      main.o:_00429_DS_:
00000452 ffef                 RET
00000453                      _pwm1Stop:
00000453 fdff                 CLRA
00000454 ffbe                 SFUN 0x1
00000455 ffef                 RET
00000456                      _pwm1Init:
00000456 ff9e                 SFUNR 0x1
00000457 e0fc                 BCR 0x3, 0x6
00000458 ff52                 MOVAR 0x2d
00000459 f052                 BTRSC 0x2d, 0x7
0000045a c39b                 LGOTO 0x464; main.o:_00418_DS_=0x464
0000045b fd66                 CLRR 0x19
0000045c deb9                 MOVIA 0x46
0000045d ffbf                 SFUN 0x0
0000045e fdff                 CLRA
0000045f ffbd                 SFUN 0x2
00000460 def7                 MOVIA 0x8
00000461 ffbd                 SFUN 0x2
00000462 de7c                 MOVIA 0x83
00000463 ffbe                 SFUN 0x1
00000464                      main.o:_00418_DS_:
00000464 ffef                 RET
00000465                      _LED5ON:
00000465 ffea                 IOSTR 0x5
00000466 e0fc                 BCR 0x3, 0x6
00000467 ff53                 MOVAR 0x2c
00000468 e3d3                 BCR 0x2c, 0x0
00000469 fed3                 MOVR 0x2c, 0x0
0000046a fffa                 IOST 0x5
0000046b ffe9                 IOSTR 0x6
0000046c ff53                 MOVAR 0x2c
0000046d e353                 BCR 0x2c, 0x1
0000046e fed3                 MOVR 0x2c, 0x0
0000046f fff9                 IOST 0x6
00000470 e7fa                 BSR 0x5, 0x0
00000471 e379                 BCR 0x6, 0x1
00000472 de9b                 MOVIA 0x64
00000473 d508                 LCALL 0x2f7; _delay=0x2f7
00000474 d33d                 LCALL 0x4c2; _LedInput=0x4c2
00000475 ffef                 RET
00000476                      _LED4ON:
00000476 ffe9                 IOSTR 0x6
00000477 e0fc                 BCR 0x3, 0x6
00000478 ff54                 MOVAR 0x2b
00000479 de21                 MOVIA 0xde
0000047a ef54                 ANDAR 0x2b, 0x1
0000047b fed4                 MOVR 0x2b, 0x0
0000047c fff9                 IOST 0x6
0000047d ffea                 IOSTR 0x5
0000047e ff54                 MOVAR 0x2b
0000047f e3d4                 BCR 0x2b, 0x0
00000480 fed4                 MOVR 0x2b, 0x0
00000481 fffa                 IOST 0x5
00000482 dede                 MOVIA 0x21
00000483 ee79                 IORAR 0x6, 0x1
00000484 e3fa                 BCR 0x5, 0x0
00000485 de9b                 MOVIA 0x64
00000486 d508                 LCALL 0x2f7; _delay=0x2f7
00000487 d33d                 LCALL 0x4c2; _LedInput=0x4c2
00000488 ffef                 RET
00000489                      _LED3ON:
00000489 ffe9                 IOSTR 0x6
0000048a e0fc                 BCR 0x3, 0x6
0000048b ff55                 MOVAR 0x2a
0000048c de21                 MOVIA 0xde
0000048d ef55                 ANDAR 0x2a, 0x1
0000048e fed5                 MOVR 0x2a, 0x0
0000048f fff9                 IOST 0x6
00000490 ffea                 IOSTR 0x5
00000491 ff55                 MOVAR 0x2a
00000492 e3d5                 BCR 0x2a, 0x0
00000493 fed5                 MOVR 0x2a, 0x0
00000494 fffa                 IOST 0x5
00000495 e7fa                 BSR 0x5, 0x0
00000496 de21                 MOVIA 0xde
00000497 ef79                 ANDAR 0x6, 0x1
00000498 de9b                 MOVIA 0x64
00000499 d508                 LCALL 0x2f7; _delay=0x2f7
0000049a d33d                 LCALL 0x4c2; _LedInput=0x4c2
0000049b ffef                 RET
0000049c                      _LED2ON:
0000049c ffe9                 IOSTR 0x6
0000049d e0fc                 BCR 0x3, 0x6
0000049e ff56                 MOVAR 0x29
0000049f e356                 BCR 0x29, 0x1
000004a0 fed6                 MOVR 0x29, 0x0
000004a1 fff9                 IOST 0x6
000004a2 ffe9                 IOSTR 0x6
000004a3 ff56                 MOVAR 0x29
000004a4 de21                 MOVIA 0xde
000004a5 ef56                 ANDAR 0x29, 0x1
000004a6 fed6                 MOVR 0x29, 0x0
000004a7 fff9                 IOST 0x6
000004a8 e779                 BSR 0x6, 0x1
000004a9 de21                 MOVIA 0xde
000004aa ef79                 ANDAR 0x6, 0x1
000004ab de9b                 MOVIA 0x64
000004ac d508                 LCALL 0x2f7; _delay=0x2f7
000004ad d33d                 LCALL 0x4c2; _LedInput=0x4c2
000004ae ffef                 RET
000004af                      _LED1ON:
000004af ffe9                 IOSTR 0x6
000004b0 e0fc                 BCR 0x3, 0x6
000004b1 ff57                 MOVAR 0x28
000004b2 de21                 MOVIA 0xde
000004b3 ef57                 ANDAR 0x28, 0x1
000004b4 fed7                 MOVR 0x28, 0x0
000004b5 fff9                 IOST 0x6
000004b6 ffe9                 IOSTR 0x6
000004b7 ff57                 MOVAR 0x28
000004b8 e357                 BCR 0x28, 0x1
000004b9 fed7                 MOVR 0x28, 0x0
000004ba fff9                 IOST 0x6
000004bb dede                 MOVIA 0x21
000004bc ee79                 IORAR 0x6, 0x1
000004bd e379                 BCR 0x6, 0x1
000004be de9b                 MOVIA 0x64
000004bf d508                 LCALL 0x2f7; _delay=0x2f7
000004c0 d33d                 LCALL 0x4c2; _LedInput=0x4c2
000004c1 ffef                 RET
000004c2                      _LedInput:
000004c2 ffea                 IOSTR 0x5
000004c3 e0fc                 BCR 0x3, 0x6
000004c4 ff58                 MOVAR 0x27
000004c5 e7d8                 BSR 0x27, 0x0
000004c6 fed8                 MOVR 0x27, 0x0
000004c7 fffa                 IOST 0x5
000004c8 ffe9                 IOSTR 0x6
000004c9 ff58                 MOVAR 0x27
000004ca dedc                 MOVIA 0x23
000004cb ee58                 IORAR 0x27, 0x1
000004cc fed8                 MOVR 0x27, 0x0
000004cd fff9                 IOST 0x6
000004ce e3fa                 BCR 0x5, 0x0
000004cf de23                 MOVIA 0xdc
000004d0 ef79                 ANDAR 0x6, 0x1
000004d1 ffef                 RET
000004d2                      _ledShow:
000004d2 e0fc                 BCR 0x3, 0x6
000004d3 fe85                 MOVR 0x7a, 0x0
000004d4 f2fc                 BTRSC 0x3, 0x2
000004d5 c31f                 LGOTO 0x4e0; main.o:_00319_DS_=0x4e0
000004d6 fe9f                 MOVR 0x60, 0x0
000004d7 f6fc                 BTRSS 0x3, 0x2
000004d8 c31f                 LGOTO 0x4e0; main.o:_00319_DS_=0x4e0
000004d9 f385                 BTRSC 0x7a, 0x0
000004da c322                 LGOTO 0x4dd; main.o:_00316_DS_=0x4dd
000004db fd1e                 CLRR 0x61
000004dc c31f                 LGOTO 0x4e0; main.o:_00319_DS_=0x4e0
000004dd                      main.o:_00316_DS_:
000004dd e0fc                 BCR 0x3, 0x6
000004de fe88                 MOVR 0x77, 0x0
000004df ff1e                 MOVAR 0x61
000004e0                      main.o:_00319_DS_:
000004e0 e0fc                 BCR 0x3, 0x6
000004e1 fe91                 MOVR 0x6e, 0x0
000004e2 f2fc                 BTRSC 0x3, 0x2
000004e3 c30b                 LGOTO 0x4f4; main.o:_00327_DS_=0x4f4
000004e4 fe9c                 MOVR 0x63, 0x0
000004e5 f2fc                 BTRSC 0x3, 0x2
000004e6 c30b                 LGOTO 0x4f4; main.o:_00327_DS_=0x4f4
000004e7 fe91                 MOVR 0x6e, 0x0
000004e8 f2fc                 BTRSC 0x3, 0x2
000004e9 c30b                 LGOTO 0x4f4; main.o:_00327_DS_=0x4f4
000004ea def8                 MOVIA 0x7
000004eb fb9c                 SUBAR 0x63, 0x0
000004ec f7fc                 BTRSS 0x3, 0x0
000004ed c30e                 LGOTO 0x4f1; main.o:_00322_DS_=0x4f1
000004ee def9                 MOVIA 0x6
000004ef ff1e                 MOVAR 0x61
000004f0 c30b                 LGOTO 0x4f4; main.o:_00327_DS_=0x4f4
000004f1                      main.o:_00322_DS_:
000004f1 e0fc                 BCR 0x3, 0x6
000004f2 fe9c                 MOVR 0x63, 0x0
000004f3 ff1e                 MOVAR 0x61
000004f4                      main.o:_00327_DS_:
000004f4 e0fc                 BCR 0x3, 0x6
000004f5 fe8d                 MOVR 0x72, 0x0
000004f6 f2fc                 BTRSC 0x3, 0x2
000004f7 c2f8                 LGOTO 0x507; main.o:_00333_DS_=0x507
000004f8 fe9f                 MOVR 0x60, 0x0
000004f9 f2fc                 BTRSC 0x3, 0x2
000004fa c2f8                 LGOTO 0x507; main.o:_00333_DS_=0x507
000004fb fe9c                 MOVR 0x63, 0x0
000004fc f6fc                 BTRSS 0x3, 0x2
000004fd c2f8                 LGOTO 0x507; main.o:_00333_DS_=0x507
000004fe decd                 MOVIA 0x32
000004ff fb96                 SUBAR 0x69, 0x0
00000500 f3fc                 BTRSC 0x3, 0x0
00000501 c2fa                 LGOTO 0x505; main.o:_00330_DS_=0x505
00000502 fe9f                 MOVR 0x60, 0x0
00000503 ff1e                 MOVAR 0x61
00000504 c2f8                 LGOTO 0x507; main.o:_00333_DS_=0x507
00000505                      main.o:_00330_DS_:
00000505 e0fc                 BCR 0x3, 0x6
00000506 fd1e                 CLRR 0x61
00000507                      main.o:_00333_DS_:
00000507 d33d                 LCALL 0x4c2; _LedInput=0x4c2
00000508 def6                 MOVIA 0x9
00000509 e0fc                 BCR 0x3, 0x6
0000050a fb9e                 SUBAR 0x61, 0x0
0000050b f3fc                 BTRSC 0x3, 0x0
0000050c c2db                 LGOTO 0x524; main.o:_00346_DS_=0x524
0000050d defa                 MOVIA 0x5
0000050e ff75                 MOVAR 0xa
0000050f fe9e                 MOVR 0x61, 0x0
00000510 daeb                 ADDIA 0x14
00000511 f3fc                 BTRSC 0x3, 0x0
00000512 fa75                 INCR 0xa, 0x1
00000513 ff7d                 MOVAR 0x2
00000514                      main.o:_00387_DS_:
00000514 c2e2                 LGOTO 0x51d; main.o:_00336_DS_=0x51d
00000515 c2dc                 LGOTO 0x523; main.o:_00344_DS_=0x523
00000516 c2dd                 LGOTO 0x522; main.o:_00343_DS_=0x522
00000517 c2de                 LGOTO 0x521; main.o:_00342_DS_=0x521
00000518 c2df                 LGOTO 0x520; main.o:_00341_DS_=0x520
00000519 c2e0                 LGOTO 0x51f; main.o:_00340_DS_=0x51f
0000051a c2e0                 LGOTO 0x51f; main.o:_00340_DS_=0x51f
0000051b c2e0                 LGOTO 0x51f; main.o:_00340_DS_=0x51f
0000051c c2e0                 LGOTO 0x51f; main.o:_00340_DS_=0x51f
0000051d                      main.o:_00336_DS_:
0000051d d33d                 LCALL 0x4c2; _LedInput=0x4c2
0000051e c2db                 LGOTO 0x524; main.o:_00346_DS_=0x524
0000051f                      main.o:_00340_DS_:
0000051f d39a                 LCALL 0x465; _LED5ON=0x465
00000520                      main.o:_00341_DS_:
00000520 d389                 LCALL 0x476; _LED4ON=0x476
00000521                      main.o:_00342_DS_:
00000521 d376                 LCALL 0x489; _LED3ON=0x489
00000522                      main.o:_00343_DS_:
00000522 d363                 LCALL 0x49c; _LED2ON=0x49c
00000523                      main.o:_00344_DS_:
00000523 d350                 LCALL 0x4af; _LED1ON=0x4af
00000524                      main.o:_00346_DS_:
00000524 ffef                 RET
00000525                      _initSys:
00000525 ffec                 DISI
00000526 de41                 MOVIA 0xbe
00000527 fffa                 IOST 0x5
00000528 def7                 MOVIA 0x8
00000529 fff9                 IOST 0x6
0000052a fd79                 CLRR 0x6
0000052b e0fc                 BCR 0x3, 0x6
0000052c fd7a                 CLRR 0x5
0000052d d33d                 LCALL 0x4c2; _LedInput=0x4c2
0000052e de80                 MOVIA 0x7f
0000052f fff6                 IOST 0x9
00000530 de00                 MOVIA 0xff
00000531 ff73                 MOVAR 0xc
00000532 ff74                 MOVAR 0xb
00000533 defe                 MOVIA 0x1
00000534 ff71                 MOVAR 0xe
00000535 fdff                 CLRA
00000536 fff0                 IOST 0xf
00000537 dec8                 MOVIA 0x37
00000538 ff7e                 MOVAR 0x1
00000539 defe                 MOVIA 0x1
0000053a fffc                 T0MD
0000053b fff0                 IOST 0xf
0000053c de67                 MOVIA 0x98
0000053d ff77                 MOVAR 0x8
0000053e defe                 MOVIA 0x1
0000053f fff0                 IOST 0xf
00000540 fffb                 ENI
00000541 ffef                 RET
00000542                      _powerOff:
00000542 e0fc                 BCR 0x3, 0x6
00000543 fd1f                 CLRR 0x60
00000544 d3bc                 LCALL 0x443; _pwmStop=0x443
00000545 ffef                 RET
00000546                      _keyCtr:
00000546 e0fc                 BCR 0x3, 0x6
00000547 f8fa                 COMR 0x5, 0x0
00000548 ff59                 MOVAR 0x26
00000549 de7f                 MOVIA 0x80
0000054a ef59                 ANDAR 0x26, 0x1
0000054b fed9                 MOVR 0x26, 0x0
0000054c d40e                 LCALL 0x3f1; _keyRead=0x3f1
0000054d e0fc                 BCR 0x3, 0x6
0000054e ff59                 MOVAR 0x26
0000054f dbfe                 XORIA 0x1
00000550 f6fc                 BTRSS 0x3, 0x2
00000551 c261                 LGOTO 0x59e; main.o:_00300_DS_=0x59e
00000552 fd21                 CLRR 0x5e
00000553 fd11                 CLRR 0x6e
00000554 fe9f                 MOVR 0x60, 0x0
00000555 f6fc                 BTRSS 0x3, 0x2
00000556 c2a3                 LGOTO 0x55c; main.o:_00269_DS_=0x55c
00000557 fd16                 CLRR 0x69
00000558 defc                 MOVIA 0x3
00000559 ff11                 MOVAR 0x6e
0000055a fd00                 CLRR 0x7f
0000055b c23b                 LGOTO 0x5c4; main.o:_00302_DS_=0x5c4
0000055c                      main.o:_00269_DS_:
0000055c e0fc                 BCR 0x3, 0x6
0000055d fd13                 CLRR 0x6c
0000055e fa1f                 INCR 0x60, 0x1
0000055f def9                 MOVIA 0x6
00000560 fb9f                 SUBAR 0x60, 0x0
00000561 f7fc                 BTRSS 0x3, 0x0
00000562 c29a                 LGOTO 0x565; main.o:_00271_DS_=0x565
00000563 defe                 MOVIA 0x1
00000564 ff1f                 MOVAR 0x60
00000565                      main.o:_00271_DS_:
00000565 e0fc                 BCR 0x3, 0x6
00000566 fe9c                 MOVR 0x63, 0x0
00000567 f6fc                 BTRSS 0x3, 0x2
00000568 c294                 LGOTO 0x56b; main.o:_00273_DS_=0x56b
00000569 def5                 MOVIA 0xa
0000056a ff0d                 MOVAR 0x72
0000056b                      main.o:_00273_DS_:
0000056b e0fc                 BCR 0x3, 0x6
0000056c fe9f                 MOVR 0x60, 0x0
0000056d dbfe                 XORIA 0x1
0000056e f6fc                 BTRSS 0x3, 0x2
0000056f c28b                 LGOTO 0x574; main.o:_00286_DS_=0x574
00000570 dec7                 MOVIA 0x38
00000571 ff1d                 MOVAR 0x62
00000572 fd11                 CLRR 0x6e
00000573 c26c                 LGOTO 0x593; main.o:_00287_DS_=0x593
00000574                      main.o:_00286_DS_:
00000574 e0fc                 BCR 0x3, 0x6
00000575 fe9f                 MOVR 0x60, 0x0
00000576 dbfd                 XORIA 0x2
00000577 f6fc                 BTRSS 0x3, 0x2
00000578 c283                 LGOTO 0x57c; main.o:_00283_DS_=0x57c
00000579 dec2                 MOVIA 0x3d
0000057a ff1d                 MOVAR 0x62
0000057b c26c                 LGOTO 0x593; main.o:_00287_DS_=0x593
0000057c                      main.o:_00283_DS_:
0000057c e0fc                 BCR 0x3, 0x6
0000057d fe9f                 MOVR 0x60, 0x0
0000057e dbfc                 XORIA 0x3
0000057f f6fc                 BTRSS 0x3, 0x2
00000580 c27b                 LGOTO 0x584; main.o:_00280_DS_=0x584
00000581 debd                 MOVIA 0x42
00000582 ff1d                 MOVAR 0x62
00000583 c26c                 LGOTO 0x593; main.o:_00287_DS_=0x593
00000584                      main.o:_00280_DS_:
00000584 e0fc                 BCR 0x3, 0x6
00000585 fe9f                 MOVR 0x60, 0x0
00000586 dbfb                 XORIA 0x4
00000587 f6fc                 BTRSS 0x3, 0x2
00000588 c273                 LGOTO 0x58c; main.o:_00277_DS_=0x58c
00000589 deb8                 MOVIA 0x47
0000058a ff1d                 MOVAR 0x62
0000058b c26c                 LGOTO 0x593; main.o:_00287_DS_=0x593
0000058c                      main.o:_00277_DS_:
0000058c e0fc                 BCR 0x3, 0x6
0000058d fe9f                 MOVR 0x60, 0x0
0000058e dbfa                 XORIA 0x5
0000058f f6fc                 BTRSS 0x3, 0x2
00000590 c26c                 LGOTO 0x593; main.o:_00287_DS_=0x593
00000591 deb3                 MOVIA 0x4c
00000592 ff1d                 MOVAR 0x62
00000593                      main.o:_00287_DS_:
00000593 e0fc                 BCR 0x3, 0x6
00000594 fe9f                 MOVR 0x60, 0x0
00000595 f2fc                 BTRSC 0x3, 0x2
00000596 c265                 LGOTO 0x59a; main.o:_00289_DS_=0x59a
00000597 fe9d                 MOVR 0x62, 0x0
00000598 ffb3                 SFUN 0xc
00000599 d3b9                 LCALL 0x446; _pwmInit=0x446
0000059a                      main.o:_00289_DS_:
0000059a e0fc                 BCR 0x3, 0x6
0000059b fe9f                 MOVR 0x60, 0x0
0000059c ff1e                 MOVAR 0x61
0000059d c23b                 LGOTO 0x5c4; main.o:_00302_DS_=0x5c4
0000059e                      main.o:_00300_DS_:
0000059e e0fc                 BCR 0x3, 0x6
0000059f fed9                 MOVR 0x26, 0x0
000005a0 dbfd                 XORIA 0x2
000005a1 f6fc                 BTRSS 0x3, 0x2
000005a2 c23b                 LGOTO 0x5c4; main.o:_00302_DS_=0x5c4
000005a3 fe9f                 MOVR 0x60, 0x0
000005a4 f2fc                 BTRSC 0x3, 0x2
000005a5 c257                 LGOTO 0x5a8; main.o:_00295_DS_=0x5a8
000005a6 d2bd                 LCALL 0x542; _powerOff=0x542
000005a7 c23e                 LGOTO 0x5c1; main.o:_00296_DS_=0x5c1
000005a8                      main.o:_00295_DS_:
000005a8 e0fc                 BCR 0x3, 0x6
000005a9 fe9c                 MOVR 0x63, 0x0
000005aa dbf5                 XORIA 0xa
000005ab f6fc                 BTRSS 0x3, 0x2
000005ac c24f                 LGOTO 0x5b0; main.o:_00291_DS_=0x5b0
000005ad fd19                 CLRR 0x66
000005ae fd18                 CLRR 0x67
000005af c23b                 LGOTO 0x5c4; main.o:_00302_DS_=0x5c4
000005b0                      main.o:_00291_DS_:
000005b0 e0fc                 BCR 0x3, 0x6
000005b1 fd11                 CLRR 0x6e
000005b2 defe                 MOVIA 0x1
000005b3 ff1e                 MOVAR 0x61
000005b4 ff1f                 MOVAR 0x60
000005b5 dea8                 MOVIA 0x57
000005b6 ffb3                 SFUN 0xc
000005b7 ff10                 MOVAR 0x6f
000005b8 dec7                 MOVIA 0x38
000005b9 ff1d                 MOVAR 0x62
000005ba d3b9                 LCALL 0x446; _pwmInit=0x446
000005bb e0fc                 BCR 0x3, 0x6
000005bc fe9c                 MOVR 0x63, 0x0
000005bd f6fc                 BTRSS 0x3, 0x2
000005be c23e                 LGOTO 0x5c1; main.o:_00296_DS_=0x5c1
000005bf def5                 MOVIA 0xa
000005c0 ff0d                 MOVAR 0x72
000005c1                      main.o:_00296_DS_:
000005c1 e0fc                 BCR 0x3, 0x6
000005c2 fe9f                 MOVR 0x60, 0x0
000005c3 ff1e                 MOVAR 0x61
000005c4                      main.o:_00302_DS_:
000005c4 ffef                 RET
000005c5                      __mulchar:
000005c5 e0fc                 BCR 0x3, 0x6
000005c6 ff33                 MOVAR 0x4c
000005c7 feb8                 MOVR 0x47, 0x0
000005c8 ff32                 MOVAR 0x4d
000005c9 fd31                 CLRR 0x4e
000005ca def7                 MOVIA 0x8
000005cb ff30                 MOVAR 0x4f
000005cc                      _mulchar.o:_00119_DS_:
000005cc e0fc                 BCR 0x3, 0x6
000005cd f7b3                 BTRSS 0x4c, 0x0
000005ce c22e                 LGOTO 0x5d1; _mulchar.o:_00114_DS_=0x5d1
000005cf feb2                 MOVR 0x4d, 0x0
000005d0 fc31                 ADDAR 0x4e, 0x1
000005d1                      _mulchar.o:_00114_DS_:
000005d1 e3fc                 BCR 0x3, 0x0
000005d2 e0fc                 BCR 0x3, 0x6
000005d3 ec33                 RRR 0x4c, 0x1
000005d4 e3fc                 BCR 0x3, 0x0
000005d5 eb32                 RLR 0x4d, 0x1
000005d6 f9b0                 DECR 0x4f, 0x0
000005d7 ff2f                 MOVAR 0x50
000005d8 ff30                 MOVAR 0x4f
000005d9 feaf                 MOVR 0x50, 0x0
000005da f6fc                 BTRSS 0x3, 0x2
000005db c233                 LGOTO 0x5cc; _mulchar.o:_00119_DS_=0x5cc
000005dc feb1                 MOVR 0x4e, 0x0
000005dd ffef                 RET
000005de                      __divuint:
000005de e0fc                 BCR 0x3, 0x6
000005df ff2d                 MOVAR 0x52
000005e0 feb8                 MOVR 0x47, 0x0
000005e1 ff2e                 MOVAR 0x51
000005e2 feb9                 MOVR 0x46, 0x0
000005e3 ff2b                 MOVAR 0x54
000005e4 feba                 MOVR 0x45, 0x0
000005e5 ff2c                 MOVAR 0x53
000005e6 fd2a                 CLRR 0x55
000005e7 fd29                 CLRR 0x56
000005e8 defe                 MOVIA 0x1
000005e9 ff28                 MOVAR 0x57
000005ea fd27                 CLRR 0x58
000005eb feac                 MOVR 0x53, 0x0
000005ec eeab                 IORAR 0x54, 0x0
000005ed f6fc                 BTRSS 0x3, 0x2
000005ee c20d                 LGOTO 0x5f2; _divuint.o:_00107_DS_=0x5f2
000005ef de00                 MOVIA 0xff
000005f0 ff38                 MOVAR 0x47
000005f1 c1d8                 LGOTO 0x627; _divuint.o:_00115_DS_=0x627
000005f2                      _divuint.o:_00107_DS_:
000005f2 e0fc                 BCR 0x3, 0x6
000005f3 f02b                 BTRSC 0x54, 0x7
000005f4 c203                 LGOTO 0x5fc; _divuint.o:_00112_DS_=0x5fc
000005f5 e3fc                 BCR 0x3, 0x0
000005f6 eb2c                 RLR 0x53, 0x1
000005f7 eb2b                 RLR 0x54, 0x1
000005f8 e3fc                 BCR 0x3, 0x0
000005f9 eb28                 RLR 0x57, 0x1
000005fa eb27                 RLR 0x58, 0x1
000005fb c20d                 LGOTO 0x5f2; _divuint.o:_00107_DS_=0x5f2
000005fc                      _divuint.o:_00112_DS_:
000005fc e0fc                 BCR 0x3, 0x6
000005fd fea8                 MOVR 0x57, 0x0
000005fe eea7                 IORAR 0x58, 0x0
000005ff f2fc                 BTRSC 0x3, 0x2
00000600 c1dc                 LGOTO 0x623; _divuint.o:_00114_DS_=0x623
00000601 feab                 MOVR 0x54, 0x0
00000602 fbad                 SUBAR 0x52, 0x0
00000603 f6fc                 BTRSS 0x3, 0x2
00000604 c1f8                 LGOTO 0x607; _divuint.o:_00135_DS_=0x607
00000605 feac                 MOVR 0x53, 0x0
00000606 fbae                 SUBAR 0x51, 0x0
00000607                      _divuint.o:_00135_DS_:
00000607 f7fc                 BTRSS 0x3, 0x0
00000608 c1e4                 LGOTO 0x61b; _divuint.o:_00002_DS_=0x61b
00000609 e0fc                 BCR 0x3, 0x6
0000060a fea8                 MOVR 0x57, 0x0
0000060b fc2a                 ADDAR 0x55, 0x1
0000060c fea7                 MOVR 0x58, 0x0
0000060d f3fc                 BTRSC 0x3, 0x0
0000060e faa7                 INCR 0x58, 0x0
0000060f f2fc                 BTRSC 0x3, 0x2
00000610 c1ed                 LGOTO 0x612; _divuint.o:_00001_DS_=0x612
00000611 fc29                 ADDAR 0x56, 0x1
00000612                      _divuint.o:_00001_DS_:
00000612 e0fc                 BCR 0x3, 0x6
00000613 feac                 MOVR 0x53, 0x0
00000614 fb2e                 SUBAR 0x51, 0x1
00000615 feab                 MOVR 0x54, 0x0
00000616 f7fc                 BTRSS 0x3, 0x0
00000617 faab                 INCR 0x54, 0x0
00000618 f2fc                 BTRSC 0x3, 0x2
00000619 c1e4                 LGOTO 0x61b; _divuint.o:_00002_DS_=0x61b
0000061a fb2d                 SUBAR 0x52, 0x1
0000061b                      _divuint.o:_00002_DS_:
0000061b e3fc                 BCR 0x3, 0x0
0000061c e0fc                 BCR 0x3, 0x6
0000061d ec2b                 RRR 0x54, 0x1
0000061e ec2c                 RRR 0x53, 0x1
0000061f e3fc                 BCR 0x3, 0x0
00000620 ec27                 RRR 0x58, 0x1
00000621 ec28                 RRR 0x57, 0x1
00000622 c203                 LGOTO 0x5fc; _divuint.o:_00112_DS_=0x5fc
00000623                      _divuint.o:_00114_DS_:
00000623 e0fc                 BCR 0x3, 0x6
00000624 feaa                 MOVR 0x55, 0x0
00000625 ff38                 MOVAR 0x47
00000626 fea9                 MOVR 0x56, 0x0
00000627                      _divuint.o:_00115_DS_:
00000627 ffef                 RET
00000628                      ___cinit_load__:
