00000000 c7fe                LGOTO    0x1; __nyc_ny8_startup=0x1
00000001                     __nyc_ny8_startup:
00000001 d306                LCALL    0x4f9; ___cinit_load__=0x4f9
00000002 c413                LGOTO    0x3ec; _main=0x3ec
00000003                     _pwm1Stop:
00000003 fdff                CLRA
00000004 ffae                SFUN     T3CR1
00000005 e0fc                BCR      STATUS, BK0
00000006 e2fa                BCR      PORTA, PA2
00000007 ffef                RET
00000008 c3a6                LGOTO    0x459; _isr=0x459
00000009                     _chrgCtr:
00000009 e4fc                BSR      STATUS, BK0
0000000a fed1                MOVR     0x2e, ToAcc
0000000b f6fc                BTRSS    STATUS, Z
0000000c f951                DECR     0x2e, ToReg
0000000d e0fc                BCR      STATUS, BK0
0000000e f57a                BTRSS    PORTA, PA5
0000000f c6ff                LGOTO    0x100; main.o:_00504_DS_=0x100
00000010 e4fc                BSR      STATUS, BK0
00000011 fd5e                CLRR     0x21
00000012 e0fc                BCR      STATUS, BK0
00000013 fe82                MOVR     0x7d, ToAcc
00000014 f6fc                BTRSS    STATUS, Z
00000015 c7c6                LGOTO    0x39; main.o:_00446_DS_=0x39
00000016 de9b                MOVIA    0x64
00000017 e4fc                BSR      STATUS, BK0
00000018 ff51                MOVAR    0x2e
00000019 e0fc                BCR      STATUS, BK0
0000001a fd1b                CLRR     0x64
0000001b fd1a                CLRR     0x65
0000001c fd19                CLRR     0x66
0000001d fd18                CLRR     0x67
0000001e fd0d                CLRR     0x72
0000001f d6b4                LCALL    0x14b; _checkBatAD=0x14b
00000020 e0fc                BCR      STATUS, BK0
00000021 fedf                MOVR     0x20, ToAcc
00000022 ff15                MOVAR    0x6a
00000023 fede                MOVR     0x21, ToAcc
00000024 ff14                MOVAR    0x6b
00000025 e4fc                BSR      STATUS, BK0
00000026 fd53                CLRR     0x2c
00000027 def9                MOVIA    0x6
00000028 e0fc                BCR      STATUS, BK0
00000029 fbde                SUBAR    0x21, ToAcc
0000002a f6fc                BTRSS    STATUS, Z
0000002b c7d1                LGOTO    0x2e; main.o:_00589_DS_=0x2e
0000002c def5                MOVIA    0xa
0000002d fbdf                SUBAR    0x20, ToAcc
0000002e                     main.o:_00589_DS_:
0000002e f7fc                BTRSS    STATUS, C
0000002f c7cb                LGOTO    0x34; main.o:_00443_DS_=0x34
00000030 defe                MOVIA    0x1
00000031 e4fc                BSR      STATUS, BK0
00000032 ff5d                MOVAR    0x22
00000033 c7c9                LGOTO    0x36; main.o:_00444_DS_=0x36
00000034                     main.o:_00443_DS_:
00000034 e4fc                BSR      STATUS, BK0
00000035 fd5d                CLRR     0x22
00000036                     main.o:_00444_DS_:
00000036 defe                MOVIA    0x1
00000037 e0fc                BCR      STATUS, BK0
00000038 ff02                MOVAR    0x7d
00000039                     main.o:_00446_DS_:
00000039 e0fc                BCR      STATUS, BK0
0000003a fd10                CLRR     0x6f
0000003b fd08                CLRR     0x77
0000003c d141                LCALL    0x6be; _pwmStop=0x6be
0000003d e4fc                BSR      STATUS, BK0
0000003e fedd                MOVR     0x22, ToAcc
0000003f f6fc                BTRSS    STATUS, Z
00000040 c7b9                LGOTO    0x46; main.o:_00485_DS_=0x46
00000041 e0fc                BCR      STATUS, BK0
00000042 fe8d                MOVR     0x72, ToAcc
00000043 dbf6                XORIA    0x9
00000044 f6fc                BTRSS    STATUS, Z
00000045 c7af                LGOTO    0x50; main.o:_00486_DS_=0x50
00000046                     main.o:_00485_DS_:
00000046 def7                MOVIA    0x8
00000047 e0fc                BCR      STATUS, BK0
00000048 ff0f                MOVAR    0x70
00000049 e7fa                BSR      PORTA, PA0
0000004a e37a                BCR      PORTA, PA1
0000004b d7fc                LCALL    0x3; _pwm1Stop=0x3
0000004c defe                MOVIA    0x1
0000004d e4fc                BSR      STATUS, BK0
0000004e ff5d                MOVAR    0x22
0000004f c6b5                LGOTO    0x14a; main.o:_00506_DS_=0x14a
00000050                     main.o:_00486_DS_:
00000050 e4fc                BSR      STATUS, BK0
00000051 fd5c                CLRR     0x23
00000052 e0fc                BCR      STATUS, BK0
00000053 fe8d                MOVR     0x72, ToAcc
00000054 e4fc                BSR      STATUS, BK0
00000055 fbd3                SUBAR    0x2c, ToAcc
00000056 f3fc                BTRSC    STATUS, C
00000057 c78c                LGOTO    0x73; main.o:_00453_DS_=0x73
00000058 e0fc                BCR      STATUS, BK0
00000059 fa17                INCR     0x68, ToReg
0000005a f2fc                BTRSC    STATUS, Z
0000005b fa16                INCR     0x69, ToReg
0000005c ded8                MOVIA    0x27
0000005d fb96                SUBAR    0x69, ToAcc
0000005e f6fc                BTRSS    STATUS, Z
0000005f c79d                LGOTO    0x62; main.o:_00591_DS_=0x62
00000060 deee                MOVIA    0x11
00000061 fb97                SUBAR    0x68, ToAcc
00000062                     main.o:_00591_DS_:
00000062 f7fc                BTRSS    STATUS, C
00000063 c789                LGOTO    0x76; main.o:_00454_DS_=0x76
00000064 e0fc                BCR      STATUS, BK0
00000065 fd17                CLRR     0x68
00000066 fd16                CLRR     0x69
00000067 def7                MOVIA    0x8
00000068 fb8d                SUBAR    0x72, ToAcc
00000069 f3fc                BTRSC    STATUS, C
0000006a c790                LGOTO    0x6f; main.o:_00448_DS_=0x6f
0000006b fe8d                MOVR     0x72, ToAcc
0000006c e4fc                BSR      STATUS, BK0
0000006d ff53                MOVAR    0x2c
0000006e c789                LGOTO    0x76; main.o:_00454_DS_=0x76
0000006f                     main.o:_00448_DS_:
0000006f def8                MOVIA    0x7
00000070 e4fc                BSR      STATUS, BK0
00000071 ff53                MOVAR    0x2c
00000072 c789                LGOTO    0x76; main.o:_00454_DS_=0x76
00000073                     main.o:_00453_DS_:
00000073 e0fc                BCR      STATUS, BK0
00000074 fd17                CLRR     0x68
00000075 fd16                CLRR     0x69
00000076                     main.o:_00454_DS_:
00000076 e4fc                BSR      STATUS, BK0
00000077 fed3                MOVR     0x2c, ToAcc
00000078 f6fc                BTRSS    STATUS, Z
00000079 c776                LGOTO    0x89; main.o:_00459_DS_=0x89
0000007a e0fc                BCR      STATUS, BK0
0000007b fe8d                MOVR     0x72, ToAcc
0000007c ff0f                MOVAR    0x70
0000007d def9                MOVIA    0x6
0000007e fb8d                SUBAR    0x72, ToAcc
0000007f f3fc                BTRSC    STATUS, C
00000080 c77a                LGOTO    0x85; main.o:_00456_DS_=0x85
00000081 fa8f                INCR     0x70, ToAcc
00000082 e4fc                BSR      STATUS, BK0
00000083 ff53                MOVAR    0x2c
00000084 c772                LGOTO    0x8d; main.o:_00460_DS_=0x8d
00000085                     main.o:_00456_DS_:
00000085 def8                MOVIA    0x7
00000086 e4fc                BSR      STATUS, BK0
00000087 ff53                MOVAR    0x2c
00000088 c772                LGOTO    0x8d; main.o:_00460_DS_=0x8d
00000089                     main.o:_00459_DS_:
00000089 e4fc                BSR      STATUS, BK0
0000008a fed3                MOVR     0x2c, ToAcc
0000008b e0fc                BCR      STATUS, BK0
0000008c ff0f                MOVAR    0x70
0000008d                     main.o:_00460_DS_:
0000008d e0fc                BCR      STATUS, BK0
0000008e e3fa                BCR      PORTA, PA0
0000008f dedb                MOVIA    0x24
00000090 fb92                SUBAR    0x6d, ToAcc
00000091 f3fc                BTRSC    STATUS, C
00000092 c76a                LGOTO    0x95; main.o:_00462_DS_=0x95
00000093 e77a                BSR      PORTA, PA1
00000094 c768                LGOTO    0x97; main.o:_00463_DS_=0x97
00000095                     main.o:_00462_DS_:
00000095 e0fc                BCR      STATUS, BK0
00000096 e37a                BCR      PORTA, PA1
00000097                     main.o:_00463_DS_:
00000097 e4fc                BSR      STATUS, BK0
00000098 fed2                MOVR     0x2d, ToAcc
00000099 f2fc                BTRSC    STATUS, Z
0000009a c762                LGOTO    0x9d; main.o:_00465_DS_=0x9d
0000009b d7fc                LCALL    0x3; _pwm1Stop=0x3
0000009c c6b5                LGOTO    0x14a; main.o:_00506_DS_=0x14a
0000009d                     main.o:_00465_DS_:
0000009d def9                MOVIA    0x6
0000009e e0fc                BCR      STATUS, BK0
0000009f fb8c                SUBAR    0x73, ToAcc
000000a0 f7fc                BTRSS    STATUS, C
000000a1 c6b5                LGOTO    0x14a; main.o:_00506_DS_=0x14a
000000a2 deff                MOVIA    0x0
000000a3 fbdc                SUBAR    0x23, ToAcc
000000a4 f6fc                BTRSS    STATUS, Z
000000a5 c757                LGOTO    0xa8; main.o:_00596_DS_=0xa8
000000a6 dee5                MOVIA    0x1a
000000a7 fbdd                SUBAR    0x22, ToAcc
000000a8                     main.o:_00596_DS_:
000000a8 f3fc                BTRSC    STATUS, C
000000a9 c746                LGOTO    0xb9; main.o:_00467_DS_=0xb9
000000aa e4fc                BSR      STATUS, BK0
000000ab feda                MOVR     0x25, ToAcc
000000ac e0fc                BCR      STATUS, BK0
000000ad ff4c                MOVAR    0x33
000000ae deff                MOVIA    0x0
000000af fbdc                SUBAR    0x23, ToAcc
000000b0 f6fc                BTRSS    STATUS, Z
000000b1 c74b                LGOTO    0xb4; main.o:_00597_DS_=0xb4
000000b2 fecc                MOVR     0x33, ToAcc
000000b3 fbdd                SUBAR    0x22, ToAcc
000000b4                     main.o:_00597_DS_:
000000b4 f7fc                BTRSS    STATUS, C
000000b5 c746                LGOTO    0xb9; main.o:_00467_DS_=0xb9
000000b6 e4fc                BSR      STATUS, BK0
000000b7 fd59                CLRR     0x26
000000b8 fd57                CLRR     0x28
000000b9                     main.o:_00467_DS_:
000000b9 deff                MOVIA    0x0
000000ba e0fc                BCR      STATUS, BK0
000000bb fbdc                SUBAR    0x23, ToAcc
000000bc f6fc                BTRSS    STATUS, Z
000000bd c73f                LGOTO    0xc0; main.o:_00598_DS_=0xc0
000000be dee5                MOVIA    0x1a
000000bf fbdd                SUBAR    0x22, ToAcc
000000c0                     main.o:_00598_DS_:
000000c0 f7fc                BTRSS    STATUS, C
000000c1 c72c                LGOTO    0xd3; main.o:_00477_DS_=0xd3
000000c2 e4fc                BSR      STATUS, BK0
000000c3 fa59                INCR     0x26, ToReg
000000c4 fed9                MOVR     0x26, ToAcc
000000c5 fbd6                SUBAR    0x29, ToAcc
000000c6 f3fc                BTRSC    STATUS, C
000000c7 c72f                LGOTO    0xd0; main.o:_00470_DS_=0xd0
000000c8 defe                MOVIA    0x1
000000c9 ff58                MOVAR    0x27
000000ca f955                DECR     0x2a, ToReg
000000cb fd59                CLRR     0x26
000000cc dee7                MOVIA    0x18
000000cd ff5a                MOVAR    0x25
000000ce de05                MOVIA    0xfa
000000cf ff56                MOVAR    0x29
000000d0                     main.o:_00470_DS_:
000000d0 e4fc                BSR      STATUS, BK0
000000d1 fd57                CLRR     0x28
000000d2 c712                LGOTO    0xed; main.o:_00478_DS_=0xed
000000d3                     main.o:_00477_DS_:
000000d3 e4fc                BSR      STATUS, BK0
000000d4 feda                MOVR     0x25, ToAcc
000000d5 e0fc                BCR      STATUS, BK0
000000d6 ff4c                MOVAR    0x33
000000d7 deff                MOVIA    0x0
000000d8 fbdc                SUBAR    0x23, ToAcc
000000d9 f6fc                BTRSS    STATUS, Z
000000da c722                LGOTO    0xdd; main.o:_00600_DS_=0xdd
000000db fecc                MOVR     0x33, ToAcc
000000dc fbdd                SUBAR    0x22, ToAcc
000000dd                     main.o:_00600_DS_:
000000dd f7fc                BTRSS    STATUS, C
000000de c71c                LGOTO    0xe3; main.o:_00473_DS_=0xe3
000000df e4fc                BSR      STATUS, BK0
000000e0 fed8                MOVR     0x27, ToAcc
000000e1 f6fc                BTRSS    STATUS, Z
000000e2 c712                LGOTO    0xed; main.o:_00478_DS_=0xed
000000e3                     main.o:_00473_DS_:
000000e3 e4fc                BSR      STATUS, BK0
000000e4 fa57                INCR     0x28, ToReg
000000e5 fed7                MOVR     0x28, ToAcc
000000e6 fbd6                SUBAR    0x29, ToAcc
000000e7 f3fc                BTRSC    STATUS, C
000000e8 c714                LGOTO    0xeb; main.o:_00472_DS_=0xeb
000000e9 fa55                INCR     0x2a, ToReg
000000ea fd57                CLRR     0x28
000000eb                     main.o:_00472_DS_:
000000eb e4fc                BSR      STATUS, BK0
000000ec fd59                CLRR     0x26
000000ed                     main.o:_00478_DS_:
000000ed defe                MOVIA    0x1
000000ee e4fc                BSR      STATUS, BK0
000000ef fbd5                SUBAR    0x2a, ToAcc
000000f0 f3fc                BTRSC    STATUS, C
000000f1 c70b                LGOTO    0xf4; main.o:_00480_DS_=0xf4
000000f2 defe                MOVIA    0x1
000000f3 ff55                MOVAR    0x2a
000000f4                     main.o:_00480_DS_:
000000f4 dede                MOVIA    0x21
000000f5 e4fc                BSR      STATUS, BK0
000000f6 fbd5                SUBAR    0x2a, ToAcc
000000f7 f7fc                BTRSS    STATUS, C
000000f8 c704                LGOTO    0xfb; main.o:_00482_DS_=0xfb
000000f9 dedf                MOVIA    0x20
000000fa ff55                MOVAR    0x2a
000000fb                     main.o:_00482_DS_:
000000fb e4fc                BSR      STATUS, BK0
000000fc fed5                MOVR     0x2a, ToAcc
000000fd ffac                SFUN     PWM3DUTY
000000fe d16e                LCALL    0x691; _pwm1Init=0x691
000000ff c6b5                LGOTO    0x14a; main.o:_00506_DS_=0x14a
00000100                     main.o:_00504_DS_:
00000100 e4fc                BSR      STATUS, BK0
00000101 fd52                CLRR     0x2d
00000102 fd58                CLRR     0x27
00000103 def5                MOVIA    0xa
00000104 ff56                MOVAR    0x29
00000105 dee7                MOVIA    0x18
00000106 ff5a                MOVAR    0x25
00000107 fd55                CLRR     0x2a
00000108 d7fc                LCALL    0x3; _pwm1Stop=0x3
00000109 e4fc                BSR      STATUS, BK0
0000010a fd5d                CLRR     0x22
0000010b fd5c                CLRR     0x23
0000010c fd5f                CLRR     0x20
0000010d e0fc                BCR      STATUS, BK0
0000010e fe90                MOVR     0x6f, ToAcc
0000010f f2fc                BTRSC    STATUS, Z
00000110 c6d4                LGOTO    0x12b; main.o:_00492_DS_=0x12b
00000111 fe8d                MOVR     0x72, ToAcc
00000112 f6fc                BTRSS    STATUS, Z
00000113 c6d4                LGOTO    0x12b; main.o:_00492_DS_=0x12b
00000114 fa1d                INCR     0x62, ToReg
00000115 f2fc                BTRSC    STATUS, Z
00000116 fa1c                INCR     0x63, ToReg
00000117 dee8                MOVIA    0x17
00000118 fb9c                SUBAR    0x63, ToAcc
00000119 f6fc                BTRSS    STATUS, Z
0000011a c6e2                LGOTO    0x11d; main.o:_00604_DS_=0x11d
0000011b de8e                MOVIA    0x71
0000011c fb9d                SUBAR    0x62, ToAcc
0000011d                     main.o:_00604_DS_:
0000011d f7fc                BTRSS    STATUS, C
0000011e c6d1                LGOTO    0x12e; main.o:_00493_DS_=0x12e
0000011f de0b                MOVIA    0xf4
00000120 e0fc                BCR      STATUS, BK0
00000121 ff1f                MOVAR    0x60
00000122 defe                MOVIA    0x1
00000123 ff1e                MOVAR    0x61
00000124 e4fc                BSR      STATUS, BK0
00000125 ff5e                MOVAR    0x21
00000126 e0fc                BCR      STATUS, BK0
00000127 fd1d                CLRR     0x62
00000128 fd1c                CLRR     0x63
00000129 d14a                LCALL    0x6b5; _powerOff=0x6b5
0000012a c6d1                LGOTO    0x12e; main.o:_00493_DS_=0x12e
0000012b                     main.o:_00492_DS_:
0000012b e0fc                BCR      STATUS, BK0
0000012c fd1d                CLRR     0x62
0000012d fd1c                CLRR     0x63
0000012e                     main.o:_00493_DS_:
0000012e e0fc                BCR      STATUS, BK0
0000012f fe9f                MOVR     0x60, ToAcc
00000130 ee9e                IORAR    0x61, ToAcc
00000131 f2fc                BTRSC    STATUS, Z
00000132 c6bf                LGOTO    0x140; main.o:_00499_DS_=0x140
00000133 de00                MOVIA    0xff
00000134 fc1f                ADDAR    0x60, ToReg
00000135 f7fc                BTRSS    STATUS, C
00000136 f91e                DECR     0x61, ToReg
00000137 dee1                MOVIA    0x1e
00000138 fb92                SUBAR    0x6d, ToAcc
00000139 f3fc                BTRSC    STATUS, C
0000013a c6c2                LGOTO    0x13d; main.o:_00496_DS_=0x13d
0000013b e77a                BSR      PORTA, PA1
0000013c c6bd                LGOTO    0x142; main.o:_00500_DS_=0x142
0000013d                     main.o:_00496_DS_:
0000013d e0fc                BCR      STATUS, BK0
0000013e e37a                BCR      PORTA, PA1
0000013f c6bd                LGOTO    0x142; main.o:_00500_DS_=0x142
00000140                     main.o:_00499_DS_:
00000140 e0fc                BCR      STATUS, BK0
00000141 e37a                BCR      PORTA, PA1
00000142                     main.o:_00500_DS_:
00000142 e0fc                BCR      STATUS, BK0
00000143 e3fa                BCR      PORTA, PA0
00000144 fe90                MOVR     0x6f, ToAcc
00000145 f6fc                BTRSS    STATUS, Z
00000146 c6b7                LGOTO    0x148; main.o:_00006_DS_=0x148
00000147 fd0f                CLRR     0x70
00000148                     main.o:_00006_DS_:
00000148 e0fc                BCR      STATUS, BK0
00000149 fd02                CLRR     0x7d
0000014a                     main.o:_00506_DS_:
0000014a ffef                RET
0000014b                     _checkBatAD:
0000014b e0fc                BCR      STATUS, BK0
0000014c fd5b                CLRR     0x24
0000014d fd5f                CLRR     0x20
0000014e fd5e                CLRR     0x21
0000014f def7                MOVIA    0x8
00000150 d27c                LCALL    0x583; _F_AIN4_Convert=0x583
00000151 e0fc                BCR      STATUS, BK0
00000152 eade                SWAPR    0x21, ToAcc
00000153 dd0f                ANDIA    0xf0
00000154 ff5e                MOVAR    0x21
00000155 eadf                SWAPR    0x20, ToAcc
00000156 ff5f                MOVAR    0x20
00000157 ddf0                ANDIA    0xf
00000158 ee5e                IORAR    0x21, ToReg
00000159 ed5f                XORAR    0x20, ToReg
0000015a de0f                MOVIA    0xf0
0000015b ef5b                ANDAR    0x24, ToReg
0000015c fedb                MOVR     0x24, ToAcc
0000015d ff49                MOVAR    0x36
0000015e deff                MOVIA    0x0
0000015f ff48                MOVAR    0x37
00000160 fec9                MOVR     0x36, ToAcc
00000161 fc5f                ADDAR    0x20, ToReg
00000162 fec8                MOVR     0x37, ToAcc
00000163 f3fc                BTRSC    STATUS, C
00000164 fac8                INCR     0x37, ToAcc
00000165 f2fc                BTRSC    STATUS, Z
00000166 c697                LGOTO    0x168; main.o:_00005_DS_=0x168
00000167 fc5e                ADDAR    0x21, ToReg
00000168                     main.o:_00005_DS_:
00000168 e3fc                BCR      STATUS, C
00000169 e0fc                BCR      STATUS, BK0
0000016a ec5e                RRR      0x21, ToReg
0000016b ec5f                RRR      0x20, ToReg
0000016c e3fc                BCR      STATUS, C
0000016d ec5e                RRR      0x21, ToReg
0000016e ec5f                RRR      0x20, ToReg
0000016f e3fc                BCR      STATUS, C
00000170 ec5e                RRR      0x21, ToReg
00000171 ec5f                RRR      0x20, ToReg
00000172 def9                MOVIA    0x6
00000173 fbde                SUBAR    0x21, ToAcc
00000174 f6fc                BTRSS    STATUS, Z
00000175 c687                LGOTO    0x178; main.o:_00699_DS_=0x178
00000176 debe                MOVIA    0x41
00000177 fbdf                SUBAR    0x20, ToAcc
00000178                     main.o:_00699_DS_:
00000178 f7fc                BTRSS    STATUS, C
00000179 c680                LGOTO    0x17f; main.o:_00623_DS_=0x17f
0000017a defe                MOVIA    0x1
0000017b e4fc                BSR      STATUS, BK0
0000017c ff52                MOVAR    0x2d
0000017d ffac                SFUN     PWM3DUTY
0000017e ff55                MOVAR    0x2a
0000017f                     main.o:_00623_DS_:
0000017f e0fc                BCR      STATUS, BK0
00000180 fede                MOVR     0x21, ToAcc
00000181 fb98                SUBAR    0x67, ToAcc
00000182 f6fc                BTRSS    STATUS, Z
00000183 c679                LGOTO    0x186; main.o:_00700_DS_=0x186
00000184 fedf                MOVR     0x20, ToAcc
00000185 fb99                SUBAR    0x66, ToAcc
00000186                     main.o:_00700_DS_:
00000186 f3fc                BTRSC    STATUS, C
00000187 c672                LGOTO    0x18d; main.o:_00625_DS_=0x18d
00000188 e0fc                BCR      STATUS, BK0
00000189 fedf                MOVR     0x20, ToAcc
0000018a ff19                MOVAR    0x66
0000018b fede                MOVR     0x21, ToAcc
0000018c ff18                MOVAR    0x67
0000018d                     main.o:_00625_DS_:
0000018d def9                MOVIA    0x6
0000018e e0fc                BCR      STATUS, BK0
0000018f fbde                SUBAR    0x21, ToAcc
00000190 f6fc                BTRSS    STATUS, Z
00000191 c66b                LGOTO    0x194; main.o:_00701_DS_=0x194
00000192 deeb                MOVIA    0x14
00000193 fbdf                SUBAR    0x20, ToAcc
00000194                     main.o:_00701_DS_:
00000194 f7fc                BTRSS    STATUS, C
00000195 c64f                LGOTO    0x1b0; main.o:_00630_DS_=0x1b0
00000196 e0fc                BCR      STATUS, BK0
00000197 fa1b                INCR     0x64, ToReg
00000198 f2fc                BTRSC    STATUS, Z
00000199 fa1a                INCR     0x65, ToReg
0000019a def6                MOVIA    0x9
0000019b fb9a                SUBAR    0x65, ToAcc
0000019c f6fc                BTRSS    STATUS, Z
0000019d c65f                LGOTO    0x1a0; main.o:_00702_DS_=0x1a0
0000019e de3a                MOVIA    0xc5
0000019f fb9b                SUBAR    0x64, ToAcc
000001a0                     main.o:_00702_DS_:
000001a0 f7fc                BTRSS    STATUS, C
000001a1 c656                LGOTO    0x1a9; main.o:_00627_DS_=0x1a9
000001a2 de3b                MOVIA    0xc4
000001a3 e0fc                BCR      STATUS, BK0
000001a4 ff1b                MOVAR    0x64
000001a5 def6                MOVIA    0x9
000001a6 ff1a                MOVAR    0x65
000001a7 ff0d                MOVAR    0x72
000001a8 c5d0                LGOTO    0x22f; main.o:_00658_DS_=0x22f
000001a9                     main.o:_00627_DS_:
000001a9 de9c                MOVIA    0x63
000001aa e4fc                BSR      STATUS, BK0
000001ab ff54                MOVAR    0x2b
000001ac def7                MOVIA    0x8
000001ad e0fc                BCR      STATUS, BK0
000001ae ff0d                MOVAR    0x72
000001af c64c                LGOTO    0x1b3; main.o:_00631_DS_=0x1b3
000001b0                     main.o:_00630_DS_:
000001b0 e0fc                BCR      STATUS, BK0
000001b1 fd1b                CLRR     0x64
000001b2 fd1a                CLRR     0x65
000001b3                     main.o:_00631_DS_:
000001b3 def9                MOVIA    0x6
000001b4 e0fc                BCR      STATUS, BK0
000001b5 fbde                SUBAR    0x21, ToAcc
000001b6 f6fc                BTRSS    STATUS, Z
000001b7 c645                LGOTO    0x1ba; main.o:_00703_DS_=0x1ba
000001b8 def6                MOVIA    0x9
000001b9 fbdf                SUBAR    0x20, ToAcc
000001ba                     main.o:_00703_DS_:
000001ba f7fc                BTRSS    STATUS, C
000001bb c63f                LGOTO    0x1c0; main.o:_00654_DS_=0x1c0
000001bc def7                MOVIA    0x8
000001bd e0fc                BCR      STATUS, BK0
000001be ff0d                MOVAR    0x72
000001bf c5d6                LGOTO    0x229; main.o:_00655_DS_=0x229
000001c0                     main.o:_00654_DS_:
000001c0 defa                MOVIA    0x5
000001c1 e0fc                BCR      STATUS, BK0
000001c2 fbde                SUBAR    0x21, ToAcc
000001c3 f6fc                BTRSS    STATUS, Z
000001c4 c638                LGOTO    0x1c7; main.o:_00704_DS_=0x1c7
000001c5 de04                MOVIA    0xfb
000001c6 fbdf                SUBAR    0x20, ToAcc
000001c7                     main.o:_00704_DS_:
000001c7 f7fc                BTRSS    STATUS, C
000001c8 c630                LGOTO    0x1cf; main.o:_00651_DS_=0x1cf
000001c9 def8                MOVIA    0x7
000001ca e0fc                BCR      STATUS, BK0
000001cb ff0d                MOVAR    0x72
000001cc e4fc                BSR      STATUS, BK0
000001cd fd5d                CLRR     0x22
000001ce c5d6                LGOTO    0x229; main.o:_00655_DS_=0x229
000001cf                     main.o:_00651_DS_:
000001cf defa                MOVIA    0x5
000001d0 e0fc                BCR      STATUS, BK0
000001d1 fbde                SUBAR    0x21, ToAcc
000001d2 f6fc                BTRSS    STATUS, Z
000001d3 c629                LGOTO    0x1d6; main.o:_00705_DS_=0x1d6
000001d4 de1d                MOVIA    0xe2
000001d5 fbdf                SUBAR    0x20, ToAcc
000001d6                     main.o:_00705_DS_:
000001d6 f7fc                BTRSS    STATUS, C
000001d7 c621                LGOTO    0x1de; main.o:_00648_DS_=0x1de
000001d8 def9                MOVIA    0x6
000001d9 e0fc                BCR      STATUS, BK0
000001da ff0d                MOVAR    0x72
000001db e4fc                BSR      STATUS, BK0
000001dc fd5d                CLRR     0x22
000001dd c5d6                LGOTO    0x229; main.o:_00655_DS_=0x229
000001de                     main.o:_00648_DS_:
000001de defa                MOVIA    0x5
000001df e0fc                BCR      STATUS, BK0
000001e0 fbde                SUBAR    0x21, ToAcc
000001e1 f6fc                BTRSS    STATUS, Z
000001e2 c61a                LGOTO    0x1e5; main.o:_00706_DS_=0x1e5
000001e3 de31                MOVIA    0xce
000001e4 fbdf                SUBAR    0x20, ToAcc
000001e5                     main.o:_00706_DS_:
000001e5 f7fc                BTRSS    STATUS, C
000001e6 c612                LGOTO    0x1ed; main.o:_00645_DS_=0x1ed
000001e7 defa                MOVIA    0x5
000001e8 e0fc                BCR      STATUS, BK0
000001e9 ff0d                MOVAR    0x72
000001ea e4fc                BSR      STATUS, BK0
000001eb fd5d                CLRR     0x22
000001ec c5d6                LGOTO    0x229; main.o:_00655_DS_=0x229
000001ed                     main.o:_00645_DS_:
000001ed defa                MOVIA    0x5
000001ee e0fc                BCR      STATUS, BK0
000001ef fbde                SUBAR    0x21, ToAcc
000001f0 f6fc                BTRSS    STATUS, Z
000001f1 c60b                LGOTO    0x1f4; main.o:_00707_DS_=0x1f4
000001f2 de4f                MOVIA    0xb0
000001f3 fbdf                SUBAR    0x20, ToAcc
000001f4                     main.o:_00707_DS_:
000001f4 f7fc                BTRSS    STATUS, C
000001f5 c603                LGOTO    0x1fc; main.o:_00642_DS_=0x1fc
000001f6 defb                MOVIA    0x4
000001f7 e0fc                BCR      STATUS, BK0
000001f8 ff0d                MOVAR    0x72
000001f9 e4fc                BSR      STATUS, BK0
000001fa fd5d                CLRR     0x22
000001fb c5d6                LGOTO    0x229; main.o:_00655_DS_=0x229
000001fc                     main.o:_00642_DS_:
000001fc defa                MOVIA    0x5
000001fd e0fc                BCR      STATUS, BK0
000001fe fbde                SUBAR    0x21, ToAcc
000001ff f6fc                BTRSS    STATUS, Z
00000200 c5fc                LGOTO    0x203; main.o:_00708_DS_=0x203
00000201 de7c                MOVIA    0x83
00000202 fbdf                SUBAR    0x20, ToAcc
00000203                     main.o:_00708_DS_:
00000203 f7fc                BTRSS    STATUS, C
00000204 c5f4                LGOTO    0x20b; main.o:_00639_DS_=0x20b
00000205 defc                MOVIA    0x3
00000206 e0fc                BCR      STATUS, BK0
00000207 ff0d                MOVAR    0x72
00000208 e4fc                BSR      STATUS, BK0
00000209 fd5d                CLRR     0x22
0000020a c5d6                LGOTO    0x229; main.o:_00655_DS_=0x229
0000020b                     main.o:_00639_DS_:
0000020b defa                MOVIA    0x5
0000020c e0fc                BCR      STATUS, BK0
0000020d fbde                SUBAR    0x21, ToAcc
0000020e f6fc                BTRSS    STATUS, Z
0000020f c5ed                LGOTO    0x212; main.o:_00709_DS_=0x212
00000210 deae                MOVIA    0x51
00000211 fbdf                SUBAR    0x20, ToAcc
00000212                     main.o:_00709_DS_:
00000212 f7fc                BTRSS    STATUS, C
00000213 c5e5                LGOTO    0x21a; main.o:_00636_DS_=0x21a
00000214 defd                MOVIA    0x2
00000215 e0fc                BCR      STATUS, BK0
00000216 ff0d                MOVAR    0x72
00000217 e4fc                BSR      STATUS, BK0
00000218 fd5d                CLRR     0x22
00000219 c5d6                LGOTO    0x229; main.o:_00655_DS_=0x229
0000021a                     main.o:_00636_DS_:
0000021a defb                MOVIA    0x4
0000021b e0fc                BCR      STATUS, BK0
0000021c fbde                SUBAR    0x21, ToAcc
0000021d f6fc                BTRSS    STATUS, Z
0000021e c5de                LGOTO    0x221; main.o:_00710_DS_=0x221
0000021f de06                MOVIA    0xf9
00000220 fbdf                SUBAR    0x20, ToAcc
00000221                     main.o:_00710_DS_:
00000221 f7fc                BTRSS    STATUS, C
00000222 c5d8                LGOTO    0x227; main.o:_00633_DS_=0x227
00000223 defe                MOVIA    0x1
00000224 e0fc                BCR      STATUS, BK0
00000225 ff0d                MOVAR    0x72
00000226 c5d6                LGOTO    0x229; main.o:_00655_DS_=0x229
00000227                     main.o:_00633_DS_:
00000227 e0fc                BCR      STATUS, BK0
00000228 fd0d                CLRR     0x72
00000229                     main.o:_00655_DS_:
00000229 e0fc                BCR      STATUS, BK0
0000022a fe90                MOVR     0x6f, ToAcc
0000022b f2fc                BTRSC    STATUS, Z
0000022c c5d0                LGOTO    0x22f; main.o:_00658_DS_=0x22f
0000022d fe90                MOVR     0x6f, ToAcc
0000022e ff0f                MOVAR    0x70
0000022f                     main.o:_00658_DS_:
0000022f ffef                RET
00000230                     _keyCtr:
00000230 e0fc                BCR      STATUS, BK0
00000231 f8fa                COMR     PORTA, ToAcc
00000232 ff59                MOVAR    0x26
00000233 debf                MOVIA    0x40
00000234 ef59                ANDAR    0x26, ToReg
00000235 fed9                MOVR     0x26, ToAcc
00000236 d2cb                LCALL    0x534; _keyRead=0x534
00000237 e0fc                BCR      STATUS, BK0
00000238 ff59                MOVAR    0x26
00000239 dbfe                XORIA    0x1
0000023a f6fc                BTRSS    STATUS, Z
0000023b c523                LGOTO    0x2dc; main.o:_00296_DS_=0x2dc
0000023c fd12                CLRR     0x6d
0000023d fd08                CLRR     0x77
0000023e fe90                MOVR     0x6f, ToAcc
0000023f f6fc                BTRSS    STATUS, Z
00000240 c5bc                LGOTO    0x243; main.o:_00230_DS_=0x243
00000241 fd0b                CLRR     0x74
00000242 c4f0                LGOTO    0x30f; main.o:_00298_DS_=0x30f
00000243                     main.o:_00230_DS_:
00000243 e0fc                BCR      STATUS, BK0
00000244 fd0a                CLRR     0x75
00000245 fa10                INCR     0x6f, ToReg
00000246 def6                MOVIA    0x9
00000247 fb90                SUBAR    0x6f, ToAcc
00000248 f7fc                BTRSS    STATUS, C
00000249 c5b3                LGOTO    0x24c; main.o:_00232_DS_=0x24c
0000024a defe                MOVIA    0x1
0000024b ff10                MOVAR    0x6f
0000024c                     main.o:_00232_DS_:
0000024c def9                MOVIA    0x6
0000024d e0fc                BCR      STATUS, BK0
0000024e ff06                MOVAR    0x79
0000024f defa                MOVIA    0x5
00000250 fb8d                SUBAR    0x72, ToAcc
00000251 f3fc                BTRSC    STATUS, C
00000252 c56d                LGOTO    0x292; main.o:_00280_DS_=0x292
00000253 fe90                MOVR     0x6f, ToAcc
00000254 dbfe                XORIA    0x1
00000255 f6fc                BTRSS    STATUS, Z
00000256 c5a5                LGOTO    0x25a; main.o:_00254_DS_=0x25a
00000257 decd                MOVIA    0x32
00000258 ff0e                MOVAR    0x71
00000259 c52e                LGOTO    0x2d1; main.o:_00281_DS_=0x2d1
0000025a                     main.o:_00254_DS_:
0000025a e0fc                BCR      STATUS, BK0
0000025b fe90                MOVR     0x6f, ToAcc
0000025c dbfd                XORIA    0x2
0000025d f6fc                BTRSS    STATUS, Z
0000025e c59d                LGOTO    0x262; main.o:_00251_DS_=0x262
0000025f decb                MOVIA    0x34
00000260 ff0e                MOVAR    0x71
00000261 c52e                LGOTO    0x2d1; main.o:_00281_DS_=0x2d1
00000262                     main.o:_00251_DS_:
00000262 e0fc                BCR      STATUS, BK0
00000263 fe90                MOVR     0x6f, ToAcc
00000264 dbfc                XORIA    0x3
00000265 f6fc                BTRSS    STATUS, Z
00000266 c595                LGOTO    0x26a; main.o:_00248_DS_=0x26a
00000267 dec9                MOVIA    0x36
00000268 ff0e                MOVAR    0x71
00000269 c52e                LGOTO    0x2d1; main.o:_00281_DS_=0x2d1
0000026a                     main.o:_00248_DS_:
0000026a e0fc                BCR      STATUS, BK0
0000026b fe90                MOVR     0x6f, ToAcc
0000026c dbfb                XORIA    0x4
0000026d f6fc                BTRSS    STATUS, Z
0000026e c58d                LGOTO    0x272; main.o:_00245_DS_=0x272
0000026f dec7                MOVIA    0x38
00000270 ff0e                MOVAR    0x71
00000271 c52e                LGOTO    0x2d1; main.o:_00281_DS_=0x2d1
00000272                     main.o:_00245_DS_:
00000272 e0fc                BCR      STATUS, BK0
00000273 fe90                MOVR     0x6f, ToAcc
00000274 dbfa                XORIA    0x5
00000275 f6fc                BTRSS    STATUS, Z
00000276 c585                LGOTO    0x27a; main.o:_00242_DS_=0x27a
00000277 dec5                MOVIA    0x3a
00000278 ff0e                MOVAR    0x71
00000279 c52e                LGOTO    0x2d1; main.o:_00281_DS_=0x2d1
0000027a                     main.o:_00242_DS_:
0000027a e0fc                BCR      STATUS, BK0
0000027b fe90                MOVR     0x6f, ToAcc
0000027c dbf9                XORIA    0x6
0000027d f6fc                BTRSS    STATUS, Z
0000027e c57d                LGOTO    0x282; main.o:_00239_DS_=0x282
0000027f dec3                MOVIA    0x3c
00000280 ff0e                MOVAR    0x71
00000281 c52e                LGOTO    0x2d1; main.o:_00281_DS_=0x2d1
00000282                     main.o:_00239_DS_:
00000282 e0fc                BCR      STATUS, BK0
00000283 fe90                MOVR     0x6f, ToAcc
00000284 dbf8                XORIA    0x7
00000285 f6fc                BTRSS    STATUS, Z
00000286 c575                LGOTO    0x28a; main.o:_00236_DS_=0x28a
00000287 dec1                MOVIA    0x3e
00000288 ff0e                MOVAR    0x71
00000289 c52e                LGOTO    0x2d1; main.o:_00281_DS_=0x2d1
0000028a                     main.o:_00236_DS_:
0000028a e0fc                BCR      STATUS, BK0
0000028b fe90                MOVR     0x6f, ToAcc
0000028c dbf7                XORIA    0x8
0000028d f6fc                BTRSS    STATUS, Z
0000028e c52e                LGOTO    0x2d1; main.o:_00281_DS_=0x2d1
0000028f debf                MOVIA    0x40
00000290 ff0e                MOVAR    0x71
00000291 c52e                LGOTO    0x2d1; main.o:_00281_DS_=0x2d1
00000292                     main.o:_00280_DS_:
00000292 e0fc                BCR      STATUS, BK0
00000293 fe90                MOVR     0x6f, ToAcc
00000294 dbfe                XORIA    0x1
00000295 f6fc                BTRSS    STATUS, Z
00000296 c565                LGOTO    0x29a; main.o:_00277_DS_=0x29a
00000297 ded7                MOVIA    0x28
00000298 ff0e                MOVAR    0x71
00000299 c52e                LGOTO    0x2d1; main.o:_00281_DS_=0x2d1
0000029a                     main.o:_00277_DS_:
0000029a e0fc                BCR      STATUS, BK0
0000029b fe90                MOVR     0x6f, ToAcc
0000029c dbfd                XORIA    0x2
0000029d f6fc                BTRSS    STATUS, Z
0000029e c55d                LGOTO    0x2a2; main.o:_00274_DS_=0x2a2
0000029f ded3                MOVIA    0x2c
000002a0 ff0e                MOVAR    0x71
000002a1 c52e                LGOTO    0x2d1; main.o:_00281_DS_=0x2d1
000002a2                     main.o:_00274_DS_:
000002a2 e0fc                BCR      STATUS, BK0
000002a3 fe90                MOVR     0x6f, ToAcc
000002a4 dbfc                XORIA    0x3
000002a5 f6fc                BTRSS    STATUS, Z
000002a6 c555                LGOTO    0x2aa; main.o:_00271_DS_=0x2aa
000002a7 decf                MOVIA    0x30
000002a8 ff0e                MOVAR    0x71
000002a9 c52e                LGOTO    0x2d1; main.o:_00281_DS_=0x2d1
000002aa                     main.o:_00271_DS_:
000002aa e0fc                BCR      STATUS, BK0
000002ab fe90                MOVR     0x6f, ToAcc
000002ac dbfb                XORIA    0x4
000002ad f6fc                BTRSS    STATUS, Z
000002ae c54d                LGOTO    0x2b2; main.o:_00268_DS_=0x2b2
000002af decb                MOVIA    0x34
000002b0 ff0e                MOVAR    0x71
000002b1 c52e                LGOTO    0x2d1; main.o:_00281_DS_=0x2d1
000002b2                     main.o:_00268_DS_:
000002b2 e0fc                BCR      STATUS, BK0
000002b3 fe90                MOVR     0x6f, ToAcc
000002b4 dbfa                XORIA    0x5
000002b5 f6fc                BTRSS    STATUS, Z
000002b6 c545                LGOTO    0x2ba; main.o:_00265_DS_=0x2ba
000002b7 dec8                MOVIA    0x37
000002b8 ff0e                MOVAR    0x71
000002b9 c52e                LGOTO    0x2d1; main.o:_00281_DS_=0x2d1
000002ba                     main.o:_00265_DS_:
000002ba e0fc                BCR      STATUS, BK0
000002bb fe90                MOVR     0x6f, ToAcc
000002bc dbf9                XORIA    0x6
000002bd f6fc                BTRSS    STATUS, Z
000002be c53d                LGOTO    0x2c2; main.o:_00262_DS_=0x2c2
000002bf dec5                MOVIA    0x3a
000002c0 ff0e                MOVAR    0x71
000002c1 c52e                LGOTO    0x2d1; main.o:_00281_DS_=0x2d1
000002c2                     main.o:_00262_DS_:
000002c2 e0fc                BCR      STATUS, BK0
000002c3 fe90                MOVR     0x6f, ToAcc
000002c4 dbf8                XORIA    0x7
000002c5 f6fc                BTRSS    STATUS, Z
000002c6 c535                LGOTO    0x2ca; main.o:_00259_DS_=0x2ca
000002c7 dec2                MOVIA    0x3d
000002c8 ff0e                MOVAR    0x71
000002c9 c52e                LGOTO    0x2d1; main.o:_00281_DS_=0x2d1
000002ca                     main.o:_00259_DS_:
000002ca e0fc                BCR      STATUS, BK0
000002cb fe90                MOVR     0x6f, ToAcc
000002cc dbf7                XORIA    0x8
000002cd f6fc                BTRSS    STATUS, Z
000002ce c52e                LGOTO    0x2d1; main.o:_00281_DS_=0x2d1
000002cf debf                MOVIA    0x40
000002d0 ff0e                MOVAR    0x71
000002d1                     main.o:_00281_DS_:
000002d1 e0fc                BCR      STATUS, BK0
000002d2 fe90                MOVR     0x6f, ToAcc
000002d3 f2fc                BTRSC    STATUS, Z
000002d4 c527                LGOTO    0x2d8; main.o:_00283_DS_=0x2d8
000002d5 fe8e                MOVR     0x71, ToAcc
000002d6 ffb3                SFUN     PWM2DUTY
000002d7 d17b                LCALL    0x684; _pwmInit=0x684
000002d8                     main.o:_00283_DS_:
000002d8 e0fc                BCR      STATUS, BK0
000002d9 fe90                MOVR     0x6f, ToAcc
000002da ff0f                MOVAR    0x70
000002db c4f0                LGOTO    0x30f; main.o:_00298_DS_=0x30f
000002dc                     main.o:_00296_DS_:
000002dc e0fc                BCR      STATUS, BK0
000002dd fed9                MOVR     0x26, ToAcc
000002de dbfd                XORIA    0x2
000002df f6fc                BTRSS    STATUS, Z
000002e0 c4f0                LGOTO    0x30f; main.o:_00298_DS_=0x30f
000002e1 fe90                MOVR     0x6f, ToAcc
000002e2 f2fc                BTRSC    STATUS, Z
000002e3 c519                LGOTO    0x2e6; main.o:_00291_DS_=0x2e6
000002e4 d14a                LCALL    0x6b5; _powerOff=0x6b5
000002e5 c4f3                LGOTO    0x30c; main.o:_00292_DS_=0x30c
000002e6                     main.o:_00291_DS_:
000002e6 e0fc                BCR      STATUS, BK0
000002e7 fe8d                MOVR     0x72, ToAcc
000002e8 f2fc                BTRSC    STATUS, Z
000002e9 c511                LGOTO    0x2ee; main.o:_00284_DS_=0x2ee
000002ea e4fc                BSR      STATUS, BK0
000002eb fede                MOVR     0x21, ToAcc
000002ec f2fc                BTRSC    STATUS, Z
000002ed c508                LGOTO    0x2f7; main.o:_00285_DS_=0x2f7
000002ee                     main.o:_00284_DS_:
000002ee defe                MOVIA    0x1
000002ef e4fc                BSR      STATUS, BK0
000002f0 ff5e                MOVAR    0x21
000002f1 de0b                MOVIA    0xf4
000002f2 e0fc                BCR      STATUS, BK0
000002f3 ff1f                MOVAR    0x60
000002f4 defe                MOVIA    0x1
000002f5 ff1e                MOVAR    0x61
000002f6 c4f0                LGOTO    0x30f; main.o:_00298_DS_=0x30f
000002f7                     main.o:_00285_DS_:
000002f7 e0fc                BCR      STATUS, BK0
000002f8 fd08                CLRR     0x77
000002f9 defe                MOVIA    0x1
000002fa ff10                MOVAR    0x6f
000002fb deaf                MOVIA    0x50
000002fc ffb3                SFUN     PWM2DUTY
000002fd ff07                MOVAR    0x78
000002fe defa                MOVIA    0x5
000002ff fb8d                SUBAR    0x72, ToAcc
00000300 f3fc                BTRSC    STATUS, C
00000301 c4fa                LGOTO    0x305; main.o:_00288_DS_=0x305
00000302 decd                MOVIA    0x32
00000303 ff0e                MOVAR    0x71
00000304 c4f7                LGOTO    0x308; main.o:_00289_DS_=0x308
00000305                     main.o:_00288_DS_:
00000305 ded7                MOVIA    0x28
00000306 e0fc                BCR      STATUS, BK0
00000307 ff0e                MOVAR    0x71
00000308                     main.o:_00289_DS_:
00000308 d17b                LCALL    0x684; _pwmInit=0x684
00000309 deef                MOVIA    0x10
0000030a e0fc                BCR      STATUS, BK0
0000030b ff06                MOVAR    0x79
0000030c                     main.o:_00292_DS_:
0000030c e0fc                BCR      STATUS, BK0
0000030d fe90                MOVR     0x6f, ToAcc
0000030e ff0f                MOVAR    0x70
0000030f                     main.o:_00298_DS_:
0000030f ffef                RET
00000310                     _checkOutA:
00000310 e0fc                BCR      STATUS, BK0
00000311 fd5a                CLRR     0x25
00000312 fd5d                CLRR     0x22
00000313 fd5c                CLRR     0x23
00000314 def7                MOVIA    0x8
00000315 d2a3                LCALL    0x55c; _F_AIN3_Convert=0x55c
00000316 e0fc                BCR      STATUS, BK0
00000317 eadc                SWAPR    0x23, ToAcc
00000318 dd0f                ANDIA    0xf0
00000319 ff5c                MOVAR    0x23
0000031a eadd                SWAPR    0x22, ToAcc
0000031b ff5d                MOVAR    0x22
0000031c ddf0                ANDIA    0xf
0000031d ee5c                IORAR    0x23, ToReg
0000031e ed5d                XORAR    0x22, ToReg
0000031f de0f                MOVIA    0xf0
00000320 ef5a                ANDAR    0x25, ToReg
00000321 feda                MOVR     0x25, ToAcc
00000322 ff47                MOVAR    0x38
00000323 fd46                CLRR     0x39
00000324 deff                MOVIA    0x0
00000325 ff45                MOVAR    0x3a
00000326 fec7                MOVR     0x38, ToAcc
00000327 fc5d                ADDAR    0x22, ToReg
00000328 fec5                MOVR     0x3a, ToAcc
00000329 f3fc                BTRSC    STATUS, C
0000032a fac5                INCR     0x3a, ToAcc
0000032b f2fc                BTRSC    STATUS, Z
0000032c c4d1                LGOTO    0x32e; main.o:_00004_DS_=0x32e
0000032d fc5c                ADDAR    0x23, ToReg
0000032e                     main.o:_00004_DS_:
0000032e e3fc                BCR      STATUS, C
0000032f e0fc                BCR      STATUS, BK0
00000330 ec5c                RRR      0x23, ToReg
00000331 ec5d                RRR      0x22, ToReg
00000332 e3fc                BCR      STATUS, C
00000333 ec5c                RRR      0x23, ToReg
00000334 ec5d                RRR      0x22, ToReg
00000335 e3fc                BCR      STATUS, C
00000336 ec5c                RRR      0x23, ToReg
00000337 ec5d                RRR      0x22, ToReg
00000338 e4fc                BSR      STATUS, BK0
00000339 fed0                MOVR     0x2f, ToAcc
0000033a f2fc                BTRSC    STATUS, Z
0000033b c4be                LGOTO    0x341; main.o:_00716_DS_=0x341
0000033c ded2                MOVIA    0x2d
0000033d e0fc                BCR      STATUS, BK0
0000033e ff5d                MOVAR    0x22
0000033f defe                MOVIA    0x1
00000340 ff5c                MOVAR    0x23
00000341                     main.o:_00716_DS_:
00000341 de37                MOVIA    0xc8
00000342 e0fc                BCR      STATUS, BK0
00000343 ff47                MOVAR    0x38
00000344 fd46                CLRR     0x39
00000345 def7                MOVIA    0x8
00000346 fb90                SUBAR    0x6f, ToAcc
00000347 f7fc                BTRSS    STATUS, C
00000348 c4b2                LGOTO    0x34d; main.o:_00718_DS_=0x34d
00000349 ded3                MOVIA    0x2c
0000034a ff47                MOVAR    0x38
0000034b defe                MOVIA    0x1
0000034c ff46                MOVAR    0x39
0000034d                     main.o:_00718_DS_:
0000034d defa                MOVIA    0x5
0000034e e0fc                BCR      STATUS, BK0
0000034f fb8d                SUBAR    0x72, ToAcc
00000350 f7fc                BTRSS    STATUS, C
00000351 c4a9                LGOTO    0x356; main.o:_00723_DS_=0x356
00000352 dec3                MOVIA    0x3c
00000353 e4fc                BSR      STATUS, BK0
00000354 ff5b                MOVAR    0x24
00000355 c49d                LGOTO    0x362; main.o:_00724_DS_=0x362
00000356                     main.o:_00723_DS_:
00000356 defc                MOVIA    0x3
00000357 e0fc                BCR      STATUS, BK0
00000358 fb8d                SUBAR    0x72, ToAcc
00000359 f7fc                BTRSS    STATUS, C
0000035a c4a0                LGOTO    0x35f; main.o:_00720_DS_=0x35f
0000035b dec8                MOVIA    0x37
0000035c e4fc                BSR      STATUS, BK0
0000035d ff5b                MOVAR    0x24
0000035e c49d                LGOTO    0x362; main.o:_00724_DS_=0x362
0000035f                     main.o:_00720_DS_:
0000035f decd                MOVIA    0x32
00000360 e4fc                BSR      STATUS, BK0
00000361 ff5b                MOVAR    0x24
00000362                     main.o:_00724_DS_:
00000362 e0fc                BCR      STATUS, BK0
00000363 fe90                MOVR     0x6f, ToAcc
00000364 dbfe                XORIA    0x1
00000365 f6fc                BTRSS    STATUS, Z
00000366 c492                LGOTO    0x36d; main.o:_00746_DS_=0x36d
00000367 deb0                MOVIA    0x4f
00000368 ff05                MOVAR    0x7a
00000369 de18                MOVIA    0xe7
0000036a e4fc                BSR      STATUS, BK0
0000036b fc5b                ADDAR    0x24, ToReg
0000036c c449                LGOTO    0x3b6; main.o:_00747_DS_=0x3b6
0000036d                     main.o:_00746_DS_:
0000036d e0fc                BCR      STATUS, BK0
0000036e fe90                MOVR     0x6f, ToAcc
0000036f dbfd                XORIA    0x2
00000370 f6fc                BTRSS    STATUS, Z
00000371 c487                LGOTO    0x378; main.o:_00743_DS_=0x378
00000372 dead                MOVIA    0x52
00000373 ff05                MOVAR    0x7a
00000374 de13                MOVIA    0xec
00000375 e4fc                BSR      STATUS, BK0
00000376 fc5b                ADDAR    0x24, ToReg
00000377 c449                LGOTO    0x3b6; main.o:_00747_DS_=0x3b6
00000378                     main.o:_00743_DS_:
00000378 e0fc                BCR      STATUS, BK0
00000379 fe90                MOVR     0x6f, ToAcc
0000037a dbfc                XORIA    0x3
0000037b f6fc                BTRSS    STATUS, Z
0000037c c47c                LGOTO    0x383; main.o:_00740_DS_=0x383
0000037d deaa                MOVIA    0x55
0000037e ff05                MOVAR    0x7a
0000037f de09                MOVIA    0xf6
00000380 e4fc                BSR      STATUS, BK0
00000381 fc5b                ADDAR    0x24, ToReg
00000382 c449                LGOTO    0x3b6; main.o:_00747_DS_=0x3b6
00000383                     main.o:_00740_DS_:
00000383 e0fc                BCR      STATUS, BK0
00000384 fe90                MOVR     0x6f, ToAcc
00000385 dbfb                XORIA    0x4
00000386 f6fc                BTRSS    STATUS, Z
00000387 c471                LGOTO    0x38e; main.o:_00737_DS_=0x38e
00000388 dea7                MOVIA    0x58
00000389 ff05                MOVAR    0x7a
0000038a de04                MOVIA    0xfb
0000038b e4fc                BSR      STATUS, BK0
0000038c fc5b                ADDAR    0x24, ToReg
0000038d c449                LGOTO    0x3b6; main.o:_00747_DS_=0x3b6
0000038e                     main.o:_00737_DS_:
0000038e e0fc                BCR      STATUS, BK0
0000038f fe90                MOVR     0x6f, ToAcc
00000390 dbfa                XORIA    0x5
00000391 f6fc                BTRSS    STATUS, Z
00000392 c469                LGOTO    0x396; main.o:_00734_DS_=0x396
00000393 dea5                MOVIA    0x5a
00000394 ff05                MOVAR    0x7a
00000395 c449                LGOTO    0x3b6; main.o:_00747_DS_=0x3b6
00000396                     main.o:_00734_DS_:
00000396 e0fc                BCR      STATUS, BK0
00000397 fe90                MOVR     0x6f, ToAcc
00000398 dbf9                XORIA    0x6
00000399 f6fc                BTRSS    STATUS, Z
0000039a c45e                LGOTO    0x3a1; main.o:_00731_DS_=0x3a1
0000039b dea2                MOVIA    0x5d
0000039c ff05                MOVAR    0x7a
0000039d def5                MOVIA    0xa
0000039e e4fc                BSR      STATUS, BK0
0000039f fc5b                ADDAR    0x24, ToReg
000003a0 c449                LGOTO    0x3b6; main.o:_00747_DS_=0x3b6
000003a1                     main.o:_00731_DS_:
000003a1 e0fc                BCR      STATUS, BK0
000003a2 fe90                MOVR     0x6f, ToAcc
000003a3 dbf8                XORIA    0x7
000003a4 f6fc                BTRSS    STATUS, Z
000003a5 c453                LGOTO    0x3ac; main.o:_00728_DS_=0x3ac
000003a6 de9f                MOVIA    0x60
000003a7 ff05                MOVAR    0x7a
000003a8 deed                MOVIA    0x12
000003a9 e4fc                BSR      STATUS, BK0
000003aa fc5b                ADDAR    0x24, ToReg
000003ab c449                LGOTO    0x3b6; main.o:_00747_DS_=0x3b6
000003ac                     main.o:_00728_DS_:
000003ac e0fc                BCR      STATUS, BK0
000003ad fe90                MOVR     0x6f, ToAcc
000003ae dbf7                XORIA    0x8
000003af f6fc                BTRSS    STATUS, Z
000003b0 c449                LGOTO    0x3b6; main.o:_00747_DS_=0x3b6
000003b1 de9c                MOVIA    0x63
000003b2 ff05                MOVAR    0x7a
000003b3 dee9                MOVIA    0x16
000003b4 e4fc                BSR      STATUS, BK0
000003b5 fc5b                ADDAR    0x24, ToReg
000003b6                     main.o:_00747_DS_:
000003b6 e0fc                BCR      STATUS, BK0
000003b7 fedc                MOVR     0x23, ToAcc
000003b8 fbc6                SUBAR    0x39, ToAcc
000003b9 f6fc                BTRSS    STATUS, Z
000003ba c442                LGOTO    0x3bd; main.o:_00821_DS_=0x3bd
000003bb fedd                MOVR     0x22, ToAcc
000003bc fbc7                SUBAR    0x38, ToAcc
000003bd                     main.o:_00821_DS_:
000003bd f3fc                BTRSC    STATUS, C
000003be c437                LGOTO    0x3c8; main.o:_00758_DS_=0x3c8
000003bf e0fc                BCR      STATUS, BK0
000003c0 fa09                INCR     0x76, ToReg
000003c1 def9                MOVIA    0x6
000003c2 fb89                SUBAR    0x76, ToAcc
000003c3 f7fc                BTRSS    STATUS, C
000003c4 c41d                LGOTO    0x3e2; main.o:_00759_DS_=0x3e2
000003c5 defa                MOVIA    0x5
000003c6 ff09                MOVAR    0x76
000003c7 c41d                LGOTO    0x3e2; main.o:_00759_DS_=0x3e2
000003c8                     main.o:_00758_DS_:
000003c8 e4fc                BSR      STATUS, BK0
000003c9 fedb                MOVR     0x24, ToAcc
000003ca e0fc                BCR      STATUS, BK0
000003cb ff47                MOVAR    0x38
000003cc fd46                CLRR     0x39
000003cd fedc                MOVR     0x23, ToAcc
000003ce fbc6                SUBAR    0x39, ToAcc
000003cf f6fc                BTRSS    STATUS, Z
000003d0 c42c                LGOTO    0x3d3; main.o:_00823_DS_=0x3d3
000003d1 fedd                MOVR     0x22, ToAcc
000003d2 fbc7                SUBAR    0x38, ToAcc
000003d3                     main.o:_00823_DS_:
000003d3 f3fc                BTRSC    STATUS, C
000003d4 c423                LGOTO    0x3dc; main.o:_00755_DS_=0x3dc
000003d5 e0fc                BCR      STATUS, BK0
000003d6 fe89                MOVR     0x76, ToAcc
000003d7 f6fc                BTRSS    STATUS, Z
000003d8 f909                DECR     0x76, ToReg
000003d9 fe85                MOVR     0x7a, ToAcc
000003da ffb3                SFUN     PWM2DUTY
000003db c41d                LGOTO    0x3e2; main.o:_00759_DS_=0x3e2
000003dc                     main.o:_00755_DS_:
000003dc e0fc                BCR      STATUS, BK0
000003dd fe89                MOVR     0x76, ToAcc
000003de f6fc                BTRSS    STATUS, Z
000003df f909                DECR     0x76, ToReg
000003e0 fe8e                MOVR     0x71, ToAcc
000003e1 ffb3                SFUN     PWM2DUTY
000003e2                     main.o:_00759_DS_:
000003e2 e0fc                BCR      STATUS, BK0
000003e3 fe90                MOVR     0x6f, ToAcc
000003e4 f2fc                BTRSC    STATUS, Z
000003e5 c414                LGOTO    0x3eb; main.o:_00762_DS_=0x3eb
000003e6 fe90                MOVR     0x6f, ToAcc
000003e7 ff47                MOVAR    0x38
000003e8 ff0f                MOVAR    0x70
000003e9 fec7                MOVR     0x38, ToAcc
000003ea ff01                MOVAR    0x7e
000003eb                     main.o:_00762_DS_:
000003eb ffef                RET
000003ec                     _main:
000003ec d230                LCALL    0x5cf; _initSys=0x5cf
000003ed d155                LCALL    0x6aa; _initAD=0x6aa
000003ee                     main.o:_00160_DS_:
000003ee fffd                CLRWDT
000003ef d344                LCALL    0x4bb; _ledShow=0x4bb
000003f0 e0fc                BCR      STATUS, BK0
000003f1 fe83                MOVR     0x7c, ToAcc
000003f2 f2fc                BTRSC    STATUS, Z
000003f3 c411                LGOTO    0x3ee; main.o:_00160_DS_=0x3ee
000003f4 fd03                CLRR     0x7c
000003f5 fe82                MOVR     0x7d, ToAcc
000003f6 f2fc                BTRSC    STATUS, Z
000003f7 d5cf                LCALL    0x230; _keyCtr=0x230
000003f8 d6b4                LCALL    0x14b; _checkBatAD=0x14b
000003f9 d7f6                LCALL    0x9; _chrgCtr=0x9
000003fa def6                MOVIA    0x9
000003fb e0fc                BCR      STATUS, BK0
000003fc fb8c                SUBAR    0x73, ToAcc
000003fd f7fc                BTRSS    STATUS, C
000003fe c3fc                LGOTO    0x403; main.o:_00137_DS_=0x403
000003ff def4                MOVIA    0xb
00000400 fb8c                SUBAR    0x73, ToAcc
00000401 f7fc                BTRSS    STATUS, C
00000402 d4ef                LCALL    0x310; _checkOutA=0x310
00000403                     main.o:_00137_DS_:
00000403 d344                LCALL    0x4bb; _ledShow=0x4bb
00000404 e0fc                BCR      STATUS, BK0
00000405 fe90                MOVR     0x6f, ToAcc
00000406 f2fc                BTRSC    STATUS, Z
00000407 c3ef                LGOTO    0x410; main.o:_00140_DS_=0x410
00000408 fe87                MOVR     0x78, ToAcc
00000409 fb8e                SUBAR    0x71, ToAcc
0000040a f3fc                BTRSC    STATUS, C
0000040b c3ef                LGOTO    0x410; main.o:_00140_DS_=0x410
0000040c de09                MOVIA    0xf6
0000040d fc07                ADDAR    0x78, ToReg
0000040e fe87                MOVR     0x78, ToAcc
0000040f ffb3                SFUN     PWM2DUTY
00000410                     main.o:_00140_DS_:
00000410 defa                MOVIA    0x5
00000411 e0fc                BCR      STATUS, BK0
00000412 fb89                SUBAR    0x76, ToAcc
00000413 f7fc                BTRSS    STATUS, C
00000414 c3d4                LGOTO    0x42b; main.o:_00145_DS_=0x42b
00000415 fe90                MOVR     0x6f, ToAcc
00000416 f2fc                BTRSC    STATUS, Z
00000417 c3d4                LGOTO    0x42b; main.o:_00145_DS_=0x42b
00000418 fa21                INCR     0x5e, ToReg
00000419 f2fc                BTRSC    STATUS, Z
0000041a fa20                INCR     0x5f, ToReg
0000041b defe                MOVIA    0x1
0000041c fba0                SUBAR    0x5f, ToAcc
0000041d f6fc                BTRSS    STATUS, Z
0000041e c3de                LGOTO    0x421; main.o:_00222_DS_=0x421
0000041f de0a                MOVIA    0xf5
00000420 fba1                SUBAR    0x5e, ToAcc
00000421                     main.o:_00222_DS_:
00000421 f7fc                BTRSS    STATUS, C
00000422 c3d1                LGOTO    0x42e; main.o:_00146_DS_=0x42e
00000423 e0fc                BCR      STATUS, BK0
00000424 fd09                CLRR     0x76
00000425 fd21                CLRR     0x5e
00000426 fd20                CLRR     0x5f
00000427 dee6                MOVIA    0x19
00000428 ff00                MOVAR    0x7f
00000429 d14a                LCALL    0x6b5; _powerOff=0x6b5
0000042a c3d1                LGOTO    0x42e; main.o:_00146_DS_=0x42e
0000042b                     main.o:_00145_DS_:
0000042b e0fc                BCR      STATUS, BK0
0000042c fd21                CLRR     0x5e
0000042d fd20                CLRR     0x5f
0000042e                     main.o:_00146_DS_:
0000042e e0fc                BCR      STATUS, BK0
0000042f fe90                MOVR     0x6f, ToAcc
00000430 f6fc                BTRSS    STATUS, Z
00000431 c3b2                LGOTO    0x44d; main.o:_00151_DS_=0x44d
00000432 fe91                MOVR     0x6e, ToAcc
00000433 f6fc                BTRSS    STATUS, Z
00000434 c3b2                LGOTO    0x44d; main.o:_00151_DS_=0x44d
00000435 f17a                BTRSC    PORTA, PA5
00000436 c3b2                LGOTO    0x44d; main.o:_00151_DS_=0x44d
00000437 fe88                MOVR     0x77, ToAcc
00000438 f6fc                BTRSS    STATUS, Z
00000439 c3b2                LGOTO    0x44d; main.o:_00151_DS_=0x44d
0000043a fe80                MOVR     0x7f, ToAcc
0000043b f6fc                BTRSS    STATUS, Z
0000043c c3b2                LGOTO    0x44d; main.o:_00151_DS_=0x44d
0000043d fe9f                MOVR     0x60, ToAcc
0000043e ee9e                IORAR    0x61, ToAcc
0000043f f6fc                BTRSS    STATUS, Z
00000440 c3b2                LGOTO    0x44d; main.o:_00151_DS_=0x44d
00000441 fa25                INCR     0x5a, ToReg
00000442 f2fc                BTRSC    STATUS, Z
00000443 fa24                INCR     0x5b, ToReg
00000444 deff                MOVIA    0x0
00000445 fba4                SUBAR    0x5b, ToAcc
00000446 f6fc                BTRSS    STATUS, Z
00000447 c3b5                LGOTO    0x44a; main.o:_00223_DS_=0x44a
00000448 dee0                MOVIA    0x1f
00000449 fba5                SUBAR    0x5a, ToAcc
0000044a                     main.o:_00223_DS_:
0000044a f7fc                BTRSS    STATUS, C
0000044b c3b2                LGOTO    0x44d; main.o:_00151_DS_=0x44d
0000044c d255                LCALL    0x5aa; _gotoSleep=0x5aa
0000044d                     main.o:_00151_DS_:
0000044d defc                MOVIA    0x3
0000044e e0fc                BCR      STATUS, BK0
0000044f fba2                SUBAR    0x5d, ToAcc
00000450 f6fc                BTRSS    STATUS, Z
00000451 c3ab                LGOTO    0x454; main.o:_00224_DS_=0x454
00000452 de7b                MOVIA    0x84
00000453 fba3                SUBAR    0x5c, ToAcc
00000454                     main.o:_00224_DS_:
00000454 f7fc                BTRSS    STATUS, C
00000455 c411                LGOTO    0x3ee; main.o:_00160_DS_=0x3ee
00000456 d14a                LCALL    0x6b5; _powerOff=0x6b5
00000457 c411                LGOTO    0x3ee; main.o:_00160_DS_=0x3ee
00000458 ffef                RET
00000459                     _isr:
00000459 ff3d                MOVAR    0x42
0000045a eafc                SWAPR    STATUS, ToAcc
0000045b fd7c                CLRR     STATUS
0000045c ff3e                MOVAR    0x41
0000045d fef5                MOVR     PCHBUF, ToAcc
0000045e fd75                CLRR     PCHBUF
0000045f ff3f                MOVAR    0x40
00000460 fefb                MOVR     FSR, ToAcc
00000461 e0fc                BCR      STATUS, BK0
00000462 ff2c                MOVAR    0x53
00000463 feb0                MOVR     0x4f, ToAcc
00000464 ff2b                MOVAR    0x54
00000465 feb1                MOVR     0x4e, ToAcc
00000466 ff2a                MOVAR    0x55
00000467 feb2                MOVR     0x4d, ToAcc
00000468 ff29                MOVAR    0x56
00000469 feb3                MOVR     0x4c, ToAcc
0000046a ff28                MOVAR    0x57
0000046b f7f0                BTRSS    INTF, T0IF
0000046c c35c                LGOTO    0x4a3; main.o:_00125_DS_=0x4a3
0000046d dec8                MOVIA    0x37
0000046e fc7e                ADDAR    TMR0, ToReg
0000046f fa13                INCR     0x6c, ToReg
00000470 de9b                MOVIA    0x64
00000471 fb93                SUBAR    0x6c, ToAcc
00000472 f7fc                BTRSS    STATUS, C
00000473 c35c                LGOTO    0x4a3; main.o:_00125_DS_=0x4a3
00000474 defe                MOVIA    0x1
00000475 ff03                MOVAR    0x7c
00000476 fd13                CLRR     0x6c
00000477 fe90                MOVR     0x6f, ToAcc
00000478 f2fc                BTRSC    STATUS, Z
00000479 c382                LGOTO    0x47d; main.o:_00106_DS_=0x47d
0000047a fa27                INCR     0x58, ToReg
0000047b f2fc                BTRSC    STATUS, Z
0000047c fa26                INCR     0x59, ToReg
0000047d                     main.o:_00106_DS_:
0000047d e0fc                BCR      STATUS, BK0
0000047e fa12                INCR     0x6d, ToReg
0000047f deb7                MOVIA    0x48
00000480 fb92                SUBAR    0x6d, ToAcc
00000481 f3fc                BTRSC    STATUS, C
00000482 fd12                CLRR     0x6d
00000483 fa0c                INCR     0x73, ToReg
00000484 deeb                MOVIA    0x14
00000485 fb8c                SUBAR    0x73, ToAcc
00000486 f7fc                BTRSS    STATUS, C
00000487 c373                LGOTO    0x48c; main.o:_00112_DS_=0x48c
00000488 fd0c                CLRR     0x73
00000489 fe80                MOVR     0x7f, ToAcc
0000048a f6fc                BTRSS    STATUS, Z
0000048b f900                DECR     0x7f, ToReg
0000048c                     main.o:_00112_DS_:
0000048c e0fc                BCR      STATUS, BK0
0000048d fa0b                INCR     0x74, ToReg
0000048e de82                MOVIA    0x7d
0000048f fb8b                SUBAR    0x74, ToAcc
00000490 f7fc                BTRSS    STATUS, C
00000491 c35c                LGOTO    0x4a3; main.o:_00125_DS_=0x4a3
00000492 fd0b                CLRR     0x74
00000493 fe88                MOVR     0x77, ToAcc
00000494 f6fc                BTRSS    STATUS, Z
00000495 f908                DECR     0x77, ToReg
00000496 fe86                MOVR     0x79, ToAcc
00000497 f6fc                BTRSS    STATUS, Z
00000498 f906                DECR     0x79, ToReg
00000499 fe90                MOVR     0x6f, ToAcc
0000049a f2fc                BTRSC    STATUS, Z
0000049b c35f                LGOTO    0x4a0; main.o:_00118_DS_=0x4a0
0000049c fa23                INCR     0x5c, ToReg
0000049d f2fc                BTRSC    STATUS, Z
0000049e fa22                INCR     0x5d, ToReg
0000049f c35c                LGOTO    0x4a3; main.o:_00125_DS_=0x4a3
000004a0                     main.o:_00118_DS_:
000004a0 e0fc                BCR      STATUS, BK0
000004a1 fd23                CLRR     0x5c
000004a2 fd22                CLRR     0x5d
000004a3                     main.o:_00125_DS_:
000004a3 f770                BTRSS    INTF, PABIF
000004a4 c358                LGOTO    0x4a7; main.o:_00127_DS_=0x4a7
000004a5 de02                MOVIA    0xfd
000004a6 ff70                MOVAR    INTF
000004a7                     main.o:_00127_DS_:
000004a7 fd70                CLRR     INTF
000004a8 e0fc                BCR      STATUS, BK0
000004a9 fea8                MOVR     0x57, ToAcc
000004aa ff33                MOVAR    0x4c
000004ab fea9                MOVR     0x56, ToAcc
000004ac ff32                MOVAR    0x4d
000004ad feaa                MOVR     0x55, ToAcc
000004ae ff31                MOVAR    0x4e
000004af feab                MOVR     0x54, ToAcc
000004b0 ff30                MOVAR    0x4f
000004b1 feac                MOVR     0x53, ToAcc
000004b2 ff7b                MOVAR    FSR
000004b3 febf                MOVR     0x40, ToAcc
000004b4 ff75                MOVAR    PCHBUF
000004b5 fd7c                CLRR     STATUS
000004b6 eabe                SWAPR    0x41, ToAcc
000004b7 ff7c                MOVAR    STATUS
000004b8 ea3d                SWAPR    0x42, ToReg
000004b9 eabd                SWAPR    0x42, ToAcc
000004ba                     main.o:END_OF_INTERRUPT:
000004ba ffee                RETIE
000004bb                     _ledShow:
000004bb e0fc                BCR      STATUS, BK0
000004bc fe80                MOVR     0x7f, ToAcc
000004bd f2fc                BTRSC    STATUS, Z
000004be c335                LGOTO    0x4ca; main.o:_00320_DS_=0x4ca
000004bf fe90                MOVR     0x6f, ToAcc
000004c0 f6fc                BTRSS    STATUS, Z
000004c1 c335                LGOTO    0x4ca; main.o:_00320_DS_=0x4ca
000004c2 f380                BTRSC    0x7f, 0x0
000004c3 c339                LGOTO    0x4c6; main.o:_00312_DS_=0x4c6
000004c4 fd0f                CLRR     0x70
000004c5 c329                LGOTO    0x4d6; main.o:_00007_DS_=0x4d6
000004c6                     main.o:_00312_DS_:
000004c6 e0fc                BCR      STATUS, BK0
000004c7 fe81                MOVR     0x7e, ToAcc
000004c8 ff0f                MOVAR    0x70
000004c9 c329                LGOTO    0x4d6; main.o:_00007_DS_=0x4d6
000004ca                     main.o:_00320_DS_:
000004ca e0fc                BCR      STATUS, BK0
000004cb fe90                MOVR     0x6f, ToAcc
000004cc f2fc                BTRSC    STATUS, Z
000004cd c32e                LGOTO    0x4d1; main.o:_00317_DS_=0x4d1
000004ce fe90                MOVR     0x6f, ToAcc
000004cf ff0f                MOVAR    0x70
000004d0 c329                LGOTO    0x4d6; main.o:_00007_DS_=0x4d6
000004d1                     main.o:_00317_DS_:
000004d1 e0fc                BCR      STATUS, BK0
000004d2 fe82                MOVR     0x7d, ToAcc
000004d3 f6fc                BTRSS    STATUS, Z
000004d4 c329                LGOTO    0x4d6; main.o:_00007_DS_=0x4d6
000004d5 fd0f                CLRR     0x70
000004d6                     main.o:_00007_DS_:
000004d6 d18b                LCALL    0x674; _LedInput=0x674
000004d7 def4                MOVIA    0xb
000004d8 e0fc                BCR      STATUS, BK0
000004d9 fb8f                SUBAR    0x70, ToAcc
000004da f3fc                BTRSC    STATUS, C
000004db c307                LGOTO    0x4f8; main.o:_00335_DS_=0x4f8
000004dc defb                MOVIA    0x4
000004dd ff75                MOVAR    PCHBUF
000004de fe8f                MOVR     0x70, ToAcc
000004df da1c                ADDIA    0xe3
000004e0 f3fc                BTRSC    STATUS, C
000004e1 fa75                INCR     PCHBUF, ToReg
000004e2 ff7d                MOVAR    PCL
000004e3                     main.o:_00356_DS_:
000004e3 c311                LGOTO    0x4ee; main.o:_00323_DS_=0x4ee
000004e4 c308                LGOTO    0x4f7; main.o:_00333_DS_=0x4f7
000004e5 c309                LGOTO    0x4f6; main.o:_00332_DS_=0x4f6
000004e6 c30a                LGOTO    0x4f5; main.o:_00331_DS_=0x4f5
000004e7 c30b                LGOTO    0x4f4; main.o:_00330_DS_=0x4f4
000004e8 c30c                LGOTO    0x4f3; main.o:_00329_DS_=0x4f3
000004e9 c30d                LGOTO    0x4f2; main.o:_00328_DS_=0x4f2
000004ea c30e                LGOTO    0x4f1; main.o:_00327_DS_=0x4f1
000004eb c30f                LGOTO    0x4f0; main.o:_00326_DS_=0x4f0
000004ec c30f                LGOTO    0x4f0; main.o:_00326_DS_=0x4f0
000004ed c30f                LGOTO    0x4f0; main.o:_00326_DS_=0x4f0
000004ee                     main.o:_00323_DS_:
000004ee d18b                LCALL    0x674; _LedInput=0x674
000004ef c307                LGOTO    0x4f8; main.o:_00335_DS_=0x4f8
000004f0                     main.o:_00326_DS_:
000004f0 d213                LCALL    0x5ec; _LED8ON=0x5ec
000004f1                     main.o:_00327_DS_:
000004f1 d202                LCALL    0x5fd; _LED7ON=0x5fd
000004f2                     main.o:_00328_DS_:
000004f2 d1f1                LCALL    0x60e; _LED6ON=0x60e
000004f3                     main.o:_00329_DS_:
000004f3 d1e0                LCALL    0x61f; _LED5ON=0x61f
000004f4                     main.o:_00330_DS_:
000004f4 d1cf                LCALL    0x630; _LED4ON=0x630
000004f5                     main.o:_00331_DS_:
000004f5 d1be                LCALL    0x641; _LED3ON=0x641
000004f6                     main.o:_00332_DS_:
000004f6 d1ad                LCALL    0x652; _LED2ON=0x652
000004f7                     main.o:_00333_DS_:
000004f7 d19c                LCALL    0x663; _LED1ON=0x663
000004f8                     main.o:_00335_DS_:
000004f8 ffef                RET
000004f9                     ___cinit_load__:
000004f9 e0fc                BCR      STATUS, BK0
000004fa fd13                CLRR     0x6c
000004fb fd12                CLRR     0x6d
000004fc fd11                CLRR     0x6e
000004fd fd10                CLRR     0x6f
000004fe fd0f                CLRR     0x70
000004ff fd27                CLRR     0x58
00000500 fd26                CLRR     0x59
00000501 fd0e                CLRR     0x71
00000502 fd0d                CLRR     0x72
00000503 fd25                CLRR     0x5a
00000504 fd24                CLRR     0x5b
00000505 fd0c                CLRR     0x73
00000506 fd0b                CLRR     0x74
00000507 fd23                CLRR     0x5c
00000508 fd22                CLRR     0x5d
00000509 fd0a                CLRR     0x75
0000050a fd09                CLRR     0x76
0000050b fd08                CLRR     0x77
0000050c fd07                CLRR     0x78
0000050d fd06                CLRR     0x79
0000050e fd05                CLRR     0x7a
0000050f fd04                CLRR     0x7b
00000510 fd03                CLRR     0x7c
00000511 fd02                CLRR     0x7d
00000512 fd01                CLRR     0x7e
00000513 fd21                CLRR     0x5e
00000514 fd20                CLRR     0x5f
00000515 fd00                CLRR     0x7f
00000516 fd1f                CLRR     0x60
00000517 fd1e                CLRR     0x61
00000518 fd1d                CLRR     0x62
00000519 fd1c                CLRR     0x63
0000051a fd1b                CLRR     0x64
0000051b fd1a                CLRR     0x65
0000051c fd19                CLRR     0x66
0000051d fd18                CLRR     0x67
0000051e fd17                CLRR     0x68
0000051f fd16                CLRR     0x69
00000520 fd15                CLRR     0x6a
00000521 fd14                CLRR     0x6b
00000522 e4fc                BSR      STATUS, BK0
00000523 fd5f                CLRR     0x20
00000524 fd5e                CLRR     0x21
00000525 fd5d                CLRR     0x22
00000526 fd5c                CLRR     0x23
00000527 fd5b                CLRR     0x24
00000528 fd5a                CLRR     0x25
00000529 fd59                CLRR     0x26
0000052a fd58                CLRR     0x27
0000052b fd57                CLRR     0x28
0000052c fd56                CLRR     0x29
0000052d fd55                CLRR     0x2a
0000052e fd54                CLRR     0x2b
0000052f fd53                CLRR     0x2c
00000530 fd52                CLRR     0x2d
00000531 fd51                CLRR     0x2e
00000532 fd50                CLRR     0x2f
00000533 ffef                RET
00000534                     _keyRead:
00000534 e0fc                BCR      STATUS, BK0
00000535 ff4d                MOVAR    0x32
00000536 fecd                MOVR     0x32, ToAcc
00000537 f2fc                BTRSC    STATUS, Z
00000538 c2b8                LGOTO    0x547; main.o:_00433_DS_=0x547
00000539 fa11                INCR     0x6e, ToReg
0000053a de9b                MOVIA    0x64
0000053b fb91                SUBAR    0x6e, ToAcc
0000053c f7fc                BTRSS    STATUS, C
0000053d c2a5                LGOTO    0x55a; main.o:_00434_DS_=0x55a
0000053e de9b                MOVIA    0x64
0000053f ff11                MOVAR    0x6e
00000540 fe84                MOVR     0x7b, ToAcc
00000541 f6fc                BTRSS    STATUS, Z
00000542 c2a5                LGOTO    0x55a; main.o:_00434_DS_=0x55a
00000543 defe                MOVIA    0x1
00000544 ff04                MOVAR    0x7b
00000545 defd                MOVIA    0x2
00000546 c2a4                LGOTO    0x55b; main.o:_00435_DS_=0x55b
00000547                     main.o:_00433_DS_:
00000547 de9b                MOVIA    0x64
00000548 e0fc                BCR      STATUS, BK0
00000549 fb91                SUBAR    0x6e, ToAcc
0000054a f7fc                BTRSS    STATUS, C
0000054b c2af                LGOTO    0x550; main.o:_00430_DS_=0x550
0000054c fd11                CLRR     0x6e
0000054d fd04                CLRR     0x7b
0000054e deff                MOVIA    0x0
0000054f c2a4                LGOTO    0x55b; main.o:_00435_DS_=0x55b
00000550                     main.o:_00430_DS_:
00000550 defb                MOVIA    0x4
00000551 e0fc                BCR      STATUS, BK0
00000552 fb91                SUBAR    0x6e, ToAcc
00000553 f7fc                BTRSS    STATUS, C
00000554 c2a7                LGOTO    0x558; main.o:_00431_DS_=0x558
00000555 fd11                CLRR     0x6e
00000556 defe                MOVIA    0x1
00000557 c2a4                LGOTO    0x55b; main.o:_00435_DS_=0x55b
00000558                     main.o:_00431_DS_:
00000558 e0fc                BCR      STATUS, BK0
00000559 fd11                CLRR     0x6e
0000055a                     main.o:_00434_DS_:
0000055a deff                MOVIA    0x0
0000055b                     main.o:_00435_DS_:
0000055b ffef                RET
0000055c                     _F_AIN3_Convert:
0000055c e0fc                BCR      STATUS, BK0
0000055d ff40                MOVAR    0x3f
0000055e fd5a                CLRR     0x25
0000055f fd5d                CLRR     0x22
00000560 fd5c                CLRR     0x23
00000561 de6c                MOVIA    0x93
00000562 ff6f                MOVAR    ADMD
00000563 de37                MOVIA    0xc8
00000564 d161                LCALL    0x69e; _delay=0x69e
00000565 defe                MOVIA    0x1
00000566 e0fc                BCR      STATUS, BK0
00000567 ff2f                MOVAR    0x50
00000568                     main.o:_00839_DS_:
00000568 e0fc                BCR      STATUS, BK0
00000569 feaf                MOVR     0x50, ToAcc
0000056a fbc0                SUBAR    0x3f, ToAcc
0000056b f7fc                BTRSS    STATUS, C
0000056c c27d                LGOTO    0x582; main.o:_00841_DS_=0x582
0000056d e4ef                BSR      ADMD, START
0000056e d144                LCALL    0x6bb; _F_wait_eoc=0x6bb
0000056f def0                MOVIA    0xf
00000570 efee                ANDAR    ADR, ToAcc
00000571 e0fc                BCR      STATUS, BK0
00000572 fc5a                ADDAR    0x25, ToReg
00000573 feed                MOVR     ADD, ToAcc
00000574 ff2e                MOVAR    0x51
00000575 deff                MOVIA    0x0
00000576 ff2d                MOVAR    0x52
00000577 feae                MOVR     0x51, ToAcc
00000578 fc5d                ADDAR    0x22, ToReg
00000579 fead                MOVR     0x52, ToAcc
0000057a f3fc                BTRSC    STATUS, C
0000057b faad                INCR     0x52, ToAcc
0000057c f2fc                BTRSC    STATUS, Z
0000057d c280                LGOTO    0x57f; main.o:_00002_DS_=0x57f
0000057e fc5c                ADDAR    0x23, ToReg
0000057f                     main.o:_00002_DS_:
0000057f e0fc                BCR      STATUS, BK0
00000580 fa2f                INCR     0x50, ToReg
00000581 c297                LGOTO    0x568; main.o:_00839_DS_=0x568
00000582                     main.o:_00841_DS_:
00000582 ffef                RET
00000583                     _F_AIN4_Convert:
00000583 e0fc                BCR      STATUS, BK0
00000584 ff44                MOVAR    0x3b
00000585 fd5b                CLRR     0x24
00000586 fd5f                CLRR     0x20
00000587 fd5e                CLRR     0x21
00000588 de6b                MOVIA    0x94
00000589 ff6f                MOVAR    ADMD
0000058a de37                MOVIA    0xc8
0000058b d161                LCALL    0x69e; _delay=0x69e
0000058c defe                MOVIA    0x1
0000058d e0fc                BCR      STATUS, BK0
0000058e ff43                MOVAR    0x3c
0000058f                     main.o:_00830_DS_:
0000058f e0fc                BCR      STATUS, BK0
00000590 fec3                MOVR     0x3c, ToAcc
00000591 fbc4                SUBAR    0x3b, ToAcc
00000592 f7fc                BTRSS    STATUS, C
00000593 c256                LGOTO    0x5a9; main.o:_00832_DS_=0x5a9
00000594 e4ef                BSR      ADMD, START
00000595 d144                LCALL    0x6bb; _F_wait_eoc=0x6bb
00000596 def0                MOVIA    0xf
00000597 efee                ANDAR    ADR, ToAcc
00000598 e0fc                BCR      STATUS, BK0
00000599 fc5b                ADDAR    0x24, ToReg
0000059a feed                MOVR     ADD, ToAcc
0000059b ff42                MOVAR    0x3d
0000059c deff                MOVIA    0x0
0000059d ff41                MOVAR    0x3e
0000059e fec2                MOVR     0x3d, ToAcc
0000059f fc5f                ADDAR    0x20, ToReg
000005a0 fec1                MOVR     0x3e, ToAcc
000005a1 f3fc                BTRSC    STATUS, C
000005a2 fac1                INCR     0x3e, ToAcc
000005a3 f2fc                BTRSC    STATUS, Z
000005a4 c259                LGOTO    0x5a6; main.o:_00003_DS_=0x5a6
000005a5 fc5e                ADDAR    0x21, ToReg
000005a6                     main.o:_00003_DS_:
000005a6 e0fc                BCR      STATUS, BK0
000005a7 fa43                INCR     0x3c, ToReg
000005a8 c270                LGOTO    0x58f; main.o:_00830_DS_=0x58f
000005a9                     main.o:_00832_DS_:
000005a9 ffef                RET
000005aa                     _gotoSleep:
000005aa e0fc                BCR      STATUS, BK0
000005ab fd23                CLRR     0x5c
000005ac fd22                CLRR     0x5d
000005ad d18b                LCALL    0x674; _LedInput=0x674
000005ae d141                LCALL    0x6be; _pwmStop=0x6be
000005af de60                MOVIA    0x9f
000005b0 fff6                IOST     APHCON
000005b1 fd79                CLRR     PORTB
000005b2 e0fc                BCR      STATUS, BK0
000005b3 fd7a                CLRR     PORTA
000005b4 fd25                CLRR     0x5a
000005b5 fd24                CLRR     0x5b
000005b6 fd10                CLRR     0x6f
000005b7 de9f                MOVIA    0x60
000005b8 ff6a                MOVAR    AWUCON
000005b9 defd                MOVIA    0x2
000005ba ff71                MOVAR    INTE
000005bb dee7                MOVIA    0x18
000005bc ff77                MOVAR    PCON
000005bd fd70                CLRR     INTF
000005be fffd                CLRWDT
000005bf fffb                ENI
000005c0 fffe                SLEEP
000005c1 fd6a                CLRR     AWUCON
000005c2 de40                MOVIA    0xbf
000005c3 fff6                IOST     APHCON
000005c4 fd79                CLRR     PORTB
000005c5 debf                MOVIA    0x40
000005c6 ff7a                MOVAR    PORTA
000005c7 de87                MOVIA    0x78
000005c8 fffa                IOST     IOSTA
000005c9 defe                MOVIA    0x1
000005ca ff71                MOVAR    INTE
000005cb fd70                CLRR     INTF
000005cc de47                MOVIA    0xb8
000005cd ff77                MOVAR    PCON
000005ce ffef                RET
000005cf                     _initSys:
000005cf ffec                DISI
000005d0 de87                MOVIA    0x78
000005d1 fffa                IOST     IOSTA
000005d2 fdff                CLRA
000005d3 fff9                IOST     IOSTB
000005d4 fd79                CLRR     PORTB
000005d5 e0fc                BCR      STATUS, BK0
000005d6 fd7a                CLRR     PORTA
000005d7 d18b                LCALL    0x674; _LedInput=0x674
000005d8 de40                MOVIA    0xbf
000005d9 fff6                IOST     APHCON
000005da de00                MOVIA    0xff
000005db ff73                MOVAR    BPHCON
000005dc ff74                MOVAR    ABPLCON
000005dd defe                MOVIA    0x1
000005de ff71                MOVAR    INTE
000005df fdff                CLRA
000005e0 fff0                IOST     PCON1
000005e1 dec8                MOVIA    0x37
000005e2 ff7e                MOVAR    TMR0
000005e3 defe                MOVIA    0x1
000005e4 fffc                T0MD
000005e5 fff0                IOST     PCON1
000005e6 de67                MOVIA    0x98
000005e7 ff77                MOVAR    PCON
000005e8 defe                MOVIA    0x1
000005e9 fff0                IOST     PCON1
000005ea fffb                ENI
000005eb ffef                RET
000005ec                     _LED8ON:
000005ec ffe9                IOSTR    IOSTB
000005ed e0fc                BCR      STATUS, BK0
000005ee ff50                MOVAR    0x2f
000005ef e3d0                BCR      0x2f, 0x0
000005f0 fed0                MOVR     0x2f, ToAcc
000005f1 fff9                IOST     IOSTB
000005f2 ffe9                IOSTR    IOSTB
000005f3 ff50                MOVAR    0x2f
000005f4 e250                BCR      0x2f, 0x3
000005f5 fed0                MOVR     0x2f, ToAcc
000005f6 fff9                IOST     IOSTB
000005f7 e7f9                BSR      PORTB, PB0
000005f8 e279                BCR      PORTB, PB3
000005f9 deaf                MOVIA    0x50
000005fa d161                LCALL    0x69e; _delay=0x69e
000005fb d18b                LCALL    0x674; _LedInput=0x674
000005fc ffef                RET
000005fd                     _LED7ON:
000005fd ffe9                IOSTR    IOSTB
000005fe e0fc                BCR      STATUS, BK0
000005ff ff51                MOVAR    0x2e
00000600 e3d1                BCR      0x2e, 0x0
00000601 fed1                MOVR     0x2e, ToAcc
00000602 fff9                IOST     IOSTB
00000603 ffe9                IOSTR    IOSTB
00000604 ff51                MOVAR    0x2e
00000605 e251                BCR      0x2e, 0x3
00000606 fed1                MOVR     0x2e, ToAcc
00000607 fff9                IOST     IOSTB
00000608 e679                BSR      PORTB, PB3
00000609 e3f9                BCR      PORTB, PB0
0000060a deaf                MOVIA    0x50
0000060b d161                LCALL    0x69e; _delay=0x69e
0000060c d18b                LCALL    0x674; _LedInput=0x674
0000060d ffef                RET
0000060e                     _LED6ON:
0000060e ffe9                IOSTR    IOSTB
0000060f e0fc                BCR      STATUS, BK0
00000610 ff52                MOVAR    0x2d
00000611 e3d2                BCR      0x2d, 0x0
00000612 fed2                MOVR     0x2d, ToAcc
00000613 fff9                IOST     IOSTB
00000614 ffea                IOSTR    IOSTA
00000615 ff52                MOVAR    0x2d
00000616 e052                BCR      0x2d, 0x7
00000617 fed2                MOVR     0x2d, ToAcc
00000618 fffa                IOST     IOSTA
00000619 e47a                BSR      PORTA, PA7
0000061a e3f9                BCR      PORTB, PB0
0000061b deaf                MOVIA    0x50
0000061c d161                LCALL    0x69e; _delay=0x69e
0000061d d18b                LCALL    0x674; _LedInput=0x674
0000061e ffef                RET
0000061f                     _LED5ON:
0000061f ffe9                IOSTR    IOSTB
00000620 e0fc                BCR      STATUS, BK0
00000621 ff53                MOVAR    0x2c
00000622 e3d3                BCR      0x2c, 0x0
00000623 fed3                MOVR     0x2c, ToAcc
00000624 fff9                IOST     IOSTB
00000625 ffea                IOSTR    IOSTA
00000626 ff53                MOVAR    0x2c
00000627 e053                BCR      0x2c, 0x7
00000628 fed3                MOVR     0x2c, ToAcc
00000629 fffa                IOST     IOSTA
0000062a e7f9                BSR      PORTB, PB0
0000062b e07a                BCR      PORTA, PA7
0000062c deaf                MOVIA    0x50
0000062d d161                LCALL    0x69e; _delay=0x69e
0000062e d18b                LCALL    0x674; _LedInput=0x674
0000062f ffef                RET
00000630                     _LED4ON:
00000630 ffe9                IOSTR    IOSTB
00000631 e0fc                BCR      STATUS, BK0
00000632 ff54                MOVAR    0x2b
00000633 e354                BCR      0x2b, 0x1
00000634 fed4                MOVR     0x2b, ToAcc
00000635 fff9                IOST     IOSTB
00000636 ffe9                IOSTR    IOSTB
00000637 ff54                MOVAR    0x2b
00000638 e254                BCR      0x2b, 0x3
00000639 fed4                MOVR     0x2b, ToAcc
0000063a fff9                IOST     IOSTB
0000063b e779                BSR      PORTB, PB1
0000063c e279                BCR      PORTB, PB3
0000063d deaf                MOVIA    0x50
0000063e d161                LCALL    0x69e; _delay=0x69e
0000063f d18b                LCALL    0x674; _LedInput=0x674
00000640 ffef                RET
00000641                     _LED3ON:
00000641 ffe9                IOSTR    IOSTB
00000642 e0fc                BCR      STATUS, BK0
00000643 ff55                MOVAR    0x2a
00000644 e355                BCR      0x2a, 0x1
00000645 fed5                MOVR     0x2a, ToAcc
00000646 fff9                IOST     IOSTB
00000647 ffe9                IOSTR    IOSTB
00000648 ff55                MOVAR    0x2a
00000649 e255                BCR      0x2a, 0x3
0000064a fed5                MOVR     0x2a, ToAcc
0000064b fff9                IOST     IOSTB
0000064c e679                BSR      PORTB, PB3
0000064d e379                BCR      PORTB, PB1
0000064e deaf                MOVIA    0x50
0000064f d161                LCALL    0x69e; _delay=0x69e
00000650 d18b                LCALL    0x674; _LedInput=0x674
00000651 ffef                RET
00000652                     _LED2ON:
00000652 ffea                IOSTR    IOSTA
00000653 e0fc                BCR      STATUS, BK0
00000654 ff56                MOVAR    0x29
00000655 e056                BCR      0x29, 0x7
00000656 fed6                MOVR     0x29, ToAcc
00000657 fffa                IOST     IOSTA
00000658 ffe9                IOSTR    IOSTB
00000659 ff56                MOVAR    0x29
0000065a e356                BCR      0x29, 0x1
0000065b fed6                MOVR     0x29, ToAcc
0000065c fff9                IOST     IOSTB
0000065d e779                BSR      PORTB, PB1
0000065e e07a                BCR      PORTA, PA7
0000065f deaf                MOVIA    0x50
00000660 d161                LCALL    0x69e; _delay=0x69e
00000661 d18b                LCALL    0x674; _LedInput=0x674
00000662 ffef                RET
00000663                     _LED1ON:
00000663 ffe9                IOSTR    IOSTB
00000664 e0fc                BCR      STATUS, BK0
00000665 ff57                MOVAR    0x28
00000666 e357                BCR      0x28, 0x1
00000667 fed7                MOVR     0x28, ToAcc
00000668 fff9                IOST     IOSTB
00000669 ffea                IOSTR    IOSTA
0000066a ff57                MOVAR    0x28
0000066b e057                BCR      0x28, 0x7
0000066c fed7                MOVR     0x28, ToAcc
0000066d fffa                IOST     IOSTA
0000066e e47a                BSR      PORTA, PA7
0000066f e379                BCR      PORTB, PB1
00000670 deaf                MOVIA    0x50
00000671 d161                LCALL    0x69e; _delay=0x69e
00000672 d18b                LCALL    0x674; _LedInput=0x674
00000673 ffef                RET
00000674                     _LedInput:
00000674 ffea                IOSTR    IOSTA
00000675 e0fc                BCR      STATUS, BK0
00000676 ff58                MOVAR    0x27
00000677 e458                BSR      0x27, 0x7
00000678 fed8                MOVR     0x27, ToAcc
00000679 fffa                IOST     IOSTA
0000067a ffe9                IOSTR    IOSTB
0000067b ff58                MOVAR    0x27
0000067c def4                MOVIA    0xb
0000067d ee58                IORAR    0x27, ToReg
0000067e fed8                MOVR     0x27, ToAcc
0000067f fff9                IOST     IOSTB
00000680 e07a                BCR      PORTA, PA7
00000681 de0b                MOVIA    0xf4
00000682 ef79                ANDAR    PORTB, ToReg
00000683 ffef                RET
00000684                     _pwmInit:
00000684 ff95                SFUNR    T2CR1
00000685 e0fc                BCR      STATUS, BK0
00000686 ff4e                MOVAR    0x31
00000687 f04e                BTRSC    0x31, 0x7
00000688 c16f                LGOTO    0x690; main.o:_00410_DS_=0x690
00000689 fd66                CLRR     TMRH
0000068a de9c                MOVIA    0x63
0000068b ffb6                SFUN     TMR2
0000068c defe                MOVIA    0x1
0000068d ffb4                SFUN     T2CR2
0000068e de7c                MOVIA    0x83
0000068f ffb5                SFUN     T2CR1
00000690                     main.o:_00410_DS_:
00000690 ffef                RET
00000691                     _pwm1Init:
00000691 ff8e                SFUNR    T3CR1
00000692 e0fc                BCR      STATUS, BK0
00000693 ff4f                MOVAR    0x30
00000694 f04f                BTRSC    0x30, 0x7
00000695 c162                LGOTO    0x69d; main.o:_00399_DS_=0x69d
00000696 fd63                CLRR     TM3RH
00000697 dec3                MOVIA    0x3c
00000698 ffaf                SFUN     TMR3
00000699 def7                MOVIA    0x8
0000069a ffad                SFUN     T3CR2
0000069b de7c                MOVIA    0x83
0000069c ffae                SFUN     T3CR1
0000069d                     main.o:_00399_DS_:
0000069d ffef                RET
0000069e                     _delay:
0000069e e0fc                BCR      STATUS, BK0
0000069f ff4b                MOVAR    0x34
000006a0 fd4a                CLRR     0x35
000006a1                     main.o:_00611_DS_:
000006a1 e0fc                BCR      STATUS, BK0
000006a2 fecb                MOVR     0x34, ToAcc
000006a3 fbca                SUBAR    0x35, ToAcc
000006a4 f3fc                BTRSC    STATUS, C
000006a5 c156                LGOTO    0x6a9; main.o:_00613_DS_=0x6a9
000006a6 ffff                NOP
000006a7 fa4a                INCR     0x35, ToReg
000006a8 c15e                LGOTO    0x6a1; main.o:_00611_DS_=0x6a1
000006a9                     main.o:_00613_DS_:
000006a9 ffef                RET
000006aa                     _initAD:
000006aa de7b                MOVIA    0x84
000006ab ff6f                MOVAR    ADMD
000006ac fd6c                CLRR     ADVREFH
000006ad deef                MOVIA    0x10
000006ae ff6e                MOVAR    ADR
000006af defc                MOVIA    0x3
000006b0 ff6b                MOVAR    ADCR
000006b1 e5ef                BSR      ADMD, GCHS
000006b2 de9b                MOVIA    0x64
000006b3 d161                LCALL    0x69e; _delay=0x69e
000006b4 ffef                RET
000006b5                     _powerOff:
000006b5 e0fc                BCR      STATUS, BK0
000006b6 fd10                CLRR     0x6f
000006b7 d141                LCALL    0x6be; _pwmStop=0x6be
000006b8 e0fc                BCR      STATUS, BK0
000006b9 fd0f                CLRR     0x70
000006ba ffef                RET
000006bb                     _F_wait_eoc:
000006bb f56f                BTRSS    ADMD, EOC
000006bc c144                LGOTO    0x6bb; _F_wait_eoc=0x6bb
000006bd ffef                RET
000006be                     _pwmStop:
000006be fdff                CLRA
000006bf ffb5                SFUN     T2CR1
000006c0 ffef                RET

