00000000 c7fe                 LGOTO 0x1; __nyc_ny8_startup=0x1
00000001                      __nyc_ny8_startup:
00000001 d4c9                 LCALL 0x336; ___cinit_load__=0x336
00000002 c7b1                 LGOTO 0x4e; _main=0x4e
00000003                      crt0.o:crt0_end:
00000003 fdff                 CLRA
00000004 ffb5                 SFUN 0xa
00000005 ffef                 RET
00000008 c7f6                 LGOTO 0x9; main.o:__sdcc_interrupt=0x9
00000009                      main.o:__sdcc_interrupt:
00000009 ff5d                 MOVAR 0x22
0000000a eafc                 SWAPR 0x3, 0x0
0000000b fd7c                 CLRR 0x3
0000000c ff5e                 MOVAR 0x21
0000000d fef5                 MOVR 0xa, 0x0
0000000e fd75                 CLRR 0xa
0000000f ff5f                 MOVAR 0x20
00000010 fefb                 MOVR 0x4, 0x0
00000011 e0fb                 BCR 0x4, 0x6
00000012 ff53                 MOVAR 0x2c
00000013 fed8                 MOVR 0x27, 0x0
00000014 ff52                 MOVAR 0x2d
00000015 fed9                 MOVR 0x26, 0x0
00000016 ff51                 MOVAR 0x2e
00000017 f7f0                 BTRSS 0xf, 0x0
00000018 c7c5                 LGOTO 0x3a; main.o:_00112_DS_=0x3a
00000019 dec6                 MOVIA 0x39
0000001a fc7e                 ADDAR 0x1, 0x1
0000001b e4fb                 BSR 0x4, 0x6
0000001c fa29                 INCR 0x56, 0x1
0000001d de9b                 MOVIA 0x64
0000001e fba9                 SUBAR 0x56, 0x0
0000001f f7fc                 BTRSS 0x3, 0x0
00000020 c7c5                 LGOTO 0x3a; main.o:_00112_DS_=0x3a
00000021 fd29                 CLRR 0x56
00000022 defe                 MOVIA 0x1
00000023 ff28                 MOVAR 0x57
00000024 feab                 MOVR 0x54, 0x0
00000025 f2fc                 BTRSC 0x3, 0x2
00000026 c7c5                 LGOTO 0x3a; main.o:_00112_DS_=0x3a
00000027 e0fb                 BCR 0x4, 0x6
00000028 fa41                 INCR 0x3e, 0x1
00000029 f2fc                 BTRSC 0x3, 0x2
0000002a fa40                 INCR 0x3f, 0x1
0000002b deff                 MOVIA 0x0
0000002c fbc0                 SUBAR 0x3f, 0x0
0000002d f6fc                 BTRSS 0x3, 0x2
0000002e c7ce                 LGOTO 0x31; main.o:_00133_DS_=0x31
0000002f de9c                 MOVIA 0x63
00000030 fbc1                 SUBAR 0x3e, 0x0
00000031                      main.o:_00133_DS_:
00000031 f7fc                 BTRSS 0x3, 0x0
00000032 c7c5                 LGOTO 0x3a; main.o:_00112_DS_=0x3a
00000033 e0fb                 BCR 0x4, 0x6
00000034 fd41                 CLRR 0x3e
00000035 fd40                 CLRR 0x3f
00000036 e4fb                 BSR 0x4, 0x6
00000037 fa2f                 INCR 0x50, 0x1
00000038 f2fc                 BTRSC 0x3, 0x2
00000039 fa2e                 INCR 0x51, 0x1
0000003a                      main.o:_00112_DS_:
0000003a f770                 BTRSS 0xf, 0x1
0000003b c7c1                 LGOTO 0x3e; main.o:_00114_DS_=0x3e
0000003c de02                 MOVIA 0xfd
0000003d                      ___cinit_size__:
0000003d ff70                 MOVAR 0xf
0000003e                      main.o:_00114_DS_:
0000003e fd70                 CLRR 0xf
0000003f e0fb                 BCR 0x4, 0x6
00000040 fed1                 MOVR 0x2e, 0x0
00000041 ff59                 MOVAR 0x26
00000042 fed2                 MOVR 0x2d, 0x0
00000043 ff58                 MOVAR 0x27
00000044 fed3                 MOVR 0x2c, 0x0
00000045 ff7b                 MOVAR 0x4
00000046 fedf                 MOVR 0x20, 0x0
00000047 ff75                 MOVAR 0xa
00000048 fd7c                 CLRR 0x3
00000049 eade                 SWAPR 0x21, 0x0
0000004a ff7c                 MOVAR 0x3
0000004b ea5d                 SWAPR 0x22, 0x1
0000004c eadd                 SWAPR 0x22, 0x0
0000004d                      main.o:END_OF_INTERRUPT:
0000004d ffee                 RETIE
0000004e                      _main:
0000004e d79b                 LCALL 0x64; _initSys=0x64
0000004f                      main.o:_00144_DS_:
0000004f fffd                 CLRWDT
00000050 e4fb                 BSR 0x4, 0x6
00000051 fea4                 MOVR 0x5b, 0x0
00000052 f2fc                 BTRSC 0x3, 0x2
00000053 c7a9                 LGOTO 0x56; main.o:_00139_DS_=0x56
00000054 d6ae                 LCALL 0x151; _refreshNub=0x151
00000055 c7a4                 LGOTO 0x5b; main.o:_00140_DS_=0x5b
00000056                      main.o:_00139_DS_:
00000056 e4fb                 BSR 0x4, 0x6
00000057 fd25                 CLRR 0x5a
00000058 fd26                 CLRR 0x59
00000059 fd27                 CLRR 0x58
0000005a d681                 LCALL 0x17e; _setInput=0x17e
0000005b                      main.o:_00140_DS_:
0000005b e4fb                 BSR 0x4, 0x6
0000005c fea8                 MOVR 0x57, 0x0
0000005d f2fc                 BTRSC 0x3, 0x2
0000005e c7b0                 LGOTO 0x4f; main.o:_00144_DS_=0x4f
0000005f fd28                 CLRR 0x57
00000060 d76b                 LCALL 0x94; _keyCtr=0x94
00000061 d701                 LCALL 0xfe; _workCtr=0xfe
00000062 c7b0                 LGOTO 0x4f; main.o:_00144_DS_=0x4f
00000063 ffef                 RET
00000064                      _initSys:
00000064 fd7a                 CLRR 0x5
00000065 fd79                 CLRR 0x6
00000066 de80                 MOVIA 0x7f
00000067 ff73                 MOVAR 0xc
00000068 fdff                 CLRA
00000069 fffa                 IOST 0x5
0000006a de7f                 MOVIA 0x80
0000006b fff9                 IOST 0x6
0000006c fd7a                 CLRR 0x5
0000006d fd79                 CLRR 0x6
0000006e de57                 MOVIA 0xa8
0000006f ff77                 MOVAR 0x8
00000070 fdff                 CLRA
00000071 fff0                 IOST 0xf
00000072 dec8                 MOVIA 0x37
00000073 ff7e                 MOVAR 0x1
00000074 fdff                 CLRA
00000075 fffc                 T0MD
00000076 defe                 MOVIA 0x1
00000077 ff71                 MOVAR 0xe
00000078 fff0                 IOST 0xf
00000079 fdff                 CLRA
0000007a ffb5                 SFUN 0xa
0000007b fffb                 ENI
0000007c ffef                 RET
0000007d                      _gotoSleep:
0000007d d7fc                 LCALL 0x3; crt0.o:crt0_end=0x3
0000007e e4fb                 BSR 0x4, 0x6
0000007f fd2f                 CLRR 0x50
00000080 fd2e                 CLRR 0x51
00000081 fd2c                 CLRR 0x53
00000082 fd2b                 CLRR 0x54
00000083 fd7a                 CLRR 0x5
00000084 fd79                 CLRR 0x6
00000085 de7f                 MOVIA 0x80
00000086 ff76                 MOVAR 0x9
00000087 defd                 MOVIA 0x2
00000088 ff71                 MOVAR 0xe
00000089 def7                 MOVIA 0x8
0000008a ff77                 MOVAR 0x8
0000008b fd70                 CLRR 0xf
0000008c fffd                 CLRWDT
0000008d fffe                 SLEEP
0000008e defe                 MOVIA 0x1
0000008f ff71                 MOVAR 0xe
00000090 fd70                 CLRR 0xf
00000091 de57                 MOVIA 0xa8
00000092 ff77                 MOVAR 0x8
00000093 ffef                 RET
00000094                      _keyCtr:
00000094 f8f9                 COMR 0x6, 0x0
00000095 e0fb                 BCR 0x4, 0x6
00000096 ff6c                 MOVAR 0x13
00000097 de7f                 MOVIA 0x80
00000098 ef6c                 ANDAR 0x13, 0x1
00000099 feec                 MOVR 0x13, 0x0
0000009a d740                 LCALL 0xbf; _keyRead=0xbf
0000009b e0fb                 BCR 0x4, 0x6
0000009c ff6c                 MOVAR 0x13
0000009d dbfe                 XORIA 0x1
0000009e f6fc                 BTRSS 0x3, 0x2
0000009f c748                 LGOTO 0xb7; main.o:_00246_DS_=0xb7
000000a0 e4fb                 BSR 0x4, 0x6
000000a1 fa2b                 INCR 0x54, 0x1
000000a2 def8                 MOVIA 0x7
000000a3 fbab                 SUBAR 0x54, 0x0
000000a4 f7fc                 BTRSS 0x3, 0x0
000000a5 c756                 LGOTO 0xa9; main.o:_00238_DS_=0xa9
000000a6 fd2b                 CLRR 0x54
000000a7 fd2f                 CLRR 0x50
000000a8 fd2e                 CLRR 0x51
000000a9                      main.o:_00238_DS_:
000000a9 e4fb                 BSR 0x4, 0x6
000000aa feab                 MOVR 0x54, 0x0
000000ab dbfe                 XORIA 0x1
000000ac f6fc                 BTRSS 0x3, 0x2
000000ad c74e                 LGOTO 0xb1; main.o:_00240_DS_=0xb1
000000ae dea5                 MOVIA 0x5a
000000af ff2a                 MOVAR 0x55
000000b0 ffb3                 SFUN 0xc
000000b1                      main.o:_00240_DS_:
000000b1 e4fb                 BSR 0x4, 0x6
000000b2 feab                 MOVR 0x54, 0x0
000000b3 f2fc                 BTRSC 0x3, 0x2
000000b4 c741                 LGOTO 0xbe; main.o:_00001_DS_=0xbe
000000b5 d6be                 LCALL 0x141; _pwmInit=0x141
000000b6 c741                 LGOTO 0xbe; main.o:_00001_DS_=0xbe
000000b7                      main.o:_00246_DS_:
000000b7 e0fb                 BCR 0x4, 0x6
000000b8 feec                 MOVR 0x13, 0x0
000000b9 dbfd                 XORIA 0x2
000000ba f6fc                 BTRSS 0x3, 0x2
000000bb c741                 LGOTO 0xbe; main.o:_00001_DS_=0xbe
000000bc e4fb                 BSR 0x4, 0x6
000000bd fd2b                 CLRR 0x54
000000be                      main.o:_00001_DS_:
000000be ffef                 RET
000000bf                      _keyRead:
000000bf e0fb                 BCR 0x4, 0x6
000000c0 ff6d                 MOVAR 0x12
000000c1 feed                 MOVR 0x12, 0x0
000000c2 f2fc                 BTRSC 0x3, 0x2
000000c3 c724                 LGOTO 0xdb; main.o:_00211_DS_=0xdb
000000c4 fa43                 INCR 0x3c, 0x1
000000c5 f2fc                 BTRSC 0x3, 0x2
000000c6 fa42                 INCR 0x3d, 0x1
000000c7 deff                 MOVIA 0x0
000000c8 fbc2                 SUBAR 0x3d, 0x0
000000c9 f6fc                 BTRSS 0x3, 0x2
000000ca c732                 LGOTO 0xcd; main.o:_00230_DS_=0xcd
000000cb de37                 MOVIA 0xc8
000000cc fbc3                 SUBAR 0x3c, 0x0
000000cd                      main.o:_00230_DS_:
000000cd f7fc                 BTRSS 0x3, 0x0
000000ce c703                 LGOTO 0xfc; main.o:_00212_DS_=0xfc
000000cf de37                 MOVIA 0xc8
000000d0 e0fb                 BCR 0x4, 0x6
000000d1 ff43                 MOVAR 0x3c
000000d2 fd42                 CLRR 0x3d
000000d3 e4fb                 BSR 0x4, 0x6
000000d4 fead                 MOVR 0x52, 0x0
000000d5 f6fc                 BTRSS 0x3, 0x2
000000d6 c703                 LGOTO 0xfc; main.o:_00212_DS_=0xfc
000000d7 defe                 MOVIA 0x1
000000d8 ff2d                 MOVAR 0x52
000000d9 defd                 MOVIA 0x2
000000da c702                 LGOTO 0xfd; main.o:_00213_DS_=0xfd
000000db                      main.o:_00211_DS_:
000000db deff                 MOVIA 0x0
000000dc e0fb                 BCR 0x4, 0x6
000000dd fbc2                 SUBAR 0x3d, 0x0
000000de f6fc                 BTRSS 0x3, 0x2
000000df c71d                 LGOTO 0xe2; main.o:_00231_DS_=0xe2
000000e0 de37                 MOVIA 0xc8
000000e1 fbc3                 SUBAR 0x3c, 0x0
000000e2                      main.o:_00231_DS_:
000000e2 f7fc                 BTRSS 0x3, 0x0
000000e3 c714                 LGOTO 0xeb; main.o:_00208_DS_=0xeb
000000e4 e0fb                 BCR 0x4, 0x6
000000e5 fd43                 CLRR 0x3c
000000e6 fd42                 CLRR 0x3d
000000e7 e4fb                 BSR 0x4, 0x6
000000e8 fd2d                 CLRR 0x52
000000e9 deff                 MOVIA 0x0
000000ea c702                 LGOTO 0xfd; main.o:_00213_DS_=0xfd
000000eb                      main.o:_00208_DS_:
000000eb deff                 MOVIA 0x0
000000ec e0fb                 BCR 0x4, 0x6
000000ed fbc2                 SUBAR 0x3d, 0x0
000000ee f6fc                 BTRSS 0x3, 0x2
000000ef c70d                 LGOTO 0xf2; main.o:_00232_DS_=0xf2
000000f0 defa                 MOVIA 0x5
000000f1 fbc3                 SUBAR 0x3c, 0x0
000000f2                      main.o:_00232_DS_:
000000f2 f7fc                 BTRSS 0x3, 0x0
000000f3 c706                 LGOTO 0xf9; main.o:_00209_DS_=0xf9
000000f4 e0fb                 BCR 0x4, 0x6
000000f5 fd43                 CLRR 0x3c
000000f6 fd42                 CLRR 0x3d
000000f7 defe                 MOVIA 0x1
000000f8 c702                 LGOTO 0xfd; main.o:_00213_DS_=0xfd
000000f9                      main.o:_00209_DS_:
000000f9 e0fb                 BCR 0x4, 0x6
000000fa fd43                 CLRR 0x3c
000000fb fd42                 CLRR 0x3d
000000fc                      main.o:_00212_DS_:
000000fc deff                 MOVIA 0x0
000000fd                      main.o:_00213_DS_:
000000fd ffef                 RET
000000fe                      _workCtr:
000000fe def8                 MOVIA 0x7
000000ff e4fb                 BSR 0x4, 0x6
00000100 fbab                 SUBAR 0x54, 0x0
00000101 f3fc                 BTRSC 0x3, 0x0
00000102 c6c9                 LGOTO 0x136; main.o:_00176_DS_=0x136
00000103 defe                 MOVIA 0x1
00000104 ff75                 MOVAR 0xa
00000105 feab                 MOVR 0x54, 0x0
00000106 daf5                 ADDIA 0xa
00000107 f3fc                 BTRSC 0x3, 0x0
00000108 fa75                 INCR 0xa, 0x1
00000109 ff7d                 MOVAR 0x2
0000010a                      main.o:_00194_DS_:
0000010a c6ee                 LGOTO 0x111; main.o:_00164_DS_=0x111
0000010b c6e4                 LGOTO 0x11b; main.o:_00167_DS_=0x11b
0000010c c6d7                 LGOTO 0x128; main.o:_00171_DS_=0x128
0000010d c6d4                 LGOTO 0x12b; main.o:_00172_DS_=0x12b
0000010e c6d1                 LGOTO 0x12e; main.o:_00173_DS_=0x12e
0000010f c6ce                 LGOTO 0x131; main.o:_00174_DS_=0x131
00000110 c6cb                 LGOTO 0x134; main.o:_00175_DS_=0x134
00000111                      main.o:_00164_DS_:
00000111 fdff                 CLRA
00000112 ffb3                 SFUN 0xc
00000113 d7fc                 LCALL 0x3; crt0.o:crt0_end=0x3
00000114 e0fb                 BCR 0x4, 0x6
00000115 fec3                 MOVR 0x3c, 0x0
00000116 eec2                 IORAR 0x3d, 0x0
00000117 f6fc                 BTRSS 0x3, 0x2
00000118 c6c9                 LGOTO 0x136; main.o:_00176_DS_=0x136
00000119 d782                 LCALL 0x7d; _gotoSleep=0x7d
0000011a c6c9                 LGOTO 0x136; main.o:_00176_DS_=0x136
0000011b                      main.o:_00167_DS_:
0000011b deb1                 MOVIA 0x4e
0000011c e4fb                 BSR 0x4, 0x6
0000011d fbaa                 SUBAR 0x55, 0x0
0000011e f7fc                 BTRSS 0x3, 0x0
0000011f c6da                 LGOTO 0x125; main.o:_00169_DS_=0x125
00000120 de01                 MOVIA 0xfe
00000121 fc2a                 ADDAR 0x55, 0x1
00000122 feaa                 MOVR 0x55, 0x0
00000123 ffb3                 SFUN 0xc
00000124 c6c9                 LGOTO 0x136; main.o:_00176_DS_=0x136
00000125                      main.o:_00169_DS_:
00000125 deb2                 MOVIA 0x4d
00000126 ffb3                 SFUN 0xc
00000127 c6c9                 LGOTO 0x136; main.o:_00176_DS_=0x136
00000128                      main.o:_00171_DS_:
00000128 deae                 MOVIA 0x51
00000129 ffb3                 SFUN 0xc
0000012a c6c9                 LGOTO 0x136; main.o:_00176_DS_=0x136
0000012b                      main.o:_00172_DS_:
0000012b deaa                 MOVIA 0x55
0000012c ffb3                 SFUN 0xc
0000012d c6c9                 LGOTO 0x136; main.o:_00176_DS_=0x136
0000012e                      main.o:_00173_DS_:
0000012e dea5                 MOVIA 0x5a
0000012f ffb3                 SFUN 0xc
00000130 c6c9                 LGOTO 0x136; main.o:_00176_DS_=0x136
00000131                      main.o:_00174_DS_:
00000131 dea2                 MOVIA 0x5d
00000132 ffb3                 SFUN 0xc
00000133 c6c9                 LGOTO 0x136; main.o:_00176_DS_=0x136
00000134                      main.o:_00175_DS_:
00000134 de9e                 MOVIA 0x61
00000135 ffb3                 SFUN 0xc
00000136                      main.o:_00176_DS_:
00000136 defc                 MOVIA 0x3
00000137 e4fb                 BSR 0x4, 0x6
00000138 fbae                 SUBAR 0x51, 0x0
00000139 f6fc                 BTRSS 0x3, 0x2
0000013a c6c2                 LGOTO 0x13d; main.o:_00196_DS_=0x13d
0000013b de7b                 MOVIA 0x84
0000013c fbaf                 SUBAR 0x50, 0x0
0000013d                      main.o:_00196_DS_:
0000013d f7fc                 BTRSS 0x3, 0x0
0000013e c6bf                 LGOTO 0x140; main.o:_00179_DS_=0x140
0000013f d782                 LCALL 0x7d; _gotoSleep=0x7d
00000140                      main.o:_00179_DS_:
00000140 ffef                 RET
00000141                      _pwmInit:
00000141 ff95                 SFUNR 0xa
00000142 e0fb                 BCR 0x4, 0x6
00000143 ff6d                 MOVAR 0x12
00000144 f06d                 BTRSC 0x12, 0x7
00000145 c6af                 LGOTO 0x150; main.o:_00155_DS_=0x150
00000146 fdff                 CLRA
00000147 ffb2                 SFUN 0xd
00000148 de9b                 MOVIA 0x64
00000149 ffbf                 SFUN 0x0
0000014a fdff                 CLRA
0000014b ffbd                 SFUN 0x2
0000014c defc                 MOVIA 0x3
0000014d ffbe                 SFUN 0x1
0000014e de7c                 MOVIA 0x83
0000014f ffb5                 SFUN 0xa
00000150                      main.o:_00155_DS_:
00000150 ffef                 RET
00000151                      _refreshNub:
00000151 e4fb                 BSR 0x4, 0x6
00000152 fea6                 MOVR 0x59, 0x0
00000153 dad0                 ADDIA 0x2f
00000154 e0fb                 BCR 0x4, 0x6
00000155 ff6f                 MOVAR 0x10
00000156 deff                 MOVIA 0x0
00000157 f3fc                 BTRSC 0x3, 0x0
00000158 dafe                 ADDIA 0x1
00000159 ff6e                 MOVAR 0x11
0000015a feef                 MOVR 0x10, 0x0
0000015b ff59                 MOVAR 0x26
0000015c feee                 MOVR 0x11, 0x0
0000015d ff58                 MOVAR 0x27
0000015e deff                 MOVIA 0x0
0000015f d4d9                 LCALL 0x326; __gptrget=0x326
00000160 d4f7                 LCALL 0x308; _showNubShiwei=0x308
00000161 e4fb                 BSR 0x4, 0x6
00000162 fea5                 MOVR 0x5a, 0x0
00000163 dad0                 ADDIA 0x2f
00000164 e0fb                 BCR 0x4, 0x6
00000165 ff6f                 MOVAR 0x10
00000166 deff                 MOVIA 0x0
00000167 f3fc                 BTRSC 0x3, 0x0
00000168 dafe                 ADDIA 0x1
00000169 ff6e                 MOVAR 0x11
0000016a feef                 MOVR 0x10, 0x0
0000016b ff59                 MOVAR 0x26
0000016c feee                 MOVR 0x11, 0x0
0000016d ff58                 MOVAR 0x27
0000016e deff                 MOVIA 0x0
0000016f d4d9                 LCALL 0x326; __gptrget=0x326
00000170 d537                 LCALL 0x2c8; _showNubGewei=0x2c8
00000171 ffef                 RET
00000172                      _delayms:
00000172 e0fb                 BCR 0x4, 0x6
00000173 ff55                 MOVAR 0x2a
00000174 fd54                 CLRR 0x2b
00000175                      number.o:_00340_DS_:
00000175 e0fb                 BCR 0x4, 0x6
00000176 fed5                 MOVR 0x2a, 0x0
00000177 fbd4                 SUBAR 0x2b, 0x0
00000178 f3fc                 BTRSC 0x3, 0x0
00000179 c682                 LGOTO 0x17d; number.o:_00342_DS_=0x17d
0000017a ffff                 NOP
0000017b fa54                 INCR 0x2b, 0x1
0000017c c68a                 LGOTO 0x175; number.o:_00340_DS_=0x175
0000017d                      number.o:_00342_DS_:
0000017d ffef                 RET
0000017e                      _setInput:
0000017e ffea                 IOSTR 0x5
0000017f e0fb                 BCR 0x4, 0x6
00000180 ff56                 MOVAR 0x29
00000181 def1                 MOVIA 0xe
00000182 ee56                 IORAR 0x29, 0x1
00000183 fed6                 MOVR 0x29, 0x0
00000184 fffa                 IOST 0x5
00000185 ffe9                 IOSTR 0x6
00000186 ff56                 MOVAR 0x29
00000187 de0c                 MOVIA 0xf3
00000188 ee56                 IORAR 0x29, 0x1
00000189 fed6                 MOVR 0x29, 0x0
0000018a fff9                 IOST 0x6
0000018b ffef                 RET
0000018c                      _setOutput:
0000018c e0fb                 BCR 0x4, 0x6
0000018d ff57                 MOVAR 0x28
0000018e defe                 MOVIA 0x1
0000018f fbd7                 SUBAR 0x28, 0x0
00000190 f7fc                 BTRSS 0x3, 0x0
00000191 c619                 LGOTO 0x1e6; number.o:_00319_DS_=0x1e6
00000192 def4                 MOVIA 0xb
00000193 fbd7                 SUBAR 0x28, 0x0
00000194 f3fc                 BTRSC 0x3, 0x0
00000195 c619                 LGOTO 0x1e6; number.o:_00319_DS_=0x1e6
00000196 f957                 DECR 0x28, 0x1
00000197 defe                 MOVIA 0x1
00000198 ff75                 MOVAR 0xa
00000199 fed7                 MOVR 0x28, 0x0
0000019a da61                 ADDIA 0x9e
0000019b f3fc                 BTRSC 0x3, 0x0
0000019c fa75                 INCR 0xa, 0x1
0000019d ff7d                 MOVAR 0x2
0000019e                      number.o:_00329_DS_:
0000019e c657                 LGOTO 0x1a8; number.o:_00309_DS_=0x1a8
0000019f c650                 LGOTO 0x1af; number.o:_00310_DS_=0x1af
000001a0 c649                 LGOTO 0x1b6; number.o:_00311_DS_=0x1b6
000001a1 c642                 LGOTO 0x1bd; number.o:_00312_DS_=0x1bd
000001a2 c619                 LGOTO 0x1e6; number.o:_00319_DS_=0x1e6
000001a3 c63b                 LGOTO 0x1c4; number.o:_00313_DS_=0x1c4
000001a4 c634                 LGOTO 0x1cb; number.o:_00314_DS_=0x1cb
000001a5 c62d                 LGOTO 0x1d2; number.o:_00315_DS_=0x1d2
000001a6 c626                 LGOTO 0x1d9; number.o:_00316_DS_=0x1d9
000001a7 c61f                 LGOTO 0x1e0; number.o:_00317_DS_=0x1e0
000001a8                      number.o:_00309_DS_:
000001a8 ffea                 IOSTR 0x5
000001a9 e0fb                 BCR 0x4, 0x6
000001aa ff57                 MOVAR 0x28
000001ab e2d7                 BCR 0x28, 0x2
000001ac fed7                 MOVR 0x28, 0x0
000001ad fffa                 IOST 0x5
000001ae c619                 LGOTO 0x1e6; number.o:_00319_DS_=0x1e6
000001af                      number.o:_00310_DS_:
000001af ffea                 IOSTR 0x5
000001b0 e0fb                 BCR 0x4, 0x6
000001b1 ff57                 MOVAR 0x28
000001b2 e257                 BCR 0x28, 0x3
000001b3 fed7                 MOVR 0x28, 0x0
000001b4 fffa                 IOST 0x5
000001b5 c619                 LGOTO 0x1e6; number.o:_00319_DS_=0x1e6
000001b6                      number.o:_00311_DS_:
000001b6 ffe9                 IOSTR 0x6
000001b7 e0fb                 BCR 0x4, 0x6
000001b8 ff57                 MOVAR 0x28
000001b9 e3d7                 BCR 0x28, 0x0
000001ba fed7                 MOVR 0x28, 0x0
000001bb fff9                 IOST 0x6
000001bc c619                 LGOTO 0x1e6; number.o:_00319_DS_=0x1e6
000001bd                      number.o:_00312_DS_:
000001bd ffe9                 IOSTR 0x6
000001be e0fb                 BCR 0x4, 0x6
000001bf ff57                 MOVAR 0x28
000001c0 e357                 BCR 0x28, 0x1
000001c1 fed7                 MOVR 0x28, 0x0
000001c2 fff9                 IOST 0x6
000001c3 c619                 LGOTO 0x1e6; number.o:_00319_DS_=0x1e6
000001c4                      number.o:_00313_DS_:
000001c4 ffea                 IOSTR 0x5
000001c5 e0fb                 BCR 0x4, 0x6
000001c6 ff57                 MOVAR 0x28
000001c7 e357                 BCR 0x28, 0x1
000001c8 fed7                 MOVR 0x28, 0x0
000001c9 fffa                 IOST 0x5
000001ca c619                 LGOTO 0x1e6; number.o:_00319_DS_=0x1e6
000001cb                      number.o:_00314_DS_:
000001cb ffe9                 IOSTR 0x6
000001cc e0fb                 BCR 0x4, 0x6
000001cd ff57                 MOVAR 0x28
000001ce e1d7                 BCR 0x28, 0x4
000001cf fed7                 MOVR 0x28, 0x0
000001d0 fff9                 IOST 0x6
000001d1 c619                 LGOTO 0x1e6; number.o:_00319_DS_=0x1e6
000001d2                      number.o:_00315_DS_:
000001d2 ffe9                 IOSTR 0x6
000001d3 e0fb                 BCR 0x4, 0x6
000001d4 ff57                 MOVAR 0x28
000001d5 e157                 BCR 0x28, 0x5
000001d6 fed7                 MOVR 0x28, 0x0
000001d7 fff9                 IOST 0x6
000001d8 c619                 LGOTO 0x1e6; number.o:_00319_DS_=0x1e6
000001d9                      number.o:_00316_DS_:
000001d9 ffe9                 IOSTR 0x6
000001da e0fb                 BCR 0x4, 0x6
000001db ff57                 MOVAR 0x28
000001dc e0d7                 BCR 0x28, 0x6
000001dd fed7                 MOVR 0x28, 0x0
000001de fff9                 IOST 0x6
000001df c619                 LGOTO 0x1e6; number.o:_00319_DS_=0x1e6
000001e0                      number.o:_00317_DS_:
000001e0 ffe9                 IOSTR 0x6
000001e1 e0fb                 BCR 0x4, 0x6
000001e2 ff57                 MOVAR 0x28
000001e3 e057                 BCR 0x28, 0x7
000001e4 fed7                 MOVR 0x28, 0x0
000001e5 fff9                 IOST 0x6
000001e6                      number.o:_00319_DS_:
000001e6 ffef                 RET
000001e7                      _setlowOutput:
000001e7 e0fb                 BCR 0x4, 0x6
000001e8 ff60                 MOVAR 0x1f
000001e9 defe                 MOVIA 0x1
000001ea fbe0                 SUBAR 0x1f, 0x0
000001eb f7fc                 BTRSS 0x3, 0x0
000001ec c5eb                 LGOTO 0x214; number.o:_00294_DS_=0x214
000001ed def4                 MOVIA 0xb
000001ee fbe0                 SUBAR 0x1f, 0x0
000001ef f3fc                 BTRSC 0x3, 0x0
000001f0 c5eb                 LGOTO 0x214; number.o:_00294_DS_=0x214
000001f1 f960                 DECR 0x1f, 0x1
000001f2 defe                 MOVIA 0x1
000001f3 ff75                 MOVAR 0xa
000001f4 fee0                 MOVR 0x1f, 0x0
000001f5 da06                 ADDIA 0xf9
000001f6 f3fc                 BTRSC 0x3, 0x0
000001f7 fa75                 INCR 0xa, 0x1
000001f8 ff7d                 MOVAR 0x2
000001f9                      number.o:_00304_DS_:
000001f9 c5fc                 LGOTO 0x203; number.o:_00284_DS_=0x203
000001fa c5fa                 LGOTO 0x205; number.o:_00285_DS_=0x205
000001fb c5f8                 LGOTO 0x207; number.o:_00286_DS_=0x207
000001fc c5f6                 LGOTO 0x209; number.o:_00287_DS_=0x209
000001fd c5eb                 LGOTO 0x214; number.o:_00294_DS_=0x214
000001fe c5f4                 LGOTO 0x20b; number.o:_00288_DS_=0x20b
000001ff c5f2                 LGOTO 0x20d; number.o:_00289_DS_=0x20d
00000200 c5f0                 LGOTO 0x20f; number.o:_00290_DS_=0x20f
00000201 c5ee                 LGOTO 0x211; number.o:_00291_DS_=0x211
00000202 c5ec                 LGOTO 0x213; number.o:_00292_DS_=0x213
00000203                      number.o:_00284_DS_:
00000203 e2fa                 BCR 0x5, 0x2
00000204 c5eb                 LGOTO 0x214; number.o:_00294_DS_=0x214
00000205                      number.o:_00285_DS_:
00000205 e27a                 BCR 0x5, 0x3
00000206 c5eb                 LGOTO 0x214; number.o:_00294_DS_=0x214
00000207                      number.o:_00286_DS_:
00000207 e3f9                 BCR 0x6, 0x0
00000208 c5eb                 LGOTO 0x214; number.o:_00294_DS_=0x214
00000209                      number.o:_00287_DS_:
00000209 e379                 BCR 0x6, 0x1
0000020a c5eb                 LGOTO 0x214; number.o:_00294_DS_=0x214
0000020b                      number.o:_00288_DS_:
0000020b e37a                 BCR 0x5, 0x1
0000020c c5eb                 LGOTO 0x214; number.o:_00294_DS_=0x214
0000020d                      number.o:_00289_DS_:
0000020d e1f9                 BCR 0x6, 0x4
0000020e c5eb                 LGOTO 0x214; number.o:_00294_DS_=0x214
0000020f                      number.o:_00290_DS_:
0000020f e179                 BCR 0x6, 0x5
00000210 c5eb                 LGOTO 0x214; number.o:_00294_DS_=0x214
00000211                      number.o:_00291_DS_:
00000211 e0f9                 BCR 0x6, 0x6
00000212 c5eb                 LGOTO 0x214; number.o:_00294_DS_=0x214
00000213                      number.o:_00292_DS_:
00000213 e079                 BCR 0x6, 0x7
00000214                      number.o:_00294_DS_:
00000214 ffef                 RET
00000215                      _setHightOutput:
00000215 e0fb                 BCR 0x4, 0x6
00000216 ff61                 MOVAR 0x1e
00000217 defe                 MOVIA 0x1
00000218 fbe1                 SUBAR 0x1e, 0x0
00000219 f7fc                 BTRSS 0x3, 0x0
0000021a c5bd                 LGOTO 0x242; number.o:_00269_DS_=0x242
0000021b def4                 MOVIA 0xb
0000021c fbe1                 SUBAR 0x1e, 0x0
0000021d f3fc                 BTRSC 0x3, 0x0
0000021e c5bd                 LGOTO 0x242; number.o:_00269_DS_=0x242
0000021f f961                 DECR 0x1e, 0x1
00000220 defd                 MOVIA 0x2
00000221 ff75                 MOVAR 0xa
00000222 fee1                 MOVR 0x1e, 0x0
00000223 dad8                 ADDIA 0x27
00000224 f3fc                 BTRSC 0x3, 0x0
00000225 fa75                 INCR 0xa, 0x1
00000226 ff7d                 MOVAR 0x2
00000227                      number.o:_00279_DS_:
00000227 c5ce                 LGOTO 0x231; number.o:_00259_DS_=0x231
00000228 c5cc                 LGOTO 0x233; number.o:_00260_DS_=0x233
00000229 c5ca                 LGOTO 0x235; number.o:_00261_DS_=0x235
0000022a c5c8                 LGOTO 0x237; number.o:_00262_DS_=0x237
0000022b c5bd                 LGOTO 0x242; number.o:_00269_DS_=0x242
0000022c c5c6                 LGOTO 0x239; number.o:_00263_DS_=0x239
0000022d c5c4                 LGOTO 0x23b; number.o:_00264_DS_=0x23b
0000022e c5c2                 LGOTO 0x23d; number.o:_00265_DS_=0x23d
0000022f c5c0                 LGOTO 0x23f; number.o:_00266_DS_=0x23f
00000230 c5be                 LGOTO 0x241; number.o:_00267_DS_=0x241
00000231                      number.o:_00259_DS_:
00000231 e6fa                 BSR 0x5, 0x2
00000232 c5bd                 LGOTO 0x242; number.o:_00269_DS_=0x242
00000233                      number.o:_00260_DS_:
00000233 e67a                 BSR 0x5, 0x3
00000234 c5bd                 LGOTO 0x242; number.o:_00269_DS_=0x242
00000235                      number.o:_00261_DS_:
00000235 e7f9                 BSR 0x6, 0x0
00000236 c5bd                 LGOTO 0x242; number.o:_00269_DS_=0x242
00000237                      number.o:_00262_DS_:
00000237 e779                 BSR 0x6, 0x1
00000238 c5bd                 LGOTO 0x242; number.o:_00269_DS_=0x242
00000239                      number.o:_00263_DS_:
00000239 e77a                 BSR 0x5, 0x1
0000023a c5bd                 LGOTO 0x242; number.o:_00269_DS_=0x242
0000023b                      number.o:_00264_DS_:
0000023b e5f9                 BSR 0x6, 0x4
0000023c c5bd                 LGOTO 0x242; number.o:_00269_DS_=0x242
0000023d                      number.o:_00265_DS_:
0000023d e579                 BSR 0x6, 0x5
0000023e c5bd                 LGOTO 0x242; number.o:_00269_DS_=0x242
0000023f                      number.o:_00266_DS_:
0000023f e4f9                 BSR 0x6, 0x6
00000240 c5bd                 LGOTO 0x242; number.o:_00269_DS_=0x242
00000241                      number.o:_00267_DS_:
00000241 e479                 BSR 0x6, 0x7
00000242                      number.o:_00269_DS_:
00000242 ffef                 RET
00000243                      _showNub:
00000243 e0fb                 BCR 0x4, 0x6
00000244 ff63                 MOVAR 0x1c
00000245 fed8                 MOVR 0x27, 0x0
00000246 ff62                 MOVAR 0x1d
00000247 d681                 LCALL 0x17e; _setInput=0x17e
00000248 de0e                 MOVIA 0xf1
00000249 ef7a                 ANDAR 0x5, 0x1
0000024a def3                 MOVIA 0xc
0000024b ef79                 ANDAR 0x6, 0x1
0000024c e0fb                 BCR 0x4, 0x6
0000024d fee3                 MOVR 0x1c, 0x0
0000024e d673                 LCALL 0x18c; _setOutput=0x18c
0000024f e0fb                 BCR 0x4, 0x6
00000250 fee3                 MOVR 0x1c, 0x0
00000251 d5ea                 LCALL 0x215; _setHightOutput=0x215
00000252 e0fb                 BCR 0x4, 0x6
00000253 fee2                 MOVR 0x1d, 0x0
00000254 d673                 LCALL 0x18c; _setOutput=0x18c
00000255 e0fb                 BCR 0x4, 0x6
00000256 fee2                 MOVR 0x1d, 0x0
00000257 d618                 LCALL 0x1e7; _setlowOutput=0x1e7
00000258 def5                 MOVIA 0xa
00000259 d68d                 LCALL 0x172; _delayms=0x172
0000025a fffd                 CLRWDT
0000025b de0e                 MOVIA 0xf1
0000025c ef7a                 ANDAR 0x5, 0x1
0000025d def3                 MOVIA 0xc
0000025e ef79                 ANDAR 0x6, 0x1
0000025f ffef                 RET
00000260                      _G3:
00000260 def9                 MOVIA 0x6
00000261 ff58                 MOVAR 0x27
00000262 defb                 MOVIA 0x4
00000263 d5bc                 LCALL 0x243; _showNub=0x243
00000264 ffef                 RET
00000265                      _F3:
00000265 def9                 MOVIA 0x6
00000266 ff58                 MOVAR 0x27
00000267 def5                 MOVIA 0xa
00000268 d5bc                 LCALL 0x243; _showNub=0x243
00000269 ffef                 RET
0000026a                      _E3:
0000026a def9                 MOVIA 0x6
0000026b ff58                 MOVAR 0x27
0000026c defe                 MOVIA 0x1
0000026d d5bc                 LCALL 0x243; _showNub=0x243
0000026e ffef                 RET
0000026f                      _D3:
0000026f def9                 MOVIA 0x6
00000270 ff58                 MOVAR 0x27
00000271 defd                 MOVIA 0x2
00000272 d5bc                 LCALL 0x243; _showNub=0x243
00000273 ffef                 RET
00000274                      _C3:
00000274 def9                 MOVIA 0x6
00000275 ff58                 MOVAR 0x27
00000276 defc                 MOVIA 0x3
00000277 d5bc                 LCALL 0x243; _showNub=0x243
00000278 ffef                 RET
00000279                      _B3:
00000279 def9                 MOVIA 0x6
0000027a ff58                 MOVAR 0x27
0000027b def7                 MOVIA 0x8
0000027c d5bc                 LCALL 0x243; _showNub=0x243
0000027d ffef                 RET
0000027e                      _A3:
0000027e def9                 MOVIA 0x6
0000027f ff58                 MOVAR 0x27
00000280 def8                 MOVIA 0x7
00000281 d5bc                 LCALL 0x243; _showNub=0x243
00000282 ffef                 RET
00000283                      _G2:
00000283 def6                 MOVIA 0x9
00000284 ff58                 MOVAR 0x27
00000285 defb                 MOVIA 0x4
00000286 d5bc                 LCALL 0x243; _showNub=0x243
00000287 ffef                 RET
00000288                      _F2:
00000288 def6                 MOVIA 0x9
00000289 ff58                 MOVAR 0x27
0000028a def5                 MOVIA 0xa
0000028b d5bc                 LCALL 0x243; _showNub=0x243
0000028c ffef                 RET
0000028d                      _E2:
0000028d def6                 MOVIA 0x9
0000028e ff58                 MOVAR 0x27
0000028f defe                 MOVIA 0x1
00000290 d5bc                 LCALL 0x243; _showNub=0x243
00000291 ffef                 RET
00000292                      _D2:
00000292 def6                 MOVIA 0x9
00000293 ff58                 MOVAR 0x27
00000294 defd                 MOVIA 0x2
00000295 d5bc                 LCALL 0x243; _showNub=0x243
00000296 ffef                 RET
00000297                      _C2:
00000297 def6                 MOVIA 0x9
00000298 ff58                 MOVAR 0x27
00000299 defc                 MOVIA 0x3
0000029a d5bc                 LCALL 0x243; _showNub=0x243
0000029b ffef                 RET
0000029c                      _B2:
0000029c def6                 MOVIA 0x9
0000029d ff58                 MOVAR 0x27
0000029e def7                 MOVIA 0x8
0000029f d5bc                 LCALL 0x243; _showNub=0x243
000002a0 ffef                 RET
000002a1                      _A2:
000002a1 def6                 MOVIA 0x9
000002a2 ff58                 MOVAR 0x27
000002a3 def8                 MOVIA 0x7
000002a4 d5bc                 LCALL 0x243; _showNub=0x243
000002a5 ffef                 RET
000002a6                      _showNubGewei2:
000002a6 e0fb                 BCR 0x4, 0x6
000002a7 ff64                 MOVAR 0x1b
000002a8 def8                 MOVIA 0x7
000002a9 fbe4                 SUBAR 0x1b, 0x0
000002aa f3fc                 BTRSC 0x3, 0x0
000002ab c538                 LGOTO 0x2c7; number.o:_00184_DS_=0x2c7
000002ac defd                 MOVIA 0x2
000002ad ff75                 MOVAR 0xa
000002ae fee4                 MOVR 0x1b, 0x0
000002af da4c                 ADDIA 0xb3
000002b0 f3fc                 BTRSC 0x3, 0x0
000002b1 fa75                 INCR 0xa, 0x1
000002b2 ff7d                 MOVAR 0x2
000002b3                      number.o:_00190_DS_:
000002b3 c545                 LGOTO 0x2ba; number.o:_00176_DS_=0x2ba
000002b4 c543                 LGOTO 0x2bc; number.o:_00177_DS_=0x2bc
000002b5 c541                 LGOTO 0x2be; number.o:_00178_DS_=0x2be
000002b6 c53f                 LGOTO 0x2c0; number.o:_00179_DS_=0x2c0
000002b7 c53d                 LGOTO 0x2c2; number.o:_00180_DS_=0x2c2
000002b8 c53b                 LGOTO 0x2c4; number.o:_00181_DS_=0x2c4
000002b9 c539                 LGOTO 0x2c6; number.o:_00182_DS_=0x2c6
000002ba                      number.o:_00176_DS_:
000002ba d581                 LCALL 0x27e; _A3=0x27e
000002bb c538                 LGOTO 0x2c7; number.o:_00184_DS_=0x2c7
000002bc                      number.o:_00177_DS_:
000002bc d586                 LCALL 0x279; _B3=0x279
000002bd c538                 LGOTO 0x2c7; number.o:_00184_DS_=0x2c7
000002be                      number.o:_00178_DS_:
000002be d58b                 LCALL 0x274; _C3=0x274
000002bf c538                 LGOTO 0x2c7; number.o:_00184_DS_=0x2c7
000002c0                      number.o:_00179_DS_:
000002c0 d590                 LCALL 0x26f; _D3=0x26f
000002c1 c538                 LGOTO 0x2c7; number.o:_00184_DS_=0x2c7
000002c2                      number.o:_00180_DS_:
000002c2 d595                 LCALL 0x26a; _E3=0x26a
000002c3 c538                 LGOTO 0x2c7; number.o:_00184_DS_=0x2c7
000002c4                      number.o:_00181_DS_:
000002c4 d59a                 LCALL 0x265; _F3=0x265
000002c5 c538                 LGOTO 0x2c7; number.o:_00184_DS_=0x2c7
000002c6                      number.o:_00182_DS_:
000002c6 d59f                 LCALL 0x260; _G3=0x260
000002c7                      number.o:_00184_DS_:
000002c7 ffef                 RET
000002c8                      _showNubGewei:
000002c8 e0fb                 BCR 0x4, 0x6
000002c9 ff67                 MOVAR 0x18
000002ca fd66                 CLRR 0x19
000002cb                      number.o:_00155_DS_:
000002cb def8                 MOVIA 0x7
000002cc e0fb                 BCR 0x4, 0x6
000002cd fbe6                 SUBAR 0x19, 0x0
000002ce f3fc                 BTRSC 0x3, 0x0
000002cf c51a                 LGOTO 0x2e5; number.o:_00157_DS_=0x2e5
000002d0 fee7                 MOVR 0x18, 0x0
000002d1 ff65                 MOVAR 0x1a
000002d2 fee6                 MOVR 0x19, 0x0
000002d3 d8ff                 SUBIA 0x0
000002d4 f2fc                 BTRSC 0x3, 0x2
000002d5 c524                 LGOTO 0x2db; number.o:_00171_DS_=0x2db
000002d6                      number.o:_00170_DS_:
000002d6 e0fb                 BCR 0x4, 0x6
000002d7 ec65                 RRR 0x1a, 0x1
000002d8 dafe                 ADDIA 0x1
000002d9 f7fc                 BTRSS 0x3, 0x0
000002da c529                 LGOTO 0x2d6; number.o:_00170_DS_=0x2d6
000002db                      number.o:_00171_DS_:
000002db e0fb                 BCR 0x4, 0x6
000002dc f7e5                 BTRSS 0x1a, 0x0
000002dd c51e                 LGOTO 0x2e1; number.o:_00151_DS_=0x2e1
000002de fee6                 MOVR 0x19, 0x0
000002df d559                 LCALL 0x2a6; _showNubGewei2=0x2a6
000002e0 c51d                 LGOTO 0x2e2; number.o:_00156_DS_=0x2e2
000002e1                      number.o:_00151_DS_:
000002e1 d681                 LCALL 0x17e; _setInput=0x17e
000002e2                      number.o:_00156_DS_:
000002e2 e0fb                 BCR 0x4, 0x6
000002e3 fa66                 INCR 0x19, 0x1
000002e4 c534                 LGOTO 0x2cb; number.o:_00155_DS_=0x2cb
000002e5                      number.o:_00157_DS_:
000002e5 ffef                 RET
000002e6                      _showNubShiwei2:
000002e6 e0fb                 BCR 0x4, 0x6
000002e7 ff68                 MOVAR 0x17
000002e8 def8                 MOVIA 0x7
000002e9 fbe8                 SUBAR 0x17, 0x0
000002ea f3fc                 BTRSC 0x3, 0x0
000002eb c4f8                 LGOTO 0x307; number.o:_00139_DS_=0x307
000002ec defd                 MOVIA 0x2
000002ed ff75                 MOVAR 0xa
000002ee fee8                 MOVR 0x17, 0x0
000002ef da0c                 ADDIA 0xf3
000002f0 f3fc                 BTRSC 0x3, 0x0
000002f1 fa75                 INCR 0xa, 0x1
000002f2 ff7d                 MOVAR 0x2
000002f3                      number.o:_00145_DS_:
000002f3 c505                 LGOTO 0x2fa; number.o:_00131_DS_=0x2fa
000002f4 c503                 LGOTO 0x2fc; number.o:_00132_DS_=0x2fc
000002f5 c501                 LGOTO 0x2fe; number.o:_00133_DS_=0x2fe
000002f6 c4ff                 LGOTO 0x300; number.o:_00134_DS_=0x300
000002f7 c4fd                 LGOTO 0x302; number.o:_00135_DS_=0x302
000002f8 c4fb                 LGOTO 0x304; number.o:_00136_DS_=0x304
000002f9 c4f9                 LGOTO 0x306; number.o:_00137_DS_=0x306
000002fa                      number.o:_00131_DS_:
000002fa d55e                 LCALL 0x2a1; _A2=0x2a1
000002fb c4f8                 LGOTO 0x307; number.o:_00139_DS_=0x307
000002fc                      number.o:_00132_DS_:
000002fc d563                 LCALL 0x29c; _B2=0x29c
000002fd c4f8                 LGOTO 0x307; number.o:_00139_DS_=0x307
000002fe                      number.o:_00133_DS_:
000002fe d568                 LCALL 0x297; _C2=0x297
000002ff c4f8                 LGOTO 0x307; number.o:_00139_DS_=0x307
00000300                      number.o:_00134_DS_:
00000300 d56d                 LCALL 0x292; _D2=0x292
00000301 c4f8                 LGOTO 0x307; number.o:_00139_DS_=0x307
00000302                      number.o:_00135_DS_:
00000302 d572                 LCALL 0x28d; _E2=0x28d
00000303 c4f8                 LGOTO 0x307; number.o:_00139_DS_=0x307
00000304                      number.o:_00136_DS_:
00000304 d577                 LCALL 0x288; _F2=0x288
00000305 c4f8                 LGOTO 0x307; number.o:_00139_DS_=0x307
00000306                      number.o:_00137_DS_:
00000306 d57c                 LCALL 0x283; _G2=0x283
00000307                      number.o:_00139_DS_:
00000307 ffef                 RET
00000308                      _showNubShiwei:
00000308 e0fb                 BCR 0x4, 0x6
00000309 ff6b                 MOVAR 0x14
0000030a fd6a                 CLRR 0x15
0000030b                      number.o:_00110_DS_:
0000030b def8                 MOVIA 0x7
0000030c e0fb                 BCR 0x4, 0x6
0000030d fbea                 SUBAR 0x15, 0x0
0000030e f3fc                 BTRSC 0x3, 0x0
0000030f c4da                 LGOTO 0x325; number.o:_00112_DS_=0x325
00000310 feeb                 MOVR 0x14, 0x0
00000311 ff69                 MOVAR 0x16
00000312 feea                 MOVR 0x15, 0x0
00000313 d8ff                 SUBIA 0x0
00000314 f2fc                 BTRSC 0x3, 0x2
00000315 c4e4                 LGOTO 0x31b; number.o:_00126_DS_=0x31b
00000316                      number.o:_00125_DS_:
00000316 e0fb                 BCR 0x4, 0x6
00000317 ec69                 RRR 0x16, 0x1
00000318 dafe                 ADDIA 0x1
00000319 f7fc                 BTRSS 0x3, 0x0
0000031a c4e9                 LGOTO 0x316; number.o:_00125_DS_=0x316
0000031b                      number.o:_00126_DS_:
0000031b e0fb                 BCR 0x4, 0x6
0000031c f7e9                 BTRSS 0x16, 0x0
0000031d c4de                 LGOTO 0x321; number.o:_00106_DS_=0x321
0000031e feea                 MOVR 0x15, 0x0
0000031f d519                 LCALL 0x2e6; _showNubShiwei2=0x2e6
00000320 c4dd                 LGOTO 0x322; number.o:_00111_DS_=0x322
00000321                      number.o:_00106_DS_:
00000321 d681                 LCALL 0x17e; _setInput=0x17e
00000322                      number.o:_00111_DS_:
00000322 e0fb                 BCR 0x4, 0x6
00000323 fa6a                 INCR 0x15, 0x1
00000324 c4f4                 LGOTO 0x30b; number.o:_00110_DS_=0x30b
00000325                      number.o:_00112_DS_:
00000325 ffef                 RET
00000326                      __gptrget:
00000326 dbff                 XORIA 0x0
00000327 f2fc                 BTRSC 0x3, 0x2
00000328 c4d2                 LGOTO 0x32d; _gptrget1.o:__dataptrget1=0x32d
00000329 db7f                 XORIA 0x80
0000032a f2fc                 BTRSC 0x3, 0x2
0000032b c4ce                 LGOTO 0x331; __codeptrget1=0x331
0000032c dfff                 RETIA 0x0
0000032d                      _gptrget1.o:__dataptrget1:
0000032d fed9                 MOVR 0x26, 0x0
0000032e ff7b                 MOVAR 0x4
0000032f feff                 MOVR 0x0, 0x0
00000330 ffef                 RET
00000331                      __codeptrget1:
00000331 fed8                 MOVR 0x27, 0x0
00000332 ffb8                 SFUN 0x7
00000333 fed9                 MOVR 0x26, 0x0
00000334 fdee                 TABLEA
00000335 ffef                 RET
00000336                      ___cinit_load__:
