00000000 c7f6                 LGOTO 0x9; crt0.o:initial_ram_bss=0x9
00000001                      main.o:_00604_DS_:
00000001 f56f                 BTRSS 0x10, 0x5
00000002 c7fe                 LGOTO 0x1; main.o:_00604_DS_=0x1
00000003 ffef                 RET
00000004                      _closeledSlave:
00000004 de38                 MOVIA 0xc7
00000005 ef79                 ANDAR 0x6, 0x1
00000006 e37a                 BCR 0x5, 0x1
00000007 ffef                 RET
00000008 c7e2                 LGOTO 0x1d; main.o:__sdcc_interrupt=0x1d
00000009                      crt0.o:initial_ram_bss:
00000015                      crt0.o:initial_ram_cinit:
00000017                      crt0.o:startup_exit:
0000001d                      main.o:__sdcc_interrupt:
0000001d ff3d                 MOVAR 0x42
0000001e eafc                 SWAPR 0x3, 0x0
0000001f fd7c                 CLRR 0x3
00000020 ff3e                 MOVAR 0x41
00000021 fef5                 MOVR 0xa, 0x0
00000022 fd75                 CLRR 0xa
00000023 ff3f                 MOVAR 0x40
00000024 fefb                 MOVR 0x4, 0x0
00000025 e0fc                 BCR 0x3, 0x6
00000026 ff47                 MOVAR 0x38
00000027 feb0                 MOVR 0x4f, 0x0
00000028 ff46                 MOVAR 0x39
00000029 feb1                 MOVR 0x4e, 0x0
0000002a ff45                 MOVAR 0x3a
0000002b f7f0                 BTRSS 0xf, 0x0
0000002c c78c                 LGOTO 0x73; main.o:_00123_DS_=0x73
0000002d dec8                 MOVIA 0x37
0000002e fc7e                 ADDAR 0x1, 0x1
0000002f fa44                 INCR 0x3b, 0x1
00000030 def5                 MOVIA 0xa
00000031 ff30                 MOVAR 0x4f
00000032 fec4                 MOVR 0x3b, 0x0
00000033 d413                 LCALL 0x3ec; __moduchar=0x3ec
00000034 e0fc                 BCR 0x3, 0x6
00000035                      ___cinit_size__:
00000035 ff5c                 MOVAR 0x23
00000036 fedc                 MOVR 0x23, 0x0
00000037 f6fc                 BTRSS 0x3, 0x2
00000038 c794                 LGOTO 0x6b; main.o:_00003_DS_=0x6b
00000039 fead                 MOVR 0x52, 0x0
0000003a dbfb                 XORIA 0x4
0000003b f2fc                 BTRSC 0x3, 0x2
0000003c d554                 LCALL 0x2ab; _mode4=0x2ab
0000003d e0fc                 BCR 0x3, 0x6
0000003e fa28                 INCR 0x57, 0x1
0000003f de37                 MOVIA 0xc8
00000040 fba8                 SUBAR 0x57, 0x0
00000041 f7fc                 BTRSS 0x3, 0x0
00000042 c7a4                 LGOTO 0x5b; main.o:_00114_DS_=0x5b
00000043 fd28                 CLRR 0x57
00000044 fa1f                 INCR 0x60, 0x1
00000045 f2fc                 BTRSC 0x3, 0x2
00000046 fa1e                 INCR 0x61, 0x1
00000047 def9                 MOVIA 0x6
00000048 fb9e                 SUBAR 0x61, 0x0
00000049 f6fc                 BTRSS 0x3, 0x2
0000004a c7b2                 LGOTO 0x4d; main.o:_00159_DS_=0x4d
0000004b debf                 MOVIA 0x40
0000004c fb9f                 SUBAR 0x60, 0x0
0000004d                      main.o:_00159_DS_:
0000004d f7fc                 BTRSS 0x3, 0x0
0000004e c7ab                 LGOTO 0x54; main.o:_00108_DS_=0x54
0000004f de53                 MOVIA 0xac
00000050 e0fc                 BCR 0x3, 0x6
00000051 ff1f                 MOVAR 0x60
00000052 defc                 MOVIA 0x3
00000053 ff1e                 MOVAR 0x61
00000054                      main.o:_00108_DS_:
00000054 e0fc                 BCR 0x3, 0x6
00000055 feae                 MOVR 0x51, 0x0
00000056 dbfc                 XORIA 0x3
00000057 f6fc                 BTRSS 0x3, 0x2
00000058 c79f                 LGOTO 0x60; main.o:_00115_DS_=0x60
00000059 e6f9                 BSR 0x6, 0x2
0000005a c79f                 LGOTO 0x60; main.o:_00115_DS_=0x60
0000005b                      main.o:_00114_DS_:
0000005b e0fc                 BCR 0x3, 0x6
0000005c feae                 MOVR 0x51, 0x0
0000005d dbfc                 XORIA 0x3
0000005e f2fc                 BTRSC 0x3, 0x2
0000005f e2f9                 BCR 0x6, 0x2
00000060                      main.o:_00115_DS_:
00000060 deeb                 MOVIA 0x14
00000061 ff30                 MOVAR 0x4f
00000062 e0fc                 BCR 0x3, 0x6
00000063 fea8                 MOVR 0x57, 0x0
00000064 d413                 LCALL 0x3ec; __moduchar=0x3ec
00000065 e0fc                 BCR 0x3, 0x6
00000066 ff5c                 MOVAR 0x23
00000067 fedc                 MOVR 0x23, 0x0
00000068 f6fc                 BTRSS 0x3, 0x2
00000069 c794                 LGOTO 0x6b; main.o:_00003_DS_=0x6b
0000006a fa23                 INCR 0x5c, 0x1
0000006b                      main.o:_00003_DS_:
0000006b e0fc                 BCR 0x3, 0x6
0000006c fec4                 MOVR 0x3b, 0x0
0000006d db9b                 XORIA 0x64
0000006e f6fc                 BTRSS 0x3, 0x2
0000006f c78c                 LGOTO 0x73; main.o:_00123_DS_=0x73
00000070 fd44                 CLRR 0x3b
00000071 defe                 MOVIA 0x1
00000072 ff43                 MOVAR 0x3c
00000073                      main.o:_00123_DS_:
00000073 f770                 BTRSS 0xf, 0x1
00000074 c788                 LGOTO 0x77; main.o:_00125_DS_=0x77
00000075 de02                 MOVIA 0xfd
00000076 ff70                 MOVAR 0xf
00000077                      main.o:_00125_DS_:
00000077 fd70                 CLRR 0xf
00000078 e0fc                 BCR 0x3, 0x6
00000079 fec5                 MOVR 0x3a, 0x0
0000007a ff31                 MOVAR 0x4e
0000007b fec6                 MOVR 0x39, 0x0
0000007c ff30                 MOVAR 0x4f
0000007d fec7                 MOVR 0x38, 0x0
0000007e ff7b                 MOVAR 0x4
0000007f febf                 MOVR 0x40, 0x0
00000080 ff75                 MOVAR 0xa
00000081 fd7c                 CLRR 0x3
00000082 eabe                 SWAPR 0x41, 0x0
00000083 ff7c                 MOVAR 0x3
00000084 ea3d                 SWAPR 0x42, 0x1
00000085 eabd                 SWAPR 0x42, 0x0
00000086                      main.o:END_OF_INTERRUPT:
00000086 ffee                 RETIE
00000087                      _main:
00000087 d431                 LCALL 0x3ce; _init=0x3ce
00000088 d735                 LCALL 0xca; _initAD=0xca
00000089 d453                 LCALL 0x3ac; _gotoSleep=0x3ac
0000008a                      main.o:_00183_DS_:
0000008a fffd                 CLRWDT
0000008b e0fc                 BCR 0x3, 0x6
0000008c fec3                 MOVR 0x3c, 0x0
0000008d f2fc                 BTRSC 0x3, 0x2
0000008e c775                 LGOTO 0x8a; main.o:_00183_DS_=0x8a
0000008f fd43                 CLRR 0x3c
00000090 d461                 LCALL 0x39e; _timeCtr=0x39e
00000091 d59b                 LCALL 0x264; _keyCon=0x264
00000092 d5b1                 LCALL 0x24e; _ledMasterCtr=0x24e
00000093 d5cc                 LCALL 0x233; _ledSlaveCtr=0x233
00000094 f6fa                 BTRSS 0x5, 0x2
00000095 c75f                 LGOTO 0xa0; main.o:_00180_DS_=0xa0
00000096 e0fc                 BCR 0x3, 0x6
00000097 fd22                 CLRR 0x5d
00000098 feab                 MOVR 0x54, 0x0
00000099 dbfc                 XORIA 0x3
0000009a f2fc                 BTRSC 0x3, 0x2
0000009b c761                 LGOTO 0x9e; main.o:_00167_DS_=0x9e
0000009c defe                 MOVIA 0x1
0000009d ff2b                 MOVAR 0x54
0000009e                      main.o:_00167_DS_:
0000009e d6e6                 LCALL 0x119; _checkBat=0x119
0000009f c738                 LGOTO 0xc7; main.o:_00181_DS_=0xc7
000000a0                      main.o:_00180_DS_:
000000a0 e0fc                 BCR 0x3, 0x6
000000a1 feae                 MOVR 0x51, 0x0
000000a2 f6fc                 BTRSS 0x3, 0x2
000000a3 c758                 LGOTO 0xa7; main.o:_00170_DS_=0xa7
000000a4 fead                 MOVR 0x52, 0x0
000000a5 f2fc                 BTRSC 0x3, 0x2
000000a6 c756                 LGOTO 0xa9; main.o:_00171_DS_=0xa9
000000a7                      main.o:_00170_DS_:
000000a7 d6e6                 LCALL 0x119; _checkBat=0x119
000000a8 c746                 LGOTO 0xb9; main.o:_00172_DS_=0xb9
000000a9                      main.o:_00171_DS_:
000000a9 defe                 MOVIA 0x1
000000aa e0fc                 BCR 0x3, 0x6
000000ab ff20                 MOVAR 0x5f
000000ac e7f9                 BSR 0x6, 0x0
000000ad e779                 BSR 0x6, 0x1
000000ae e47a                 BSR 0x5, 0x7
000000af e4fa                 BSR 0x5, 0x6
000000b0 fd23                 CLRR 0x5c
000000b1 de05                 MOVIA 0xfa
000000b2 ff21                 MOVAR 0x5e
000000b3 fd22                 CLRR 0x5d
000000b4 fa1c                 INCR 0x63, 0x1
000000b5 de37                 MOVIA 0xc8
000000b6 fb9c                 SUBAR 0x63, 0x0
000000b7 f3fc                 BTRSC 0x3, 0x0
000000b8 d453                 LCALL 0x3ac; _gotoSleep=0x3ac
000000b9                      main.o:_00172_DS_:
000000b9 e0fc                 BCR 0x3, 0x6
000000ba feab                 MOVR 0x54, 0x0
000000bb f6fc                 BTRSS 0x3, 0x2
000000bc c73b                 LGOTO 0xc4; main.o:_00177_DS_=0xc4
000000bd fea3                 MOVR 0x5c, 0x0
000000be db05                 XORIA 0xfa
000000bf f6fc                 BTRSS 0x3, 0x2
000000c0 c738                 LGOTO 0xc7; main.o:_00181_DS_=0xc7
000000c1 defd                 MOVIA 0x2
000000c2 ff2b                 MOVAR 0x54
000000c3 c738                 LGOTO 0xc7; main.o:_00181_DS_=0xc7
000000c4                      main.o:_00177_DS_:
000000c4 defd                 MOVIA 0x2
000000c5 e0fc                 BCR 0x3, 0x6
000000c6 ff2b                 MOVAR 0x54
000000c7                      main.o:_00181_DS_:
000000c7 d48c                 LCALL 0x373; _chrgLed=0x373
000000c8 c775                 LGOTO 0x8a; main.o:_00183_DS_=0x8a
000000c9 ffef                 RET
000000ca                      _initAD:
000000ca de7b                 MOVIA 0x84
000000cb ff6f                 MOVAR 0x10
000000cc fd6c                 CLRR 0x13
000000cd deef                 MOVIA 0x10
000000ce ff6e                 MOVAR 0x11
000000cf defc                 MOVIA 0x3
000000d0 ff6b                 MOVAR 0x14
000000d1 deef                 MOVIA 0x10
000000d2 ff69                 MOVAR 0x16
000000d3 e5ef                 BSR 0x10, 0x4
000000d4 de9b                 MOVIA 0x64
000000d5 ff30                 MOVAR 0x4f
000000d6 deff                 MOVIA 0x0
000000d7 d726                 LCALL 0xd9; _delay=0xd9
000000d8 ffef                 RET
000000d9                      _delay:
000000d9 e0fc                 BCR 0x3, 0x6
000000da ff52                 MOVAR 0x2d
000000db feb0                 MOVR 0x4f, 0x0
000000dc ff53                 MOVAR 0x2c
000000dd fd51                 CLRR 0x2e
000000de fd50                 CLRR 0x2f
000000df                      main.o:_00611_DS_:
000000df e0fc                 BCR 0x3, 0x6
000000e0 fed2                 MOVR 0x2d, 0x0
000000e1 fbd0                 SUBAR 0x2f, 0x0
000000e2 f6fc                 BTRSS 0x3, 0x2
000000e3 c719                 LGOTO 0xe6; main.o:_00622_DS_=0xe6
000000e4 fed3                 MOVR 0x2c, 0x0
000000e5 fbd1                 SUBAR 0x2e, 0x0
000000e6                      main.o:_00622_DS_:
000000e6 f3fc                 BTRSC 0x3, 0x0
000000e7 c711                 LGOTO 0xee; main.o:_00613_DS_=0xee
000000e8 e0fc                 BCR 0x3, 0x6
000000e9 fa51                 INCR 0x2e, 0x1
000000ea f6fc                 BTRSS 0x3, 0x2
000000eb c712                 LGOTO 0xed; main.o:_00001_DS_=0xed
000000ec fa50                 INCR 0x2f, 0x1
000000ed                      main.o:_00001_DS_:
000000ed c720                 LGOTO 0xdf; main.o:_00611_DS_=0xdf
000000ee                      main.o:_00613_DS_:
000000ee ffef                 RET
000000ef                      _F_AIN4_Convert:
000000ef e0fc                 BCR 0x3, 0x6
000000f0 ff57                 MOVAR 0x28
000000f1 de6b                 MOVIA 0x94
000000f2 ff6f                 MOVAR 0x10
000000f3 de9b                 MOVIA 0x64
000000f4 ff30                 MOVAR 0x4f
000000f5 deff                 MOVIA 0x0
000000f6 d726                 LCALL 0xd9; _delay=0xd9
000000f7 defe                 MOVIA 0x1
000000f8 e0fc                 BCR 0x3, 0x6
000000f9 ff56                 MOVAR 0x29
000000fa                      main.o:_00597_DS_:
000000fa e0fc                 BCR 0x3, 0x6
000000fb fed6                 MOVR 0x29, 0x0
000000fc fbd7                 SUBAR 0x28, 0x0
000000fd f7fc                 BTRSS 0x3, 0x0
000000fe c6e7                 LGOTO 0x118; main.o:_00599_DS_=0x118
000000ff e4ef                 BSR 0x10, 0x6
00000100 d7fe                 LCALL 0x1; main.o:_00604_DS_=0x1
00000101 defa                 MOVIA 0x5
00000102 e0fc                 BCR 0x3, 0x6
00000103 fbd6                 SUBAR 0x29, 0x0
00000104 f7fc                 BTRSS 0x3, 0x0
00000105 c6ea                 LGOTO 0x115; main.o:_00002_DS_=0x115
00000106 def0                 MOVIA 0xf
00000107 efee                 ANDAR 0x11, 0x0
00000108 fc5d                 ADDAR 0x22, 0x1
00000109 feed                 MOVR 0x12, 0x0
0000010a ff55                 MOVAR 0x2a
0000010b deff                 MOVIA 0x0
0000010c ff54                 MOVAR 0x2b
0000010d fed5                 MOVR 0x2a, 0x0
0000010e fc5f                 ADDAR 0x20, 0x1
0000010f fed4                 MOVR 0x2b, 0x0
00000110 f3fc                 BTRSC 0x3, 0x0
00000111 fad4                 INCR 0x2b, 0x0
00000112 f2fc                 BTRSC 0x3, 0x2
00000113 c6ea                 LGOTO 0x115; main.o:_00002_DS_=0x115
00000114 fc5e                 ADDAR 0x21, 0x1
00000115                      main.o:_00002_DS_:
00000115 e0fc                 BCR 0x3, 0x6
00000116 fa56                 INCR 0x29, 0x1
00000117 c705                 LGOTO 0xfa; main.o:_00597_DS_=0xfa
00000118                      main.o:_00599_DS_:
00000118 ffef                 RET
00000119                      _checkBat:
00000119 deef                 MOVIA 0x10
0000011a ff69                 MOVAR 0x16
0000011b e0fc                 BCR 0x3, 0x6
0000011c fd5d                 CLRR 0x22
0000011d fd5f                 CLRR 0x20
0000011e fd5e                 CLRR 0x21
0000011f def3                 MOVIA 0xc
00000120 d710                 LCALL 0xef; _F_AIN4_Convert=0xef
00000121 de0f                 MOVIA 0xf0
00000122 e0fc                 BCR 0x3, 0x6
00000123 ef5d                 ANDAR 0x22, 0x1
00000124 fe9f                 MOVR 0x60, 0x0
00000125 ff5f                 MOVAR 0x20
00000126 fe9e                 MOVR 0x61, 0x0
00000127 ff5e                 MOVAR 0x21
00000128 fd20                 CLRR 0x5f
00000129 feab                 MOVR 0x54, 0x0
0000012a f2fc                 BTRSC 0x3, 0x2
0000012b c5f8                 LGOTO 0x207; main.o:_00493_DS_=0x207
0000012c def9                 MOVIA 0x6
0000012d fbde                 SUBAR 0x21, 0x0
0000012e f6fc                 BTRSS 0x3, 0x2
0000012f c6cd                 LGOTO 0x132; main.o:_00567_DS_=0x132
00000130 dee3                 MOVIA 0x1c
00000131 fbdf                 SUBAR 0x20, 0x0
00000132                      main.o:_00567_DS_:
00000132 f7fc                 BTRSS 0x3, 0x0
00000133 c6c0                 LGOTO 0x13f; main.o:_00440_DS_=0x13f
00000134 defc                 MOVIA 0x3
00000135 e0fc                 BCR 0x3, 0x6
00000136 ff2b                 MOVAR 0x54
00000137 de36                 MOVIA 0xc9
00000138 fba2                 SUBAR 0x5d, 0x0
00000139 f3fc                 BTRSC 0x3, 0x0
0000013a c6c0                 LGOTO 0x13f; main.o:_00440_DS_=0x13f
0000013b de36                 MOVIA 0xc9
0000013c ff22                 MOVAR 0x5d
0000013d de05                 MOVIA 0xfa
0000013e ff21                 MOVAR 0x5e
0000013f                      main.o:_00440_DS_:
0000013f e0fc                 BCR 0x3, 0x6
00000140 feab                 MOVR 0x54, 0x0
00000141 dbfe                 XORIA 0x1
00000142 f2fc                 BTRSC 0x3, 0x2
00000143 c6b8                 LGOTO 0x147; main.o:_00441_DS_=0x147
00000144 feab                 MOVR 0x54, 0x0
00000145 dbfc                 XORIA 0x3
00000146 f2fc                 BTRSC 0x3, 0x2
00000147                      main.o:_00441_DS_:
00000147 c5f8                 LGOTO 0x207; main.o:_00493_DS_=0x207
00000148 defa                 MOVIA 0x5
00000149 e0fc                 BCR 0x3, 0x6
0000014a fbde                 SUBAR 0x21, 0x0
0000014b f6fc                 BTRSS 0x3, 0x2
0000014c c6b0                 LGOTO 0x14f; main.o:_00570_DS_=0x14f
0000014d de2c                 MOVIA 0xd3
0000014e fbdf                 SUBAR 0x20, 0x0
0000014f                      main.o:_00570_DS_:
0000014f f7fc                 BTRSS 0x3, 0x0
00000150 c6a4                 LGOTO 0x15b; main.o:_00475_DS_=0x15b
00000151 de36                 MOVIA 0xc9
00000152 e0fc                 BCR 0x3, 0x6
00000153 fba2                 SUBAR 0x5d, 0x0
00000154 f3fc                 BTRSC 0x3, 0x0
00000155 c639                 LGOTO 0x1c6; main.o:_00476_DS_=0x1c6
00000156 de36                 MOVIA 0xc9
00000157 ff22                 MOVAR 0x5d
00000158 de05                 MOVIA 0xfa
00000159 ff21                 MOVAR 0x5e
0000015a c639                 LGOTO 0x1c6; main.o:_00476_DS_=0x1c6
0000015b                      main.o:_00475_DS_:
0000015b defa                 MOVIA 0x5
0000015c e0fc                 BCR 0x3, 0x6
0000015d fbde                 SUBAR 0x21, 0x0
0000015e f6fc                 BTRSS 0x3, 0x2
0000015f c69d                 LGOTO 0x162; main.o:_00572_DS_=0x162
00000160 de89                 MOVIA 0x76
00000161 fbdf                 SUBAR 0x20, 0x0
00000162                      main.o:_00572_DS_:
00000162 f7fc                 BTRSS 0x3, 0x0
00000163 c691                 LGOTO 0x16e; main.o:_00472_DS_=0x16e
00000164 de68                 MOVIA 0x97
00000165 e0fc                 BCR 0x3, 0x6
00000166 fba2                 SUBAR 0x5d, 0x0
00000167 f3fc                 BTRSC 0x3, 0x0
00000168 c639                 LGOTO 0x1c6; main.o:_00476_DS_=0x1c6
00000169 de68                 MOVIA 0x97
0000016a ff22                 MOVAR 0x5d
0000016b de37                 MOVIA 0xc8
0000016c ff21                 MOVAR 0x5e
0000016d c639                 LGOTO 0x1c6; main.o:_00476_DS_=0x1c6
0000016e                      main.o:_00472_DS_:
0000016e defb                 MOVIA 0x4
0000016f e0fc                 BCR 0x3, 0x6
00000170 fbde                 SUBAR 0x21, 0x0
00000171 f6fc                 BTRSS 0x3, 0x2
00000172 c68a                 LGOTO 0x175; main.o:_00574_DS_=0x175
00000173 de0c                 MOVIA 0xf3
00000174 fbdf                 SUBAR 0x20, 0x0
00000175                      main.o:_00574_DS_:
00000175 f7fc                 BTRSS 0x3, 0x0
00000176 c67e                 LGOTO 0x181; main.o:_00469_DS_=0x181
00000177 de9a                 MOVIA 0x65
00000178 e0fc                 BCR 0x3, 0x6
00000179 fba2                 SUBAR 0x5d, 0x0
0000017a f3fc                 BTRSC 0x3, 0x0
0000017b c639                 LGOTO 0x1c6; main.o:_00476_DS_=0x1c6
0000017c de9a                 MOVIA 0x65
0000017d ff22                 MOVAR 0x5d
0000017e de69                 MOVIA 0x96
0000017f ff21                 MOVAR 0x5e
00000180 c639                 LGOTO 0x1c6; main.o:_00476_DS_=0x1c6
00000181                      main.o:_00469_DS_:
00000181 defb                 MOVIA 0x4
00000182 e0fc                 BCR 0x3, 0x6
00000183 fbde                 SUBAR 0x21, 0x0
00000184 f6fc                 BTRSS 0x3, 0x2
00000185 c677                 LGOTO 0x188; main.o:_00576_DS_=0x188
00000186 dea0                 MOVIA 0x5f
00000187 fbdf                 SUBAR 0x20, 0x0
00000188                      main.o:_00576_DS_:
00000188 f7fc                 BTRSS 0x3, 0x0
00000189 c66b                 LGOTO 0x194; main.o:_00466_DS_=0x194
0000018a decc                 MOVIA 0x33
0000018b e0fc                 BCR 0x3, 0x6
0000018c fba2                 SUBAR 0x5d, 0x0
0000018d f3fc                 BTRSC 0x3, 0x0
0000018e c639                 LGOTO 0x1c6; main.o:_00476_DS_=0x1c6
0000018f decc                 MOVIA 0x33
00000190 ff22                 MOVAR 0x5d
00000191 de9b                 MOVIA 0x64
00000192 ff21                 MOVAR 0x5e
00000193 c639                 LGOTO 0x1c6; main.o:_00476_DS_=0x1c6
00000194                      main.o:_00466_DS_:
00000194 defc                 MOVIA 0x3
00000195 e0fc                 BCR 0x3, 0x6
00000196 fbde                 SUBAR 0x21, 0x0
00000197 f6fc                 BTRSS 0x3, 0x2
00000198 c664                 LGOTO 0x19b; main.o:_00578_DS_=0x19b
00000199 de11                 MOVIA 0xee
0000019a fbdf                 SUBAR 0x20, 0x0
0000019b                      main.o:_00578_DS_:
0000019b f7fc                 BTRSS 0x3, 0x0
0000019c c659                 LGOTO 0x1a6; main.o:_00463_DS_=0x1a6
0000019d decb                 MOVIA 0x34
0000019e e0fc                 BCR 0x3, 0x6
0000019f fba2                 SUBAR 0x5d, 0x0
000001a0 f3fc                 BTRSC 0x3, 0x0
000001a1 c639                 LGOTO 0x1c6; main.o:_00476_DS_=0x1c6
000001a2 fd22                 CLRR 0x5d
000001a3 de9b                 MOVIA 0x64
000001a4 ff21                 MOVAR 0x5e
000001a5 c639                 LGOTO 0x1c6; main.o:_00476_DS_=0x1c6
000001a6                      main.o:_00463_DS_:
000001a6 defe                 MOVIA 0x1
000001a7 e0fc                 BCR 0x3, 0x6
000001a8 ff20                 MOVAR 0x5f
000001a9 fd22                 CLRR 0x5d
000001aa decd                 MOVIA 0x32
000001ab fba3                 SUBAR 0x5c, 0x0
000001ac f3fc                 BTRSC 0x3, 0x0
000001ad c64c                 LGOTO 0x1b3; main.o:_00460_DS_=0x1b3
000001ae e3f9                 BCR 0x6, 0x0
000001af e379                 BCR 0x6, 0x1
000001b0 e07a                 BCR 0x5, 0x7
000001b1 e0fa                 BCR 0x5, 0x6
000001b2 c639                 LGOTO 0x1c6; main.o:_00476_DS_=0x1c6
000001b3                      main.o:_00460_DS_:
000001b3 de9b                 MOVIA 0x64
000001b4 e0fc                 BCR 0x3, 0x6
000001b5 fba3                 SUBAR 0x5c, 0x0
000001b6 f3fc                 BTRSC 0x3, 0x0
000001b7 c642                 LGOTO 0x1bd; main.o:_00457_DS_=0x1bd
000001b8 e7f9                 BSR 0x6, 0x0
000001b9 e779                 BSR 0x6, 0x1
000001ba e47a                 BSR 0x5, 0x7
000001bb e4fa                 BSR 0x5, 0x6
000001bc c639                 LGOTO 0x1c6; main.o:_00476_DS_=0x1c6
000001bd                      main.o:_00457_DS_:
000001bd e0fc                 BCR 0x3, 0x6
000001be fd23                 CLRR 0x5c
000001bf fa1d                 INCR 0x62, 0x1
000001c0 defb                 MOVIA 0x4
000001c1 fb9d                 SUBAR 0x62, 0x0
000001c2 f7fc                 BTRSS 0x3, 0x0
000001c3 c639                 LGOTO 0x1c6; main.o:_00476_DS_=0x1c6
000001c4 fd1d                 CLRR 0x62
000001c5 d453                 LCALL 0x3ac; _gotoSleep=0x3ac
000001c6                      main.o:_00476_DS_:
000001c6 defb                 MOVIA 0x4
000001c7 e0fc                 BCR 0x3, 0x6
000001c8 fbde                 SUBAR 0x21, 0x0
000001c9 f6fc                 BTRSS 0x3, 0x2
000001ca c632                 LGOTO 0x1cd; main.o:_00583_DS_=0x1cd
000001cb dea0                 MOVIA 0x5f
000001cc fbdf                 SUBAR 0x20, 0x0
000001cd                      main.o:_00583_DS_:
000001cd f7fc                 BTRSS 0x3, 0x0
000001ce c5f8                 LGOTO 0x207; main.o:_00493_DS_=0x207
000001cf defb                 MOVIA 0x4
000001d0 e0fc                 BCR 0x3, 0x6
000001d1 fbde                 SUBAR 0x21, 0x0
000001d2 f6fc                 BTRSS 0x3, 0x2
000001d3 c629                 LGOTO 0x1d6; main.o:_00584_DS_=0x1d6
000001d4 de20                 MOVIA 0xdf
000001d5 fbdf                 SUBAR 0x20, 0x0
000001d6                      main.o:_00584_DS_:
000001d6 f3fc                 BTRSC 0x3, 0x0
000001d7 c61d                 LGOTO 0x1e2; main.o:_00489_DS_=0x1e2
000001d8 de9a                 MOVIA 0x65
000001d9 e0fc                 BCR 0x3, 0x6
000001da fba1                 SUBAR 0x5e, 0x0
000001db f7fc                 BTRSS 0x3, 0x0
000001dc c5f8                 LGOTO 0x207; main.o:_00493_DS_=0x207
000001dd decc                 MOVIA 0x33
000001de ff22                 MOVAR 0x5d
000001df de9b                 MOVIA 0x64
000001e0 ff21                 MOVAR 0x5e
000001e1 c5f8                 LGOTO 0x207; main.o:_00493_DS_=0x207
000001e2                      main.o:_00489_DS_:
000001e2 defa                 MOVIA 0x5
000001e3 e0fc                 BCR 0x3, 0x6
000001e4 fbde                 SUBAR 0x21, 0x0
000001e5 f6fc                 BTRSS 0x3, 0x2
000001e6 c616                 LGOTO 0x1e9; main.o:_00586_DS_=0x1e9
000001e7 decc                 MOVIA 0x33
000001e8 fbdf                 SUBAR 0x20, 0x0
000001e9                      main.o:_00586_DS_:
000001e9 f3fc                 BTRSC 0x3, 0x0
000001ea c60a                 LGOTO 0x1f5; main.o:_00486_DS_=0x1f5
000001eb de68                 MOVIA 0x97
000001ec e0fc                 BCR 0x3, 0x6
000001ed fba1                 SUBAR 0x5e, 0x0
000001ee f7fc                 BTRSS 0x3, 0x0
000001ef c5f8                 LGOTO 0x207; main.o:_00493_DS_=0x207
000001f0 de9a                 MOVIA 0x65
000001f1 ff22                 MOVAR 0x5d
000001f2 de69                 MOVIA 0x96
000001f3 ff21                 MOVAR 0x5e
000001f4 c5f8                 LGOTO 0x207; main.o:_00493_DS_=0x207
000001f5                      main.o:_00486_DS_:
000001f5 defa                 MOVIA 0x5
000001f6 e0fc                 BCR 0x3, 0x6
000001f7 fbde                 SUBAR 0x21, 0x0
000001f8 f6fc                 BTRSS 0x3, 0x2
000001f9 c603                 LGOTO 0x1fc; main.o:_00588_DS_=0x1fc
000001fa de41                 MOVIA 0xbe
000001fb fbdf                 SUBAR 0x20, 0x0
000001fc                      main.o:_00588_DS_:
000001fc f3fc                 BTRSC 0x3, 0x0
000001fd c5f8                 LGOTO 0x207; main.o:_00493_DS_=0x207
000001fe de36                 MOVIA 0xc9
000001ff e0fc                 BCR 0x3, 0x6
00000200 fba1                 SUBAR 0x5e, 0x0
00000201 f7fc                 BTRSS 0x3, 0x0
00000202 c5f8                 LGOTO 0x207; main.o:_00493_DS_=0x207
00000203 de68                 MOVIA 0x97
00000204 ff22                 MOVAR 0x5d
00000205 de37                 MOVIA 0xc8
00000206 ff21                 MOVAR 0x5e
00000207                      main.o:_00493_DS_:
00000207 ffef                 RET
00000208                      _keyRead:
00000208 e0fc                 BCR 0x3, 0x6
00000209 ff58                 MOVAR 0x27
0000020a fed8                 MOVR 0x27, 0x0
0000020b f2fc                 BTRSC 0x3, 0x2
0000020c c5e2                 LGOTO 0x21d; main.o:_00428_DS_=0x21d
0000020d fed8                 MOVR 0x27, 0x0
0000020e ff40                 MOVAR 0x3f
0000020f fa2f                 INCR 0x50, 0x1
00000210 de69                 MOVIA 0x96
00000211 fbaf                 SUBAR 0x50, 0x0
00000212 f7fc                 BTRSS 0x3, 0x0
00000213 c5ce                 LGOTO 0x231; main.o:_00429_DS_=0x231
00000214 de37                 MOVIA 0xc8
00000215 ff2f                 MOVAR 0x50
00000216 fec1                 MOVR 0x3e, 0x0
00000217 f6fc                 BTRSS 0x3, 0x2
00000218 c5ce                 LGOTO 0x231; main.o:_00429_DS_=0x231
00000219 defe                 MOVIA 0x1
0000021a ff41                 MOVAR 0x3e
0000021b defd                 MOVIA 0x2
0000021c c5cd                 LGOTO 0x232; main.o:_00430_DS_=0x232
0000021d                      main.o:_00428_DS_:
0000021d de69                 MOVIA 0x96
0000021e e0fc                 BCR 0x3, 0x6
0000021f fbaf                 SUBAR 0x50, 0x0
00000220 f7fc                 BTRSS 0x3, 0x0
00000221 c5d9                 LGOTO 0x226; main.o:_00425_DS_=0x226
00000222 fd2f                 CLRR 0x50
00000223 fd41                 CLRR 0x3e
00000224 deff                 MOVIA 0x0
00000225 c5cd                 LGOTO 0x232; main.o:_00430_DS_=0x232
00000226                      main.o:_00425_DS_:
00000226 def7                 MOVIA 0x8
00000227 e0fc                 BCR 0x3, 0x6
00000228 fbaf                 SUBAR 0x50, 0x0
00000229 f7fc                 BTRSS 0x3, 0x0
0000022a c5d1                 LGOTO 0x22e; main.o:_00426_DS_=0x22e
0000022b fd2f                 CLRR 0x50
0000022c defe                 MOVIA 0x1
0000022d c5cd                 LGOTO 0x232; main.o:_00430_DS_=0x232
0000022e                      main.o:_00426_DS_:
0000022e e0fc                 BCR 0x3, 0x6
0000022f fd2f                 CLRR 0x50
00000230 fd40                 CLRR 0x3f
00000231                      main.o:_00429_DS_:
00000231 deff                 MOVIA 0x0
00000232                      main.o:_00430_DS_:
00000232 ffef                 RET
00000233                      _ledSlaveCtr:
00000233 defa                 MOVIA 0x5
00000234 e0fc                 BCR 0x3, 0x6
00000235 fbad                 SUBAR 0x52, 0x0
00000236 f3fc                 BTRSC 0x3, 0x0
00000237 c5b2                 LGOTO 0x24d; main.o:_00407_DS_=0x24d
00000238 defd                 MOVIA 0x2
00000239 ff75                 MOVAR 0xa
0000023a fead                 MOVR 0x52, 0x0
0000023b dac0                 ADDIA 0x3f
0000023c f3fc                 BTRSC 0x3, 0x0
0000023d fa75                 INCR 0xa, 0x1
0000023e ff7d                 MOVAR 0x2
0000023f                      main.o:_00413_DS_:
0000023f c5bb                 LGOTO 0x244; main.o:_00401_DS_=0x244
00000240 c5b9                 LGOTO 0x246; main.o:_00402_DS_=0x246
00000241 c5b7                 LGOTO 0x248; main.o:_00403_DS_=0x248
00000242 c5b4                 LGOTO 0x24b; main.o:_00404_DS_=0x24b
00000243 c5b2                 LGOTO 0x24d; main.o:_00407_DS_=0x24d
00000244                      main.o:_00401_DS_:
00000244 d7fb                 LCALL 0x4; _closeledSlave=0x4
00000245 c5b2                 LGOTO 0x24d; main.o:_00407_DS_=0x24d
00000246                      main.o:_00402_DS_:
00000246 e77a                 BSR 0x5, 0x1
00000247 c5b2                 LGOTO 0x24d; main.o:_00407_DS_=0x24d
00000248                      main.o:_00403_DS_:
00000248 e37a                 BCR 0x5, 0x1
00000249 e5f9                 BSR 0x6, 0x4
0000024a c5b2                 LGOTO 0x24d; main.o:_00407_DS_=0x24d
0000024b                      main.o:_00404_DS_:
0000024b e77a                 BSR 0x5, 0x1
0000024c e5f9                 BSR 0x6, 0x4
0000024d                      main.o:_00407_DS_:
0000024d ffef                 RET
0000024e                      _ledMasterCtr:
0000024e defc                 MOVIA 0x3
0000024f e0fc                 BCR 0x3, 0x6
00000250 fbae                 SUBAR 0x51, 0x0
00000251 f3fc                 BTRSC 0x3, 0x0
00000252 c59c                 LGOTO 0x263; main.o:_00386_DS_=0x263
00000253 defd                 MOVIA 0x2
00000254 ff75                 MOVAR 0xa
00000255 feae                 MOVR 0x51, 0x0
00000256 daa5                 ADDIA 0x5a
00000257 f3fc                 BTRSC 0x3, 0x0
00000258 fa75                 INCR 0xa, 0x1
00000259 ff7d                 MOVAR 0x2
0000025a                      main.o:_00392_DS_:
0000025a c5a2                 LGOTO 0x25d; main.o:_00382_DS_=0x25d
0000025b c5a0                 LGOTO 0x25f; main.o:_00383_DS_=0x25f
0000025c c59e                 LGOTO 0x261; main.o:_00384_DS_=0x261
0000025d                      main.o:_00382_DS_:
0000025d e2f9                 BCR 0x6, 0x2
0000025e c59c                 LGOTO 0x263; main.o:_00386_DS_=0x263
0000025f                      main.o:_00383_DS_:
0000025f e6f9                 BSR 0x6, 0x2
00000260 c59c                 LGOTO 0x263; main.o:_00386_DS_=0x263
00000261                      main.o:_00384_DS_:
00000261 defb                 MOVIA 0x4
00000262 ed79                 XORAR 0x6, 0x1
00000263                      main.o:_00386_DS_:
00000263 ffef                 RET
00000264                      _keyCon:
00000264 f8fa                 COMR 0x5, 0x0
00000265 e0fc                 BCR 0x3, 0x6
00000266 ff59                 MOVAR 0x26
00000267 dede                 MOVIA 0x21
00000268 ef59                 ANDAR 0x26, 0x1
00000269 fed9                 MOVR 0x26, 0x0
0000026a d5f7                 LCALL 0x208; _keyRead=0x208
0000026b e0fc                 BCR 0x3, 0x6
0000026c ff42                 MOVAR 0x3d
0000026d defe                 MOVIA 0x1
0000026e fbc2                 SUBAR 0x3d, 0x0
0000026f f7fc                 BTRSS 0x3, 0x0
00000270 c555                 LGOTO 0x2aa; main.o:_00377_DS_=0x2aa
00000271 fec0                 MOVR 0x3f, 0x0
00000272 dbfe                 XORIA 0x1
00000273 f6fc                 BTRSS 0x3, 0x2
00000274 c56d                 LGOTO 0x292; main.o:_00373_DS_=0x292
00000275 fead                 MOVR 0x52, 0x0
00000276 f6fc                 BTRSS 0x3, 0x2
00000277 c582                 LGOTO 0x27d; main.o:_00362_DS_=0x27d
00000278 defe                 MOVIA 0x1
00000279 ff2d                 MOVAR 0x52
0000027a def5                 MOVIA 0xa
0000027b ff24                 MOVAR 0x5b
0000027c c555                 LGOTO 0x2aa; main.o:_00377_DS_=0x2aa
0000027d                      main.o:_00362_DS_:
0000027d e0fc                 BCR 0x3, 0x6
0000027e fea4                 MOVR 0x5b, 0x0
0000027f f2fc                 BTRSC 0x3, 0x2
00000280 c570                 LGOTO 0x28f; main.o:_00359_DS_=0x28f
00000281 def5                 MOVIA 0xa
00000282 ff24                 MOVAR 0x5b
00000283 defe                 MOVIA 0x1
00000284 ff2c                 MOVAR 0x53
00000285 fd27                 CLRR 0x58
00000286 fd26                 CLRR 0x59
00000287 fd2a                 CLRR 0x55
00000288 fa2d                 INCR 0x52, 0x1
00000289 defa                 MOVIA 0x5
0000028a fbad                 SUBAR 0x52, 0x0
0000028b f7fc                 BTRSS 0x3, 0x0
0000028c c555                 LGOTO 0x2aa; main.o:_00377_DS_=0x2aa
0000028d fd2d                 CLRR 0x52
0000028e c555                 LGOTO 0x2aa; main.o:_00377_DS_=0x2aa
0000028f                      main.o:_00359_DS_:
0000028f e0fc                 BCR 0x3, 0x6
00000290 fd2d                 CLRR 0x52
00000291 c555                 LGOTO 0x2aa; main.o:_00377_DS_=0x2aa
00000292                      main.o:_00373_DS_:
00000292 e0fc                 BCR 0x3, 0x6
00000293 feae                 MOVR 0x51, 0x0
00000294 f6fc                 BTRSS 0x3, 0x2
00000295 c564                 LGOTO 0x29b; main.o:_00370_DS_=0x29b
00000296 defe                 MOVIA 0x1
00000297 ff2e                 MOVAR 0x51
00000298 def5                 MOVIA 0xa
00000299 ff25                 MOVAR 0x5a
0000029a c555                 LGOTO 0x2aa; main.o:_00377_DS_=0x2aa
0000029b                      main.o:_00370_DS_:
0000029b e0fc                 BCR 0x3, 0x6
0000029c fea5                 MOVR 0x5a, 0x0
0000029d f2fc                 BTRSC 0x3, 0x2
0000029e c557                 LGOTO 0x2a8; main.o:_00367_DS_=0x2a8
0000029f def5                 MOVIA 0xa
000002a0 ff25                 MOVAR 0x5a
000002a1 fa2e                 INCR 0x51, 0x1
000002a2 defb                 MOVIA 0x4
000002a3 fbae                 SUBAR 0x51, 0x0
000002a4 f7fc                 BTRSS 0x3, 0x0
000002a5 c555                 LGOTO 0x2aa; main.o:_00377_DS_=0x2aa
000002a6 fd2e                 CLRR 0x51
000002a7 c555                 LGOTO 0x2aa; main.o:_00377_DS_=0x2aa
000002a8                      main.o:_00367_DS_:
000002a8 e0fc                 BCR 0x3, 0x6
000002a9 fd2e                 CLRR 0x51
000002aa                      main.o:_00377_DS_:
000002aa ffef                 RET
000002ab                      _mode4:
000002ab e0fc                 BCR 0x3, 0x6
000002ac feac                 MOVR 0x53, 0x0
000002ad dbfe                 XORIA 0x1
000002ae f6fc                 BTRSS 0x3, 0x2
000002af c51d                 LGOTO 0x2e2; main.o:_00289_DS_=0x2e2
000002b0 fea7                 MOVR 0x58, 0x0
000002b1 db9b                 XORIA 0x64
000002b2 f6fc                 BTRSS 0x3, 0x2
000002b3 c541                 LGOTO 0x2be; main.o:_00254_DS_=0x2be
000002b4 fea6                 MOVR 0x59, 0x0
000002b5 dbff                 XORIA 0x0
000002b6 f6fc                 BTRSS 0x3, 0x2
000002b7 c541                 LGOTO 0x2be; main.o:_00254_DS_=0x2be
000002b8 e579                 BSR 0x6, 0x5
000002b9 defd                 MOVIA 0x2
000002ba ff30                 MOVAR 0x4f
000002bb deff                 MOVIA 0x0
000002bc d726                 LCALL 0xd9; _delay=0xd9
000002bd e179                 BCR 0x6, 0x5
000002be                      main.o:_00254_DS_:
000002be e0fc                 BCR 0x3, 0x6
000002bf fea7                 MOVR 0x58, 0x0
000002c0 db0b                 XORIA 0xf4
000002c1 f6fc                 BTRSS 0x3, 0x2
000002c2 c532                 LGOTO 0x2cd; main.o:_00256_DS_=0x2cd
000002c3 fea6                 MOVR 0x59, 0x0
000002c4 dbfe                 XORIA 0x1
000002c5 f6fc                 BTRSS 0x3, 0x2
000002c6 c532                 LGOTO 0x2cd; main.o:_00256_DS_=0x2cd
000002c7 e679                 BSR 0x6, 0x3
000002c8 defd                 MOVIA 0x2
000002c9 ff30                 MOVAR 0x4f
000002ca deff                 MOVIA 0x0
000002cb d726                 LCALL 0xd9; _delay=0xd9
000002cc e279                 BCR 0x6, 0x3
000002cd                      main.o:_00256_DS_:
000002cd defd                 MOVIA 0x2
000002ce e0fc                 BCR 0x3, 0x6
000002cf fba6                 SUBAR 0x59, 0x0
000002d0 f6fc                 BTRSS 0x3, 0x2
000002d1 c52b                 LGOTO 0x2d4; main.o:_00344_DS_=0x2d4
000002d2 dea7                 MOVIA 0x58
000002d3 fba7                 SUBAR 0x58, 0x0
000002d4                      main.o:_00344_DS_:
000002d4 f7fc                 BTRSS 0x3, 0x0
000002d5 c491                 LGOTO 0x36e; main.o:_00290_DS_=0x36e
000002d6 e0fc                 BCR 0x3, 0x6
000002d7 fd27                 CLRR 0x58
000002d8 fd26                 CLRR 0x59
000002d9 fa2a                 INCR 0x55, 0x1
000002da def5                 MOVIA 0xa
000002db fbaa                 SUBAR 0x55, 0x0
000002dc f7fc                 BTRSS 0x3, 0x0
000002dd c491                 LGOTO 0x36e; main.o:_00290_DS_=0x36e
000002de fd2a                 CLRR 0x55
000002df defd                 MOVIA 0x2
000002e0 ff2c                 MOVAR 0x53
000002e1 c491                 LGOTO 0x36e; main.o:_00290_DS_=0x36e
000002e2                      main.o:_00289_DS_:
000002e2 e0fc                 BCR 0x3, 0x6
000002e3 feac                 MOVR 0x53, 0x0
000002e4 dbfd                 XORIA 0x2
000002e5 f6fc                 BTRSS 0x3, 0x2
000002e6 c4f3                 LGOTO 0x30c; main.o:_00286_DS_=0x30c
000002e7 fea7                 MOVR 0x58, 0x0
000002e8 dbfe                 XORIA 0x1
000002e9 f6fc                 BTRSS 0x3, 0x2
000002ea c508                 LGOTO 0x2f7; main.o:_00262_DS_=0x2f7
000002eb fea6                 MOVR 0x59, 0x0
000002ec dbff                 XORIA 0x0
000002ed f6fc                 BTRSS 0x3, 0x2
000002ee c508                 LGOTO 0x2f7; main.o:_00262_DS_=0x2f7
000002ef e579                 BSR 0x6, 0x5
000002f0 e679                 BSR 0x6, 0x3
000002f1 defd                 MOVIA 0x2
000002f2 ff30                 MOVAR 0x4f
000002f3 deff                 MOVIA 0x0
000002f4 d726                 LCALL 0xd9; _delay=0xd9
000002f5 e179                 BCR 0x6, 0x5
000002f6 e279                 BCR 0x6, 0x3
000002f7                      main.o:_00262_DS_:
000002f7 defe                 MOVIA 0x1
000002f8 e0fc                 BCR 0x3, 0x6
000002f9 fba6                 SUBAR 0x59, 0x0
000002fa f6fc                 BTRSS 0x3, 0x2
000002fb c501                 LGOTO 0x2fe; main.o:_00346_DS_=0x2fe
000002fc ded3                 MOVIA 0x2c
000002fd fba7                 SUBAR 0x58, 0x0
000002fe                      main.o:_00346_DS_:
000002fe f7fc                 BTRSS 0x3, 0x0
000002ff c491                 LGOTO 0x36e; main.o:_00290_DS_=0x36e
00000300 e0fc                 BCR 0x3, 0x6
00000301 fd27                 CLRR 0x58
00000302 fd26                 CLRR 0x59
00000303 fa2a                 INCR 0x55, 0x1
00000304 def5                 MOVIA 0xa
00000305 fbaa                 SUBAR 0x55, 0x0
00000306 f7fc                 BTRSS 0x3, 0x0
00000307 c491                 LGOTO 0x36e; main.o:_00290_DS_=0x36e
00000308 fd2a                 CLRR 0x55
00000309 defc                 MOVIA 0x3
0000030a ff2c                 MOVAR 0x53
0000030b c491                 LGOTO 0x36e; main.o:_00290_DS_=0x36e
0000030c                      main.o:_00286_DS_:
0000030c e0fc                 BCR 0x3, 0x6
0000030d feac                 MOVR 0x53, 0x0
0000030e dbfc                 XORIA 0x3
0000030f f6fc                 BTRSS 0x3, 0x2
00000310 c491                 LGOTO 0x36e; main.o:_00290_DS_=0x36e
00000311 defe                 MOVIA 0x1
00000312 fba6                 SUBAR 0x59, 0x0
00000313 f6fc                 BTRSS 0x3, 0x2
00000314 c4e8                 LGOTO 0x317; main.o:_00348_DS_=0x317
00000315 de96                 MOVIA 0x69
00000316 fba7                 SUBAR 0x58, 0x0
00000317                      main.o:_00348_DS_:
00000317 f3fc                 BTRSC 0x3, 0x0
00000318 c4cf                 LGOTO 0x330; main.o:_00277_DS_=0x330
00000319 dec3                 MOVIA 0x3c
0000031a ff32                 MOVAR 0x4d
0000031b deff                 MOVIA 0x0
0000031c ff31                 MOVAR 0x4e
0000031d e0fc                 BCR 0x3, 0x6
0000031e fea7                 MOVR 0x58, 0x0
0000031f ff30                 MOVAR 0x4f
00000320 fea6                 MOVR 0x59, 0x0
00000321 d3ef                 LCALL 0x410; __moduint=0x410
00000322 e0fc                 BCR 0x3, 0x6
00000323 ff5a                 MOVAR 0x25
00000324 feb0                 MOVR 0x4f, 0x0
00000325 ff5b                 MOVAR 0x24
00000326 eeda                 IORAR 0x25, 0x0
00000327 f6fc                 BTRSS 0x3, 0x2
00000328 c4a5                 LGOTO 0x35a; main.o:_00278_DS_=0x35a
00000329 e579                 BSR 0x6, 0x5
0000032a defd                 MOVIA 0x2
0000032b ff30                 MOVAR 0x4f
0000032c deff                 MOVIA 0x0
0000032d d726                 LCALL 0xd9; _delay=0xd9
0000032e e179                 BCR 0x6, 0x5
0000032f c4a5                 LGOTO 0x35a; main.o:_00278_DS_=0x35a
00000330                      main.o:_00277_DS_:
00000330 defe                 MOVIA 0x1
00000331 e0fc                 BCR 0x3, 0x6
00000332 fba6                 SUBAR 0x59, 0x0
00000333 f6fc                 BTRSS 0x3, 0x2
00000334 c4c8                 LGOTO 0x337; main.o:_00349_DS_=0x337
00000335 de0b                 MOVIA 0xf4
00000336 fba7                 SUBAR 0x58, 0x0
00000337                      main.o:_00349_DS_:
00000337 f3fc                 BTRSC 0x3, 0x0
00000338 c4c4                 LGOTO 0x33b; main.o:_00274_DS_=0x33b
00000339 e179                 BCR 0x6, 0x5
0000033a c4a5                 LGOTO 0x35a; main.o:_00278_DS_=0x35a
0000033b                      main.o:_00274_DS_:
0000033b defc                 MOVIA 0x3
0000033c e0fc                 BCR 0x3, 0x6
0000033d fba6                 SUBAR 0x59, 0x0
0000033e f6fc                 BTRSS 0x3, 0x2
0000033f c4bd                 LGOTO 0x342; main.o:_00350_DS_=0x342
00000340 dea3                 MOVIA 0x5c
00000341 fba7                 SUBAR 0x58, 0x0
00000342                      main.o:_00350_DS_:
00000342 f3fc                 BTRSC 0x3, 0x0
00000343 c4a5                 LGOTO 0x35a; main.o:_00278_DS_=0x35a
00000344 dec3                 MOVIA 0x3c
00000345 ff32                 MOVAR 0x4d
00000346 deff                 MOVIA 0x0
00000347 ff31                 MOVAR 0x4e
00000348 e0fc                 BCR 0x3, 0x6
00000349 fea7                 MOVR 0x58, 0x0
0000034a ff30                 MOVAR 0x4f
0000034b fea6                 MOVR 0x59, 0x0
0000034c d3ef                 LCALL 0x410; __moduint=0x410
0000034d e0fc                 BCR 0x3, 0x6
0000034e ff5a                 MOVAR 0x25
0000034f feb0                 MOVR 0x4f, 0x0
00000350 ff5b                 MOVAR 0x24
00000351 eeda                 IORAR 0x25, 0x0
00000352 f6fc                 BTRSS 0x3, 0x2
00000353 c4a5                 LGOTO 0x35a; main.o:_00278_DS_=0x35a
00000354 e679                 BSR 0x6, 0x3
00000355 defd                 MOVIA 0x2
00000356 ff30                 MOVAR 0x4f
00000357 deff                 MOVIA 0x0
00000358 d726                 LCALL 0xd9; _delay=0xd9
00000359 e279                 BCR 0x6, 0x3
0000035a                      main.o:_00278_DS_:
0000035a defc                 MOVIA 0x3
0000035b e0fc                 BCR 0x3, 0x6
0000035c fba6                 SUBAR 0x59, 0x0
0000035d f6fc                 BTRSS 0x3, 0x2
0000035e c49e                 LGOTO 0x361; main.o:_00351_DS_=0x361
0000035f dea3                 MOVIA 0x5c
00000360 fba7                 SUBAR 0x58, 0x0
00000361                      main.o:_00351_DS_:
00000361 f7fc                 BTRSS 0x3, 0x0
00000362 c491                 LGOTO 0x36e; main.o:_00290_DS_=0x36e
00000363 e0fc                 BCR 0x3, 0x6
00000364 fd27                 CLRR 0x58
00000365 fd26                 CLRR 0x59
00000366 fa2a                 INCR 0x55, 0x1
00000367 def5                 MOVIA 0xa
00000368 fbaa                 SUBAR 0x55, 0x0
00000369 f7fc                 BTRSS 0x3, 0x0
0000036a c491                 LGOTO 0x36e; main.o:_00290_DS_=0x36e
0000036b fd2a                 CLRR 0x55
0000036c defe                 MOVIA 0x1
0000036d ff2c                 MOVAR 0x53
0000036e                      main.o:_00290_DS_:
0000036e e0fc                 BCR 0x3, 0x6
0000036f fa27                 INCR 0x58, 0x1
00000370 f2fc                 BTRSC 0x3, 0x2
00000371 fa26                 INCR 0x59, 0x1
00000372 ffef                 RET
00000373                      _chrgLed:
00000373 e0fc                 BCR 0x3, 0x6
00000374 fea0                 MOVR 0x5f, 0x0
00000375 f6fc                 BTRSS 0x3, 0x2
00000376 c462                 LGOTO 0x39d; main.o:_00239_DS_=0x39d
00000377 decc                 MOVIA 0x33
00000378 fba3                 SUBAR 0x5c, 0x0
00000379 f7fc                 BTRSS 0x3, 0x0
0000037a c482                 LGOTO 0x37d; main.o:_00241_DS_=0x37d
0000037b e3f9                 BCR 0x6, 0x0
0000037c c481                 LGOTO 0x37e; main.o:_00242_DS_=0x37e
0000037d                      main.o:_00241_DS_:
0000037d e7f9                 BSR 0x6, 0x0
0000037e                      main.o:_00242_DS_:
0000037e de9a                 MOVIA 0x65
0000037f e0fc                 BCR 0x3, 0x6
00000380 fba3                 SUBAR 0x5c, 0x0
00000381 f7fc                 BTRSS 0x3, 0x0
00000382 c47a                 LGOTO 0x385; main.o:_00243_DS_=0x385
00000383 e379                 BCR 0x6, 0x1
00000384 c479                 LGOTO 0x386; main.o:_00244_DS_=0x386
00000385                      main.o:_00243_DS_:
00000385 e779                 BSR 0x6, 0x1
00000386                      main.o:_00244_DS_:
00000386 de68                 MOVIA 0x97
00000387 e0fc                 BCR 0x3, 0x6
00000388 fba3                 SUBAR 0x5c, 0x0
00000389 f7fc                 BTRSS 0x3, 0x0
0000038a c472                 LGOTO 0x38d; main.o:_00245_DS_=0x38d
0000038b e07a                 BCR 0x5, 0x7
0000038c c471                 LGOTO 0x38e; main.o:_00246_DS_=0x38e
0000038d                      main.o:_00245_DS_:
0000038d e47a                 BSR 0x5, 0x7
0000038e                      main.o:_00246_DS_:
0000038e de36                 MOVIA 0xc9
0000038f e0fc                 BCR 0x3, 0x6
00000390 fba3                 SUBAR 0x5c, 0x0
00000391 f7fc                 BTRSS 0x3, 0x0
00000392 c46a                 LGOTO 0x395; main.o:_00247_DS_=0x395
00000393 e0fa                 BCR 0x5, 0x6
00000394 c469                 LGOTO 0x396; main.o:_00248_DS_=0x396
00000395                      main.o:_00247_DS_:
00000395 e4fa                 BSR 0x5, 0x6
00000396                      main.o:_00248_DS_:
00000396 e0fc                 BCR 0x3, 0x6
00000397 fea1                 MOVR 0x5e, 0x0
00000398 fba3                 SUBAR 0x5c, 0x0
00000399 f7fc                 BTRSS 0x3, 0x0
0000039a c462                 LGOTO 0x39d; main.o:_00239_DS_=0x39d
0000039b fea2                 MOVR 0x5d, 0x0
0000039c ff23                 MOVAR 0x5c
0000039d                      main.o:_00239_DS_:
0000039d ffef                 RET
0000039e                      _timeCtr:
0000039e e0fc                 BCR 0x3, 0x6
0000039f fa29                 INCR 0x56, 0x1
000003a0 decd                 MOVIA 0x32
000003a1 fba9                 SUBAR 0x56, 0x0
000003a2 f7fc                 BTRSS 0x3, 0x0
000003a3 c454                 LGOTO 0x3ab; main.o:_00230_DS_=0x3ab
000003a4 fd29                 CLRR 0x56
000003a5 fea5                 MOVR 0x5a, 0x0
000003a6 f6fc                 BTRSS 0x3, 0x2
000003a7 f925                 DECR 0x5a, 0x1
000003a8 fea4                 MOVR 0x5b, 0x0
000003a9 f6fc                 BTRSS 0x3, 0x2
000003aa f924                 DECR 0x5b, 0x1
000003ab                      main.o:_00230_DS_:
000003ab ffef                 RET
000003ac                      _gotoSleep:
000003ac e0fc                 BCR 0x3, 0x6
000003ad fd1c                 CLRR 0x63
000003ae fd2e                 CLRR 0x51
000003af fd2d                 CLRR 0x52
000003b0 defe                 MOVIA 0x1
000003b1 ff20                 MOVAR 0x5f
000003b2 e7f9                 BSR 0x6, 0x0
000003b3 e779                 BSR 0x6, 0x1
000003b4 e47a                 BSR 0x5, 0x7
000003b5 e4fa                 BSR 0x5, 0x6
000003b6 fd23                 CLRR 0x5c
000003b7 de05                 MOVIA 0xfa
000003b8 ff21                 MOVAR 0x5e
000003b9 fd22                 CLRR 0x5d
000003ba deda                 MOVIA 0x25
000003bb ff6a                 MOVAR 0x15
000003bc de3f                 MOVIA 0xc0
000003bd ff7a                 MOVAR 0x5
000003be def8                 MOVIA 0x7
000003bf ff79                 MOVAR 0x6
000003c0 defc                 MOVIA 0x3
000003c1 ff71                 MOVAR 0xe
000003c2 def7                 MOVIA 0x8
000003c3 ff77                 MOVAR 0x8
000003c4 fd70                 CLRR 0xf
000003c5 fffd                 CLRWDT
000003c6 fffe                 SLEEP
000003c7 defe                 MOVIA 0x1
000003c8 ff71                 MOVAR 0xe
000003c9 fd70                 CLRR 0xf
000003ca de57                 MOVIA 0xa8
000003cb ff77                 MOVAR 0x8
000003cc e1f7                 BCR 0x8, 0x4
000003cd ffef                 RET
000003ce                      _init:
000003ce de3f                 MOVIA 0xc0
000003cf ff7a                 MOVAR 0x5
000003d0 def8                 MOVIA 0x7
000003d1 ff79                 MOVAR 0x6
000003d2 dec2                 MOVIA 0x3d
000003d3 fffa                 IOST 0x5
000003d4 fdff                 CLRA
000003d5 fff9                 IOST 0x6
000003d6 de3f                 MOVIA 0xc0
000003d7 ff7a                 MOVAR 0x5
000003d8 def8                 MOVIA 0x7
000003d9 ff79                 MOVAR 0x6
000003da de81                 MOVIA 0x7e
000003db fff6                 IOST 0x9
000003dc de77                 MOVIA 0x88
000003dd ff77                 MOVAR 0x8
000003de e277                 BCR 0x8, 0x3
000003df defe                 MOVIA 0x1
000003e0 ff71                 MOVAR 0xe
000003e1 fd70                 CLRR 0xf
000003e2 fdff                 CLRA
000003e3 fff0                 IOST 0xf
000003e4 dec8                 MOVIA 0x37
000003e5 ff7e                 MOVAR 0x1
000003e6 fdff                 CLRA
000003e7 fffc                 T0MD
000003e8 defe                 MOVIA 0x1
000003e9 fff0                 IOST 0xf
000003ea fffb                 ENI
000003eb ffef                 RET
000003ec                      __moduchar:
000003f4                      _moduchar.o:_00119_DS_:
000003f7                      _moduchar.o:_00107_DS_:
000003fe                      _moduchar.o:_00112_DS_:
00000408                      _moduchar.o:_00111_DS_:
0000040d                      _moduchar.o:_00114_DS_:
0000040f                      _moduchar.o:_00115_DS_:
00000410                      __moduint:
0000041e                      _moduint.o:_00119_DS_:
00000421                      _moduint.o:_00107_DS_:
00000429                      _moduint.o:_00112_DS_:
00000433                      _moduint.o:_00137_DS_:
0000043e                      _moduint.o:_00001_DS_:
00000444                      _moduint.o:_00114_DS_:
00000448                      _moduint.o:_00115_DS_:
00000449                      ___cinit_load__:
