00000000 c7f6                 LGOTO 0x9; crt0.o:initial_ram_bss=0x9
00000008 c7e2                 LGOTO 0x1d; main.o:__sdcc_interrupt=0x1d
00000009                      crt0.o:initial_ram_bss:
00000015                      crt0.o:initial_ram_cinit:
00000017                      crt0.o:startup_exit:
0000001d                      main.o:__sdcc_interrupt:
0000001d ff3d                 MOVAR 0x42
0000001e eafc                 SWAPR 0x3, 0x0
0000001f                      ___cinit_size__:
0000001f fd7c                 CLRR 0x3
00000020 ff3e                 MOVAR 0x41
00000021 fef5                 MOVR 0xa, 0x0
00000022 fd75                 CLRR 0xa
00000023 ff3f                 MOVAR 0x40
00000024 fefb                 MOVR 0x4, 0x0
00000025 e0fc                 BCR 0x3, 0x6
00000026 ff40                 MOVAR 0x3f
00000027 feb0                 MOVR 0x4f, 0x0
00000028 ff2f                 MOVAR 0x50
00000029 feb1                 MOVR 0x4e, 0x0
0000002a ff2e                 MOVAR 0x51
0000002b f7f0                 BTRSS 0xf, 0x0
0000002c c7c3                 LGOTO 0x3c; main.o:_00110_DS_=0x3c
0000002d dec8                 MOVIA 0x37
0000002e fc7e                 ADDAR 0x1, 0x1
0000002f fa2a                 INCR 0x55, 0x1
00000030 feaa                 MOVR 0x55, 0x0
00000031 db37                 XORIA 0xc8
00000032 f6fc                 BTRSS 0x3, 0x2
00000033 c7c3                 LGOTO 0x3c; main.o:_00110_DS_=0x3c
00000034 fd2a                 CLRR 0x55
00000035 defe                 MOVIA 0x1
00000036 ff29                 MOVAR 0x56
00000037 fa27                 INCR 0x58, 0x1
00000038 def5                 MOVIA 0xa
00000039 fba7                 SUBAR 0x58, 0x0
0000003a f3fc                 BTRSC 0x3, 0x0
0000003b fd27                 CLRR 0x58
0000003c                      main.o:_00110_DS_:
0000003c f770                 BTRSS 0xf, 0x1
0000003d c7bf                 LGOTO 0x40; main.o:_00112_DS_=0x40
0000003e de02                 MOVIA 0xfd
0000003f ff70                 MOVAR 0xf
00000040                      main.o:_00112_DS_:
00000040 fd70                 CLRR 0xf
00000041 e0fc                 BCR 0x3, 0x6
00000042 feae                 MOVR 0x51, 0x0
00000043 ff31                 MOVAR 0x4e
00000044 feaf                 MOVR 0x50, 0x0
00000045 ff30                 MOVAR 0x4f
00000046 fec0                 MOVR 0x3f, 0x0
00000047 ff7b                 MOVAR 0x4
00000048 febf                 MOVR 0x40, 0x0
00000049 ff75                 MOVAR 0xa
0000004a fd7c                 CLRR 0x3
0000004b eabe                 SWAPR 0x41, 0x0
0000004c ff7c                 MOVAR 0x3
0000004d ea3d                 SWAPR 0x42, 0x1
0000004e eabd                 SWAPR 0x42, 0x0
0000004f                      main.o:END_OF_INTERRUPT:
0000004f ffee                 RETIE
00000050                      _main:
00000050 d2aa                 LCALL 0x555; _initTimer0=0x555
00000051 deff                 MOVIA 0x0
00000052 ff31                 MOVAR 0x4e
00000053 ff30                 MOVAR 0x4f
00000054 d2f0                 LCALL 0x50f; _setColor=0x50f
00000055                      main.o:_00141_DS_:
00000055 fffd                 CLRWDT
00000056 d21f                 LCALL 0x5e0; _readKey=0x5e0
00000057 e0fc                 BCR 0x3, 0x6
00000058 fea9                 MOVR 0x56, 0x0
00000059 f2fc                 BTRSC 0x3, 0x2
0000005a c7aa                 LGOTO 0x55; main.o:_00141_DS_=0x55
0000005b fd29                 CLRR 0x56
0000005c d248                 LCALL 0x5b7; _keyCtr=0x5b7
0000005d e0fc                 BCR 0x3, 0x6
0000005e ff5f                 MOVAR 0x20
0000005f fedf                 MOVR 0x20, 0x0
00000060 f2fc                 BTRSC 0x3, 0x2
00000061 c790                 LGOTO 0x6f; main.o:_00123_DS_=0x6f
00000062 defe                 MOVIA 0x1
00000063 ff23                 MOVAR 0x5c
00000064 fea5                 MOVR 0x5a, 0x0
00000065 dbfd                 XORIA 0x2
00000066 f6fc                 BTRSS 0x3, 0x2
00000067 c794                 LGOTO 0x6b; main.o:_00120_DS_=0x6b
00000068 def1                 MOVIA 0xe
00000069 ff28                 MOVAR 0x57
0000006a c7aa                 LGOTO 0x55; main.o:_00141_DS_=0x55
0000006b                      main.o:_00120_DS_:
0000006b defe                 MOVIA 0x1
0000006c e0fc                 BCR 0x3, 0x6
0000006d ff28                 MOVAR 0x57
0000006e c7aa                 LGOTO 0x55; main.o:_00141_DS_=0x55
0000006f                      main.o:_00123_DS_:
0000006f e0fc                 BCR 0x3, 0x6
00000070 fea7                 MOVR 0x58, 0x0
00000071 f6fc                 BTRSS 0x3, 0x2
00000072 c7aa                 LGOTO 0x55; main.o:_00141_DS_=0x55
00000073 decc                 MOVIA 0x33
00000074 fba1                 SUBAR 0x5e, 0x0
00000075 f7fc                 BTRSS 0x3, 0x0
00000076 c76e                 LGOTO 0x91; main.o:_00134_DS_=0x91
00000077 fea5                 MOVR 0x5a, 0x0
00000078 dbfd                 XORIA 0x2
00000079 f6fc                 BTRSS 0x3, 0x2
0000007a c76e                 LGOTO 0x91; main.o:_00134_DS_=0x91
0000007b fa24                 INCR 0x5b, 0x1
0000007c de37                 MOVIA 0xc8
0000007d fba4                 SUBAR 0x5b, 0x0
0000007e f7fc                 BTRSS 0x3, 0x0
0000007f c77d                 LGOTO 0x82; main.o:_00125_DS_=0x82
00000080 de37                 MOVIA 0xc8
00000081 ff24                 MOVAR 0x5b
00000082                      main.o:_00125_DS_:
00000082 de9b                 MOVIA 0x64
00000083 e0fc                 BCR 0x3, 0x6
00000084 fba4                 SUBAR 0x5b, 0x0
00000085 f3fc                 BTRSC 0x3, 0x0
00000086 c773                 LGOTO 0x8c; main.o:_00127_DS_=0x8c
00000087 de33                 MOVIA 0xcc
00000088 ff31                 MOVAR 0x4e
00000089 ff30                 MOVAR 0x4f
0000008a d2f0                 LCALL 0x50f; _setColor=0x50f
0000008b c7aa                 LGOTO 0x55; main.o:_00141_DS_=0x55
0000008c                      main.o:_00127_DS_:
0000008c deb3                 MOVIA 0x4c
0000008d ff31                 MOVAR 0x4e
0000008e ff30                 MOVAR 0x4f
0000008f d2f0                 LCALL 0x50f; _setColor=0x50f
00000090 c7aa                 LGOTO 0x55; main.o:_00141_DS_=0x55
00000091                      main.o:_00134_DS_:
00000091 decc                 MOVIA 0x33
00000092 e0fc                 BCR 0x3, 0x6
00000093 fba1                 SUBAR 0x5e, 0x0
00000094 f3fc                 BTRSC 0x3, 0x0
00000095 c761                 LGOTO 0x9e; main.o:_00130_DS_=0x9e
00000096 fea5                 MOVR 0x5a, 0x0
00000097 f6fc                 BTRSS 0x3, 0x2
00000098 c761                 LGOTO 0x9e; main.o:_00130_DS_=0x9e
00000099 deff                 MOVIA 0x0
0000009a ff31                 MOVAR 0x4e
0000009b ff30                 MOVAR 0x4f
0000009c d2f0                 LCALL 0x50f; _setColor=0x50f
0000009d c7aa                 LGOTO 0x55; main.o:_00141_DS_=0x55
0000009e                      main.o:_00130_DS_:
0000009e e0fc                 BCR 0x3, 0x6
0000009f fd24                 CLRR 0x5b
000000a0 d292                 LCALL 0x56d; _xdCtr=0x56d
000000a1 c7aa                 LGOTO 0x55; main.o:_00141_DS_=0x55
000000a2 ffef                 RET
000000a3                      _sendRGB:
000000a3 e0fc                 BCR 0x3, 0x6
000000a4 ff2d                 MOVAR 0x52
000000a5 feb0                 MOVR 0x4f, 0x0
000000a6 ff2c                 MOVAR 0x53
000000a7 feb1                 MOVR 0x4e, 0x0
000000a8 ff2b                 MOVAR 0x54
000000a9 ffec                 DISI
000000aa f42d                 BTRSS 0x52, 0x7
000000ab c74f                 LGOTO 0xb0; main.o:_00586_DS_=0xb0
000000ac e2fa                 BCR 0x5, 0x2
000000ad ffff                 NOP
000000ae e6fa                 BSR 0x5, 0x2
000000af c74a                 LGOTO 0xb5; main.o:_00591_DS_=0xb5
000000b0                      main.o:_00586_DS_:
000000b0 e2fa                 BCR 0x5, 0x2
000000b1 ffff                 NOP
000000b2 e6fa                 BSR 0x5, 0x2
000000b3 ffff                 NOP
000000b4 e2fa                 BCR 0x5, 0x2
000000b5                      main.o:_00591_DS_:
000000b5 e0fc                 BCR 0x3, 0x6
000000b6 f4ad                 BTRSS 0x52, 0x6
000000b7 c743                 LGOTO 0xbc; main.o:_00595_DS_=0xbc
000000b8 e2fa                 BCR 0x5, 0x2
000000b9 ffff                 NOP
000000ba e6fa                 BSR 0x5, 0x2
000000bb c73e                 LGOTO 0xc1; main.o:_00600_DS_=0xc1
000000bc                      main.o:_00595_DS_:
000000bc e2fa                 BCR 0x5, 0x2
000000bd ffff                 NOP
000000be e6fa                 BSR 0x5, 0x2
000000bf ffff                 NOP
000000c0 e2fa                 BCR 0x5, 0x2
000000c1                      main.o:_00600_DS_:
000000c1 e0fc                 BCR 0x3, 0x6
000000c2 f52d                 BTRSS 0x52, 0x5
000000c3 c737                 LGOTO 0xc8; main.o:_00604_DS_=0xc8
000000c4 e2fa                 BCR 0x5, 0x2
000000c5 ffff                 NOP
000000c6 e6fa                 BSR 0x5, 0x2
000000c7 c732                 LGOTO 0xcd; main.o:_00609_DS_=0xcd
000000c8                      main.o:_00604_DS_:
000000c8 e2fa                 BCR 0x5, 0x2
000000c9 ffff                 NOP
000000ca e6fa                 BSR 0x5, 0x2
000000cb ffff                 NOP
000000cc e2fa                 BCR 0x5, 0x2
000000cd                      main.o:_00609_DS_:
000000cd e0fc                 BCR 0x3, 0x6
000000ce f5ad                 BTRSS 0x52, 0x4
000000cf c72b                 LGOTO 0xd4; main.o:_00613_DS_=0xd4
000000d0 e2fa                 BCR 0x5, 0x2
000000d1 ffff                 NOP
000000d2 e6fa                 BSR 0x5, 0x2
000000d3 c726                 LGOTO 0xd9; main.o:_00618_DS_=0xd9
000000d4                      main.o:_00613_DS_:
000000d4 e2fa                 BCR 0x5, 0x2
000000d5 ffff                 NOP
000000d6 e6fa                 BSR 0x5, 0x2
000000d7 ffff                 NOP
000000d8 e2fa                 BCR 0x5, 0x2
000000d9                      main.o:_00618_DS_:
000000d9 e0fc                 BCR 0x3, 0x6
000000da f62d                 BTRSS 0x52, 0x3
000000db c71f                 LGOTO 0xe0; main.o:_00622_DS_=0xe0
000000dc e2fa                 BCR 0x5, 0x2
000000dd ffff                 NOP
000000de e6fa                 BSR 0x5, 0x2
000000df c71a                 LGOTO 0xe5; main.o:_00627_DS_=0xe5
000000e0                      main.o:_00622_DS_:
000000e0 e2fa                 BCR 0x5, 0x2
000000e1 ffff                 NOP
000000e2 e6fa                 BSR 0x5, 0x2
000000e3 ffff                 NOP
000000e4 e2fa                 BCR 0x5, 0x2
000000e5                      main.o:_00627_DS_:
000000e5 e0fc                 BCR 0x3, 0x6
000000e6 f6ad                 BTRSS 0x52, 0x2
000000e7 c713                 LGOTO 0xec; main.o:_00631_DS_=0xec
000000e8 e2fa                 BCR 0x5, 0x2
000000e9 ffff                 NOP
000000ea e6fa                 BSR 0x5, 0x2
000000eb c70e                 LGOTO 0xf1; main.o:_00636_DS_=0xf1
000000ec                      main.o:_00631_DS_:
000000ec e2fa                 BCR 0x5, 0x2
000000ed ffff                 NOP
000000ee e6fa                 BSR 0x5, 0x2
000000ef ffff                 NOP
000000f0 e2fa                 BCR 0x5, 0x2
000000f1                      main.o:_00636_DS_:
000000f1 e0fc                 BCR 0x3, 0x6
000000f2 f72d                 BTRSS 0x52, 0x1
000000f3 c707                 LGOTO 0xf8; main.o:_00640_DS_=0xf8
000000f4 e2fa                 BCR 0x5, 0x2
000000f5 ffff                 NOP
000000f6 e6fa                 BSR 0x5, 0x2
000000f7 c702                 LGOTO 0xfd; main.o:_00645_DS_=0xfd
000000f8                      main.o:_00640_DS_:
000000f8 e2fa                 BCR 0x5, 0x2
000000f9 ffff                 NOP
000000fa e6fa                 BSR 0x5, 0x2
000000fb ffff                 NOP
000000fc e2fa                 BCR 0x5, 0x2
000000fd                      main.o:_00645_DS_:
000000fd e0fc                 BCR 0x3, 0x6
000000fe f7ad                 BTRSS 0x52, 0x0
000000ff c6fb                 LGOTO 0x104; main.o:_00649_DS_=0x104
00000100 e2fa                 BCR 0x5, 0x2
00000101 ffff                 NOP
00000102 e6fa                 BSR 0x5, 0x2
00000103 c6f6                 LGOTO 0x109; main.o:_00654_DS_=0x109
00000104                      main.o:_00649_DS_:
00000104 e2fa                 BCR 0x5, 0x2
00000105 ffff                 NOP
00000106 e6fa                 BSR 0x5, 0x2
00000107 ffff                 NOP
00000108 e2fa                 BCR 0x5, 0x2
00000109                      main.o:_00654_DS_:
00000109 e0fc                 BCR 0x3, 0x6
0000010a f42c                 BTRSS 0x53, 0x7
0000010b c6ef                 LGOTO 0x110; main.o:_00658_DS_=0x110
0000010c e2fa                 BCR 0x5, 0x2
0000010d ffff                 NOP
0000010e e6fa                 BSR 0x5, 0x2
0000010f c6ea                 LGOTO 0x115; main.o:_00663_DS_=0x115
00000110                      main.o:_00658_DS_:
00000110 e2fa                 BCR 0x5, 0x2
00000111 ffff                 NOP
00000112 e6fa                 BSR 0x5, 0x2
00000113 ffff                 NOP
00000114 e2fa                 BCR 0x5, 0x2
00000115                      main.o:_00663_DS_:
00000115 e0fc                 BCR 0x3, 0x6
00000116 f4ac                 BTRSS 0x53, 0x6
00000117 c6e3                 LGOTO 0x11c; main.o:_00667_DS_=0x11c
00000118 e2fa                 BCR 0x5, 0x2
00000119 ffff                 NOP
0000011a e6fa                 BSR 0x5, 0x2
0000011b c6de                 LGOTO 0x121; main.o:_00672_DS_=0x121
0000011c                      main.o:_00667_DS_:
0000011c e2fa                 BCR 0x5, 0x2
0000011d ffff                 NOP
0000011e e6fa                 BSR 0x5, 0x2
0000011f ffff                 NOP
00000120 e2fa                 BCR 0x5, 0x2
00000121                      main.o:_00672_DS_:
00000121 e0fc                 BCR 0x3, 0x6
00000122 f52c                 BTRSS 0x53, 0x5
00000123 c6d7                 LGOTO 0x128; main.o:_00676_DS_=0x128
00000124 e2fa                 BCR 0x5, 0x2
00000125 ffff                 NOP
00000126 e6fa                 BSR 0x5, 0x2
00000127 c6d2                 LGOTO 0x12d; main.o:_00681_DS_=0x12d
00000128                      main.o:_00676_DS_:
00000128 e2fa                 BCR 0x5, 0x2
00000129 ffff                 NOP
0000012a e6fa                 BSR 0x5, 0x2
0000012b ffff                 NOP
0000012c e2fa                 BCR 0x5, 0x2
0000012d                      main.o:_00681_DS_:
0000012d e0fc                 BCR 0x3, 0x6
0000012e f5ac                 BTRSS 0x53, 0x4
0000012f c6cb                 LGOTO 0x134; main.o:_00685_DS_=0x134
00000130 e2fa                 BCR 0x5, 0x2
00000131 ffff                 NOP
00000132 e6fa                 BSR 0x5, 0x2
00000133 c6c6                 LGOTO 0x139; main.o:_00690_DS_=0x139
00000134                      main.o:_00685_DS_:
00000134 e2fa                 BCR 0x5, 0x2
00000135 ffff                 NOP
00000136 e6fa                 BSR 0x5, 0x2
00000137 ffff                 NOP
00000138 e2fa                 BCR 0x5, 0x2
00000139                      main.o:_00690_DS_:
00000139 e0fc                 BCR 0x3, 0x6
0000013a f62c                 BTRSS 0x53, 0x3
0000013b c6bf                 LGOTO 0x140; main.o:_00694_DS_=0x140
0000013c e2fa                 BCR 0x5, 0x2
0000013d ffff                 NOP
0000013e e6fa                 BSR 0x5, 0x2
0000013f c6ba                 LGOTO 0x145; main.o:_00699_DS_=0x145
00000140                      main.o:_00694_DS_:
00000140 e2fa                 BCR 0x5, 0x2
00000141 ffff                 NOP
00000142 e6fa                 BSR 0x5, 0x2
00000143 ffff                 NOP
00000144 e2fa                 BCR 0x5, 0x2
00000145                      main.o:_00699_DS_:
00000145 e0fc                 BCR 0x3, 0x6
00000146 f6ac                 BTRSS 0x53, 0x2
00000147 c6b3                 LGOTO 0x14c; main.o:_00703_DS_=0x14c
00000148 e2fa                 BCR 0x5, 0x2
00000149 ffff                 NOP
0000014a e6fa                 BSR 0x5, 0x2
0000014b c6ae                 LGOTO 0x151; main.o:_00708_DS_=0x151
0000014c                      main.o:_00703_DS_:
0000014c e2fa                 BCR 0x5, 0x2
0000014d ffff                 NOP
0000014e e6fa                 BSR 0x5, 0x2
0000014f ffff                 NOP
00000150 e2fa                 BCR 0x5, 0x2
00000151                      main.o:_00708_DS_:
00000151 e0fc                 BCR 0x3, 0x6
00000152 f72c                 BTRSS 0x53, 0x1
00000153 c6a7                 LGOTO 0x158; main.o:_00712_DS_=0x158
00000154 e2fa                 BCR 0x5, 0x2
00000155 ffff                 NOP
00000156 e6fa                 BSR 0x5, 0x2
00000157 c6a2                 LGOTO 0x15d; main.o:_00717_DS_=0x15d
00000158                      main.o:_00712_DS_:
00000158 e2fa                 BCR 0x5, 0x2
00000159 ffff                 NOP
0000015a e6fa                 BSR 0x5, 0x2
0000015b ffff                 NOP
0000015c e2fa                 BCR 0x5, 0x2
0000015d                      main.o:_00717_DS_:
0000015d e0fc                 BCR 0x3, 0x6
0000015e f7ac                 BTRSS 0x53, 0x0
0000015f c69b                 LGOTO 0x164; main.o:_00721_DS_=0x164
00000160 e2fa                 BCR 0x5, 0x2
00000161 ffff                 NOP
00000162 e6fa                 BSR 0x5, 0x2
00000163 c696                 LGOTO 0x169; main.o:_00726_DS_=0x169
00000164                      main.o:_00721_DS_:
00000164 e2fa                 BCR 0x5, 0x2
00000165 ffff                 NOP
00000166 e6fa                 BSR 0x5, 0x2
00000167 ffff                 NOP
00000168 e2fa                 BCR 0x5, 0x2
00000169                      main.o:_00726_DS_:
00000169 e0fc                 BCR 0x3, 0x6
0000016a f42b                 BTRSS 0x54, 0x7
0000016b c68f                 LGOTO 0x170; main.o:_00730_DS_=0x170
0000016c e2fa                 BCR 0x5, 0x2
0000016d ffff                 NOP
0000016e e6fa                 BSR 0x5, 0x2
0000016f c68a                 LGOTO 0x175; main.o:_00735_DS_=0x175
00000170                      main.o:_00730_DS_:
00000170 e2fa                 BCR 0x5, 0x2
00000171 ffff                 NOP
00000172 e6fa                 BSR 0x5, 0x2
00000173 ffff                 NOP
00000174 e2fa                 BCR 0x5, 0x2
00000175                      main.o:_00735_DS_:
00000175 e0fc                 BCR 0x3, 0x6
00000176 f4ab                 BTRSS 0x54, 0x6
00000177 c683                 LGOTO 0x17c; main.o:_00739_DS_=0x17c
00000178 e2fa                 BCR 0x5, 0x2
00000179 ffff                 NOP
0000017a e6fa                 BSR 0x5, 0x2
0000017b c67e                 LGOTO 0x181; main.o:_00744_DS_=0x181
0000017c                      main.o:_00739_DS_:
0000017c e2fa                 BCR 0x5, 0x2
0000017d ffff                 NOP
0000017e e6fa                 BSR 0x5, 0x2
0000017f ffff                 NOP
00000180 e2fa                 BCR 0x5, 0x2
00000181                      main.o:_00744_DS_:
00000181 e0fc                 BCR 0x3, 0x6
00000182 f52b                 BTRSS 0x54, 0x5
00000183 c677                 LGOTO 0x188; main.o:_00748_DS_=0x188
00000184 e2fa                 BCR 0x5, 0x2
00000185 ffff                 NOP
00000186 e6fa                 BSR 0x5, 0x2
00000187 c672                 LGOTO 0x18d; main.o:_00753_DS_=0x18d
00000188                      main.o:_00748_DS_:
00000188 e2fa                 BCR 0x5, 0x2
00000189 ffff                 NOP
0000018a e6fa                 BSR 0x5, 0x2
0000018b ffff                 NOP
0000018c e2fa                 BCR 0x5, 0x2
0000018d                      main.o:_00753_DS_:
0000018d e0fc                 BCR 0x3, 0x6
0000018e f5ab                 BTRSS 0x54, 0x4
0000018f c66b                 LGOTO 0x194; main.o:_00757_DS_=0x194
00000190 e2fa                 BCR 0x5, 0x2
00000191 ffff                 NOP
00000192 e6fa                 BSR 0x5, 0x2
00000193 c666                 LGOTO 0x199; main.o:_00762_DS_=0x199
00000194                      main.o:_00757_DS_:
00000194 e2fa                 BCR 0x5, 0x2
00000195 ffff                 NOP
00000196 e6fa                 BSR 0x5, 0x2
00000197 ffff                 NOP
00000198 e2fa                 BCR 0x5, 0x2
00000199                      main.o:_00762_DS_:
00000199 e0fc                 BCR 0x3, 0x6
0000019a f62b                 BTRSS 0x54, 0x3
0000019b c65f                 LGOTO 0x1a0; main.o:_00766_DS_=0x1a0
0000019c e2fa                 BCR 0x5, 0x2
0000019d ffff                 NOP
0000019e e6fa                 BSR 0x5, 0x2
0000019f c65a                 LGOTO 0x1a5; main.o:_00771_DS_=0x1a5
000001a0                      main.o:_00766_DS_:
000001a0 e2fa                 BCR 0x5, 0x2
000001a1 ffff                 NOP
000001a2 e6fa                 BSR 0x5, 0x2
000001a3 ffff                 NOP
000001a4 e2fa                 BCR 0x5, 0x2
000001a5                      main.o:_00771_DS_:
000001a5 e0fc                 BCR 0x3, 0x6
000001a6 f6ab                 BTRSS 0x54, 0x2
000001a7 c653                 LGOTO 0x1ac; main.o:_00775_DS_=0x1ac
000001a8 e2fa                 BCR 0x5, 0x2
000001a9 ffff                 NOP
000001aa e6fa                 BSR 0x5, 0x2
000001ab c64e                 LGOTO 0x1b1; main.o:_00780_DS_=0x1b1
000001ac                      main.o:_00775_DS_:
000001ac e2fa                 BCR 0x5, 0x2
000001ad ffff                 NOP
000001ae e6fa                 BSR 0x5, 0x2
000001af ffff                 NOP
000001b0 e2fa                 BCR 0x5, 0x2
000001b1                      main.o:_00780_DS_:
000001b1 e0fc                 BCR 0x3, 0x6
000001b2 f72b                 BTRSS 0x54, 0x1
000001b3 c647                 LGOTO 0x1b8; main.o:_00784_DS_=0x1b8
000001b4 e2fa                 BCR 0x5, 0x2
000001b5 ffff                 NOP
000001b6 e6fa                 BSR 0x5, 0x2
000001b7 c642                 LGOTO 0x1bd; main.o:_00789_DS_=0x1bd
000001b8                      main.o:_00784_DS_:
000001b8 e2fa                 BCR 0x5, 0x2
000001b9 ffff                 NOP
000001ba e6fa                 BSR 0x5, 0x2
000001bb ffff                 NOP
000001bc e2fa                 BCR 0x5, 0x2
000001bd                      main.o:_00789_DS_:
000001bd e0fc                 BCR 0x3, 0x6
000001be f7ab                 BTRSS 0x54, 0x0
000001bf c63b                 LGOTO 0x1c4; main.o:_00793_DS_=0x1c4
000001c0 e2fa                 BCR 0x5, 0x2
000001c1 ffff                 NOP
000001c2 e6fa                 BSR 0x5, 0x2
000001c3 c636                 LGOTO 0x1c9; main.o:_00798_DS_=0x1c9
000001c4                      main.o:_00793_DS_:
000001c4 e2fa                 BCR 0x5, 0x2
000001c5 ffff                 NOP
000001c6 e6fa                 BSR 0x5, 0x2
000001c7 ffff                 NOP
000001c8 e2fa                 BCR 0x5, 0x2
000001c9                      main.o:_00798_DS_:
000001c9 e2fa                 BCR 0x5, 0x2
000001ca fffb                 ENI
000001cb ffef                 RET
000001cc                      _sendRGB2:
000001cc e0fc                 BCR 0x3, 0x6
000001cd ff2d                 MOVAR 0x52
000001ce feb0                 MOVR 0x4f, 0x0
000001cf ff2c                 MOVAR 0x53
000001d0 feb1                 MOVR 0x4e, 0x0
000001d1 ff2b                 MOVAR 0x54
000001d2 ffec                 DISI
000001d3 f42d                 BTRSS 0x52, 0x7
000001d4 c626                 LGOTO 0x1d9; main.o:_00366_DS_=0x1d9
000001d5 e0fa                 BCR 0x5, 0x6
000001d6 ffff                 NOP
000001d7 e4fa                 BSR 0x5, 0x6
000001d8 c621                 LGOTO 0x1de; main.o:_00371_DS_=0x1de
000001d9                      main.o:_00366_DS_:
000001d9 e0fa                 BCR 0x5, 0x6
000001da ffff                 NOP
000001db e4fa                 BSR 0x5, 0x6
000001dc ffff                 NOP
000001dd e0fa                 BCR 0x5, 0x6
000001de                      main.o:_00371_DS_:
000001de e0fc                 BCR 0x3, 0x6
000001df f4ad                 BTRSS 0x52, 0x6
000001e0 c61a                 LGOTO 0x1e5; main.o:_00375_DS_=0x1e5
000001e1 e0fa                 BCR 0x5, 0x6
000001e2 ffff                 NOP
000001e3 e4fa                 BSR 0x5, 0x6
000001e4 c615                 LGOTO 0x1ea; main.o:_00380_DS_=0x1ea
000001e5                      main.o:_00375_DS_:
000001e5 e0fa                 BCR 0x5, 0x6
000001e6 ffff                 NOP
000001e7 e4fa                 BSR 0x5, 0x6
000001e8 ffff                 NOP
000001e9 e0fa                 BCR 0x5, 0x6
000001ea                      main.o:_00380_DS_:
000001ea e0fc                 BCR 0x3, 0x6
000001eb f52d                 BTRSS 0x52, 0x5
000001ec c60e                 LGOTO 0x1f1; main.o:_00384_DS_=0x1f1
000001ed e0fa                 BCR 0x5, 0x6
000001ee ffff                 NOP
000001ef e4fa                 BSR 0x5, 0x6
000001f0 c609                 LGOTO 0x1f6; main.o:_00389_DS_=0x1f6
000001f1                      main.o:_00384_DS_:
000001f1 e0fa                 BCR 0x5, 0x6
000001f2 ffff                 NOP
000001f3 e4fa                 BSR 0x5, 0x6
000001f4 ffff                 NOP
000001f5 e0fa                 BCR 0x5, 0x6
000001f6                      main.o:_00389_DS_:
000001f6 e0fc                 BCR 0x3, 0x6
000001f7 f5ad                 BTRSS 0x52, 0x4
000001f8 c602                 LGOTO 0x1fd; main.o:_00393_DS_=0x1fd
000001f9 e0fa                 BCR 0x5, 0x6
000001fa ffff                 NOP
000001fb e4fa                 BSR 0x5, 0x6
000001fc c5fd                 LGOTO 0x202; main.o:_00398_DS_=0x202
000001fd                      main.o:_00393_DS_:
000001fd e0fa                 BCR 0x5, 0x6
000001fe ffff                 NOP
000001ff e4fa                 BSR 0x5, 0x6
00000200 ffff                 NOP
00000201 e0fa                 BCR 0x5, 0x6
00000202                      main.o:_00398_DS_:
00000202 e0fc                 BCR 0x3, 0x6
00000203 f62d                 BTRSS 0x52, 0x3
00000204 c5f6                 LGOTO 0x209; main.o:_00402_DS_=0x209
00000205 e0fa                 BCR 0x5, 0x6
00000206 ffff                 NOP
00000207 e4fa                 BSR 0x5, 0x6
00000208 c5f1                 LGOTO 0x20e; main.o:_00407_DS_=0x20e
00000209                      main.o:_00402_DS_:
00000209 e0fa                 BCR 0x5, 0x6
0000020a ffff                 NOP
0000020b e4fa                 BSR 0x5, 0x6
0000020c ffff                 NOP
0000020d e0fa                 BCR 0x5, 0x6
0000020e                      main.o:_00407_DS_:
0000020e e0fc                 BCR 0x3, 0x6
0000020f f6ad                 BTRSS 0x52, 0x2
00000210 c5ea                 LGOTO 0x215; main.o:_00411_DS_=0x215
00000211 e0fa                 BCR 0x5, 0x6
00000212 ffff                 NOP
00000213 e4fa                 BSR 0x5, 0x6
00000214 c5e5                 LGOTO 0x21a; main.o:_00416_DS_=0x21a
00000215                      main.o:_00411_DS_:
00000215 e0fa                 BCR 0x5, 0x6
00000216 ffff                 NOP
00000217 e4fa                 BSR 0x5, 0x6
00000218 ffff                 NOP
00000219 e0fa                 BCR 0x5, 0x6
0000021a                      main.o:_00416_DS_:
0000021a e0fc                 BCR 0x3, 0x6
0000021b f72d                 BTRSS 0x52, 0x1
0000021c c5de                 LGOTO 0x221; main.o:_00420_DS_=0x221
0000021d e0fa                 BCR 0x5, 0x6
0000021e ffff                 NOP
0000021f e4fa                 BSR 0x5, 0x6
00000220 c5d9                 LGOTO 0x226; main.o:_00425_DS_=0x226
00000221                      main.o:_00420_DS_:
00000221 e0fa                 BCR 0x5, 0x6
00000222 ffff                 NOP
00000223 e4fa                 BSR 0x5, 0x6
00000224 ffff                 NOP
00000225 e0fa                 BCR 0x5, 0x6
00000226                      main.o:_00425_DS_:
00000226 e0fc                 BCR 0x3, 0x6
00000227 f7ad                 BTRSS 0x52, 0x0
00000228 c5d2                 LGOTO 0x22d; main.o:_00429_DS_=0x22d
00000229 e0fa                 BCR 0x5, 0x6
0000022a ffff                 NOP
0000022b e4fa                 BSR 0x5, 0x6
0000022c c5cd                 LGOTO 0x232; main.o:_00434_DS_=0x232
0000022d                      main.o:_00429_DS_:
0000022d e0fa                 BCR 0x5, 0x6
0000022e ffff                 NOP
0000022f e4fa                 BSR 0x5, 0x6
00000230 ffff                 NOP
00000231 e0fa                 BCR 0x5, 0x6
00000232                      main.o:_00434_DS_:
00000232 e0fc                 BCR 0x3, 0x6
00000233 f42c                 BTRSS 0x53, 0x7
00000234 c5c6                 LGOTO 0x239; main.o:_00438_DS_=0x239
00000235 e0fa                 BCR 0x5, 0x6
00000236 ffff                 NOP
00000237 e4fa                 BSR 0x5, 0x6
00000238 c5c1                 LGOTO 0x23e; main.o:_00443_DS_=0x23e
00000239                      main.o:_00438_DS_:
00000239 e0fa                 BCR 0x5, 0x6
0000023a ffff                 NOP
0000023b e4fa                 BSR 0x5, 0x6
0000023c ffff                 NOP
0000023d e0fa                 BCR 0x5, 0x6
0000023e                      main.o:_00443_DS_:
0000023e e0fc                 BCR 0x3, 0x6
0000023f f4ac                 BTRSS 0x53, 0x6
00000240 c5ba                 LGOTO 0x245; main.o:_00447_DS_=0x245
00000241 e0fa                 BCR 0x5, 0x6
00000242 ffff                 NOP
00000243 e4fa                 BSR 0x5, 0x6
00000244 c5b5                 LGOTO 0x24a; main.o:_00452_DS_=0x24a
00000245                      main.o:_00447_DS_:
00000245 e0fa                 BCR 0x5, 0x6
00000246 ffff                 NOP
00000247 e4fa                 BSR 0x5, 0x6
00000248 ffff                 NOP
00000249 e0fa                 BCR 0x5, 0x6
0000024a                      main.o:_00452_DS_:
0000024a e0fc                 BCR 0x3, 0x6
0000024b f52c                 BTRSS 0x53, 0x5
0000024c c5ae                 LGOTO 0x251; main.o:_00456_DS_=0x251
0000024d e0fa                 BCR 0x5, 0x6
0000024e ffff                 NOP
0000024f e4fa                 BSR 0x5, 0x6
00000250 c5a9                 LGOTO 0x256; main.o:_00461_DS_=0x256
00000251                      main.o:_00456_DS_:
00000251 e0fa                 BCR 0x5, 0x6
00000252 ffff                 NOP
00000253 e4fa                 BSR 0x5, 0x6
00000254 ffff                 NOP
00000255 e0fa                 BCR 0x5, 0x6
00000256                      main.o:_00461_DS_:
00000256 e0fc                 BCR 0x3, 0x6
00000257 f5ac                 BTRSS 0x53, 0x4
00000258 c5a2                 LGOTO 0x25d; main.o:_00465_DS_=0x25d
00000259 e0fa                 BCR 0x5, 0x6
0000025a ffff                 NOP
0000025b e4fa                 BSR 0x5, 0x6
0000025c c59d                 LGOTO 0x262; main.o:_00470_DS_=0x262
0000025d                      main.o:_00465_DS_:
0000025d e0fa                 BCR 0x5, 0x6
0000025e ffff                 NOP
0000025f e4fa                 BSR 0x5, 0x6
00000260 ffff                 NOP
00000261 e0fa                 BCR 0x5, 0x6
00000262                      main.o:_00470_DS_:
00000262 e0fc                 BCR 0x3, 0x6
00000263 f62c                 BTRSS 0x53, 0x3
00000264 c596                 LGOTO 0x269; main.o:_00474_DS_=0x269
00000265 e0fa                 BCR 0x5, 0x6
00000266 ffff                 NOP
00000267 e4fa                 BSR 0x5, 0x6
00000268 c591                 LGOTO 0x26e; main.o:_00479_DS_=0x26e
00000269                      main.o:_00474_DS_:
00000269 e0fa                 BCR 0x5, 0x6
0000026a ffff                 NOP
0000026b e4fa                 BSR 0x5, 0x6
0000026c ffff                 NOP
0000026d e0fa                 BCR 0x5, 0x6
0000026e                      main.o:_00479_DS_:
0000026e e0fc                 BCR 0x3, 0x6
0000026f f6ac                 BTRSS 0x53, 0x2
00000270 c58a                 LGOTO 0x275; main.o:_00483_DS_=0x275
00000271 e0fa                 BCR 0x5, 0x6
00000272 ffff                 NOP
00000273 e4fa                 BSR 0x5, 0x6
00000274 c585                 LGOTO 0x27a; main.o:_00488_DS_=0x27a
00000275                      main.o:_00483_DS_:
00000275 e0fa                 BCR 0x5, 0x6
00000276 ffff                 NOP
00000277 e4fa                 BSR 0x5, 0x6
00000278 ffff                 NOP
00000279 e0fa                 BCR 0x5, 0x6
0000027a                      main.o:_00488_DS_:
0000027a e0fc                 BCR 0x3, 0x6
0000027b f72c                 BTRSS 0x53, 0x1
0000027c c57e                 LGOTO 0x281; main.o:_00492_DS_=0x281
0000027d e0fa                 BCR 0x5, 0x6
0000027e ffff                 NOP
0000027f e4fa                 BSR 0x5, 0x6
00000280 c579                 LGOTO 0x286; main.o:_00497_DS_=0x286
00000281                      main.o:_00492_DS_:
00000281 e0fa                 BCR 0x5, 0x6
00000282 ffff                 NOP
00000283 e4fa                 BSR 0x5, 0x6
00000284 ffff                 NOP
00000285 e0fa                 BCR 0x5, 0x6
00000286                      main.o:_00497_DS_:
00000286 e0fc                 BCR 0x3, 0x6
00000287 f7ac                 BTRSS 0x53, 0x0
00000288 c572                 LGOTO 0x28d; main.o:_00501_DS_=0x28d
00000289 e0fa                 BCR 0x5, 0x6
0000028a ffff                 NOP
0000028b e4fa                 BSR 0x5, 0x6
0000028c c56d                 LGOTO 0x292; main.o:_00506_DS_=0x292
0000028d                      main.o:_00501_DS_:
0000028d e0fa                 BCR 0x5, 0x6
0000028e ffff                 NOP
0000028f e4fa                 BSR 0x5, 0x6
00000290 ffff                 NOP
00000291 e0fa                 BCR 0x5, 0x6
00000292                      main.o:_00506_DS_:
00000292 e0fc                 BCR 0x3, 0x6
00000293 f42b                 BTRSS 0x54, 0x7
00000294 c566                 LGOTO 0x299; main.o:_00510_DS_=0x299
00000295 e0fa                 BCR 0x5, 0x6
00000296 ffff                 NOP
00000297 e4fa                 BSR 0x5, 0x6
00000298 c561                 LGOTO 0x29e; main.o:_00515_DS_=0x29e
00000299                      main.o:_00510_DS_:
00000299 e0fa                 BCR 0x5, 0x6
0000029a ffff                 NOP
0000029b e4fa                 BSR 0x5, 0x6
0000029c ffff                 NOP
0000029d e0fa                 BCR 0x5, 0x6
0000029e                      main.o:_00515_DS_:
0000029e e0fc                 BCR 0x3, 0x6
0000029f f4ab                 BTRSS 0x54, 0x6
000002a0 c55a                 LGOTO 0x2a5; main.o:_00519_DS_=0x2a5
000002a1 e0fa                 BCR 0x5, 0x6
000002a2 ffff                 NOP
000002a3 e4fa                 BSR 0x5, 0x6
000002a4 c555                 LGOTO 0x2aa; main.o:_00524_DS_=0x2aa
000002a5                      main.o:_00519_DS_:
000002a5 e0fa                 BCR 0x5, 0x6
000002a6 ffff                 NOP
000002a7 e4fa                 BSR 0x5, 0x6
000002a8 ffff                 NOP
000002a9 e0fa                 BCR 0x5, 0x6
000002aa                      main.o:_00524_DS_:
000002aa e0fc                 BCR 0x3, 0x6
000002ab f52b                 BTRSS 0x54, 0x5
000002ac c54e                 LGOTO 0x2b1; main.o:_00528_DS_=0x2b1
000002ad e0fa                 BCR 0x5, 0x6
000002ae ffff                 NOP
000002af e4fa                 BSR 0x5, 0x6
000002b0 c549                 LGOTO 0x2b6; main.o:_00533_DS_=0x2b6
000002b1                      main.o:_00528_DS_:
000002b1 e0fa                 BCR 0x5, 0x6
000002b2 ffff                 NOP
000002b3 e4fa                 BSR 0x5, 0x6
000002b4 ffff                 NOP
000002b5 e0fa                 BCR 0x5, 0x6
000002b6                      main.o:_00533_DS_:
000002b6 e0fc                 BCR 0x3, 0x6
000002b7 f5ab                 BTRSS 0x54, 0x4
000002b8 c542                 LGOTO 0x2bd; main.o:_00537_DS_=0x2bd
000002b9 e0fa                 BCR 0x5, 0x6
000002ba ffff                 NOP
000002bb e4fa                 BSR 0x5, 0x6
000002bc c53d                 LGOTO 0x2c2; main.o:_00542_DS_=0x2c2
000002bd                      main.o:_00537_DS_:
000002bd e0fa                 BCR 0x5, 0x6
000002be ffff                 NOP
000002bf e4fa                 BSR 0x5, 0x6
000002c0 ffff                 NOP
000002c1 e0fa                 BCR 0x5, 0x6
000002c2                      main.o:_00542_DS_:
000002c2 e0fc                 BCR 0x3, 0x6
000002c3 f62b                 BTRSS 0x54, 0x3
000002c4 c536                 LGOTO 0x2c9; main.o:_00546_DS_=0x2c9
000002c5 e0fa                 BCR 0x5, 0x6
000002c6 ffff                 NOP
000002c7 e4fa                 BSR 0x5, 0x6
000002c8 c531                 LGOTO 0x2ce; main.o:_00551_DS_=0x2ce
000002c9                      main.o:_00546_DS_:
000002c9 e0fa                 BCR 0x5, 0x6
000002ca ffff                 NOP
000002cb e4fa                 BSR 0x5, 0x6
000002cc ffff                 NOP
000002cd e0fa                 BCR 0x5, 0x6
000002ce                      main.o:_00551_DS_:
000002ce e0fc                 BCR 0x3, 0x6
000002cf f6ab                 BTRSS 0x54, 0x2
000002d0 c52a                 LGOTO 0x2d5; main.o:_00555_DS_=0x2d5
000002d1 e0fa                 BCR 0x5, 0x6
000002d2 ffff                 NOP
000002d3 e4fa                 BSR 0x5, 0x6
000002d4 c525                 LGOTO 0x2da; main.o:_00560_DS_=0x2da
000002d5                      main.o:_00555_DS_:
000002d5 e0fa                 BCR 0x5, 0x6
000002d6 ffff                 NOP
000002d7 e4fa                 BSR 0x5, 0x6
000002d8 ffff                 NOP
000002d9 e0fa                 BCR 0x5, 0x6
000002da                      main.o:_00560_DS_:
000002da e0fc                 BCR 0x3, 0x6
000002db f72b                 BTRSS 0x54, 0x1
000002dc c51e                 LGOTO 0x2e1; main.o:_00564_DS_=0x2e1
000002dd e0fa                 BCR 0x5, 0x6
000002de ffff                 NOP
000002df e4fa                 BSR 0x5, 0x6
000002e0 c519                 LGOTO 0x2e6; main.o:_00569_DS_=0x2e6
000002e1                      main.o:_00564_DS_:
000002e1 e0fa                 BCR 0x5, 0x6
000002e2 ffff                 NOP
000002e3 e4fa                 BSR 0x5, 0x6
000002e4 ffff                 NOP
000002e5 e0fa                 BCR 0x5, 0x6
000002e6                      main.o:_00569_DS_:
000002e6 e0fc                 BCR 0x3, 0x6
000002e7 f7ab                 BTRSS 0x54, 0x0
000002e8 c512                 LGOTO 0x2ed; main.o:_00573_DS_=0x2ed
000002e9 e0fa                 BCR 0x5, 0x6
000002ea ffff                 NOP
000002eb e4fa                 BSR 0x5, 0x6
000002ec c50d                 LGOTO 0x2f2; main.o:_00578_DS_=0x2f2
000002ed                      main.o:_00573_DS_:
000002ed e0fa                 BCR 0x5, 0x6
000002ee ffff                 NOP
000002ef e4fa                 BSR 0x5, 0x6
000002f0 ffff                 NOP
000002f1 e0fa                 BCR 0x5, 0x6
000002f2                      main.o:_00578_DS_:
000002f2 e0fa                 BCR 0x5, 0x6
000002f3 fffb                 ENI
000002f4 ffef                 RET
000002f5                      _sendRGB3:
000002f5 e0fc                 BCR 0x3, 0x6
000002f6 ff44                 MOVAR 0x3b
000002f7 feb0                 MOVR 0x4f, 0x0
000002f8 ff45                 MOVAR 0x3a
000002f9 feb1                 MOVR 0x4e, 0x0
000002fa ff43                 MOVAR 0x3c
000002fb feb2                 MOVR 0x4d, 0x0
000002fc ff42                 MOVAR 0x3d
000002fd feb3                 MOVR 0x4c, 0x0
000002fe ff41                 MOVAR 0x3e
000002ff fec5                 MOVR 0x3a, 0x0
00000300 eec4                 IORAR 0x3b, 0x0
00000301 f2fc                 BTRSC 0x3, 0x2
00000302 c4f4                 LGOTO 0x30b; main.o:_00336_DS_=0x30b
00000303 fec5                 MOVR 0x3a, 0x0
00000304 dbf2                 XORIA 0xd
00000305 f6fc                 BTRSS 0x3, 0x2
00000306 c4ec                 LGOTO 0x313; main.o:_00337_DS_=0x313
00000307 fec4                 MOVR 0x3b, 0x0
00000308 dbff                 XORIA 0x0
00000309 f6fc                 BTRSS 0x3, 0x2
0000030a c4ec                 LGOTO 0x313; main.o:_00337_DS_=0x313
0000030b                      main.o:_00336_DS_:
0000030b e0fc                 BCR 0x3, 0x6
0000030c fec1                 MOVR 0x3e, 0x0
0000030d ff31                 MOVAR 0x4e
0000030e fec2                 MOVR 0x3d, 0x0
0000030f ff30                 MOVAR 0x4f
00000310 fec3                 MOVR 0x3c, 0x0
00000311 d633                 LCALL 0x1cc; _sendRGB2=0x1cc
00000312 c4e5                 LGOTO 0x31a; main.o:_00340_DS_=0x31a
00000313                      main.o:_00337_DS_:
00000313 e0fc                 BCR 0x3, 0x6
00000314 fec1                 MOVR 0x3e, 0x0
00000315 ff31                 MOVAR 0x4e
00000316 fec2                 MOVR 0x3d, 0x0
00000317 ff30                 MOVAR 0x4f
00000318 fec3                 MOVR 0x3c, 0x0
00000319 d75c                 LCALL 0xa3; _sendRGB=0xa3
0000031a                      main.o:_00340_DS_:
0000031a ffef                 RET
0000031b                      _closeCtr2:
0000031b e0fc                 BCR 0x3, 0x6
0000031c ff4a                 MOVAR 0x35
0000031d d8f8                 SUBIA 0x7
0000031e ff49                 MOVAR 0x36
0000031f def8                 MOVIA 0x7
00000320 fc4a                 ADDAR 0x35, 0x1
00000321 def1                 MOVIA 0xe
00000322 ff48                 MOVAR 0x37
00000323                      main.o:_00330_DS_:
00000323 e0fc                 BCR 0x3, 0x6
00000324 fec9                 MOVR 0x36, 0x0
00000325 edc8                 XORAR 0x37, 0x0
00000326 f6fc                 BTRSS 0x3, 0x2
00000327 c4b5                 LGOTO 0x34a; main.o:_00328_DS_=0x34a
00000328 fea6                 MOVR 0x59, 0x0
00000329 f6fc                 BTRSS 0x3, 0x2
0000032a c4c7                 LGOTO 0x338; main.o:_00313_DS_=0x338
0000032b fec8                 MOVR 0x37, 0x0
0000032c fd46                 CLRR 0x39
0000032d de4d                 MOVIA 0xb2
0000032e ff33                 MOVAR 0x4c
0000032f ff32                 MOVAR 0x4d
00000330 deb3                 MOVIA 0x4c
00000331 ff31                 MOVAR 0x4e
00000332 fec8                 MOVR 0x37, 0x0
00000333 ff47                 MOVAR 0x38
00000334 ff30                 MOVAR 0x4f
00000335 deff                 MOVIA 0x0
00000336 d50a                 LCALL 0x2f5; _sendRGB3=0x2f5
00000337 c46d                 LGOTO 0x392; main.o:_00331_DS_=0x392
00000338                      main.o:_00313_DS_:
00000338 e0fc                 BCR 0x3, 0x6
00000339 fea6                 MOVR 0x59, 0x0
0000033a dbfe                 XORIA 0x1
0000033b f6fc                 BTRSS 0x3, 0x2
0000033c c46d                 LGOTO 0x392; main.o:_00331_DS_=0x392
0000033d fec8                 MOVR 0x37, 0x0
0000033e fd46                 CLRR 0x39
0000033f de4d                 MOVIA 0xb2
00000340 ff33                 MOVAR 0x4c
00000341 deb3                 MOVIA 0x4c
00000342 ff32                 MOVAR 0x4d
00000343 ff31                 MOVAR 0x4e
00000344 fec8                 MOVR 0x37, 0x0
00000345 ff47                 MOVAR 0x38
00000346 ff30                 MOVAR 0x4f
00000347 deff                 MOVIA 0x0
00000348 d50a                 LCALL 0x2f5; _sendRGB3=0x2f5
00000349 c46d                 LGOTO 0x392; main.o:_00331_DS_=0x392
0000034a                      main.o:_00328_DS_:
0000034a e0fc                 BCR 0x3, 0x6
0000034b feca                 MOVR 0x35, 0x0
0000034c edc8                 XORAR 0x37, 0x0
0000034d f6fc                 BTRSS 0x3, 0x2
0000034e c48e                 LGOTO 0x371; main.o:_00325_DS_=0x371
0000034f fea6                 MOVR 0x59, 0x0
00000350 f6fc                 BTRSS 0x3, 0x2
00000351 c4a0                 LGOTO 0x35f; main.o:_00318_DS_=0x35f
00000352 fec8                 MOVR 0x37, 0x0
00000353 fd46                 CLRR 0x39
00000354 deb3                 MOVIA 0x4c
00000355 ff33                 MOVAR 0x4c
00000356 de4d                 MOVIA 0xb2
00000357 ff32                 MOVAR 0x4d
00000358 ff31                 MOVAR 0x4e
00000359 fec8                 MOVR 0x37, 0x0
0000035a ff47                 MOVAR 0x38
0000035b ff30                 MOVAR 0x4f
0000035c deff                 MOVIA 0x0
0000035d d50a                 LCALL 0x2f5; _sendRGB3=0x2f5
0000035e c46d                 LGOTO 0x392; main.o:_00331_DS_=0x392
0000035f                      main.o:_00318_DS_:
0000035f e0fc                 BCR 0x3, 0x6
00000360 fea6                 MOVR 0x59, 0x0
00000361 dbfe                 XORIA 0x1
00000362 f6fc                 BTRSS 0x3, 0x2
00000363 c46d                 LGOTO 0x392; main.o:_00331_DS_=0x392
00000364 fec8                 MOVR 0x37, 0x0
00000365 fd46                 CLRR 0x39
00000366 deb3                 MOVIA 0x4c
00000367 ff33                 MOVAR 0x4c
00000368 ff32                 MOVAR 0x4d
00000369 de4d                 MOVIA 0xb2
0000036a ff31                 MOVAR 0x4e
0000036b fec8                 MOVR 0x37, 0x0
0000036c ff47                 MOVAR 0x38
0000036d ff30                 MOVAR 0x4f
0000036e deff                 MOVIA 0x0
0000036f d50a                 LCALL 0x2f5; _sendRGB3=0x2f5
00000370 c46d                 LGOTO 0x392; main.o:_00331_DS_=0x392
00000371                      main.o:_00325_DS_:
00000371 e0fc                 BCR 0x3, 0x6
00000372 feca                 MOVR 0x35, 0x0
00000373 fbc8                 SUBAR 0x37, 0x0
00000374 f3fc                 BTRSC 0x3, 0x0
00000375 c479                 LGOTO 0x386; main.o:_00321_DS_=0x386
00000376 fec8                 MOVR 0x37, 0x0
00000377 fbc9                 SUBAR 0x36, 0x0
00000378 f3fc                 BTRSC 0x3, 0x0
00000379 c479                 LGOTO 0x386; main.o:_00321_DS_=0x386
0000037a fec8                 MOVR 0x37, 0x0
0000037b fd46                 CLRR 0x39
0000037c de4d                 MOVIA 0xb2
0000037d ff33                 MOVAR 0x4c
0000037e ff32                 MOVAR 0x4d
0000037f ff31                 MOVAR 0x4e
00000380 fec8                 MOVR 0x37, 0x0
00000381 ff47                 MOVAR 0x38
00000382 ff30                 MOVAR 0x4f
00000383 deff                 MOVIA 0x0
00000384 d50a                 LCALL 0x2f5; _sendRGB3=0x2f5
00000385 c46d                 LGOTO 0x392; main.o:_00331_DS_=0x392
00000386                      main.o:_00321_DS_:
00000386 e0fc                 BCR 0x3, 0x6
00000387 fec8                 MOVR 0x37, 0x0
00000388 fd46                 CLRR 0x39
00000389 deb3                 MOVIA 0x4c
0000038a ff33                 MOVAR 0x4c
0000038b ff32                 MOVAR 0x4d
0000038c ff31                 MOVAR 0x4e
0000038d fec8                 MOVR 0x37, 0x0
0000038e ff47                 MOVAR 0x38
0000038f ff30                 MOVAR 0x4f
00000390 deff                 MOVIA 0x0
00000391 d50a                 LCALL 0x2f5; _sendRGB3=0x2f5
00000392                      main.o:_00331_DS_:
00000392 e0fc                 BCR 0x3, 0x6
00000393 e848                 DECRSZ 0x37, 0x1
00000394 c4dc                 LGOTO 0x323; main.o:_00330_DS_=0x323
00000395 ffef                 RET
00000396                      _closeCtr:
00000396 e0fc                 BCR 0x3, 0x6
00000397 ff4f                 MOVAR 0x30
00000398 d8f8                 SUBIA 0x7
00000399 ff4e                 MOVAR 0x31
0000039a def8                 MOVIA 0x7
0000039b fc4f                 ADDAR 0x30, 0x1
0000039c def1                 MOVIA 0xe
0000039d ff4d                 MOVAR 0x32
0000039e                      main.o:_00304_DS_:
0000039e e0fc                 BCR 0x3, 0x6
0000039f fece                 MOVR 0x31, 0x0
000003a0 edcd                 XORAR 0x32, 0x0
000003a1 f6fc                 BTRSS 0x3, 0x2
000003a2 c436                 LGOTO 0x3c9; main.o:_00301_DS_=0x3c9
000003a3 defd                 MOVIA 0x2
000003a4 fbcd                 SUBAR 0x32, 0x0
000003a5 f7fc                 BTRSS 0x3, 0x0
000003a6 c436                 LGOTO 0x3c9; main.o:_00301_DS_=0x3c9
000003a7 fea6                 MOVR 0x59, 0x0
000003a8 f6fc                 BTRSS 0x3, 0x2
000003a9 c448                 LGOTO 0x3b7; main.o:_00285_DS_=0x3b7
000003aa fecd                 MOVR 0x32, 0x0
000003ab fd4b                 CLRR 0x34
000003ac deb3                 MOVIA 0x4c
000003ad ff33                 MOVAR 0x4c
000003ae ff32                 MOVAR 0x4d
000003af deff                 MOVIA 0x0
000003b0 ff31                 MOVAR 0x4e
000003b1 fecd                 MOVR 0x32, 0x0
000003b2 ff4c                 MOVAR 0x33
000003b3 ff30                 MOVAR 0x4f
000003b4 deff                 MOVIA 0x0
000003b5 d50a                 LCALL 0x2f5; _sendRGB3=0x2f5
000003b6 c3ea                 LGOTO 0x415; main.o:_00305_DS_=0x415
000003b7                      main.o:_00285_DS_:
000003b7 e0fc                 BCR 0x3, 0x6
000003b8 fea6                 MOVR 0x59, 0x0
000003b9 dbfe                 XORIA 0x1
000003ba f6fc                 BTRSS 0x3, 0x2
000003bb c3ea                 LGOTO 0x415; main.o:_00305_DS_=0x415
000003bc fecd                 MOVR 0x32, 0x0
000003bd fd4b                 CLRR 0x34
000003be deb3                 MOVIA 0x4c
000003bf ff33                 MOVAR 0x4c
000003c0 deff                 MOVIA 0x0
000003c1 ff32                 MOVAR 0x4d
000003c2 ff31                 MOVAR 0x4e
000003c3 fecd                 MOVR 0x32, 0x0
000003c4 ff4c                 MOVAR 0x33
000003c5 ff30                 MOVAR 0x4f
000003c6 deff                 MOVIA 0x0
000003c7 d50a                 LCALL 0x2f5; _sendRGB3=0x2f5
000003c8 c3ea                 LGOTO 0x415; main.o:_00305_DS_=0x415
000003c9                      main.o:_00301_DS_:
000003c9 e0fc                 BCR 0x3, 0x6
000003ca fecf                 MOVR 0x30, 0x0
000003cb edcd                 XORAR 0x32, 0x0
000003cc f6fc                 BTRSS 0x3, 0x2
000003cd c40b                 LGOTO 0x3f4; main.o:_00297_DS_=0x3f4
000003ce def6                 MOVIA 0x9
000003cf fbcd                 SUBAR 0x32, 0x0
000003d0 f7fc                 BTRSS 0x3, 0x0
000003d1 c40b                 LGOTO 0x3f4; main.o:_00297_DS_=0x3f4
000003d2 fea6                 MOVR 0x59, 0x0
000003d3 f6fc                 BTRSS 0x3, 0x2
000003d4 c41d                 LGOTO 0x3e2; main.o:_00290_DS_=0x3e2
000003d5 fecd                 MOVR 0x32, 0x0
000003d6 fd4b                 CLRR 0x34
000003d7 deff                 MOVIA 0x0
000003d8 ff33                 MOVAR 0x4c
000003d9 deb3                 MOVIA 0x4c
000003da ff32                 MOVAR 0x4d
000003db ff31                 MOVAR 0x4e
000003dc fecd                 MOVR 0x32, 0x0
000003dd ff4c                 MOVAR 0x33
000003de ff30                 MOVAR 0x4f
000003df deff                 MOVIA 0x0
000003e0 d50a                 LCALL 0x2f5; _sendRGB3=0x2f5
000003e1 c3ea                 LGOTO 0x415; main.o:_00305_DS_=0x415
000003e2                      main.o:_00290_DS_:
000003e2 e0fc                 BCR 0x3, 0x6
000003e3 fea6                 MOVR 0x59, 0x0
000003e4 dbfe                 XORIA 0x1
000003e5 f6fc                 BTRSS 0x3, 0x2
000003e6 c3ea                 LGOTO 0x415; main.o:_00305_DS_=0x415
000003e7 fecd                 MOVR 0x32, 0x0
000003e8 fd4b                 CLRR 0x34
000003e9 deff                 MOVIA 0x0
000003ea ff33                 MOVAR 0x4c
000003eb ff32                 MOVAR 0x4d
000003ec deb3                 MOVIA 0x4c
000003ed ff31                 MOVAR 0x4e
000003ee fecd                 MOVR 0x32, 0x0
000003ef ff4c                 MOVAR 0x33
000003f0 ff30                 MOVAR 0x4f
000003f1 deff                 MOVIA 0x0
000003f2 d50a                 LCALL 0x2f5; _sendRGB3=0x2f5
000003f3 c3ea                 LGOTO 0x415; main.o:_00305_DS_=0x415
000003f4                      main.o:_00297_DS_:
000003f4 e0fc                 BCR 0x3, 0x6
000003f5 fecf                 MOVR 0x30, 0x0
000003f6 fbcd                 SUBAR 0x32, 0x0
000003f7 f3fc                 BTRSC 0x3, 0x0
000003f8 c3f6                 LGOTO 0x409; main.o:_00293_DS_=0x409
000003f9 fecd                 MOVR 0x32, 0x0
000003fa fbce                 SUBAR 0x31, 0x0
000003fb f3fc                 BTRSC 0x3, 0x0
000003fc c3f6                 LGOTO 0x409; main.o:_00293_DS_=0x409
000003fd fecd                 MOVR 0x32, 0x0
000003fe fd4b                 CLRR 0x34
000003ff deb3                 MOVIA 0x4c
00000400 ff33                 MOVAR 0x4c
00000401 ff32                 MOVAR 0x4d
00000402 ff31                 MOVAR 0x4e
00000403 fecd                 MOVR 0x32, 0x0
00000404 ff4c                 MOVAR 0x33
00000405 ff30                 MOVAR 0x4f
00000406 deff                 MOVIA 0x0
00000407 d50a                 LCALL 0x2f5; _sendRGB3=0x2f5
00000408 c3ea                 LGOTO 0x415; main.o:_00305_DS_=0x415
00000409                      main.o:_00293_DS_:
00000409 e0fc                 BCR 0x3, 0x6
0000040a fecd                 MOVR 0x32, 0x0
0000040b fd4b                 CLRR 0x34
0000040c deff                 MOVIA 0x0
0000040d ff33                 MOVAR 0x4c
0000040e ff32                 MOVAR 0x4d
0000040f ff31                 MOVAR 0x4e
00000410 fecd                 MOVR 0x32, 0x0
00000411 ff4c                 MOVAR 0x33
00000412 ff30                 MOVAR 0x4f
00000413 deff                 MOVIA 0x0
00000414 d50a                 LCALL 0x2f5; _sendRGB3=0x2f5
00000415                      main.o:_00305_DS_:
00000415 e0fc                 BCR 0x3, 0x6
00000416 e84d                 DECRSZ 0x32, 0x1
00000417 c461                 LGOTO 0x39e; main.o:_00304_DS_=0x39e
00000418 ffef                 RET
00000419                      _openCtr2:
00000419 e0fc                 BCR 0x3, 0x6
0000041a ff54                 MOVAR 0x2b
0000041b d8f8                 SUBIA 0x7
0000041c ff53                 MOVAR 0x2c
0000041d def8                 MOVIA 0x7
0000041e fc54                 ADDAR 0x2b, 0x1
0000041f def1                 MOVIA 0xe
00000420 ff52                 MOVAR 0x2d
00000421                      main.o:_00276_DS_:
00000421 e0fc                 BCR 0x3, 0x6
00000422 fed3                 MOVR 0x2c, 0x0
00000423 edd2                 XORAR 0x2d, 0x0
00000424 f6fc                 BTRSS 0x3, 0x2
00000425 c3b7                 LGOTO 0x448; main.o:_00274_DS_=0x448
00000426 fea6                 MOVR 0x59, 0x0
00000427 f6fc                 BTRSS 0x3, 0x2
00000428 c3c9                 LGOTO 0x436; main.o:_00259_DS_=0x436
00000429 fed2                 MOVR 0x2d, 0x0
0000042a fd50                 CLRR 0x2f
0000042b de4d                 MOVIA 0xb2
0000042c ff33                 MOVAR 0x4c
0000042d deb3                 MOVIA 0x4c
0000042e ff32                 MOVAR 0x4d
0000042f ff31                 MOVAR 0x4e
00000430 fed2                 MOVR 0x2d, 0x0
00000431 ff51                 MOVAR 0x2e
00000432 ff30                 MOVAR 0x4f
00000433 deff                 MOVIA 0x0
00000434 d50a                 LCALL 0x2f5; _sendRGB3=0x2f5
00000435 c36f                 LGOTO 0x490; main.o:_00277_DS_=0x490
00000436                      main.o:_00259_DS_:
00000436 e0fc                 BCR 0x3, 0x6
00000437 fea6                 MOVR 0x59, 0x0
00000438 dbfe                 XORIA 0x1
00000439 f6fc                 BTRSS 0x3, 0x2
0000043a c36f                 LGOTO 0x490; main.o:_00277_DS_=0x490
0000043b fed2                 MOVR 0x2d, 0x0
0000043c fd50                 CLRR 0x2f
0000043d de4d                 MOVIA 0xb2
0000043e ff33                 MOVAR 0x4c
0000043f ff32                 MOVAR 0x4d
00000440 deb3                 MOVIA 0x4c
00000441 ff31                 MOVAR 0x4e
00000442 fed2                 MOVR 0x2d, 0x0
00000443 ff51                 MOVAR 0x2e
00000444 ff30                 MOVAR 0x4f
00000445 deff                 MOVIA 0x0
00000446 d50a                 LCALL 0x2f5; _sendRGB3=0x2f5
00000447 c36f                 LGOTO 0x490; main.o:_00277_DS_=0x490
00000448                      main.o:_00274_DS_:
00000448 e0fc                 BCR 0x3, 0x6
00000449 fed4                 MOVR 0x2b, 0x0
0000044a edd2                 XORAR 0x2d, 0x0
0000044b f6fc                 BTRSS 0x3, 0x2
0000044c c390                 LGOTO 0x46f; main.o:_00271_DS_=0x46f
0000044d fea6                 MOVR 0x59, 0x0
0000044e f6fc                 BTRSS 0x3, 0x2
0000044f c3a2                 LGOTO 0x45d; main.o:_00264_DS_=0x45d
00000450 fed2                 MOVR 0x2d, 0x0
00000451 fd50                 CLRR 0x2f
00000452 deb3                 MOVIA 0x4c
00000453 ff33                 MOVAR 0x4c
00000454 ff32                 MOVAR 0x4d
00000455 de4d                 MOVIA 0xb2
00000456 ff31                 MOVAR 0x4e
00000457 fed2                 MOVR 0x2d, 0x0
00000458 ff51                 MOVAR 0x2e
00000459 ff30                 MOVAR 0x4f
0000045a deff                 MOVIA 0x0
0000045b d50a                 LCALL 0x2f5; _sendRGB3=0x2f5
0000045c c36f                 LGOTO 0x490; main.o:_00277_DS_=0x490
0000045d                      main.o:_00264_DS_:
0000045d e0fc                 BCR 0x3, 0x6
0000045e fea6                 MOVR 0x59, 0x0
0000045f dbfe                 XORIA 0x1
00000460 f6fc                 BTRSS 0x3, 0x2
00000461 c36f                 LGOTO 0x490; main.o:_00277_DS_=0x490
00000462 fed2                 MOVR 0x2d, 0x0
00000463 fd50                 CLRR 0x2f
00000464 deb3                 MOVIA 0x4c
00000465 ff33                 MOVAR 0x4c
00000466 de4d                 MOVIA 0xb2
00000467 ff32                 MOVAR 0x4d
00000468 ff31                 MOVAR 0x4e
00000469 fed2                 MOVR 0x2d, 0x0
0000046a ff51                 MOVAR 0x2e
0000046b ff30                 MOVAR 0x4f
0000046c deff                 MOVIA 0x0
0000046d d50a                 LCALL 0x2f5; _sendRGB3=0x2f5
0000046e c36f                 LGOTO 0x490; main.o:_00277_DS_=0x490
0000046f                      main.o:_00271_DS_:
0000046f e0fc                 BCR 0x3, 0x6
00000470 fed4                 MOVR 0x2b, 0x0
00000471 fbd2                 SUBAR 0x2d, 0x0
00000472 f3fc                 BTRSC 0x3, 0x0
00000473 c37b                 LGOTO 0x484; main.o:_00267_DS_=0x484
00000474 fed2                 MOVR 0x2d, 0x0
00000475 fbd3                 SUBAR 0x2c, 0x0
00000476 f3fc                 BTRSC 0x3, 0x0
00000477 c37b                 LGOTO 0x484; main.o:_00267_DS_=0x484
00000478 fed2                 MOVR 0x2d, 0x0
00000479 fd50                 CLRR 0x2f
0000047a de4d                 MOVIA 0xb2
0000047b ff33                 MOVAR 0x4c
0000047c ff32                 MOVAR 0x4d
0000047d ff31                 MOVAR 0x4e
0000047e fed2                 MOVR 0x2d, 0x0
0000047f ff51                 MOVAR 0x2e
00000480 ff30                 MOVAR 0x4f
00000481 deff                 MOVIA 0x0
00000482 d50a                 LCALL 0x2f5; _sendRGB3=0x2f5
00000483 c36f                 LGOTO 0x490; main.o:_00277_DS_=0x490
00000484                      main.o:_00267_DS_:
00000484 e0fc                 BCR 0x3, 0x6
00000485 fed2                 MOVR 0x2d, 0x0
00000486 fd50                 CLRR 0x2f
00000487 deb3                 MOVIA 0x4c
00000488 ff33                 MOVAR 0x4c
00000489 ff32                 MOVAR 0x4d
0000048a ff31                 MOVAR 0x4e
0000048b fed2                 MOVR 0x2d, 0x0
0000048c ff51                 MOVAR 0x2e
0000048d ff30                 MOVAR 0x4f
0000048e deff                 MOVIA 0x0
0000048f d50a                 LCALL 0x2f5; _sendRGB3=0x2f5
00000490                      main.o:_00277_DS_:
00000490 e0fc                 BCR 0x3, 0x6
00000491 e852                 DECRSZ 0x2d, 0x1
00000492 c3de                 LGOTO 0x421; main.o:_00276_DS_=0x421
00000493 ffef                 RET
00000494                      _openCtr:
00000494 e0fc                 BCR 0x3, 0x6
00000495 ff59                 MOVAR 0x26
00000496 d8f8                 SUBIA 0x7
00000497 ff58                 MOVAR 0x27
00000498 def8                 MOVIA 0x7
00000499 fc59                 ADDAR 0x26, 0x1
0000049a def1                 MOVIA 0xe
0000049b ff57                 MOVAR 0x28
0000049c                      main.o:_00250_DS_:
0000049c e0fc                 BCR 0x3, 0x6
0000049d fed8                 MOVR 0x27, 0x0
0000049e edd7                 XORAR 0x28, 0x0
0000049f f6fc                 BTRSS 0x3, 0x2
000004a0 c33c                 LGOTO 0x4c3; main.o:_00248_DS_=0x4c3
000004a1 fea6                 MOVR 0x59, 0x0
000004a2 f6fc                 BTRSS 0x3, 0x2
000004a3 c34e                 LGOTO 0x4b1; main.o:_00233_DS_=0x4b1
000004a4 fed7                 MOVR 0x28, 0x0
000004a5 fd55                 CLRR 0x2a
000004a6 deb3                 MOVIA 0x4c
000004a7 ff33                 MOVAR 0x4c
000004a8 deff                 MOVIA 0x0
000004a9 ff32                 MOVAR 0x4d
000004aa ff31                 MOVAR 0x4e
000004ab fed7                 MOVR 0x28, 0x0
000004ac ff56                 MOVAR 0x29
000004ad ff30                 MOVAR 0x4f
000004ae deff                 MOVIA 0x0
000004af d50a                 LCALL 0x2f5; _sendRGB3=0x2f5
000004b0 c2f4                 LGOTO 0x50b; main.o:_00251_DS_=0x50b
000004b1                      main.o:_00233_DS_:
000004b1 e0fc                 BCR 0x3, 0x6
000004b2 fea6                 MOVR 0x59, 0x0
000004b3 dbfe                 XORIA 0x1
000004b4 f6fc                 BTRSS 0x3, 0x2
000004b5 c2f4                 LGOTO 0x50b; main.o:_00251_DS_=0x50b
000004b6 fed7                 MOVR 0x28, 0x0
000004b7 fd55                 CLRR 0x2a
000004b8 deb3                 MOVIA 0x4c
000004b9 ff33                 MOVAR 0x4c
000004ba ff32                 MOVAR 0x4d
000004bb deff                 MOVIA 0x0
000004bc ff31                 MOVAR 0x4e
000004bd fed7                 MOVR 0x28, 0x0
000004be ff56                 MOVAR 0x29
000004bf ff30                 MOVAR 0x4f
000004c0 deff                 MOVIA 0x0
000004c1 d50a                 LCALL 0x2f5; _sendRGB3=0x2f5
000004c2 c2f4                 LGOTO 0x50b; main.o:_00251_DS_=0x50b
000004c3                      main.o:_00248_DS_:
000004c3 e0fc                 BCR 0x3, 0x6
000004c4 fed9                 MOVR 0x26, 0x0
000004c5 edd7                 XORAR 0x28, 0x0
000004c6 f6fc                 BTRSS 0x3, 0x2
000004c7 c315                 LGOTO 0x4ea; main.o:_00245_DS_=0x4ea
000004c8 fea6                 MOVR 0x59, 0x0
000004c9 f6fc                 BTRSS 0x3, 0x2
000004ca c327                 LGOTO 0x4d8; main.o:_00238_DS_=0x4d8
000004cb fed7                 MOVR 0x28, 0x0
000004cc fd55                 CLRR 0x2a
000004cd deff                 MOVIA 0x0
000004ce ff33                 MOVAR 0x4c
000004cf ff32                 MOVAR 0x4d
000004d0 deb3                 MOVIA 0x4c
000004d1 ff31                 MOVAR 0x4e
000004d2 fed7                 MOVR 0x28, 0x0
000004d3 ff56                 MOVAR 0x29
000004d4 ff30                 MOVAR 0x4f
000004d5 deff                 MOVIA 0x0
000004d6 d50a                 LCALL 0x2f5; _sendRGB3=0x2f5
000004d7 c2f4                 LGOTO 0x50b; main.o:_00251_DS_=0x50b
000004d8                      main.o:_00238_DS_:
000004d8 e0fc                 BCR 0x3, 0x6
000004d9 fea6                 MOVR 0x59, 0x0
000004da dbfe                 XORIA 0x1
000004db f6fc                 BTRSS 0x3, 0x2
000004dc c2f4                 LGOTO 0x50b; main.o:_00251_DS_=0x50b
000004dd fed7                 MOVR 0x28, 0x0
000004de fd55                 CLRR 0x2a
000004df deff                 MOVIA 0x0
000004e0 ff33                 MOVAR 0x4c
000004e1 deb3                 MOVIA 0x4c
000004e2 ff32                 MOVAR 0x4d
000004e3 ff31                 MOVAR 0x4e
000004e4 fed7                 MOVR 0x28, 0x0
000004e5 ff56                 MOVAR 0x29
000004e6 ff30                 MOVAR 0x4f
000004e7 deff                 MOVIA 0x0
000004e8 d50a                 LCALL 0x2f5; _sendRGB3=0x2f5
000004e9 c2f4                 LGOTO 0x50b; main.o:_00251_DS_=0x50b
000004ea                      main.o:_00245_DS_:
000004ea e0fc                 BCR 0x3, 0x6
000004eb fed9                 MOVR 0x26, 0x0
000004ec fbd7                 SUBAR 0x28, 0x0
000004ed f3fc                 BTRSC 0x3, 0x0
000004ee c300                 LGOTO 0x4ff; main.o:_00241_DS_=0x4ff
000004ef fed7                 MOVR 0x28, 0x0
000004f0 fbd8                 SUBAR 0x27, 0x0
000004f1 f3fc                 BTRSC 0x3, 0x0
000004f2 c300                 LGOTO 0x4ff; main.o:_00241_DS_=0x4ff
000004f3 fed7                 MOVR 0x28, 0x0
000004f4 fd55                 CLRR 0x2a
000004f5 deb3                 MOVIA 0x4c
000004f6 ff33                 MOVAR 0x4c
000004f7 ff32                 MOVAR 0x4d
000004f8 ff31                 MOVAR 0x4e
000004f9 fed7                 MOVR 0x28, 0x0
000004fa ff56                 MOVAR 0x29
000004fb ff30                 MOVAR 0x4f
000004fc deff                 MOVIA 0x0
000004fd d50a                 LCALL 0x2f5; _sendRGB3=0x2f5
000004fe c2f4                 LGOTO 0x50b; main.o:_00251_DS_=0x50b
000004ff                      main.o:_00241_DS_:
000004ff e0fc                 BCR 0x3, 0x6
00000500 fed7                 MOVR 0x28, 0x0
00000501 fd55                 CLRR 0x2a
00000502 deff                 MOVIA 0x0
00000503 ff33                 MOVAR 0x4c
00000504 ff32                 MOVAR 0x4d
00000505 ff31                 MOVAR 0x4e
00000506 fed7                 MOVR 0x28, 0x0
00000507 ff56                 MOVAR 0x29
00000508 ff30                 MOVAR 0x4f
00000509 deff                 MOVIA 0x0
0000050a d50a                 LCALL 0x2f5; _sendRGB3=0x2f5
0000050b                      main.o:_00251_DS_:
0000050b e0fc                 BCR 0x3, 0x6
0000050c e857                 DECRSZ 0x28, 0x1
0000050d c363                 LGOTO 0x49c; main.o:_00250_DS_=0x49c
0000050e ffef                 RET
0000050f                      _setColor:
0000050f e0fc                 BCR 0x3, 0x6
00000510 ff5d                 MOVAR 0x22
00000511 feb0                 MOVR 0x4f, 0x0
00000512 ff5c                 MOVAR 0x23
00000513 feb1                 MOVR 0x4e, 0x0
00000514 ff5b                 MOVAR 0x24
00000515 decc                 MOVIA 0x33
00000516 fba0                 SUBAR 0x5f, 0x0
00000517 f7fc                 BTRSS 0x3, 0x0
00000518 c2c5                 LGOTO 0x53a; main.o:_00220_DS_=0x53a
00000519 fedd                 MOVR 0x22, 0x0
0000051a f6fc                 BTRSS 0x3, 0x2
0000051b c2dd                 LGOTO 0x522; main.o:_00219_DS_=0x522
0000051c fedc                 MOVR 0x23, 0x0
0000051d f6fc                 BTRSS 0x3, 0x2
0000051e c2dd                 LGOTO 0x522; main.o:_00219_DS_=0x522
0000051f fedb                 MOVR 0x24, 0x0
00000520 f2fc                 BTRSC 0x3, 0x2
00000521 c2c5                 LGOTO 0x53a; main.o:_00220_DS_=0x53a
00000522                      main.o:_00219_DS_:
00000522 e0fc                 BCR 0x3, 0x6
00000523 fedb                 MOVR 0x24, 0x0
00000524 ff31                 MOVAR 0x4e
00000525 fedc                 MOVR 0x23, 0x0
00000526 ff30                 MOVAR 0x4f
00000527 fedd                 MOVR 0x22, 0x0
00000528 d633                 LCALL 0x1cc; _sendRGB2=0x1cc
00000529 def3                 MOVIA 0xc
0000052a e0fc                 BCR 0x3, 0x6
0000052b ff5a                 MOVAR 0x25
0000052c                      main.o:_00213_DS_:
0000052c deff                 MOVIA 0x0
0000052d ff31                 MOVAR 0x4e
0000052e ff30                 MOVAR 0x4f
0000052f d75c                 LCALL 0xa3; _sendRGB=0xa3
00000530 e0fc                 BCR 0x3, 0x6
00000531 e85a                 DECRSZ 0x25, 0x1
00000532 c2d3                 LGOTO 0x52c; main.o:_00213_DS_=0x52c
00000533 fedb                 MOVR 0x24, 0x0
00000534 ff31                 MOVAR 0x4e
00000535 fedc                 MOVR 0x23, 0x0
00000536 ff30                 MOVAR 0x4f
00000537 fedd                 MOVR 0x22, 0x0
00000538 d633                 LCALL 0x1cc; _sendRGB2=0x1cc
00000539 c2ab                 LGOTO 0x554; main.o:_00225_DS_=0x554
0000053a                      main.o:_00220_DS_:
0000053a e0fc                 BCR 0x3, 0x6
0000053b fedb                 MOVR 0x24, 0x0
0000053c ff31                 MOVAR 0x4e
0000053d fedc                 MOVR 0x23, 0x0
0000053e ff30                 MOVAR 0x4f
0000053f fedd                 MOVR 0x22, 0x0
00000540 d633                 LCALL 0x1cc; _sendRGB2=0x1cc
00000541 def3                 MOVIA 0xc
00000542 e0fc                 BCR 0x3, 0x6
00000543 ff5a                 MOVAR 0x25
00000544                      main.o:_00216_DS_:
00000544 e0fc                 BCR 0x3, 0x6
00000545 fedb                 MOVR 0x24, 0x0
00000546 ff31                 MOVAR 0x4e
00000547 fedc                 MOVR 0x23, 0x0
00000548 ff30                 MOVAR 0x4f
00000549 fedd                 MOVR 0x22, 0x0
0000054a d75c                 LCALL 0xa3; _sendRGB=0xa3
0000054b e0fc                 BCR 0x3, 0x6
0000054c e85a                 DECRSZ 0x25, 0x1
0000054d c2bb                 LGOTO 0x544; main.o:_00216_DS_=0x544
0000054e fedb                 MOVR 0x24, 0x0
0000054f ff31                 MOVAR 0x4e
00000550 fedc                 MOVR 0x23, 0x0
00000551 ff30                 MOVAR 0x4f
00000552 fedd                 MOVR 0x22, 0x0
00000553 d633                 LCALL 0x1cc; _sendRGB2=0x1cc
00000554                      main.o:_00225_DS_:
00000554 ffef                 RET
00000555                      _initTimer0:
00000555 e0fc                 BCR 0x3, 0x6
00000556 fd7a                 CLRR 0x5
00000557 de4f                 MOVIA 0xb0
00000558 fffa                 IOST 0x5
00000559 de20                 MOVIA 0xdf
0000055a fff6                 IOST 0x9
0000055b de08                 MOVIA 0xf7
0000055c ff74                 MOVAR 0xb
0000055d fd7a                 CLRR 0x5
0000055e de77                 MOVIA 0x88
0000055f ff77                 MOVAR 0x8
00000560 defe                 MOVIA 0x1
00000561 ff71                 MOVAR 0xe
00000562 fd70                 CLRR 0xf
00000563 fdff                 CLRA
00000564 fff0                 IOST 0xf
00000565 dec8                 MOVIA 0x37
00000566 ff7e                 MOVAR 0x1
00000567 fdff                 CLRA
00000568 fffc                 T0MD
00000569 defe                 MOVIA 0x1
0000056a fff0                 IOST 0xf
0000056b fffb                 ENI
0000056c ffef                 RET
0000056d                      _xdCtr:
0000056d decc                 MOVIA 0x33
0000056e e0fc                 BCR 0x3, 0x6
0000056f fba1                 SUBAR 0x5e, 0x0
00000570 f7fc                 BTRSS 0x3, 0x0
00000571 c26e                 LGOTO 0x591; main.o:_00202_DS_=0x591
00000572 fa26                 INCR 0x59, 0x1
00000573 defd                 MOVIA 0x2
00000574 fba6                 SUBAR 0x59, 0x0
00000575 f7fc                 BTRSS 0x3, 0x0
00000576 c27c                 LGOTO 0x583; main.o:_00187_DS_=0x583
00000577 fd26                 CLRR 0x59
00000578 def1                 MOVIA 0xe
00000579 fba8                 SUBAR 0x57, 0x0
0000057a f3fc                 BTRSC 0x3, 0x0
0000057b c27f                 LGOTO 0x580; main.o:_00184_DS_=0x580
0000057c fa28                 INCR 0x57, 0x1
0000057d defe                 MOVIA 0x1
0000057e ff25                 MOVAR 0x5a
0000057f c27c                 LGOTO 0x583; main.o:_00187_DS_=0x583
00000580                      main.o:_00184_DS_:
00000580 defd                 MOVIA 0x2
00000581 e0fc                 BCR 0x3, 0x6
00000582 ff25                 MOVAR 0x5a
00000583                      main.o:_00187_DS_:
00000583 def8                 MOVIA 0x7
00000584 e0fc                 BCR 0x3, 0x6
00000585 fba8                 SUBAR 0x57, 0x0
00000586 f3fc                 BTRSC 0x3, 0x0
00000587 c274                 LGOTO 0x58b; main.o:_00189_DS_=0x58b
00000588 fea8                 MOVR 0x57, 0x0
00000589 d36b                 LCALL 0x494; _openCtr=0x494
0000058a c249                 LGOTO 0x5b6; main.o:_00204_DS_=0x5b6
0000058b                      main.o:_00189_DS_:
0000058b de06                 MOVIA 0xf9
0000058c e0fc                 BCR 0x3, 0x6
0000058d fca8                 ADDAR 0x57, 0x0
0000058e ff5e                 MOVAR 0x21
0000058f d3e6                 LCALL 0x419; _openCtr2=0x419
00000590 c249                 LGOTO 0x5b6; main.o:_00204_DS_=0x5b6
00000591                      main.o:_00202_DS_:
00000591 e0fc                 BCR 0x3, 0x6
00000592 fea3                 MOVR 0x5c, 0x0
00000593 dbfe                 XORIA 0x1
00000594 f6fc                 BTRSS 0x3, 0x2
00000595 c266                 LGOTO 0x599; main.o:_00192_DS_=0x599
00000596 def1                 MOVIA 0xe
00000597 ff28                 MOVAR 0x57
00000598 fd23                 CLRR 0x5c
00000599                      main.o:_00192_DS_:
00000599 e0fc                 BCR 0x3, 0x6
0000059a fa26                 INCR 0x59, 0x1
0000059b defd                 MOVIA 0x2
0000059c fba6                 SUBAR 0x59, 0x0
0000059d f7fc                 BTRSS 0x3, 0x0
0000059e c256                 LGOTO 0x5a9; main.o:_00197_DS_=0x5a9
0000059f fd26                 CLRR 0x59
000005a0 fea8                 MOVR 0x57, 0x0
000005a1 f2fc                 BTRSC 0x3, 0x2
000005a2 c258                 LGOTO 0x5a7; main.o:_00194_DS_=0x5a7
000005a3 f928                 DECR 0x57, 0x1
000005a4 defc                 MOVIA 0x3
000005a5 ff25                 MOVAR 0x5a
000005a6 c256                 LGOTO 0x5a9; main.o:_00197_DS_=0x5a9
000005a7                      main.o:_00194_DS_:
000005a7 e0fc                 BCR 0x3, 0x6
000005a8 fd25                 CLRR 0x5a
000005a9                      main.o:_00197_DS_:
000005a9 def7                 MOVIA 0x8
000005aa e0fc                 BCR 0x3, 0x6
000005ab fba8                 SUBAR 0x57, 0x0
000005ac f7fc                 BTRSS 0x3, 0x0
000005ad c24c                 LGOTO 0x5b3; main.o:_00199_DS_=0x5b3
000005ae de06                 MOVIA 0xf9
000005af fca8                 ADDAR 0x57, 0x0
000005b0 ff5e                 MOVAR 0x21
000005b1 d4e4                 LCALL 0x31b; _closeCtr2=0x31b
000005b2 c249                 LGOTO 0x5b6; main.o:_00204_DS_=0x5b6
000005b3                      main.o:_00199_DS_:
000005b3 e0fc                 BCR 0x3, 0x6
000005b4 fea8                 MOVR 0x57, 0x0
000005b5 d469                 LCALL 0x396; _closeCtr=0x396
000005b6                      main.o:_00204_DS_:
000005b6 ffef                 RET
000005b7                      _keyCtr:
000005b7 decc                 MOVIA 0x33
000005b8 e0fc                 BCR 0x3, 0x6
000005b9 fba1                 SUBAR 0x5e, 0x0
000005ba f7fc                 BTRSS 0x3, 0x0
000005bb c221                 LGOTO 0x5de; main.o:_00177_DS_=0x5de
000005bc decc                 MOVIA 0x33
000005bd fba2                 SUBAR 0x5d, 0x0
000005be f7fc                 BTRSS 0x3, 0x0
000005bf c239                 LGOTO 0x5c6; main.o:_00174_DS_=0x5c6
000005c0 de80                 MOVIA 0x7f
000005c1 ff31                 MOVAR 0x4e
000005c2 ff30                 MOVAR 0x4f
000005c3 d2f0                 LCALL 0x50f; _setColor=0x50f
000005c4 defe                 MOVIA 0x1
000005c5 c220                 LGOTO 0x5df; main.o:_00178_DS_=0x5df
000005c6                      main.o:_00174_DS_:
000005c6 decc                 MOVIA 0x33
000005c7 e0fc                 BCR 0x3, 0x6
000005c8 fba0                 SUBAR 0x5f, 0x0
000005c9 f7fc                 BTRSS 0x3, 0x0
000005ca c221                 LGOTO 0x5de; main.o:_00177_DS_=0x5de
000005cb fea7                 MOVR 0x58, 0x0
000005cc f6fc                 BTRSS 0x3, 0x2
000005cd c22c                 LGOTO 0x5d3; main.o:_00169_DS_=0x5d3
000005ce de80                 MOVIA 0x7f
000005cf ff31                 MOVAR 0x4e
000005d0 ff30                 MOVAR 0x4f
000005d1 d2f0                 LCALL 0x50f; _setColor=0x50f
000005d2 c223                 LGOTO 0x5dc; main.o:_00170_DS_=0x5dc
000005d3                      main.o:_00169_DS_:
000005d3 e0fc                 BCR 0x3, 0x6
000005d4 fea7                 MOVR 0x58, 0x0
000005d5 dbfa                 XORIA 0x5
000005d6 f6fc                 BTRSS 0x3, 0x2
000005d7 c223                 LGOTO 0x5dc; main.o:_00170_DS_=0x5dc
000005d8 deff                 MOVIA 0x0
000005d9 ff31                 MOVAR 0x4e
000005da ff30                 MOVAR 0x4f
000005db d2f0                 LCALL 0x50f; _setColor=0x50f
000005dc                      main.o:_00170_DS_:
000005dc defe                 MOVIA 0x1
000005dd c220                 LGOTO 0x5df; main.o:_00178_DS_=0x5df
000005de                      main.o:_00177_DS_:
000005de deff                 MOVIA 0x0
000005df                      main.o:_00178_DS_:
000005df ffef                 RET
000005e0                      _readKey:
000005e0 e0fc                 BCR 0x3, 0x6
000005e1 f5fa                 BTRSS 0x5, 0x4
000005e2 c214                 LGOTO 0x5eb; main.o:_00149_DS_=0x5eb
000005e3 fa21                 INCR 0x5e, 0x1
000005e4 decc                 MOVIA 0x33
000005e5 fba1                 SUBAR 0x5e, 0x0
000005e6 f7fc                 BTRSS 0x3, 0x0
000005e7 c212                 LGOTO 0x5ed; main.o:_00150_DS_=0x5ed
000005e8 decc                 MOVIA 0x33
000005e9 ff21                 MOVAR 0x5e
000005ea c212                 LGOTO 0x5ed; main.o:_00150_DS_=0x5ed
000005eb                      main.o:_00149_DS_:
000005eb e0fc                 BCR 0x3, 0x6
000005ec fd21                 CLRR 0x5e
000005ed                      main.o:_00150_DS_:
000005ed e0fc                 BCR 0x3, 0x6
000005ee f57a                 BTRSS 0x5, 0x5
000005ef c207                 LGOTO 0x5f8; main.o:_00154_DS_=0x5f8
000005f0 fa22                 INCR 0x5d, 0x1
000005f1 decc                 MOVIA 0x33
000005f2 fba2                 SUBAR 0x5d, 0x0
000005f3 f7fc                 BTRSS 0x3, 0x0
000005f4 c205                 LGOTO 0x5fa; main.o:_00155_DS_=0x5fa
000005f5 decc                 MOVIA 0x33
000005f6 ff22                 MOVAR 0x5d
000005f7 c205                 LGOTO 0x5fa; main.o:_00155_DS_=0x5fa
000005f8                      main.o:_00154_DS_:
000005f8 e0fc                 BCR 0x3, 0x6
000005f9 fd22                 CLRR 0x5d
000005fa                      main.o:_00155_DS_:
000005fa e0fc                 BCR 0x3, 0x6
000005fb f47a                 BTRSS 0x5, 0x7
000005fc c1fa                 LGOTO 0x605; main.o:_00159_DS_=0x605
000005fd fa20                 INCR 0x5f, 0x1
000005fe decc                 MOVIA 0x33
000005ff fba0                 SUBAR 0x5f, 0x0
00000600 f7fc                 BTRSS 0x3, 0x0
00000601 c1f8                 LGOTO 0x607; main.o:_00161_DS_=0x607
00000602 decc                 MOVIA 0x33
00000603 ff20                 MOVAR 0x5f
00000604 c1f8                 LGOTO 0x607; main.o:_00161_DS_=0x607
00000605                      main.o:_00159_DS_:
00000605 e0fc                 BCR 0x3, 0x6
00000606 fd20                 CLRR 0x5f
00000607                      main.o:_00161_DS_:
00000607 ffef                 RET
00000608                      ___cinit_load__:
