00000000 c7fe                 LGOTO 0x1; __nyc_ny8_startup=0x1
00000001                      __nyc_ny8_startup:
00000001 d110                 LCALL 0x6ef; ___cinit_load__=0x6ef
00000002 c790                 LGOTO 0x6f; _main=0x6f
00000003                      main.o:_01029_DS_:
00000003 f56f                 BTRSS 0x10, 0x5
00000004 c7fc                 LGOTO 0x3; main.o:_01029_DS_=0x3
00000005 ffef                 RET
00000008 c7f6                 LGOTO 0x9; main.o:__sdcc_interrupt=0x9
00000009                      main.o:__sdcc_interrupt:
00000009 ff3d                 MOVAR 0x42
0000000a eafc                 SWAPR 0x3, 0x0
0000000b fd7c                 CLRR 0x3
0000000c ff3e                 MOVAR 0x41
0000000d fef5                 MOVR 0xa, 0x0
0000000e fd75                 CLRR 0xa
0000000f ff3f                 MOVAR 0x40
00000010 fefb                 MOVR 0x4, 0x0
00000011 e0fc                 BCR 0x3, 0x6
00000012 ff35                 MOVAR 0x4a
00000013 feba                 MOVR 0x45, 0x0
00000014 ff34                 MOVAR 0x4b
00000015 febb                 MOVR 0x44, 0x0
00000016 ff33                 MOVAR 0x4c
00000017 f7f0                 BTRSS 0xf, 0x0
00000018 c7a4                 LGOTO 0x5b; main.o:_00128_DS_=0x5b
00000019 dec8                 MOVIA 0x37
0000001a fc7e                 ADDAR 0x1, 0x1
0000001b fa32                 INCR 0x4d, 0x1
0000001c de9b                 MOVIA 0x64
0000001d fbb2                 SUBAR 0x4d, 0x0
0000001e f7fc                 BTRSS 0x3, 0x0
0000001f c7a4                 LGOTO 0x5b; main.o:_00128_DS_=0x5b
00000020 defe                 MOVIA 0x1
00000021 ff17                 MOVAR 0x68
00000022 fd32                 CLRR 0x4d
00000023 feaf                 MOVR 0x50, 0x0
00000024 f2fc                 BTRSC 0x3, 0x2
00000025 c7d6                 LGOTO 0x29; main.o:_00106_DS_=0x29
00000026 fa2d                 INCR 0x52, 0x1
00000027 f2fc                 BTRSC 0x3, 0x2
00000028 fa2c                 INCR 0x53, 0x1
00000029                      main.o:_00106_DS_:
00000029 e0fc                 BCR 0x3, 0x6
0000002a fa31                 INCR 0x4e, 0x1
0000002b dec3                 MOVIA 0x3c
0000002c fbb1                 SUBAR 0x4e, 0x0
0000002d f3fc                 BTRSC 0x3, 0x0
0000002e fd31                 CLRR 0x4e
0000002f fa25                 INCR 0x5a, 0x1
00000030 deeb                 MOVIA 0x14
00000031 fba5                 SUBAR 0x5a, 0x0
00000032 f7fc                 BTRSS 0x3, 0x0
00000033 c7c7                 LGOTO 0x38; main.o:_00112_DS_=0x38
00000034 fd25                 CLRR 0x5a
00000035 fe92                 MOVR 0x6d, 0x0
00000036 f6fc                 BTRSS 0x3, 0x2
00000037 f912                 DECR 0x6d, 0x1
00000038                      main.o:_00112_DS_:
00000038 e0fc                 BCR 0x3, 0x6
00000039 fa24                 INCR 0x5b, 0x1
0000003a de9b                 MOVIA 0x64
0000003b fba4                 SUBAR 0x5b, 0x0
0000003c f7fc                 BTRSS 0x3, 0x0
0000003d c7a4                 LGOTO 0x5b; main.o:_00128_DS_=0x5b
0000003e fd24                 CLRR 0x5b
0000003f fe96                 MOVR 0x69, 0x0
00000040 dbfe                 XORIA 0x1
00000041 f6fc                 BTRSS 0x3, 0x2
00000042 c7b5                 LGOTO 0x4a; main.o:_00114_DS_=0x4a
00000043 feaa                 MOVR 0x55, 0x0
00000044 dbf7                 XORIA 0x8
00000045 f6fc                 BTRSS 0x3, 0x2
00000046 c7b5                 LGOTO 0x4a; main.o:_00114_DS_=0x4a
00000047 fa29                 INCR 0x56, 0x1
00000048 f2fc                 BTRSC 0x3, 0x2
00000049 fa28                 INCR 0x57, 0x1
0000004a                      main.o:_00114_DS_:
0000004a e0fc                 BCR 0x3, 0x6
0000004b fe9f                 MOVR 0x60, 0x0
0000004c f6fc                 BTRSS 0x3, 0x2
0000004d f91f                 DECR 0x60, 0x1
0000004e fe9c                 MOVR 0x63, 0x0
0000004f f6fc                 BTRSS 0x3, 0x2
00000050 f91c                 DECR 0x63, 0x1
00000051                      ___cinit_size__:
00000051 feaf                 MOVR 0x50, 0x0
00000052 f2fc                 BTRSC 0x3, 0x2
00000053 c7a7                 LGOTO 0x58; main.o:_00121_DS_=0x58
00000054 fa23                 INCR 0x5c, 0x1
00000055 f2fc                 BTRSC 0x3, 0x2
00000056 fa22                 INCR 0x5d, 0x1
00000057 c7a4                 LGOTO 0x5b; main.o:_00128_DS_=0x5b
00000058                      main.o:_00121_DS_:
00000058 e0fc                 BCR 0x3, 0x6
00000059 fd23                 CLRR 0x5c
0000005a fd22                 CLRR 0x5d
0000005b                      main.o:_00128_DS_:
0000005b f770                 BTRSS 0xf, 0x1
0000005c c7a0                 LGOTO 0x5f; main.o:_00130_DS_=0x5f
0000005d de02                 MOVIA 0xfd
0000005e ff70                 MOVAR 0xf
0000005f                      main.o:_00130_DS_:
0000005f fd70                 CLRR 0xf
00000060 e0fc                 BCR 0x3, 0x6
00000061 feb3                 MOVR 0x4c, 0x0
00000062 ff3b                 MOVAR 0x44
00000063 feb4                 MOVR 0x4b, 0x0
00000064 ff3a                 MOVAR 0x45
00000065 feb5                 MOVR 0x4a, 0x0
00000066 ff7b                 MOVAR 0x4
00000067 febf                 MOVR 0x40, 0x0
00000068 ff75                 MOVAR 0xa
00000069 fd7c                 CLRR 0x3
0000006a eabe                 SWAPR 0x41, 0x0
0000006b ff7c                 MOVAR 0x3
0000006c ea3d                 SWAPR 0x42, 0x1
0000006d eabd                 SWAPR 0x42, 0x0
0000006e                      main.o:END_OF_INTERRUPT:
0000006e ffee                 RETIE
0000006f                      _main:
0000006f d1c1                 LCALL 0x63e; _initSys=0x63e
00000070 d3a2                 LCALL 0x45d; _initAD=0x45d
00000071                      main.o:_00166_DS_:
00000071 fffd                 CLRWDT
00000072 d1f9                 LCALL 0x606; _ledShow=0x606
00000073 e0fc                 BCR 0x3, 0x6
00000074 fe97                 MOVR 0x68, 0x0
00000075 f2fc                 BTRSC 0x3, 0x2
00000076 c78e                 LGOTO 0x71; main.o:_00166_DS_=0x71
00000077 fd17                 CLRR 0x68
00000078 fe96                 MOVR 0x69, 0x0
00000079 f2fc                 BTRSC 0x3, 0x2
0000007a d19d                 LCALL 0x662; _keyCtr=0x662
0000007b defa                 MOVIA 0x5
0000007c e0fc                 BCR 0x3, 0x6
0000007d fba5                 SUBAR 0x5a, 0x0
0000007e f3fc                 BTRSC 0x3, 0x0
0000007f c77d                 LGOTO 0x82; main.o:_00143_DS_=0x82
00000080 d5b8                 LCALL 0x247; _checkBatAD=0x247
00000081 c774                 LGOTO 0x8b; main.o:_00144_DS_=0x8b
00000082                      main.o:_00143_DS_:
00000082 def6                 MOVIA 0x9
00000083 e0fc                 BCR 0x3, 0x6
00000084 fba5                 SUBAR 0x5a, 0x0
00000085 f7fc                 BTRSS 0x3, 0x0
00000086 c774                 LGOTO 0x8b; main.o:_00144_DS_=0x8b
00000087 def4                 MOVIA 0xb
00000088 fba5                 SUBAR 0x5a, 0x0
00000089 f7fc                 BTRSS 0x3, 0x0
0000008a d6d0                 LCALL 0x12f; _checkOutA=0x12f
0000008b                      main.o:_00144_DS_:
0000008b d38b                 LCALL 0x474; _chrgCtr=0x474
0000008c e0fc                 BCR 0x3, 0x6
0000008d feaf                 MOVR 0x50, 0x0
0000008e f2fc                 BTRSC 0x3, 0x2
0000008f c767                 LGOTO 0x98; main.o:_00146_DS_=0x98
00000090 fe9e                 MOVR 0x61, 0x0
00000091 fbab                 SUBAR 0x54, 0x0
00000092 f3fc                 BTRSC 0x3, 0x0
00000093 c767                 LGOTO 0x98; main.o:_00146_DS_=0x98
00000094 de09                 MOVIA 0xf6
00000095 fc1e                 ADDAR 0x61, 0x1
00000096 fe9e                 MOVR 0x61, 0x0
00000097 ffb3                 SFUN 0xc
00000098                      main.o:_00146_DS_:
00000098 defa                 MOVIA 0x5
00000099 e0fc                 BCR 0x3, 0x6
0000009a fba0                 SUBAR 0x5f, 0x0
0000009b f7fc                 BTRSS 0x3, 0x0
0000009c c74c                 LGOTO 0xb3; main.o:_00151_DS_=0xb3
0000009d feaf                 MOVR 0x50, 0x0
0000009e f2fc                 BTRSC 0x3, 0x2
0000009f c74c                 LGOTO 0xb3; main.o:_00151_DS_=0xb3
000000a0 fa14                 INCR 0x6b, 0x1
000000a1 f2fc                 BTRSC 0x3, 0x2
000000a2 fa13                 INCR 0x6c, 0x1
000000a3 defe                 MOVIA 0x1
000000a4 fb93                 SUBAR 0x6c, 0x0
000000a5 f6fc                 BTRSS 0x3, 0x2
000000a6 c756                 LGOTO 0xa9; main.o:_00232_DS_=0xa9
000000a7 de0a                 MOVIA 0xf5
000000a8 fb94                 SUBAR 0x6b, 0x0
000000a9                      main.o:_00232_DS_:
000000a9 f7fc                 BTRSS 0x3, 0x0
000000aa c749                 LGOTO 0xb6; main.o:_00152_DS_=0xb6
000000ab e0fc                 BCR 0x3, 0x6
000000ac fd20                 CLRR 0x5f
000000ad fd14                 CLRR 0x6b
000000ae fd13                 CLRR 0x6c
000000af dee6                 MOVIA 0x19
000000b0 ff12                 MOVAR 0x6d
000000b1 d1a3                 LCALL 0x65c; _powerOff=0x65c
000000b2 c749                 LGOTO 0xb6; main.o:_00152_DS_=0xb6
000000b3                      main.o:_00151_DS_:
000000b3 e0fc                 BCR 0x3, 0x6
000000b4 fd14                 CLRR 0x6b
000000b5 fd13                 CLRR 0x6c
000000b6                      main.o:_00152_DS_:
000000b6 e0fc                 BCR 0x3, 0x6
000000b7 feaf                 MOVR 0x50, 0x0
000000b8 f6fc                 BTRSS 0x3, 0x2
000000b9 c72a                 LGOTO 0xd5; main.o:_00157_DS_=0xd5
000000ba feb0                 MOVR 0x4f, 0x0
000000bb f6fc                 BTRSS 0x3, 0x2
000000bc c72a                 LGOTO 0xd5; main.o:_00157_DS_=0xd5
000000bd f17a                 BTRSC 0x5, 0x5
000000be c72a                 LGOTO 0xd5; main.o:_00157_DS_=0xd5
000000bf fe9f                 MOVR 0x60, 0x0
000000c0 f6fc                 BTRSS 0x3, 0x2
000000c1 c72a                 LGOTO 0xd5; main.o:_00157_DS_=0xd5
000000c2 fe92                 MOVR 0x6d, 0x0
000000c3 f6fc                 BTRSS 0x3, 0x2
000000c4 c72a                 LGOTO 0xd5; main.o:_00157_DS_=0xd5
000000c5 fe90                 MOVR 0x6f, 0x0
000000c6 ee8f                 IORAR 0x70, 0x0
000000c7 f6fc                 BTRSS 0x3, 0x2
000000c8 c72a                 LGOTO 0xd5; main.o:_00157_DS_=0xd5
000000c9 fa27                 INCR 0x58, 0x1
000000ca f2fc                 BTRSC 0x3, 0x2
000000cb fa26                 INCR 0x59, 0x1
000000cc deff                 MOVIA 0x0
000000cd fba6                 SUBAR 0x59, 0x0
000000ce f6fc                 BTRSS 0x3, 0x2
000000cf c72d                 LGOTO 0xd2; main.o:_00233_DS_=0xd2
000000d0 dee0                 MOVIA 0x1f
000000d1 fba7                 SUBAR 0x58, 0x0
000000d2                      main.o:_00233_DS_:
000000d2 f7fc                 BTRSS 0x3, 0x0
000000d3 c72a                 LGOTO 0xd5; main.o:_00157_DS_=0xd5
000000d4 d2c7                 LCALL 0x538; _gotoSleep=0x538
000000d5                      main.o:_00157_DS_:
000000d5 defc                 MOVIA 0x3
000000d6 e0fc                 BCR 0x3, 0x6
000000d7 fba2                 SUBAR 0x5d, 0x0
000000d8 f6fc                 BTRSS 0x3, 0x2
000000d9 c723                 LGOTO 0xdc; main.o:_00234_DS_=0xdc
000000da de7b                 MOVIA 0x84
000000db fba3                 SUBAR 0x5c, 0x0
000000dc                      main.o:_00234_DS_:
000000dc f7fc                 BTRSS 0x3, 0x0
000000dd c78e                 LGOTO 0x71; main.o:_00166_DS_=0x71
000000de d1a3                 LCALL 0x65c; _powerOff=0x65c
000000df c78e                 LGOTO 0x71; main.o:_00166_DS_=0x71
000000e0 ffef                 RET
000000e1                      _F_AIN3_Convert:
000000e1 e0fc                 BCR 0x3, 0x6
000000e2 ff39                 MOVAR 0x46
000000e3 fd5a                 CLRR 0x25
000000e4 fd5c                 CLRR 0x23
000000e5 fd5b                 CLRR 0x24
000000e6 de6c                 MOVIA 0x93
000000e7 ff6f                 MOVAR 0x10
000000e8 de37                 MOVIA 0xc8
000000e9 d397                 LCALL 0x468; _delay=0x468
000000ea defe                 MOVIA 0x1
000000eb e0fc                 BCR 0x3, 0x6
000000ec ff38                 MOVAR 0x47
000000ed                      main.o:_01013_DS_:
000000ed e0fc                 BCR 0x3, 0x6
000000ee feb8                 MOVR 0x47, 0x0
000000ef fbb9                 SUBAR 0x46, 0x0
000000f0 f7fc                 BTRSS 0x3, 0x0
000000f1 c6f8                 LGOTO 0x107; main.o:_01015_DS_=0x107
000000f2 e4ef                 BSR 0x10, 0x6
000000f3 d7fc                 LCALL 0x3; main.o:_01029_DS_=0x3
000000f4 def0                 MOVIA 0xf
000000f5 efee                 ANDAR 0x11, 0x0
000000f6 e0fc                 BCR 0x3, 0x6
000000f7 fc5a                 ADDAR 0x25, 0x1
000000f8 feed                 MOVR 0x12, 0x0
000000f9 ff37                 MOVAR 0x48
000000fa deff                 MOVIA 0x0
000000fb ff36                 MOVAR 0x49
000000fc feb7                 MOVR 0x48, 0x0
000000fd fc5c                 ADDAR 0x23, 0x1
000000fe feb6                 MOVR 0x49, 0x0
000000ff f3fc                 BTRSC 0x3, 0x0
00000100 fab6                 INCR 0x49, 0x0
00000101 f2fc                 BTRSC 0x3, 0x2
00000102 c6fb                 LGOTO 0x104; main.o:_00002_DS_=0x104
00000103 fc5b                 ADDAR 0x24, 0x1
00000104                      main.o:_00002_DS_:
00000104 e0fc                 BCR 0x3, 0x6
00000105 fa38                 INCR 0x47, 0x1
00000106 c712                 LGOTO 0xed; main.o:_01013_DS_=0xed
00000107                      main.o:_01015_DS_:
00000107 ffef                 RET
00000108                      _F_AIN4_Convert:
00000108 e0fc                 BCR 0x3, 0x6
00000109 ff43                 MOVAR 0x3c
0000010a fd5d                 CLRR 0x22
0000010b fd5f                 CLRR 0x20
0000010c fd5e                 CLRR 0x21
0000010d de6b                 MOVIA 0x94
0000010e ff6f                 MOVAR 0x10
0000010f de37                 MOVIA 0xc8
00000110 d397                 LCALL 0x468; _delay=0x468
00000111 defe                 MOVIA 0x1
00000112 e0fc                 BCR 0x3, 0x6
00000113 ff42                 MOVAR 0x3d
00000114                      main.o:_01004_DS_:
00000114 e0fc                 BCR 0x3, 0x6
00000115 fec2                 MOVR 0x3d, 0x0
00000116 fbc3                 SUBAR 0x3c, 0x0
00000117 f7fc                 BTRSS 0x3, 0x0
00000118 c6d1                 LGOTO 0x12e; main.o:_01006_DS_=0x12e
00000119 e4ef                 BSR 0x10, 0x6
0000011a d7fc                 LCALL 0x3; main.o:_01029_DS_=0x3
0000011b def0                 MOVIA 0xf
0000011c efee                 ANDAR 0x11, 0x0
0000011d e0fc                 BCR 0x3, 0x6
0000011e fc5d                 ADDAR 0x22, 0x1
0000011f feed                 MOVR 0x12, 0x0
00000120 ff41                 MOVAR 0x3e
00000121 deff                 MOVIA 0x0
00000122 ff40                 MOVAR 0x3f
00000123 fec1                 MOVR 0x3e, 0x0
00000124 fc5f                 ADDAR 0x20, 0x1
00000125 fec0                 MOVR 0x3f, 0x0
00000126 f3fc                 BTRSC 0x3, 0x0
00000127 fac0                 INCR 0x3f, 0x0
00000128 f2fc                 BTRSC 0x3, 0x2
00000129 c6d4                 LGOTO 0x12b; main.o:_00003_DS_=0x12b
0000012a fc5e                 ADDAR 0x21, 0x1
0000012b                      main.o:_00003_DS_:
0000012b e0fc                 BCR 0x3, 0x6
0000012c fa42                 INCR 0x3d, 0x1
0000012d c6eb                 LGOTO 0x114; main.o:_01004_DS_=0x114
0000012e                      main.o:_01006_DS_:
0000012e ffef                 RET
0000012f                      _checkOutA:
0000012f e0fc                 BCR 0x3, 0x6
00000130 fd5a                 CLRR 0x25
00000131 fd5c                 CLRR 0x23
00000132 fd5b                 CLRR 0x24
00000133 def7                 MOVIA 0x8
00000134 d71e                 LCALL 0xe1; _F_AIN3_Convert=0xe1
00000135 e0fc                 BCR 0x3, 0x6
00000136 eadb                 SWAPR 0x24, 0x0
00000137 dd0f                 ANDIA 0xf0
00000138 ff5b                 MOVAR 0x24
00000139 eadc                 SWAPR 0x23, 0x0
0000013a ff5c                 MOVAR 0x23
0000013b ddf0                 ANDIA 0xf
0000013c ee5b                 IORAR 0x24, 0x1
0000013d ed5c                 XORAR 0x23, 0x1
0000013e de0f                 MOVIA 0xf0
0000013f ef5a                 ANDAR 0x25, 0x1
00000140 feda                 MOVR 0x25, 0x0
00000141 ff45                 MOVAR 0x3a
00000142 deff                 MOVIA 0x0
00000143 ff44                 MOVAR 0x3b
00000144 fec5                 MOVR 0x3a, 0x0
00000145 fc5c                 ADDAR 0x23, 0x1
00000146 fec4                 MOVR 0x3b, 0x0
00000147 f3fc                 BTRSC 0x3, 0x0
00000148 fac4                 INCR 0x3b, 0x0
00000149 f2fc                 BTRSC 0x3, 0x2
0000014a c6b3                 LGOTO 0x14c; main.o:_00004_DS_=0x14c
0000014b fc5b                 ADDAR 0x24, 0x1
0000014c                      main.o:_00004_DS_:
0000014c e3fc                 BCR 0x3, 0x0
0000014d e0fc                 BCR 0x3, 0x6
0000014e ec5b                 RRR 0x24, 0x1
0000014f ec5c                 RRR 0x23, 0x1
00000150 e3fc                 BCR 0x3, 0x0
00000151 ec5b                 RRR 0x24, 0x1
00000152 ec5c                 RRR 0x23, 0x1
00000153 e3fc                 BCR 0x3, 0x0
00000154 ec5b                 RRR 0x24, 0x1
00000155 ec5c                 RRR 0x23, 0x1
00000156 fe8c                 MOVR 0x73, 0x0
00000157 f2fc                 BTRSC 0x3, 0x2
00000158 c6a2                 LGOTO 0x15d; main.o:_00828_DS_=0x15d
00000159 ded2                 MOVIA 0x2d
0000015a ff5c                 MOVAR 0x23
0000015b defe                 MOVIA 0x1
0000015c ff5b                 MOVAR 0x24
0000015d                      main.o:_00828_DS_:
0000015d def6                 MOVIA 0x9
0000015e e0fc                 BCR 0x3, 0x6
0000015f fbaf                 SUBAR 0x50, 0x0
00000160 f3fc                 BTRSC 0x3, 0x0
00000161 c68a                 LGOTO 0x175; main.o:_00891_DS_=0x175
00000162 deff                 MOVIA 0x0
00000163 fbdb                 SUBAR 0x24, 0x0
00000164 f6fc                 BTRSS 0x3, 0x2
00000165 c697                 LGOTO 0x168; main.o:_00984_DS_=0x168
00000166 de36                 MOVIA 0xc9
00000167 fbdc                 SUBAR 0x23, 0x0
00000168                      main.o:_00984_DS_:
00000168 f7fc                 BTRSS 0x3, 0x0
00000169 c68a                 LGOTO 0x175; main.o:_00891_DS_=0x175
0000016a e0fc                 BCR 0x3, 0x6
0000016b fa20                 INCR 0x5f, 0x1
0000016c def9                 MOVIA 0x6
0000016d fba0                 SUBAR 0x5f, 0x0
0000016e f7fc                 BTRSS 0x3, 0x0
0000016f c5b9                 LGOTO 0x246; main.o:_00894_DS_=0x246
00000170 defa                 MOVIA 0x5
00000171 ff20                 MOVAR 0x5f
00000172 feaf                 MOVR 0x50, 0x0
00000173 ff15                 MOVAR 0x6a
00000174 c5b9                 LGOTO 0x246; main.o:_00894_DS_=0x246
00000175                      main.o:_00891_DS_:
00000175 defe                 MOVIA 0x1
00000176 e0fc                 BCR 0x3, 0x6
00000177 fbdb                 SUBAR 0x24, 0x0
00000178 f6fc                 BTRSS 0x3, 0x2
00000179 c683                 LGOTO 0x17c; main.o:_00986_DS_=0x17c
0000017a de6e                 MOVIA 0x91
0000017b fbdc                 SUBAR 0x23, 0x0
0000017c                      main.o:_00986_DS_:
0000017c f7fc                 BTRSS 0x3, 0x0
0000017d c676                 LGOTO 0x189; main.o:_00888_DS_=0x189
0000017e e0fc                 BCR 0x3, 0x6
0000017f fa20                 INCR 0x5f, 0x1
00000180 def9                 MOVIA 0x6
00000181 fba0                 SUBAR 0x5f, 0x0
00000182 f7fc                 BTRSS 0x3, 0x0
00000183 c5b9                 LGOTO 0x246; main.o:_00894_DS_=0x246
00000184 defa                 MOVIA 0x5
00000185 ff20                 MOVAR 0x5f
00000186 feaf                 MOVR 0x50, 0x0
00000187 ff15                 MOVAR 0x6a
00000188 c5b9                 LGOTO 0x246; main.o:_00894_DS_=0x246
00000189                      main.o:_00888_DS_:
00000189 deff                 MOVIA 0x0
0000018a e0fc                 BCR 0x3, 0x6
0000018b fbdb                 SUBAR 0x24, 0x0
0000018c f6fc                 BTRSS 0x3, 0x2
0000018d c66f                 LGOTO 0x190; main.o:_00988_DS_=0x190
0000018e deb3                 MOVIA 0x4c
0000018f fbdc                 SUBAR 0x23, 0x0
00000190                      main.o:_00988_DS_:
00000190 f7fc                 BTRSS 0x3, 0x0
00000191 c619                 LGOTO 0x1e6; main.o:_00885_DS_=0x1e6
00000192 e0fc                 BCR 0x3, 0x6
00000193 fea0                 MOVR 0x5f, 0x0
00000194 f6fc                 BTRSS 0x3, 0x2
00000195 f920                 DECR 0x5f, 0x1
00000196 feaf                 MOVR 0x50, 0x0
00000197 dbfe                 XORIA 0x1
00000198 f6fc                 BTRSS 0x3, 0x2
00000199 c662                 LGOTO 0x19d; main.o:_00858_DS_=0x19d
0000019a deb0                 MOVIA 0x4f
0000019b ff1a                 MOVAR 0x65
0000019c c61d                 LGOTO 0x1e2; main.o:_00859_DS_=0x1e2
0000019d                      main.o:_00858_DS_:
0000019d e0fc                 BCR 0x3, 0x6
0000019e feaf                 MOVR 0x50, 0x0
0000019f dbfd                 XORIA 0x2
000001a0 f6fc                 BTRSS 0x3, 0x2
000001a1 c65a                 LGOTO 0x1a5; main.o:_00855_DS_=0x1a5
000001a2 dead                 MOVIA 0x52
000001a3 ff1a                 MOVAR 0x65
000001a4 c61d                 LGOTO 0x1e2; main.o:_00859_DS_=0x1e2
000001a5                      main.o:_00855_DS_:
000001a5 e0fc                 BCR 0x3, 0x6
000001a6 feaf                 MOVR 0x50, 0x0
000001a7 dbfc                 XORIA 0x3
000001a8 f6fc                 BTRSS 0x3, 0x2
000001a9 c652                 LGOTO 0x1ad; main.o:_00852_DS_=0x1ad
000001aa deaa                 MOVIA 0x55
000001ab ff1a                 MOVAR 0x65
000001ac c61d                 LGOTO 0x1e2; main.o:_00859_DS_=0x1e2
000001ad                      main.o:_00852_DS_:
000001ad e0fc                 BCR 0x3, 0x6
000001ae feaf                 MOVR 0x50, 0x0
000001af dbfb                 XORIA 0x4
000001b0 f6fc                 BTRSS 0x3, 0x2
000001b1 c64a                 LGOTO 0x1b5; main.o:_00849_DS_=0x1b5
000001b2 dea7                 MOVIA 0x58
000001b3 ff1a                 MOVAR 0x65
000001b4 c61d                 LGOTO 0x1e2; main.o:_00859_DS_=0x1e2
000001b5                      main.o:_00849_DS_:
000001b5 e0fc                 BCR 0x3, 0x6
000001b6 feaf                 MOVR 0x50, 0x0
000001b7 dbfa                 XORIA 0x5
000001b8 f6fc                 BTRSS 0x3, 0x2
000001b9 c642                 LGOTO 0x1bd; main.o:_00846_DS_=0x1bd
000001ba dea5                 MOVIA 0x5a
000001bb ff1a                 MOVAR 0x65
000001bc c61d                 LGOTO 0x1e2; main.o:_00859_DS_=0x1e2
000001bd                      main.o:_00846_DS_:
000001bd e0fc                 BCR 0x3, 0x6
000001be feaf                 MOVR 0x50, 0x0
000001bf dbf9                 XORIA 0x6
000001c0 f6fc                 BTRSS 0x3, 0x2
000001c1 c63a                 LGOTO 0x1c5; main.o:_00843_DS_=0x1c5
000001c2 dea2                 MOVIA 0x5d
000001c3 ff1a                 MOVAR 0x65
000001c4 c61d                 LGOTO 0x1e2; main.o:_00859_DS_=0x1e2
000001c5                      main.o:_00843_DS_:
000001c5 e0fc                 BCR 0x3, 0x6
000001c6 feaf                 MOVR 0x50, 0x0
000001c7 dbf8                 XORIA 0x7
000001c8 f6fc                 BTRSS 0x3, 0x2
000001c9 c629                 LGOTO 0x1d6; main.o:_00840_DS_=0x1d6
000001ca deff                 MOVIA 0x0
000001cb fbdb                 SUBAR 0x24, 0x0
000001cc f6fc                 BTRSS 0x3, 0x2
000001cd c62f                 LGOTO 0x1d0; main.o:_00989_DS_=0x1d0
000001ce dea9                 MOVIA 0x56
000001cf fbdc                 SUBAR 0x23, 0x0
000001d0                      main.o:_00989_DS_:
000001d0 f7fc                 BTRSS 0x3, 0x0
000001d1 c61d                 LGOTO 0x1e2; main.o:_00859_DS_=0x1e2
000001d2 de9f                 MOVIA 0x60
000001d3 e0fc                 BCR 0x3, 0x6
000001d4 ff1a                 MOVAR 0x65
000001d5 c61d                 LGOTO 0x1e2; main.o:_00859_DS_=0x1e2
000001d6                      main.o:_00840_DS_:
000001d6 deff                 MOVIA 0x0
000001d7 e0fc                 BCR 0x3, 0x6
000001d8 fbdb                 SUBAR 0x24, 0x0
000001d9 f6fc                 BTRSS 0x3, 0x2
000001da c622                 LGOTO 0x1dd; main.o:_00990_DS_=0x1dd
000001db dea4                 MOVIA 0x5b
000001dc fbdc                 SUBAR 0x23, 0x0
000001dd                      main.o:_00990_DS_:
000001dd f7fc                 BTRSS 0x3, 0x0
000001de c61d                 LGOTO 0x1e2; main.o:_00859_DS_=0x1e2
000001df de9c                 MOVIA 0x63
000001e0 e0fc                 BCR 0x3, 0x6
000001e1 ff1a                 MOVAR 0x65
000001e2                      main.o:_00859_DS_:
000001e2 e0fc                 BCR 0x3, 0x6
000001e3 fe9a                 MOVR 0x65, 0x0
000001e4 ffb3                 SFUN 0xc
000001e5 c5b9                 LGOTO 0x246; main.o:_00894_DS_=0x246
000001e6                      main.o:_00885_DS_:
000001e6 e0fc                 BCR 0x3, 0x6
000001e7 fea0                 MOVR 0x5f, 0x0
000001e8 f6fc                 BTRSS 0x3, 0x2
000001e9 f920                 DECR 0x5f, 0x1
000001ea deff                 MOVIA 0x0
000001eb fbdb                 SUBAR 0x24, 0x0
000001ec f6fc                 BTRSS 0x3, 0x2
000001ed c60f                 LGOTO 0x1f0; main.o:_00991_DS_=0x1f0
000001ee debe                 MOVIA 0x41
000001ef fbdc                 SUBAR 0x23, 0x0
000001f0                      main.o:_00991_DS_:
000001f0 f7fc                 BTRSS 0x3, 0x0
000001f1 c5dc                 LGOTO 0x223; main.o:_00879_DS_=0x223
000001f2 defc                 MOVIA 0x3
000001f3 e0fc                 BCR 0x3, 0x6
000001f4 fbaf                 SUBAR 0x50, 0x0
000001f5 f3fc                 BTRSC 0x3, 0x0
000001f6 c5dc                 LGOTO 0x223; main.o:_00879_DS_=0x223
000001f7 feaf                 MOVR 0x50, 0x0
000001f8 dbfe                 XORIA 0x1
000001f9 f6fc                 BTRSS 0x3, 0x2
000001fa c601                 LGOTO 0x1fe; main.o:_00870_DS_=0x1fe
000001fb deb0                 MOVIA 0x4f
000001fc ff1a                 MOVAR 0x65
000001fd c5e0                 LGOTO 0x21f; main.o:_00871_DS_=0x21f
000001fe                      main.o:_00870_DS_:
000001fe e0fc                 BCR 0x3, 0x6
000001ff feaf                 MOVR 0x50, 0x0
00000200 dbfd                 XORIA 0x2
00000201 f6fc                 BTRSS 0x3, 0x2
00000202 c5f0                 LGOTO 0x20f; main.o:_00866_DS_=0x20f
00000203 deff                 MOVIA 0x0
00000204 fbdb                 SUBAR 0x24, 0x0
00000205 f6fc                 BTRSS 0x3, 0x2
00000206 c5f6                 LGOTO 0x209; main.o:_00993_DS_=0x209
00000207 deba                 MOVIA 0x45
00000208 fbdc                 SUBAR 0x23, 0x0
00000209                      main.o:_00993_DS_:
00000209 f7fc                 BTRSS 0x3, 0x0
0000020a c5f0                 LGOTO 0x20f; main.o:_00866_DS_=0x20f
0000020b dead                 MOVIA 0x52
0000020c e0fc                 BCR 0x3, 0x6
0000020d ff1a                 MOVAR 0x65
0000020e c5e0                 LGOTO 0x21f; main.o:_00871_DS_=0x21f
0000020f                      main.o:_00866_DS_:
0000020f e0fc                 BCR 0x3, 0x6
00000210 feaf                 MOVR 0x50, 0x0
00000211 dbfc                 XORIA 0x3
00000212 f6fc                 BTRSS 0x3, 0x2
00000213 c5e0                 LGOTO 0x21f; main.o:_00871_DS_=0x21f
00000214 deff                 MOVIA 0x0
00000215 fbdb                 SUBAR 0x24, 0x0
00000216 f6fc                 BTRSS 0x3, 0x2
00000217 c5e5                 LGOTO 0x21a; main.o:_00994_DS_=0x21a
00000218 deb8                 MOVIA 0x47
00000219 fbdc                 SUBAR 0x23, 0x0
0000021a                      main.o:_00994_DS_:
0000021a f7fc                 BTRSS 0x3, 0x0
0000021b c5e0                 LGOTO 0x21f; main.o:_00871_DS_=0x21f
0000021c deaa                 MOVIA 0x55
0000021d e0fc                 BCR 0x3, 0x6
0000021e ff1a                 MOVAR 0x65
0000021f                      main.o:_00871_DS_:
0000021f e0fc                 BCR 0x3, 0x6
00000220 fe9a                 MOVR 0x65, 0x0
00000221 ffb3                 SFUN 0xc
00000222 c5bf                 LGOTO 0x240; main.o:_00880_DS_=0x240
00000223                      main.o:_00879_DS_:
00000223 deff                 MOVIA 0x0
00000224 e0fc                 BCR 0x3, 0x6
00000225 fbdb                 SUBAR 0x24, 0x0
00000226 f6fc                 BTRSS 0x3, 0x2
00000227 c5d5                 LGOTO 0x22a; main.o:_00995_DS_=0x22a
00000228 decd                 MOVIA 0x32
00000229 fbdc                 SUBAR 0x23, 0x0
0000022a                      main.o:_00995_DS_:
0000022a f3fc                 BTRSC 0x3, 0x0
0000022b c5cf                 LGOTO 0x230; main.o:_00876_DS_=0x230
0000022c e0fc                 BCR 0x3, 0x6
0000022d feab                 MOVR 0x54, 0x0
0000022e ffb3                 SFUN 0xc
0000022f c5bf                 LGOTO 0x240; main.o:_00880_DS_=0x240
00000230                      main.o:_00876_DS_:
00000230 def8                 MOVIA 0x7
00000231 e0fc                 BCR 0x3, 0x6
00000232 fbaf                 SUBAR 0x50, 0x0
00000233 f7fc                 BTRSS 0x3, 0x0
00000234 c5bf                 LGOTO 0x240; main.o:_00880_DS_=0x240
00000235 deff                 MOVIA 0x0
00000236 fbdb                 SUBAR 0x24, 0x0
00000237 f6fc                 BTRSS 0x3, 0x2
00000238 c5c4                 LGOTO 0x23b; main.o:_00997_DS_=0x23b
00000239 debb                 MOVIA 0x44
0000023a fbdc                 SUBAR 0x23, 0x0
0000023b                      main.o:_00997_DS_:
0000023b f3fc                 BTRSC 0x3, 0x0
0000023c c5bf                 LGOTO 0x240; main.o:_00880_DS_=0x240
0000023d e0fc                 BCR 0x3, 0x6
0000023e feab                 MOVR 0x54, 0x0
0000023f ffb3                 SFUN 0xc
00000240                      main.o:_00880_DS_:
00000240 e0fc                 BCR 0x3, 0x6
00000241 feaf                 MOVR 0x50, 0x0
00000242 f2fc                 BTRSC 0x3, 0x2
00000243 c5b9                 LGOTO 0x246; main.o:_00894_DS_=0x246
00000244 feaf                 MOVR 0x50, 0x0
00000245 ff2e                 MOVAR 0x51
00000246                      main.o:_00894_DS_:
00000246 ffef                 RET
00000247                      _checkBatAD:
00000247 e0fc                 BCR 0x3, 0x6
00000248 fd5d                 CLRR 0x22
00000249 fd5f                 CLRR 0x20
0000024a fd5e                 CLRR 0x21
0000024b def7                 MOVIA 0x8
0000024c d6f7                 LCALL 0x108; _F_AIN4_Convert=0x108
0000024d e0fc                 BCR 0x3, 0x6
0000024e eade                 SWAPR 0x21, 0x0
0000024f dd0f                 ANDIA 0xf0
00000250 ff5e                 MOVAR 0x21
00000251 eadf                 SWAPR 0x20, 0x0
00000252 ff5f                 MOVAR 0x20
00000253 ddf0                 ANDIA 0xf
00000254 ee5e                 IORAR 0x21, 0x1
00000255 ed5f                 XORAR 0x20, 0x1
00000256 de0f                 MOVIA 0xf0
00000257 ef5d                 ANDAR 0x22, 0x1
00000258 fedd                 MOVR 0x22, 0x0
00000259 ff47                 MOVAR 0x38
0000025a deff                 MOVIA 0x0
0000025b ff46                 MOVAR 0x39
0000025c fec7                 MOVR 0x38, 0x0
0000025d fc5f                 ADDAR 0x20, 0x1
0000025e fec6                 MOVR 0x39, 0x0
0000025f f3fc                 BTRSC 0x3, 0x0
00000260 fac6                 INCR 0x39, 0x0
00000261 f2fc                 BTRSC 0x3, 0x2
00000262 c59b                 LGOTO 0x264; main.o:_00005_DS_=0x264
00000263 fc5e                 ADDAR 0x21, 0x1
00000264                      main.o:_00005_DS_:
00000264 e3fc                 BCR 0x3, 0x0
00000265 e0fc                 BCR 0x3, 0x6
00000266 ec5e                 RRR 0x21, 0x1
00000267 ec5f                 RRR 0x20, 0x1
00000268 e3fc                 BCR 0x3, 0x0
00000269 ec5e                 RRR 0x21, 0x1
0000026a ec5f                 RRR 0x20, 0x1
0000026b e3fc                 BCR 0x3, 0x0
0000026c ec5e                 RRR 0x21, 0x1
0000026d ec5f                 RRR 0x20, 0x1
0000026e fe8c                 MOVR 0x73, 0x0
0000026f f2fc                 BTRSC 0x3, 0x2
00000270 c58a                 LGOTO 0x275; main.o:_00514_DS_=0x275
00000271 def1                 MOVIA 0xe
00000272 ff5f                 MOVAR 0x20
00000273 def9                 MOVIA 0x6
00000274 ff5e                 MOVAR 0x21
00000275                      main.o:_00514_DS_:
00000275 def9                 MOVIA 0x6
00000276 e0fc                 BCR 0x3, 0x6
00000277 fbde                 SUBAR 0x21, 0x0
00000278 f6fc                 BTRSS 0x3, 0x2
00000279 c583                 LGOTO 0x27c; main.o:_00785_DS_=0x27c
0000027a def0                 MOVIA 0xf
0000027b fbdf                 SUBAR 0x20, 0x0
0000027c                      main.o:_00785_DS_:
0000027c f7fc                 BTRSS 0x3, 0x0
0000027d c57e                 LGOTO 0x281; main.o:_00526_DS_=0x281
0000027e e0fc                 BCR 0x3, 0x6
0000027f fd19                 CLRR 0x66
00000280 c553                 LGOTO 0x2ac; main.o:_00527_DS_=0x2ac
00000281                      main.o:_00526_DS_:
00000281 defb                 MOVIA 0x4
00000282 e0fc                 BCR 0x3, 0x6
00000283 fbde                 SUBAR 0x21, 0x0
00000284 f6fc                 BTRSS 0x3, 0x2
00000285 c577                 LGOTO 0x288; main.o:_00786_DS_=0x288
00000286 de90                 MOVIA 0x6f
00000287 fbdf                 SUBAR 0x20, 0x0
00000288                      main.o:_00786_DS_:
00000288 f3fc                 BTRSC 0x3, 0x0
00000289 c556                 LGOTO 0x2a9; main.o:_00523_DS_=0x2a9
0000028a e0fc                 BCR 0x3, 0x6
0000028b fa19                 INCR 0x66, 0x1
0000028c def5                 MOVIA 0xa
0000028d fb99                 SUBAR 0x66, 0x0
0000028e f7fc                 BTRSS 0x3, 0x0
0000028f c3a3                 LGOTO 0x45c; main.o:_00630_DS_=0x45c
00000290 def5                 MOVIA 0xa
00000291 ff19                 MOVAR 0x66
00000292 fd2a                 CLRR 0x55
00000293 de90                 MOVIA 0x6f
00000294 ff5f                 MOVAR 0x20
00000295 defb                 MOVIA 0x4
00000296 ff5e                 MOVAR 0x21
00000297 feaf                 MOVR 0x50, 0x0
00000298 f2fc                 BTRSC 0x3, 0x2
00000299 c55e                 LGOTO 0x2a1; main.o:_00518_DS_=0x2a1
0000029a fa1b                 INCR 0x64, 0x1
0000029b fe9b                 MOVR 0x64, 0x0
0000029c dbf5                 XORIA 0xa
0000029d f6fc                 BTRSS 0x3, 0x2
0000029e c55e                 LGOTO 0x2a1; main.o:_00518_DS_=0x2a1
0000029f deef                 MOVIA 0x10
000002a0 ff1c                 MOVAR 0x63
000002a1                      main.o:_00518_DS_:
000002a1 def3                 MOVIA 0xc
000002a2 e0fc                 BCR 0x3, 0x6
000002a3 fb9b                 SUBAR 0x64, 0x0
000002a4 f7fc                 BTRSS 0x3, 0x0
000002a5 c553                 LGOTO 0x2ac; main.o:_00527_DS_=0x2ac
000002a6 def4                 MOVIA 0xb
000002a7 ff1b                 MOVAR 0x64
000002a8 c553                 LGOTO 0x2ac; main.o:_00527_DS_=0x2ac
000002a9                      main.o:_00523_DS_:
000002a9 e0fc                 BCR 0x3, 0x6
000002aa fd19                 CLRR 0x66
000002ab fd1b                 CLRR 0x64
000002ac                      main.o:_00527_DS_:
000002ac de6e                 MOVIA 0x91
000002ad e0fc                 BCR 0x3, 0x6
000002ae fc5f                 ADDAR 0x20, 0x1
000002af de04                 MOVIA 0xfb
000002b0 f3fc                 BTRSC 0x3, 0x0
000002b1 de03                 MOVIA 0xfc
000002b2 fc5e                 ADDAR 0x21, 0x1
000002b3 defe                 MOVIA 0x1
000002b4 fbde                 SUBAR 0x21, 0x0
000002b5 f6fc                 BTRSS 0x3, 0x2
000002b6 c546                 LGOTO 0x2b9; main.o:_00789_DS_=0x2b9
000002b7 de5b                 MOVIA 0xa4
000002b8 fbdf                 SUBAR 0x20, 0x0
000002b9                      main.o:_00789_DS_:
000002b9 f7fc                 BTRSS 0x3, 0x0
000002ba c540                 LGOTO 0x2bf; main.o:_00626_DS_=0x2bf
000002bb def5                 MOVIA 0xa
000002bc e0fc                 BCR 0x3, 0x6
000002bd ff2a                 MOVAR 0x55
000002be c3a9                 LGOTO 0x456; main.o:_00627_DS_=0x456
000002bf                      main.o:_00626_DS_:
000002bf defe                 MOVIA 0x1
000002c0 e0fc                 BCR 0x3, 0x6
000002c1 fbde                 SUBAR 0x21, 0x0
000002c2 f6fc                 BTRSS 0x3, 0x2
000002c3 c539                 LGOTO 0x2c6; main.o:_00790_DS_=0x2c6
000002c4 de65                 MOVIA 0x9a
000002c5 fbdf                 SUBAR 0x20, 0x0
000002c6                      main.o:_00790_DS_:
000002c6 f7fc                 BTRSS 0x3, 0x0
000002c7 c533                 LGOTO 0x2cc; main.o:_00623_DS_=0x2cc
000002c8 def6                 MOVIA 0x9
000002c9 e0fc                 BCR 0x3, 0x6
000002ca ff2a                 MOVAR 0x55
000002cb c3a9                 LGOTO 0x456; main.o:_00627_DS_=0x456
000002cc                      main.o:_00623_DS_:
000002cc defe                 MOVIA 0x1
000002cd e0fc                 BCR 0x3, 0x6
000002ce fbde                 SUBAR 0x21, 0x0
000002cf f6fc                 BTRSS 0x3, 0x2
000002d0 c52c                 LGOTO 0x2d3; main.o:_00791_DS_=0x2d3
000002d1 de73                 MOVIA 0x8c
000002d2 fbdf                 SUBAR 0x20, 0x0
000002d3                      main.o:_00791_DS_:
000002d3 f7fc                 BTRSS 0x3, 0x0
000002d4 c4ea                 LGOTO 0x315; main.o:_00620_DS_=0x315
000002d5 e0fc                 BCR 0x3, 0x6
000002d6 fd1d                 CLRR 0x62
000002d7 def7                 MOVIA 0x8
000002d8 fbaa                 SUBAR 0x55, 0x0
000002d9 f3fc                 BTRSC 0x3, 0x0
000002da c518                 LGOTO 0x2e7; main.o:_00534_DS_=0x2e7
000002db defe                 MOVIA 0x1
000002dc fbde                 SUBAR 0x21, 0x0
000002dd f6fc                 BTRSS 0x3, 0x2
000002de c51e                 LGOTO 0x2e1; main.o:_00793_DS_=0x2e1
000002df de6e                 MOVIA 0x91
000002e0 fbdf                 SUBAR 0x20, 0x0
000002e1                      main.o:_00793_DS_:
000002e1 f7fc                 BTRSS 0x3, 0x0
000002e2 c508                 LGOTO 0x2f7; main.o:_00535_DS_=0x2f7
000002e3 def7                 MOVIA 0x8
000002e4 e0fc                 BCR 0x3, 0x6
000002e5 ff2a                 MOVAR 0x55
000002e6 c508                 LGOTO 0x2f7; main.o:_00535_DS_=0x2f7
000002e7                      main.o:_00534_DS_:
000002e7 e0fc                 BCR 0x3, 0x6
000002e8 fea9                 MOVR 0x56, 0x0
000002e9 eea8                 IORAR 0x57, 0x0
000002ea f6fc                 BTRSS 0x3, 0x2
000002eb c508                 LGOTO 0x2f7; main.o:_00535_DS_=0x2f7
000002ec defe                 MOVIA 0x1
000002ed fbde                 SUBAR 0x21, 0x0
000002ee f6fc                 BTRSS 0x3, 0x2
000002ef c50d                 LGOTO 0x2f2; main.o:_00794_DS_=0x2f2
000002f0 de6a                 MOVIA 0x95
000002f1 fbdf                 SUBAR 0x20, 0x0
000002f2                      main.o:_00794_DS_:
000002f2 f3fc                 BTRSC 0x3, 0x0
000002f3 c508                 LGOTO 0x2f7; main.o:_00535_DS_=0x2f7
000002f4 def7                 MOVIA 0x8
000002f5 e0fc                 BCR 0x3, 0x6
000002f6 ff2a                 MOVAR 0x55
000002f7                      main.o:_00535_DS_:
000002f7 e0fc                 BCR 0x3, 0x6
000002f8 fea9                 MOVR 0x56, 0x0
000002f9 eea8                 IORAR 0x57, 0x0
000002fa f2fc                 BTRSC 0x3, 0x2
000002fb c3a9                 LGOTO 0x456; main.o:_00627_DS_=0x456
000002fc defe                 MOVIA 0x1
000002fd fbde                 SUBAR 0x21, 0x0
000002fe f6fc                 BTRSS 0x3, 0x2
000002ff c4fd                 LGOTO 0x302; main.o:_00795_DS_=0x302
00000300 de68                 MOVIA 0x97
00000301 fbdf                 SUBAR 0x20, 0x0
00000302                      main.o:_00795_DS_:
00000302 f7fc                 BTRSS 0x3, 0x0
00000303 c3a9                 LGOTO 0x456; main.o:_00627_DS_=0x456
00000304 defd                 MOVIA 0x2
00000305 e0fc                 BCR 0x3, 0x6
00000306 fba8                 SUBAR 0x57, 0x0
00000307 f6fc                 BTRSS 0x3, 0x2
00000308 c4f4                 LGOTO 0x30b; main.o:_00796_DS_=0x30b
00000309 dea6                 MOVIA 0x59
0000030a fba9                 SUBAR 0x56, 0x0
0000030b                      main.o:_00796_DS_:
0000030b f7fc                 BTRSS 0x3, 0x0
0000030c c3a9                 LGOTO 0x456; main.o:_00627_DS_=0x456
0000030d dea7                 MOVIA 0x58
0000030e e0fc                 BCR 0x3, 0x6
0000030f ff29                 MOVAR 0x56
00000310 defd                 MOVIA 0x2
00000311 ff28                 MOVAR 0x57
00000312 def6                 MOVIA 0x9
00000313 ff2a                 MOVAR 0x55
00000314 c3a9                 LGOTO 0x456; main.o:_00627_DS_=0x456
00000315                      main.o:_00620_DS_:
00000315 defe                 MOVIA 0x1
00000316 e0fc                 BCR 0x3, 0x6
00000317 fbde                 SUBAR 0x21, 0x0
00000318 f6fc                 BTRSS 0x3, 0x2
00000319 c4e3                 LGOTO 0x31c; main.o:_00797_DS_=0x31c
0000031a de82                 MOVIA 0x7d
0000031b fbdf                 SUBAR 0x20, 0x0
0000031c                      main.o:_00797_DS_:
0000031c f7fc                 BTRSS 0x3, 0x0
0000031d c4b9                 LGOTO 0x346; main.o:_00617_DS_=0x346
0000031e e0fc                 BCR 0x3, 0x6
0000031f feaa                 MOVR 0x55, 0x0
00000320 dbf9                 XORIA 0x6
00000321 f6fc                 BTRSS 0x3, 0x2
00000322 c4d1                 LGOTO 0x32e; main.o:_00543_DS_=0x32e
00000323 defe                 MOVIA 0x1
00000324 fbde                 SUBAR 0x21, 0x0
00000325 f6fc                 BTRSS 0x3, 0x2
00000326 c4d6                 LGOTO 0x329; main.o:_00798_DS_=0x329
00000327 de7d                 MOVIA 0x82
00000328 fbdf                 SUBAR 0x20, 0x0
00000329                      main.o:_00798_DS_:
00000329 f7fc                 BTRSS 0x3, 0x0
0000032a c4d1                 LGOTO 0x32e; main.o:_00543_DS_=0x32e
0000032b def8                 MOVIA 0x7
0000032c e0fc                 BCR 0x3, 0x6
0000032d ff2a                 MOVAR 0x55
0000032e                      main.o:_00543_DS_:
0000032e def7                 MOVIA 0x8
0000032f e0fc                 BCR 0x3, 0x6
00000330 fbaa                 SUBAR 0x55, 0x0
00000331 f7fc                 BTRSS 0x3, 0x0
00000332 c4c0                 LGOTO 0x33f; main.o:_00547_DS_=0x33f
00000333 defe                 MOVIA 0x1
00000334 fbde                 SUBAR 0x21, 0x0
00000335 f6fc                 BTRSS 0x3, 0x2
00000336 c4c6                 LGOTO 0x339; main.o:_00800_DS_=0x339
00000337 de79                 MOVIA 0x86
00000338 fbdf                 SUBAR 0x20, 0x0
00000339                      main.o:_00800_DS_:
00000339 f3fc                 BTRSC 0x3, 0x0
0000033a c4bd                 LGOTO 0x342; main.o:_00548_DS_=0x342
0000033b def8                 MOVIA 0x7
0000033c e0fc                 BCR 0x3, 0x6
0000033d ff2a                 MOVAR 0x55
0000033e c4bd                 LGOTO 0x342; main.o:_00548_DS_=0x342
0000033f                      main.o:_00547_DS_:
0000033f def8                 MOVIA 0x7
00000340 e0fc                 BCR 0x3, 0x6
00000341 ff2a                 MOVAR 0x55
00000342                      main.o:_00548_DS_:
00000342 e0fc                 BCR 0x3, 0x6
00000343 fd29                 CLRR 0x56
00000344 fd28                 CLRR 0x57
00000345 c3a9                 LGOTO 0x456; main.o:_00627_DS_=0x456
00000346                      main.o:_00617_DS_:
00000346 defe                 MOVIA 0x1
00000347 e0fc                 BCR 0x3, 0x6
00000348 fbde                 SUBAR 0x21, 0x0
00000349 f6fc                 BTRSS 0x3, 0x2
0000034a c4b2                 LGOTO 0x34d; main.o:_00801_DS_=0x34d
0000034b dea5                 MOVIA 0x5a
0000034c fbdf                 SUBAR 0x20, 0x0
0000034d                      main.o:_00801_DS_:
0000034d f7fc                 BTRSS 0x3, 0x0
0000034e c488                 LGOTO 0x377; main.o:_00614_DS_=0x377
0000034f e0fc                 BCR 0x3, 0x6
00000350 feaa                 MOVR 0x55, 0x0
00000351 dbfa                 XORIA 0x5
00000352 f6fc                 BTRSS 0x3, 0x2
00000353 c4a0                 LGOTO 0x35f; main.o:_00552_DS_=0x35f
00000354 defe                 MOVIA 0x1
00000355 fbde                 SUBAR 0x21, 0x0
00000356 f6fc                 BTRSS 0x3, 0x2
00000357 c4a5                 LGOTO 0x35a; main.o:_00802_DS_=0x35a
00000358 dea0                 MOVIA 0x5f
00000359 fbdf                 SUBAR 0x20, 0x0
0000035a                      main.o:_00802_DS_:
0000035a f7fc                 BTRSS 0x3, 0x0
0000035b c4a0                 LGOTO 0x35f; main.o:_00552_DS_=0x35f
0000035c def9                 MOVIA 0x6
0000035d e0fc                 BCR 0x3, 0x6
0000035e ff2a                 MOVAR 0x55
0000035f                      main.o:_00552_DS_:
0000035f def8                 MOVIA 0x7
00000360 e0fc                 BCR 0x3, 0x6
00000361 fbaa                 SUBAR 0x55, 0x0
00000362 f7fc                 BTRSS 0x3, 0x0
00000363 c48f                 LGOTO 0x370; main.o:_00556_DS_=0x370
00000364 defe                 MOVIA 0x1
00000365 fbde                 SUBAR 0x21, 0x0
00000366 f6fc                 BTRSS 0x3, 0x2
00000367 c495                 LGOTO 0x36a; main.o:_00804_DS_=0x36a
00000368 de88                 MOVIA 0x77
00000369 fbdf                 SUBAR 0x20, 0x0
0000036a                      main.o:_00804_DS_:
0000036a f3fc                 BTRSC 0x3, 0x0
0000036b c48c                 LGOTO 0x373; main.o:_00557_DS_=0x373
0000036c def9                 MOVIA 0x6
0000036d e0fc                 BCR 0x3, 0x6
0000036e ff2a                 MOVAR 0x55
0000036f c48c                 LGOTO 0x373; main.o:_00557_DS_=0x373
00000370                      main.o:_00556_DS_:
00000370 def9                 MOVIA 0x6
00000371 e0fc                 BCR 0x3, 0x6
00000372 ff2a                 MOVAR 0x55
00000373                      main.o:_00557_DS_:
00000373 e0fc                 BCR 0x3, 0x6
00000374 fd29                 CLRR 0x56
00000375 fd28                 CLRR 0x57
00000376 c3a9                 LGOTO 0x456; main.o:_00627_DS_=0x456
00000377                      main.o:_00614_DS_:
00000377 defe                 MOVIA 0x1
00000378 e0fc                 BCR 0x3, 0x6
00000379 fbde                 SUBAR 0x21, 0x0
0000037a f6fc                 BTRSS 0x3, 0x2
0000037b c481                 LGOTO 0x37e; main.o:_00805_DS_=0x37e
0000037c decd                 MOVIA 0x32
0000037d fbdf                 SUBAR 0x20, 0x0
0000037e                      main.o:_00805_DS_:
0000037e f7fc                 BTRSS 0x3, 0x0
0000037f c457                 LGOTO 0x3a8; main.o:_00611_DS_=0x3a8
00000380 e0fc                 BCR 0x3, 0x6
00000381 feaa                 MOVR 0x55, 0x0
00000382 dbfb                 XORIA 0x4
00000383 f6fc                 BTRSS 0x3, 0x2
00000384 c46f                 LGOTO 0x390; main.o:_00561_DS_=0x390
00000385 defe                 MOVIA 0x1
00000386 fbde                 SUBAR 0x21, 0x0
00000387 f6fc                 BTRSS 0x3, 0x2
00000388 c474                 LGOTO 0x38b; main.o:_00806_DS_=0x38b
00000389 dec8                 MOVIA 0x37
0000038a fbdf                 SUBAR 0x20, 0x0
0000038b                      main.o:_00806_DS_:
0000038b f7fc                 BTRSS 0x3, 0x0
0000038c c46f                 LGOTO 0x390; main.o:_00561_DS_=0x390
0000038d defa                 MOVIA 0x5
0000038e e0fc                 BCR 0x3, 0x6
0000038f ff2a                 MOVAR 0x55
00000390                      main.o:_00561_DS_:
00000390 def9                 MOVIA 0x6
00000391 e0fc                 BCR 0x3, 0x6
00000392 fbaa                 SUBAR 0x55, 0x0
00000393 f7fc                 BTRSS 0x3, 0x0
00000394 c45e                 LGOTO 0x3a1; main.o:_00565_DS_=0x3a1
00000395 defe                 MOVIA 0x1
00000396 fbde                 SUBAR 0x21, 0x0
00000397 f6fc                 BTRSS 0x3, 0x2
00000398 c464                 LGOTO 0x39b; main.o:_00808_DS_=0x39b
00000399 deab                 MOVIA 0x54
0000039a fbdf                 SUBAR 0x20, 0x0
0000039b                      main.o:_00808_DS_:
0000039b f3fc                 BTRSC 0x3, 0x0
0000039c c45b                 LGOTO 0x3a4; main.o:_00566_DS_=0x3a4
0000039d defa                 MOVIA 0x5
0000039e e0fc                 BCR 0x3, 0x6
0000039f ff2a                 MOVAR 0x55
000003a0 c45b                 LGOTO 0x3a4; main.o:_00566_DS_=0x3a4
000003a1                      main.o:_00565_DS_:
000003a1 defa                 MOVIA 0x5
000003a2 e0fc                 BCR 0x3, 0x6
000003a3 ff2a                 MOVAR 0x55
000003a4                      main.o:_00566_DS_:
000003a4 e0fc                 BCR 0x3, 0x6
000003a5 fd29                 CLRR 0x56
000003a6 fd28                 CLRR 0x57
000003a7 c3a9                 LGOTO 0x456; main.o:_00627_DS_=0x456
000003a8                      main.o:_00611_DS_:
000003a8 deff                 MOVIA 0x0
000003a9 e0fc                 BCR 0x3, 0x6
000003aa fbde                 SUBAR 0x21, 0x0
000003ab f6fc                 BTRSS 0x3, 0x2
000003ac c450                 LGOTO 0x3af; main.o:_00809_DS_=0x3af
000003ad de0e                 MOVIA 0xf1
000003ae fbdf                 SUBAR 0x20, 0x0
000003af                      main.o:_00809_DS_:
000003af f7fc                 BTRSS 0x3, 0x0
000003b0 c426                 LGOTO 0x3d9; main.o:_00608_DS_=0x3d9
000003b1 e0fc                 BCR 0x3, 0x6
000003b2 feaa                 MOVR 0x55, 0x0
000003b3 dbfc                 XORIA 0x3
000003b4 f6fc                 BTRSS 0x3, 0x2
000003b5 c43e                 LGOTO 0x3c1; main.o:_00570_DS_=0x3c1
000003b6 deff                 MOVIA 0x0
000003b7 fbde                 SUBAR 0x21, 0x0
000003b8 f6fc                 BTRSS 0x3, 0x2
000003b9 c443                 LGOTO 0x3bc; main.o:_00810_DS_=0x3bc
000003ba de09                 MOVIA 0xf6
000003bb fbdf                 SUBAR 0x20, 0x0
000003bc                      main.o:_00810_DS_:
000003bc f7fc                 BTRSS 0x3, 0x0
000003bd c43e                 LGOTO 0x3c1; main.o:_00570_DS_=0x3c1
000003be defb                 MOVIA 0x4
000003bf e0fc                 BCR 0x3, 0x6
000003c0 ff2a                 MOVAR 0x55
000003c1                      main.o:_00570_DS_:
000003c1 defa                 MOVIA 0x5
000003c2 e0fc                 BCR 0x3, 0x6
000003c3 fbaa                 SUBAR 0x55, 0x0
000003c4 f7fc                 BTRSS 0x3, 0x0
000003c5 c42d                 LGOTO 0x3d2; main.o:_00574_DS_=0x3d2
000003c6 defe                 MOVIA 0x1
000003c7 fbde                 SUBAR 0x21, 0x0
000003c8 f6fc                 BTRSS 0x3, 0x2
000003c9 c433                 LGOTO 0x3cc; main.o:_00812_DS_=0x3cc
000003ca ded3                 MOVIA 0x2c
000003cb fbdf                 SUBAR 0x20, 0x0
000003cc                      main.o:_00812_DS_:
000003cc f3fc                 BTRSC 0x3, 0x0
000003cd c42a                 LGOTO 0x3d5; main.o:_00575_DS_=0x3d5
000003ce defb                 MOVIA 0x4
000003cf e0fc                 BCR 0x3, 0x6
000003d0 ff2a                 MOVAR 0x55
000003d1 c42a                 LGOTO 0x3d5; main.o:_00575_DS_=0x3d5
000003d2                      main.o:_00574_DS_:
000003d2 defb                 MOVIA 0x4
000003d3 e0fc                 BCR 0x3, 0x6
000003d4 ff2a                 MOVAR 0x55
000003d5                      main.o:_00575_DS_:
000003d5 e0fc                 BCR 0x3, 0x6
000003d6 fd29                 CLRR 0x56
000003d7 fd28                 CLRR 0x57
000003d8 c3a9                 LGOTO 0x456; main.o:_00627_DS_=0x456
000003d9                      main.o:_00608_DS_:
000003d9 deff                 MOVIA 0x0
000003da e0fc                 BCR 0x3, 0x6
000003db fbde                 SUBAR 0x21, 0x0
000003dc f6fc                 BTRSS 0x3, 0x2
000003dd c41f                 LGOTO 0x3e0; main.o:_00813_DS_=0x3e0
000003de de36                 MOVIA 0xc9
000003df fbdf                 SUBAR 0x20, 0x0
000003e0                      main.o:_00813_DS_:
000003e0 f7fc                 BTRSS 0x3, 0x0
000003e1 c3f5                 LGOTO 0x40a; main.o:_00605_DS_=0x40a
000003e2 e0fc                 BCR 0x3, 0x6
000003e3 feaa                 MOVR 0x55, 0x0
000003e4 dbfd                 XORIA 0x2
000003e5 f6fc                 BTRSS 0x3, 0x2
000003e6 c40d                 LGOTO 0x3f2; main.o:_00579_DS_=0x3f2
000003e7 deff                 MOVIA 0x0
000003e8 fbde                 SUBAR 0x21, 0x0
000003e9 f6fc                 BTRSS 0x3, 0x2
000003ea c412                 LGOTO 0x3ed; main.o:_00814_DS_=0x3ed
000003eb de2c                 MOVIA 0xd3
000003ec fbdf                 SUBAR 0x20, 0x0
000003ed                      main.o:_00814_DS_:
000003ed f7fc                 BTRSS 0x3, 0x0
000003ee c40d                 LGOTO 0x3f2; main.o:_00579_DS_=0x3f2
000003ef defc                 MOVIA 0x3
000003f0 e0fc                 BCR 0x3, 0x6
000003f1 ff2a                 MOVAR 0x55
000003f2                      main.o:_00579_DS_:
000003f2 defb                 MOVIA 0x4
000003f3 e0fc                 BCR 0x3, 0x6
000003f4 fbaa                 SUBAR 0x55, 0x0
000003f5 f7fc                 BTRSS 0x3, 0x0
000003f6 c3fc                 LGOTO 0x403; main.o:_00583_DS_=0x403
000003f7 deff                 MOVIA 0x0
000003f8 fbde                 SUBAR 0x21, 0x0
000003f9 f6fc                 BTRSS 0x3, 0x2
000003fa c402                 LGOTO 0x3fd; main.o:_00816_DS_=0x3fd
000003fb de14                 MOVIA 0xeb
000003fc fbdf                 SUBAR 0x20, 0x0
000003fd                      main.o:_00816_DS_:
000003fd f3fc                 BTRSC 0x3, 0x0
000003fe c3f9                 LGOTO 0x406; main.o:_00584_DS_=0x406
000003ff defc                 MOVIA 0x3
00000400 e0fc                 BCR 0x3, 0x6
00000401 ff2a                 MOVAR 0x55
00000402 c3f9                 LGOTO 0x406; main.o:_00584_DS_=0x406
00000403                      main.o:_00583_DS_:
00000403 defc                 MOVIA 0x3
00000404 e0fc                 BCR 0x3, 0x6
00000405 ff2a                 MOVAR 0x55
00000406                      main.o:_00584_DS_:
00000406 e0fc                 BCR 0x3, 0x6
00000407 fd29                 CLRR 0x56
00000408 fd28                 CLRR 0x57
00000409 c3a9                 LGOTO 0x456; main.o:_00627_DS_=0x456
0000040a                      main.o:_00605_DS_:
0000040a deff                 MOVIA 0x0
0000040b e0fc                 BCR 0x3, 0x6
0000040c fbde                 SUBAR 0x21, 0x0
0000040d f6fc                 BTRSS 0x3, 0x2
0000040e c3ee                 LGOTO 0x411; main.o:_00817_DS_=0x411
0000040f de9a                 MOVIA 0x65
00000410 fbdf                 SUBAR 0x20, 0x0
00000411                      main.o:_00817_DS_:
00000411 f7fc                 BTRSS 0x3, 0x0
00000412 c3c4                 LGOTO 0x43b; main.o:_00602_DS_=0x43b
00000413 e0fc                 BCR 0x3, 0x6
00000414 feaa                 MOVR 0x55, 0x0
00000415 dbfe                 XORIA 0x1
00000416 f6fc                 BTRSS 0x3, 0x2
00000417 c3dc                 LGOTO 0x423; main.o:_00588_DS_=0x423
00000418 deff                 MOVIA 0x0
00000419 fbde                 SUBAR 0x21, 0x0
0000041a f6fc                 BTRSS 0x3, 0x2
0000041b c3e1                 LGOTO 0x41e; main.o:_00818_DS_=0x41e
0000041c de90                 MOVIA 0x6f
0000041d fbdf                 SUBAR 0x20, 0x0
0000041e                      main.o:_00818_DS_:
0000041e f7fc                 BTRSS 0x3, 0x0
0000041f c3dc                 LGOTO 0x423; main.o:_00588_DS_=0x423
00000420 defd                 MOVIA 0x2
00000421 e0fc                 BCR 0x3, 0x6
00000422 ff2a                 MOVAR 0x55
00000423                      main.o:_00588_DS_:
00000423 defc                 MOVIA 0x3
00000424 e0fc                 BCR 0x3, 0x6
00000425 fbaa                 SUBAR 0x55, 0x0
00000426 f7fc                 BTRSS 0x3, 0x0
00000427 c3cb                 LGOTO 0x434; main.o:_00592_DS_=0x434
00000428 deff                 MOVIA 0x0
00000429 fbde                 SUBAR 0x21, 0x0
0000042a f6fc                 BTRSS 0x3, 0x2
0000042b c3d1                 LGOTO 0x42e; main.o:_00820_DS_=0x42e
0000042c de69                 MOVIA 0x96
0000042d fbdf                 SUBAR 0x20, 0x0
0000042e                      main.o:_00820_DS_:
0000042e f3fc                 BTRSC 0x3, 0x0
0000042f c3c8                 LGOTO 0x437; main.o:_00593_DS_=0x437
00000430 defd                 MOVIA 0x2
00000431 e0fc                 BCR 0x3, 0x6
00000432 ff2a                 MOVAR 0x55
00000433 c3c8                 LGOTO 0x437; main.o:_00593_DS_=0x437
00000434                      main.o:_00592_DS_:
00000434 defd                 MOVIA 0x2
00000435 e0fc                 BCR 0x3, 0x6
00000436 ff2a                 MOVAR 0x55
00000437                      main.o:_00593_DS_:
00000437 e0fc                 BCR 0x3, 0x6
00000438 fd29                 CLRR 0x56
00000439 fd28                 CLRR 0x57
0000043a c3a9                 LGOTO 0x456; main.o:_00627_DS_=0x456
0000043b                      main.o:_00602_DS_:
0000043b e0fc                 BCR 0x3, 0x6
0000043c fedf                 MOVR 0x20, 0x0
0000043d eede                 IORAR 0x21, 0x0
0000043e f2fc                 BTRSC 0x3, 0x2
0000043f c3a9                 LGOTO 0x456; main.o:_00627_DS_=0x456
00000440 defd                 MOVIA 0x2
00000441 fbaa                 SUBAR 0x55, 0x0
00000442 f7fc                 BTRSS 0x3, 0x0
00000443 c3af                 LGOTO 0x450; main.o:_00597_DS_=0x450
00000444 deff                 MOVIA 0x0
00000445 fbde                 SUBAR 0x21, 0x0
00000446 f6fc                 BTRSS 0x3, 0x2
00000447 c3b5                 LGOTO 0x44a; main.o:_00822_DS_=0x44a
00000448 decd                 MOVIA 0x32
00000449 fbdf                 SUBAR 0x20, 0x0
0000044a                      main.o:_00822_DS_:
0000044a f3fc                 BTRSC 0x3, 0x0
0000044b c3ac                 LGOTO 0x453; main.o:_00598_DS_=0x453
0000044c defe                 MOVIA 0x1
0000044d e0fc                 BCR 0x3, 0x6
0000044e ff2a                 MOVAR 0x55
0000044f c3ac                 LGOTO 0x453; main.o:_00598_DS_=0x453
00000450                      main.o:_00597_DS_:
00000450 defe                 MOVIA 0x1
00000451 e0fc                 BCR 0x3, 0x6
00000452 ff2a                 MOVAR 0x55
00000453                      main.o:_00598_DS_:
00000453 e0fc                 BCR 0x3, 0x6
00000454 fd29                 CLRR 0x56
00000455 fd28                 CLRR 0x57
00000456                      main.o:_00627_DS_:
00000456 e0fc                 BCR 0x3, 0x6
00000457 feaf                 MOVR 0x50, 0x0
00000458 f2fc                 BTRSC 0x3, 0x2
00000459 c3a3                 LGOTO 0x45c; main.o:_00630_DS_=0x45c
0000045a feaf                 MOVR 0x50, 0x0
0000045b ff2e                 MOVAR 0x51
0000045c                      main.o:_00630_DS_:
0000045c ffef                 RET
0000045d                      _initAD:
0000045d de7b                 MOVIA 0x84
0000045e ff6f                 MOVAR 0x10
0000045f fd6c                 CLRR 0x13
00000460 deef                 MOVIA 0x10
00000461 ff6e                 MOVAR 0x11
00000462 defc                 MOVIA 0x3
00000463 ff6b                 MOVAR 0x14
00000464 e5ef                 BSR 0x10, 0x4
00000465 de9b                 MOVIA 0x64
00000466 d397                 LCALL 0x468; _delay=0x468
00000467 ffef                 RET
00000468                      _delay:
00000468 e0fc                 BCR 0x3, 0x6
00000469 ff49                 MOVAR 0x36
0000046a fd48                 CLRR 0x37
0000046b                      main.o:_00502_DS_:
0000046b e0fc                 BCR 0x3, 0x6
0000046c fec9                 MOVR 0x36, 0x0
0000046d fbc8                 SUBAR 0x37, 0x0
0000046e f3fc                 BTRSC 0x3, 0x0
0000046f c38c                 LGOTO 0x473; main.o:_00504_DS_=0x473
00000470 ffff                 NOP
00000471 fa48                 INCR 0x37, 0x1
00000472 c394                 LGOTO 0x46b; main.o:_00502_DS_=0x46b
00000473                      main.o:_00504_DS_:
00000473 ffef                 RET
00000474                      _chrgCtr:
00000474 e0fc                 BCR 0x3, 0x6
00000475 f57a                 BTRSS 0x5, 0x5
00000476 c334                 LGOTO 0x4cb; main.o:_00444_DS_=0x4cb
00000477 defe                 MOVIA 0x1
00000478 ff16                 MOVAR 0x69
00000479 fd2f                 CLRR 0x50
0000047a fd1f                 CLRR 0x60
0000047b d2a1                 LCALL 0x55e; _pwmStop=0x55e
0000047c def6                 MOVIA 0x9
0000047d e0fc                 BCR 0x3, 0x6
0000047e fbaa                 SUBAR 0x55, 0x0
0000047f f7fc                 BTRSS 0x3, 0x0
00000480 c36b                 LGOTO 0x494; main.o:_00427_DS_=0x494
00000481 def7                 MOVIA 0x8
00000482 ff2e                 MOVAR 0x51
00000483 feaa                 MOVR 0x55, 0x0
00000484 dbf5                 XORIA 0xa
00000485 f6fc                 BTRSS 0x3, 0x2
00000486 c36e                 LGOTO 0x491; main.o:_00416_DS_=0x491
00000487 fa1d                 INCR 0x62, 0x1
00000488 de9a                 MOVIA 0x65
00000489 fb9d                 SUBAR 0x62, 0x0
0000048a f7fc                 BTRSS 0x3, 0x0
0000048b c36e                 LGOTO 0x491; main.o:_00416_DS_=0x491
0000048c ffea                 IOSTR 0x5
0000048d ff4d                 MOVAR 0x32
0000048e e7cd                 BSR 0x32, 0x0
0000048f fecd                 MOVR 0x32, 0x0
00000490 fffa                 IOST 0x5
00000491                      main.o:_00416_DS_:
00000491 e0fc                 BCR 0x3, 0x6
00000492 e6fa                 BSR 0x5, 0x2
00000493 c2f0                 LGOTO 0x50f; main.o:_00446_DS_=0x50f
00000494                      main.o:_00427_DS_:
00000494 e0fc                 BCR 0x3, 0x6
00000495 e2fa                 BCR 0x5, 0x2
00000496 feb1                 MOVR 0x4e, 0x0
00000497 f6fc                 BTRSS 0x3, 0x2
00000498 c345                 LGOTO 0x4ba; main.o:_00421_DS_=0x4ba
00000499 def6                 MOVIA 0x9
0000049a fbaa                 SUBAR 0x55, 0x0
0000049b f3fc                 BTRSC 0x3, 0x0
0000049c c345                 LGOTO 0x4ba; main.o:_00421_DS_=0x4ba
0000049d feaa                 MOVR 0x55, 0x0
0000049e ff4d                 MOVAR 0x32
0000049f fd4c                 CLRR 0x33
000004a0 de00                 MOVIA 0xff
000004a1 fc4d                 ADDAR 0x32, 0x1
000004a2 f3fc                 BTRSC 0x3, 0x0
000004a3 c35a                 LGOTO 0x4a5; main.o:_00006_DS_=0x4a5
000004a4 f94c                 DECR 0x33, 0x1
000004a5                      main.o:_00006_DS_:
000004a5 e0fc                 BCR 0x3, 0x6
000004a6 fe91                 MOVR 0x6e, 0x0
000004a7 ff4b                 MOVAR 0x34
000004a8 deff                 MOVIA 0x0
000004a9 da7f                 ADDIA 0x80
000004aa ff4a                 MOVAR 0x35
000004ab fecc                 MOVR 0x33, 0x0
000004ac da7f                 ADDIA 0x80
000004ad fbca                 SUBAR 0x35, 0x0
000004ae f6fc                 BTRSS 0x3, 0x2
000004af c34d                 LGOTO 0x4b2; main.o:_00493_DS_=0x4b2
000004b0 fecd                 MOVR 0x32, 0x0
000004b1 fbcb                 SUBAR 0x34, 0x0
000004b2                      main.o:_00493_DS_:
000004b2 f3fc                 BTRSC 0x3, 0x0
000004b3 c348                 LGOTO 0x4b7; main.o:_00419_DS_=0x4b7
000004b4 e0fc                 BCR 0x3, 0x6
000004b5 f9aa                 DECR 0x55, 0x0
000004b6 ff11                 MOVAR 0x6e
000004b7                      main.o:_00419_DS_:
000004b7 e0fc                 BCR 0x3, 0x6
000004b8 fe91                 MOVR 0x6e, 0x0
000004b9 ff2e                 MOVAR 0x51
000004ba                      main.o:_00421_DS_:
000004ba dee1                 MOVIA 0x1e
000004bb e0fc                 BCR 0x3, 0x6
000004bc fbb1                 SUBAR 0x4e, 0x0
000004bd f3fc                 BTRSC 0x3, 0x0
000004be c33e                 LGOTO 0x4c1; main.o:_00424_DS_=0x4c1
000004bf e77a                 BSR 0x5, 0x1
000004c0 c33c                 LGOTO 0x4c3; main.o:_00425_DS_=0x4c3
000004c1                      main.o:_00424_DS_:
000004c1 e0fc                 BCR 0x3, 0x6
000004c2 e37a                 BCR 0x5, 0x1
000004c3                      main.o:_00425_DS_:
000004c3 ffea                 IOSTR 0x5
000004c4 e0fc                 BCR 0x3, 0x6
000004c5 ff4d                 MOVAR 0x32
000004c6 e3cd                 BCR 0x32, 0x0
000004c7 fecd                 MOVR 0x32, 0x0
000004c8 fffa                 IOST 0x5
000004c9 e7fa                 BSR 0x5, 0x0
000004ca c2f0                 LGOTO 0x50f; main.o:_00446_DS_=0x50f
000004cb                      main.o:_00444_DS_:
000004cb e0fc                 BCR 0x3, 0x6
000004cc fd11                 CLRR 0x6e
000004cd feaf                 MOVR 0x50, 0x0
000004ce f2fc                 BTRSC 0x3, 0x2
000004cf c318                 LGOTO 0x4e7; main.o:_00432_DS_=0x4e7
000004d0 feaa                 MOVR 0x55, 0x0
000004d1 f6fc                 BTRSS 0x3, 0x2
000004d2 c318                 LGOTO 0x4e7; main.o:_00432_DS_=0x4e7
000004d3 fa0e                 INCR 0x71, 0x1
000004d4 f2fc                 BTRSC 0x3, 0x2
000004d5 fa0d                 INCR 0x72, 0x1
000004d6 defc                 MOVIA 0x3
000004d7 fb8d                 SUBAR 0x72, 0x0
000004d8 f6fc                 BTRSS 0x3, 0x2
000004d9 c323                 LGOTO 0x4dc; main.o:_00495_DS_=0x4dc
000004da de16                 MOVIA 0xe9
000004db fb8e                 SUBAR 0x71, 0x0
000004dc                      main.o:_00495_DS_:
000004dc f7fc                 BTRSS 0x3, 0x0
000004dd c315                 LGOTO 0x4ea; main.o:_00433_DS_=0x4ea
000004de de0b                 MOVIA 0xf4
000004df e0fc                 BCR 0x3, 0x6
000004e0 ff10                 MOVAR 0x6f
000004e1 defe                 MOVIA 0x1
000004e2 ff0f                 MOVAR 0x70
000004e3 fd0e                 CLRR 0x71
000004e4 fd0d                 CLRR 0x72
000004e5 d1a3                 LCALL 0x65c; _powerOff=0x65c
000004e6 c315                 LGOTO 0x4ea; main.o:_00433_DS_=0x4ea
000004e7                      main.o:_00432_DS_:
000004e7 e0fc                 BCR 0x3, 0x6
000004e8 fd0e                 CLRR 0x71
000004e9 fd0d                 CLRR 0x72
000004ea                      main.o:_00433_DS_:
000004ea e0fc                 BCR 0x3, 0x6
000004eb fe90                 MOVR 0x6f, 0x0
000004ec ee8f                 IORAR 0x70, 0x0
000004ed f2fc                 BTRSC 0x3, 0x2
000004ee c303                 LGOTO 0x4fc; main.o:_00439_DS_=0x4fc
000004ef de00                 MOVIA 0xff
000004f0 fc10                 ADDAR 0x6f, 0x1
000004f1 f7fc                 BTRSS 0x3, 0x0
000004f2 f90f                 DECR 0x70, 0x1
000004f3 dee1                 MOVIA 0x1e
000004f4 fbb1                 SUBAR 0x4e, 0x0
000004f5 f3fc                 BTRSC 0x3, 0x0
000004f6 c306                 LGOTO 0x4f9; main.o:_00436_DS_=0x4f9
000004f7 e77a                 BSR 0x5, 0x1
000004f8 c301                 LGOTO 0x4fe; main.o:_00440_DS_=0x4fe
000004f9                      main.o:_00436_DS_:
000004f9 e0fc                 BCR 0x3, 0x6
000004fa e37a                 BCR 0x5, 0x1
000004fb c301                 LGOTO 0x4fe; main.o:_00440_DS_=0x4fe
000004fc                      main.o:_00439_DS_:
000004fc e0fc                 BCR 0x3, 0x6
000004fd e37a                 BCR 0x5, 0x1
000004fe                      main.o:_00440_DS_:
000004fe e0fc                 BCR 0x3, 0x6
000004ff e2fa                 BCR 0x5, 0x2
00000500 ffea                 IOSTR 0x5
00000501 ff4d                 MOVAR 0x32
00000502 e7cd                 BSR 0x32, 0x0
00000503 fecd                 MOVR 0x32, 0x0
00000504 fffa                 IOST 0x5
00000505 fd29                 CLRR 0x56
00000506 fd28                 CLRR 0x57
00000507 feaf                 MOVR 0x50, 0x0
00000508 f6fc                 BTRSS 0x3, 0x2
00000509 c2f4                 LGOTO 0x50b; main.o:_00007_DS_=0x50b
0000050a fd2e                 CLRR 0x51
0000050b                      main.o:_00007_DS_:
0000050b e0fc                 BCR 0x3, 0x6
0000050c fd16                 CLRR 0x69
0000050d fd29                 CLRR 0x56
0000050e fd28                 CLRR 0x57
0000050f                      main.o:_00446_DS_:
0000050f ffef                 RET
00000510                      _keyRead:
00000510 e0fc                 BCR 0x3, 0x6
00000511 ff4e                 MOVAR 0x31
00000512 fece                 MOVR 0x31, 0x0
00000513 f2fc                 BTRSC 0x3, 0x2
00000514 c2dc                 LGOTO 0x523; main.o:_00408_DS_=0x523
00000515 fa30                 INCR 0x4f, 0x1
00000516 de9b                 MOVIA 0x64
00000517 fbb0                 SUBAR 0x4f, 0x0
00000518 f7fc                 BTRSS 0x3, 0x0
00000519 c2c9                 LGOTO 0x536; main.o:_00409_DS_=0x536
0000051a de9b                 MOVIA 0x64
0000051b ff30                 MOVAR 0x4f
0000051c fe98                 MOVR 0x67, 0x0
0000051d f6fc                 BTRSS 0x3, 0x2
0000051e c2c9                 LGOTO 0x536; main.o:_00409_DS_=0x536
0000051f defe                 MOVIA 0x1
00000520 ff18                 MOVAR 0x67
00000521 defd                 MOVIA 0x2
00000522 c2c8                 LGOTO 0x537; main.o:_00410_DS_=0x537
00000523                      main.o:_00408_DS_:
00000523 de9b                 MOVIA 0x64
00000524 e0fc                 BCR 0x3, 0x6
00000525 fbb0                 SUBAR 0x4f, 0x0
00000526 f7fc                 BTRSS 0x3, 0x0
00000527 c2d3                 LGOTO 0x52c; main.o:_00405_DS_=0x52c
00000528 fd30                 CLRR 0x4f
00000529 fd18                 CLRR 0x67
0000052a deff                 MOVIA 0x0
0000052b c2c8                 LGOTO 0x537; main.o:_00410_DS_=0x537
0000052c                      main.o:_00405_DS_:
0000052c defb                 MOVIA 0x4
0000052d e0fc                 BCR 0x3, 0x6
0000052e fbb0                 SUBAR 0x4f, 0x0
0000052f f7fc                 BTRSS 0x3, 0x0
00000530 c2cb                 LGOTO 0x534; main.o:_00406_DS_=0x534
00000531 fd30                 CLRR 0x4f
00000532 defe                 MOVIA 0x1
00000533 c2c8                 LGOTO 0x537; main.o:_00410_DS_=0x537
00000534                      main.o:_00406_DS_:
00000534 e0fc                 BCR 0x3, 0x6
00000535 fd30                 CLRR 0x4f
00000536                      main.o:_00409_DS_:
00000536 deff                 MOVIA 0x0
00000537                      main.o:_00410_DS_:
00000537 ffef                 RET
00000538                      _gotoSleep:
00000538 d209                 LCALL 0x5f6; _LedInput=0x5f6
00000539 d2a1                 LCALL 0x55e; _pwmStop=0x55e
0000053a de9f                 MOVIA 0x60
0000053b fffa                 IOST 0x5
0000053c fdff                 CLRA
0000053d fff9                 IOST 0x6
0000053e de60                 MOVIA 0x9f
0000053f fff6                 IOST 0x9
00000540 fd79                 CLRR 0x6
00000541 e0fc                 BCR 0x3, 0x6
00000542 fd7a                 CLRR 0x5
00000543 fd27                 CLRR 0x58
00000544 fd26                 CLRR 0x59
00000545 fd2f                 CLRR 0x50
00000546 de9f                 MOVIA 0x60
00000547 ff6a                 MOVAR 0x15
00000548 defd                 MOVIA 0x2
00000549 ff71                 MOVAR 0xe
0000054a dee7                 MOVIA 0x18
0000054b ff77                 MOVAR 0x8
0000054c fd70                 CLRR 0xf
0000054d fffd                 CLRWDT
0000054e fffb                 ENI
0000054f fffe                 SLEEP
00000550 fd6a                 CLRR 0x15
00000551 de40                 MOVIA 0xbf
00000552 fff6                 IOST 0x9
00000553 fd79                 CLRR 0x6
00000554 debf                 MOVIA 0x40
00000555 ff7a                 MOVAR 0x5
00000556 de87                 MOVIA 0x78
00000557 fffa                 IOST 0x5
00000558 defe                 MOVIA 0x1
00000559 ff71                 MOVAR 0xe
0000055a fd70                 CLRR 0xf
0000055b de47                 MOVIA 0xb8
0000055c ff77                 MOVAR 0x8
0000055d ffef                 RET
0000055e                      _pwmStop:
0000055e fdff                 CLRA
0000055f ffb5                 SFUN 0xa
00000560 ffef                 RET
00000561                      _pwmInit:
00000561 ff95                 SFUNR 0xa
00000562 e0fc                 BCR 0x3, 0x6
00000563 ff4f                 MOVAR 0x30
00000564 f04f                 BTRSC 0x30, 0x7
00000565 c292                 LGOTO 0x56d; main.o:_00385_DS_=0x56d
00000566 fd66                 CLRR 0x19
00000567 de9c                 MOVIA 0x63
00000568 ffb6                 SFUN 0x9
00000569 fdff                 CLRA
0000056a ffb4                 SFUN 0xb
0000056b de7c                 MOVIA 0x83
0000056c ffb5                 SFUN 0xa
0000056d                      main.o:_00385_DS_:
0000056d ffef                 RET
0000056e                      _LED8ON:
0000056e ffe9                 IOSTR 0x6
0000056f e0fc                 BCR 0x3, 0x6
00000570 ff50                 MOVAR 0x2f
00000571 e3d0                 BCR 0x2f, 0x0
00000572 fed0                 MOVR 0x2f, 0x0
00000573 fff9                 IOST 0x6
00000574 ffe9                 IOSTR 0x6
00000575 ff50                 MOVAR 0x2f
00000576 e250                 BCR 0x2f, 0x3
00000577 fed0                 MOVR 0x2f, 0x0
00000578 fff9                 IOST 0x6
00000579 e7f9                 BSR 0x6, 0x0
0000057a e279                 BCR 0x6, 0x3
0000057b deaf                 MOVIA 0x50
0000057c d397                 LCALL 0x468; _delay=0x468
0000057d d209                 LCALL 0x5f6; _LedInput=0x5f6
0000057e ffef                 RET
0000057f                      _LED7ON:
0000057f ffe9                 IOSTR 0x6
00000580 e0fc                 BCR 0x3, 0x6
00000581 ff51                 MOVAR 0x2e
00000582 e3d1                 BCR 0x2e, 0x0
00000583 fed1                 MOVR 0x2e, 0x0
00000584 fff9                 IOST 0x6
00000585 ffe9                 IOSTR 0x6
00000586 ff51                 MOVAR 0x2e
00000587 e251                 BCR 0x2e, 0x3
00000588 fed1                 MOVR 0x2e, 0x0
00000589 fff9                 IOST 0x6
0000058a e679                 BSR 0x6, 0x3
0000058b e3f9                 BCR 0x6, 0x0
0000058c deaf                 MOVIA 0x50
0000058d d397                 LCALL 0x468; _delay=0x468
0000058e d209                 LCALL 0x5f6; _LedInput=0x5f6
0000058f ffef                 RET
00000590                      _LED6ON:
00000590 ffe9                 IOSTR 0x6
00000591 e0fc                 BCR 0x3, 0x6
00000592 ff52                 MOVAR 0x2d
00000593 e3d2                 BCR 0x2d, 0x0
00000594 fed2                 MOVR 0x2d, 0x0
00000595 fff9                 IOST 0x6
00000596 ffea                 IOSTR 0x5
00000597 ff52                 MOVAR 0x2d
00000598 e052                 BCR 0x2d, 0x7
00000599 fed2                 MOVR 0x2d, 0x0
0000059a fffa                 IOST 0x5
0000059b e47a                 BSR 0x5, 0x7
0000059c e3f9                 BCR 0x6, 0x0
0000059d deaf                 MOVIA 0x50
0000059e d397                 LCALL 0x468; _delay=0x468
0000059f d209                 LCALL 0x5f6; _LedInput=0x5f6
000005a0 ffef                 RET
000005a1                      _LED5ON:
000005a1 ffe9                 IOSTR 0x6
000005a2 e0fc                 BCR 0x3, 0x6
000005a3 ff53                 MOVAR 0x2c
000005a4 e3d3                 BCR 0x2c, 0x0
000005a5 fed3                 MOVR 0x2c, 0x0
000005a6 fff9                 IOST 0x6
000005a7 ffea                 IOSTR 0x5
000005a8 ff53                 MOVAR 0x2c
000005a9 e053                 BCR 0x2c, 0x7
000005aa fed3                 MOVR 0x2c, 0x0
000005ab fffa                 IOST 0x5
000005ac e7f9                 BSR 0x6, 0x0
000005ad e07a                 BCR 0x5, 0x7
000005ae deaf                 MOVIA 0x50
000005af d397                 LCALL 0x468; _delay=0x468
000005b0 d209                 LCALL 0x5f6; _LedInput=0x5f6
000005b1 ffef                 RET
000005b2                      _LED4ON:
000005b2 ffe9                 IOSTR 0x6
000005b3 e0fc                 BCR 0x3, 0x6
000005b4 ff54                 MOVAR 0x2b
000005b5 e354                 BCR 0x2b, 0x1
000005b6 fed4                 MOVR 0x2b, 0x0
000005b7 fff9                 IOST 0x6
000005b8 ffe9                 IOSTR 0x6
000005b9 ff54                 MOVAR 0x2b
000005ba e254                 BCR 0x2b, 0x3
000005bb fed4                 MOVR 0x2b, 0x0
000005bc fff9                 IOST 0x6
000005bd e779                 BSR 0x6, 0x1
000005be e279                 BCR 0x6, 0x3
000005bf deaf                 MOVIA 0x50
000005c0 d397                 LCALL 0x468; _delay=0x468
000005c1 d209                 LCALL 0x5f6; _LedInput=0x5f6
000005c2 ffef                 RET
000005c3                      _LED3ON:
000005c3 ffe9                 IOSTR 0x6
000005c4 e0fc                 BCR 0x3, 0x6
000005c5 ff55                 MOVAR 0x2a
000005c6 e355                 BCR 0x2a, 0x1
000005c7 fed5                 MOVR 0x2a, 0x0
000005c8 fff9                 IOST 0x6
000005c9 ffe9                 IOSTR 0x6
000005ca ff55                 MOVAR 0x2a
000005cb e255                 BCR 0x2a, 0x3
000005cc fed5                 MOVR 0x2a, 0x0
000005cd fff9                 IOST 0x6
000005ce e679                 BSR 0x6, 0x3
000005cf e379                 BCR 0x6, 0x1
000005d0 deaf                 MOVIA 0x50
000005d1 d397                 LCALL 0x468; _delay=0x468
000005d2 d209                 LCALL 0x5f6; _LedInput=0x5f6
000005d3 ffef                 RET
000005d4                      _LED2ON:
000005d4 ffea                 IOSTR 0x5
000005d5 e0fc                 BCR 0x3, 0x6
000005d6 ff56                 MOVAR 0x29
000005d7 e056                 BCR 0x29, 0x7
000005d8 fed6                 MOVR 0x29, 0x0
000005d9 fffa                 IOST 0x5
000005da ffe9                 IOSTR 0x6
000005db ff56                 MOVAR 0x29
000005dc e356                 BCR 0x29, 0x1
000005dd fed6                 MOVR 0x29, 0x0
000005de fff9                 IOST 0x6
000005df e779                 BSR 0x6, 0x1
000005e0 e07a                 BCR 0x5, 0x7
000005e1 deaf                 MOVIA 0x50
000005e2 d397                 LCALL 0x468; _delay=0x468
000005e3 d209                 LCALL 0x5f6; _LedInput=0x5f6
000005e4 ffef                 RET
000005e5                      _LED1ON:
000005e5 ffe9                 IOSTR 0x6
000005e6 e0fc                 BCR 0x3, 0x6
000005e7 ff57                 MOVAR 0x28
000005e8 e357                 BCR 0x28, 0x1
000005e9 fed7                 MOVR 0x28, 0x0
000005ea fff9                 IOST 0x6
000005eb ffea                 IOSTR 0x5
000005ec ff57                 MOVAR 0x28
000005ed e057                 BCR 0x28, 0x7
000005ee fed7                 MOVR 0x28, 0x0
000005ef fffa                 IOST 0x5
000005f0 e47a                 BSR 0x5, 0x7
000005f1 e379                 BCR 0x6, 0x1
000005f2 deaf                 MOVIA 0x50
000005f3 d397                 LCALL 0x468; _delay=0x468
000005f4 d209                 LCALL 0x5f6; _LedInput=0x5f6
000005f5 ffef                 RET
000005f6                      _LedInput:
000005f6 ffea                 IOSTR 0x5
000005f7 e0fc                 BCR 0x3, 0x6
000005f8 ff58                 MOVAR 0x27
000005f9 e458                 BSR 0x27, 0x7
000005fa fed8                 MOVR 0x27, 0x0
000005fb fffa                 IOST 0x5
000005fc ffe9                 IOSTR 0x6
000005fd ff58                 MOVAR 0x27
000005fe def4                 MOVIA 0xb
000005ff ee58                 IORAR 0x27, 0x1
00000600 fed8                 MOVR 0x27, 0x0
00000601 fff9                 IOST 0x6
00000602 e07a                 BCR 0x5, 0x7
00000603 de0b                 MOVIA 0xf4
00000604 ef79                 ANDAR 0x6, 0x1
00000605 ffef                 RET
00000606                      _ledShow:
00000606 e0fc                 BCR 0x3, 0x6
00000607 fe92                 MOVR 0x6d, 0x0
00000608 f2fc                 BTRSC 0x3, 0x2
00000609 c1eb                 LGOTO 0x614; main.o:_00295_DS_=0x614
0000060a feaf                 MOVR 0x50, 0x0
0000060b f6fc                 BTRSS 0x3, 0x2
0000060c c1eb                 LGOTO 0x614; main.o:_00295_DS_=0x614
0000060d f392                 BTRSC 0x6d, 0x0
0000060e c1ee                 LGOTO 0x611; main.o:_00292_DS_=0x611
0000060f fd2e                 CLRR 0x51
00000610 c1eb                 LGOTO 0x614; main.o:_00295_DS_=0x614
00000611                      main.o:_00292_DS_:
00000611 e0fc                 BCR 0x3, 0x6
00000612 fe95                 MOVR 0x6a, 0x0
00000613 ff2e                 MOVAR 0x51
00000614                      main.o:_00295_DS_:
00000614 e0fc                 BCR 0x3, 0x6
00000615 fe9f                 MOVR 0x60, 0x0
00000616 f2fc                 BTRSC 0x3, 0x2
00000617 c1e2                 LGOTO 0x61d; main.o:_00298_DS_=0x61d
00000618 feaa                 MOVR 0x55, 0x0
00000619 f2fc                 BTRSC 0x3, 0x2
0000061a c1e2                 LGOTO 0x61d; main.o:_00298_DS_=0x61d
0000061b fe95                 MOVR 0x6a, 0x0
0000061c ff2e                 MOVAR 0x51
0000061d                      main.o:_00298_DS_:
0000061d d209                 LCALL 0x5f6; _LedInput=0x5f6
0000061e def6                 MOVIA 0x9
0000061f e0fc                 BCR 0x3, 0x6
00000620 fbae                 SUBAR 0x51, 0x0
00000621 f3fc                 BTRSC 0x3, 0x0
00000622 c1c2                 LGOTO 0x63d; main.o:_00310_DS_=0x63d
00000623 def9                 MOVIA 0x6
00000624 ff75                 MOVAR 0xa
00000625 feae                 MOVR 0x51, 0x0
00000626 dad5                 ADDIA 0x2a
00000627 f3fc                 BTRSC 0x3, 0x0
00000628 fa75                 INCR 0xa, 0x1
00000629 ff7d                 MOVAR 0x2
0000062a                      main.o:_00331_DS_:
0000062a c1cc                 LGOTO 0x633; main.o:_00300_DS_=0x633
0000062b c1c3                 LGOTO 0x63c; main.o:_00308_DS_=0x63c
0000062c c1c4                 LGOTO 0x63b; main.o:_00307_DS_=0x63b
0000062d c1c5                 LGOTO 0x63a; main.o:_00306_DS_=0x63a
0000062e c1c6                 LGOTO 0x639; main.o:_00305_DS_=0x639
0000062f c1c7                 LGOTO 0x638; main.o:_00304_DS_=0x638
00000630 c1c8                 LGOTO 0x637; main.o:_00303_DS_=0x637
00000631 c1c9                 LGOTO 0x636; main.o:_00302_DS_=0x636
00000632 c1ca                 LGOTO 0x635; main.o:_00301_DS_=0x635
00000633                      main.o:_00300_DS_:
00000633 d209                 LCALL 0x5f6; _LedInput=0x5f6
00000634 c1c2                 LGOTO 0x63d; main.o:_00310_DS_=0x63d
00000635                      main.o:_00301_DS_:
00000635 d291                 LCALL 0x56e; _LED8ON=0x56e
00000636                      main.o:_00302_DS_:
00000636 d280                 LCALL 0x57f; _LED7ON=0x57f
00000637                      main.o:_00303_DS_:
00000637 d26f                 LCALL 0x590; _LED6ON=0x590
00000638                      main.o:_00304_DS_:
00000638 d25e                 LCALL 0x5a1; _LED5ON=0x5a1
00000639                      main.o:_00305_DS_:
00000639 d24d                 LCALL 0x5b2; _LED4ON=0x5b2
0000063a                      main.o:_00306_DS_:
0000063a d23c                 LCALL 0x5c3; _LED3ON=0x5c3
0000063b                      main.o:_00307_DS_:
0000063b d22b                 LCALL 0x5d4; _LED2ON=0x5d4
0000063c                      main.o:_00308_DS_:
0000063c d21a                 LCALL 0x5e5; _LED1ON=0x5e5
0000063d                      main.o:_00310_DS_:
0000063d ffef                 RET
0000063e                      _initSys:
0000063e ffec                 DISI
0000063f de87                 MOVIA 0x78
00000640 fffa                 IOST 0x5
00000641 fdff                 CLRA
00000642 fff9                 IOST 0x6
00000643 fd79                 CLRR 0x6
00000644 e0fc                 BCR 0x3, 0x6
00000645 fd7a                 CLRR 0x5
00000646 d209                 LCALL 0x5f6; _LedInput=0x5f6
00000647 de40                 MOVIA 0xbf
00000648 fff6                 IOST 0x9
00000649 de00                 MOVIA 0xff
0000064a ff73                 MOVAR 0xc
0000064b ff74                 MOVAR 0xb
0000064c defe                 MOVIA 0x1
0000064d ff71                 MOVAR 0xe
0000064e fdff                 CLRA
0000064f fff0                 IOST 0xf
00000650 dec8                 MOVIA 0x37
00000651 ff7e                 MOVAR 0x1
00000652 fdff                 CLRA
00000653 fffc                 T0MD
00000654 defe                 MOVIA 0x1
00000655 fff0                 IOST 0xf
00000656 de67                 MOVIA 0x98
00000657 ff77                 MOVAR 0x8
00000658 defe                 MOVIA 0x1
00000659 fff0                 IOST 0xf
0000065a fffb                 ENI
0000065b ffef                 RET
0000065c                      _powerOff:
0000065c e0fc                 BCR 0x3, 0x6
0000065d fd2f                 CLRR 0x50
0000065e d2a1                 LCALL 0x55e; _pwmStop=0x55e
0000065f e0fc                 BCR 0x3, 0x6
00000660 fd2e                 CLRR 0x51
00000661 ffef                 RET
00000662                      _keyCtr:
00000662 e0fc                 BCR 0x3, 0x6
00000663 f8fa                 COMR 0x5, 0x0
00000664 ff59                 MOVAR 0x26
00000665 debf                 MOVIA 0x40
00000666 ef59                 ANDAR 0x26, 0x1
00000667 fed9                 MOVR 0x26, 0x0
00000668 d2ef                 LCALL 0x510; _keyRead=0x510
00000669 e0fc                 BCR 0x3, 0x6
0000066a ff59                 MOVAR 0x26
0000066b dbfe                 XORIA 0x1
0000066c f6fc                 BTRSS 0x3, 0x2
0000066d c135                 LGOTO 0x6ca; main.o:_00276_DS_=0x6ca
0000066e fd31                 CLRR 0x4e
0000066f fd1f                 CLRR 0x60
00000670 feaf                 MOVR 0x50, 0x0
00000671 f6fc                 BTRSS 0x3, 0x2
00000672 c18a                 LGOTO 0x675; main.o:_00240_DS_=0x675
00000673 fd24                 CLRR 0x5b
00000674 c111                 LGOTO 0x6ee; main.o:_00278_DS_=0x6ee
00000675                      main.o:_00240_DS_:
00000675 e0fc                 BCR 0x3, 0x6
00000676 fd21                 CLRR 0x5e
00000677 fa2f                 INCR 0x50, 0x1
00000678 def6                 MOVIA 0x9
00000679 fbaf                 SUBAR 0x50, 0x0
0000067a f7fc                 BTRSS 0x3, 0x0
0000067b c181                 LGOTO 0x67e; main.o:_00242_DS_=0x67e
0000067c defe                 MOVIA 0x1
0000067d ff2f                 MOVAR 0x50
0000067e                      main.o:_00242_DS_:
0000067e def9                 MOVIA 0x6
0000067f e0fc                 BCR 0x3, 0x6
00000680 ff1c                 MOVAR 0x63
00000681 feaf                 MOVR 0x50, 0x0
00000682 dbfe                 XORIA 0x1
00000683 f6fc                 BTRSS 0x3, 0x2
00000684 c177                 LGOTO 0x688; main.o:_00264_DS_=0x688
00000685 ded7                 MOVIA 0x28
00000686 ff2b                 MOVAR 0x54
00000687 c140                 LGOTO 0x6bf; main.o:_00265_DS_=0x6bf
00000688                      main.o:_00264_DS_:
00000688 e0fc                 BCR 0x3, 0x6
00000689 feaf                 MOVR 0x50, 0x0
0000068a dbfd                 XORIA 0x2
0000068b f6fc                 BTRSS 0x3, 0x2
0000068c c16f                 LGOTO 0x690; main.o:_00261_DS_=0x690
0000068d ded3                 MOVIA 0x2c
0000068e ff2b                 MOVAR 0x54
0000068f c140                 LGOTO 0x6bf; main.o:_00265_DS_=0x6bf
00000690                      main.o:_00261_DS_:
00000690 e0fc                 BCR 0x3, 0x6
00000691 feaf                 MOVR 0x50, 0x0
00000692 dbfc                 XORIA 0x3
00000693 f6fc                 BTRSS 0x3, 0x2
00000694 c167                 LGOTO 0x698; main.o:_00258_DS_=0x698
00000695 decf                 MOVIA 0x30
00000696 ff2b                 MOVAR 0x54
00000697 c140                 LGOTO 0x6bf; main.o:_00265_DS_=0x6bf
00000698                      main.o:_00258_DS_:
00000698 e0fc                 BCR 0x3, 0x6
00000699 feaf                 MOVR 0x50, 0x0
0000069a dbfb                 XORIA 0x4
0000069b f6fc                 BTRSS 0x3, 0x2
0000069c c15f                 LGOTO 0x6a0; main.o:_00255_DS_=0x6a0
0000069d decb                 MOVIA 0x34
0000069e ff2b                 MOVAR 0x54
0000069f c140                 LGOTO 0x6bf; main.o:_00265_DS_=0x6bf
000006a0                      main.o:_00255_DS_:
000006a0 e0fc                 BCR 0x3, 0x6
000006a1 feaf                 MOVR 0x50, 0x0
000006a2 dbfa                 XORIA 0x5
000006a3 f6fc                 BTRSS 0x3, 0x2
000006a4 c157                 LGOTO 0x6a8; main.o:_00252_DS_=0x6a8
000006a5 dec8                 MOVIA 0x37
000006a6 ff2b                 MOVAR 0x54
000006a7 c140                 LGOTO 0x6bf; main.o:_00265_DS_=0x6bf
000006a8                      main.o:_00252_DS_:
000006a8 e0fc                 BCR 0x3, 0x6
000006a9 feaf                 MOVR 0x50, 0x0
000006aa dbf9                 XORIA 0x6
000006ab f6fc                 BTRSS 0x3, 0x2
000006ac c14f                 LGOTO 0x6b0; main.o:_00249_DS_=0x6b0
000006ad dec5                 MOVIA 0x3a
000006ae ff2b                 MOVAR 0x54
000006af c140                 LGOTO 0x6bf; main.o:_00265_DS_=0x6bf
000006b0                      main.o:_00249_DS_:
000006b0 e0fc                 BCR 0x3, 0x6
000006b1 feaf                 MOVR 0x50, 0x0
000006b2 dbf8                 XORIA 0x7
000006b3 f6fc                 BTRSS 0x3, 0x2
000006b4 c147                 LGOTO 0x6b8; main.o:_00246_DS_=0x6b8
000006b5 dec2                 MOVIA 0x3d
000006b6 ff2b                 MOVAR 0x54
000006b7 c140                 LGOTO 0x6bf; main.o:_00265_DS_=0x6bf
000006b8                      main.o:_00246_DS_:
000006b8 e0fc                 BCR 0x3, 0x6
000006b9 feaf                 MOVR 0x50, 0x0
000006ba dbf7                 XORIA 0x8
000006bb f6fc                 BTRSS 0x3, 0x2
000006bc c140                 LGOTO 0x6bf; main.o:_00265_DS_=0x6bf
000006bd debf                 MOVIA 0x40
000006be ff2b                 MOVAR 0x54
000006bf                      main.o:_00265_DS_:
000006bf e0fc                 BCR 0x3, 0x6
000006c0 feaf                 MOVR 0x50, 0x0
000006c1 f2fc                 BTRSC 0x3, 0x2
000006c2 c139                 LGOTO 0x6c6; main.o:_00267_DS_=0x6c6
000006c3 feab                 MOVR 0x54, 0x0
000006c4 ffb3                 SFUN 0xc
000006c5 d29e                 LCALL 0x561; _pwmInit=0x561
000006c6                      main.o:_00267_DS_:
000006c6 e0fc                 BCR 0x3, 0x6
000006c7 feaf                 MOVR 0x50, 0x0
000006c8 ff2e                 MOVAR 0x51
000006c9 c111                 LGOTO 0x6ee; main.o:_00278_DS_=0x6ee
000006ca                      main.o:_00276_DS_:
000006ca e0fc                 BCR 0x3, 0x6
000006cb fed9                 MOVR 0x26, 0x0
000006cc dbfd                 XORIA 0x2
000006cd f6fc                 BTRSS 0x3, 0x2
000006ce c111                 LGOTO 0x6ee; main.o:_00278_DS_=0x6ee
000006cf feaf                 MOVR 0x50, 0x0
000006d0 f2fc                 BTRSC 0x3, 0x2
000006d1 c12b                 LGOTO 0x6d4; main.o:_00271_DS_=0x6d4
000006d2 d1a3                 LCALL 0x65c; _powerOff=0x65c
000006d3 c114                 LGOTO 0x6eb; main.o:_00272_DS_=0x6eb
000006d4                      main.o:_00271_DS_:
000006d4 defd                 MOVIA 0x2
000006d5 e0fc                 BCR 0x3, 0x6
000006d6 fbaa                 SUBAR 0x55, 0x0
000006d7 f3fc                 BTRSC 0x3, 0x0
000006d8 c121                 LGOTO 0x6de; main.o:_00269_DS_=0x6de
000006d9 de0b                 MOVIA 0xf4
000006da ff10                 MOVAR 0x6f
000006db defe                 MOVIA 0x1
000006dc ff0f                 MOVAR 0x70
000006dd c111                 LGOTO 0x6ee; main.o:_00278_DS_=0x6ee
000006de                      main.o:_00269_DS_:
000006de e0fc                 BCR 0x3, 0x6
000006df fd1f                 CLRR 0x60
000006e0 defe                 MOVIA 0x1
000006e1 ff2f                 MOVAR 0x50
000006e2 deaf                 MOVIA 0x50
000006e3 ffb3                 SFUN 0xc
000006e4 ff1e                 MOVAR 0x61
000006e5 ded7                 MOVIA 0x28
000006e6 ff2b                 MOVAR 0x54
000006e7 d29e                 LCALL 0x561; _pwmInit=0x561
000006e8 deef                 MOVIA 0x10
000006e9 e0fc                 BCR 0x3, 0x6
000006ea ff1c                 MOVAR 0x63
000006eb                      main.o:_00272_DS_:
000006eb e0fc                 BCR 0x3, 0x6
000006ec feaf                 MOVR 0x50, 0x0
000006ed ff2e                 MOVAR 0x51
000006ee                      main.o:_00278_DS_:
000006ee ffef                 RET
000006ef                      ___cinit_load__:
