00000000 c7fe                 LGOTO 0x1; __nyc_ny8_startup=0x1
00000001                      __nyc_ny8_startup:
00000001 d099                 LCALL 0x766; ___cinit_load__=0x766
00000002 c79a                 LGOTO 0x65; _main=0x65
00000003                      main.o:_00726_DS_:
00000003 f56f                 BTRSS 0x10, 0x5
00000004 c7fc                 LGOTO 0x3; main.o:_00726_DS_=0x3
00000005 ffef                 RET
00000008 c7f6                 LGOTO 0x9; main.o:__sdcc_interrupt=0x9
00000009                      main.o:__sdcc_interrupt:
00000009 ff3d                 MOVAR 0x42
0000000a eafc                 SWAPR 0x3, 0x0
0000000b fd7c                 CLRR 0x3
0000000c ff3e                 MOVAR 0x41
0000000d fef5                 MOVR 0xa, 0x0
0000000e fd75                 CLRR 0xa
0000000f ff3f                 MOVAR 0x40
00000010 fefb                 MOVR 0x4, 0x0
00000011 e0fc                 BCR 0x3, 0x6
00000012 ff1c                 MOVAR 0x63
00000013 feba                 MOVR 0x45, 0x0
00000014 ff1b                 MOVAR 0x64
00000015 febb                 MOVR 0x44, 0x0
00000016 ff1a                 MOVAR 0x65
00000017 f7f0                 BTRSS 0xf, 0x0
00000018 c7ae                 LGOTO 0x51; main.o:_00121_DS_=0x51
00000019 dec8                 MOVIA 0x37
0000001a fc7e                 ADDAR 0x1, 0x1
0000001b fa0b                 INCR 0x74, 0x1
0000001c de9b                 MOVIA 0x64
0000001d fb8b                 SUBAR 0x74, 0x0
0000001e f7fc                 BTRSS 0x3, 0x0
0000001f c7ae                 LGOTO 0x51; main.o:_00121_DS_=0x51
00000020 e78c                 BSR 0x73, 0x0
00000021 fd0b                 CLRR 0x74
00000022 fa08                 INCR 0x77, 0x1
00000023 deeb                 MOVIA 0x14
00000024 fb88                 SUBAR 0x77, 0x0
00000025 f7fc                 BTRSS 0x3, 0x0
00000026 c7d3                 LGOTO 0x2c; main.o:_00108_DS_=0x2c
00000027 fd08                 CLRR 0x77
00000028 e4fc                 BSR 0x3, 0x6
00000029 fed8                 MOVR 0x27, 0x0
0000002a f6fc                 BTRSS 0x3, 0x2
0000002b f958                 DECR 0x27, 0x1
0000002c                      main.o:_00108_DS_:
0000002c e0fc                 BCR 0x3, 0x6
0000002d fa06                 INCR 0x79, 0x1
0000002e f2fc                 BTRSC 0x3, 0x2
0000002f fa05                 INCR 0x7a, 0x1
00000030 defe                 MOVIA 0x1
00000031 fb85                 SUBAR 0x7a, 0x0
00000032 f6fc                 BTRSS 0x3, 0x2
00000033 c7c9                 LGOTO 0x36; main.o:_00155_DS_=0x36
00000034 de0b                 MOVIA 0xf4
00000035 fb86                 SUBAR 0x79, 0x0
00000036                      main.o:_00155_DS_:
00000036 f7fc                 BTRSS 0x3, 0x0
00000037 c7c4                 LGOTO 0x3b; main.o:_00110_DS_=0x3b
00000038 e0fc                 BCR 0x3, 0x6
00000039 fd06                 CLRR 0x79
0000003a fd05                 CLRR 0x7a
0000003b                      main.o:_00110_DS_:
0000003b e0fc                 BCR 0x3, 0x6
0000003c fa07                 INCR 0x78, 0x1
0000003d de9b                 MOVIA 0x64
0000003e fb87                 SUBAR 0x78, 0x0
0000003f f7fc                 BTRSS 0x3, 0x0
00000040 c7ae                 LGOTO 0x51; main.o:_00121_DS_=0x51
00000041 fd07                 CLRR 0x78
00000042 e4fc                 BSR 0x3, 0x6
00000043 fedf                 MOVR 0x20, 0x0
00000044 f6fc                 BTRSS 0x3, 0x2
00000045 f95f                 DECR 0x20, 0x1
00000046 e0fc                 BCR 0x3, 0x6
00000047 fe82                 MOVR 0x7d, 0x0
00000048 f2fc                 BTRSC 0x3, 0x2
00000049 c7b1                 LGOTO 0x4e; main.o:_00114_DS_=0x4e
0000004a fa04                 INCR 0x7b, 0x1
0000004b f2fc                 BTRSC 0x3, 0x2
0000004c fa03                 INCR 0x7c, 0x1
0000004d c7ae                 LGOTO 0x51; main.o:_00121_DS_=0x51
0000004e                      main.o:_00114_DS_:
0000004e e0fc                 BCR 0x3, 0x6
0000004f fd04                 CLRR 0x7b
00000050 fd03                 CLRR 0x7c
00000051                      main.o:_00121_DS_:
00000051 f770                 BTRSS 0xf, 0x1
00000052 c7aa                 LGOTO 0x55; main.o:_00123_DS_=0x55
00000053 de02                 MOVIA 0xfd
00000054 ff70                 MOVAR 0xf
00000055                      main.o:_00123_DS_:
00000055 fd70                 CLRR 0xf
00000056 e0fc                 BCR 0x3, 0x6
00000057 fe9a                 MOVR 0x65, 0x0
00000058 ff3b                 MOVAR 0x44
00000059 fe9b                 MOVR 0x64, 0x0
0000005a ff3a                 MOVAR 0x45
0000005b fe9c                 MOVR 0x63, 0x0
0000005c ff7b                 MOVAR 0x4
0000005d febf                 MOVR 0x40, 0x0
0000005e ff75                 MOVAR 0xa
0000005f fd7c                 CLRR 0x3
00000060 eabe                 SWAPR 0x41, 0x0
00000061 ff7c                 MOVAR 0x3
00000062 ea3d                 SWAPR 0x42, 0x1
00000063 eabd                 SWAPR 0x42, 0x0
00000064                      main.o:END_OF_INTERRUPT:
00000064 ffee                 RETIE
00000065                      _main:
00000065 d47d                 LCALL 0x382; _initSys=0x382
00000066 d4fb                 LCALL 0x304; _initAD=0x304
00000067 de9b                 MOVIA 0x64
00000068 e4fc                 BSR 0x3, 0x6
00000069 ff4c                 MOVAR 0x33
0000006a e0fc                 BCR 0x3, 0x6
0000006b                      ___cinit_size__:
0000006b e58c                 BSR 0x73, 0x4
0000006c e4fc                 BSR 0x3, 0x6
0000006d fd5f                 CLRR 0x20
0000006e e0fc                 BCR 0x3, 0x6
0000006f f58c                 BTRSS 0x73, 0x4
00000070 c78c                 LGOTO 0x73; main.o:_00009_DS_=0x73
00000071 e4fc                 BSR 0x3, 0x6
00000072 fa5f                 INCR 0x20, 0x1
00000073                      main.o:_00009_DS_:
00000073 def7                 MOVIA 0x8
00000074 e4fc                 BSR 0x3, 0x6
00000075 ff53                 MOVAR 0x2c
00000076 ff55                 MOVAR 0x2a
00000077 ff52                 MOVAR 0x2d
00000078 def7                 MOVIA 0x8
00000079 ff54                 MOVAR 0x2b
0000007a de05                 MOVIA 0xfa
0000007b d290                 LCALL 0x56f; _delayms=0x56f
0000007c                      main.o:_00210_DS_:
0000007c fffd                 CLRWDT
0000007d e0fc                 BCR 0x3, 0x6
0000007e f58c                 BTRSS 0x73, 0x4
0000007f c77d                 LGOTO 0x82; main.o:_00161_DS_=0x82
00000080 d3c3                 LCALL 0x43c; _refreshNub=0x43c
00000081 c77c                 LGOTO 0x83; main.o:_00162_DS_=0x83
00000082                      main.o:_00161_DS_:
00000082 d284                 LCALL 0x57b; _setInput=0x57b
00000083                      main.o:_00162_DS_:
00000083 e0fc                 BCR 0x3, 0x6
00000084 fe82                 MOVR 0x7d, 0x0
00000085 f2fc                 BTRSC 0x3, 0x2
00000086 c763                 LGOTO 0x9c; main.o:_00169_DS_=0x9c
00000087 ded7                 MOVIA 0x28
00000088 e4fc                 BSR 0x3, 0x6
00000089 fbdb                 SUBAR 0x24, 0x0
0000008a f7fc                 BTRSS 0x3, 0x0
0000008b c763                 LGOTO 0x9c; main.o:_00169_DS_=0x9c
0000008c fed0                 MOVR 0x2f, 0x0
0000008d fbdb                 SUBAR 0x24, 0x0
0000008e f3fc                 BTRSC 0x3, 0x0
0000008f c76b                 LGOTO 0x94; main.o:_00166_DS_=0x94
00000090 f950                 DECR 0x2f, 0x1
00000091 fed0                 MOVR 0x2f, 0x0
00000092 ffb3                 SFUN 0xc
00000093 c763                 LGOTO 0x9c; main.o:_00169_DS_=0x9c
00000094                      main.o:_00166_DS_:
00000094 e4fc                 BSR 0x3, 0x6
00000095 fedb                 MOVR 0x24, 0x0
00000096 fbd0                 SUBAR 0x2f, 0x0
00000097 f3fc                 BTRSC 0x3, 0x0
00000098 c763                 LGOTO 0x9c; main.o:_00169_DS_=0x9c
00000099 fa50                 INCR 0x2f, 0x1
0000009a fed0                 MOVR 0x2f, 0x0
0000009b ffb3                 SFUN 0xc
0000009c                      main.o:_00169_DS_:
0000009c e0fc                 BCR 0x3, 0x6
0000009d fe82                 MOVR 0x7d, 0x0
0000009e f2fc                 BTRSC 0x3, 0x2
0000009f c755                 LGOTO 0xaa; main.o:_00172_DS_=0xaa
000000a0 e4fc                 BSR 0x3, 0x6
000000a1 fedd                 MOVR 0x22, 0x0
000000a2 fbde                 SUBAR 0x21, 0x0
000000a3 f3fc                 BTRSC 0x3, 0x0
000000a4 c755                 LGOTO 0xaa; main.o:_00172_DS_=0xaa
000000a5 f95d                 DECR 0x22, 0x1
000000a6 fedd                 MOVR 0x22, 0x0
000000a7 ffb3                 SFUN 0xc
000000a8 fedd                 MOVR 0x22, 0x0
000000a9 ff50                 MOVAR 0x2f
000000aa                      main.o:_00172_DS_:
000000aa e0fc                 BCR 0x3, 0x6
000000ab f78c                 BTRSS 0x73, 0x0
000000ac c783                 LGOTO 0x7c; main.o:_00210_DS_=0x7c
000000ad e38c                 BCR 0x73, 0x0
000000ae e4fc                 BSR 0x3, 0x6
000000af fecc                 MOVR 0x33, 0x0
000000b0 f2fc                 BTRSC 0x3, 0x2
000000b1 c74a                 LGOTO 0xb5; main.o:_00177_DS_=0xb5
000000b2 f94c                 DECR 0x33, 0x1
000000b3 fed1                 MOVR 0x2e, 0x0
000000b4 ff4f                 MOVAR 0x30
000000b5                      main.o:_00177_DS_:
000000b5 defa                 MOVIA 0x5
000000b6 e4fc                 BSR 0x3, 0x6
000000b7 fbd1                 SUBAR 0x2e, 0x0
000000b8 f3fc                 BTRSC 0x3, 0x0
000000b9 c72d                 LGOTO 0xd2; main.o:_00181_DS_=0xd2
000000ba e0fc                 BCR 0x3, 0x6
000000bb fe82                 MOVR 0x7d, 0x0
000000bc f2fc                 BTRSC 0x3, 0x2
000000bd c72d                 LGOTO 0xd2; main.o:_00181_DS_=0xd2
000000be e4fc                 BSR 0x3, 0x6
000000bf fa4e                 INCR 0x31, 0x1
000000c0 f2fc                 BTRSC 0x3, 0x2
000000c1 fa4d                 INCR 0x32, 0x1
000000c2 dee8                 MOVIA 0x17
000000c3 fbcd                 SUBAR 0x32, 0x0
000000c4 f6fc                 BTRSS 0x3, 0x2
000000c5 c737                 LGOTO 0xc8; main.o:_00300_DS_=0xc8
000000c6 de8f                 MOVIA 0x70
000000c7 fbce                 SUBAR 0x31, 0x0
000000c8                      main.o:_00300_DS_:
000000c8 f7fc                 BTRSS 0x3, 0x0
000000c9 c72a                 LGOTO 0xd5; main.o:_00182_DS_=0xd5
000000ca e4fc                 BSR 0x3, 0x6
000000cb fd4e                 CLRR 0x31
000000cc fd4d                 CLRR 0x32
000000cd fd4f                 CLRR 0x30
000000ce e0fc                 BCR 0x3, 0x6
000000cf fd02                 CLRR 0x7d
000000d0 d4a3                 LCALL 0x35c; _pwmStop=0x35c
000000d1 c72a                 LGOTO 0xd5; main.o:_00182_DS_=0xd5
000000d2                      main.o:_00181_DS_:
000000d2 e4fc                 BSR 0x3, 0x6
000000d3 fd4e                 CLRR 0x31
000000d4 fd4d                 CLRR 0x32
000000d5                      main.o:_00182_DS_:
000000d5 defa                 MOVIA 0x5
000000d6 e4fc                 BSR 0x3, 0x6
000000d7 fbdc                 SUBAR 0x23, 0x0
000000d8 f7fc                 BTRSS 0x3, 0x0
000000d9 c70d                 LGOTO 0xf2; main.o:_00187_DS_=0xf2
000000da e0fc                 BCR 0x3, 0x6
000000db fe82                 MOVR 0x7d, 0x0
000000dc f2fc                 BTRSC 0x3, 0x2
000000dd c70d                 LGOTO 0xf2; main.o:_00187_DS_=0xf2
000000de e4fc                 BSR 0x3, 0x6
000000df fa5a                 INCR 0x25, 0x1
000000e0 f2fc                 BTRSC 0x3, 0x2
000000e1 fa59                 INCR 0x26, 0x1
000000e2 deff                 MOVIA 0x0
000000e3 fbd9                 SUBAR 0x26, 0x0
000000e4 f6fc                 BTRSS 0x3, 0x2
000000e5 c717                 LGOTO 0xe8; main.o:_00302_DS_=0xe8
000000e6 de04                 MOVIA 0xfb
000000e7 fbda                 SUBAR 0x25, 0x0
000000e8                      main.o:_00302_DS_:
000000e8 f7fc                 BTRSS 0x3, 0x0
000000e9 c70a                 LGOTO 0xf5; main.o:_00188_DS_=0xf5
000000ea e4fc                 BSR 0x3, 0x6
000000eb fd5c                 CLRR 0x23
000000ec fd5a                 CLRR 0x25
000000ed fd59                 CLRR 0x26
000000ee dee6                 MOVIA 0x19
000000ef ff58                 MOVAR 0x27
000000f0 d481                 LCALL 0x37e; _powerOff=0x37e
000000f1 c70a                 LGOTO 0xf5; main.o:_00188_DS_=0xf5
000000f2                      main.o:_00187_DS_:
000000f2 e4fc                 BSR 0x3, 0x6
000000f3 fd5a                 CLRR 0x25
000000f4 fd59                 CLRR 0x26
000000f5                      main.o:_00188_DS_:
000000f5 defc                 MOVIA 0x3
000000f6 e0fc                 BCR 0x3, 0x6
000000f7 fb88                 SUBAR 0x77, 0x0
000000f8 f3fc                 BTRSC 0x3, 0x0
000000f9 c703                 LGOTO 0xfc; main.o:_00194_DS_=0xfc
000000fa d5d1                 LCALL 0x22e; _checkBatAD=0x22e
000000fb c6fa                 LGOTO 0x105; main.o:_00195_DS_=0x105
000000fc                      main.o:_00194_DS_:
000000fc def9                 MOVIA 0x6
000000fd e0fc                 BCR 0x3, 0x6
000000fe fb88                 SUBAR 0x77, 0x0
000000ff f7fc                 BTRSS 0x3, 0x0
00000100 c6fa                 LGOTO 0x105; main.o:_00195_DS_=0x105
00000101 deec                 MOVIA 0x13
00000102 fb88                 SUBAR 0x77, 0x0
00000103 f7fc                 BTRSS 0x3, 0x0
00000104 d67a                 LCALL 0x185; _checkOutA=0x185
00000105                      main.o:_00195_DS_:
00000105 d37b                 LCALL 0x484; _chrgCtr=0x484
00000106 e0fc                 BCR 0x3, 0x6
00000107 f60c                 BTRSS 0x73, 0x3
00000108 d462                 LCALL 0x39d; _keyCtr=0x39d
00000109 e0fc                 BCR 0x3, 0x6
0000010a fe82                 MOVR 0x7d, 0x0
0000010b f6fc                 BTRSS 0x3, 0x2
0000010c c6d7                 LGOTO 0x128; main.o:_00201_DS_=0x128
0000010d fe81                 MOVR 0x7e, 0x0
0000010e f6fc                 BTRSS 0x3, 0x2
0000010f c6d7                 LGOTO 0x128; main.o:_00201_DS_=0x128
00000110 f20c                 BTRSC 0x73, 0x3
00000111 c6d7                 LGOTO 0x128; main.o:_00201_DS_=0x128
00000112 e4fc                 BSR 0x3, 0x6
00000113 fedf                 MOVR 0x20, 0x0
00000114 f6fc                 BTRSS 0x3, 0x2
00000115 c6d7                 LGOTO 0x128; main.o:_00201_DS_=0x128
00000116 fed8                 MOVR 0x27, 0x0
00000117 f6fc                 BTRSS 0x3, 0x2
00000118 c6d7                 LGOTO 0x128; main.o:_00201_DS_=0x128
00000119 e0fc                 BCR 0x3, 0x6
0000011a e18c                 BCR 0x73, 0x4
0000011b fa0a                 INCR 0x75, 0x1
0000011c f2fc                 BTRSC 0x3, 0x2
0000011d fa09                 INCR 0x76, 0x1
0000011e deff                 MOVIA 0x0
0000011f fb89                 SUBAR 0x76, 0x0
00000120 f6fc                 BTRSS 0x3, 0x2
00000121 c6db                 LGOTO 0x124; main.o:_00306_DS_=0x124
00000122 de36                 MOVIA 0xc9
00000123 fb8a                 SUBAR 0x75, 0x0
00000124                      main.o:_00306_DS_:
00000124 f7fc                 BTRSS 0x3, 0x0
00000125 c6d4                 LGOTO 0x12b; main.o:_00202_DS_=0x12b
00000126 d4c8                 LCALL 0x337; _gotoSleep=0x337
00000127 c6d4                 LGOTO 0x12b; main.o:_00202_DS_=0x12b
00000128                      main.o:_00201_DS_:
00000128 e0fc                 BCR 0x3, 0x6
00000129 fd0a                 CLRR 0x75
0000012a fd09                 CLRR 0x76
0000012b                      main.o:_00202_DS_:
0000012b defc                 MOVIA 0x3
0000012c e0fc                 BCR 0x3, 0x6
0000012d fb83                 SUBAR 0x7c, 0x0
0000012e f6fc                 BTRSS 0x3, 0x2
0000012f c6cd                 LGOTO 0x132; main.o:_00307_DS_=0x132
00000130 de7b                 MOVIA 0x84
00000131 fb84                 SUBAR 0x7b, 0x0
00000132                      main.o:_00307_DS_:
00000132 f7fc                 BTRSS 0x3, 0x0
00000133 c783                 LGOTO 0x7c; main.o:_00210_DS_=0x7c
00000134 d481                 LCALL 0x37e; _powerOff=0x37e
00000135 c783                 LGOTO 0x7c; main.o:_00210_DS_=0x7c
00000136 ffef                 RET
00000137                      _F_AIN2_Convert:
00000137 e0fc                 BCR 0x3, 0x6
00000138 ff42                 MOVAR 0x3d
00000139 fd5a                 CLRR 0x25
0000013a fd5c                 CLRR 0x23
0000013b fd5b                 CLRR 0x24
0000013c de6d                 MOVIA 0x92
0000013d ff6f                 MOVAR 0x10
0000013e de37                 MOVIA 0xc8
0000013f d290                 LCALL 0x56f; _delayms=0x56f
00000140 defe                 MOVIA 0x1
00000141 e0fc                 BCR 0x3, 0x6
00000142 ff41                 MOVAR 0x3e
00000143                      main.o:_00719_DS_:
00000143 e0fc                 BCR 0x3, 0x6
00000144 fec1                 MOVR 0x3e, 0x0
00000145 fbc2                 SUBAR 0x3d, 0x0
00000146 f7fc                 BTRSS 0x3, 0x0
00000147 c6a2                 LGOTO 0x15d; main.o:_00721_DS_=0x15d
00000148 e4ef                 BSR 0x10, 0x6
00000149 d7fc                 LCALL 0x3; main.o:_00726_DS_=0x3
0000014a def0                 MOVIA 0xf
0000014b efee                 ANDAR 0x11, 0x0
0000014c e0fc                 BCR 0x3, 0x6
0000014d fc5a                 ADDAR 0x25, 0x1
0000014e feed                 MOVR 0x12, 0x0
0000014f ff40                 MOVAR 0x3f
00000150 deff                 MOVIA 0x0
00000151 ff39                 MOVAR 0x46
00000152 fec0                 MOVR 0x3f, 0x0
00000153 fc5c                 ADDAR 0x23, 0x1
00000154 feb9                 MOVR 0x46, 0x0
00000155 f3fc                 BTRSC 0x3, 0x0
00000156 fab9                 INCR 0x46, 0x0
00000157 f2fc                 BTRSC 0x3, 0x2
00000158 c6a5                 LGOTO 0x15a; main.o:_00001_DS_=0x15a
00000159 fc5b                 ADDAR 0x24, 0x1
0000015a                      main.o:_00001_DS_:
0000015a e0fc                 BCR 0x3, 0x6
0000015b fa41                 INCR 0x3e, 0x1
0000015c c6bc                 LGOTO 0x143; main.o:_00719_DS_=0x143
0000015d                      main.o:_00721_DS_:
0000015d ffef                 RET
0000015e                      _F_AIN4_Convert:
0000015e e0fc                 BCR 0x3, 0x6
0000015f ff46                 MOVAR 0x39
00000160 fd5d                 CLRR 0x22
00000161 fd5f                 CLRR 0x20
00000162 fd5e                 CLRR 0x21
00000163 de6b                 MOVIA 0x94
00000164 ff6f                 MOVAR 0x10
00000165 de37                 MOVIA 0xc8
00000166 d290                 LCALL 0x56f; _delayms=0x56f
00000167 defe                 MOVIA 0x1
00000168 e0fc                 BCR 0x3, 0x6
00000169 ff45                 MOVAR 0x3a
0000016a                      main.o:_00710_DS_:
0000016a e0fc                 BCR 0x3, 0x6
0000016b fec5                 MOVR 0x3a, 0x0
0000016c fbc6                 SUBAR 0x39, 0x0
0000016d f7fc                 BTRSS 0x3, 0x0
0000016e c67b                 LGOTO 0x184; main.o:_00712_DS_=0x184
0000016f e4ef                 BSR 0x10, 0x6
00000170 d7fc                 LCALL 0x3; main.o:_00726_DS_=0x3
00000171 def0                 MOVIA 0xf
00000172 efee                 ANDAR 0x11, 0x0
00000173 e0fc                 BCR 0x3, 0x6
00000174 fc5d                 ADDAR 0x22, 0x1
00000175 feed                 MOVR 0x12, 0x0
00000176 ff44                 MOVAR 0x3b
00000177 deff                 MOVIA 0x0
00000178 ff43                 MOVAR 0x3c
00000179 fec4                 MOVR 0x3b, 0x0
0000017a fc5f                 ADDAR 0x20, 0x1
0000017b fec3                 MOVR 0x3c, 0x0
0000017c f3fc                 BTRSC 0x3, 0x0
0000017d fac3                 INCR 0x3c, 0x0
0000017e f2fc                 BTRSC 0x3, 0x2
0000017f c67e                 LGOTO 0x181; main.o:_00002_DS_=0x181
00000180 fc5e                 ADDAR 0x21, 0x1
00000181                      main.o:_00002_DS_:
00000181 e0fc                 BCR 0x3, 0x6
00000182 fa45                 INCR 0x3a, 0x1
00000183 c695                 LGOTO 0x16a; main.o:_00710_DS_=0x16a
00000184                      main.o:_00712_DS_:
00000184 ffef                 RET
00000185                      _checkOutA:
00000185 e0fc                 BCR 0x3, 0x6
00000186 fd5d                 CLRR 0x22
00000187 fd5f                 CLRR 0x20
00000188 fd5e                 CLRR 0x21
00000189 def7                 MOVIA 0x8
0000018a d6a1                 LCALL 0x15e; _F_AIN4_Convert=0x15e
0000018b e0fc                 BCR 0x3, 0x6
0000018c eade                 SWAPR 0x21, 0x0
0000018d dd0f                 ANDIA 0xf0
0000018e ff5e                 MOVAR 0x21
0000018f eadf                 SWAPR 0x20, 0x0
00000190 ff5f                 MOVAR 0x20
00000191 ddf0                 ANDIA 0xf
00000192 ee5e                 IORAR 0x21, 0x1
00000193 ed5f                 XORAR 0x20, 0x1
00000194 de0f                 MOVIA 0xf0
00000195 ef5d                 ANDAR 0x22, 0x1
00000196 fedd                 MOVR 0x22, 0x0
00000197 ff48                 MOVAR 0x37
00000198 ff4a                 MOVAR 0x35
00000199 fd49                 CLRR 0x36
0000019a deff                 MOVIA 0x0
0000019b ff47                 MOVAR 0x38
0000019c fec8                 MOVR 0x37, 0x0
0000019d fc5f                 ADDAR 0x20, 0x1
0000019e fec7                 MOVR 0x38, 0x0
0000019f f3fc                 BTRSC 0x3, 0x0
000001a0 fac7                 INCR 0x38, 0x0
000001a1 f2fc                 BTRSC 0x3, 0x2
000001a2 c65b                 LGOTO 0x1a4; main.o:_00003_DS_=0x1a4
000001a3 fc5e                 ADDAR 0x21, 0x1
000001a4                      main.o:_00003_DS_:
000001a4 e3fc                 BCR 0x3, 0x0
000001a5 e0fc                 BCR 0x3, 0x6
000001a6 ec5e                 RRR 0x21, 0x1
000001a7 ec5f                 RRR 0x20, 0x1
000001a8 e3fc                 BCR 0x3, 0x0
000001a9 ec5e                 RRR 0x21, 0x1
000001aa ec5f                 RRR 0x20, 0x1
000001ab e3fc                 BCR 0x3, 0x0
000001ac ec5e                 RRR 0x21, 0x1
000001ad ec5f                 RRR 0x20, 0x1
000001ae def9                 MOVIA 0x6
000001af fb82                 SUBAR 0x7d, 0x0
000001b0 f3fc                 BTRSC 0x3, 0x0
000001b1 c63c                 LGOTO 0x1c3; main.o:_00650_DS_=0x1c3
000001b2 deff                 MOVIA 0x0
000001b3 fbde                 SUBAR 0x21, 0x0
000001b4 f6fc                 BTRSS 0x3, 0x2
000001b5 c647                 LGOTO 0x1b8; main.o:_00695_DS_=0x1b8
000001b6 de36                 MOVIA 0xc9
000001b7 fbdf                 SUBAR 0x20, 0x0
000001b8                      main.o:_00695_DS_:
000001b8 f7fc                 BTRSS 0x3, 0x0
000001b9 c63c                 LGOTO 0x1c3; main.o:_00650_DS_=0x1c3
000001ba e4fc                 BSR 0x3, 0x6
000001bb fa5c                 INCR 0x23, 0x1
000001bc def9                 MOVIA 0x6
000001bd fbdc                 SUBAR 0x23, 0x0
000001be f7fc                 BTRSS 0x3, 0x0
000001bf c5d2                 LGOTO 0x22d; main.o:_00653_DS_=0x22d
000001c0 defa                 MOVIA 0x5
000001c1 ff5c                 MOVAR 0x23
000001c2 c5d2                 LGOTO 0x22d; main.o:_00653_DS_=0x22d
000001c3                      main.o:_00650_DS_:
000001c3 defe                 MOVIA 0x1
000001c4 e0fc                 BCR 0x3, 0x6
000001c5 fbde                 SUBAR 0x21, 0x0
000001c6 f6fc                 BTRSS 0x3, 0x2
000001c7 c635                 LGOTO 0x1ca; main.o:_00697_DS_=0x1ca
000001c8 de6e                 MOVIA 0x91
000001c9 fbdf                 SUBAR 0x20, 0x0
000001ca                      main.o:_00697_DS_:
000001ca f7fc                 BTRSS 0x3, 0x0
000001cb c62a                 LGOTO 0x1d5; main.o:_00647_DS_=0x1d5
000001cc e4fc                 BSR 0x3, 0x6
000001cd fa5c                 INCR 0x23, 0x1
000001ce def9                 MOVIA 0x6
000001cf fbdc                 SUBAR 0x23, 0x0
000001d0 f7fc                 BTRSS 0x3, 0x0
000001d1 c5d2                 LGOTO 0x22d; main.o:_00653_DS_=0x22d
000001d2 defa                 MOVIA 0x5
000001d3 ff5c                 MOVAR 0x23
000001d4 c5d2                 LGOTO 0x22d; main.o:_00653_DS_=0x22d
000001d5                      main.o:_00647_DS_:
000001d5 deff                 MOVIA 0x0
000001d6 e0fc                 BCR 0x3, 0x6
000001d7 fbde                 SUBAR 0x21, 0x0
000001d8 f6fc                 BTRSS 0x3, 0x2
000001d9 c623                 LGOTO 0x1dc; main.o:_00699_DS_=0x1dc
000001da deb1                 MOVIA 0x4e
000001db fbdf                 SUBAR 0x20, 0x0
000001dc                      main.o:_00699_DS_:
000001dc f7fc                 BTRSS 0x3, 0x0
000001dd c609                 LGOTO 0x1f6; main.o:_00644_DS_=0x1f6
000001de e4fc                 BSR 0x3, 0x6
000001df fedc                 MOVR 0x23, 0x0
000001e0 f6fc                 BTRSS 0x3, 0x2
000001e1 f95c                 DECR 0x23, 0x1
000001e2 defa                 MOVIA 0x5
000001e3 ff3a                 MOVAR 0x45
000001e4 e0fc                 BCR 0x3, 0x6
000001e5 fe82                 MOVR 0x7d, 0x0
000001e6 d112                 LCALL 0x6ed; __mulchar=0x6ed
000001e7 e0fc                 BCR 0x3, 0x6
000001e8 ff4a                 MOVAR 0x35
000001e9 deb9                 MOVIA 0x46
000001ea fcca                 ADDAR 0x35, 0x0
000001eb e4fc                 BSR 0x3, 0x6
000001ec ff5b                 MOVAR 0x24
000001ed e0fc                 BCR 0x3, 0x6
000001ee fe82                 MOVR 0x7d, 0x0
000001ef dbfe                 XORIA 0x1
000001f0 f6fc                 BTRSS 0x3, 0x2
000001f1 c5d2                 LGOTO 0x22d; main.o:_00653_DS_=0x22d
000001f2 e4fc                 BSR 0x3, 0x6
000001f3 fa5b                 INCR 0x24, 0x1
000001f4 fa5b                 INCR 0x24, 0x1
000001f5 c5d2                 LGOTO 0x22d; main.o:_00653_DS_=0x22d
000001f6                      main.o:_00644_DS_:
000001f6 ded7                 MOVIA 0x28
000001f7 e0fc                 BCR 0x3, 0x6
000001f8 ff4a                 MOVAR 0x35
000001f9 deb8                 MOVIA 0x47
000001fa e4fc                 BSR 0x3, 0x6
000001fb fbd1                 SUBAR 0x2e, 0x0
000001fc f7fc                 BTRSS 0x3, 0x0
000001fd c5fe                 LGOTO 0x201; main.o:_00634_DS_=0x201
000001fe dec5                 MOVIA 0x3a
000001ff e0fc                 BCR 0x3, 0x6
00000200 ff4a                 MOVAR 0x35
00000201                      main.o:_00634_DS_:
00000201 e4fc                 BSR 0x3, 0x6
00000202 fedc                 MOVR 0x23, 0x0
00000203 f6fc                 BTRSS 0x3, 0x2
00000204 f95c                 DECR 0x23, 0x1
00000205 e0fc                 BCR 0x3, 0x6
00000206 feca                 MOVR 0x35, 0x0
00000207 ff49                 MOVAR 0x36
00000208 fd48                 CLRR 0x37
00000209 fede                 MOVR 0x21, 0x0
0000020a fbc8                 SUBAR 0x37, 0x0
0000020b f6fc                 BTRSS 0x3, 0x2
0000020c c5f0                 LGOTO 0x20f; main.o:_00701_DS_=0x20f
0000020d fedf                 MOVR 0x20, 0x0
0000020e fbc9                 SUBAR 0x36, 0x0
0000020f                      main.o:_00701_DS_:
0000020f f3fc                 BTRSC 0x3, 0x0
00000210 c5de                 LGOTO 0x221; main.o:_00640_DS_=0x221
00000211 defb                 MOVIA 0x4
00000212 e0fc                 BCR 0x3, 0x6
00000213 fb82                 SUBAR 0x7d, 0x0
00000214 f3fc                 BTRSC 0x3, 0x0
00000215 c5de                 LGOTO 0x221; main.o:_00640_DS_=0x221
00000216 defa                 MOVIA 0x5
00000217 ff3a                 MOVAR 0x45
00000218 fe82                 MOVR 0x7d, 0x0
00000219 d112                 LCALL 0x6ed; __mulchar=0x6ed
0000021a e0fc                 BCR 0x3, 0x6
0000021b ff4a                 MOVAR 0x35
0000021c deb9                 MOVIA 0x46
0000021d fcca                 ADDAR 0x35, 0x0
0000021e e4fc                 BSR 0x3, 0x6
0000021f ff5b                 MOVAR 0x24
00000220 c5d2                 LGOTO 0x22d; main.o:_00653_DS_=0x22d
00000221                      main.o:_00640_DS_:
00000221 deff                 MOVIA 0x0
00000222 e0fc                 BCR 0x3, 0x6
00000223 fbde                 SUBAR 0x21, 0x0
00000224 f6fc                 BTRSS 0x3, 0x2
00000225 c5d7                 LGOTO 0x228; main.o:_00703_DS_=0x228
00000226 deb4                 MOVIA 0x4b
00000227 fbdf                 SUBAR 0x20, 0x0
00000228                      main.o:_00703_DS_:
00000228 f3fc                 BTRSC 0x3, 0x0
00000229 c5d2                 LGOTO 0x22d; main.o:_00653_DS_=0x22d
0000022a e4fc                 BSR 0x3, 0x6
0000022b fede                 MOVR 0x21, 0x0
0000022c ff5b                 MOVAR 0x24
0000022d                      main.o:_00653_DS_:
0000022d ffef                 RET
0000022e                      _checkBatAD:
0000022e e0fc                 BCR 0x3, 0x6
0000022f fd5a                 CLRR 0x25
00000230 fd5c                 CLRR 0x23
00000231 fd5b                 CLRR 0x24
00000232 def7                 MOVIA 0x8
00000233 d6c8                 LCALL 0x137; _F_AIN2_Convert=0x137
00000234 e0fc                 BCR 0x3, 0x6
00000235 eadb                 SWAPR 0x24, 0x0
00000236 dd0f                 ANDIA 0xf0
00000237 ff5b                 MOVAR 0x24
00000238 eadc                 SWAPR 0x23, 0x0
00000239 ff5c                 MOVAR 0x23
0000023a ddf0                 ANDIA 0xf
0000023b ee5b                 IORAR 0x24, 0x1
0000023c ed5c                 XORAR 0x23, 0x1
0000023d de0f                 MOVIA 0xf0
0000023e ef5a                 ANDAR 0x25, 0x1
0000023f feda                 MOVR 0x25, 0x0
00000240 ff4c                 MOVAR 0x33
00000241 ff4e                 MOVAR 0x31
00000242 fd4d                 CLRR 0x32
00000243 deff                 MOVIA 0x0
00000244 ff4b                 MOVAR 0x34
00000245 fecc                 MOVR 0x33, 0x0
00000246 fc5c                 ADDAR 0x23, 0x1
00000247 fecb                 MOVR 0x34, 0x0
00000248 f3fc                 BTRSC 0x3, 0x0
00000249 facb                 INCR 0x34, 0x0
0000024a f2fc                 BTRSC 0x3, 0x2
0000024b c5b2                 LGOTO 0x24d; main.o:_00004_DS_=0x24d
0000024c fc5b                 ADDAR 0x24, 0x1
0000024d                      main.o:_00004_DS_:
0000024d e3fc                 BCR 0x3, 0x0
0000024e e0fc                 BCR 0x3, 0x6
0000024f ec5b                 RRR 0x24, 0x1
00000250 ec5c                 RRR 0x23, 0x1
00000251 e3fc                 BCR 0x3, 0x0
00000252 ec5b                 RRR 0x24, 0x1
00000253 ec5c                 RRR 0x23, 0x1
00000254 e3fc                 BCR 0x3, 0x0
00000255 ec5b                 RRR 0x24, 0x1
00000256 ec5c                 RRR 0x23, 0x1
00000257 defb                 MOVIA 0x4
00000258 fbdb                 SUBAR 0x24, 0x0
00000259 f6fc                 BTRSS 0x3, 0x2
0000025a c5a2                 LGOTO 0x25d; main.o:_00618_DS_=0x25d
0000025b de64                 MOVIA 0x9b
0000025c fbdc                 SUBAR 0x23, 0x0
0000025d                      main.o:_00618_DS_:
0000025d f3fc                 BTRSC 0x3, 0x0
0000025e c59a                 LGOTO 0x265; main.o:_00563_DS_=0x265
0000025f e0fc                 BCR 0x3, 0x6
00000260 fd00                 CLRR 0x7f
00000261 de6d                 MOVIA 0x92
00000262 ff5c                 MOVAR 0x23
00000263 defb                 MOVIA 0x4
00000264 ff5b                 MOVAR 0x24
00000265                      main.o:_00563_DS_:
00000265 de91                 MOVIA 0x6e
00000266 e0fc                 BCR 0x3, 0x6
00000267 fc5c                 ADDAR 0x23, 0x1
00000268 de04                 MOVIA 0xfb
00000269 f3fc                 BTRSC 0x3, 0x0
0000026a de03                 MOVIA 0xfc
0000026b fc5b                 ADDAR 0x24, 0x1
0000026c defe                 MOVIA 0x1
0000026d fbdb                 SUBAR 0x24, 0x0
0000026e f6fc                 BTRSS 0x3, 0x2
0000026f c58d                 LGOTO 0x272; main.o:_00619_DS_=0x272
00000270 deab                 MOVIA 0x54
00000271 fbdc                 SUBAR 0x23, 0x0
00000272                      main.o:_00619_DS_:
00000272 f7fc                 BTRSS 0x3, 0x0
00000273 c56f                 LGOTO 0x290; main.o:_00570_DS_=0x290
00000274 de2b                 MOVIA 0xd4
00000275 e0fc                 BCR 0x3, 0x6
00000276 fcdc                 ADDAR 0x23, 0x0
00000277 ff4e                 MOVAR 0x31
00000278 de01                 MOVIA 0xfe
00000279 ff4d                 MOVAR 0x32
0000027a fedb                 MOVR 0x24, 0x0
0000027b f3fc                 BTRSC 0x3, 0x0
0000027c fadb                 INCR 0x24, 0x0
0000027d f2fc                 BTRSC 0x3, 0x2
0000027e c57f                 LGOTO 0x280; main.o:_00005_DS_=0x280
0000027f fc4d                 ADDAR 0x32, 0x1
00000280                      main.o:_00005_DS_:
00000280 e3fc                 BCR 0x3, 0x0
00000281 e0fc                 BCR 0x3, 0x6
00000282 eccd                 RRR 0x32, 0x0
00000283 ff4b                 MOVAR 0x34
00000284 ecce                 RRR 0x31, 0x0
00000285 ff4c                 MOVAR 0x33
00000286 e3fc                 BCR 0x3, 0x0
00000287 ec4b                 RRR 0x34, 0x1
00000288 ec4c                 RRR 0x33, 0x1
00000289 fecc                 MOVR 0x33, 0x0
0000028a ff4e                 MOVAR 0x31
0000028b deaf                 MOVIA 0x50
0000028c fcce                 ADDAR 0x31, 0x0
0000028d e4fc                 BSR 0x3, 0x6
0000028e ff51                 MOVAR 0x2e
0000028f c53a                 LGOTO 0x2c5; main.o:_00571_DS_=0x2c5
00000290                      main.o:_00570_DS_:
00000290 deff                 MOVIA 0x0
00000291 e0fc                 BCR 0x3, 0x6
00000292 fbdb                 SUBAR 0x24, 0x0
00000293 f6fc                 BTRSS 0x3, 0x2
00000294 c568                 LGOTO 0x297; main.o:_00620_DS_=0x297
00000295 de37                 MOVIA 0xc8
00000296 fbdc                 SUBAR 0x23, 0x0
00000297                      main.o:_00620_DS_:
00000297 f7fc                 BTRSS 0x3, 0x0
00000298 c549                 LGOTO 0x2b6; main.o:_00567_DS_=0x2b6
00000299 dec7                 MOVIA 0x38
0000029a e0fc                 BCR 0x3, 0x6
0000029b fcdc                 ADDAR 0x23, 0x0
0000029c ff4e                 MOVAR 0x31
0000029d de00                 MOVIA 0xff
0000029e ff4c                 MOVAR 0x33
0000029f fedb                 MOVR 0x24, 0x0
000002a0 f3fc                 BTRSC 0x3, 0x0
000002a1 fadb                 INCR 0x24, 0x0
000002a2 f2fc                 BTRSC 0x3, 0x2
000002a3 c55a                 LGOTO 0x2a5; main.o:_00006_DS_=0x2a5
000002a4 fc4c                 ADDAR 0x33, 0x1
000002a5                      main.o:_00006_DS_:
000002a5 e3fc                 BCR 0x3, 0x0
000002a6 e0fc                 BCR 0x3, 0x6
000002a7 eccc                 RRR 0x33, 0x0
000002a8 ecce                 RRR 0x31, 0x0
000002a9 ff4b                 MOVAR 0x34
000002aa ff4e                 MOVAR 0x31
000002ab dee6                 MOVIA 0x19
000002ac fcce                 ADDAR 0x31, 0x0
000002ad e4fc                 BSR 0x3, 0x6
000002ae ff51                 MOVAR 0x2e
000002af de9f                 MOVIA 0x60
000002b0 fbd1                 SUBAR 0x2e, 0x0
000002b1 f7fc                 BTRSS 0x3, 0x0
000002b2 c53a                 LGOTO 0x2c5; main.o:_00571_DS_=0x2c5
000002b3 dea5                 MOVIA 0x5a
000002b4 ff51                 MOVAR 0x2e
000002b5 c53a                 LGOTO 0x2c5; main.o:_00571_DS_=0x2c5
000002b6                      main.o:_00567_DS_:
000002b6 e3fc                 BCR 0x3, 0x0
000002b7 e0fc                 BCR 0x3, 0x6
000002b8 ecdb                 RRR 0x24, 0x0
000002b9 ff4b                 MOVAR 0x34
000002ba ecdc                 RRR 0x23, 0x0
000002bb ff4e                 MOVAR 0x31
000002bc e3fc                 BCR 0x3, 0x0
000002bd ec4b                 RRR 0x34, 0x1
000002be ec4e                 RRR 0x31, 0x1
000002bf e3fc                 BCR 0x3, 0x0
000002c0 ec4b                 RRR 0x34, 0x1
000002c1 ec4e                 RRR 0x31, 0x1
000002c2 fece                 MOVR 0x31, 0x0
000002c3 e4fc                 BSR 0x3, 0x6
000002c4 ff51                 MOVAR 0x2e
000002c5                      main.o:_00571_DS_:
000002c5 e0fc                 BCR 0x3, 0x6
000002c6 f67a                 BTRSS 0x5, 0x3
000002c7 c507                 LGOTO 0x2f8; main.o:_00584_DS_=0x2f8
000002c8 dee0                 MOVIA 0x1f
000002c9 e4fc                 BSR 0x3, 0x6
000002ca fbd1                 SUBAR 0x2e, 0x0
000002cb f7fc                 BTRSS 0x3, 0x0
000002cc c523                 LGOTO 0x2dc; main.o:_00578_DS_=0x2dc
000002cd de13                 MOVIA 0xec
000002ce fcd1                 ADDAR 0x2e, 0x0
000002cf e0fc                 BCR 0x3, 0x6
000002d0 ff4e                 MOVAR 0x31
000002d1 defd                 MOVIA 0x2
000002d2 ff3a                 MOVAR 0x45
000002d3 e4fc                 BSR 0x3, 0x6
000002d4 fed3                 MOVR 0x2c, 0x0
000002d5 d112                 LCALL 0x6ed; __mulchar=0x6ed
000002d6 e0fc                 BCR 0x3, 0x6
000002d7 ff4b                 MOVAR 0x34
000002d8 fcce                 ADDAR 0x31, 0x0
000002d9 e4fc                 BSR 0x3, 0x6
000002da ff51                 MOVAR 0x2e
000002db c4fc                 LGOTO 0x303; main.o:_00586_DS_=0x303
000002dc                      main.o:_00578_DS_:
000002dc def4                 MOVIA 0xb
000002dd e4fc                 BSR 0x3, 0x6
000002de fbd1                 SUBAR 0x2e, 0x0
000002df f7fc                 BTRSS 0x3, 0x0
000002e0 c513                 LGOTO 0x2ec; main.o:_00575_DS_=0x2ec
000002e1 de09                 MOVIA 0xf6
000002e2 fcd1                 ADDAR 0x2e, 0x0
000002e3 e0fc                 BCR 0x3, 0x6
000002e4 ff4e                 MOVAR 0x31
000002e5 e4fc                 BSR 0x3, 0x6
000002e6 fed3                 MOVR 0x2c, 0x0
000002e7 e0fc                 BCR 0x3, 0x6
000002e8 fcce                 ADDAR 0x31, 0x0
000002e9 e4fc                 BSR 0x3, 0x6
000002ea ff51                 MOVAR 0x2e
000002eb c4fc                 LGOTO 0x303; main.o:_00586_DS_=0x303
000002ec                      main.o:_00575_DS_:
000002ec e4fc                 BSR 0x3, 0x6
000002ed fed1                 MOVR 0x2e, 0x0
000002ee f2fc                 BTRSC 0x3, 0x2
000002ef c4fc                 LGOTO 0x303; main.o:_00586_DS_=0x303
000002f0 e3fc                 BCR 0x3, 0x0
000002f1 ecd1                 RRR 0x2e, 0x0
000002f2 e0fc                 BCR 0x3, 0x6
000002f3 ff4e                 MOVAR 0x31
000002f4 face                 INCR 0x31, 0x0
000002f5 e4fc                 BSR 0x3, 0x6
000002f6 ff51                 MOVAR 0x2e
000002f7 c4fc                 LGOTO 0x303; main.o:_00586_DS_=0x303
000002f8                      main.o:_00584_DS_:
000002f8 deea                 MOVIA 0x15
000002f9 e4fc                 BSR 0x3, 0x6
000002fa fbd1                 SUBAR 0x2e, 0x0
000002fb f7fc                 BTRSS 0x3, 0x0
000002fc c4fc                 LGOTO 0x303; main.o:_00586_DS_=0x303
000002fd de9d                 MOVIA 0x62
000002fe fbd1                 SUBAR 0x2e, 0x0
000002ff f3fc                 BTRSC 0x3, 0x0
00000300 c4fc                 LGOTO 0x303; main.o:_00586_DS_=0x303
00000301 def8                 MOVIA 0x7
00000302 fc51                 ADDAR 0x2e, 0x1
00000303                      main.o:_00586_DS_:
00000303 ffef                 RET
00000304                      _initAD:
00000304 de7b                 MOVIA 0x84
00000305 ff6f                 MOVAR 0x10
00000306 fd6c                 CLRR 0x13
00000307 deef                 MOVIA 0x10
00000308 ff6e                 MOVAR 0x11
00000309 defc                 MOVIA 0x3
0000030a ff6b                 MOVAR 0x14
0000030b dee9                 MOVIA 0x16
0000030c ff69                 MOVAR 0x16
0000030d e5ef                 BSR 0x10, 0x4
0000030e de9b                 MOVIA 0x64
0000030f d290                 LCALL 0x56f; _delayms=0x56f
00000310 ffef                 RET
00000311                      _keyRead:
00000311 e0fc                 BCR 0x3, 0x6
00000312 ff4f                 MOVAR 0x30
00000313 fecf                 MOVR 0x30, 0x0
00000314 f2fc                 BTRSC 0x3, 0x2
00000315 c4dd                 LGOTO 0x322; main.o:_00551_DS_=0x322
00000316 fa01                 INCR 0x7e, 0x1
00000317 de37                 MOVIA 0xc8
00000318 fb81                 SUBAR 0x7e, 0x0
00000319 f7fc                 BTRSS 0x3, 0x0
0000031a c4ca                 LGOTO 0x335; main.o:_00552_DS_=0x335
0000031b de37                 MOVIA 0xc8
0000031c ff01                 MOVAR 0x7e
0000031d f30c                 BTRSC 0x73, 0x1
0000031e c4ca                 LGOTO 0x335; main.o:_00552_DS_=0x335
0000031f e70c                 BSR 0x73, 0x1
00000320 defd                 MOVIA 0x2
00000321 c4c9                 LGOTO 0x336; main.o:_00553_DS_=0x336
00000322                      main.o:_00551_DS_:
00000322 de37                 MOVIA 0xc8
00000323 e0fc                 BCR 0x3, 0x6
00000324 fb81                 SUBAR 0x7e, 0x0
00000325 f7fc                 BTRSS 0x3, 0x0
00000326 c4d4                 LGOTO 0x32b; main.o:_00548_DS_=0x32b
00000327 fd01                 CLRR 0x7e
00000328 e30c                 BCR 0x73, 0x1
00000329 deff                 MOVIA 0x0
0000032a c4c9                 LGOTO 0x336; main.o:_00553_DS_=0x336
0000032b                      main.o:_00548_DS_:
0000032b defb                 MOVIA 0x4
0000032c e0fc                 BCR 0x3, 0x6
0000032d fb81                 SUBAR 0x7e, 0x0
0000032e f7fc                 BTRSS 0x3, 0x0
0000032f c4cc                 LGOTO 0x333; main.o:_00549_DS_=0x333
00000330 fd01                 CLRR 0x7e
00000331 defe                 MOVIA 0x1
00000332 c4c9                 LGOTO 0x336; main.o:_00553_DS_=0x336
00000333                      main.o:_00549_DS_:
00000333 e0fc                 BCR 0x3, 0x6
00000334 fd01                 CLRR 0x7e
00000335                      main.o:_00552_DS_:
00000335 deff                 MOVIA 0x0
00000336                      main.o:_00553_DS_:
00000336 ffef                 RET
00000337                      _gotoSleep:
00000337 d5d1                 LCALL 0x22e; _checkBatAD=0x22e
00000338 d284                 LCALL 0x57b; _setInput=0x57b
00000339 e0fc                 BCR 0x3, 0x6
0000033a fd06                 CLRR 0x79
0000033b fd05                 CLRR 0x7a
0000033c e18c                 BCR 0x73, 0x4
0000033d ded1                 MOVIA 0x2e
0000033e fffa                 IOST 0x5
0000033f fdff                 CLRA
00000340 fff9                 IOST 0x6
00000341 fd79                 CLRR 0x6
00000342 fd7a                 CLRR 0x5
00000343 fd0a                 CLRR 0x75
00000344 fd09                 CLRR 0x76
00000345 d4a3                 LCALL 0x35c; _pwmStop=0x35c
00000346 d493                 LCALL 0x36c; _pwm1Stop=0x36c
00000347 e0fc                 BCR 0x3, 0x6
00000348 fd02                 CLRR 0x7d
00000349 ded7                 MOVIA 0x28
0000034a ff6a                 MOVAR 0x15
0000034b def4                 MOVIA 0xb
0000034c ff71                 MOVAR 0xe
0000034d dee7                 MOVIA 0x18
0000034e ff77                 MOVAR 0x8
0000034f fd70                 CLRR 0xf
00000350 fffd                 CLRWDT
00000351 fffb                 ENI
00000352 fffe                 SLEEP
00000353 fd6a                 CLRR 0x15
00000354 dec1                 MOVIA 0x3e
00000355 fffa                 IOST 0x5
00000356 defe                 MOVIA 0x1
00000357 ff71                 MOVAR 0xe
00000358 fd70                 CLRR 0xf
00000359 de57                 MOVIA 0xa8
0000035a ff77                 MOVAR 0x8
0000035b ffef                 RET
0000035c                      _pwmStop:
0000035c fdff                 CLRA
0000035d ffb5                 SFUN 0xa
0000035e ffef                 RET
0000035f                      _pwmInit:
0000035f ff95                 SFUNR 0xa
00000360 e0fc                 BCR 0x3, 0x6
00000361 ff50                 MOVAR 0x2f
00000362 f050                 BTRSC 0x2f, 0x7
00000363 c494                 LGOTO 0x36b; main.o:_00528_DS_=0x36b
00000364 fd66                 CLRR 0x19
00000365 de9b                 MOVIA 0x64
00000366 ffb6                 SFUN 0x9
00000367 defe                 MOVIA 0x1
00000368 ffb4                 SFUN 0xb
00000369 de7c                 MOVIA 0x83
0000036a ffb5                 SFUN 0xa
0000036b                      main.o:_00528_DS_:
0000036b ffef                 RET
0000036c                      _pwm1Stop:
0000036c fdff                 CLRA
0000036d ffbe                 SFUN 0x1
0000036e ffef                 RET
0000036f                      _pwm1Init:
0000036f ff9e                 SFUNR 0x1
00000370 e0fc                 BCR 0x3, 0x6
00000371 ff51                 MOVAR 0x2e
00000372 f051                 BTRSC 0x2e, 0x7
00000373 c482                 LGOTO 0x37d; main.o:_00517_DS_=0x37d
00000374 fd66                 CLRR 0x19
00000375 decf                 MOVIA 0x30
00000376 ffbf                 SFUN 0x0
00000377 fdff                 CLRA
00000378 ffbd                 SFUN 0x2
00000379 def7                 MOVIA 0x8
0000037a ffbd                 SFUN 0x2
0000037b de7c                 MOVIA 0x83
0000037c ffbe                 SFUN 0x1
0000037d                      main.o:_00517_DS_:
0000037d ffef                 RET
0000037e                      _powerOff:
0000037e e0fc                 BCR 0x3, 0x6
0000037f fd02                 CLRR 0x7d
00000380 d4a3                 LCALL 0x35c; _pwmStop=0x35c
00000381 ffef                 RET
00000382                      _initSys:
00000382 ffec                 DISI
00000383 dec1                 MOVIA 0x3e
00000384 fffa                 IOST 0x5
00000385 fdff                 CLRA
00000386 fff9                 IOST 0x6
00000387 fd79                 CLRR 0x6
00000388 e0fc                 BCR 0x3, 0x6
00000389 fd7a                 CLRR 0x5
0000038a de00                 MOVIA 0xff
0000038b fff6                 IOST 0x9
0000038c ff73                 MOVAR 0xc
0000038d ff74                 MOVAR 0xb
0000038e defe                 MOVIA 0x1
0000038f ff71                 MOVAR 0xe
00000390 fdff                 CLRA
00000391 fff0                 IOST 0xf
00000392 dec8                 MOVIA 0x37
00000393 ff7e                 MOVAR 0x1
00000394 defe                 MOVIA 0x1
00000395 fffc                 T0MD
00000396 fff0                 IOST 0xf
00000397 de77                 MOVIA 0x88
00000398 ff77                 MOVAR 0x8
00000399 defe                 MOVIA 0x1
0000039a fff0                 IOST 0xf
0000039b fffb                 ENI
0000039c ffef                 RET
0000039d                      _keyCtr:
0000039d e0fc                 BCR 0x3, 0x6
0000039e f8fa                 COMR 0x5, 0x0
0000039f ff52                 MOVAR 0x2d
000003a0 dedf                 MOVIA 0x20
000003a1 ef52                 ANDAR 0x2d, 0x1
000003a2 fed2                 MOVR 0x2d, 0x0
000003a3 d4ee                 LCALL 0x311; _keyRead=0x311
000003a4 e0fc                 BCR 0x3, 0x6
000003a5 ff52                 MOVAR 0x2d
000003a6 dbfe                 XORIA 0x1
000003a7 f6fc                 BTRSS 0x3, 0x2
000003a8 c400                 LGOTO 0x3ff; main.o:_00500_DS_=0x3ff
000003a9 e4fc                 BSR 0x3, 0x6
000003aa fd5f                 CLRR 0x20
000003ab fd5a                 CLRR 0x25
000003ac fd59                 CLRR 0x26
000003ad e0fc                 BCR 0x3, 0x6
000003ae fe82                 MOVR 0x7d, 0x0
000003af f6fc                 BTRSS 0x3, 0x2
000003b0 c43f                 LGOTO 0x3c0; main.o:_00471_DS_=0x3c0
000003b1 f58c                 BTRSS 0x73, 0x4
000003b2 c447                 LGOTO 0x3b8; main.o:_00468_DS_=0x3b8
000003b3 e4fc                 BSR 0x3, 0x6
000003b4 fd5f                 CLRR 0x20
000003b5 e0fc                 BCR 0x3, 0x6
000003b6 e18c                 BCR 0x73, 0x4
000003b7 c440                 LGOTO 0x3bf; main.o:_00469_DS_=0x3bf
000003b8                      main.o:_00468_DS_:
000003b8 e0fc                 BCR 0x3, 0x6
000003b9 fd07                 CLRR 0x78
000003ba defc                 MOVIA 0x3
000003bb e4fc                 BSR 0x3, 0x6
000003bc ff5f                 MOVAR 0x20
000003bd e0fc                 BCR 0x3, 0x6
000003be e58c                 BSR 0x73, 0x4
000003bf                      main.o:_00469_DS_:
000003bf c3db                 LGOTO 0x424; main.o:_00502_DS_=0x424
000003c0                      main.o:_00471_DS_:
000003c0 e0fc                 BCR 0x3, 0x6
000003c1 fa02                 INCR 0x7d, 0x1
000003c2 def8                 MOVIA 0x7
000003c3 fb82                 SUBAR 0x7d, 0x0
000003c4 f7fc                 BTRSS 0x3, 0x0
000003c5 c437                 LGOTO 0x3c8; main.o:_00473_DS_=0x3c8
000003c6 defe                 MOVIA 0x1
000003c7 ff02                 MOVAR 0x7d
000003c8                      main.o:_00473_DS_:
000003c8 e0fc                 BCR 0x3, 0x6
000003c9 fe82                 MOVR 0x7d, 0x0
000003ca dbfe                 XORIA 0x1
000003cb f6fc                 BTRSS 0x3, 0x2
000003cc c42e                 LGOTO 0x3d1; main.o:_00489_DS_=0x3d1
000003cd ded7                 MOVIA 0x28
000003ce e4fc                 BSR 0x3, 0x6
000003cf ff5e                 MOVAR 0x21
000003d0 c402                 LGOTO 0x3fd; main.o:_00490_DS_=0x3fd
000003d1                      main.o:_00489_DS_:
000003d1 e0fc                 BCR 0x3, 0x6
000003d2 fe82                 MOVR 0x7d, 0x0
000003d3 dbfd                 XORIA 0x2
000003d4 f6fc                 BTRSS 0x3, 0x2
000003d5 c425                 LGOTO 0x3da; main.o:_00486_DS_=0x3da
000003d6 ded5                 MOVIA 0x2a
000003d7 e4fc                 BSR 0x3, 0x6
000003d8 ff5e                 MOVAR 0x21
000003d9 c402                 LGOTO 0x3fd; main.o:_00490_DS_=0x3fd
000003da                      main.o:_00486_DS_:
000003da e0fc                 BCR 0x3, 0x6
000003db fe82                 MOVR 0x7d, 0x0
000003dc dbfc                 XORIA 0x3
000003dd f6fc                 BTRSS 0x3, 0x2
000003de c41c                 LGOTO 0x3e3; main.o:_00483_DS_=0x3e3
000003df ded3                 MOVIA 0x2c
000003e0 e4fc                 BSR 0x3, 0x6
000003e1 ff5e                 MOVAR 0x21
000003e2 c402                 LGOTO 0x3fd; main.o:_00490_DS_=0x3fd
000003e3                      main.o:_00483_DS_:
000003e3 e0fc                 BCR 0x3, 0x6
000003e4 fe82                 MOVR 0x7d, 0x0
000003e5 dbfb                 XORIA 0x4
000003e6 f6fc                 BTRSS 0x3, 0x2
000003e7 c413                 LGOTO 0x3ec; main.o:_00480_DS_=0x3ec
000003e8 ded1                 MOVIA 0x2e
000003e9 e4fc                 BSR 0x3, 0x6
000003ea ff5e                 MOVAR 0x21
000003eb c402                 LGOTO 0x3fd; main.o:_00490_DS_=0x3fd
000003ec                      main.o:_00480_DS_:
000003ec e0fc                 BCR 0x3, 0x6
000003ed fe82                 MOVR 0x7d, 0x0
000003ee dbfa                 XORIA 0x5
000003ef f6fc                 BTRSS 0x3, 0x2
000003f0 c40a                 LGOTO 0x3f5; main.o:_00477_DS_=0x3f5
000003f1 decf                 MOVIA 0x30
000003f2 e4fc                 BSR 0x3, 0x6
000003f3 ff5e                 MOVAR 0x21
000003f4 c402                 LGOTO 0x3fd; main.o:_00490_DS_=0x3fd
000003f5                      main.o:_00477_DS_:
000003f5 e0fc                 BCR 0x3, 0x6
000003f6 fe82                 MOVR 0x7d, 0x0
000003f7 dbf9                 XORIA 0x6
000003f8 f6fc                 BTRSS 0x3, 0x2
000003f9 c402                 LGOTO 0x3fd; main.o:_00490_DS_=0x3fd
000003fa decd                 MOVIA 0x32
000003fb e4fc                 BSR 0x3, 0x6
000003fc ff5e                 MOVAR 0x21
000003fd                      main.o:_00490_DS_:
000003fd d3da                 LCALL 0x425; _setMaxDuty=0x425
000003fe c3db                 LGOTO 0x424; main.o:_00502_DS_=0x424
000003ff                      main.o:_00500_DS_:
000003ff e0fc                 BCR 0x3, 0x6
00000400 fed2                 MOVR 0x2d, 0x0
00000401 dbfd                 XORIA 0x2
00000402 f6fc                 BTRSS 0x3, 0x2
00000403 c3db                 LGOTO 0x424; main.o:_00502_DS_=0x424
00000404 fe82                 MOVR 0x7d, 0x0
00000405 f2fc                 BTRSC 0x3, 0x2
00000406 c3f3                 LGOTO 0x40c; main.o:_00495_DS_=0x40c
00000407 fd02                 CLRR 0x7d
00000408 d481                 LCALL 0x37e; _powerOff=0x37e
00000409 e0fc                 BCR 0x3, 0x6
0000040a e18c                 BCR 0x73, 0x4
0000040b c3db                 LGOTO 0x424; main.o:_00502_DS_=0x424
0000040c                      main.o:_00495_DS_:
0000040c e4fc                 BSR 0x3, 0x6
0000040d fed1                 MOVR 0x2e, 0x0
0000040e f2fc                 BTRSC 0x3, 0x2
0000040f c3ec                 LGOTO 0x413; main.o:_00491_DS_=0x413
00000410 fecf                 MOVR 0x30, 0x0
00000411 f6fc                 BTRSS 0x3, 0x2
00000412 c3e5                 LGOTO 0x41a; main.o:_00492_DS_=0x41a
00000413                      main.o:_00491_DS_:
00000413 defc                 MOVIA 0x3
00000414 e4fc                 BSR 0x3, 0x6
00000415 ff5f                 MOVAR 0x20
00000416 fd4f                 CLRR 0x30
00000417 e0fc                 BCR 0x3, 0x6
00000418 e58c                 BSR 0x73, 0x4
00000419 c3db                 LGOTO 0x424; main.o:_00502_DS_=0x424
0000041a                      main.o:_00492_DS_:
0000041a defe                 MOVIA 0x1
0000041b e0fc                 BCR 0x3, 0x6
0000041c ff02                 MOVAR 0x7d
0000041d dec3                 MOVIA 0x3c
0000041e ffb3                 SFUN 0xc
0000041f e4fc                 BSR 0x3, 0x6
00000420 ff5d                 MOVAR 0x22
00000421 ded7                 MOVIA 0x28
00000422 ff5e                 MOVAR 0x21
00000423 d3da                 LCALL 0x425; _setMaxDuty=0x425
00000424                      main.o:_00502_DS_:
00000424 ffef                 RET
00000425                      _setMaxDuty:
00000425 decd                 MOVIA 0x32
00000426 e4fc                 BSR 0x3, 0x6
00000427 fbd1                 SUBAR 0x2e, 0x0
00000428 f3fc                 BTRSC 0x3, 0x0
00000429 c3c8                 LGOTO 0x437; main.o:_00462_DS_=0x437
0000042a def5                 MOVIA 0xa
0000042b fcde                 ADDAR 0x21, 0x0
0000042c e0fc                 BCR 0x3, 0x6
0000042d ff53                 MOVAR 0x2c
0000042e def5                 MOVIA 0xa
0000042f ff3a                 MOVAR 0x45
00000430 e4fc                 BSR 0x3, 0x6
00000431 fed1                 MOVR 0x2e, 0x0
00000432 d0f9                 LCALL 0x706; __divuchar=0x706
00000433 e0fc                 BCR 0x3, 0x6
00000434 fbd3                 SUBAR 0x2c, 0x0
00000435 e4fc                 BSR 0x3, 0x6
00000436 ff5e                 MOVAR 0x21
00000437                      main.o:_00462_DS_:
00000437 e4fc                 BSR 0x3, 0x6
00000438 fede                 MOVR 0x21, 0x0
00000439 ff5b                 MOVAR 0x24
0000043a d4a0                 LCALL 0x35f; _pwmInit=0x35f
0000043b ffef                 RET
0000043c                      _refreshNub:
0000043c defc                 MOVIA 0x3
0000043d e0fc                 BCR 0x3, 0x6
0000043e fb83                 SUBAR 0x7c, 0x0
0000043f f6fc                 BTRSS 0x3, 0x2
00000440 c3bc                 LGOTO 0x443; main.o:_00456_DS_=0x443
00000441 de7b                 MOVIA 0x84
00000442 fb84                 SUBAR 0x7b, 0x0
00000443                      main.o:_00456_DS_:
00000443 f7fc                 BTRSS 0x3, 0x0
00000444 c3b8                 LGOTO 0x447; main.o:_00434_DS_=0x447
00000445 d284                 LCALL 0x57b; _setInput=0x57b
00000446 c37c                 LGOTO 0x483; main.o:_00442_DS_=0x483
00000447                      main.o:_00434_DS_:
00000447 e4fc                 BSR 0x3, 0x6
00000448 fed3                 MOVR 0x2c, 0x0
00000449 ff55                 MOVAR 0x2a
0000044a fed2                 MOVR 0x2d, 0x0
0000044b ff54                 MOVAR 0x2b
0000044c e0fc                 BCR 0x3, 0x6
0000044d fe82                 MOVR 0x7d, 0x0
0000044e f6fc                 BTRSS 0x3, 0x2
0000044f c3ac                 LGOTO 0x453; main.o:_00435_DS_=0x453
00000450 e4fc                 BSR 0x3, 0x6
00000451 fedf                 MOVR 0x20, 0x0
00000452 f6fc                 BTRSS 0x3, 0x2
00000453                      main.o:_00435_DS_:
00000453 d197                 LCALL 0x668; _showKeyLed=0x668
00000454 e4fc                 BSR 0x3, 0x6
00000455 fed8                 MOVR 0x27, 0x0
00000456 f2fc                 BTRSC 0x3, 0x2
00000457 c3a3                 LGOTO 0x45c; main.o:_00439_DS_=0x45c
00000458 def4                 MOVIA 0xb
00000459 ff55                 MOVAR 0x2a
0000045a def3                 MOVIA 0xc
0000045b ff54                 MOVAR 0x2b
0000045c                      main.o:_00439_DS_:
0000045c e4fc                 BSR 0x3, 0x6
0000045d fecc                 MOVR 0x33, 0x0
0000045e f2fc                 BTRSC 0x3, 0x2
0000045f c39c                 LGOTO 0x463; main.o:_00441_DS_=0x463
00000460 def7                 MOVIA 0x8
00000461 ff54                 MOVAR 0x2b
00000462 ff55                 MOVAR 0x2a
00000463                      main.o:_00441_DS_:
00000463 e4fc                 BSR 0x3, 0x6
00000464 fed5                 MOVR 0x2a, 0x0
00000465 da99                 ADDIA 0x66
00000466 e0fc                 BCR 0x3, 0x6
00000467 ff55                 MOVAR 0x2a
00000468 deff                 MOVIA 0x0
00000469 f3fc                 BTRSC 0x3, 0x0
0000046a dafe                 ADDIA 0x1
0000046b ff54                 MOVAR 0x2b
0000046c fed5                 MOVR 0x2a, 0x0
0000046d ff3b                 MOVAR 0x44
0000046e fed4                 MOVR 0x2b, 0x0
0000046f ff3a                 MOVAR 0x45
00000470 deff                 MOVIA 0x0
00000471 d0ac                 LCALL 0x753; __gptrget=0x753
00000472 d130                 LCALL 0x6cf; _showNubShiwei=0x6cf
00000473 e4fc                 BSR 0x3, 0x6
00000474 fed4                 MOVR 0x2b, 0x0
00000475 da99                 ADDIA 0x66
00000476 e0fc                 BCR 0x3, 0x6
00000477 ff55                 MOVAR 0x2a
00000478 deff                 MOVIA 0x0
00000479 f3fc                 BTRSC 0x3, 0x0
0000047a dafe                 ADDIA 0x1
0000047b ff54                 MOVAR 0x2b
0000047c fed5                 MOVR 0x2a, 0x0
0000047d ff3b                 MOVAR 0x44
0000047e fed4                 MOVR 0x2b, 0x0
0000047f ff3a                 MOVAR 0x45
00000480 deff                 MOVIA 0x0
00000481 d0ac                 LCALL 0x753; __gptrget=0x753
00000482 d170                 LCALL 0x68f; _showNubGewei=0x68f
00000483                      main.o:_00442_DS_:
00000483 ffef                 RET
00000484                      _chrgCtr:
00000484 de9b                 MOVIA 0x64
00000485 e4fc                 BSR 0x3, 0x6
00000486 fbcf                 SUBAR 0x30, 0x0
00000487 f7fc                 BTRSS 0x3, 0x0
00000488 c372                 LGOTO 0x48d; main.o:_00313_DS_=0x48d
00000489 def6                 MOVIA 0x9
0000048a ff52                 MOVAR 0x2d
0000048b ff53                 MOVAR 0x2c
0000048c c365                 LGOTO 0x49a; main.o:_00314_DS_=0x49a
0000048d                      main.o:_00313_DS_:
0000048d def5                 MOVIA 0xa
0000048e ff3a                 MOVAR 0x45
0000048f e4fc                 BSR 0x3, 0x6
00000490 fecf                 MOVR 0x30, 0x0
00000491 d0f9                 LCALL 0x706; __divuchar=0x706
00000492 e4fc                 BSR 0x3, 0x6
00000493 ff53                 MOVAR 0x2c
00000494 def5                 MOVIA 0xa
00000495 ff3a                 MOVAR 0x45
00000496 fecf                 MOVR 0x30, 0x0
00000497 d0d0                 LCALL 0x72f; __moduchar=0x72f
00000498 e4fc                 BSR 0x3, 0x6
00000499 ff52                 MOVAR 0x2d
0000049a                      main.o:_00314_DS_:
0000049a e0fc                 BCR 0x3, 0x6
0000049b fe82                 MOVR 0x7d, 0x0
0000049c f2fc                 BTRSC 0x3, 0x2
0000049d c35a                 LGOTO 0x4a5; main.o:_00316_DS_=0x4a5
0000049e e58c                 BSR 0x73, 0x4
0000049f e4fc                 BSR 0x3, 0x6
000004a0 fd53                 CLRR 0x2c
000004a1 e0fc                 BCR 0x3, 0x6
000004a2 fe82                 MOVR 0x7d, 0x0
000004a3 e4fc                 BSR 0x3, 0x6
000004a4 ff52                 MOVAR 0x2d
000004a5                      main.o:_00316_DS_:
000004a5 e0fc                 BCR 0x3, 0x6
000004a6 f67a                 BTRSS 0x5, 0x3
000004a7 c2cf                 LGOTO 0x530; main.o:_00351_DS_=0x530
000004a8 e60c                 BSR 0x73, 0x3
000004a9 e58c                 BSR 0x73, 0x4
000004aa fd02                 CLRR 0x7d
000004ab e4fc                 BSR 0x3, 0x6
000004ac fd5f                 CLRR 0x20
000004ad d4a3                 LCALL 0x35c; _pwmStop=0x35c
000004ae de9c                 MOVIA 0x63
000004af e4fc                 BSR 0x3, 0x6
000004b0 fbcf                 SUBAR 0x30, 0x0
000004b1 f3fc                 BTRSC 0x3, 0x0
000004b2 c33d                 LGOTO 0x4c2; main.o:_00007_DS_=0x4c2
000004b3 fecf                 MOVR 0x30, 0x0
000004b4 fbd1                 SUBAR 0x2e, 0x0
000004b5 f7fc                 BTRSS 0x3, 0x0
000004b6 c33d                 LGOTO 0x4c2; main.o:_00007_DS_=0x4c2
000004b7 e0fc                 BCR 0x3, 0x6
000004b8 fe86                 MOVR 0x79, 0x0
000004b9 dbfe                 XORIA 0x1
000004ba f6fc                 BTRSS 0x3, 0x2
000004bb c33d                 LGOTO 0x4c2; main.o:_00007_DS_=0x4c2
000004bc fe85                 MOVR 0x7a, 0x0
000004bd dbff                 XORIA 0x0
000004be f6fc                 BTRSS 0x3, 0x2
000004bf c33d                 LGOTO 0x4c2; main.o:_00007_DS_=0x4c2
000004c0 e4fc                 BSR 0x3, 0x6
000004c1 fa4f                 INCR 0x30, 0x1
000004c2                      main.o:_00007_DS_:
000004c2 de9c                 MOVIA 0x63
000004c3 e4fc                 BSR 0x3, 0x6
000004c4 fbd1                 SUBAR 0x2e, 0x0
000004c5 f3fc                 BTRSC 0x3, 0x0
000004c6 c335                 LGOTO 0x4ca; main.o:_00340_DS_=0x4ca
000004c7 fec6                 MOVR 0x39, 0x0
000004c8 f2fc                 BTRSC 0x3, 0x2
000004c9 c311                 LGOTO 0x4ee; main.o:_00341_DS_=0x4ee
000004ca                      main.o:_00340_DS_:
000004ca e4fc                 BSR 0x3, 0x6
000004cb fed3                 MOVR 0x2c, 0x0
000004cc dbf6                 XORIA 0x9
000004cd f6fc                 BTRSS 0x3, 0x2
000004ce c291                 LGOTO 0x56e; main.o:_00353_DS_=0x56e
000004cf fed2                 MOVR 0x2d, 0x0
000004d0 dbf6                 XORIA 0x9
000004d1 f6fc                 BTRSS 0x3, 0x2
000004d2 c291                 LGOTO 0x56e; main.o:_00353_DS_=0x56e
000004d3 de9a                 MOVIA 0x65
000004d4 fbd1                 SUBAR 0x2e, 0x0
000004d5 f7fc                 BTRSS 0x3, 0x0
000004d6 c291                 LGOTO 0x56e; main.o:_00353_DS_=0x56e
000004d7 fa57                 INCR 0x28, 0x1
000004d8 f2fc                 BTRSC 0x3, 0x2
000004d9 fa56                 INCR 0x29, 0x1
000004da def8                 MOVIA 0x7
000004db fbd6                 SUBAR 0x29, 0x0
000004dc f6fc                 BTRSS 0x3, 0x2
000004dd c31f                 LGOTO 0x4e0; main.o:_00420_DS_=0x4e0
000004de de2e                 MOVIA 0xd1
000004df fbd7                 SUBAR 0x28, 0x0
000004e0                      main.o:_00420_DS_:
000004e0 f7fc                 BTRSS 0x3, 0x0
000004e1 c291                 LGOTO 0x56e; main.o:_00353_DS_=0x56e
000004e2 d493                 LCALL 0x36c; _pwm1Stop=0x36c
000004e3 defe                 MOVIA 0x1
000004e4 e4fc                 BSR 0x3, 0x6
000004e5 ff46                 MOVAR 0x39
000004e6 e279                 BCR 0x6, 0x3
000004e7 ffe9                 IOSTR 0x6
000004e8 e0fc                 BCR 0x3, 0x6
000004e9 ff59                 MOVAR 0x26
000004ea e659                 BSR 0x26, 0x3
000004eb fed9                 MOVR 0x26, 0x0
000004ec fff9                 IOST 0x6
000004ed c291                 LGOTO 0x56e; main.o:_00353_DS_=0x56e
000004ee                      main.o:_00341_DS_:
000004ee e4fc                 BSR 0x3, 0x6
000004ef fd57                 CLRR 0x28
000004f0 fd56                 CLRR 0x29
000004f1 ffe9                 IOSTR 0x6
000004f2 e0fc                 BCR 0x3, 0x6
000004f3 ff59                 MOVAR 0x26
000004f4 e259                 BCR 0x26, 0x3
000004f5 fed9                 MOVR 0x26, 0x0
000004f6 fff9                 IOST 0x6
000004f7 dee2                 MOVIA 0x1d
000004f8 e4fc                 BSR 0x3, 0x6
000004f9 fbc9                 SUBAR 0x36, 0x0
000004fa f7fc                 BTRSS 0x3, 0x0
000004fb c301                 LGOTO 0x4fe; main.o:_00327_DS_=0x4fe
000004fc dee3                 MOVIA 0x1c
000004fd ff49                 MOVAR 0x36
000004fe                      main.o:_00327_DS_:
000004fe e4fc                 BSR 0x3, 0x6
000004ff fec9                 MOVR 0x36, 0x0
00000500 ffbc                 SFUN 0x3
00000501 d490                 LCALL 0x36f; _pwm1Init=0x36f
00000502 def9                 MOVIA 0x6
00000503 e0fc                 BCR 0x3, 0x6
00000504 fb88                 SUBAR 0x77, 0x0
00000505 f7fc                 BTRSS 0x3, 0x0
00000506 c291                 LGOTO 0x56e; main.o:_00353_DS_=0x56e
00000507 e4fc                 BSR 0x3, 0x6
00000508 fa47                 INCR 0x38, 0x1
00000509 def9                 MOVIA 0x6
0000050a fbc7                 SUBAR 0x38, 0x0
0000050b f7fc                 BTRSS 0x3, 0x0
0000050c c291                 LGOTO 0x56e; main.o:_00353_DS_=0x56e
0000050d fd47                 CLRR 0x38
0000050e deff                 MOVIA 0x0
0000050f e0fc                 BCR 0x3, 0x6
00000510 fbde                 SUBAR 0x21, 0x0
00000511 f6fc                 BTRSS 0x3, 0x2
00000512 c2ea                 LGOTO 0x515; main.o:_00424_DS_=0x515
00000513 def2                 MOVIA 0xd
00000514 fbdf                 SUBAR 0x20, 0x0
00000515                      main.o:_00424_DS_:
00000515 f7fc                 BTRSS 0x3, 0x0
00000516 c2e5                 LGOTO 0x51a; main.o:_00331_DS_=0x51a
00000517 e4fc                 BSR 0x3, 0x6
00000518 f948                 DECR 0x37, 0x1
00000519 c2da                 LGOTO 0x525; main.o:_00332_DS_=0x525
0000051a                      main.o:_00331_DS_:
0000051a deff                 MOVIA 0x0
0000051b e0fc                 BCR 0x3, 0x6
0000051c fbde                 SUBAR 0x21, 0x0
0000051d f6fc                 BTRSS 0x3, 0x2
0000051e c2de                 LGOTO 0x521; main.o:_00425_DS_=0x521
0000051f def4                 MOVIA 0xb
00000520 fbdf                 SUBAR 0x20, 0x0
00000521                      main.o:_00425_DS_:
00000521 f3fc                 BTRSC 0x3, 0x0
00000522 c2da                 LGOTO 0x525; main.o:_00332_DS_=0x525
00000523 e4fc                 BSR 0x3, 0x6
00000524 fa48                 INCR 0x37, 0x1
00000525                      main.o:_00332_DS_:
00000525 e4fc                 BSR 0x3, 0x6
00000526 fec8                 MOVR 0x37, 0x0
00000527 fbc9                 SUBAR 0x36, 0x0
00000528 f3fc                 BTRSC 0x3, 0x0
00000529 c2d3                 LGOTO 0x52c; main.o:_00334_DS_=0x52c
0000052a fa49                 INCR 0x36, 0x1
0000052b c291                 LGOTO 0x56e; main.o:_00353_DS_=0x56e
0000052c                      main.o:_00334_DS_:
0000052c e4fc                 BSR 0x3, 0x6
0000052d fec8                 MOVR 0x37, 0x0
0000052e ff49                 MOVAR 0x36
0000052f c291                 LGOTO 0x56e; main.o:_00353_DS_=0x56e
00000530                      main.o:_00351_DS_:
00000530 e4fc                 BSR 0x3, 0x6
00000531 fd46                 CLRR 0x39
00000532 fd57                 CLRR 0x28
00000533 fd56                 CLRR 0x29
00000534 d493                 LCALL 0x36c; _pwm1Stop=0x36c
00000535 e0fc                 BCR 0x3, 0x6
00000536 e20c                 BCR 0x73, 0x3
00000537 fe82                 MOVR 0x7d, 0x0
00000538 f6fc                 BTRSS 0x3, 0x2
00000539 c294                 LGOTO 0x56b; main.o:_00347_DS_=0x56b
0000053a e4fc                 BSR 0x3, 0x6
0000053b fed1                 MOVR 0x2e, 0x0
0000053c e0fc                 BCR 0x3, 0x6
0000053d ff59                 MOVAR 0x26
0000053e fd58                 CLRR 0x27
0000053f fa59                 INCR 0x26, 0x1
00000540 f6fc                 BTRSS 0x3, 0x2
00000541 c2bc                 LGOTO 0x543; main.o:_00008_DS_=0x543
00000542 fa58                 INCR 0x27, 0x1
00000543                      main.o:_00008_DS_:
00000543 e4fc                 BSR 0x3, 0x6
00000544 fecf                 MOVR 0x30, 0x0
00000545 e0fc                 BCR 0x3, 0x6
00000546 ff57                 MOVAR 0x28
00000547 fed8                 MOVR 0x27, 0x0
00000548 da7f                 ADDIA 0x80
00000549 ff56                 MOVAR 0x29
0000054a deff                 MOVIA 0x0
0000054b da7f                 ADDIA 0x80
0000054c fbd6                 SUBAR 0x29, 0x0
0000054d f6fc                 BTRSS 0x3, 0x2
0000054e c2ae                 LGOTO 0x551; main.o:_00427_DS_=0x551
0000054f fed7                 MOVR 0x28, 0x0
00000550 fbd9                 SUBAR 0x26, 0x0
00000551                      main.o:_00427_DS_:
00000551 f3fc                 BTRSC 0x3, 0x0
00000552 c294                 LGOTO 0x56b; main.o:_00347_DS_=0x56b
00000553 e4fc                 BSR 0x3, 0x6
00000554 fa4b                 INCR 0x34, 0x1
00000555 f2fc                 BTRSC 0x3, 0x2
00000556 fa4a                 INCR 0x35, 0x1
00000557 deff                 MOVIA 0x0
00000558 fbca                 SUBAR 0x35, 0x0
00000559 f6fc                 BTRSS 0x3, 0x2
0000055a c2a2                 LGOTO 0x55d; main.o:_00428_DS_=0x55d
0000055b dee0                 MOVIA 0x1f
0000055c fbcb                 SUBAR 0x34, 0x0
0000055d                      main.o:_00428_DS_:
0000055d f7fc                 BTRSS 0x3, 0x0
0000055e c291                 LGOTO 0x56e; main.o:_00353_DS_=0x56e
0000055f e4fc                 BSR 0x3, 0x6
00000560 fd4b                 CLRR 0x34
00000561 fd4a                 CLRR 0x35
00000562 e3fc                 BCR 0x3, 0x0
00000563 ec4f                 RRR 0x30, 0x1
00000564 e3fc                 BCR 0x3, 0x0
00000565 ecd1                 RRR 0x2e, 0x0
00000566 e0fc                 BCR 0x3, 0x6
00000567 ff59                 MOVAR 0x26
00000568 e4fc                 BSR 0x3, 0x6
00000569 fc4f                 ADDAR 0x30, 0x1
0000056a c291                 LGOTO 0x56e; main.o:_00353_DS_=0x56e
0000056b                      main.o:_00347_DS_:
0000056b e4fc                 BSR 0x3, 0x6
0000056c fd4b                 CLRR 0x34
0000056d fd4a                 CLRR 0x35
0000056e                      main.o:_00353_DS_:
0000056e ffef                 RET
0000056f                      _delayms:
0000056f e0fc                 BCR 0x3, 0x6
00000570 ff2a                 MOVAR 0x55
00000571 fd29                 CLRR 0x56
00000572                      number.o:_00328_DS_:
00000572 e0fc                 BCR 0x3, 0x6
00000573 feaa                 MOVR 0x55, 0x0
00000574 fba9                 SUBAR 0x56, 0x0
00000575 f3fc                 BTRSC 0x3, 0x0
00000576 c285                 LGOTO 0x57a; number.o:_00330_DS_=0x57a
00000577 ffff                 NOP
00000578 fa29                 INCR 0x56, 0x1
00000579 c28d                 LGOTO 0x572; number.o:_00328_DS_=0x572
0000057a                      number.o:_00330_DS_:
0000057a ffef                 RET
0000057b                      _setInput:
0000057b ffea                 IOSTR 0x5
0000057c e0fc                 BCR 0x3, 0x6
0000057d ff2b                 MOVAR 0x54
0000057e de3e                 MOVIA 0xc1
0000057f ee2b                 IORAR 0x54, 0x1
00000580 feab                 MOVR 0x54, 0x0
00000581 fffa                 IOST 0x5
00000582 ffe9                 IOSTR 0x6
00000583 ff2b                 MOVAR 0x54
00000584 defc                 MOVIA 0x3
00000585 ee2b                 IORAR 0x54, 0x1
00000586 feab                 MOVR 0x54, 0x0
00000587 fff9                 IOST 0x6
00000588 ffef                 RET
00000589                      _setOutput:
00000589 e0fc                 BCR 0x3, 0x6
0000058a ff2c                 MOVAR 0x53
0000058b defe                 MOVIA 0x1
0000058c fbac                 SUBAR 0x53, 0x0
0000058d f7fc                 BTRSS 0x3, 0x0
0000058e c23d                 LGOTO 0x5c2; number.o:_00307_DS_=0x5c2
0000058f def9                 MOVIA 0x6
00000590 fbac                 SUBAR 0x53, 0x0
00000591 f3fc                 BTRSC 0x3, 0x0
00000592 c23d                 LGOTO 0x5c2; number.o:_00307_DS_=0x5c2
00000593 f92c                 DECR 0x53, 0x1
00000594 defa                 MOVIA 0x5
00000595 ff75                 MOVAR 0xa
00000596 feac                 MOVR 0x53, 0x0
00000597 da64                 ADDIA 0x9b
00000598 f3fc                 BTRSC 0x3, 0x0
00000599 fa75                 INCR 0xa, 0x1
0000059a ff7d                 MOVAR 0x2
0000059b                      number.o:_00317_DS_:
0000059b c25f                 LGOTO 0x5a0; number.o:_00301_DS_=0x5a0
0000059c c258                 LGOTO 0x5a7; number.o:_00302_DS_=0x5a7
0000059d c251                 LGOTO 0x5ae; number.o:_00303_DS_=0x5ae
0000059e c24a                 LGOTO 0x5b5; number.o:_00304_DS_=0x5b5
0000059f c243                 LGOTO 0x5bc; number.o:_00305_DS_=0x5bc
000005a0                      number.o:_00301_DS_:
000005a0 ffea                 IOSTR 0x5
000005a1 e0fc                 BCR 0x3, 0x6
000005a2 ff2c                 MOVAR 0x53
000005a3 e0ac                 BCR 0x53, 0x6
000005a4 feac                 MOVR 0x53, 0x0
000005a5 fffa                 IOST 0x5
000005a6 c23d                 LGOTO 0x5c2; number.o:_00307_DS_=0x5c2
000005a7                      number.o:_00302_DS_:
000005a7 ffea                 IOSTR 0x5
000005a8 e0fc                 BCR 0x3, 0x6
000005a9 ff2c                 MOVAR 0x53
000005aa e02c                 BCR 0x53, 0x7
000005ab feac                 MOVR 0x53, 0x0
000005ac fffa                 IOST 0x5
000005ad c23d                 LGOTO 0x5c2; number.o:_00307_DS_=0x5c2
000005ae                      number.o:_00303_DS_:
000005ae ffe9                 IOSTR 0x6
000005af e0fc                 BCR 0x3, 0x6
000005b0 ff2c                 MOVAR 0x53
000005b1 e32c                 BCR 0x53, 0x1
000005b2 feac                 MOVR 0x53, 0x0
000005b3 fff9                 IOST 0x6
000005b4 c23d                 LGOTO 0x5c2; number.o:_00307_DS_=0x5c2
000005b5                      number.o:_00304_DS_:
000005b5 ffe9                 IOSTR 0x6
000005b6 e0fc                 BCR 0x3, 0x6
000005b7 ff2c                 MOVAR 0x53
000005b8 e3ac                 BCR 0x53, 0x0
000005b9 feac                 MOVR 0x53, 0x0
000005ba fff9                 IOST 0x6
000005bb c23d                 LGOTO 0x5c2; number.o:_00307_DS_=0x5c2
000005bc                      number.o:_00305_DS_:
000005bc ffea                 IOSTR 0x5
000005bd e0fc                 BCR 0x3, 0x6
000005be ff2c                 MOVAR 0x53
000005bf e3ac                 BCR 0x53, 0x0
000005c0 feac                 MOVR 0x53, 0x0
000005c1 fffa                 IOST 0x5
000005c2                      number.o:_00307_DS_:
000005c2 ffef                 RET
000005c3                      _setlowOutput:
000005c3 e0fc                 BCR 0x3, 0x6
000005c4 ff2d                 MOVAR 0x52
000005c5 defe                 MOVIA 0x1
000005c6 fbad                 SUBAR 0x52, 0x0
000005c7 f7fc                 BTRSS 0x3, 0x0
000005c8 c21c                 LGOTO 0x5e3; number.o:_00286_DS_=0x5e3
000005c9 def9                 MOVIA 0x6
000005ca fbad                 SUBAR 0x52, 0x0
000005cb f3fc                 BTRSC 0x3, 0x0
000005cc c21c                 LGOTO 0x5e3; number.o:_00286_DS_=0x5e3
000005cd f92d                 DECR 0x52, 0x1
000005ce defa                 MOVIA 0x5
000005cf ff75                 MOVAR 0xa
000005d0 fead                 MOVR 0x52, 0x0
000005d1 da2a                 ADDIA 0xd5
000005d2 f3fc                 BTRSC 0x3, 0x0
000005d3 fa75                 INCR 0xa, 0x1
000005d4 ff7d                 MOVAR 0x2
000005d5                      number.o:_00296_DS_:
000005d5 c225                 LGOTO 0x5da; number.o:_00280_DS_=0x5da
000005d6 c223                 LGOTO 0x5dc; number.o:_00281_DS_=0x5dc
000005d7 c221                 LGOTO 0x5de; number.o:_00282_DS_=0x5de
000005d8 c21f                 LGOTO 0x5e0; number.o:_00283_DS_=0x5e0
000005d9 c21d                 LGOTO 0x5e2; number.o:_00284_DS_=0x5e2
000005da                      number.o:_00280_DS_:
000005da e0fa                 BCR 0x5, 0x6
000005db c21c                 LGOTO 0x5e3; number.o:_00286_DS_=0x5e3
000005dc                      number.o:_00281_DS_:
000005dc e07a                 BCR 0x5, 0x7
000005dd c21c                 LGOTO 0x5e3; number.o:_00286_DS_=0x5e3
000005de                      number.o:_00282_DS_:
000005de e379                 BCR 0x6, 0x1
000005df c21c                 LGOTO 0x5e3; number.o:_00286_DS_=0x5e3
000005e0                      number.o:_00283_DS_:
000005e0 e3f9                 BCR 0x6, 0x0
000005e1 c21c                 LGOTO 0x5e3; number.o:_00286_DS_=0x5e3
000005e2                      number.o:_00284_DS_:
000005e2 e3fa                 BCR 0x5, 0x0
000005e3                      number.o:_00286_DS_:
000005e3 ffef                 RET
000005e4                      _setHightOutput:
000005e4 e0fc                 BCR 0x3, 0x6
000005e5 ff2e                 MOVAR 0x51
000005e6 defe                 MOVIA 0x1
000005e7 fbae                 SUBAR 0x51, 0x0
000005e8 f7fc                 BTRSS 0x3, 0x0
000005e9 c1fb                 LGOTO 0x604; number.o:_00265_DS_=0x604
000005ea def9                 MOVIA 0x6
000005eb fbae                 SUBAR 0x51, 0x0
000005ec f3fc                 BTRSC 0x3, 0x0
000005ed c1fb                 LGOTO 0x604; number.o:_00265_DS_=0x604
000005ee f92e                 DECR 0x51, 0x1
000005ef defa                 MOVIA 0x5
000005f0 ff75                 MOVAR 0xa
000005f1 feae                 MOVR 0x51, 0x0
000005f2 da09                 ADDIA 0xf6
000005f3 f3fc                 BTRSC 0x3, 0x0
000005f4 fa75                 INCR 0xa, 0x1
000005f5 ff7d                 MOVAR 0x2
000005f6                      number.o:_00275_DS_:
000005f6 c204                 LGOTO 0x5fb; number.o:_00259_DS_=0x5fb
000005f7 c202                 LGOTO 0x5fd; number.o:_00260_DS_=0x5fd
000005f8 c200                 LGOTO 0x5ff; number.o:_00261_DS_=0x5ff
000005f9 c1fe                 LGOTO 0x601; number.o:_00262_DS_=0x601
000005fa c1fc                 LGOTO 0x603; number.o:_00263_DS_=0x603
000005fb                      number.o:_00259_DS_:
000005fb e4fa                 BSR 0x5, 0x6
000005fc c1fb                 LGOTO 0x604; number.o:_00265_DS_=0x604
000005fd                      number.o:_00260_DS_:
000005fd e47a                 BSR 0x5, 0x7
000005fe c1fb                 LGOTO 0x604; number.o:_00265_DS_=0x604
000005ff                      number.o:_00261_DS_:
000005ff e779                 BSR 0x6, 0x1
00000600 c1fb                 LGOTO 0x604; number.o:_00265_DS_=0x604
00000601                      number.o:_00262_DS_:
00000601 e7f9                 BSR 0x6, 0x0
00000602 c1fb                 LGOTO 0x604; number.o:_00265_DS_=0x604
00000603                      number.o:_00263_DS_:
00000603 e7fa                 BSR 0x5, 0x0
00000604                      number.o:_00265_DS_:
00000604 ffef                 RET
00000605                      _showNub:
00000605 e0fc                 BCR 0x3, 0x6
00000606 ff30                 MOVAR 0x4f
00000607 feba                 MOVR 0x45, 0x0
00000608 ff2f                 MOVAR 0x50
00000609 d284                 LCALL 0x57b; _setInput=0x57b
0000060a dec1                 MOVIA 0x3e
0000060b ef7a                 ANDAR 0x5, 0x1
0000060c de03                 MOVIA 0xfc
0000060d ef79                 ANDAR 0x6, 0x1
0000060e e0fc                 BCR 0x3, 0x6
0000060f feb0                 MOVR 0x4f, 0x0
00000610 d276                 LCALL 0x589; _setOutput=0x589
00000611 e0fc                 BCR 0x3, 0x6
00000612 feb0                 MOVR 0x4f, 0x0
00000613 d21b                 LCALL 0x5e4; _setHightOutput=0x5e4
00000614 e0fc                 BCR 0x3, 0x6
00000615 feaf                 MOVR 0x50, 0x0
00000616 d276                 LCALL 0x589; _setOutput=0x589
00000617 e0fc                 BCR 0x3, 0x6
00000618 feaf                 MOVR 0x50, 0x0
00000619 d23c                 LCALL 0x5c3; _setlowOutput=0x5c3
0000061a def5                 MOVIA 0xa
0000061b d290                 LCALL 0x56f; _delayms=0x56f
0000061c fffd                 CLRWDT
0000061d dec1                 MOVIA 0x3e
0000061e ef7a                 ANDAR 0x5, 0x1
0000061f de03                 MOVIA 0xfc
00000620 ef79                 ANDAR 0x6, 0x1
00000621 ffef                 RET
00000622                      _G3:
00000622 defa                 MOVIA 0x5
00000623 ff3a                 MOVAR 0x45
00000624 defe                 MOVIA 0x1
00000625 d1fa                 LCALL 0x605; _showNub=0x605
00000626 ffef                 RET
00000627                      _F3:
00000627 defb                 MOVIA 0x4
00000628 ff3a                 MOVAR 0x45
00000629 defe                 MOVIA 0x1
0000062a d1fa                 LCALL 0x605; _showNub=0x605
0000062b ffef                 RET
0000062c                      _E3:
0000062c defe                 MOVIA 0x1
0000062d ff3a                 MOVAR 0x45
0000062e defb                 MOVIA 0x4
0000062f d1fa                 LCALL 0x605; _showNub=0x605
00000630 ffef                 RET
00000631                      _D3:
00000631 defc                 MOVIA 0x3
00000632 ff3a                 MOVAR 0x45
00000633 defe                 MOVIA 0x1
00000634 d1fa                 LCALL 0x605; _showNub=0x605
00000635 ffef                 RET
00000636                      _C3:
00000636 defe                 MOVIA 0x1
00000637 ff3a                 MOVAR 0x45
00000638 defc                 MOVIA 0x3
00000639 d1fa                 LCALL 0x605; _showNub=0x605
0000063a ffef                 RET
0000063b                      _B3:
0000063b defd                 MOVIA 0x2
0000063c ff3a                 MOVAR 0x45
0000063d defe                 MOVIA 0x1
0000063e d1fa                 LCALL 0x605; _showNub=0x605
0000063f ffef                 RET
00000640                      _A3:
00000640 defe                 MOVIA 0x1
00000641 ff3a                 MOVAR 0x45
00000642 defd                 MOVIA 0x2
00000643 d1fa                 LCALL 0x605; _showNub=0x605
00000644 ffef                 RET
00000645                      _G2:
00000645 defa                 MOVIA 0x5
00000646 ff3a                 MOVAR 0x45
00000647 defb                 MOVIA 0x4
00000648 d1fa                 LCALL 0x605; _showNub=0x605
00000649 ffef                 RET
0000064a                      _F2:
0000064a defa                 MOVIA 0x5
0000064b ff3a                 MOVAR 0x45
0000064c defc                 MOVIA 0x3
0000064d d1fa                 LCALL 0x605; _showNub=0x605
0000064e ffef                 RET
0000064f                      _E2:
0000064f defa                 MOVIA 0x5
00000650 ff3a                 MOVAR 0x45
00000651 defd                 MOVIA 0x2
00000652 d1fa                 LCALL 0x605; _showNub=0x605
00000653 ffef                 RET
00000654                      _D2:
00000654 defb                 MOVIA 0x4
00000655 ff3a                 MOVAR 0x45
00000656 defd                 MOVIA 0x2
00000657 d1fa                 LCALL 0x605; _showNub=0x605
00000658 ffef                 RET
00000659                      _C2:
00000659 defb                 MOVIA 0x4
0000065a ff3a                 MOVAR 0x45
0000065b defc                 MOVIA 0x3
0000065c d1fa                 LCALL 0x605; _showNub=0x605
0000065d ffef                 RET
0000065e                      _B2:
0000065e defc                 MOVIA 0x3
0000065f ff3a                 MOVAR 0x45
00000660 defd                 MOVIA 0x2
00000661 d1fa                 LCALL 0x605; _showNub=0x605
00000662 ffef                 RET
00000663                      _A2:
00000663 defd                 MOVIA 0x2
00000664 ff3a                 MOVAR 0x45
00000665 defc                 MOVIA 0x3
00000666 d1fa                 LCALL 0x605; _showNub=0x605
00000667 ffef                 RET
00000668                      _showKeyLed:
00000668 defe                 MOVIA 0x1
00000669 ff3a                 MOVAR 0x45
0000066a defa                 MOVIA 0x5
0000066b d1fa                 LCALL 0x605; _showNub=0x605
0000066c ffef                 RET
0000066d                      _showNubGewei2:
0000066d e0fc                 BCR 0x3, 0x6
0000066e ff31                 MOVAR 0x4e
0000066f def8                 MOVIA 0x7
00000670 fbb1                 SUBAR 0x4e, 0x0
00000671 f3fc                 BTRSC 0x3, 0x0
00000672 c171                 LGOTO 0x68e; number.o:_00184_DS_=0x68e
00000673 def9                 MOVIA 0x6
00000674 ff75                 MOVAR 0xa
00000675 feb1                 MOVR 0x4e, 0x0
00000676 da85                 ADDIA 0x7a
00000677 f3fc                 BTRSC 0x3, 0x0
00000678 fa75                 INCR 0xa, 0x1
00000679 ff7d                 MOVAR 0x2
0000067a                      number.o:_00190_DS_:
0000067a c17e                 LGOTO 0x681; number.o:_00176_DS_=0x681
0000067b c17c                 LGOTO 0x683; number.o:_00177_DS_=0x683
0000067c c17a                 LGOTO 0x685; number.o:_00178_DS_=0x685
0000067d c178                 LGOTO 0x687; number.o:_00179_DS_=0x687
0000067e c176                 LGOTO 0x689; number.o:_00180_DS_=0x689
0000067f c174                 LGOTO 0x68b; number.o:_00181_DS_=0x68b
00000680 c172                 LGOTO 0x68d; number.o:_00182_DS_=0x68d
00000681                      number.o:_00176_DS_:
00000681 d1bf                 LCALL 0x640; _A3=0x640
00000682 c171                 LGOTO 0x68e; number.o:_00184_DS_=0x68e
00000683                      number.o:_00177_DS_:
00000683 d1c4                 LCALL 0x63b; _B3=0x63b
00000684 c171                 LGOTO 0x68e; number.o:_00184_DS_=0x68e
00000685                      number.o:_00178_DS_:
00000685 d1c9                 LCALL 0x636; _C3=0x636
00000686 c171                 LGOTO 0x68e; number.o:_00184_DS_=0x68e
00000687                      number.o:_00179_DS_:
00000687 d1ce                 LCALL 0x631; _D3=0x631
00000688 c171                 LGOTO 0x68e; number.o:_00184_DS_=0x68e
00000689                      number.o:_00180_DS_:
00000689 d1d3                 LCALL 0x62c; _E3=0x62c
0000068a c171                 LGOTO 0x68e; number.o:_00184_DS_=0x68e
0000068b                      number.o:_00181_DS_:
0000068b d1d8                 LCALL 0x627; _F3=0x627
0000068c c171                 LGOTO 0x68e; number.o:_00184_DS_=0x68e
0000068d                      number.o:_00182_DS_:
0000068d d1dd                 LCALL 0x622; _G3=0x622
0000068e                      number.o:_00184_DS_:
0000068e ffef                 RET
0000068f                      _showNubGewei:
0000068f e0fc                 BCR 0x3, 0x6
00000690 ff34                 MOVAR 0x4b
00000691 fd33                 CLRR 0x4c
00000692                      number.o:_00155_DS_:
00000692 def8                 MOVIA 0x7
00000693 e0fc                 BCR 0x3, 0x6
00000694 fbb3                 SUBAR 0x4c, 0x0
00000695 f3fc                 BTRSC 0x3, 0x0
00000696 c153                 LGOTO 0x6ac; number.o:_00157_DS_=0x6ac
00000697 feb4                 MOVR 0x4b, 0x0
00000698 ff32                 MOVAR 0x4d
00000699 feb3                 MOVR 0x4c, 0x0
0000069a d8ff                 SUBIA 0x0
0000069b f2fc                 BTRSC 0x3, 0x2
0000069c c15d                 LGOTO 0x6a2; number.o:_00171_DS_=0x6a2
0000069d                      number.o:_00170_DS_:
0000069d e0fc                 BCR 0x3, 0x6
0000069e ec32                 RRR 0x4d, 0x1
0000069f dafe                 ADDIA 0x1
000006a0 f7fc                 BTRSS 0x3, 0x0
000006a1 c162                 LGOTO 0x69d; number.o:_00170_DS_=0x69d
000006a2                      number.o:_00171_DS_:
000006a2 e0fc                 BCR 0x3, 0x6
000006a3 f7b2                 BTRSS 0x4d, 0x0
000006a4 c157                 LGOTO 0x6a8; number.o:_00151_DS_=0x6a8
000006a5 feb3                 MOVR 0x4c, 0x0
000006a6 d192                 LCALL 0x66d; _showNubGewei2=0x66d
000006a7 c156                 LGOTO 0x6a9; number.o:_00156_DS_=0x6a9
000006a8                      number.o:_00151_DS_:
000006a8 d284                 LCALL 0x57b; _setInput=0x57b
000006a9                      number.o:_00156_DS_:
000006a9 e0fc                 BCR 0x3, 0x6
000006aa fa33                 INCR 0x4c, 0x1
000006ab c16d                 LGOTO 0x692; number.o:_00155_DS_=0x692
000006ac                      number.o:_00157_DS_:
000006ac ffef                 RET
000006ad                      _showNubShiwei2:
000006ad e0fc                 BCR 0x3, 0x6
000006ae ff35                 MOVAR 0x4a
000006af def8                 MOVIA 0x7
000006b0 fbb5                 SUBAR 0x4a, 0x0
000006b1 f3fc                 BTRSC 0x3, 0x0
000006b2 c131                 LGOTO 0x6ce; number.o:_00139_DS_=0x6ce
000006b3 def9                 MOVIA 0x6
000006b4 ff75                 MOVAR 0xa
000006b5 feb5                 MOVR 0x4a, 0x0
000006b6 da45                 ADDIA 0xba
000006b7 f3fc                 BTRSC 0x3, 0x0
000006b8 fa75                 INCR 0xa, 0x1
000006b9 ff7d                 MOVAR 0x2
000006ba                      number.o:_00145_DS_:
000006ba c13e                 LGOTO 0x6c1; number.o:_00131_DS_=0x6c1
000006bb c13c                 LGOTO 0x6c3; number.o:_00132_DS_=0x6c3
000006bc c13a                 LGOTO 0x6c5; number.o:_00133_DS_=0x6c5
000006bd c138                 LGOTO 0x6c7; number.o:_00134_DS_=0x6c7
000006be c136                 LGOTO 0x6c9; number.o:_00135_DS_=0x6c9
000006bf c134                 LGOTO 0x6cb; number.o:_00136_DS_=0x6cb
000006c0 c132                 LGOTO 0x6cd; number.o:_00137_DS_=0x6cd
000006c1                      number.o:_00131_DS_:
000006c1 d19c                 LCALL 0x663; _A2=0x663
000006c2 c131                 LGOTO 0x6ce; number.o:_00139_DS_=0x6ce
000006c3                      number.o:_00132_DS_:
000006c3 d1a1                 LCALL 0x65e; _B2=0x65e
000006c4 c131                 LGOTO 0x6ce; number.o:_00139_DS_=0x6ce
000006c5                      number.o:_00133_DS_:
000006c5 d1a6                 LCALL 0x659; _C2=0x659
000006c6 c131                 LGOTO 0x6ce; number.o:_00139_DS_=0x6ce
000006c7                      number.o:_00134_DS_:
000006c7 d1ab                 LCALL 0x654; _D2=0x654
000006c8 c131                 LGOTO 0x6ce; number.o:_00139_DS_=0x6ce
000006c9                      number.o:_00135_DS_:
000006c9 d1b0                 LCALL 0x64f; _E2=0x64f
000006ca c131                 LGOTO 0x6ce; number.o:_00139_DS_=0x6ce
000006cb                      number.o:_00136_DS_:
000006cb d1b5                 LCALL 0x64a; _F2=0x64a
000006cc c131                 LGOTO 0x6ce; number.o:_00139_DS_=0x6ce
000006cd                      number.o:_00137_DS_:
000006cd d1ba                 LCALL 0x645; _G2=0x645
000006ce                      number.o:_00139_DS_:
000006ce ffef                 RET
000006cf                      _showNubShiwei:
000006cf e0fc                 BCR 0x3, 0x6
000006d0 ff38                 MOVAR 0x47
000006d1 fd37                 CLRR 0x48
000006d2                      number.o:_00110_DS_:
000006d2 def8                 MOVIA 0x7
000006d3 e0fc                 BCR 0x3, 0x6
000006d4 fbb7                 SUBAR 0x48, 0x0
000006d5 f3fc                 BTRSC 0x3, 0x0
000006d6 c113                 LGOTO 0x6ec; number.o:_00112_DS_=0x6ec
000006d7 feb8                 MOVR 0x47, 0x0
000006d8 ff36                 MOVAR 0x49
000006d9 feb7                 MOVR 0x48, 0x0
000006da d8ff                 SUBIA 0x0
000006db f2fc                 BTRSC 0x3, 0x2
000006dc c11d                 LGOTO 0x6e2; number.o:_00126_DS_=0x6e2
000006dd                      number.o:_00125_DS_:
000006dd e0fc                 BCR 0x3, 0x6
000006de ec36                 RRR 0x49, 0x1
000006df dafe                 ADDIA 0x1
000006e0 f7fc                 BTRSS 0x3, 0x0
000006e1 c122                 LGOTO 0x6dd; number.o:_00125_DS_=0x6dd
000006e2                      number.o:_00126_DS_:
000006e2 e0fc                 BCR 0x3, 0x6
000006e3 f7b6                 BTRSS 0x49, 0x0
000006e4 c117                 LGOTO 0x6e8; number.o:_00106_DS_=0x6e8
000006e5 feb7                 MOVR 0x48, 0x0
000006e6 d152                 LCALL 0x6ad; _showNubShiwei2=0x6ad
000006e7 c116                 LGOTO 0x6e9; number.o:_00111_DS_=0x6e9
000006e8                      number.o:_00106_DS_:
000006e8 d284                 LCALL 0x57b; _setInput=0x57b
000006e9                      number.o:_00111_DS_:
000006e9 e0fc                 BCR 0x3, 0x6
000006ea fa37                 INCR 0x48, 0x1
000006eb c12d                 LGOTO 0x6d2; number.o:_00110_DS_=0x6d2
000006ec                      number.o:_00112_DS_:
000006ec ffef                 RET
000006ed                      __mulchar:
000006ed e0fc                 BCR 0x3, 0x6
000006ee ff28                 MOVAR 0x57
000006ef feba                 MOVR 0x45, 0x0
000006f0 ff27                 MOVAR 0x58
000006f1 fd26                 CLRR 0x59
000006f2 def7                 MOVIA 0x8
000006f3 ff25                 MOVAR 0x5a
000006f4                      _mulchar.o:_00119_DS_:
000006f4 e0fc                 BCR 0x3, 0x6
000006f5 f7a8                 BTRSS 0x57, 0x0
000006f6 c106                 LGOTO 0x6f9; _mulchar.o:_00114_DS_=0x6f9
000006f7 fea7                 MOVR 0x58, 0x0
000006f8 fc26                 ADDAR 0x59, 0x1
000006f9                      _mulchar.o:_00114_DS_:
000006f9 e3fc                 BCR 0x3, 0x0
000006fa e0fc                 BCR 0x3, 0x6
000006fb ec28                 RRR 0x57, 0x1
000006fc e3fc                 BCR 0x3, 0x0
000006fd eb27                 RLR 0x58, 0x1
000006fe f9a5                 DECR 0x5a, 0x0
000006ff ff24                 MOVAR 0x5b
00000700 ff25                 MOVAR 0x5a
00000701 fea4                 MOVR 0x5b, 0x0
00000702 f6fc                 BTRSS 0x3, 0x2
00000703 c10b                 LGOTO 0x6f4; _mulchar.o:_00119_DS_=0x6f4
00000704 fea6                 MOVR 0x59, 0x0
00000705 ffef                 RET
00000706                      __divuchar:
00000706 e0fc                 BCR 0x3, 0x6
00000707 ff23                 MOVAR 0x5c
00000708 feba                 MOVR 0x45, 0x0
00000709 ff22                 MOVAR 0x5d
0000070a fd21                 CLRR 0x5e
0000070b defe                 MOVIA 0x1
0000070c ff20                 MOVAR 0x5f
0000070d fea2                 MOVR 0x5d, 0x0
0000070e f6fc                 BTRSS 0x3, 0x2
0000070f c0ed                 LGOTO 0x712; _divuchar.o:_00107_DS_=0x712
00000710 de00                 MOVIA 0xff
00000711 c0d1                 LGOTO 0x72e; _divuchar.o:_00115_DS_=0x72e
00000712                      _divuchar.o:_00107_DS_:
00000712 e0fc                 BCR 0x3, 0x6
00000713 f022                 BTRSC 0x5d, 0x7
00000714 c0e5                 LGOTO 0x71a; _divuchar.o:_00112_DS_=0x71a
00000715 e3fc                 BCR 0x3, 0x0
00000716 eb22                 RLR 0x5d, 0x1
00000717 e3fc                 BCR 0x3, 0x0
00000718 eb20                 RLR 0x5f, 0x1
00000719 c0ed                 LGOTO 0x712; _divuchar.o:_00107_DS_=0x712
0000071a                      _divuchar.o:_00112_DS_:
0000071a e0fc                 BCR 0x3, 0x6
0000071b fea0                 MOVR 0x5f, 0x0
0000071c f2fc                 BTRSC 0x3, 0x2
0000071d c0d3                 LGOTO 0x72c; _divuchar.o:_00114_DS_=0x72c
0000071e fea2                 MOVR 0x5d, 0x0
0000071f fba3                 SUBAR 0x5c, 0x0
00000720 f7fc                 BTRSS 0x3, 0x0
00000721 c0d9                 LGOTO 0x726; _divuchar.o:_00111_DS_=0x726
00000722 fea0                 MOVR 0x5f, 0x0
00000723 fc21                 ADDAR 0x5e, 0x1
00000724 fea2                 MOVR 0x5d, 0x0
00000725 fb23                 SUBAR 0x5c, 0x1
00000726                      _divuchar.o:_00111_DS_:
00000726 e3fc                 BCR 0x3, 0x0
00000727 e0fc                 BCR 0x3, 0x6
00000728 ec22                 RRR 0x5d, 0x1
00000729 e3fc                 BCR 0x3, 0x0
0000072a ec20                 RRR 0x5f, 0x1
0000072b c0e5                 LGOTO 0x71a; _divuchar.o:_00112_DS_=0x71a
0000072c                      _divuchar.o:_00114_DS_:
0000072c e0fc                 BCR 0x3, 0x6
0000072d fea1                 MOVR 0x5e, 0x0
0000072e                      _divuchar.o:_00115_DS_:
0000072e ffef                 RET
0000072f                      __moduchar:
0000072f e0fc                 BCR 0x3, 0x6
00000730 ff1f                 MOVAR 0x60
00000731 feba                 MOVR 0x45, 0x0
00000732 ff1e                 MOVAR 0x61
00000733 f6fc                 BTRSS 0x3, 0x2
00000734 c0c8                 LGOTO 0x737; _moduchar.o:_00119_DS_=0x737
00000735 de00                 MOVIA 0xff
00000736 c0ad                 LGOTO 0x752; _moduchar.o:_00115_DS_=0x752
00000737                      _moduchar.o:_00119_DS_:
00000737 defe                 MOVIA 0x1
00000738 e0fc                 BCR 0x3, 0x6
00000739 ff1d                 MOVAR 0x62
0000073a                      _moduchar.o:_00107_DS_:
0000073a e0fc                 BCR 0x3, 0x6
0000073b f01e                 BTRSC 0x61, 0x7
0000073c c0be                 LGOTO 0x741; _moduchar.o:_00112_DS_=0x741
0000073d e3fc                 BCR 0x3, 0x0
0000073e eb1e                 RLR 0x61, 0x1
0000073f fa1d                 INCR 0x62, 0x1
00000740 c0c5                 LGOTO 0x73a; _moduchar.o:_00107_DS_=0x73a
00000741                      _moduchar.o:_00112_DS_:
00000741 e0fc                 BCR 0x3, 0x6
00000742 fe9d                 MOVR 0x62, 0x0
00000743 f2fc                 BTRSC 0x3, 0x2
00000744 c0af                 LGOTO 0x750; _moduchar.o:_00114_DS_=0x750
00000745 fe9e                 MOVR 0x61, 0x0
00000746 fb9f                 SUBAR 0x60, 0x0
00000747 f7fc                 BTRSS 0x3, 0x0
00000748 c0b4                 LGOTO 0x74b; _moduchar.o:_00111_DS_=0x74b
00000749 fe9e                 MOVR 0x61, 0x0
0000074a fb1f                 SUBAR 0x60, 0x1
0000074b                      _moduchar.o:_00111_DS_:
0000074b e3fc                 BCR 0x3, 0x0
0000074c e0fc                 BCR 0x3, 0x6
0000074d ec1e                 RRR 0x61, 0x1
0000074e f91d                 DECR 0x62, 0x1
0000074f c0be                 LGOTO 0x741; _moduchar.o:_00112_DS_=0x741
00000750                      _moduchar.o:_00114_DS_:
00000750 e0fc                 BCR 0x3, 0x6
00000751 fe9f                 MOVR 0x60, 0x0
00000752                      _moduchar.o:_00115_DS_:
00000752 ffef                 RET
00000753                      __gptrget:
00000753 dbff                 XORIA 0x0
00000754 f2fc                 BTRSC 0x3, 0x2
00000755 c0a5                 LGOTO 0x75a; _gptrget1.o:__dataptrget1=0x75a
00000756 db7f                 XORIA 0x80
00000757 f2fc                 BTRSC 0x3, 0x2
00000758 c09e                 LGOTO 0x761; __codeptrget1=0x761
00000759 dfff                 RETIA 0x0
0000075a                      _gptrget1.o:__dataptrget1:
0000075a febb                 MOVR 0x44, 0x0
0000075b ff7b                 MOVAR 0x4
0000075c e0fc                 BCR 0x3, 0x6
0000075d f03b                 BTRSC 0x44, 0x7
0000075e e4fc                 BSR 0x3, 0x6
0000075f feff                 MOVR 0x0, 0x0
00000760 ffef                 RET
00000761                      __codeptrget1:
00000761 feba                 MOVR 0x45, 0x0
00000762 ffb8                 SFUN 0x7
00000763 febb                 MOVR 0x44, 0x0
00000764 fdee                 TABLEA
00000765 ffef                 RET
00000766                      ___cinit_load__:
