00000000 c7fe                LGOTO    0x1; __nyc_ny8_startup=0x1
00000001                     __nyc_ny8_startup:
00000001 d5c8                LCALL    0x237; ___cinit_load__=0x237
00000002 c648                LGOTO    0x1b7; _main=0x1b7
00000003                     _pwm1Stop:
00000003 fdff                CLRA
00000004 ffbe                SFUN     T1CR1
00000005 e0fb                BCR      FSR, BK0
00000006 e1d1                BCR      0x2e, 0x4
00000007 ffef                RET
00000008 c6d7                LGOTO    0x128; _isr=0x128
00000009                     _keyCtr:
00000009 f8f9                COMR     PORTB, ToAcc
0000000a e0fb                BCR      FSR, BK0
0000000b ff6a                MOVAR    0x15
0000000c def7                MOVIA    0x8
0000000d ef6a                ANDAR    0x15, ToReg
0000000e feea                MOVR     0x15, ToAcc
0000000f d670                LCALL    0x18f; _keyRead=0x18f
00000010 e0fb                BCR      FSR, BK0
00000011 ff6a                MOVAR    0x15
00000012 dbfe                XORIA    0x1
00000013 f6fc                BTRSS    STATUS, Z
00000014 c7b8                LGOTO    0x47; main.o:_00272_DS_=0x47
00000015 f6d1                BTRSS    0x2e, 0x2
00000016 c7b8                LGOTO    0x47; main.o:_00272_DS_=0x47
00000017 fd4c                CLRR     0x33
00000018 fa4e                INCR     0x31, ToReg
00000019 defa                MOVIA    0x5
0000001a fbce                SUBAR    0x31, ToAcc
0000001b f7fc                BTRSS    STATUS, C
0000001c c7e0                LGOTO    0x1f; main.o:_00251_DS_=0x1f
0000001d defe                MOVIA    0x1
0000001e ff4e                MOVAR    0x31
0000001f                     main.o:_00251_DS_:
0000001f e0fb                BCR      FSR, BK0
00000020 fece                MOVR     0x31, ToAcc
00000021 dbfe                XORIA    0x1
00000022 f6fc                BTRSS    STATUS, Z
00000023 c7d6                LGOTO    0x29; main.o:_00261_DS_=0x29
00000024 de87                MOVIA    0x78
00000025 ff49                MOVAR    0x36
00000026 defa                MOVIA    0x5
00000027 ff48                MOVAR    0x37
00000028 c793                LGOTO    0x6c; main.o:_00273_DS_=0x6c
00000029                     main.o:_00261_DS_:
00000029 e0fb                BCR      FSR, BK0
0000002a fece                MOVR     0x31, ToAcc
0000002b dbfd                XORIA    0x2
0000002c f6fc                BTRSS    STATUS, Z
0000002d c7cc                LGOTO    0x33; main.o:_00258_DS_=0x33
0000002e deaf                MOVIA    0x50
0000002f ff49                MOVAR    0x36
00000030 def5                MOVIA    0xa
00000031 ff48                MOVAR    0x37
00000032 c793                LGOTO    0x6c; main.o:_00273_DS_=0x6c
00000033                     main.o:_00258_DS_:
00000033 e0fb                BCR      FSR, BK0
00000034 fece                MOVR     0x31, ToAcc
00000035 dbfc                XORIA    0x3
00000036 f6fc                BTRSS    STATUS, Z
00000037 c7c2                LGOTO    0x3d; main.o:_00255_DS_=0x3d
00000038 ded7                MOVIA    0x28
00000039 ff49                MOVAR    0x36
0000003a def5                MOVIA    0xa
0000003b ff48                MOVAR    0x37
0000003c c793                LGOTO    0x6c; main.o:_00273_DS_=0x6c
0000003d                     main.o:_00255_DS_:
0000003d e0fb                BCR      FSR, BK0
0000003e fece                MOVR     0x31, ToAcc
0000003f dbfb                XORIA    0x4
00000040 f6fc                BTRSS    STATUS, Z
00000041 c793                LGOTO    0x6c; main.o:_00273_DS_=0x6c
00000042 dec3                MOVIA    0x3c
00000043 ff49                MOVAR    0x36
00000044 deeb                MOVIA    0x14
00000045 ff48                MOVAR    0x37
00000046 c793                LGOTO    0x6c; main.o:_00273_DS_=0x6c
00000047                     main.o:_00272_DS_:
00000047 e0fb                BCR      FSR, BK0
00000048 feea                MOVR     0x15, ToAcc
00000049 dbfd                XORIA    0x2
0000004a f6fc                BTRSS    STATUS, Z
0000004b c793                LGOTO    0x6c; main.o:_00273_DS_=0x6c
0000004c fd4c                CLRR     0x33
0000004d f6d1                BTRSS    0x2e, 0x2
0000004e c7ae                LGOTO    0x51; main.o:_00264_DS_=0x51
0000004f defd                MOVIA    0x2
00000050 ff44                MOVAR    0x3b
00000051                     main.o:_00264_DS_:
00000051 defb                MOVIA    0x4
00000052 e0fb                BCR      FSR, BK0
00000053 ed51                XORAR    0x2e, ToReg
00000054 fef9                MOVR     PORTB, ToAcc
00000055 ff6a                MOVAR    0x15
00000056 fd69                CLRR     0x16
00000057 f8ea                COMR     0x15, ToAcc
00000058 ff6a                MOVAR    0x15
00000059 f8e9                COMR     0x16, ToAcc
0000005a ff69                MOVAR    0x16
0000005b f5ea                BTRSS    0x15, 0x4
0000005c c7a1                LGOTO    0x5e; main.o:_00001_DS_=0x5e
0000005d e2d1                BCR      0x2e, 0x2
0000005e                     main.o:_00001_DS_:
0000005e e0fb                BCR      FSR, BK0
0000005f f6d1                BTRSS    0x2e, 0x2
00000060 c793                LGOTO    0x6c; main.o:_00273_DS_=0x6c
00000061 dea7                MOVIA    0x58
00000062 ff53                MOVAR    0x2c
00000063 defd                MOVIA    0x2
00000064 ff52                MOVAR    0x2d
00000065 defe                MOVIA    0x1
00000066 ff4e                MOVAR    0x31
00000067 ff4d                MOVAR    0x32
00000068 de87                MOVIA    0x78
00000069 ff49                MOVAR    0x36
0000006a dee1                MOVIA    0x1e
0000006b ff48                MOVAR    0x37
0000006c                     main.o:_00273_DS_:
0000006c f8fa                COMR     PORTA, ToAcc
0000006d e0fb                BCR      FSR, BK0
0000006e ff6a                MOVAR    0x15
0000006f defe                MOVIA    0x1
00000070 ef6a                ANDAR    0x15, ToReg
00000071 feea                MOVR     0x15, ToAcc
00000072 d610                LCALL    0x1ef; _keyRead2=0x1ef
00000073 e0fb                BCR      FSR, BK0
00000074 ff6a                MOVAR    0x15
00000075 feea                MOVR     0x15, ToAcc
00000076 f2fc                BTRSC    STATUS, Z
00000077 c77e                LGOTO    0x81; main.o:_00280_DS_=0x81
00000078 f6d1                BTRSS    0x2e, 0x2
00000079 c77e                LGOTO    0x81; main.o:_00280_DS_=0x81
0000007a fa4d                INCR     0x32, ToReg
0000007b defb                MOVIA    0x4
0000007c fbcd                SUBAR    0x32, ToAcc
0000007d f7fc                BTRSS    STATUS, C
0000007e c77e                LGOTO    0x81; main.o:_00280_DS_=0x81
0000007f defe                MOVIA    0x1
00000080 ff4d                MOVAR    0x32
00000081                     main.o:_00280_DS_:
00000081 ffef                RET
00000082                     _workCtr:
00000082 e0fb                BCR      FSR, BK0
00000083 fecd                MOVR     0x32, ToAcc
00000084 f2fc                BTRSC    STATUS, Z
00000085 c772                LGOTO    0x8d; main.o:_00168_DS_=0x8d
00000086 dec3                MOVIA    0x3c
00000087 ff5a                MOVAR    0x25
00000088 fecd                MOVR     0x32, ToAcc
00000089 d5f7                LCALL    0x208; __mulchar=0x208
0000008a e0fb                BCR      FSR, BK0
0000008b ff6d                MOVAR    0x12
0000008c ffbc                SFUN     PWM1DUTY
0000008d                     main.o:_00168_DS_:
0000008d e0fb                BCR      FSR, BK0
0000008e fece                MOVR     0x31, ToAcc
0000008f f2fc                BTRSC    STATUS, Z
00000090 c74d                LGOTO    0xb2; main.o:_00182_DS_=0xb2
00000091 fec7                MOVR     0x38, ToAcc
00000092 f2fc                BTRSC    STATUS, Z
00000093 c760                LGOTO    0x9f; main.o:_00179_DS_=0x9f
00000094 feca                MOVR     0x35, ToAcc
00000095 f6fc                BTRSS    STATUS, Z
00000096 c767                LGOTO    0x98; main.o:_00002_DS_=0x98
00000097 f947                DECR     0x38, ToReg
00000098                     main.o:_00002_DS_:
00000098 e0fb                BCR      FSR, BK0
00000099 fec8                MOVR     0x37, ToAcc
0000009a ff46                MOVAR    0x39
0000009b def1                MOVIA    0xe
0000009c ee7a                IORAR    PORTA, ToReg
0000009d d5a3                LCALL    0x25c; _pwm1Init=0x25c
0000009e c74d                LGOTO    0xb2; main.o:_00182_DS_=0xb2
0000009f                     main.o:_00179_DS_:
0000009f de0e                MOVIA    0xf1
000000a0 ef7a                ANDAR    PORTA, ToReg
000000a1 d7fc                LCALL    0x3; _pwm1Stop=0x3
000000a2 e0fb                BCR      FSR, BK0
000000a3 fec6                MOVR     0x39, ToAcc
000000a4 f2fc                BTRSC    STATUS, Z
000000a5 c750                LGOTO    0xaf; main.o:_00176_DS_=0xaf
000000a6 feca                MOVR     0x35, ToAcc
000000a7 f6fc                BTRSS    STATUS, Z
000000a8 c755                LGOTO    0xaa; main.o:_00003_DS_=0xaa
000000a9 e846                DECRSZ   0x39, ToReg
000000aa                     main.o:_00003_DS_:
000000aa c74d                LGOTO    0xb2; main.o:_00182_DS_=0xb2
000000ab e0fb                BCR      FSR, BK0
000000ac fec9                MOVR     0x36, ToAcc
000000ad ff47                MOVAR    0x38
000000ae c74d                LGOTO    0xb2; main.o:_00182_DS_=0xb2
000000af                     main.o:_00176_DS_:
000000af e0fb                BCR      FSR, BK0
000000b0 fec9                MOVR     0x36, ToAcc
000000b1 ff47                MOVAR    0x38
000000b2                     main.o:_00182_DS_:
000000b2 e0fb                BCR      FSR, BK0
000000b3 fa45                INCR     0x3a, ToReg
000000b4 fef9                MOVR     PORTB, ToAcc
000000b5 ff6d                MOVAR    0x12
000000b6 fd6c                CLRR     0x13
000000b7 f8ed                COMR     0x12, ToAcc
000000b8 ff6d                MOVAR    0x12
000000b9 f8ec                COMR     0x13, ToAcc
000000ba ff6c                MOVAR    0x13
000000bb f46d                BTRSS    0x12, 0x7
000000bc c73c                LGOTO    0xc3; main.o:_00190_DS_=0xc3
000000bd f251                BTRSC    0x2e, 0x3
000000be c73f                LGOTO    0xc0; main.o:_00004_DS_=0xc0
000000bf fd45                CLRR     0x3a
000000c0                     main.o:_00004_DS_:
000000c0 e0fb                BCR      FSR, BK0
000000c1 e651                BSR      0x2e, 0x3
000000c2 c72d                LGOTO    0xd2; main.o:_00191_DS_=0xd2
000000c3                     main.o:_00190_DS_:
000000c3 fef9                MOVR     PORTB, ToAcc
000000c4 e0fb                BCR      FSR, BK0
000000c5 ff6d                MOVAR    0x12
000000c6 fd6c                CLRR     0x13
000000c7 f8ed                COMR     0x12, ToAcc
000000c8 ff6d                MOVAR    0x12
000000c9 f8ec                COMR     0x13, ToAcc
000000ca ff6c                MOVAR    0x13
000000cb f4ed                BTRSS    0x12, 0x6
000000cc c72d                LGOTO    0xd2; main.o:_00191_DS_=0xd2
000000cd f651                BTRSS    0x2e, 0x3
000000ce c72f                LGOTO    0xd0; main.o:_00005_DS_=0xd0
000000cf fd45                CLRR     0x3a
000000d0                     main.o:_00005_DS_:
000000d0 e0fb                BCR      FSR, BK0
000000d1 e251                BCR      0x2e, 0x3
000000d2                     main.o:_00191_DS_:
000000d2 decd                MOVIA    0x32
000000d3 e0fb                BCR      FSR, BK0
000000d4 fbc5                SUBAR    0x3a, ToAcc
000000d5 f3fc                BTRSC    STATUS, C
000000d6 c726                LGOTO    0xd9; main.o:_00193_DS_=0xd9
000000d7 de03                MOVIA    0xfc
000000d8 ef79                ANDAR    PORTB, ToReg
000000d9                     main.o:_00193_DS_:
000000d9 e0fb                BCR      FSR, BK0
000000da f651                BTRSS    0x2e, 0x3
000000db c71a                LGOTO    0xe5; main.o:_00199_DS_=0xe5
000000dc decc                MOVIA    0x33
000000dd fbc5                SUBAR    0x3a, ToAcc
000000de f7fc                BTRSS    STATUS, C
000000df c711                LGOTO    0xee; main.o:_00201_DS_=0xee
000000e0 d58d                LCALL    0x272; _zhengzhuan=0x272
000000e1 decc                MOVIA    0x33
000000e2 e0fb                BCR      FSR, BK0
000000e3 ff45                MOVAR    0x3a
000000e4 c711                LGOTO    0xee; main.o:_00201_DS_=0xee
000000e5                     main.o:_00199_DS_:
000000e5 decc                MOVIA    0x33
000000e6 e0fb                BCR      FSR, BK0
000000e7 fbc5                SUBAR    0x3a, ToAcc
000000e8 f7fc                BTRSS    STATUS, C
000000e9 c711                LGOTO    0xee; main.o:_00201_DS_=0xee
000000ea d590                LCALL    0x26f; _fanzhuan=0x26f
000000eb decc                MOVIA    0x33
000000ec e0fb                BCR      FSR, BK0
000000ed ff45                MOVAR    0x3a
000000ee                     main.o:_00201_DS_:
000000ee ffef                RET
000000ef                     __moduint:
000000ef e0fb                BCR      FSR, BK0
000000f0 ff62                MOVAR    0x1d
000000f1 feda                MOVR     0x25, ToAcc
000000f2 ff63                MOVAR    0x1c
000000f3 fedb                MOVR     0x24, ToAcc
000000f4 ff60                MOVAR    0x1f
000000f5 fedc                MOVR     0x23, ToAcc
000000f6 ff61                MOVAR    0x1e
000000f7 eee0                IORAR    0x1f, ToAcc
000000f8 f6fc                BTRSS    STATUS, Z
000000f9 c702                LGOTO    0xfd; _moduint.o:_00119_DS_=0xfd
000000fa de00                MOVIA    0xff
000000fb ff5a                MOVAR    0x25
000000fc c6d8                LGOTO    0x127; _moduint.o:_00115_DS_=0x127
000000fd                     _moduint.o:_00119_DS_:
000000fd defe                MOVIA    0x1
000000fe e0fb                BCR      FSR, BK0
000000ff ff59                MOVAR    0x26
00000100                     _moduint.o:_00107_DS_:
00000100 e0fb                BCR      FSR, BK0
00000101 f060                BTRSC    0x1f, 0x7
00000102 c6f7                LGOTO    0x108; _moduint.o:_00112_DS_=0x108
00000103 e3fc                BCR      STATUS, C
00000104 eb61                RLR      0x1e, ToReg
00000105 eb60                RLR      0x1f, ToReg
00000106 fa59                INCR     0x26, ToReg
00000107 c6ff                LGOTO    0x100; _moduint.o:_00107_DS_=0x100
00000108                     _moduint.o:_00112_DS_:
00000108 e0fb                BCR      FSR, BK0
00000109 fed9                MOVR     0x26, ToAcc
0000010a f2fc                BTRSC    STATUS, Z
0000010b c6dc                LGOTO    0x123; _moduint.o:_00114_DS_=0x123
0000010c fee0                MOVR     0x1f, ToAcc
0000010d fbe2                SUBAR    0x1d, ToAcc
0000010e f6fc                BTRSS    STATUS, Z
0000010f c6ed                LGOTO    0x112; _moduint.o:_00137_DS_=0x112
00000110 fee1                MOVR     0x1e, ToAcc
00000111 fbe3                SUBAR    0x1c, ToAcc
00000112                     _moduint.o:_00137_DS_:
00000112 f7fc                BTRSS    STATUS, C
00000113 c6e2                LGOTO    0x11d; _moduint.o:_00001_DS_=0x11d
00000114 e0fb                BCR      FSR, BK0
00000115 fee1                MOVR     0x1e, ToAcc
00000116 fb63                SUBAR    0x1c, ToReg
00000117 fee0                MOVR     0x1f, ToAcc
00000118 f7fc                BTRSS    STATUS, C
00000119 fae0                INCR     0x1f, ToAcc
0000011a f2fc                BTRSC    STATUS, Z
0000011b c6e2                LGOTO    0x11d; _moduint.o:_00001_DS_=0x11d
0000011c fb62                SUBAR    0x1d, ToReg
0000011d                     _moduint.o:_00001_DS_:
0000011d e3fc                BCR      STATUS, C
0000011e e0fb                BCR      FSR, BK0
0000011f ec60                RRR      0x1f, ToReg
00000120 ec61                RRR      0x1e, ToReg
00000121 f959                DECR     0x26, ToReg
00000122 c6f7                LGOTO    0x108; _moduint.o:_00112_DS_=0x108
00000123                     _moduint.o:_00114_DS_:
00000123 e0fb                BCR      FSR, BK0
00000124 fee3                MOVR     0x1c, ToAcc
00000125 ff5a                MOVAR    0x25
00000126 fee2                MOVR     0x1d, ToAcc
00000127                     _moduint.o:_00115_DS_:
00000127 ffef                RET
00000128                     _isr:
00000128 ff5d                MOVAR    0x22
00000129 eafc                SWAPR    STATUS, ToAcc
0000012a fd7c                CLRR     STATUS
0000012b ff5e                MOVAR    0x21
0000012c fef5                MOVR     PCHBUF, ToAcc
0000012d fd75                CLRR     PCHBUF
0000012e ff5f                MOVAR    0x20
0000012f fefb                MOVR     FSR, ToAcc
00000130 e0fb                BCR      FSR, BK0
00000131 ff58                MOVAR    0x27
00000132 feda                MOVR     0x25, ToAcc
00000133 ff57                MOVAR    0x28
00000134 fedb                MOVR     0x24, ToAcc
00000135 ff56                MOVAR    0x29
00000136 f7f0                BTRSS    INTF, T0IF
00000137 c6b6                LGOTO    0x149; main.o:_00108_DS_=0x149
00000138 dec8                MOVIA    0x37
00000139 fc7e                ADDAR    TMR0, ToReg
0000013a fa55                INCR     0x2a, ToReg
0000013b f2fc                BTRSC    STATUS, Z
0000013c fa54                INCR     0x2b, ToReg
0000013d ded8                MOVIA    0x27
0000013e fbd4                SUBAR    0x2b, ToAcc
0000013f f6fc                BTRSS    STATUS, Z
00000140 c6bc                LGOTO    0x143; main.o:_00122_DS_=0x143
00000141 deef                MOVIA    0x10
00000142 fbd5                SUBAR    0x2a, ToAcc
00000143                     main.o:_00122_DS_:
00000143 f7fc                BTRSS    STATUS, C
00000144 c6b6                LGOTO    0x149; main.o:_00108_DS_=0x149
00000145 e0fb                BCR      FSR, BK0
00000146 e7d1                BSR      0x2e, 0x0
00000147 fd55                CLRR     0x2a
00000148 fd54                CLRR     0x2b
00000149                     main.o:_00108_DS_:
00000149 f770                BTRSS    INTF, PBIF
0000014a c6b2                LGOTO    0x14d; main.o:_00110_DS_=0x14d
0000014b de02                MOVIA    0xfd
0000014c ff70                MOVAR    INTF
0000014d                     main.o:_00110_DS_:
0000014d fd70                CLRR     INTF
0000014e e0fb                BCR      FSR, BK0
0000014f fed6                MOVR     0x29, ToAcc
00000150 ff5b                MOVAR    0x24
00000151 fed7                MOVR     0x28, ToAcc
00000152 ff5a                MOVAR    0x25
00000153 fed8                MOVR     0x27, ToAcc
00000154 ff7b                MOVAR    FSR
00000155 fedf                MOVR     0x20, ToAcc
00000156 ff75                MOVAR    PCHBUF
00000157 fd7c                CLRR     STATUS
00000158 eade                SWAPR    0x21, ToAcc
00000159 ff7c                MOVAR    STATUS
0000015a ea5d                SWAPR    0x22, ToReg
0000015b eadd                SWAPR    0x22, ToAcc
0000015c                     main.o:END_OF_INTERRUPT:
0000015c ffee                RETIE
0000015d                     _task1:
0000015d d7f6                LCALL    0x9; _keyCtr=0x9
0000015e e0fb                BCR      FSR, BK0
0000015f fa4a                INCR     0x35, ToReg
00000160 de9b                MOVIA    0x64
00000161 fbca                SUBAR    0x35, ToAcc
00000162 f7fc                BTRSS    STATUS, C
00000163 c68b                LGOTO    0x174; main.o:_00142_DS_=0x174
00000164 fd4a                CLRR     0x35
00000165 fed3                MOVR     0x2c, ToAcc
00000166 eed2                IORAR    0x2d, ToAcc
00000167 f2fc                BTRSC    STATUS, Z
00000168 c68b                LGOTO    0x174; main.o:_00142_DS_=0x174
00000169 de00                MOVIA    0xff
0000016a fc53                ADDAR    0x2c, ToReg
0000016b f7fc                BTRSS    STATUS, C
0000016c f952                DECR     0x2d, ToReg
0000016d fed3                MOVR     0x2c, ToAcc
0000016e eed2                IORAR    0x2d, ToAcc
0000016f f6fc                BTRSS    STATUS, Z
00000170 c68b                LGOTO    0x174; main.o:_00142_DS_=0x174
00000171 defd                MOVIA    0x2
00000172 ff44                MOVAR    0x3b
00000173 d5b2                LCALL    0x24d; _workStop=0x24d
00000174                     main.o:_00142_DS_:
00000174 fef9                MOVR     PORTB, ToAcc
00000175 e0fb                BCR      FSR, BK0
00000176 ff6f                MOVAR    0x10
00000177 fd6e                CLRR     0x11
00000178 f8ef                COMR     0x10, ToAcc
00000179 ff6f                MOVAR    0x10
0000017a f8ee                COMR     0x11, ToAcc
0000017b ff6e                MOVAR    0x11
0000017c f5ef                BTRSS    0x10, 0x4
0000017d c67d                LGOTO    0x182; main.o:_00006_DS_=0x182
0000017e fecf                MOVR     0x30, ToAcc
0000017f f6fc                BTRSS    STATUS, Z
00000180 c67d                LGOTO    0x182; main.o:_00006_DS_=0x182
00000181 e2d1                BCR      0x2e, 0x2
00000182                     main.o:_00006_DS_:
00000182 e0fb                BCR      FSR, BK0
00000183 f6d1                BTRSS    0x2e, 0x2
00000184 c678                LGOTO    0x187; main.o:_00149_DS_=0x187
00000185 d77d                LCALL    0x82; _workCtr=0x82
00000186 c671                LGOTO    0x18e; main.o:_00151_DS_=0x18e
00000187                     main.o:_00149_DS_:
00000187 d5b2                LCALL    0x24d; _workStop=0x24d
00000188 e0fb                BCR      FSR, BK0
00000189 fa4c                INCR     0x33, ToReg
0000018a de04                MOVIA    0xfb
0000018b fbcc                SUBAR    0x33, ToAcc
0000018c f3fc                BTRSC    STATUS, C
0000018d d5de                LCALL    0x221; _gotoSleep=0x221
0000018e                     main.o:_00151_DS_:
0000018e ffef                RET
0000018f                     _keyRead:
0000018f e0fb                BCR      FSR, BK0
00000190 ff6b                MOVAR    0x14
00000191 feeb                MOVR     0x14, ToAcc
00000192 f2fc                BTRSC    STATUS, Z
00000193 c65d                LGOTO    0x1a2; main.o:_00231_DS_=0x1a2
00000194 fa4f                INCR     0x30, ToReg
00000195 feeb                MOVR     0x14, ToAcc
00000196 ff50                MOVAR    0x2f
00000197 de9b                MOVIA    0x64
00000198 fbcf                SUBAR    0x30, ToAcc
00000199 f7fc                BTRSS    STATUS, C
0000019a c64a                LGOTO    0x1b5; main.o:_00232_DS_=0x1b5
0000019b de9b                MOVIA    0x64
0000019c ff4f                MOVAR    0x30
0000019d f351                BTRSC    0x2e, 0x1
0000019e c64a                LGOTO    0x1b5; main.o:_00232_DS_=0x1b5
0000019f e751                BSR      0x2e, 0x1
000001a0 defd                MOVIA    0x2
000001a1 c649                LGOTO    0x1b6; main.o:_00233_DS_=0x1b6
000001a2                     main.o:_00231_DS_:
000001a2 de9b                MOVIA    0x64
000001a3 e0fb                BCR      FSR, BK0
000001a4 fbcf                SUBAR    0x30, ToAcc
000001a5 f7fc                BTRSS    STATUS, C
000001a6 c654                LGOTO    0x1ab; main.o:_00228_DS_=0x1ab
000001a7 fd4f                CLRR     0x30
000001a8 e351                BCR      0x2e, 0x1
000001a9 deff                MOVIA    0x0
000001aa c649                LGOTO    0x1b6; main.o:_00233_DS_=0x1b6
000001ab                     main.o:_00228_DS_:
000001ab def5                MOVIA    0xa
000001ac e0fb                BCR      FSR, BK0
000001ad fbcf                SUBAR    0x30, ToAcc
000001ae f7fc                BTRSS    STATUS, C
000001af c64c                LGOTO    0x1b3; main.o:_00229_DS_=0x1b3
000001b0 fd4f                CLRR     0x30
000001b1 defe                MOVIA    0x1
000001b2 c649                LGOTO    0x1b6; main.o:_00233_DS_=0x1b6
000001b3                     main.o:_00229_DS_:
000001b3 e0fb                BCR      FSR, BK0
000001b4 fd4f                CLRR     0x30
000001b5                     main.o:_00232_DS_:
000001b5 deff                MOVIA    0x0
000001b6                     main.o:_00233_DS_:
000001b6 ffef                RET
000001b7                     _main:
000001b7 d62b                LCALL    0x1d4; _initSys=0x1d4
000001b8                     main.o:_00132_DS_:
000001b8 fffd                CLRWDT
000001b9 de9b                MOVIA    0x64
000001ba ff5c                MOVAR    0x23
000001bb deff                MOVIA    0x0
000001bc ff5b                MOVAR    0x24
000001bd e0fb                BCR      FSR, BK0
000001be fed5                MOVR     0x2a, ToAcc
000001bf ff5a                MOVAR    0x25
000001c0 fed4                MOVR     0x2b, ToAcc
000001c1 d710                LCALL    0xef; __moduint=0xef
000001c2 eeda                IORAR    0x25, ToAcc
000001c3 f2fc                BTRSC    STATUS, Z
000001c4 d6a2                LCALL    0x15d; _task1=0x15d
000001c5 de77                MOVIA    0x88
000001c6 ff5c                MOVAR    0x23
000001c7 deec                MOVIA    0x13
000001c8 ff5b                MOVAR    0x24
000001c9 e0fb                BCR      FSR, BK0
000001ca fed5                MOVR     0x2a, ToAcc
000001cb ff5a                MOVAR    0x25
000001cc fed4                MOVR     0x2b, ToAcc
000001cd d710                LCALL    0xef; __moduint=0xef
000001ce eeda                IORAR    0x25, ToAcc
000001cf f6fc                BTRSS    STATUS, Z
000001d0 c647                LGOTO    0x1b8; main.o:_00132_DS_=0x1b8
000001d1 d595                LCALL    0x26a; _task2=0x26a
000001d2 c647                LGOTO    0x1b8; main.o:_00132_DS_=0x1b8
000001d3 ffef                RET
000001d4                     _initSys:
000001d4 ffec                DISI
000001d5 defe                MOVIA    0x1
000001d6 fffa                IOST     IOSTA
000001d7 de27                MOVIA    0xd8
000001d8 fff9                IOST     IOSTB
000001d9 fd79                CLRR     PORTB
000001da fd7a                CLRR     PORTA
000001db ded8                MOVIA    0x27
000001dc ff73                MOVAR    BPHCON
000001dd de00                MOVIA    0xff
000001de ff74                MOVAR    ABPLCON
000001df defe                MOVIA    0x1
000001e0 ff71                MOVAR    INTE
000001e1 fdff                CLRA
000001e2 fff0                IOST     PCON1
000001e3 dec8                MOVIA    0x37
000001e4 ff7e                MOVAR    TMR0
000001e5 fdff                CLRA
000001e6 fffc                T0MD
000001e7 defe                MOVIA    0x1
000001e8 fff0                IOST     PCON1
000001e9 de77                MOVIA    0x88
000001ea ff77                MOVAR    PCON
000001eb defe                MOVIA    0x1
000001ec fff0                IOST     PCON1
000001ed fffb                ENI
000001ee ffef                RET
000001ef                     _keyRead2:
000001ef e0fb                BCR      FSR, BK0
000001f0 ff6b                MOVAR    0x14
000001f1 feeb                MOVR     0x14, ToAcc
000001f2 f2fc                BTRSC    STATUS, Z
000001f3 c603                LGOTO    0x1fc; main.o:_00243_DS_=0x1fc
000001f4 fa4b                INCR     0x34, ToReg
000001f5 de9b                MOVIA    0x64
000001f6 fbcb                SUBAR    0x34, ToAcc
000001f7 f7fc                BTRSS    STATUS, C
000001f8 c5f9                LGOTO    0x206; main.o:_00244_DS_=0x206
000001f9 de9b                MOVIA    0x64
000001fa ff4b                MOVAR    0x34
000001fb c5f9                LGOTO    0x206; main.o:_00244_DS_=0x206
000001fc                     main.o:_00243_DS_:
000001fc def5                MOVIA    0xa
000001fd e0fb                BCR      FSR, BK0
000001fe fbcb                SUBAR    0x34, ToAcc
000001ff f7fc                BTRSS    STATUS, C
00000200 c5fb                LGOTO    0x204; main.o:_00241_DS_=0x204
00000201 fd4b                CLRR     0x34
00000202 defe                MOVIA    0x1
00000203 c5f8                LGOTO    0x207; main.o:_00245_DS_=0x207
00000204                     main.o:_00241_DS_:
00000204 e0fb                BCR      FSR, BK0
00000205 fd4b                CLRR     0x34
00000206                     main.o:_00244_DS_:
00000206 deff                MOVIA    0x0
00000207                     main.o:_00245_DS_:
00000207 ffef                RET
00000208                     __mulchar:
00000208 e0fb                BCR      FSR, BK0
00000209 ff68                MOVAR    0x17
0000020a feda                MOVR     0x25, ToAcc
0000020b ff67                MOVAR    0x18
0000020c fd66                CLRR     0x19
0000020d def7                MOVIA    0x8
0000020e ff65                MOVAR    0x1a
0000020f                     _mulchar.o:_00119_DS_:
0000020f e0fb                BCR      FSR, BK0
00000210 f7e8                BTRSS    0x17, 0x0
00000211 c5eb                LGOTO    0x214; _mulchar.o:_00114_DS_=0x214
00000212 fee7                MOVR     0x18, ToAcc
00000213 fc66                ADDAR    0x19, ToReg
00000214                     _mulchar.o:_00114_DS_:
00000214 e3fc                BCR      STATUS, C
00000215 e0fb                BCR      FSR, BK0
00000216 ec68                RRR      0x17, ToReg
00000217 e3fc                BCR      STATUS, C
00000218 eb67                RLR      0x18, ToReg
00000219 f9e5                DECR     0x1a, ToAcc
0000021a ff64                MOVAR    0x1b
0000021b ff65                MOVAR    0x1a
0000021c fee4                MOVR     0x1b, ToAcc
0000021d f6fc                BTRSS    STATUS, Z
0000021e c5f0                LGOTO    0x20f; _mulchar.o:_00119_DS_=0x20f
0000021f fee6                MOVR     0x19, ToAcc
00000220 ffef                RET
00000221                     _gotoSleep:
00000221 e0fb                BCR      FSR, BK0
00000222 fd4c                CLRR     0x33
00000223 d5b2                LCALL    0x24d; _workStop=0x24d
00000224 e0fb                BCR      FSR, BK0
00000225 fd4e                CLRR     0x31
00000226 dee7                MOVIA    0x18
00000227 ff76                MOVAR    BWUCON
00000228 def4                MOVIA    0xb
00000229 ff71                MOVAR    INTE
0000022a def7                MOVIA    0x8
0000022b ff77                MOVAR    PCON
0000022c fd70                CLRR     INTF
0000022d fffd                CLRWDT
0000022e fffb                ENI
0000022f fffe                SLEEP
00000230 fd76                CLRR     BWUCON
00000231 defe                MOVIA    0x1
00000232 ff71                MOVAR    INTE
00000233 fd70                CLRR     INTF
00000234 de77                MOVIA    0x88
00000235 ff77                MOVAR    PCON
00000236 ffef                RET
00000237                     ___cinit_load__:
00000237 e0fb                BCR      FSR, BK0
00000238 fd51                CLRR     0x2e
00000239 fd50                CLRR     0x2f
0000023a fd4f                CLRR     0x30
0000023b fd55                CLRR     0x2a
0000023c fd54                CLRR     0x2b
0000023d fd4e                CLRR     0x31
0000023e fd4d                CLRR     0x32
0000023f fd4c                CLRR     0x33
00000240 fd4b                CLRR     0x34
00000241 fd4a                CLRR     0x35
00000242 fd53                CLRR     0x2c
00000243 fd52                CLRR     0x2d
00000244 fd47                CLRR     0x38
00000245 fd46                CLRR     0x39
00000246 fd45                CLRR     0x3a
00000247 fd44                CLRR     0x3b
00000248 dee1                MOVIA    0x1e
00000249 ff48                MOVAR    0x37
0000024a de87                MOVIA    0x78
0000024b ff49                MOVAR    0x36
0000024c ffef                RET
0000024d                     _workStop:
0000024d d7fc                LCALL    0x3; _pwm1Stop=0x3
0000024e e0fb                BCR      FSR, BK0
0000024f fec4                MOVR     0x3b, ToAcc
00000250 f2fc                BTRSC    STATUS, Z
00000251 c5aa                LGOTO    0x255; main.o:_00207_DS_=0x255
00000252 dedf                MOVIA    0x20
00000253 ff79                MOVAR    PORTB
00000254 c5a9                LGOTO    0x256; main.o:_00208_DS_=0x256
00000255                     main.o:_00207_DS_:
00000255 fd79                CLRR     PORTB
00000256                     main.o:_00208_DS_:
00000256 fd7a                CLRR     PORTA
00000257 e0fb                BCR      FSR, BK0
00000258 e2d1                BCR      0x2e, 0x2
00000259 fd4e                CLRR     0x31
0000025a fd4d                CLRR     0x32
0000025b ffef                RET
0000025c                     _pwm1Init:
0000025c e0fb                BCR      FSR, BK0
0000025d f1d1                BTRSC    0x2e, 0x4
0000025e c596                LGOTO    0x269; main.o:_00287_DS_=0x269
0000025f                     main.o:_00286_DS_:
0000025f e0fb                BCR      FSR, BK0
00000260 e5d1                BSR      0x2e, 0x4
00000261 fdff                CLRA
00000262 ffb2                SFUN     TMRH
00000263 de38                MOVIA    0xc7
00000264 ffbf                SFUN     TMR1
00000265 def8                MOVIA    0x7
00000266 ffbd                SFUN     T1CR2
00000267 de7c                MOVIA    0x83
00000268 ffbe                SFUN     T1CR1
00000269                     main.o:_00287_DS_:
00000269 ffef                RET
0000026a                     _task2:
0000026a e0fb                BCR      FSR, BK0
0000026b fec4                MOVR     0x3b, ToAcc
0000026c f6fc                BTRSS    STATUS, Z
0000026d f944                DECR     0x3b, ToReg
0000026e ffef                RET
0000026f                     _fanzhuan:
0000026f e3f9                BCR      PORTB, PB0
00000270 e779                BSR      PORTB, PB1
00000271 ffef                RET
00000272                     _zhengzhuan:
00000272 e379                BCR      PORTB, PB1
00000273 e7f9                BSR      PORTB, PB0
00000274 ffef                RET

