
                    Nyquest Technology Co., Ltd.

NYASM 2.25

    ADDR  OPCODE/VALUE              LINE   TAG  SOURCE                   STATEMENT    

                                    1-    1     ;--------------------------------------------------------
                                    1-    2     ; File Created by SDCC : free open source ANSI-C Compiler
                                    1-    3     ; Version 3.7.1 #0 (MSVC)
                                    1-    4     ;--------------------------------------------------------
                                    1-    5     ; NY8A port
                                    1-    6     ;--------------------------------------------------------
                                    1-    7     	.file	"main.c"
                                    1-    8     	list	p=NY8A054D,c=on
                                    1-    9     	#include "ny8a054d.inc"
                                    1-   11     ;--------------------------------------------------------
                                    1-   12     ; external declarations
                                    1-   13     ;--------------------------------------------------------
                                    1-   14     	extern	_Delay10Us
                                    1-   15     	extern	_SDAOutput
                                    1-   16     	extern	_SDAInput
                                    1-   17     	extern	_Start24C02
                                    1-   18     	extern	_Stop24C02
                                    1-   19     	extern	_SendAck
                                    1-   20     	extern	_SendNoAck
                                    1-   21     	extern	_RecvAck
                                    1-   22     	extern	_SendByte
                                    1-   23     	extern	_ReadByte
                                    1-   24     	extern	_readWordStep
                                    1-   25     	extern	_writeWordStep
                                    1-   26     	extern	_sendtoLast
                                    1-   27     	extern	_sendRGB
                                    1-   28     	extern	_sendRGB1
                                    1-   29     	extern	_Delay80us
                                    1-   30     	extern	_PORTAbits
                                    1-   31     	extern	_PORTBbits
                                    1-   32     	extern	_PCONbits
                                    1-   33     	extern	_BWUCONbits
                                    1-   34     	extern	_ABPLCONbits
                                    1-   35     	extern	_BPHCONbits
                                    1-   36     	extern	_INTEbits
                                    1-   37     	extern	_INTFbits
                                    1-   38     	extern	_AWUCONbits
                                    1-   39     	extern	_INTEDGbits
                                    1-   40     	extern	_RFCbits
                                    1-   41     	extern	_INTE2bits
                                    1-   42     	extern	_INDF
                                    1-   43     	extern	_TMR0
                                    1-   44     	extern	_PCL
                                    1-   45     	extern	_STATUS
                                    1-   46     	extern	_FSR
                                    1-   47     	extern	_PORTA
                                    1-   48     	extern	_PORTB
                                    1-   49     	extern	_PCON
                                    1-   50     	extern	_BWUCON
                                    1-   51     	extern	_PCHBUF
                                    1-   52     	extern	_ABPLCON
                                    1-   53     	extern	_BPHCON
                                    1-   54     	extern	_INTE
                                    1-   55     	extern	_INTF
                                    1-   56     	extern	_AWUCON
                                    1-   57     	extern	_INTEDG
                                    1-   58     	extern	_TMRH
                                    1-   59     	extern	_RFC
                                    1-   60     	extern	_TM34RH
                                    1-   61     	extern	_INTE2
                                    1-   62     	extern	_TMR1
                                    1-   63     	extern	_T1CR1
                                    1-   64     	extern	_T1CR2
                                    1-   65     	extern	_PWM1DUTY
                                    1-   66     	extern	_PS1CV
                                    1-   67     	extern	_BZ1CR
                                    1-   68     	extern	_IRCR
                                    1-   69     	extern	_TBHP
                                    1-   70     	extern	_TBHD
                                    1-   71     	extern	_P2CR1
                                    1-   72     	extern	_PWM2DUTY
                                    1-   73     	extern	_OSCCR
                                    1-   74     	extern	_TMR3
                                    1-   75     	extern	_T3CR1
                                    1-   76     	extern	_T3CR2
                                    1-   77     	extern	_PWM3DUTY
                                    1-   78     	extern	_PS3CV
                                    1-   79     	extern	_P4CR1
                                    1-   80     	extern	_PWM4DUTY
                                    1-   81     	extern	_P5CR1
                                    1-   82     	extern	_PWM5DUTY
                                    1-   83     	extern	_PWM5RH
                                    1-   84     	extern	_IOSTA
                                    1-   85     	extern	_IOSTB
                                    1-   86     	extern	_APHCON
                                    1-   87     	extern	_PS0CV
                                    1-   88     	extern	_BODCON
                                    1-   89     	extern	_CMPCR
                                    1-   90     	extern	_PCON1
                                    1-   91     	extern	_T0MD
                                    1-   92     	extern	___sdcc_saved_fsr
                                    1-   93     	extern	___sdcc_saved_stk00
                                    1-   94     	extern	___sdcc_saved_stk01
                                    1-   95     	extern	__nyc_ny8_startup
                                    1-   96     ;--------------------------------------------------------
                                    1-   97     ; global declarations
                                    1-   98     ;--------------------------------------------------------
                                    1-   99     	extern	_keyRead
                                    1-  100     	extern	_keyCtrl
                                    1-  101     	extern	_ledCtrl
                                    1-  102     	extern	_isr
                                    1-  103     	extern	_main
                                    1-  104     	extern	_intCount
                                    1-  105     	extern	_IntFlag
                                    1-  106     	extern	_keyCount
                                    1-  107     	extern	_workStep
                                    1-  108     	extern	_Rdata
                                    1-  109     	extern	_Gdata
                                    1-  110     	extern	_Bdata
                                    1-  112     	extern PSAVE
                                    1-  113     	extern SSAVE
                                    1-  114     	extern WSAVE
                                    1-  115     	extern STK12
                                    1-  116     	extern STK11
                                    1-  117     	extern STK10
                                    1-  118     	extern STK09
                                    1-  119     	extern STK08
                                    1-  120     	extern STK07
                                    1-  121     	extern STK06
                                    1-  122     	extern STK05
                                    1-  123     	extern STK04
                                    1-  124     	extern STK03
                                    1-  125     	extern STK02
                                    1-  126     	extern STK01
                                    1-  127     	extern STK00
                                    1-  129     .segment "uninit", 0x20000040
 20000040                           1-  130     PSAVE:
                                    1-  131     	.res 1
 20000041                           1-  132     SSAVE:
                                    1-  133     	.res 1
 20000042                           1-  134     WSAVE:
                                    1-  135     	.res 1
 20000043                           1-  136     STK12:
                                    1-  137     	.res 1
 20000044                           1-  138     STK11:
                                    1-  139     	.res 1
 20000045                           1-  140     STK10:
                                    1-  141     	.res 1
 20000046                           1-  142     STK09:
                                    1-  143     	.res 1
 20000047                           1-  144     STK08:
                                    1-  145     	.res 1
 20000048                           1-  146     STK07:
                                    1-  147     	.res 1
 20000049                           1-  148     STK06:
                                    1-  149     	.res 1
 2000004A                           1-  150     STK05:
                                    1-  151     	.res 1
 2000004B                           1-  152     STK04:
                                    1-  153     	.res 1
 2000004C                           1-  154     STK03:
                                    1-  155     	.res 1
 2000004D                           1-  156     STK02:
                                    1-  157     	.res 1
 2000004E                           1-  158     STK01:
                                    1-  159     	.res 1
 2000004F                           1-  160     STK00:
                                    1-  161     	.res 1
                                    1-  163     ;--------------------------------------------------------
                                    1-  164     ; global definitions
                                    1-  165     ;--------------------------------------------------------
                                    1-  166     ;--------------------------------------------------------
                                    1-  167     ; absolute symbol definitions
                                    1-  168     ;--------------------------------------------------------
                                    1-  169     ;--------------------------------------------------------
                                    1-  170     ; compiler-defined variables
                                    1-  171     ;--------------------------------------------------------
                                    1-  172     .segment "uninit"
     0000                           1-  173     r0x100A:
                                    1-  174     	.res	1
                                    1-  175     .segment "uninit"
     0000                           1-  176     r0x1009:
                                    1-  177     	.res	1
                                    1-  178     .segment "uninit"
     0000                           1-  179     r0x1008:
                                    1-  180     	.res	1
                                    1-  181     .segment "uninit"
     0000                           1-  182     r0x1007:
                                    1-  183     	.res	1
                                    1-  184     ;--------------------------------------------------------
                                    1-  185     ; initialized data
                                    1-  186     ;--------------------------------------------------------
                                    1-  188     .segment "idata"
     0000                           1-  189     _intCount:
     0000 0000                      1-  190     	dw	0x00
                                    1-  194     .segment "idata"
     0000                           1-  195     _IntFlag:
     0000 0000                      1-  196     	dw	0x00
                                    1-  200     .segment "idata"
     0000                           1-  201     _keyCount:
     0000 0000                      1-  202     	dw	0x00
                                    1-  206     .segment "idata"
     0000                           1-  207     _workStep:
     0000 0001                      1-  208     	dw	0x01
                                    1-  212     .segment "idata"
     0000                           1-  213     _Rdata:
     0000 0000                      1-  214     	dw	0x00
                                    1-  218     .segment "idata"
     0000                           1-  219     _Gdata:
     0000 0000                      1-  220     	dw	0x00
                                    1-  224     .segment "idata"
     0000                           1-  225     _Bdata:
     0000 0000                      1-  226     	dw	0x00
                                    1-  229     ;--------------------------------------------------------
                                    1-  230     ; overlayable items in internal ram 
                                    1-  231     ;--------------------------------------------------------
                                    1-  232     ;	udata_ovr
                                    1-  233     ;--------------------------------------------------------
                                    1-  234     ; reset vector 
                                    1-  235     ;--------------------------------------------------------
                                    1-  236     ORG	0x0000
     0000 3rrr                      1-  237     	LGOTO	__nyc_ny8_startup
                                    1-  238     ;--------------------------------------------------------
                                    1-  239     ; interrupt and initialization code
                                    1-  240     ;--------------------------------------------------------
                                    1-  241     ORG 0x0008
     0008 3rrr                      1-  242     	lgoto	__sdcc_interrupt
                                    1-  244     .segment "code"
     0000                           1-  245     __sdcc_interrupt:
                                    1-  246     ;***
                                    1-  247     ;  pBlock Stats: dbName = I
                                    1-  248     ;***
                                    1-  249     ;2 compiler assigned registers:
                                    1-  250     ;   STK00
                                    1-  251     ;   STK01
                                    1-  252     ;; Starting pCode block
     0000                           1-  253     _isr:
                                    1-  254     ; 0 exit points
                                    1-  255     	.line	39, "main.c"; 	void isr(void) __interrupt(0)
     0000 00rr                      1-  256     	MOVAR	WSAVE
     0001 1503                      1-  257     	SWAPR	STATUS,W
     0002 0283                      1-  258     	CLRR	STATUS
     0003 00rr                      1-  259     	MOVAR	SSAVE
     0004 010A                      1-  260     	MOVR	PCHBUF,W
     0005 028A                      1-  261     	CLRR	PCHBUF
     0006 00rr                      1-  262     	MOVAR	PSAVE
     0007 0104                      1-  263     	MOVR	FSR,W
                                    1-  264     	BANKSEL	___sdcc_saved_fsr
     0008 rrrr                      3-   71 m1      .banksel ram_address
     0009 00rr                      1-  265     	MOVAR	___sdcc_saved_fsr
     000A 01rr                      1-  266     	MOVR	STK00,W
                                    1-  267     	BANKSEL	___sdcc_saved_stk00
     000B rrrr                      3-   71 m1      .banksel ram_address
     000C 00rr                      1-  268     	MOVAR	___sdcc_saved_stk00
     000D 01rr                      1-  269     	MOVR	STK01,W
                                    1-  270     	BANKSEL	___sdcc_saved_stk01
     000E rrrr                      3-   71 m1      .banksel ram_address
     000F 00rr                      1-  271     	MOVAR	___sdcc_saved_stk01
                                    1-  272     	.line	41, "main.c"; 	if(INTFbits.T0IF)
     0010 08rr                      1-  273     	BTRSS	_INTFbits,0
     0011 3rrr                      1-  274     	LGOTO	_00108_DS_
                                    1-  275     	.line	43, "main.c"; 	TMR0 = 65;
     0012 2141                      1-  276     	MOVIA	0x41
     0013 00rr                      1-  277     	MOVAR	_TMR0
                                    1-  278     	.line	44, "main.c"; 	intCount++;
                                    1-  279     	BANKSEL	_intCount
     0014 rrrr                      3-   71 m1      .banksel ram_address
     0015 05rr                      1-  280     	INCR	_intCount,F
                                    1-  281     	.line	45, "main.c"; 	if(intCount == 100)
     0016 01rr                      1-  282     	MOVR	_intCount,W
     0017 2464                      1-  283     	XORIA	0x64
     0018 0903                      1-  284     	BTRSS	STATUS,2
     0019 3rrr                      1-  285     	LGOTO	_00108_DS_
                                    1-  286     	.line	47, "main.c"; 	intCount = 0;
     001A 02rr                      1-  287     	CLRR	_intCount
                                    1-  288     	.line	48, "main.c"; 	IntFlag = 1;
     001B 2101                      1-  289     	MOVIA	0x01
                                    1-  290     	BANKSEL	_IntFlag
     001C rrrr                      3-   71 m1      .banksel ram_address
     001D 00rr                      1-  291     	MOVAR	_IntFlag
     001E                           1-  292     _00108_DS_:
                                    1-  293     	.line	53, "main.c"; 	INTF = 0;
     001E 02rr                      1-  294     	CLRR	_INTF
                                    1-  295     	.line	55, "main.c"; 	}
                                    1-  296     	BANKSEL	___sdcc_saved_stk01
     001F rrrr                      3-   71 m1      .banksel ram_address
     0020 01rr                      1-  297     	MOVR	___sdcc_saved_stk01,W
     0021 00rr                      1-  298     	MOVAR	STK01
                                    1-  299     	BANKSEL	___sdcc_saved_stk00
     0022 rrrr                      3-   71 m1      .banksel ram_address
     0023 01rr                      1-  300     	MOVR	___sdcc_saved_stk00,W
     0024 00rr                      1-  301     	MOVAR	STK00
                                    1-  302     	BANKSEL	___sdcc_saved_fsr
     0025 rrrr                      3-   71 m1      .banksel ram_address
     0026 01rr                      1-  303     	MOVR	___sdcc_saved_fsr,W
     0027 0084                      1-  304     	MOVAR	FSR
     0028 01rr                      1-  305     	MOVR	PSAVE,W
     0029 008A                      1-  306     	MOVAR	PCHBUF
     002A 0283                      1-  307     	CLRR	STATUS
     002B 15rr                      1-  308     	SWAPR	SSAVE,W
     002C 0083                      1-  309     	MOVAR	STATUS
     002D 15rr                      1-  310     	SWAPR	WSAVE,F
     002E 15rr                      1-  311     	SWAPR	WSAVE,W
     002F                           1-  312     END_OF_INTERRUPT:
     002F 0011                      1-  313     	RETIE	
                                    1-  315     ;--------------------------------------------------------
                                    1-  316     ; code
                                    1-  317     ;--------------------------------------------------------
                                    1-  318     ;***
                                    1-  319     ;  pBlock Stats: dbName = M
                                    1-  320     ;***
                                    1-  321     ;has an exit
                                    1-  322     ;functions called:
                                    1-  323     ;   _readWordStep
                                    1-  324     ;   _ledCtrl
                                    1-  325     ;   _keyCtrl
                                    1-  326     ;   _sendtoLast
                                    1-  327     ;   _sendtoLast
                                    1-  328     ;   _sendtoLast
                                    1-  329     ;   _sendtoLast
                                    1-  330     ;   _sendtoLast
                                    1-  331     ;   _readWordStep
                                    1-  332     ;   _ledCtrl
                                    1-  333     ;   _keyCtrl
                                    1-  334     ;   _sendtoLast
                                    1-  335     ;   _sendtoLast
                                    1-  336     ;   _sendtoLast
                                    1-  337     ;   _sendtoLast
                                    1-  338     ;   _sendtoLast
                                    1-  339     ;6 compiler assigned registers:
                                    1-  340     ;   r0x100A
                                    1-  341     ;   r0x100B
                                    1-  342     ;   r0x100C
                                    1-  343     ;   STK01
                                    1-  344     ;   STK00
                                    1-  345     ;   STK02
                                    1-  346     ;; Starting pCode block
                                    1-  347     .segment "code"; module=main, function=_main
     0000                           1-  349     _main:
                                    1-  350     ; 2 exit points
                                    1-  351     	.line	61, "main.c"; 	IOSTB = 0x00;
     0000 0200                      1-  352     	CLRA	
     0001 000r                      1-  353     	IOST	_IOSTB
                                    1-  354     	.line	62, "main.c"; 	readWordStep(&workStep);
     0002 21rr                      1-  355     	MOVIA	((_workStep + 0) >> 8) & 0xff
                                    1-  356     	BANKSEL	r0x100A
     0003 rrrr                      3-   71 m1      .banksel ram_address
     0004 00rr                      1-  357     	MOVAR	r0x100A
     0005 21rr                      1-  358     	MOVIA	(_workStep + 0)
                                    1-  359     ;;1	MOVAR	r0x100B
     0006 00rr                      1-  360     	MOVAR	STK01
     0007 01rr                      1-  361     	MOVR	r0x100A,W
     0008 00rr                      1-  362     	MOVAR	STK00
     0009 2100                      1-  363     	MOVIA	0x00
     000A 2rrr                      1-  364     	LCALL	_readWordStep
     000B                           1-  365     _00117_DS_:
                                    1-  366     	.line	65, "main.c"; 	CLRWDT(); 
     000B 0002                      1-  367     	clrwdt
                                    1-  368     	.line	66, "main.c"; 	ledCtrl();
     000C 2rrr                      1-  369     	LCALL	_ledCtrl
                                    1-  370     	.line	67, "main.c"; 	if(!IntFlag)
                                    1-  371     	BANKSEL	_IntFlag
     000D rrrr                      3-   71 m1      .banksel ram_address
     000E 01rr                      1-  372     	MOVR	_IntFlag,W
     000F 0D03                      1-  373     	BTRSC	STATUS,2
     0010 3rrr                      1-  374     	LGOTO	_00117_DS_
                                    1-  375     	.line	69, "main.c"; 	IntFlag = 0;
     0011 02rr                      1-  376     	CLRR	_IntFlag
                                    1-  377     	.line	70, "main.c"; 	keyCtrl();
     0012 2rrr                      1-  378     	LCALL	_keyCtrl
                                    1-  379     	.line	71, "main.c"; 	sendtoLast(LED_N,RED);
     0013 2100                      1-  380     	MOVIA	0x00
     0014 00rr                      1-  381     	MOVAR	STK02
     0015 00rr                      1-  382     	MOVAR	STK01
     0016 21FF                      1-  383     	MOVIA	0xff
     0017 00rr                      1-  384     	MOVAR	STK00
     0018 2112                      1-  385     	MOVIA	0x12
     0019 2rrr                      1-  386     	LCALL	_sendtoLast
                                    1-  387     	.line	72, "main.c"; 	sendtoLast(LED_N,GREEN);
     001A 2100                      1-  388     	MOVIA	0x00
     001B 00rr                      1-  389     	MOVAR	STK02
     001C 21FF                      1-  390     	MOVIA	0xff
     001D 00rr                      1-  391     	MOVAR	STK01
     001E 2100                      1-  392     	MOVIA	0x00
     001F 00rr                      1-  393     	MOVAR	STK00
     0020 2112                      1-  394     	MOVIA	0x12
     0021 2rrr                      1-  395     	LCALL	_sendtoLast
                                    1-  396     	.line	73, "main.c"; 	sendtoLast(LED_N,BLUE);
     0022 21FF                      1-  397     	MOVIA	0xff
     0023 00rr                      1-  398     	MOVAR	STK02
     0024 2100                      1-  399     	MOVIA	0x00
     0025 00rr                      1-  400     	MOVAR	STK01
     0026 00rr                      1-  401     	MOVAR	STK00
     0027 2112                      1-  402     	MOVIA	0x12
     0028 2rrr                      1-  403     	LCALL	_sendtoLast
                                    1-  404     	.line	74, "main.c"; 	sendtoLast(LED_N,COLOR20);
     0029 21FA                      1-  405     	MOVIA	0xfa
     002A 00rr                      1-  406     	MOVAR	STK02
     002B 2100                      1-  407     	MOVIA	0x00
     002C 00rr                      1-  408     	MOVAR	STK01
     002D 21FA                      1-  409     	MOVIA	0xfa
     002E 00rr                      1-  410     	MOVAR	STK00
     002F 2112                      1-  411     	MOVIA	0x12
     0030 2rrr                      1-  412     	LCALL	_sendtoLast
                                    1-  413     	.line	75, "main.c"; 	sendtoLast(18,0x00,0xFA,0xFA);
     0031 21FA                      1-  414     	MOVIA	0xfa
     0032 00rr                      1-  415     	MOVAR	STK02
     0033 00rr                      1-  416     	MOVAR	STK01
     0034 2100                      1-  417     	MOVIA	0x00
     0035 00rr                      1-  418     	MOVAR	STK00
     0036 2112                      1-  419     	MOVIA	0x12
     0037 2rrr                      1-  420     	LCALL	_sendtoLast
     0038 3rrr                      1-  421     	LGOTO	_00117_DS_
                                    1-  422     	.line	78, "main.c"; 	}
                                    1-  423     	RETURN	
     0039 0010                      3-   26 m1      ret
                                    1-  424     ; exit point of _main
                                    1-  426     ;***
                                    1-  427     ;  pBlock Stats: dbName = C
                                    1-  428     ;***
                                    1-  429     ;has an exit
                                    1-  430     ;1 compiler assigned register :
                                    1-  431     ;   r0x1007
                                    1-  432     ;; Starting pCode block
                                    1-  433     .segment "code"; module=main, function=_keyRead
                                    1-  435     ;local variable name mapping:
     0000                           1-  437     _keyRead:
                                    1-  438     ; 2 exit points
                                    1-  439     	.line	161, "main.c"; 	char keyRead(char KeyStatus)	
                                    1-  440     	BANKSEL	r0x1007
     0000 rrrr                      3-   71 m1      .banksel ram_address
     0001 00rr                      1-  441     	MOVAR	r0x1007
                                    1-  442     	.line	163, "main.c"; 	if (KeyStatus)
     0002 01rr                      1-  443     	MOVR	r0x1007,W
     0003 0D03                      1-  444     	BTRSC	STATUS,2
     0004 3rrr                      1-  445     	LGOTO	_00170_DS_
                                    1-  446     	.line	165, "main.c"; 	keyCount++;
                                    1-  447     	BANKSEL	_keyCount
     0005 rrrr                      3-   71 m1      .banksel ram_address
     0006 05rr                      1-  448     	INCR	_keyCount,F
     0007 3rrr                      1-  449     	LGOTO	_00171_DS_
                                    1-  450     ;;unsigned compare: left < lit (0x8=8), size=1
     0008                           1-  451     _00170_DS_:
                                    1-  452     	.line	169, "main.c"; 	if(keyCount >= 8)
     0008 2108                      1-  453     	MOVIA	0x08
                                    1-  454     	BANKSEL	_keyCount
     0009 rrrr                      3-   71 m1      .banksel ram_address
     000A 04rr                      1-  455     	SUBAR	_keyCount,W
     000B 0803                      1-  456     	BTRSS	STATUS,0
     000C 3rrr                      1-  457     	LGOTO	_00168_DS_
                                    1-  458     	.line	171, "main.c"; 	keyCount = 0;
     000D 02rr                      1-  459     	CLRR	_keyCount
                                    1-  460     	.line	172, "main.c"; 	return	1;
     000E 2101                      1-  461     	MOVIA	0x01
     000F 3rrr                      1-  462     	LGOTO	_00172_DS_
     0010                           1-  463     _00168_DS_:
                                    1-  464     	.line	174, "main.c"; 	keyCount = 0;
                                    1-  465     	BANKSEL	_keyCount
     0010 rrrr                      3-   71 m1      .banksel ram_address
     0011 02rr                      1-  466     	CLRR	_keyCount
     0012                           1-  467     _00171_DS_:
                                    1-  468     	.line	176, "main.c"; 	return 0;
     0012 2100                      1-  469     	MOVIA	0x00
     0013                           1-  470     _00172_DS_:
                                    1-  471     	.line	177, "main.c"; 	}
                                    1-  472     	RETURN	
     0013 0010                      3-   26 m1      ret
                                    1-  473     ; exit point of _keyRead
                                    1-  475     ;***
                                    1-  476     ;  pBlock Stats: dbName = C
                                    1-  477     ;***
                                    1-  478     ;has an exit
                                    1-  479     ;functions called:
                                    1-  480     ;   _keyRead
                                    1-  481     ;   _writeWordStep
                                    1-  482     ;   _keyRead
                                    1-  483     ;   _writeWordStep
                                    1-  484     ;1 compiler assigned register :
                                    1-  485     ;   r0x1008
                                    1-  486     ;; Starting pCode block
                                    1-  487     .segment "code"; module=main, function=_keyCtrl
     0000                           1-  489     _keyCtrl:
                                    1-  490     ; 2 exit points
                                    1-  491     	.line	151, "main.c"; 	if(keyRead((~PORTB)&0x20))
     0000 07rr                      1-  492     	COMR	_PORTB,W
                                    1-  493     	BANKSEL	r0x1008
     0001 rrrr                      3-   71 m1      .banksel ram_address
     0002 00rr                      1-  494     	MOVAR	r0x1008
     0003 2120                      1-  495     	MOVIA	0x20
     0004 10rr                      1-  496     	ANDAR	r0x1008,F
     0005 01rr                      1-  497     	MOVR	r0x1008,W
     0006 2rrr                      1-  498     	LCALL	_keyRead
                                    1-  499     	BANKSEL	r0x1008
     0007 rrrr                      3-   71 m1      .banksel ram_address
     0008 00rr                      1-  500     	MOVAR	r0x1008
     0009 01rr                      1-  501     	MOVR	r0x1008,W
     000A 0D03                      1-  502     	BTRSC	STATUS,2
     000B 3rrr                      1-  503     	LGOTO	_00162_DS_
                                    1-  504     	.line	153, "main.c"; 	if(++workStep >= 21)
                                    1-  505     	BANKSEL	_workStep
     000C rrrr                      3-   71 m1      .banksel ram_address
     000D 05rr                      1-  506     	INCR	_workStep,F
                                    1-  507     ;;unsigned compare: left < lit (0x15=21), size=1
     000E 2115                      1-  508     	MOVIA	0x15
     000F 04rr                      1-  509     	SUBAR	_workStep,W
     0010 0803                      1-  510     	BTRSS	STATUS,0
     0011 3rrr                      1-  511     	LGOTO	_00159_DS_
                                    1-  512     	.line	154, "main.c"; 	workStep = 1;
     0012 2101                      1-  513     	MOVIA	0x01
     0013 00rr                      1-  514     	MOVAR	_workStep
     0014                           1-  515     _00159_DS_:
                                    1-  516     	.line	155, "main.c"; 	writeWordStep(workStep);
                                    1-  517     	BANKSEL	_workStep
     0014 rrrr                      3-   71 m1      .banksel ram_address
     0015 01rr                      1-  518     	MOVR	_workStep,W
     0016 2rrr                      1-  519     	LCALL	_writeWordStep
     0017                           1-  520     _00162_DS_:
                                    1-  521     	.line	158, "main.c"; 	}
                                    1-  522     	RETURN	
     0017 0010                      3-   26 m1      ret
                                    1-  523     ; exit point of _keyCtrl
                                    1-  525     ;***
                                    1-  526     ;  pBlock Stats: dbName = C
                                    1-  527     ;***
                                    1-  528     ;has an exit
                                    1-  529     ;functions called:
                                    1-  530     ;   _sendtoLast
                                    1-  531     ;   _sendtoLast
                                    1-  532     ;   _sendtoLast
                                    1-  533     ;   _sendtoLast
                                    1-  534     ;   _sendtoLast
                                    1-  535     ;   _sendtoLast
                                    1-  536     ;   _sendtoLast
                                    1-  537     ;   _sendtoLast
                                    1-  538     ;   _sendtoLast
                                    1-  539     ;   _sendtoLast
                                    1-  540     ;   _sendtoLast
                                    1-  541     ;   _sendtoLast
                                    1-  542     ;   _sendtoLast
                                    1-  543     ;   _sendtoLast
                                    1-  544     ;   _sendtoLast
                                    1-  545     ;   _sendtoLast
                                    1-  546     ;   _sendtoLast
                                    1-  547     ;   _sendtoLast
                                    1-  548     ;   _sendtoLast
                                    1-  549     ;   _sendtoLast
                                    1-  550     ;   _sendtoLast
                                    1-  551     ;   _sendtoLast
                                    1-  552     ;   _sendtoLast
                                    1-  553     ;   _sendtoLast
                                    1-  554     ;   _sendtoLast
                                    1-  555     ;   _sendtoLast
                                    1-  556     ;   _sendtoLast
                                    1-  557     ;   _sendtoLast
                                    1-  558     ;   _sendtoLast
                                    1-  559     ;   _sendtoLast
                                    1-  560     ;   _sendtoLast
                                    1-  561     ;   _sendtoLast
                                    1-  562     ;   _sendtoLast
                                    1-  563     ;   _sendtoLast
                                    1-  564     ;   _sendtoLast
                                    1-  565     ;   _sendtoLast
                                    1-  566     ;   _sendtoLast
                                    1-  567     ;   _sendtoLast
                                    1-  568     ;   _sendtoLast
                                    1-  569     ;   _sendtoLast
                                    1-  570     ;4 compiler assigned registers:
                                    1-  571     ;   r0x1009
                                    1-  572     ;   STK02
                                    1-  573     ;   STK01
                                    1-  574     ;   STK00
                                    1-  575     ;; Starting pCode block
                                    1-  576     .segment "code"; module=main, function=_ledCtrl
     0000                           1-  578     _ledCtrl:
                                    1-  579     ; 2 exit points
                                    1-  580     ;;unsigned compare: left < lit (0x1=1), size=1
                                    1-  581     	.line	83, "main.c"; 	switch(workStep)
     0000 2101                      1-  582     	MOVIA	0x01
                                    1-  583     	BANKSEL	_workStep
     0001 rrrr                      3-   71 m1      .banksel ram_address
     0002 04rr                      1-  584     	SUBAR	_workStep,W
     0003 0803                      1-  585     	BTRSS	STATUS,0
     0004 3rrr                      1-  586     	LGOTO	_00143_DS_
                                    1-  587     ;;swapping arguments (AOP_TYPEs 1/3)
                                    1-  588     ;;unsigned compare: left >= lit (0x15=21), size=1
     0005 2115                      1-  589     	MOVIA	0x15
     0006 04rr                      1-  590     	SUBAR	_workStep,W
     0007 0C03                      1-  591     	BTRSC	STATUS,0
     0008 3rrr                      1-  592     	LGOTO	_00143_DS_
     0009 06rr                      1-  593     	DECR	_workStep,W
                                    1-  594     	BANKSEL	r0x1009
     000A rrrr                      3-   71 m1      .banksel ram_address
     000B 00rr                      1-  595     	MOVAR	r0x1009
     000C 21rr                      1-  596     	MOVIA	((_00153_DS_ >> 8) & 0xff)
     000D 008A                      1-  597     	MOVAR	PCHBUF
     000E 01rr                      1-  598     	MOVR	r0x1009,W
     000F 25rr                      1-  599     	ADDIA	_00153_DS_
     0010 0C03                      1-  600     	BTRSC	STATUS,0
     0011 058A                      1-  601     	INCR	PCHBUF,F
     0012 0082                      1-  602     	MOVAR	PCL
     0013                           1-  603     _00153_DS_:
     0013 3rrr                      1-  604     	LGOTO	_00122_DS_
     0014 3rrr                      1-  605     	LGOTO	_00123_DS_
     0015 3rrr                      1-  606     	LGOTO	_00124_DS_
     0016 3rrr                      1-  607     	LGOTO	_00125_DS_
     0017 3rrr                      1-  608     	LGOTO	_00126_DS_
     0018 3rrr                      1-  609     	LGOTO	_00127_DS_
     0019 3rrr                      1-  610     	LGOTO	_00128_DS_
     001A 3rrr                      1-  611     	LGOTO	_00129_DS_
     001B 3rrr                      1-  612     	LGOTO	_00130_DS_
     001C 3rrr                      1-  613     	LGOTO	_00131_DS_
     001D 3rrr                      1-  614     	LGOTO	_00132_DS_
     001E 3rrr                      1-  615     	LGOTO	_00133_DS_
     001F 3rrr                      1-  616     	LGOTO	_00134_DS_
     0020 3rrr                      1-  617     	LGOTO	_00135_DS_
     0021 3rrr                      1-  618     	LGOTO	_00136_DS_
     0022 3rrr                      1-  619     	LGOTO	_00137_DS_
     0023 3rrr                      1-  620     	LGOTO	_00138_DS_
     0024 3rrr                      1-  621     	LGOTO	_00139_DS_
     0025 3rrr                      1-  622     	LGOTO	_00140_DS_
     0026 3rrr                      1-  623     	LGOTO	_00141_DS_
     0027                           1-  624     _00122_DS_:
                                    1-  625     	.line	86, "main.c"; 	sendtoLast(LED_N,WHITE);
     0027 21FF                      1-  626     	MOVIA	0xff
     0028 00rr                      1-  627     	MOVAR	STK02
     0029 00rr                      1-  628     	MOVAR	STK01
     002A 00rr                      1-  629     	MOVAR	STK00
     002B 2112                      1-  630     	MOVIA	0x12
     002C 2rrr                      1-  631     	LCALL	_sendtoLast
                                    1-  632     	.line	87, "main.c"; 	break;
     002D 3rrr                      1-  633     	LGOTO	_00143_DS_
     002E                           1-  634     _00123_DS_:
                                    1-  635     	.line	89, "main.c"; 	sendtoLast(LED_N,COLOR20);
     002E 21FA                      1-  636     	MOVIA	0xfa
     002F 00rr                      1-  637     	MOVAR	STK02
     0030 2100                      1-  638     	MOVIA	0x00
     0031 00rr                      1-  639     	MOVAR	STK01
     0032 21FA                      1-  640     	MOVIA	0xfa
     0033 00rr                      1-  641     	MOVAR	STK00
     0034 2112                      1-  642     	MOVIA	0x12
     0035 2rrr                      1-  643     	LCALL	_sendtoLast
                                    1-  644     	.line	90, "main.c"; 	break;
     0036 3rrr                      1-  645     	LGOTO	_00143_DS_
     0037                           1-  646     _00124_DS_:
                                    1-  647     	.line	92, "main.c"; 	sendtoLast(LED_N,COLOR20);
     0037 21FA                      1-  648     	MOVIA	0xfa
     0038 00rr                      1-  649     	MOVAR	STK02
     0039 2100                      1-  650     	MOVIA	0x00
     003A 00rr                      1-  651     	MOVAR	STK01
     003B 21FA                      1-  652     	MOVIA	0xfa
     003C 00rr                      1-  653     	MOVAR	STK00
     003D 2112                      1-  654     	MOVIA	0x12
     003E 2rrr                      1-  655     	LCALL	_sendtoLast
                                    1-  656     	.line	93, "main.c"; 	break;
     003F 3rrr                      1-  657     	LGOTO	_00143_DS_
     0040                           1-  658     _00125_DS_:
                                    1-  659     	.line	95, "main.c"; 	sendtoLast(LED_N,COLOR20);
     0040 21FA                      1-  660     	MOVIA	0xfa
     0041 00rr                      1-  661     	MOVAR	STK02
     0042 2100                      1-  662     	MOVIA	0x00
     0043 00rr                      1-  663     	MOVAR	STK01
     0044 21FA                      1-  664     	MOVIA	0xfa
     0045 00rr                      1-  665     	MOVAR	STK00
     0046 2112                      1-  666     	MOVIA	0x12
     0047 2rrr                      1-  667     	LCALL	_sendtoLast
                                    1-  668     	.line	96, "main.c"; 	break;
     0048 3rrr                      1-  669     	LGOTO	_00143_DS_
     0049                           1-  670     _00126_DS_:
                                    1-  671     	.line	98, "main.c"; 	sendtoLast(LED_N,COLOR20);
     0049 21FA                      1-  672     	MOVIA	0xfa
     004A 00rr                      1-  673     	MOVAR	STK02
     004B 2100                      1-  674     	MOVIA	0x00
     004C 00rr                      1-  675     	MOVAR	STK01
     004D 21FA                      1-  676     	MOVIA	0xfa
     004E 00rr                      1-  677     	MOVAR	STK00
     004F 2112                      1-  678     	MOVIA	0x12
     0050 2rrr                      1-  679     	LCALL	_sendtoLast
                                    1-  680     	.line	99, "main.c"; 	break;
     0051 3rrr                      1-  681     	LGOTO	_00143_DS_
     0052                           1-  682     _00127_DS_:
                                    1-  683     	.line	101, "main.c"; 	sendtoLast(LED_N,COLOR20);
     0052 21FA                      1-  684     	MOVIA	0xfa
     0053 00rr                      1-  685     	MOVAR	STK02
     0054 2100                      1-  686     	MOVIA	0x00
     0055 00rr                      1-  687     	MOVAR	STK01
     0056 21FA                      1-  688     	MOVIA	0xfa
     0057 00rr                      1-  689     	MOVAR	STK00
     0058 2112                      1-  690     	MOVIA	0x12
     0059 2rrr                      1-  691     	LCALL	_sendtoLast
                                    1-  692     	.line	102, "main.c"; 	break;
     005A 3rrr                      1-  693     	LGOTO	_00143_DS_
     005B                           1-  694     _00128_DS_:
                                    1-  695     	.line	104, "main.c"; 	sendtoLast(LED_N,COLOR20);
     005B 21FA                      1-  696     	MOVIA	0xfa
     005C 00rr                      1-  697     	MOVAR	STK02
     005D 2100                      1-  698     	MOVIA	0x00
     005E 00rr                      1-  699     	MOVAR	STK01
     005F 21FA                      1-  700     	MOVIA	0xfa
     0060 00rr                      1-  701     	MOVAR	STK00
     0061 2112                      1-  702     	MOVIA	0x12
     0062 2rrr                      1-  703     	LCALL	_sendtoLast
                                    1-  704     	.line	105, "main.c"; 	break;
     0063 3rrr                      1-  705     	LGOTO	_00143_DS_
     0064                           1-  706     _00129_DS_:
                                    1-  707     	.line	107, "main.c"; 	sendtoLast(LED_N,COLOR20);
     0064 21FA                      1-  708     	MOVIA	0xfa
     0065 00rr                      1-  709     	MOVAR	STK02
     0066 2100                      1-  710     	MOVIA	0x00
     0067 00rr                      1-  711     	MOVAR	STK01
     0068 21FA                      1-  712     	MOVIA	0xfa
     0069 00rr                      1-  713     	MOVAR	STK00
     006A 2112                      1-  714     	MOVIA	0x12
     006B 2rrr                      1-  715     	LCALL	_sendtoLast
                                    1-  716     	.line	108, "main.c"; 	break;
     006C 3rrr                      1-  717     	LGOTO	_00143_DS_
     006D                           1-  718     _00130_DS_:
                                    1-  719     	.line	110, "main.c"; 	sendtoLast(LED_N,COLOR20);
     006D 21FA                      1-  720     	MOVIA	0xfa
     006E 00rr                      1-  721     	MOVAR	STK02
     006F 2100                      1-  722     	MOVIA	0x00
     0070 00rr                      1-  723     	MOVAR	STK01
     0071 21FA                      1-  724     	MOVIA	0xfa
     0072 00rr                      1-  725     	MOVAR	STK00
     0073 2112                      1-  726     	MOVIA	0x12
     0074 2rrr                      1-  727     	LCALL	_sendtoLast
                                    1-  728     	.line	111, "main.c"; 	break;
     0075 3rrr                      1-  729     	LGOTO	_00143_DS_
     0076                           1-  730     _00131_DS_:
                                    1-  731     	.line	113, "main.c"; 	sendtoLast(LED_N,COLOR20);
     0076 21FA                      1-  732     	MOVIA	0xfa
     0077 00rr                      1-  733     	MOVAR	STK02
     0078 2100                      1-  734     	MOVIA	0x00
     0079 00rr                      1-  735     	MOVAR	STK01
     007A 21FA                      1-  736     	MOVIA	0xfa
     007B 00rr                      1-  737     	MOVAR	STK00
     007C 2112                      1-  738     	MOVIA	0x12
     007D 2rrr                      1-  739     	LCALL	_sendtoLast
                                    1-  740     	.line	114, "main.c"; 	break;
     007E 3rrr                      1-  741     	LGOTO	_00143_DS_
     007F                           1-  742     _00132_DS_:
                                    1-  743     	.line	116, "main.c"; 	sendtoLast(LED_N,COLOR20);
     007F 21FA                      1-  744     	MOVIA	0xfa
     0080 00rr                      1-  745     	MOVAR	STK02
     0081 2100                      1-  746     	MOVIA	0x00
     0082 00rr                      1-  747     	MOVAR	STK01
     0083 21FA                      1-  748     	MOVIA	0xfa
     0084 00rr                      1-  749     	MOVAR	STK00
     0085 2112                      1-  750     	MOVIA	0x12
     0086 2rrr                      1-  751     	LCALL	_sendtoLast
                                    1-  752     	.line	117, "main.c"; 	break;
     0087 3rrr                      1-  753     	LGOTO	_00143_DS_
     0088                           1-  754     _00133_DS_:
                                    1-  755     	.line	119, "main.c"; 	sendtoLast(LED_N,COLOR20);
     0088 21FA                      1-  756     	MOVIA	0xfa
     0089 00rr                      1-  757     	MOVAR	STK02
     008A 2100                      1-  758     	MOVIA	0x00
     008B 00rr                      1-  759     	MOVAR	STK01
     008C 21FA                      1-  760     	MOVIA	0xfa
     008D 00rr                      1-  761     	MOVAR	STK00
     008E 2112                      1-  762     	MOVIA	0x12
     008F 2rrr                      1-  763     	LCALL	_sendtoLast
                                    1-  764     	.line	120, "main.c"; 	break;
     0090 3rrr                      1-  765     	LGOTO	_00143_DS_
     0091                           1-  766     _00134_DS_:
                                    1-  767     	.line	122, "main.c"; 	sendtoLast(LED_N,COLOR20);
     0091 21FA                      1-  768     	MOVIA	0xfa
     0092 00rr                      1-  769     	MOVAR	STK02
     0093 2100                      1-  770     	MOVIA	0x00
     0094 00rr                      1-  771     	MOVAR	STK01
     0095 21FA                      1-  772     	MOVIA	0xfa
     0096 00rr                      1-  773     	MOVAR	STK00
     0097 2112                      1-  774     	MOVIA	0x12
     0098 2rrr                      1-  775     	LCALL	_sendtoLast
                                    1-  776     	.line	123, "main.c"; 	break;
     0099 3rrr                      1-  777     	LGOTO	_00143_DS_
     009A                           1-  778     _00135_DS_:
                                    1-  779     	.line	125, "main.c"; 	sendtoLast(LED_N,COLOR20);
     009A 21FA                      1-  780     	MOVIA	0xfa
     009B 00rr                      1-  781     	MOVAR	STK02
     009C 2100                      1-  782     	MOVIA	0x00
     009D 00rr                      1-  783     	MOVAR	STK01
     009E 21FA                      1-  784     	MOVIA	0xfa
     009F 00rr                      1-  785     	MOVAR	STK00
     00A0 2112                      1-  786     	MOVIA	0x12
     00A1 2rrr                      1-  787     	LCALL	_sendtoLast
                                    1-  788     	.line	126, "main.c"; 	break;
     00A2 3rrr                      1-  789     	LGOTO	_00143_DS_
     00A3                           1-  790     _00136_DS_:
                                    1-  791     	.line	128, "main.c"; 	sendtoLast(LED_N,GREEN);
     00A3 2100                      1-  792     	MOVIA	0x00
     00A4 00rr                      1-  793     	MOVAR	STK02
     00A5 21FF                      1-  794     	MOVIA	0xff
     00A6 00rr                      1-  795     	MOVAR	STK01
     00A7 2100                      1-  796     	MOVIA	0x00
     00A8 00rr                      1-  797     	MOVAR	STK00
     00A9 2112                      1-  798     	MOVIA	0x12
     00AA 2rrr                      1-  799     	LCALL	_sendtoLast
                                    1-  800     	.line	129, "main.c"; 	break;
     00AB 3rrr                      1-  801     	LGOTO	_00143_DS_
     00AC                           1-  802     _00137_DS_:
                                    1-  803     	.line	131, "main.c"; 	sendtoLast(LED_N,RED);
     00AC 2100                      1-  804     	MOVIA	0x00
     00AD 00rr                      1-  805     	MOVAR	STK02
     00AE 00rr                      1-  806     	MOVAR	STK01
     00AF 21FF                      1-  807     	MOVIA	0xff
     00B0 00rr                      1-  808     	MOVAR	STK00
     00B1 2112                      1-  809     	MOVIA	0x12
     00B2 2rrr                      1-  810     	LCALL	_sendtoLast
                                    1-  811     	.line	132, "main.c"; 	break;
     00B3 3rrr                      1-  812     	LGOTO	_00143_DS_
     00B4                           1-  813     _00138_DS_:
                                    1-  814     	.line	134, "main.c"; 	sendtoLast(LED_N,BLUE);
     00B4 21FF                      1-  815     	MOVIA	0xff
     00B5 00rr                      1-  816     	MOVAR	STK02
     00B6 2100                      1-  817     	MOVIA	0x00
     00B7 00rr                      1-  818     	MOVAR	STK01
     00B8 00rr                      1-  819     	MOVAR	STK00
     00B9 2112                      1-  820     	MOVIA	0x12
     00BA 2rrr                      1-  821     	LCALL	_sendtoLast
                                    1-  822     	.line	135, "main.c"; 	break;
     00BB 3rrr                      1-  823     	LGOTO	_00143_DS_
     00BC                           1-  824     _00139_DS_:
                                    1-  825     	.line	137, "main.c"; 	sendtoLast(LED_N,COLOR18);
     00BC 21FA                      1-  826     	MOVIA	0xfa
     00BD 00rr                      1-  827     	MOVAR	STK02
     00BE 00rr                      1-  828     	MOVAR	STK01
     00BF 2100                      1-  829     	MOVIA	0x00
     00C0 00rr                      1-  830     	MOVAR	STK00
     00C1 2112                      1-  831     	MOVIA	0x12
     00C2 2rrr                      1-  832     	LCALL	_sendtoLast
                                    1-  833     	.line	138, "main.c"; 	break;
     00C3 3rrr                      1-  834     	LGOTO	_00143_DS_
     00C4                           1-  835     _00140_DS_:
                                    1-  836     	.line	140, "main.c"; 	sendtoLast(LED_N,YELLOW);
     00C4 2100                      1-  837     	MOVIA	0x00
     00C5 00rr                      1-  838     	MOVAR	STK02
     00C6 21FA                      1-  839     	MOVIA	0xfa
     00C7 00rr                      1-  840     	MOVAR	STK01
     00C8 00rr                      1-  841     	MOVAR	STK00
     00C9 2112                      1-  842     	MOVIA	0x12
     00CA 2rrr                      1-  843     	LCALL	_sendtoLast
                                    1-  844     	.line	141, "main.c"; 	break;
     00CB 3rrr                      1-  845     	LGOTO	_00143_DS_
     00CC                           1-  846     _00141_DS_:
                                    1-  847     	.line	143, "main.c"; 	sendtoLast(LED_N,COLOR20);
     00CC 21FA                      1-  848     	MOVIA	0xfa
     00CD 00rr                      1-  849     	MOVAR	STK02
     00CE 2100                      1-  850     	MOVIA	0x00
     00CF 00rr                      1-  851     	MOVAR	STK01
     00D0 21FA                      1-  852     	MOVIA	0xfa
     00D1 00rr                      1-  853     	MOVAR	STK00
     00D2 2112                      1-  854     	MOVIA	0x12
     00D3 2rrr                      1-  855     	LCALL	_sendtoLast
     00D4                           1-  856     _00143_DS_:
                                    1-  857     	.line	146, "main.c"; 	}
                                    1-  858     	RETURN	
     00D4 0010                      3-   26 m1      ret
                                    1-  859     ; exit point of _ledCtrl
                                    1-  862     ;	code size estimation:
                                    1-  863     ;	  342+   20 =   362 instructions (  764 byte)
                                    1-  865     	end
                                    1-  865     	end

SYMBOL TABLE            TYPE     VALUE
___sdcc_saved_fsr       Label    00000000
___sdcc_saved_stk00     Label    00000000
___sdcc_saved_stk01     Label    00000000
__CHECKSUM_ADDR__       Label    00000000
__nyc_ny8_startup       Label    00000000
__PIN_COUNT__           Constant 0000000E
__PROCESSOR__           Constant 00800543
__sdcc_interrupt        Label    00000000
_00108_DS_              Label    0000001E
_00117_DS_              Label    0000000B
_00122_DS_              Label    00000027
_00123_DS_              Label    0000002E
_00124_DS_              Label    00000037
_00125_DS_              Label    00000040
_00126_DS_              Label    00000049
_00127_DS_              Label    00000052
_00128_DS_              Label    0000005B
_00129_DS_              Label    00000064
_00130_DS_              Label    0000006D
_00131_DS_              Label    00000076
_00132_DS_              Label    0000007F
_00133_DS_              Label    00000088
_00134_DS_              Label    00000091
_00135_DS_              Label    0000009A
_00136_DS_              Label    000000A3
_00137_DS_              Label    000000AC
_00138_DS_              Label    000000B4
_00139_DS_              Label    000000BC
_00140_DS_              Label    000000C4
_00141_DS_              Label    000000CC
_00143_DS_              Label    000000D4
_00153_DS_              Label    00000013
_00159_DS_              Label    00000014
_00162_DS_              Label    00000017
_00168_DS_              Label    00000010
_00170_DS_              Label    00000008
_00171_DS_              Label    00000012
_00172_DS_              Label    00000013
_ABPLCON                Label    00000000
_ABPLCONbits            Label    00000000
_APHCON                 Label    00000000
_AWUCON                 Label    00000000
_AWUCONbits             Label    00000000
_Bdata                  Label    00000000
_BODCON                 Label    00000000
_BPHCON                 Label    00000000
_BPHCONbits             Label    00000000
_BWUCON                 Label    00000000
_BWUCONbits             Label    00000000
_BZ1CR                  Label    00000000
_CMPCR                  Label    00000000
_Delay10Us              Label    00000000
_Delay80us              Label    00000000
_FSR                    Label    00000000
_Gdata                  Label    00000000
_INDF                   Label    00000000
_intCount               Label    00000000
_INTE                   Label    00000000
_INTE2                  Label    00000000
_INTE2bits              Label    00000000
_INTEbits               Label    00000000
_INTEDG                 Label    00000000
_INTEDGbits             Label    00000000
_INTF                   Label    00000000
_INTFbits               Label    00000000
_IntFlag                Label    00000000
_IOSTA                  Label    00000000
_IOSTB                  Label    00000000
_IRCR                   Label    00000000
_isr                    Label    00000000
_keyCount               Label    00000000
_keyCtrl                Label    00000000
_keyRead                Label    00000000
_ledCtrl                Label    00000000
_main                   Label    00000000
_OSCCR                  Label    00000000
_P2CR1                  Label    00000000
_P4CR1                  Label    00000000
_P5CR1                  Label    00000000
_PCHBUF                 Label    00000000
_PCL                    Label    00000000
_PCON                   Label    00000000
_PCON1                  Label    00000000
_PCONbits               Label    00000000
_PORTA                  Label    00000000
_PORTAbits              Label    00000000
_PORTB                  Label    00000000
_PORTBbits              Label    00000000
_PS0CV                  Label    00000000
_PS1CV                  Label    00000000
_PS3CV                  Label    00000000
_PWM1DUTY               Label    00000000
_PWM2DUTY               Label    00000000
_PWM3DUTY               Label    00000000
_PWM4DUTY               Label    00000000
_PWM5DUTY               Label    00000000
_PWM5RH                 Label    00000000
_Rdata                  Label    00000000
_ReadByte               Label    00000000
_readWordStep           Label    00000000
_RecvAck                Label    00000000
_RFC                    Label    00000000
_RFCbits                Label    00000000
_SDAInput               Label    00000000
_SDAOutput              Label    00000000
_SendAck                Label    00000000
_SendByte               Label    00000000
_SendNoAck              Label    00000000
_sendRGB                Label    00000000
_sendRGB1               Label    00000000
_sendtoLast             Label    00000000
_Start24C02             Label    00000000
_STATUS                 Label    00000000
_Stop24C02              Label    00000000
_T0MD                   Label    00000000
_T1CR1                  Label    00000000
_T1CR2                  Label    00000000
_T3CR1                  Label    00000000
_T3CR2                  Label    00000000
_TBHD                   Label    00000000
_TBHP                   Label    00000000
_TM34RH                 Label    00000000
_TMR0                   Label    00000000
_TMR1                   Label    00000000
_TMR3                   Label    00000000
_TMRH                   Label    00000000
_workStep               Label    00000000
_writeWordStep          Label    00000000
ENABLE_RAM_BANK         Constant 00000001
END_OF_INTERRUPT        Label    0000002F
F                       Constant 00000001
FSR                     Constant 00000004
INDF                    Constant 00000000
PCHBUF                  Constant 0000000A
PCL                     Constant 00000002
PSAVE                   Label    00000000
r0x1007                 Label    00000000
r0x1008                 Label    00000000
r0x1009                 Label    00000000
r0x100A                 Label    00000000
SSAVE                   Label    00000001
STATUS                  Constant 00000003
STK00                   Label    0000000F
STK01                   Label    0000000E
STK02                   Label    0000000D
STK03                   Label    0000000C
STK04                   Label    0000000B
STK05                   Label    0000000A
STK06                   Label    00000009
STK07                   Label    00000008
STK08                   Label    00000007
STK09                   Label    00000006
STK10                   Label    00000005
STK11                   Label    00000004
STK12                   Label    00000003
W                       Constant 00000000
WSAVE                   Label    00000002


SOURCE FILE TABLE
001 main.s
002 ny8a054d.inc
003 common.inc
004 main.c

PROCESSOR    = NY8A054D (8 bits)
PROGRAM ROM  = 0x00000000 - 0x000007FF
DATA ROM     = 0x00000000 - 0x000007FF
RESERVED MEM = 0x00000800 - 0x00000810
SRAM / SFR   = 0x00000000 - 0x00000000
