00000000 c7fe                 LGOTO 0x1; __nyc_ny8_startup=0x1
00000001                      __nyc_ny8_startup:
00000001 d6eb                 LCALL 0x114; ___cinit_load__=0x114
00000002 c7ca                 LGOTO 0x35; _main=0x35
00000003                      crt0.o:crt0_end:
00000008 c7f6                 LGOTO 0x9; main.o:__sdcc_interrupt=0x9
00000009                      main.o:__sdcc_interrupt:
00000009 ff6d                 MOVAR 0x12
0000000a eafc                 SWAPR 0x3, 0x0
0000000b fd7c                 CLRR 0x3
0000000c ff6e                 MOVAR 0x11
0000000d fef5                 MOVR 0xa, 0x0
0000000e fd75                 CLRR 0xa
0000000f ff6f                 MOVAR 0x10
00000010 fefb                 MOVR 0x4, 0x0
00000011 ff67                 MOVAR 0x18
00000012 feea                 MOVR 0x15, 0x0
00000013 ff66                 MOVAR 0x19
00000014 feeb                 MOVR 0x14, 0x0
00000015                      ___cinit_size__:
00000015 ff65                 MOVAR 0x1a
00000016 f7f0                 BTRSS 0xf, 0x0
00000017 c7dd                 LGOTO 0x22; main.o:_00108_DS_=0x22
00000018 dec7                 MOVIA 0x38
00000019 fc7e                 ADDAR 0x1, 0x1
0000001a fa61                 INCR 0x1e, 0x1
0000001b de9b                 MOVIA 0x64
0000001c fbe1                 SUBAR 0x1e, 0x0
0000001d f7fc                 BTRSS 0x3, 0x0
0000001e c7dd                 LGOTO 0x22; main.o:_00108_DS_=0x22
0000001f fd61                 CLRR 0x1e
00000020 defe                 MOVIA 0x1
00000021 ff62                 MOVAR 0x1d
00000022                      main.o:_00108_DS_:
00000022 f770                 BTRSS 0xf, 0x1
00000023 c7d9                 LGOTO 0x26; main.o:_00110_DS_=0x26
00000024 de02                 MOVIA 0xfd
00000025 ff70                 MOVAR 0xf
00000026                      main.o:_00110_DS_:
00000026 fd70                 CLRR 0xf
00000027 fee5                 MOVR 0x1a, 0x0
00000028 ff6b                 MOVAR 0x14
00000029 fee6                 MOVR 0x19, 0x0
0000002a ff6a                 MOVAR 0x15
0000002b fee7                 MOVR 0x18, 0x0
0000002c ff7b                 MOVAR 0x4
0000002d feef                 MOVR 0x10, 0x0
0000002e ff75                 MOVAR 0xa
0000002f fd7c                 CLRR 0x3
00000030 eaee                 SWAPR 0x11, 0x0
00000031 ff7c                 MOVAR 0x3
00000032 ea6d                 SWAPR 0x12, 0x1
00000033 eaed                 SWAPR 0x12, 0x0
00000034                      main.o:END_OF_INTERRUPT:
00000034 ffee                 RETIE
00000035                      _main:
00000035 ffec                 DISI
00000036 de20                 MOVIA 0xdf
00000037 ff73                 MOVAR 0xc
00000038 dedf                 MOVIA 0x20
00000039 fff9                 IOST 0x6
0000003a fd79                 CLRR 0x6
0000003b fd5f                 CLRR 0x20
0000003c fd60                 CLRR 0x1f
0000003d defe                 MOVIA 0x1
0000003e ff71                 MOVAR 0xe
0000003f dec8                 MOVIA 0x37
00000040 ff7e                 MOVAR 0x1
00000041 fdff                 CLRA
00000042 fffc                 T0MD
00000043 de77                 MOVIA 0x88
00000044 ff77                 MOVAR 0x8
00000045 defe                 MOVIA 0x1
00000046 fff0                 IOST 0xf
00000047 fffb                 ENI
00000048 d79a                 LCALL 0x65; _gotoSleep=0x65
00000049                      main.o:_00128_DS_:
00000049 fffd                 CLRWDT
0000004a fede                 MOVR 0x21, 0x0
0000004b f2fc                 BTRSC 0x3, 0x2
0000004c c7b0                 LGOTO 0x4f; main.o:_00116_DS_=0x4f
0000004d d787                 LCALL 0x78; _setLedduty=0x78
0000004e c7af                 LGOTO 0x50; main.o:_00117_DS_=0x50
0000004f                      main.o:_00116_DS_:
0000004f fd79                 CLRR 0x6
00000050                      main.o:_00117_DS_:
00000050 fee2                 MOVR 0x1d, 0x0
00000051 f2fc                 BTRSC 0x3, 0x2
00000052 c7b6                 LGOTO 0x49; main.o:_00128_DS_=0x49
00000053 fd62                 CLRR 0x1d
00000054 d773                 LCALL 0x8c; _keyCtr=0x8c
00000055 fede                 MOVR 0x21, 0x0
00000056 f2fc                 BTRSC 0x3, 0x2
00000057 c7a5                 LGOTO 0x5a; main.o:_00124_DS_=0x5a
00000058 d745                 LCALL 0xba; _workCtr=0xba
00000059 c7b6                 LGOTO 0x49; main.o:_00128_DS_=0x49
0000005a                      main.o:_00124_DS_:
0000005a fedd                 MOVR 0x22, 0x0
0000005b f6fc                 BTRSS 0x3, 0x2
0000005c c7b6                 LGOTO 0x49; main.o:_00128_DS_=0x49
0000005d fa5b                 INCR 0x24, 0x1
0000005e de36                 MOVIA 0xc9
0000005f fbdb                 SUBAR 0x24, 0x0
00000060 f7fc                 BTRSS 0x3, 0x0
00000061 c7b6                 LGOTO 0x49; main.o:_00128_DS_=0x49
00000062 d79a                 LCALL 0x65; _gotoSleep=0x65
00000063 c7b6                 LGOTO 0x49; main.o:_00128_DS_=0x49
00000064 ffef                 RET
00000065                      _gotoSleep:
00000065 fd5b                 CLRR 0x24
00000066 fd79                 CLRR 0x6
00000067 dedf                 MOVIA 0x20
00000068 ff76                 MOVAR 0x9
00000069 defc                 MOVIA 0x3
0000006a ff71                 MOVAR 0xe
0000006b def7                 MOVIA 0x8
0000006c ff77                 MOVAR 0x8
0000006d fd70                 CLRR 0xf
0000006e fffd                 CLRWDT
0000006f fffb                 ENI
00000070 fffe                 SLEEP
00000071 fd76                 CLRR 0x9
00000072 defe                 MOVIA 0x1
00000073 ff71                 MOVAR 0xe
00000074 fd70                 CLRR 0xf
00000075 de77                 MOVIA 0x88
00000076 ff77                 MOVAR 0x8
00000077 ffef                 RET
00000078                      _setLedduty:
00000078 fee0                 MOVR 0x1f, 0x0
00000079 fbdc                 SUBAR 0x23, 0x0
0000007a f7fc                 BTRSS 0x3, 0x0
0000007b c781                 LGOTO 0x7e; main.o:_00231_DS_=0x7e
0000007c e3f9                 BCR 0x6, 0x0
0000007d c780                 LGOTO 0x7f; main.o:_00232_DS_=0x7f
0000007e                      main.o:_00231_DS_:
0000007e e7f9                 BSR 0x6, 0x0
0000007f                      main.o:_00232_DS_:
0000007f fedf                 MOVR 0x20, 0x0
00000080 fbdc                 SUBAR 0x23, 0x0
00000081 f7fc                 BTRSS 0x3, 0x0
00000082 c77a                 LGOTO 0x85; main.o:_00234_DS_=0x85
00000083 e379                 BCR 0x6, 0x1
00000084 c779                 LGOTO 0x86; main.o:_00235_DS_=0x86
00000085                      main.o:_00234_DS_:
00000085 e779                 BSR 0x6, 0x1
00000086                      main.o:_00235_DS_:
00000086 fa5c                 INCR 0x23, 0x1
00000087 de9b                 MOVIA 0x64
00000088 fbdc                 SUBAR 0x23, 0x0
00000089 f3fc                 BTRSC 0x3, 0x0
0000008a fd5c                 CLRR 0x23
0000008b ffef                 RET
0000008c                      _keyCtr:
0000008c f8f9                 COMR 0x6, 0x0
0000008d ff68                 MOVAR 0x17
0000008e dedf                 MOVIA 0x20
0000008f ef68                 ANDAR 0x17, 0x1
00000090 fee8                 MOVR 0x17, 0x0
00000091 d75c                 LCALL 0xa3; _keyRead=0xa3
00000092 ff68                 MOVAR 0x17
00000093 fee8                 MOVR 0x17, 0x0
00000094 f2fc                 BTRSC 0x3, 0x2
00000095 c75d                 LGOTO 0xa2; main.o:_00225_DS_=0xa2
00000096 fd64                 CLRR 0x1b
00000097 fd63                 CLRR 0x1c
00000098 fd5f                 CLRR 0x20
00000099 fd60                 CLRR 0x1f
0000009a fd5c                 CLRR 0x23
0000009b fede                 MOVR 0x21, 0x0
0000009c f2fc                 BTRSC 0x3, 0x2
0000009d c75f                 LGOTO 0xa0; main.o:_00221_DS_=0xa0
0000009e fd5e                 CLRR 0x21
0000009f c75d                 LGOTO 0xa2; main.o:_00225_DS_=0xa2
000000a0                      main.o:_00221_DS_:
000000a0 defe                 MOVIA 0x1
000000a1 ff5e                 MOVAR 0x21
000000a2                      main.o:_00225_DS_:
000000a2 ffef                 RET
000000a3                      _keyRead:
000000a3 ff69                 MOVAR 0x16
000000a4 fee9                 MOVR 0x16, 0x0
000000a5 f2fc                 BTRSC 0x3, 0x2
000000a6 c74f                 LGOTO 0xb0; main.o:_00213_DS_=0xb0
000000a7 fd5b                 CLRR 0x24
000000a8 fa5d                 INCR 0x22, 0x1
000000a9 de37                 MOVIA 0xc8
000000aa fbdd                 SUBAR 0x22, 0x0
000000ab f7fc                 BTRSS 0x3, 0x0
000000ac c747                 LGOTO 0xb8; main.o:_00214_DS_=0xb8
000000ad de37                 MOVIA 0xc8
000000ae ff5d                 MOVAR 0x22
000000af c747                 LGOTO 0xb8; main.o:_00214_DS_=0xb8
000000b0                      main.o:_00213_DS_:
000000b0 def7                 MOVIA 0x8
000000b1 fbdd                 SUBAR 0x22, 0x0
000000b2 f7fc                 BTRSS 0x3, 0x0
000000b3 c748                 LGOTO 0xb7; main.o:_00211_DS_=0xb7
000000b4 fd5d                 CLRR 0x22
000000b5 defe                 MOVIA 0x1
000000b6 c746                 LGOTO 0xb9; main.o:_00215_DS_=0xb9
000000b7                      main.o:_00211_DS_:
000000b7 fd5d                 CLRR 0x22
000000b8                      main.o:_00214_DS_:
000000b8 deff                 MOVIA 0x0
000000b9                      main.o:_00215_DS_:
000000b9 ffef                 RET
000000ba                      _workCtr:
000000ba fa64                 INCR 0x1b, 0x1
000000bb f2fc                 BTRSC 0x3, 0x2
000000bc fa63                 INCR 0x1c, 0x1
000000bd defd                 MOVIA 0x2
000000be fbe3                 SUBAR 0x1c, 0x0
000000bf f6fc                 BTRSS 0x3, 0x2
000000c0 c73c                 LGOTO 0xc3; main.o:_00195_DS_=0xc3
000000c1 dea7                 MOVIA 0x58
000000c2 fbe4                 SUBAR 0x1b, 0x0
000000c3                      main.o:_00195_DS_:
000000c3 f7fc                 BTRSS 0x3, 0x0
000000c4 c738                 LGOTO 0xc7; main.o:_00134_DS_=0xc7
000000c5 fd64                 CLRR 0x1b
000000c6 fd63                 CLRR 0x1c
000000c7                      main.o:_00134_DS_:
000000c7 deff                 MOVIA 0x0
000000c8 fbe3                 SUBAR 0x1c, 0x0
000000c9 f6fc                 BTRSS 0x3, 0x2
000000ca c732                 LGOTO 0xcd; main.o:_00196_DS_=0xcd
000000cb de9b                 MOVIA 0x64
000000cc fbe4                 SUBAR 0x1b, 0x0
000000cd                      main.o:_00196_DS_:
000000cd f3fc                 BTRSC 0x3, 0x0
000000ce c729                 LGOTO 0xd6; main.o:_00158_DS_=0xd6
000000cf fd5f                 CLRR 0x20
000000d0 de9b                 MOVIA 0x64
000000d1 fbe0                 SUBAR 0x1f, 0x0
000000d2 f3fc                 BTRSC 0x3, 0x0
000000d3 c6ec                 LGOTO 0x113; main.o:_00160_DS_=0x113
000000d4 fa60                 INCR 0x1f, 0x1
000000d5 c6ec                 LGOTO 0x113; main.o:_00160_DS_=0x113
000000d6                      main.o:_00158_DS_:
000000d6 deff                 MOVIA 0x0
000000d7 fbe3                 SUBAR 0x1c, 0x0
000000d8 f6fc                 BTRSS 0x3, 0x2
000000d9 c723                 LGOTO 0xdc; main.o:_00198_DS_=0xdc
000000da de37                 MOVIA 0xc8
000000db fbe4                 SUBAR 0x1b, 0x0
000000dc                      main.o:_00198_DS_:
000000dc f3fc                 BTRSC 0x3, 0x0
000000dd c71e                 LGOTO 0xe1; main.o:_00155_DS_=0xe1
000000de de9b                 MOVIA 0x64
000000df ff60                 MOVAR 0x1f
000000e0 c6ec                 LGOTO 0x113; main.o:_00160_DS_=0x113
000000e1                      main.o:_00155_DS_:
000000e1 defe                 MOVIA 0x1
000000e2 fbe3                 SUBAR 0x1c, 0x0
000000e3 f6fc                 BTRSS 0x3, 0x2
000000e4 c718                 LGOTO 0xe7; main.o:_00199_DS_=0xe7
000000e5 ded3                 MOVIA 0x2c
000000e6 fbe4                 SUBAR 0x1b, 0x0
000000e7                      main.o:_00199_DS_:
000000e7 f3fc                 BTRSC 0x3, 0x0
000000e8 c711                 LGOTO 0xee; main.o:_00152_DS_=0xee
000000e9 fee0                 MOVR 0x1f, 0x0
000000ea f2fc                 BTRSC 0x3, 0x2
000000eb c6ec                 LGOTO 0x113; main.o:_00160_DS_=0x113
000000ec f960                 DECR 0x1f, 0x1
000000ed c6ec                 LGOTO 0x113; main.o:_00160_DS_=0x113
000000ee                      main.o:_00152_DS_:
000000ee defe                 MOVIA 0x1
000000ef fbe3                 SUBAR 0x1c, 0x0
000000f0 f6fc                 BTRSS 0x3, 0x2
000000f1 c70b                 LGOTO 0xf4; main.o:_00200_DS_=0xf4
000000f2 de6f                 MOVIA 0x90
000000f3 fbe4                 SUBAR 0x1b, 0x0
000000f4                      main.o:_00200_DS_:
000000f4 f3fc                 BTRSC 0x3, 0x0
000000f5 c702                 LGOTO 0xfd; main.o:_00149_DS_=0xfd
000000f6 fd60                 CLRR 0x1f
000000f7 de9b                 MOVIA 0x64
000000f8 fbdf                 SUBAR 0x20, 0x0
000000f9 f3fc                 BTRSC 0x3, 0x0
000000fa c6ec                 LGOTO 0x113; main.o:_00160_DS_=0x113
000000fb fa5f                 INCR 0x20, 0x1
000000fc c6ec                 LGOTO 0x113; main.o:_00160_DS_=0x113
000000fd                      main.o:_00149_DS_:
000000fd defe                 MOVIA 0x1
000000fe fbe3                 SUBAR 0x1c, 0x0
000000ff f6fc                 BTRSS 0x3, 0x2
00000100 c6fc                 LGOTO 0x103; main.o:_00202_DS_=0x103
00000101 de0b                 MOVIA 0xf4
00000102 fbe4                 SUBAR 0x1b, 0x0
00000103                      main.o:_00202_DS_:
00000103 f3fc                 BTRSC 0x3, 0x0
00000104 c6f7                 LGOTO 0x108; main.o:_00146_DS_=0x108
00000105 de9b                 MOVIA 0x64
00000106 ff5f                 MOVAR 0x20
00000107 c6ec                 LGOTO 0x113; main.o:_00160_DS_=0x113
00000108                      main.o:_00146_DS_:
00000108 defd                 MOVIA 0x2
00000109 fbe3                 SUBAR 0x1c, 0x0
0000010a f6fc                 BTRSS 0x3, 0x2
0000010b c6f1                 LGOTO 0x10e; main.o:_00203_DS_=0x10e
0000010c dea7                 MOVIA 0x58
0000010d fbe4                 SUBAR 0x1b, 0x0
0000010e                      main.o:_00203_DS_:
0000010e f3fc                 BTRSC 0x3, 0x0
0000010f c6ec                 LGOTO 0x113; main.o:_00160_DS_=0x113
00000110 fedf                 MOVR 0x20, 0x0
00000111 f6fc                 BTRSS 0x3, 0x2
00000112 f95f                 DECR 0x20, 0x1
00000113                      main.o:_00160_DS_:
00000113 ffef                 RET
00000114                      ___cinit_load__:
