00000000 c7f6                 LGOTO 0x9; crt0.o:initial_ram_bss=0x9
00000001                      _ms_SendByte:
00000001 d7c0                 LCALL 0x3f; _IIC_Send_Byte=0x3f
00000002 ffef                 RET
00000008 c6f6                 LGOTO 0x109; main.o:__sdcc_interrupt=0x109
00000009                      crt0.o:initial_ram_bss:
00000009 e0fc                 BCR 0x3, 0x6
0000000a e07c                 BCR 0x3, 0x7
0000000b dedf                 MOVIA 0x20
0000000c ff7b                 MOVAR 0x4
0000000d de7f                 MOVIA 0x80
0000000e d7e8                 LCALL 0x17; crt0.o:startup_exit=0x17
0000000f e4fc                 BSR 0x3, 0x6
00000010 e07c                 BCR 0x3, 0x7
00000011 dedf                 MOVIA 0x20
00000012 ff7b                 MOVAR 0x4
00000013 de7f                 MOVIA 0x80
00000014 d7e8                 LCALL 0x17; crt0.o:startup_exit=0x17
00000015                      crt0.o:initial_ram_cinit:
00000015 d296                 LCALL 0x569; ___cinit_load__=0x569
00000016 c6c8                 LGOTO 0x137; _main=0x137
00000017                      crt0.o:startup_exit:
00000017 fd7f                 CLRR 0x0
00000018 fa7b                 INCR 0x4, 0x1
00000019 c97b                 CMPAR 0x4
0000001a f6fc                 BTRSS 0x3, 0x2
0000001b c7e8                 LGOTO 0x17; crt0.o:startup_exit=0x17
0000001c ffef                 RET
0000001d                      crt0.o:crt0_end:
0000001d e0fc                 BCR 0x3, 0x6
0000001e ff54                 MOVAR 0x2b
0000001f fd53                 CLRR 0x2c
00000020 d72c                 LCALL 0xd3; _SDA_IN=0xd3
00000021 e0fc                 BCR 0x3, 0x6
00000022 fd52                 CLRR 0x2d
00000023                      eeprom.o:_00203_DS_:
00000023 e0fc                 BCR 0x3, 0x6
00000024 e07a                 BCR 0x5, 0x7
00000025 defd                 MOVIA 0x2
00000026 d738                 LCALL 0xc7; _delay_us=0xc7
00000027 e0fc                 BCR 0x3, 0x6
00000028 e47a                 BSR 0x5, 0x7
00000029 e3fc                 BCR 0x3, 0x0
0000002a eb53                 RLR 0x2c, 0x1
0000002b f4fa                 BTRSS 0x5, 0x6
0000002c c7d1                 LGOTO 0x2e; eeprom.o:_00001_DS_=0x2e
0000002d fa53                 INCR 0x2c, 0x1
0000002e                      eeprom.o:_00001_DS_:
0000002e defe                 MOVIA 0x1
0000002f d738                 LCALL 0xc7; _delay_us=0xc7
00000030 e0fc                 BCR 0x3, 0x6
00000031 fa52                 INCR 0x2d, 0x1
00000032 def7                 MOVIA 0x8
00000033 fbd2                 SUBAR 0x2d, 0x0
00000034 f7fc                 BTRSS 0x3, 0x0
00000035                      ___cinit_size__:
00000035 c7dc                 LGOTO 0x23; eeprom.o:_00203_DS_=0x23
00000036 fed4                 MOVR 0x2b, 0x0
00000037 f6fc                 BTRSS 0x3, 0x2
00000038 c7c4                 LGOTO 0x3b; eeprom.o:_00201_DS_=0x3b
00000039 d79f                 LCALL 0x60; _IIC_NAck=0x60
0000003a c7c3                 LGOTO 0x3c; eeprom.o:_00202_DS_=0x3c
0000003b                      eeprom.o:_00201_DS_:
0000003b d791                 LCALL 0x6e; _IIC_Ack=0x6e
0000003c                      eeprom.o:_00202_DS_:
0000003c e0fc                 BCR 0x3, 0x6
0000003d fed3                 MOVR 0x2c, 0x0
0000003e ffef                 RET
0000003f                      _IIC_Send_Byte:
0000003f e0fc                 BCR 0x3, 0x6
00000040 ff56                 MOVAR 0x29
00000041 d71e                 LCALL 0xe1; _SDA_OUT=0xe1
00000042 e0fc                 BCR 0x3, 0x6
00000043 e07a                 BCR 0x5, 0x7
00000044 fd55                 CLRR 0x2a
00000045                      eeprom.o:_00192_DS_:
00000045 e0fc                 BCR 0x3, 0x6
00000046 f456                 BTRSS 0x29, 0x7
00000047 c7b5                 LGOTO 0x4a; eeprom.o:_00189_DS_=0x4a
00000048 e4fa                 BSR 0x5, 0x6
00000049 c7b3                 LGOTO 0x4c; eeprom.o:_00190_DS_=0x4c
0000004a                      eeprom.o:_00189_DS_:
0000004a e0fc                 BCR 0x3, 0x6
0000004b e0fa                 BCR 0x5, 0x6
0000004c                      eeprom.o:_00190_DS_:
0000004c e3fc                 BCR 0x3, 0x0
0000004d e0fc                 BCR 0x3, 0x6
0000004e eb56                 RLR 0x29, 0x1
0000004f defd                 MOVIA 0x2
00000050 d738                 LCALL 0xc7; _delay_us=0xc7
00000051 e0fc                 BCR 0x3, 0x6
00000052 e47a                 BSR 0x5, 0x7
00000053 defd                 MOVIA 0x2
00000054 d738                 LCALL 0xc7; _delay_us=0xc7
00000055 e0fc                 BCR 0x3, 0x6
00000056 e07a                 BCR 0x5, 0x7
00000057 defd                 MOVIA 0x2
00000058 d738                 LCALL 0xc7; _delay_us=0xc7
00000059 e0fc                 BCR 0x3, 0x6
0000005a fa55                 INCR 0x2a, 0x1
0000005b def7                 MOVIA 0x8
0000005c fbd5                 SUBAR 0x2a, 0x0
0000005d f7fc                 BTRSS 0x3, 0x0
0000005e c7ba                 LGOTO 0x45; eeprom.o:_00192_DS_=0x45
0000005f ffef                 RET
00000060                      _IIC_NAck:
00000060 e0fc                 BCR 0x3, 0x6
00000061 e07a                 BCR 0x5, 0x7
00000062 d71e                 LCALL 0xe1; _SDA_OUT=0xe1
00000063 e0fc                 BCR 0x3, 0x6
00000064 e4fa                 BSR 0x5, 0x6
00000065 defd                 MOVIA 0x2
00000066 d738                 LCALL 0xc7; _delay_us=0xc7
00000067 e0fc                 BCR 0x3, 0x6
00000068 e47a                 BSR 0x5, 0x7
00000069 defa                 MOVIA 0x5
0000006a d738                 LCALL 0xc7; _delay_us=0xc7
0000006b e0fc                 BCR 0x3, 0x6
0000006c e07a                 BCR 0x5, 0x7
0000006d ffef                 RET
0000006e                      _IIC_Ack:
0000006e e0fc                 BCR 0x3, 0x6
0000006f e07a                 BCR 0x5, 0x7
00000070 d71e                 LCALL 0xe1; _SDA_OUT=0xe1
00000071 e0fc                 BCR 0x3, 0x6
00000072 e0fa                 BCR 0x5, 0x6
00000073 defd                 MOVIA 0x2
00000074 d738                 LCALL 0xc7; _delay_us=0xc7
00000075 e0fc                 BCR 0x3, 0x6
00000076 e47a                 BSR 0x5, 0x7
00000077 defa                 MOVIA 0x5
00000078 d738                 LCALL 0xc7; _delay_us=0xc7
00000079 e0fc                 BCR 0x3, 0x6
0000007a e07a                 BCR 0x5, 0x7
0000007b ffef                 RET
0000007c                      _IIC_Wait_Ack:
0000007c d72c                 LCALL 0xd3; _SDA_IN=0xd3
0000007d e0fc                 BCR 0x3, 0x6
0000007e e4fa                 BSR 0x5, 0x6
0000007f defe                 MOVIA 0x1
00000080 d738                 LCALL 0xc7; _delay_us=0xc7
00000081 e0fc                 BCR 0x3, 0x6
00000082 e47a                 BSR 0x5, 0x7
00000083 defe                 MOVIA 0x1
00000084 d738                 LCALL 0xc7; _delay_us=0xc7
00000085 e0fc                 BCR 0x3, 0x6
00000086 fd57                 CLRR 0x28
00000087                      eeprom.o:_00172_DS_:
00000087 e0fc                 BCR 0x3, 0x6
00000088 f4fa                 BTRSS 0x5, 0x6
00000089 c76d                 LGOTO 0x92; eeprom.o:_00174_DS_=0x92
0000008a fa57                 INCR 0x28, 0x1
0000008b de04                 MOVIA 0xfb
0000008c fbd7                 SUBAR 0x28, 0x0
0000008d f7fc                 BTRSS 0x3, 0x0
0000008e c778                 LGOTO 0x87; eeprom.o:_00172_DS_=0x87
0000008f d769                 LCALL 0x96; _IIC_Stop=0x96
00000090 defe                 MOVIA 0x1
00000091 c76a                 LGOTO 0x95; eeprom.o:_00175_DS_=0x95
00000092                      eeprom.o:_00174_DS_:
00000092 e0fc                 BCR 0x3, 0x6
00000093 e07a                 BCR 0x5, 0x7
00000094 deff                 MOVIA 0x0
00000095                      eeprom.o:_00175_DS_:
00000095 ffef                 RET
00000096                      _IIC_Stop:
00000096 d71e                 LCALL 0xe1; _SDA_OUT=0xe1
00000097 e0fc                 BCR 0x3, 0x6
00000098 e07a                 BCR 0x5, 0x7
00000099 e0fa                 BCR 0x5, 0x6
0000009a e47a                 BSR 0x5, 0x7
0000009b def9                 MOVIA 0x6
0000009c d738                 LCALL 0xc7; _delay_us=0xc7
0000009d e0fc                 BCR 0x3, 0x6
0000009e e4fa                 BSR 0x5, 0x6
0000009f def9                 MOVIA 0x6
000000a0 d738                 LCALL 0xc7; _delay_us=0xc7
000000a1 ffef                 RET
000000a2                      _IIC_Start:
000000a2 d71e                 LCALL 0xe1; _SDA_OUT=0xe1
000000a3 e0fc                 BCR 0x3, 0x6
000000a4 e4fa                 BSR 0x5, 0x6
000000a5 e47a                 BSR 0x5, 0x7
000000a6 defa                 MOVIA 0x5
000000a7 d738                 LCALL 0xc7; _delay_us=0xc7
000000a8 e0fc                 BCR 0x3, 0x6
000000a9 e0fa                 BCR 0x5, 0x6
000000aa def9                 MOVIA 0x6
000000ab d738                 LCALL 0xc7; _delay_us=0xc7
000000ac e0fc                 BCR 0x3, 0x6
000000ad e07a                 BCR 0x5, 0x7
000000ae ffef                 RET
000000af                      _delay_ms:
000000af e0fc                 BCR 0x3, 0x6
000000b0 ff5a                 MOVAR 0x25
000000b1 feb0                 MOVR 0x4f, 0x0
000000b2 ff5b                 MOVAR 0x24
000000b3 fd59                 CLRR 0x26
000000b4 fd58                 CLRR 0x27
000000b5                      eeprom.o:_00146_DS_:
000000b5 e0fc                 BCR 0x3, 0x6
000000b6 feda                 MOVR 0x25, 0x0
000000b7 fbd8                 SUBAR 0x27, 0x0
000000b8 f6fc                 BTRSS 0x3, 0x2
000000b9 c743                 LGOTO 0xbc; eeprom.o:_00157_DS_=0xbc
000000ba fedb                 MOVR 0x24, 0x0
000000bb fbd9                 SUBAR 0x26, 0x0
000000bc                      eeprom.o:_00157_DS_:
000000bc f3fc                 BTRSC 0x3, 0x0
000000bd c739                 LGOTO 0xc6; eeprom.o:_00148_DS_=0xc6
000000be d710                 LCALL 0xef; _Delay1000Us=0xef
000000bf fffd                 CLRWDT
000000c0 e0fc                 BCR 0x3, 0x6
000000c1 fa59                 INCR 0x26, 0x1
000000c2 f6fc                 BTRSS 0x3, 0x2
000000c3 c73a                 LGOTO 0xc5; eeprom.o:_00002_DS_=0xc5
000000c4 fa58                 INCR 0x27, 0x1
000000c5                      eeprom.o:_00002_DS_:
000000c5 c74a                 LGOTO 0xb5; eeprom.o:_00146_DS_=0xb5
000000c6                      eeprom.o:_00148_DS_:
000000c6 ffef                 RET
000000c7                      _delay_us:
000000c7 e0fc                 BCR 0x3, 0x6
000000c8 ff5d                 MOVAR 0x22
000000c9 fd5c                 CLRR 0x23
000000ca                      eeprom.o:_00137_DS_:
000000ca e0fc                 BCR 0x3, 0x6
000000cb fedd                 MOVR 0x22, 0x0
000000cc fbdc                 SUBAR 0x23, 0x0
000000cd f3fc                 BTRSC 0x3, 0x0
000000ce c72d                 LGOTO 0xd2; eeprom.o:_00139_DS_=0xd2
000000cf ffff                 NOP
000000d0 fa5c                 INCR 0x23, 0x1
000000d1 c735                 LGOTO 0xca; eeprom.o:_00137_DS_=0xca
000000d2                      eeprom.o:_00139_DS_:
000000d2 ffef                 RET
000000d3                      _SDA_IN:
000000d3 ffec                 DISI
000000d4 ffe6                 IOSTR 0x9
000000d5 e0fc                 BCR 0x3, 0x6
000000d6 ff5d                 MOVAR 0x22
000000d7 e0dd                 BCR 0x22, 0x6
000000d8 fedd                 MOVR 0x22, 0x0
000000d9 fff6                 IOST 0x9
000000da ffea                 IOSTR 0x5
000000db ff5d                 MOVAR 0x22
000000dc e4dd                 BSR 0x22, 0x6
000000dd fedd                 MOVR 0x22, 0x0
000000de fffa                 IOST 0x5
000000df fffb                 ENI
000000e0 ffef                 RET
000000e1                      _SDA_OUT:
000000e1 ffec                 DISI
000000e2 ffe6                 IOSTR 0x9
000000e3 e0fc                 BCR 0x3, 0x6
000000e4 ff5d                 MOVAR 0x22
000000e5 e4dd                 BSR 0x22, 0x6
000000e6 fedd                 MOVR 0x22, 0x0
000000e7 fff6                 IOST 0x9
000000e8 ffea                 IOSTR 0x5
000000e9 ff5d                 MOVAR 0x22
000000ea e0dd                 BCR 0x22, 0x6
000000eb fedd                 MOVR 0x22, 0x0
000000ec fffa                 IOST 0x5
000000ed fffb                 ENI
000000ee ffef                 RET
000000ef                      _Delay1000Us:
000000ef e0fc                 BCR 0x3, 0x6
000000f0 fd5f                 CLRR 0x20
000000f1 fd5e                 CLRR 0x21
000000f2                      eeprom.o:_00107_DS_:
000000f2 e0fc                 BCR 0x3, 0x6
000000f3 fede                 MOVR 0x21, 0x0
000000f4 da7f                 ADDIA 0x80
000000f5 da7f                 ADDIA 0x80
000000f6 f6fc                 BTRSS 0x3, 0x2
000000f7 c705                 LGOTO 0xfa; eeprom.o:_00118_DS_=0xfa
000000f8 de9b                 MOVIA 0x64
000000f9 fbdf                 SUBAR 0x20, 0x0
000000fa                      eeprom.o:_00118_DS_:
000000fa f3fc                 BTRSC 0x3, 0x0
000000fb c6f7                 LGOTO 0x108; eeprom.o:_00109_DS_=0x108
000000fc ffff                 NOP
000000fd ffff                 NOP
000000fe ffff                 NOP
000000ff ffff                 NOP
00000100 ffff                 NOP
00000101 ffff                 NOP
00000102 e0fc                 BCR 0x3, 0x6
00000103 fa5f                 INCR 0x20, 0x1
00000104 f6fc                 BTRSS 0x3, 0x2
00000105 c6f8                 LGOTO 0x107; eeprom.o:_00003_DS_=0x107
00000106 fa5e                 INCR 0x21, 0x1
00000107                      eeprom.o:_00003_DS_:
00000107 c70d                 LGOTO 0xf2; eeprom.o:_00107_DS_=0xf2
00000108                      eeprom.o:_00109_DS_:
00000108 ffef                 RET
00000109                      main.o:__sdcc_interrupt:
00000109 ff3d                 MOVAR 0x42
0000010a eafc                 SWAPR 0x3, 0x0
0000010b fd7c                 CLRR 0x3
0000010c ff3e                 MOVAR 0x41
0000010d fef5                 MOVR 0xa, 0x0
0000010e fd75                 CLRR 0xa
0000010f ff3f                 MOVAR 0x40
00000110 fefb                 MOVR 0x4, 0x0
00000111 e0fc                 BCR 0x3, 0x6
00000112 ff0c                 MOVAR 0x73
00000113 feb0                 MOVR 0x4f, 0x0
00000114 ff0b                 MOVAR 0x74
00000115 feb1                 MOVR 0x4e, 0x0
00000116 ff0a                 MOVAR 0x75
00000117 f7f0                 BTRSS 0xf, 0x0
00000118 c6dc                 LGOTO 0x123; main.o:_00108_DS_=0x123
00000119 dec8                 MOVIA 0x37
0000011a fc7e                 ADDAR 0x1, 0x1
0000011b fa06                 INCR 0x79, 0x1
0000011c fe86                 MOVR 0x79, 0x0
0000011d db9b                 XORIA 0x64
0000011e f6fc                 BTRSS 0x3, 0x2
0000011f c6dc                 LGOTO 0x123; main.o:_00108_DS_=0x123
00000120 fd06                 CLRR 0x79
00000121 defe                 MOVIA 0x1
00000122 ff05                 MOVAR 0x7a
00000123                      main.o:_00108_DS_:
00000123 f770                 BTRSS 0xf, 0x1
00000124 c6d8                 LGOTO 0x127; main.o:_00110_DS_=0x127
00000125 de02                 MOVIA 0xfd
00000126 ff70                 MOVAR 0xf
00000127                      main.o:_00110_DS_:
00000127 fd70                 CLRR 0xf
00000128 e0fc                 BCR 0x3, 0x6
00000129 fe8a                 MOVR 0x75, 0x0
0000012a ff31                 MOVAR 0x4e
0000012b fe8b                 MOVR 0x74, 0x0
0000012c ff30                 MOVAR 0x4f
0000012d fe8c                 MOVR 0x73, 0x0
0000012e ff7b                 MOVAR 0x4
0000012f febf                 MOVR 0x40, 0x0
00000130 ff75                 MOVAR 0xa
00000131 fd7c                 CLRR 0x3
00000132 eabe                 SWAPR 0x41, 0x0
00000133 ff7c                 MOVAR 0x3
00000134 ea3d                 SWAPR 0x42, 0x1
00000135 eabd                 SWAPR 0x42, 0x0
00000136                      main.o:END_OF_INTERRUPT:
00000136 ffee                 RETIE
00000137                      _main:
00000137 de40                 MOVIA 0xbf
00000138 fff6                 IOST 0x9
00000139 fdff                 CLRA
0000013a fffa                 IOST 0x5
0000013b fff9                 IOST 0x6
0000013c fd7a                 CLRR 0x5
0000013d fd79                 CLRR 0x6
0000013e d434                 LCALL 0x3cb; _msa_init=0x3cb
0000013f                      main.o:_00127_DS_:
0000013f fffd                 CLRWDT
00000140 d621                 LCALL 0x1de; _getData=0x1de
00000141 f8fa                 COMR 0x5, 0x0
00000142 e0fc                 BCR 0x3, 0x6
00000143 ff4f                 MOVAR 0x30
00000144 def7                 MOVIA 0x8
00000145 ef4f                 ANDAR 0x30, 0x1
00000146 fecf                 MOVR 0x30, 0x0
00000147 d657                 LCALL 0x1a8; _keyRead=0x1a8
00000148 e0fc                 BCR 0x3, 0x6
00000149 ff4f                 MOVAR 0x30
0000014a fecf                 MOVR 0x30, 0x0
0000014b f2fc                 BTRSC 0x3, 0x2
0000014c c6a5                 LGOTO 0x15a; main.o:_00119_DS_=0x15a
0000014d fe83                 MOVR 0x7c, 0x0
0000014e f2fc                 BTRSC 0x3, 0x2
0000014f c6ad                 LGOTO 0x152; main.o:_00116_DS_=0x152
00000150 fd03                 CLRR 0x7c
00000151 c6a5                 LGOTO 0x15a; main.o:_00119_DS_=0x15a
00000152                      main.o:_00116_DS_:
00000152 defe                 MOVIA 0x1
00000153 e0fc                 BCR 0x3, 0x6
00000154 ff03                 MOVAR 0x7c
00000155 fd01                 CLRR 0x7e
00000156 fd00                 CLRR 0x7f
00000157 defe                 MOVIA 0x1
00000158 ff02                 MOVAR 0x7d
00000159 d434                 LCALL 0x3cb; _msa_init=0x3cb
0000015a                      main.o:_00119_DS_:
0000015a d5c1                 LCALL 0x23e; _chrgCtr=0x23e
0000015b d59e                 LCALL 0x261; _workCtr=0x261
0000015c d621                 LCALL 0x1de; _getData=0x1de
0000015d e0fc                 BCR 0x3, 0x6
0000015e fe83                 MOVR 0x7c, 0x0
0000015f f6fc                 BTRSS 0x3, 0x2
00000160 c6c0                 LGOTO 0x13f; main.o:_00127_DS_=0x13f
00000161 fe82                 MOVR 0x7d, 0x0
00000162 f6fc                 BTRSS 0x3, 0x2
00000163 c6c0                 LGOTO 0x13f; main.o:_00127_DS_=0x13f
00000164 fe84                 MOVR 0x7b, 0x0
00000165 f6fc                 BTRSS 0x3, 0x2
00000166 c6c0                 LGOTO 0x13f; main.o:_00127_DS_=0x13f
00000167 e4fc                 BSR 0x3, 0x6
00000168 fa5f                 INCR 0x20, 0x1
00000169 f2fc                 BTRSC 0x3, 0x2
0000016a fa5e                 INCR 0x21, 0x1
0000016b defc                 MOVIA 0x3
0000016c fbde                 SUBAR 0x21, 0x0
0000016d f6fc                 BTRSS 0x3, 0x2
0000016e c68e                 LGOTO 0x171; main.o:_00152_DS_=0x171
0000016f de16                 MOVIA 0xe9
00000170 fbdf                 SUBAR 0x20, 0x0
00000171                      main.o:_00152_DS_:
00000171 f7fc                 BTRSS 0x3, 0x0
00000172 c6c0                 LGOTO 0x13f; main.o:_00127_DS_=0x13f
00000173 d689                 LCALL 0x176; _gotoSleep=0x176
00000174 c6c0                 LGOTO 0x13f; main.o:_00127_DS_=0x13f
00000175 ffef                 RET
00000176                      _gotoSleep:
00000176 e77a                 BSR 0x5, 0x1
00000177 e7fa                 BSR 0x5, 0x0
00000178 e579                 BSR 0x6, 0x5
00000179 ffea                 IOSTR 0x5
0000017a e0fc                 BCR 0x3, 0x6
0000017b ff45                 MOVAR 0x3a
0000017c defc                 MOVIA 0x3
0000017d ee45                 IORAR 0x3a, 0x1
0000017e fec5                 MOVR 0x3a, 0x0
0000017f fffa                 IOST 0x5
00000180 ffe9                 IOSTR 0x6
00000181 ff45                 MOVAR 0x3a
00000182 e545                 BSR 0x3a, 0x5
00000183 fec5                 MOVR 0x3a, 0x0
00000184 fff9                 IOST 0x6
00000185 fd03                 CLRR 0x7c
00000186 fd02                 CLRR 0x7d
00000187 def7                 MOVIA 0x8
00000188 ff6a                 MOVAR 0x15
00000189 defc                 MOVIA 0x3
0000018a ff76                 MOVAR 0x9
0000018b e4fc                 BSR 0x3, 0x6
0000018c fd5f                 CLRR 0x20
0000018d fd5e                 CLRR 0x21
0000018e defc                 MOVIA 0x3
0000018f ff71                 MOVAR 0xe
00000190 def7                 MOVIA 0x8
00000191 ff77                 MOVAR 0x8
00000192 fd70                 CLRR 0xf
00000193 fffd                 CLRWDT
00000194 fffb                 ENI
00000195 fffe                 SLEEP
00000196 fd6a                 CLRR 0x15
00000197 fd76                 CLRR 0x9
00000198 ffea                 IOSTR 0x5
00000199 e0fc                 BCR 0x3, 0x6
0000019a ff45                 MOVAR 0x3a
0000019b de03                 MOVIA 0xfc
0000019c ef45                 ANDAR 0x3a, 0x1
0000019d fec5                 MOVR 0x3a, 0x0
0000019e fffa                 IOST 0x5
0000019f ffe9                 IOSTR 0x6
000001a0 ff45                 MOVAR 0x3a
000001a1 e145                 BCR 0x3a, 0x5
000001a2 fec5                 MOVR 0x3a, 0x0
000001a3 fff9                 IOST 0x6
000001a4 defc                 MOVIA 0x3
000001a5 ff71                 MOVAR 0xe
000001a6 fd70                 CLRR 0xf
000001a7 ffef                 RET
000001a8                      _keyRead:
000001a8 e0fc                 BCR 0x3, 0x6
000001a9 ff46                 MOVAR 0x39
000001aa fec6                 MOVR 0x39, 0x0
000001ab f2fc                 BTRSC 0x3, 0x2
000001ac c64a                 LGOTO 0x1b5; main.o:_00446_DS_=0x1b5
000001ad fa04                 INCR 0x7b, 0x1
000001ae de37                 MOVIA 0xc8
000001af fb84                 SUBAR 0x7b, 0x0
000001b0 f7fc                 BTRSS 0x3, 0x0
000001b1 c640                 LGOTO 0x1bf; main.o:_00447_DS_=0x1bf
000001b2 de37                 MOVIA 0xc8
000001b3 ff04                 MOVAR 0x7b
000001b4 c640                 LGOTO 0x1bf; main.o:_00447_DS_=0x1bf
000001b5                      main.o:_00446_DS_:
000001b5 def7                 MOVIA 0x8
000001b6 e0fc                 BCR 0x3, 0x6
000001b7 fb84                 SUBAR 0x7b, 0x0
000001b8 f7fc                 BTRSS 0x3, 0x0
000001b9 c642                 LGOTO 0x1bd; main.o:_00444_DS_=0x1bd
000001ba fd04                 CLRR 0x7b
000001bb defe                 MOVIA 0x1
000001bc c63f                 LGOTO 0x1c0; main.o:_00448_DS_=0x1c0
000001bd                      main.o:_00444_DS_:
000001bd e0fc                 BCR 0x3, 0x6
000001be fd04                 CLRR 0x7b
000001bf                      main.o:_00447_DS_:
000001bf deff                 MOVIA 0x0
000001c0                      main.o:_00448_DS_:
000001c0 ffef                 RET
000001c1                      _ind_light_disp:
000001c1 e0fc                 BCR 0x3, 0x6
000001c2 ff49                 MOVAR 0x36
000001c3 de7f                 MOVIA 0x80
000001c4 ff48                 MOVAR 0x37
000001c5 fd47                 CLRR 0x38
000001c6                      main.o:_00436_DS_:
000001c6 e0fc                 BCR 0x3, 0x6
000001c7 fec9                 MOVR 0x36, 0x0
000001c8 efc8                 ANDAR 0x37, 0x0
000001c9 edc8                 XORAR 0x37, 0x0
000001ca f6fc                 BTRSS 0x3, 0x2
000001cb c62f                 LGOTO 0x1d0; main.o:_00433_DS_=0x1d0
000001cc e1fa                 BCR 0x5, 0x4
000001cd e2fa                 BCR 0x5, 0x2
000001ce e5fa                 BSR 0x5, 0x4
000001cf c62c                 LGOTO 0x1d3; main.o:_00434_DS_=0x1d3
000001d0                      main.o:_00433_DS_:
000001d0 e1fa                 BCR 0x5, 0x4
000001d1 e6fa                 BSR 0x5, 0x2
000001d2 e5fa                 BSR 0x5, 0x4
000001d3                      main.o:_00434_DS_:
000001d3 e3fc                 BCR 0x3, 0x0
000001d4 e0fc                 BCR 0x3, 0x6
000001d5 ec48                 RRR 0x37, 0x1
000001d6 fa47                 INCR 0x38, 0x1
000001d7 def7                 MOVIA 0x8
000001d8 fbc7                 SUBAR 0x38, 0x0
000001d9 f7fc                 BTRSS 0x3, 0x0
000001da c639                 LGOTO 0x1c6; main.o:_00436_DS_=0x1c6
000001db de9b                 MOVIA 0x64
000001dc d738                 LCALL 0xc7; _delay_us=0xc7
000001dd ffef                 RET
000001de                      _getData:
000001de deff                 MOVIA 0x0
000001df e0fc                 BCR 0x3, 0x6
000001e0 ff4c                 MOVAR 0x33
000001e1 ded0                 MOVIA 0x2f
000001e2 ff4d                 MOVAR 0x32
000001e3 fd4b                 CLRR 0x34
000001e4 def9                 MOVIA 0x6
000001e5 ff32                 MOVAR 0x4d
000001e6 fecd                 MOVR 0x32, 0x0
000001e7 ff31                 MOVAR 0x4e
000001e8 fecc                 MOVR 0x33, 0x0
000001e9 ff30                 MOVAR 0x4f
000001ea deff                 MOVIA 0x0
000001eb d36c                 LCALL 0x493; _msa_ReadBytes=0x493
000001ec deff                 MOVIA 0x0
000001ed e0fc                 BCR 0x3, 0x6
000001ee ff4c                 MOVAR 0x33
000001ef ded1                 MOVIA 0x2e
000001f0 ff4d                 MOVAR 0x32
000001f1 fd4b                 CLRR 0x34
000001f2 def8                 MOVIA 0x7
000001f3 ff32                 MOVAR 0x4d
000001f4 fecd                 MOVR 0x32, 0x0
000001f5 ff31                 MOVAR 0x4e
000001f6 fecc                 MOVR 0x33, 0x0
000001f7 ff30                 MOVAR 0x4f
000001f8 deff                 MOVIA 0x0
000001f9 d36c                 LCALL 0x493; _msa_ReadBytes=0x493
000001fa e0fc                 BCR 0x3, 0x6
000001fb fed1                 MOVR 0x2e, 0x0
000001fc ff4d                 MOVAR 0x32
000001fd fd4c                 CLRR 0x33
000001fe f44d                 BTRSS 0x32, 0x7
000001ff c5fe                 LGOTO 0x201; main.o:_00001_DS_=0x201
00000200 f94c                 DECR 0x33, 0x1
00000201                      main.o:_00001_DS_:
00000201 e0fc                 BCR 0x3, 0x6
00000202 fecd                 MOVR 0x32, 0x0
00000203 ff4a                 MOVAR 0x35
00000204 fd4b                 CLRR 0x34
00000205 fed0                 MOVR 0x2f, 0x0
00000206 ff4d                 MOVAR 0x32
00000207 fd4c                 CLRR 0x33
00000208 f44d                 BTRSS 0x32, 0x7
00000209 c5f4                 LGOTO 0x20b; main.o:_00002_DS_=0x20b
0000020a f94c                 DECR 0x33, 0x1
0000020b                      main.o:_00002_DS_:
0000020b e0fc                 BCR 0x3, 0x6
0000020c fecd                 MOVR 0x32, 0x0
0000020d ee4b                 IORAR 0x34, 0x1
0000020e fecc                 MOVR 0x33, 0x0
0000020f ee4a                 IORAR 0x35, 0x1
00000210 eacb                 SWAPR 0x34, 0x0
00000211 ddf0                 ANDIA 0xf
00000212 ff09                 MOVAR 0x76
00000213 eaca                 SWAPR 0x35, 0x0
00000214 ff08                 MOVAR 0x77
00000215 dd0f                 ANDIA 0xf0
00000216 ee09                 IORAR 0x76, 0x1
00000217 ed08                 XORAR 0x77, 0x1
00000218 de0f                 MOVIA 0xf0
00000219 f208                 BTRSC 0x77, 0x3
0000021a ee08                 IORAR 0x77, 0x1
0000021b def0                 MOVIA 0xf
0000021c ef08                 ANDAR 0x77, 0x1
0000021d defe                 MOVIA 0x1
0000021e fb88                 SUBAR 0x77, 0x0
0000021f f6fc                 BTRSS 0x3, 0x2
00000220 c5dc                 LGOTO 0x223; main.o:_00426_DS_=0x223
00000221 de89                 MOVIA 0x76
00000222 fb89                 SUBAR 0x76, 0x0
00000223                      main.o:_00426_DS_:
00000223 f7fc                 BTRSS 0x3, 0x0
00000224 c5c3                 LGOTO 0x23c; main.o:_00409_DS_=0x23c
00000225 def1                 MOVIA 0xe
00000226 e0fc                 BCR 0x3, 0x6
00000227 fb88                 SUBAR 0x77, 0x0
00000228 f6fc                 BTRSS 0x3, 0x2
00000229 c5d3                 LGOTO 0x22c; main.o:_00427_DS_=0x22c
0000022a de8f                 MOVIA 0x70
0000022b fb89                 SUBAR 0x76, 0x0
0000022c                      main.o:_00427_DS_:
0000022c f3fc                 BTRSC 0x3, 0x0
0000022d c5c3                 LGOTO 0x23c; main.o:_00409_DS_=0x23c
0000022e e0fc                 BCR 0x3, 0x6
0000022f fe82                 MOVR 0x7d, 0x0
00000230 f6fc                 BTRSS 0x3, 0x2
00000231 c5c5                 LGOTO 0x23a; main.o:_00406_DS_=0x23a
00000232 fe83                 MOVR 0x7c, 0x0
00000233 dbfe                 XORIA 0x1
00000234 f6fc                 BTRSS 0x3, 0x2
00000235 c5c5                 LGOTO 0x23a; main.o:_00406_DS_=0x23a
00000236 defd                 MOVIA 0x2
00000237 ff02                 MOVAR 0x7d
00000238 fd01                 CLRR 0x7e
00000239 fd00                 CLRR 0x7f
0000023a                      main.o:_00406_DS_:
0000023a defe                 MOVIA 0x1
0000023b c5c2                 LGOTO 0x23d; main.o:_00412_DS_=0x23d
0000023c                      main.o:_00409_DS_:
0000023c deff                 MOVIA 0x0
0000023d                      main.o:_00412_DS_:
0000023d ffef                 RET
0000023e                      _chrgCtr:
0000023e f779                 BTRSS 0x6, 0x1
0000023f c5a1                 LGOTO 0x25e; main.o:_00398_DS_=0x25e
00000240 e0fc                 BCR 0x3, 0x6
00000241 fd03                 CLRR 0x7c
00000242 e579                 BSR 0x6, 0x5
00000243 f579                 BTRSS 0x6, 0x5
00000244 e3fa                 BCR 0x5, 0x0
00000245 f179                 BTRSC 0x6, 0x5
00000246 e7fa                 BSR 0x5, 0x0
00000247 f7fa                 BTRSS 0x5, 0x0
00000248 e37a                 BCR 0x5, 0x1
00000249 f3fa                 BTRSC 0x5, 0x0
0000024a e77a                 BSR 0x5, 0x1
0000024b f7f9                 BTRSS 0x6, 0x0
0000024c c5aa                 LGOTO 0x255; main.o:_00395_DS_=0x255
0000024d defd                 MOVIA 0x2
0000024e ff07                 MOVAR 0x78
0000024f e4fc                 BSR 0x3, 0x6
00000250 fed3                 MOVR 0x2c, 0x0
00000251 e0fc                 BCR 0x3, 0x6
00000252 ff4e                 MOVAR 0x31
00000253 d63e                 LCALL 0x1c1; _ind_light_disp=0x1c1
00000254 c59f                 LGOTO 0x260; main.o:_00400_DS_=0x260
00000255                      main.o:_00395_DS_:
00000255 defe                 MOVIA 0x1
00000256 e0fc                 BCR 0x3, 0x6
00000257 ff07                 MOVAR 0x78
00000258 e4fc                 BSR 0x3, 0x6
00000259 fed2                 MOVR 0x2d, 0x0
0000025a e0fc                 BCR 0x3, 0x6
0000025b ff4e                 MOVAR 0x31
0000025c d63e                 LCALL 0x1c1; _ind_light_disp=0x1c1
0000025d c59f                 LGOTO 0x260; main.o:_00400_DS_=0x260
0000025e                      main.o:_00398_DS_:
0000025e e0fc                 BCR 0x3, 0x6
0000025f fd07                 CLRR 0x78
00000260                      main.o:_00400_DS_:
00000260 ffef                 RET
00000261                      _workCtr:
00000261 e0fc                 BCR 0x3, 0x6
00000262 fe82                 MOVR 0x7d, 0x0
00000263 dbfe                 XORIA 0x1
00000264 f6fc                 BTRSS 0x3, 0x2
00000265 c546                 LGOTO 0x2b9; main.o:_00252_DS_=0x2b9
00000266 fa01                 INCR 0x7e, 0x1
00000267 f2fc                 BTRSC 0x3, 0x2
00000268 fa00                 INCR 0x7f, 0x1
00000269 deff                 MOVIA 0x0
0000026a fb80                 SUBAR 0x7f, 0x0
0000026b f6fc                 BTRSS 0x3, 0x2
0000026c c590                 LGOTO 0x26f; main.o:_00355_DS_=0x26f
0000026d dee7                 MOVIA 0x18
0000026e fb81                 SUBAR 0x7e, 0x0
0000026f                      main.o:_00355_DS_:
0000026f f3fc                 BTRSC 0x3, 0x0
00000270 c58c                 LGOTO 0x273; main.o:_00176_DS_=0x273
00000271 e6f9                 BSR 0x6, 0x2
00000272 c435                 LGOTO 0x3ca; main.o:_00254_DS_=0x3ca
00000273                      main.o:_00176_DS_:
00000273 deff                 MOVIA 0x0
00000274 e0fc                 BCR 0x3, 0x6
00000275 fb80                 SUBAR 0x7f, 0x0
00000276 f6fc                 BTRSS 0x3, 0x2
00000277 c585                 LGOTO 0x27a; main.o:_00356_DS_=0x27a
00000278 ded2                 MOVIA 0x2d
00000279 fb81                 SUBAR 0x7e, 0x0
0000027a                      main.o:_00356_DS_:
0000027a f3fc                 BTRSC 0x3, 0x0
0000027b c581                 LGOTO 0x27e; main.o:_00173_DS_=0x27e
0000027c e2f9                 BCR 0x6, 0x2
0000027d c435                 LGOTO 0x3ca; main.o:_00254_DS_=0x3ca
0000027e                      main.o:_00173_DS_:
0000027e deff                 MOVIA 0x0
0000027f e0fc                 BCR 0x3, 0x6
00000280 fb80                 SUBAR 0x7f, 0x0
00000281 f6fc                 BTRSS 0x3, 0x2
00000282 c57a                 LGOTO 0x285; main.o:_00357_DS_=0x285
00000283 debb                 MOVIA 0x44
00000284 fb81                 SUBAR 0x7e, 0x0
00000285                      main.o:_00357_DS_:
00000285 f3fc                 BTRSC 0x3, 0x0
00000286 c576                 LGOTO 0x289; main.o:_00170_DS_=0x289
00000287 e6f9                 BSR 0x6, 0x2
00000288 c435                 LGOTO 0x3ca; main.o:_00254_DS_=0x3ca
00000289                      main.o:_00170_DS_:
00000289 deff                 MOVIA 0x0
0000028a e0fc                 BCR 0x3, 0x6
0000028b fb80                 SUBAR 0x7f, 0x0
0000028c f6fc                 BTRSS 0x3, 0x2
0000028d c56f                 LGOTO 0x290; main.o:_00358_DS_=0x290
0000028e dea6                 MOVIA 0x59
0000028f fb81                 SUBAR 0x7e, 0x0
00000290                      main.o:_00358_DS_:
00000290 f3fc                 BTRSC 0x3, 0x0
00000291 c56b                 LGOTO 0x294; main.o:_00167_DS_=0x294
00000292 e2f9                 BCR 0x6, 0x2
00000293 c435                 LGOTO 0x3ca; main.o:_00254_DS_=0x3ca
00000294                      main.o:_00167_DS_:
00000294 deff                 MOVIA 0x0
00000295 e0fc                 BCR 0x3, 0x6
00000296 fb80                 SUBAR 0x7f, 0x0
00000297 f6fc                 BTRSS 0x3, 0x2
00000298 c564                 LGOTO 0x29b; main.o:_00359_DS_=0x29b
00000299 de90                 MOVIA 0x6f
0000029a fb81                 SUBAR 0x7e, 0x0
0000029b                      main.o:_00359_DS_:
0000029b f3fc                 BTRSC 0x3, 0x0
0000029c c560                 LGOTO 0x29f; main.o:_00164_DS_=0x29f
0000029d e6f9                 BSR 0x6, 0x2
0000029e c435                 LGOTO 0x3ca; main.o:_00254_DS_=0x3ca
0000029f                      main.o:_00164_DS_:
0000029f deff                 MOVIA 0x0
000002a0 e0fc                 BCR 0x3, 0x6
000002a1 fb80                 SUBAR 0x7f, 0x0
000002a2 f6fc                 BTRSS 0x3, 0x2
000002a3 c559                 LGOTO 0x2a6; main.o:_00360_DS_=0x2a6
000002a4 de71                 MOVIA 0x8e
000002a5 fb81                 SUBAR 0x7e, 0x0
000002a6                      main.o:_00360_DS_:
000002a6 f3fc                 BTRSC 0x3, 0x0
000002a7 c555                 LGOTO 0x2aa; main.o:_00161_DS_=0x2aa
000002a8 e2f9                 BCR 0x6, 0x2
000002a9 c435                 LGOTO 0x3ca; main.o:_00254_DS_=0x3ca
000002aa                      main.o:_00161_DS_:
000002aa deff                 MOVIA 0x0
000002ab e0fc                 BCR 0x3, 0x6
000002ac fb80                 SUBAR 0x7f, 0x0
000002ad f6fc                 BTRSS 0x3, 0x2
000002ae c54e                 LGOTO 0x2b1; main.o:_00361_DS_=0x2b1
000002af de51                 MOVIA 0xae
000002b0 fb81                 SUBAR 0x7e, 0x0
000002b1                      main.o:_00361_DS_:
000002b1 f3fc                 BTRSC 0x3, 0x0
000002b2 c54a                 LGOTO 0x2b5; main.o:_00158_DS_=0x2b5
000002b3 e6f9                 BSR 0x6, 0x2
000002b4 c435                 LGOTO 0x3ca; main.o:_00254_DS_=0x3ca
000002b5                      main.o:_00158_DS_:
000002b5 e2f9                 BCR 0x6, 0x2
000002b6 e0fc                 BCR 0x3, 0x6
000002b7 fd02                 CLRR 0x7d
000002b8 c435                 LGOTO 0x3ca; main.o:_00254_DS_=0x3ca
000002b9                      main.o:_00252_DS_:
000002b9 e0fc                 BCR 0x3, 0x6
000002ba fe82                 MOVR 0x7d, 0x0
000002bb dbfd                 XORIA 0x2
000002bc f6fc                 BTRSS 0x3, 0x2
000002bd c435                 LGOTO 0x3ca; main.o:_00254_DS_=0x3ca
000002be fa01                 INCR 0x7e, 0x1
000002bf f2fc                 BTRSC 0x3, 0x2
000002c0 fa00                 INCR 0x7f, 0x1
000002c1 deff                 MOVIA 0x0
000002c2 fb80                 SUBAR 0x7f, 0x0
000002c3 f6fc                 BTRSS 0x3, 0x2
000002c4 c538                 LGOTO 0x2c7; main.o:_00362_DS_=0x2c7
000002c5 deb0                 MOVIA 0x4f
000002c6 fb81                 SUBAR 0x7e, 0x0
000002c7                      main.o:_00362_DS_:
000002c7 f3fc                 BTRSC 0x3, 0x0
000002c8 c535                 LGOTO 0x2ca; main.o:_00179_DS_=0x2ca
000002c9 e2f9                 BCR 0x6, 0x2
000002ca                      main.o:_00179_DS_:
000002ca deff                 MOVIA 0x0
000002cb e0fc                 BCR 0x3, 0x6
000002cc fb80                 SUBAR 0x7f, 0x0
000002cd f6fc                 BTRSS 0x3, 0x2
000002ce c52e                 LGOTO 0x2d1; main.o:_00363_DS_=0x2d1
000002cf dea5                 MOVIA 0x5a
000002d0 fb81                 SUBAR 0x7e, 0x0
000002d1                      main.o:_00363_DS_:
000002d1 f3fc                 BTRSC 0x3, 0x0
000002d2 c52a                 LGOTO 0x2d5; main.o:_00247_DS_=0x2d5
000002d3 e6f9                 BSR 0x6, 0x2
000002d4 c435                 LGOTO 0x3ca; main.o:_00254_DS_=0x3ca
000002d5                      main.o:_00247_DS_:
000002d5 deff                 MOVIA 0x0
000002d6 e0fc                 BCR 0x3, 0x6
000002d7 fb80                 SUBAR 0x7f, 0x0
000002d8 f6fc                 BTRSS 0x3, 0x2
000002d9 c523                 LGOTO 0x2dc; main.o:_00364_DS_=0x2dc
000002da dea0                 MOVIA 0x5f
000002db fb81                 SUBAR 0x7e, 0x0
000002dc                      main.o:_00364_DS_:
000002dc f3fc                 BTRSC 0x3, 0x0
000002dd c51f                 LGOTO 0x2e0; main.o:_00244_DS_=0x2e0
000002de e2f9                 BCR 0x6, 0x2
000002df c435                 LGOTO 0x3ca; main.o:_00254_DS_=0x3ca
000002e0                      main.o:_00244_DS_:
000002e0 deff                 MOVIA 0x0
000002e1 e0fc                 BCR 0x3, 0x6
000002e2 fb80                 SUBAR 0x7f, 0x0
000002e3 f6fc                 BTRSS 0x3, 0x2
000002e4 c518                 LGOTO 0x2e7; main.o:_00365_DS_=0x2e7
000002e5 de8f                 MOVIA 0x70
000002e6 fb81                 SUBAR 0x7e, 0x0
000002e7                      main.o:_00365_DS_:
000002e7 f3fc                 BTRSC 0x3, 0x0
000002e8 c514                 LGOTO 0x2eb; main.o:_00241_DS_=0x2eb
000002e9 e6f9                 BSR 0x6, 0x2
000002ea c435                 LGOTO 0x3ca; main.o:_00254_DS_=0x3ca
000002eb                      main.o:_00241_DS_:
000002eb deff                 MOVIA 0x0
000002ec e0fc                 BCR 0x3, 0x6
000002ed fb80                 SUBAR 0x7f, 0x0
000002ee f6fc                 BTRSS 0x3, 0x2
000002ef c50d                 LGOTO 0x2f2; main.o:_00366_DS_=0x2f2
000002f0 de8c                 MOVIA 0x73
000002f1 fb81                 SUBAR 0x7e, 0x0
000002f2                      main.o:_00366_DS_:
000002f2 f3fc                 BTRSC 0x3, 0x0
000002f3 c509                 LGOTO 0x2f6; main.o:_00238_DS_=0x2f6
000002f4 e2f9                 BCR 0x6, 0x2
000002f5 c435                 LGOTO 0x3ca; main.o:_00254_DS_=0x3ca
000002f6                      main.o:_00238_DS_:
000002f6 deff                 MOVIA 0x0
000002f7 e0fc                 BCR 0x3, 0x6
000002f8 fb80                 SUBAR 0x7f, 0x0
000002f9 f6fc                 BTRSS 0x3, 0x2
000002fa c502                 LGOTO 0x2fd; main.o:_00367_DS_=0x2fd
000002fb de7e                 MOVIA 0x81
000002fc fb81                 SUBAR 0x7e, 0x0
000002fd                      main.o:_00367_DS_:
000002fd f3fc                 BTRSC 0x3, 0x0
000002fe c4fe                 LGOTO 0x301; main.o:_00235_DS_=0x301
000002ff e6f9                 BSR 0x6, 0x2
00000300 c435                 LGOTO 0x3ca; main.o:_00254_DS_=0x3ca
00000301                      main.o:_00235_DS_:
00000301 deff                 MOVIA 0x0
00000302 e0fc                 BCR 0x3, 0x6
00000303 fb80                 SUBAR 0x7f, 0x0
00000304 f6fc                 BTRSS 0x3, 0x2
00000305 c4f7                 LGOTO 0x308; main.o:_00368_DS_=0x308
00000306 de5b                 MOVIA 0xa4
00000307 fb81                 SUBAR 0x7e, 0x0
00000308                      main.o:_00368_DS_:
00000308 f3fc                 BTRSC 0x3, 0x0
00000309 c4f3                 LGOTO 0x30c; main.o:_00232_DS_=0x30c
0000030a e2f9                 BCR 0x6, 0x2
0000030b c435                 LGOTO 0x3ca; main.o:_00254_DS_=0x3ca
0000030c                      main.o:_00232_DS_:
0000030c deff                 MOVIA 0x0
0000030d e0fc                 BCR 0x3, 0x6
0000030e fb80                 SUBAR 0x7f, 0x0
0000030f f6fc                 BTRSS 0x3, 0x2
00000310 c4ec                 LGOTO 0x313; main.o:_00369_DS_=0x313
00000311 de50                 MOVIA 0xaf
00000312 fb81                 SUBAR 0x7e, 0x0
00000313                      main.o:_00369_DS_:
00000313 f3fc                 BTRSC 0x3, 0x0
00000314 c4e8                 LGOTO 0x317; main.o:_00229_DS_=0x317
00000315 e6f9                 BSR 0x6, 0x2
00000316 c435                 LGOTO 0x3ca; main.o:_00254_DS_=0x3ca
00000317                      main.o:_00229_DS_:
00000317 deff                 MOVIA 0x0
00000318 e0fc                 BCR 0x3, 0x6
00000319 fb80                 SUBAR 0x7f, 0x0
0000031a f6fc                 BTRSS 0x3, 0x2
0000031b c4e1                 LGOTO 0x31e; main.o:_00370_DS_=0x31e
0000031c de4b                 MOVIA 0xb4
0000031d fb81                 SUBAR 0x7e, 0x0
0000031e                      main.o:_00370_DS_:
0000031e f3fc                 BTRSC 0x3, 0x0
0000031f c4dd                 LGOTO 0x322; main.o:_00226_DS_=0x322
00000320 e2f9                 BCR 0x6, 0x2
00000321 c435                 LGOTO 0x3ca; main.o:_00254_DS_=0x3ca
00000322                      main.o:_00226_DS_:
00000322 deff                 MOVIA 0x0
00000323 e0fc                 BCR 0x3, 0x6
00000324 fb80                 SUBAR 0x7f, 0x0
00000325 f6fc                 BTRSS 0x3, 0x2
00000326 c4d6                 LGOTO 0x329; main.o:_00371_DS_=0x329
00000327 de3a                 MOVIA 0xc5
00000328 fb81                 SUBAR 0x7e, 0x0
00000329                      main.o:_00371_DS_:
00000329 f3fc                 BTRSC 0x3, 0x0
0000032a c4d2                 LGOTO 0x32d; main.o:_00223_DS_=0x32d
0000032b e6f9                 BSR 0x6, 0x2
0000032c c435                 LGOTO 0x3ca; main.o:_00254_DS_=0x3ca
0000032d                      main.o:_00223_DS_:
0000032d deff                 MOVIA 0x0
0000032e e0fc                 BCR 0x3, 0x6
0000032f fb80                 SUBAR 0x7f, 0x0
00000330 f6fc                 BTRSS 0x3, 0x2
00000331 c4cb                 LGOTO 0x334; main.o:_00372_DS_=0x334
00000332 de37                 MOVIA 0xc8
00000333 fb81                 SUBAR 0x7e, 0x0
00000334                      main.o:_00372_DS_:
00000334 f3fc                 BTRSC 0x3, 0x0
00000335 c4c7                 LGOTO 0x338; main.o:_00220_DS_=0x338
00000336 e2f9                 BCR 0x6, 0x2
00000337 c435                 LGOTO 0x3ca; main.o:_00254_DS_=0x3ca
00000338                      main.o:_00220_DS_:
00000338 deff                 MOVIA 0x0
00000339 e0fc                 BCR 0x3, 0x6
0000033a fb80                 SUBAR 0x7f, 0x0
0000033b f6fc                 BTRSS 0x3, 0x2
0000033c c4c0                 LGOTO 0x33f; main.o:_00373_DS_=0x33f
0000033d de29                 MOVIA 0xd6
0000033e fb81                 SUBAR 0x7e, 0x0
0000033f                      main.o:_00373_DS_:
0000033f f3fc                 BTRSC 0x3, 0x0
00000340 c4bc                 LGOTO 0x343; main.o:_00217_DS_=0x343
00000341 e6f9                 BSR 0x6, 0x2
00000342 c435                 LGOTO 0x3ca; main.o:_00254_DS_=0x3ca
00000343                      main.o:_00217_DS_:
00000343 deff                 MOVIA 0x0
00000344 e0fc                 BCR 0x3, 0x6
00000345 fb80                 SUBAR 0x7f, 0x0
00000346 f6fc                 BTRSS 0x3, 0x2
00000347 c4b5                 LGOTO 0x34a; main.o:_00374_DS_=0x34a
00000348 de06                 MOVIA 0xf9
00000349 fb81                 SUBAR 0x7e, 0x0
0000034a                      main.o:_00374_DS_:
0000034a f3fc                 BTRSC 0x3, 0x0
0000034b c4b1                 LGOTO 0x34e; main.o:_00214_DS_=0x34e
0000034c e2f9                 BCR 0x6, 0x2
0000034d c435                 LGOTO 0x3ca; main.o:_00254_DS_=0x3ca
0000034e                      main.o:_00214_DS_:
0000034e defe                 MOVIA 0x1
0000034f e0fc                 BCR 0x3, 0x6
00000350 fb80                 SUBAR 0x7f, 0x0
00000351 f6fc                 BTRSS 0x3, 0x2
00000352 c4aa                 LGOTO 0x355; main.o:_00375_DS_=0x355
00000353 defb                 MOVIA 0x4
00000354 fb81                 SUBAR 0x7e, 0x0
00000355                      main.o:_00375_DS_:
00000355 f3fc                 BTRSC 0x3, 0x0
00000356 c4a6                 LGOTO 0x359; main.o:_00211_DS_=0x359
00000357 e6f9                 BSR 0x6, 0x2
00000358 c435                 LGOTO 0x3ca; main.o:_00254_DS_=0x3ca
00000359                      main.o:_00211_DS_:
00000359 defe                 MOVIA 0x1
0000035a e0fc                 BCR 0x3, 0x6
0000035b fb80                 SUBAR 0x7f, 0x0
0000035c f6fc                 BTRSS 0x3, 0x2
0000035d c49f                 LGOTO 0x360; main.o:_00376_DS_=0x360
0000035e def6                 MOVIA 0x9
0000035f fb81                 SUBAR 0x7e, 0x0
00000360                      main.o:_00376_DS_:
00000360 f3fc                 BTRSC 0x3, 0x0
00000361 c49b                 LGOTO 0x364; main.o:_00208_DS_=0x364
00000362 e2f9                 BCR 0x6, 0x2
00000363 c435                 LGOTO 0x3ca; main.o:_00254_DS_=0x3ca
00000364                      main.o:_00208_DS_:
00000364 defe                 MOVIA 0x1
00000365 e0fc                 BCR 0x3, 0x6
00000366 fb80                 SUBAR 0x7f, 0x0
00000367 f6fc                 BTRSS 0x3, 0x2
00000368 c494                 LGOTO 0x36b; main.o:_00377_DS_=0x36b
00000369 dee5                 MOVIA 0x1a
0000036a fb81                 SUBAR 0x7e, 0x0
0000036b                      main.o:_00377_DS_:
0000036b f3fc                 BTRSC 0x3, 0x0
0000036c c490                 LGOTO 0x36f; main.o:_00205_DS_=0x36f
0000036d e6f9                 BSR 0x6, 0x2
0000036e c435                 LGOTO 0x3ca; main.o:_00254_DS_=0x3ca
0000036f                      main.o:_00205_DS_:
0000036f defe                 MOVIA 0x1
00000370 e0fc                 BCR 0x3, 0x6
00000371 fb80                 SUBAR 0x7f, 0x0
00000372 f6fc                 BTRSS 0x3, 0x2
00000373 c489                 LGOTO 0x376; main.o:_00378_DS_=0x376
00000374 dee2                 MOVIA 0x1d
00000375 fb81                 SUBAR 0x7e, 0x0
00000376                      main.o:_00378_DS_:
00000376 f3fc                 BTRSC 0x3, 0x0
00000377 c485                 LGOTO 0x37a; main.o:_00202_DS_=0x37a
00000378 e2f9                 BCR 0x6, 0x2
00000379 c435                 LGOTO 0x3ca; main.o:_00254_DS_=0x3ca
0000037a                      main.o:_00202_DS_:
0000037a defe                 MOVIA 0x1
0000037b e0fc                 BCR 0x3, 0x6
0000037c fb80                 SUBAR 0x7f, 0x0
0000037d f6fc                 BTRSS 0x3, 0x2
0000037e c47e                 LGOTO 0x381; main.o:_00379_DS_=0x381
0000037f ded3                 MOVIA 0x2c
00000380 fb81                 SUBAR 0x7e, 0x0
00000381                      main.o:_00379_DS_:
00000381 f3fc                 BTRSC 0x3, 0x0
00000382 c47a                 LGOTO 0x385; main.o:_00199_DS_=0x385
00000383 e6f9                 BSR 0x6, 0x2
00000384 c435                 LGOTO 0x3ca; main.o:_00254_DS_=0x3ca
00000385                      main.o:_00199_DS_:
00000385 defe                 MOVIA 0x1
00000386 e0fc                 BCR 0x3, 0x6
00000387 fb80                 SUBAR 0x7f, 0x0
00000388 f6fc                 BTRSS 0x3, 0x2
00000389 c473                 LGOTO 0x38c; main.o:_00380_DS_=0x38c
0000038a deb2                 MOVIA 0x4d
0000038b fb81                 SUBAR 0x7e, 0x0
0000038c                      main.o:_00380_DS_:
0000038c f3fc                 BTRSC 0x3, 0x0
0000038d c46f                 LGOTO 0x390; main.o:_00196_DS_=0x390
0000038e e2f9                 BCR 0x6, 0x2
0000038f c435                 LGOTO 0x3ca; main.o:_00254_DS_=0x3ca
00000390                      main.o:_00196_DS_:
00000390 defe                 MOVIA 0x1
00000391 e0fc                 BCR 0x3, 0x6
00000392 fb80                 SUBAR 0x7f, 0x0
00000393 f6fc                 BTRSS 0x3, 0x2
00000394 c468                 LGOTO 0x397; main.o:_00381_DS_=0x397
00000395 dea7                 MOVIA 0x58
00000396 fb81                 SUBAR 0x7e, 0x0
00000397                      main.o:_00381_DS_:
00000397 f3fc                 BTRSC 0x3, 0x0
00000398 c464                 LGOTO 0x39b; main.o:_00193_DS_=0x39b
00000399 e6f9                 BSR 0x6, 0x2
0000039a c435                 LGOTO 0x3ca; main.o:_00254_DS_=0x3ca
0000039b                      main.o:_00193_DS_:
0000039b defe                 MOVIA 0x1
0000039c e0fc                 BCR 0x3, 0x6
0000039d fb80                 SUBAR 0x7f, 0x0
0000039e f6fc                 BTRSS 0x3, 0x2
0000039f c45d                 LGOTO 0x3a2; main.o:_00382_DS_=0x3a2
000003a0 dea1                 MOVIA 0x5e
000003a1 fb81                 SUBAR 0x7e, 0x0
000003a2                      main.o:_00382_DS_:
000003a2 f3fc                 BTRSC 0x3, 0x0
000003a3 c459                 LGOTO 0x3a6; main.o:_00190_DS_=0x3a6
000003a4 e2f9                 BCR 0x6, 0x2
000003a5 c435                 LGOTO 0x3ca; main.o:_00254_DS_=0x3ca
000003a6                      main.o:_00190_DS_:
000003a6 defe                 MOVIA 0x1
000003a7 e0fc                 BCR 0x3, 0x6
000003a8 fb80                 SUBAR 0x7f, 0x0
000003a9 f6fc                 BTRSS 0x3, 0x2
000003aa c452                 LGOTO 0x3ad; main.o:_00383_DS_=0x3ad
000003ab de91                 MOVIA 0x6e
000003ac fb81                 SUBAR 0x7e, 0x0
000003ad                      main.o:_00383_DS_:
000003ad f3fc                 BTRSC 0x3, 0x0
000003ae c44e                 LGOTO 0x3b1; main.o:_00187_DS_=0x3b1
000003af e6f9                 BSR 0x6, 0x2
000003b0 c435                 LGOTO 0x3ca; main.o:_00254_DS_=0x3ca
000003b1                      main.o:_00187_DS_:
000003b1 defe                 MOVIA 0x1
000003b2 e0fc                 BCR 0x3, 0x6
000003b3 fb80                 SUBAR 0x7f, 0x0
000003b4 f6fc                 BTRSS 0x3, 0x2
000003b5 c447                 LGOTO 0x3b8; main.o:_00384_DS_=0x3b8
000003b6 de8d                 MOVIA 0x72
000003b7 fb81                 SUBAR 0x7e, 0x0
000003b8                      main.o:_00384_DS_:
000003b8 f3fc                 BTRSC 0x3, 0x0
000003b9 c443                 LGOTO 0x3bc; main.o:_00184_DS_=0x3bc
000003ba e2f9                 BCR 0x6, 0x2
000003bb c435                 LGOTO 0x3ca; main.o:_00254_DS_=0x3ca
000003bc                      main.o:_00184_DS_:
000003bc defe                 MOVIA 0x1
000003bd e0fc                 BCR 0x3, 0x6
000003be fb80                 SUBAR 0x7f, 0x0
000003bf f6fc                 BTRSS 0x3, 0x2
000003c0 c43c                 LGOTO 0x3c3; main.o:_00385_DS_=0x3c3
000003c1 de7f                 MOVIA 0x80
000003c2 fb81                 SUBAR 0x7e, 0x0
000003c3                      main.o:_00385_DS_:
000003c3 f3fc                 BTRSC 0x3, 0x0
000003c4 c438                 LGOTO 0x3c7; main.o:_00181_DS_=0x3c7
000003c5 e6f9                 BSR 0x6, 0x2
000003c6 c435                 LGOTO 0x3ca; main.o:_00254_DS_=0x3ca
000003c7                      main.o:_00181_DS_:
000003c7 e2f9                 BCR 0x6, 0x2
000003c8 e0fc                 BCR 0x3, 0x6
000003c9 fd02                 CLRR 0x7d
000003ca                      main.o:_00254_DS_:
000003ca ffef                 RET
000003cb                      _msa_init:
000003cb e0fc                 BCR 0x3, 0x6
000003cc fd0d                 CLRR 0x72
000003cd deff                 MOVIA 0x0
000003ce ff10                 MOVAR 0x6f
000003cf de8d                 MOVIA 0x72
000003d0 ff11                 MOVAR 0x6e
000003d1 fd0f                 CLRR 0x70
000003d2 defe                 MOVIA 0x1
000003d3 ff32                 MOVAR 0x4d
000003d4 fe91                 MOVR 0x6e, 0x0
000003d5 ff31                 MOVAR 0x4e
000003d6 fe90                 MOVR 0x6f, 0x0
000003d7 ff30                 MOVAR 0x4f
000003d8 deff                 MOVIA 0x0
000003d9 d36c                 LCALL 0x493; _msa_ReadBytes=0x493
000003da e0fc                 BCR 0x3, 0x6
000003db fe8d                 MOVR 0x72, 0x0
000003dc dbec                 XORIA 0x13
000003dd f2fc                 BTRSC 0x3, 0x2
000003de c408                 LGOTO 0x3f7; msa301.o:_00248_DS_=0x3f7
000003df ded8                 MOVIA 0x27
000003e0 e4fc                 BSR 0x3, 0x6
000003e1 ff51                 MOVAR 0x2e
000003e2 deff                 MOVIA 0x0
000003e3 e0fc                 BCR 0x3, 0x6
000003e4 ff10                 MOVAR 0x6f
000003e5 de8d                 MOVIA 0x72
000003e6 ff11                 MOVAR 0x6e
000003e7 fd0f                 CLRR 0x70
000003e8 defe                 MOVIA 0x1
000003e9 ff32                 MOVAR 0x4d
000003ea fe91                 MOVR 0x6e, 0x0
000003eb ff31                 MOVAR 0x4e
000003ec fe90                 MOVR 0x6f, 0x0
000003ed ff30                 MOVAR 0x4f
000003ee deff                 MOVIA 0x0
000003ef d36c                 LCALL 0x493; _msa_ReadBytes=0x493
000003f0 e0fc                 BCR 0x3, 0x6
000003f1 fe8d                 MOVR 0x72, 0x0
000003f2 dbec                 XORIA 0x13
000003f3 f2fc                 BTRSC 0x3, 0x2
000003f4 c408                 LGOTO 0x3f7; msa301.o:_00248_DS_=0x3f7
000003f5 defe                 MOVIA 0x1
000003f6 c3b0                 LGOTO 0x44f; msa301.o:_00249_DS_=0x44f
000003f7                      msa301.o:_00248_DS_:
000003f7 dedb                 MOVIA 0x24
000003f8 ff31                 MOVAR 0x4e
000003f9 ff30                 MOVAR 0x4f
000003fa deff                 MOVIA 0x0
000003fb d3af                 LCALL 0x450; _msa_register_mask_write=0x450
000003fc defa                 MOVIA 0x5
000003fd ff30                 MOVAR 0x4f
000003fe deff                 MOVIA 0x0
000003ff d340                 LCALL 0x4bf; _msa_DelayMS=0x4bf
00000400 deff                 MOVIA 0x0
00000401 ff31                 MOVAR 0x4e
00000402 defc                 MOVIA 0x3
00000403 ff30                 MOVAR 0x4f
00000404 def0                 MOVIA 0xf
00000405 d3af                 LCALL 0x450; _msa_register_mask_write=0x450
00000406 dea1                 MOVIA 0x5e
00000407 ff31                 MOVAR 0x4e
00000408 de00                 MOVIA 0xff
00000409 ff30                 MOVAR 0x4f
0000040a deee                 MOVIA 0x11
0000040b d3af                 LCALL 0x450; _msa_register_mask_write=0x450
0000040c def9                 MOVIA 0x6
0000040d ff31                 MOVAR 0x4e
0000040e de00                 MOVIA 0xff
0000040f ff30                 MOVAR 0x4f
00000410 deef                 MOVIA 0x10
00000411 d3af                 LCALL 0x450; _msa_register_mask_write=0x450
00000412 de7c                 MOVIA 0x83
00000413 ff31                 MOVAR 0x4e
00000414 de00                 MOVIA 0xff
00000415 ff30                 MOVAR 0x4f
00000416 de80                 MOVIA 0x7f
00000417 d3af                 LCALL 0x450; _msa_register_mask_write=0x450
00000418 de96                 MOVIA 0x69
00000419 ff31                 MOVAR 0x4e
0000041a de00                 MOVIA 0xff
0000041b ff30                 MOVAR 0x4f
0000041c de80                 MOVIA 0x7f
0000041d d3af                 LCALL 0x450; _msa_register_mask_write=0x450
0000041e de42                 MOVIA 0xbd
0000041f ff31                 MOVAR 0x4e
00000420 de00                 MOVIA 0xff
00000421 ff30                 MOVAR 0x4f
00000422 de80                 MOVIA 0x7f
00000423 d3af                 LCALL 0x450; _msa_register_mask_write=0x450
00000424 dedf                 MOVIA 0x20
00000425 ff31                 MOVAR 0x4e
00000426 de00                 MOVIA 0xff
00000427 ff30                 MOVAR 0x4f
00000428 de72                 MOVIA 0x8d
00000429 d3af                 LCALL 0x450; _msa_register_mask_write=0x450
0000042a defa                 MOVIA 0x5
0000042b ff31                 MOVAR 0x4e
0000042c de00                 MOVIA 0xff
0000042d ff30                 MOVAR 0x4f
0000042e dedf                 MOVIA 0x20
0000042f d3af                 LCALL 0x450; _msa_register_mask_write=0x450
00000430 def9                 MOVIA 0x6
00000431 ff31                 MOVAR 0x4e
00000432 de00                 MOVIA 0xff
00000433 ff30                 MOVAR 0x4f
00000434 dede                 MOVIA 0x21
00000435 d3af                 LCALL 0x450; _msa_register_mask_write=0x450
00000436 dedf                 MOVIA 0x20
00000437 ff31                 MOVAR 0x4e
00000438 de00                 MOVIA 0xff
00000439 ff30                 MOVAR 0x4f
0000043a dee9                 MOVIA 0x16
0000043b d3af                 LCALL 0x450; _msa_register_mask_write=0x450
0000043c dedf                 MOVIA 0x20
0000043d ff31                 MOVAR 0x4e
0000043e de00                 MOVIA 0xff
0000043f ff30                 MOVAR 0x4f
00000440 dee6                 MOVIA 0x19
00000441 d3af                 LCALL 0x450; _msa_register_mask_write=0x450
00000442 deff                 MOVIA 0x0
00000443 ff31                 MOVAR 0x4e
00000444 de00                 MOVIA 0xff
00000445 ff30                 MOVAR 0x4f
00000446 ded5                 MOVIA 0x2a
00000447 d3af                 LCALL 0x450; _msa_register_mask_write=0x450
00000448 deeb                 MOVIA 0x14
00000449 ff31                 MOVAR 0x4e
0000044a de00                 MOVIA 0xff
0000044b ff30                 MOVAR 0x4f
0000044c ded4                 MOVIA 0x2b
0000044d d3af                 LCALL 0x450; _msa_register_mask_write=0x450
0000044e deff                 MOVIA 0x0
0000044f                      msa301.o:_00249_DS_:
0000044f ffef                 RET
00000450                      _msa_register_mask_write:
00000450 e0fc                 BCR 0x3, 0x6
00000451 ff16                 MOVAR 0x69
00000452 feb0                 MOVR 0x4f, 0x0
00000453 ff15                 MOVAR 0x6a
00000454 feb1                 MOVR 0x4e, 0x0
00000455 ff14                 MOVAR 0x6b
00000456 deff                 MOVIA 0x0
00000457 ff12                 MOVAR 0x6d
00000458 de8e                 MOVIA 0x71
00000459 ff13                 MOVAR 0x6c
0000045a fe96                 MOVR 0x69, 0x0
0000045b ff32                 MOVAR 0x4d
0000045c fe93                 MOVR 0x6c, 0x0
0000045d ff31                 MOVAR 0x4e
0000045e fe92                 MOVR 0x6d, 0x0
0000045f ff30                 MOVAR 0x4f
00000460 deff                 MOVIA 0x0
00000461 d36c                 LCALL 0x493; _msa_ReadBytes=0x493
00000462 e0fc                 BCR 0x3, 0x6
00000463 ff13                 MOVAR 0x6c
00000464 fe93                 MOVR 0x6c, 0x0
00000465 f2fc                 BTRSC 0x3, 0x2
00000466 c396                 LGOTO 0x469; msa301.o:_00239_DS_=0x469
00000467 fe93                 MOVR 0x6c, 0x0
00000468 c388                 LGOTO 0x477; msa301.o:_00240_DS_=0x477
00000469                      msa301.o:_00239_DS_:
00000469 e0fc                 BCR 0x3, 0x6
0000046a f895                 COMR 0x6a, 0x0
0000046b ff12                 MOVAR 0x6d
0000046c ef0e                 ANDAR 0x71, 0x1
0000046d fe94                 MOVR 0x6b, 0x0
0000046e ef15                 ANDAR 0x6a, 0x1
0000046f fe95                 MOVR 0x6a, 0x0
00000470 ee0e                 IORAR 0x71, 0x1
00000471 fe8e                 MOVR 0x71, 0x0
00000472 ff30                 MOVAR 0x4f
00000473 fe96                 MOVR 0x69, 0x0
00000474 d387                 LCALL 0x478; _msa_WriteBytes=0x478
00000475 e0fc                 BCR 0x3, 0x6
00000476 ff13                 MOVAR 0x6c
00000477                      msa301.o:_00240_DS_:
00000477 ffef                 RET
00000478                      _msa_WriteBytes:
00000478 e0fc                 BCR 0x3, 0x6
00000479 ff18                 MOVAR 0x67
0000047a feb0                 MOVR 0x4f, 0x0
0000047b ff17                 MOVAR 0x68
0000047c ffec                 DISI
0000047d d75d                 LCALL 0xa2; _IIC_Start=0xa2
0000047e e3fc                 BCR 0x3, 0x0
0000047f e4fc                 BSR 0x3, 0x6
00000480 ebd1                 RLR 0x2e, 0x0
00000481 d7c0                 LCALL 0x3f; _IIC_Send_Byte=0x3f
00000482 d783                 LCALL 0x7c; _IIC_Wait_Ack=0x7c
00000483 e0fc                 BCR 0x3, 0x6
00000484 fe98                 MOVR 0x67, 0x0
00000485 d7c0                 LCALL 0x3f; _IIC_Send_Byte=0x3f
00000486 d783                 LCALL 0x7c; _IIC_Wait_Ack=0x7c
00000487 e0fc                 BCR 0x3, 0x6
00000488 fe97                 MOVR 0x68, 0x0
00000489 d7c0                 LCALL 0x3f; _IIC_Send_Byte=0x3f
0000048a d783                 LCALL 0x7c; _IIC_Wait_Ack=0x7c
0000048b d769                 LCALL 0x96; _IIC_Stop=0x96
0000048c defe                 MOVIA 0x1
0000048d ff30                 MOVAR 0x4f
0000048e deff                 MOVIA 0x0
0000048f d750                 LCALL 0xaf; _delay_ms=0xaf
00000490 fffb                 ENI
00000491 defe                 MOVIA 0x1
00000492 ffef                 RET
00000493                      _msa_ReadBytes:
00000493 e0fc                 BCR 0x3, 0x6
00000494 ff1a                 MOVAR 0x65
00000495 feb0                 MOVR 0x4f, 0x0
00000496 ff1b                 MOVAR 0x64
00000497 feb1                 MOVR 0x4e, 0x0
00000498 ff1c                 MOVAR 0x63
00000499 feb2                 MOVR 0x4d, 0x0
0000049a ff19                 MOVAR 0x66
0000049b ffec                 DISI
0000049c d75d                 LCALL 0xa2; _IIC_Start=0xa2
0000049d e3fc                 BCR 0x3, 0x0
0000049e e4fc                 BSR 0x3, 0x6
0000049f ebd1                 RLR 0x2e, 0x0
000004a0 d7c0                 LCALL 0x3f; _IIC_Send_Byte=0x3f
000004a1 d783                 LCALL 0x7c; _IIC_Wait_Ack=0x7c
000004a2 e0fc                 BCR 0x3, 0x6
000004a3 fe99                 MOVR 0x66, 0x0
000004a4 d7c0                 LCALL 0x3f; _IIC_Send_Byte=0x3f
000004a5 d783                 LCALL 0x7c; _IIC_Wait_Ack=0x7c
000004a6 d75d                 LCALL 0xa2; _IIC_Start=0xa2
000004a7 e3fc                 BCR 0x3, 0x0
000004a8 e4fc                 BSR 0x3, 0x6
000004a9 ebd1                 RLR 0x2e, 0x0
000004aa e0fc                 BCR 0x3, 0x6
000004ab ff19                 MOVAR 0x66
000004ac e799                 BSR 0x66, 0x0
000004ad fe99                 MOVR 0x66, 0x0
000004ae d7fe                 LCALL 0x1; _ms_SendByte=0x1
000004af d783                 LCALL 0x7c; _IIC_Wait_Ack=0x7c
000004b0 deff                 MOVIA 0x0
000004b1 d7e2                 LCALL 0x1d; crt0.o:crt0_end=0x1d
000004b2 e0fc                 BCR 0x3, 0x6
000004b3 ff19                 MOVAR 0x66
000004b4 ff32                 MOVAR 0x4d
000004b5 fe9c                 MOVR 0x63, 0x0
000004b6 ff31                 MOVAR 0x4e
000004b7 fe9b                 MOVR 0x64, 0x0
000004b8 ff30                 MOVAR 0x4f
000004b9 fe9a                 MOVR 0x65, 0x0
000004ba d2a2                 LCALL 0x55d; __gptrput=0x55d
000004bb d769                 LCALL 0x96; _IIC_Stop=0x96
000004bc fffb                 ENI
000004bd defe                 MOVIA 0x1
000004be ffef                 RET
000004bf                      _msa_DelayMS:
000004bf e0fc                 BCR 0x3, 0x6
000004c0 ff1f                 MOVAR 0x60
000004c1 feb0                 MOVR 0x4f, 0x0
000004c2 ff20                 MOVAR 0x5f
000004c3 fd1e                 CLRR 0x61
000004c4 fd1d                 CLRR 0x62
000004c5                      msa301.o:_00160_DS_:
000004c5 e0fc                 BCR 0x3, 0x6
000004c6 fe9f                 MOVR 0x60, 0x0
000004c7 fb9d                 SUBAR 0x62, 0x0
000004c8 f6fc                 BTRSS 0x3, 0x2
000004c9 c333                 LGOTO 0x4cc; msa301.o:_00171_DS_=0x4cc
000004ca fea0                 MOVR 0x5f, 0x0
000004cb fb9e                 SUBAR 0x61, 0x0
000004cc                      msa301.o:_00171_DS_:
000004cc f3fc                 BTRSC 0x3, 0x0
000004cd c324                 LGOTO 0x4db; msa301.o:_00162_DS_=0x4db
000004ce de17                 MOVIA 0xe8
000004cf ff32                 MOVAR 0x4d
000004d0 defc                 MOVIA 0x3
000004d1 ff31                 MOVAR 0x4e
000004d2 deff                 MOVIA 0x0
000004d3 ff30                 MOVAR 0x4f
000004d4 d323                 LCALL 0x4dc; _SW_i2c_udelay=0x4dc
000004d5 e0fc                 BCR 0x3, 0x6
000004d6 fa1e                 INCR 0x61, 0x1
000004d7 f6fc                 BTRSS 0x3, 0x2
000004d8 c325                 LGOTO 0x4da; msa301.o:_00038_DS_=0x4da
000004d9 fa1d                 INCR 0x62, 0x1
000004da                      msa301.o:_00038_DS_:
000004da c33a                 LGOTO 0x4c5; msa301.o:_00160_DS_=0x4c5
000004db                      msa301.o:_00162_DS_:
000004db ffef                 RET
000004dc                      _SW_i2c_udelay:
000004dc e0fc                 BCR 0x3, 0x6
000004dd ff25                 MOVAR 0x5a
000004de feb0                 MOVR 0x4f, 0x0
000004df ff26                 MOVAR 0x59
000004e0 feb1                 MOVR 0x4e, 0x0
000004e1 ff27                 MOVAR 0x58
000004e2 feb2                 MOVR 0x4d, 0x0
000004e3 ff28                 MOVAR 0x57
000004e4 fd24                 CLRR 0x5b
000004e5 fd23                 CLRR 0x5c
000004e6 fd22                 CLRR 0x5d
000004e7 fd21                 CLRR 0x5e
000004e8                      msa301.o:_00118_DS_:
000004e8 e0fc                 BCR 0x3, 0x6
000004e9 fea5                 MOVR 0x5a, 0x0
000004ea fba1                 SUBAR 0x5e, 0x0
000004eb f6fc                 BTRSS 0x3, 0x2
000004ec c308                 LGOTO 0x4f7; msa301.o:_00129_DS_=0x4f7
000004ed fea6                 MOVR 0x59, 0x0
000004ee fba2                 SUBAR 0x5d, 0x0
000004ef f6fc                 BTRSS 0x3, 0x2
000004f0 c308                 LGOTO 0x4f7; msa301.o:_00129_DS_=0x4f7
000004f1 fea7                 MOVR 0x58, 0x0
000004f2 fba3                 SUBAR 0x5c, 0x0
000004f3 f6fc                 BTRSS 0x3, 0x2
000004f4 c308                 LGOTO 0x4f7; msa301.o:_00129_DS_=0x4f7
000004f5 fea8                 MOVR 0x57, 0x0
000004f6 fba4                 SUBAR 0x5b, 0x0
000004f7                      msa301.o:_00129_DS_:
000004f7 f3fc                 BTRSC 0x3, 0x0
000004f8 c2f2                 LGOTO 0x50d; msa301.o:_00120_DS_=0x50d
000004f9 defe                 MOVIA 0x1
000004fa ff32                 MOVAR 0x4d
000004fb deff                 MOVIA 0x0
000004fc ff31                 MOVAR 0x4e
000004fd ff30                 MOVAR 0x4f
000004fe d2f1                 LCALL 0x50e; _st_delay_us=0x50e
000004ff e0fc                 BCR 0x3, 0x6
00000500 fa24                 INCR 0x5b, 0x1
00000501 f6fc                 BTRSS 0x3, 0x2
00000502 c2fb                 LGOTO 0x504; msa301.o:_00039_DS_=0x504
00000503 fa23                 INCR 0x5c, 0x1
00000504                      msa301.o:_00039_DS_:
00000504 f6fc                 BTRSS 0x3, 0x2
00000505 c2f7                 LGOTO 0x508; msa301.o:_00040_DS_=0x508
00000506 e0fc                 BCR 0x3, 0x6
00000507 fa22                 INCR 0x5d, 0x1
00000508                      msa301.o:_00040_DS_:
00000508 f6fc                 BTRSS 0x3, 0x2
00000509 c2f3                 LGOTO 0x50c; msa301.o:_00041_DS_=0x50c
0000050a e0fc                 BCR 0x3, 0x6
0000050b fa21                 INCR 0x5e, 0x1
0000050c                      msa301.o:_00041_DS_:
0000050c c317                 LGOTO 0x4e8; msa301.o:_00118_DS_=0x4e8
0000050d                      msa301.o:_00120_DS_:
0000050d ffef                 RET
0000050e                      _st_delay_us:
0000050e e0fc                 BCR 0x3, 0x6
0000050f ff41                 MOVAR 0x3e
00000510 feb0                 MOVR 0x4f, 0x0
00000511 ff42                 MOVAR 0x3d
00000512 feb1                 MOVR 0x4e, 0x0
00000513 ff43                 MOVAR 0x3c
00000514 feb2                 MOVR 0x4d, 0x0
00000515 ff44                 MOVAR 0x3b
00000516                      msa301.o:_00108_DS_:
00000516 e0fc                 BCR 0x3, 0x6
00000517 fec4                 MOVR 0x3b, 0x0
00000518 ff40                 MOVAR 0x3f
00000519 fec3                 MOVR 0x3c, 0x0
0000051a ff2f                 MOVAR 0x50
0000051b fec2                 MOVR 0x3d, 0x0
0000051c ff2e                 MOVAR 0x51
0000051d fec1                 MOVR 0x3e, 0x0
0000051e ff2d                 MOVAR 0x52
0000051f de00                 MOVIA 0xff
00000520 fc44                 ADDAR 0x3b, 0x1
00000521 de00                 MOVIA 0xff
00000522 f3fc                 BTRSC 0x3, 0x0
00000523 c2da                 LGOTO 0x525; msa301.o:_00042_DS_=0x525
00000524 fc43                 ADDAR 0x3c, 0x1
00000525                      msa301.o:_00042_DS_:
00000525 de00                 MOVIA 0xff
00000526 f3fc                 BTRSC 0x3, 0x0
00000527 c2d5                 LGOTO 0x52a; msa301.o:_00043_DS_=0x52a
00000528 e0fc                 BCR 0x3, 0x6
00000529 fc42                 ADDAR 0x3d, 0x1
0000052a                      msa301.o:_00043_DS_:
0000052a de00                 MOVIA 0xff
0000052b f3fc                 BTRSC 0x3, 0x0
0000052c c2d0                 LGOTO 0x52f; msa301.o:_00044_DS_=0x52f
0000052d e0fc                 BCR 0x3, 0x6
0000052e fc41                 ADDAR 0x3e, 0x1
0000052f                      msa301.o:_00044_DS_:
0000052f e0fc                 BCR 0x3, 0x6
00000530 fec0                 MOVR 0x3f, 0x0
00000531 eeaf                 IORAR 0x50, 0x0
00000532 eeae                 IORAR 0x51, 0x0
00000533 eead                 IORAR 0x52, 0x0
00000534 f2fc                 BTRSC 0x3, 0x2
00000535 c2a3                 LGOTO 0x55c; msa301.o:_00111_DS_=0x55c
00000536 ded5                 MOVIA 0x2a
00000537 ff40                 MOVAR 0x3f
00000538 fd2f                 CLRR 0x50
00000539 fd2e                 CLRR 0x51
0000053a fd2d                 CLRR 0x52
0000053b                      msa301.o:_00105_DS_:
0000053b e0fc                 BCR 0x3, 0x6
0000053c fec0                 MOVR 0x3f, 0x0
0000053d ff2c                 MOVAR 0x53
0000053e feaf                 MOVR 0x50, 0x0
0000053f ff2b                 MOVAR 0x54
00000540 feae                 MOVR 0x51, 0x0
00000541 ff2a                 MOVAR 0x55
00000542 fead                 MOVR 0x52, 0x0
00000543 ff29                 MOVAR 0x56
00000544 de00                 MOVIA 0xff
00000545 fc40                 ADDAR 0x3f, 0x1
00000546 de00                 MOVIA 0xff
00000547 f3fc                 BTRSC 0x3, 0x0
00000548 c2b5                 LGOTO 0x54a; msa301.o:_00045_DS_=0x54a
00000549 fc2f                 ADDAR 0x50, 0x1
0000054a                      msa301.o:_00045_DS_:
0000054a de00                 MOVIA 0xff
0000054b f3fc                 BTRSC 0x3, 0x0
0000054c c2b0                 LGOTO 0x54f; msa301.o:_00046_DS_=0x54f
0000054d e0fc                 BCR 0x3, 0x6
0000054e fc2e                 ADDAR 0x51, 0x1
0000054f                      msa301.o:_00046_DS_:
0000054f de00                 MOVIA 0xff
00000550 f3fc                 BTRSC 0x3, 0x0
00000551 c2ab                 LGOTO 0x554; msa301.o:_00047_DS_=0x554
00000552 e0fc                 BCR 0x3, 0x6
00000553 fc2d                 ADDAR 0x52, 0x1
00000554                      msa301.o:_00047_DS_:
00000554 e0fc                 BCR 0x3, 0x6
00000555 feac                 MOVR 0x53, 0x0
00000556 eeab                 IORAR 0x54, 0x0
00000557 eeaa                 IORAR 0x55, 0x0
00000558 eea9                 IORAR 0x56, 0x0
00000559 f2fc                 BTRSC 0x3, 0x2
0000055a c2e9                 LGOTO 0x516; msa301.o:_00108_DS_=0x516
0000055b c2c4                 LGOTO 0x53b; msa301.o:_00105_DS_=0x53b
0000055c                      msa301.o:_00111_DS_:
0000055c ffef                 RET
0000055d                      __gptrput:
0000055d dbff                 XORIA 0x0
0000055e f2fc                 BTRSC 0x3, 0x2
0000055f c29e                 LGOTO 0x561; _gptrput1.o:__dataptrput1=0x561
00000560 ffef                 RET
00000561                      _gptrput1.o:__dataptrput1:
00000561 feb1                 MOVR 0x4e, 0x0
00000562 ff7b                 MOVAR 0x4
00000563 e0fc                 BCR 0x3, 0x6
00000564 f031                 BTRSC 0x4e, 0x7
00000565 e4fc                 BSR 0x3, 0x6
00000566 feb2                 MOVR 0x4d, 0x0
00000567 ff7f                 MOVAR 0x0
00000568 ffef                 RET
00000569                      ___cinit_load__:
