
                    Nyquest Technology Co., Ltd.

NYASM 2.30

    ADDR  OPCODE/VALUE              LINE   TAG  SOURCE                   STATEMENT    

                                    1-    1     ;--------------------------------------------------------
                                    1-    2     ; File Created by SDCC : free open source ANSI-C Compiler
                                    1-    3     ; Version 3.7.1 #0 (MSVC)
                                    1-    4     ;--------------------------------------------------------
                                    1-    5     ; NY8A port
                                    1-    6     ;--------------------------------------------------------
                                    1-    7     	.file	"main.c"
                                    1-    8     	list	p=NY8B062D,c=on
                                    1-    9     	#include "ny8b062d.inc"
                                    1-   11     ;--------------------------------------------------------
                                    1-   12     ; external declarations
                                    1-   13     ;--------------------------------------------------------
                                    1-   14     	extern	_PORTAbits
                                    1-   15     	extern	_PORTBbits
                                    1-   16     	extern	_PCONbits
                                    1-   17     	extern	_BWUCONbits
                                    1-   18     	extern	_ABPLCONbits
                                    1-   19     	extern	_BPHCONbits
                                    1-   20     	extern	_INTEbits
                                    1-   21     	extern	_INTFbits
                                    1-   22     	extern	_ADMDbits
                                    1-   23     	extern	_ADRbits
                                    1-   24     	extern	_ADVREFHbits
                                    1-   25     	extern	_ADCRbits
                                    1-   26     	extern	_AWUCONbits
                                    1-   27     	extern	_PACONbits
                                    1-   28     	extern	_INTEDGbits
                                    1-   29     	extern	_ANAENbits
                                    1-   30     	extern	_RFCbits
                                    1-   31     	extern	_INTE2bits
                                    1-   32     	extern	_INDF
                                    1-   33     	extern	_TMR0
                                    1-   34     	extern	_PCL
                                    1-   35     	extern	_STATUS
                                    1-   36     	extern	_FSR
                                    1-   37     	extern	_PORTA
                                    1-   38     	extern	_PORTB
                                    1-   39     	extern	_PCON
                                    1-   40     	extern	_BWUCON
                                    1-   41     	extern	_PCHBUF
                                    1-   42     	extern	_ABPLCON
                                    1-   43     	extern	_BPHCON
                                    1-   44     	extern	_INTE
                                    1-   45     	extern	_INTF
                                    1-   46     	extern	_ADMD
                                    1-   47     	extern	_ADR
                                    1-   48     	extern	_ADD
                                    1-   49     	extern	_ADVREFH
                                    1-   50     	extern	_ADCR
                                    1-   51     	extern	_AWUCON
                                    1-   52     	extern	_PACON
                                    1-   53     	extern	_INTEDG
                                    1-   54     	extern	_TMRH
                                    1-   55     	extern	_ANAEN
                                    1-   56     	extern	_RFC
                                    1-   57     	extern	_TM3RH
                                    1-   58     	extern	_INTE2
                                    1-   59     	extern	_TMR1
                                    1-   60     	extern	_T1CR1
                                    1-   61     	extern	_T1CR2
                                    1-   62     	extern	_PWM1DUTY
                                    1-   63     	extern	_PS1CV
                                    1-   64     	extern	_BZ1CR
                                    1-   65     	extern	_IRCR
                                    1-   66     	extern	_TBHP
                                    1-   67     	extern	_TBHD
                                    1-   68     	extern	_TMR2
                                    1-   69     	extern	_T2CR1
                                    1-   70     	extern	_T2CR2
                                    1-   71     	extern	_PWM2DUTY
                                    1-   72     	extern	_PS2CV
                                    1-   73     	extern	_BZ2CR
                                    1-   74     	extern	_OSCCR
                                    1-   75     	extern	_TMR3
                                    1-   76     	extern	_T3CR1
                                    1-   77     	extern	_T3CR2
                                    1-   78     	extern	_PWM3DUTY
                                    1-   79     	extern	_PS3CV
                                    1-   80     	extern	_BZ3CR
                                    1-   81     	extern	_IOSTA
                                    1-   82     	extern	_IOSTB
                                    1-   83     	extern	_APHCON
                                    1-   84     	extern	_PS0CV
                                    1-   85     	extern	_BODCON
                                    1-   86     	extern	_CMPCR
                                    1-   87     	extern	_PCON1
                                    1-   88     	extern	_T0MD
                                    1-   89     	extern	__nyc_ny8_startup
                                    1-   90     ;--------------------------------------------------------
                                    1-   91     ; global declarations
                                    1-   92     ;--------------------------------------------------------
                                    1-   93     	extern	_delay
                                    1-   94     	extern	_F_wait_eoc
                                    1-   95     	extern	_F_Quarter_VDD_Convert
                                    1-   96     	extern	_F_AIN0_Convert
                                    1-   97     	extern	_main
                                    1-   98     	extern	_R_AIN0_DATA
                                    1-   99     	extern	_R_AIN0_DATA_LB
                                    1-  100     	extern	_R_Quarter_VDD_DATA
                                    1-  101     	extern	_R_Quarter_VDD_DATA_LB
                                    1-  103     	extern PSAVE
                                    1-  104     	extern SSAVE
                                    1-  105     	extern WSAVE
                                    1-  106     	extern STK04
                                    1-  107     	extern STK03
                                    1-  108     	extern STK02
                                    1-  109     	extern STK01
                                    1-  110     	extern STK00
                                    1-  112     .segment "uninit", 0x20000040
 20000040                           1-  113     PSAVE:
                                    1-  114     	.res 1
 20000041                           1-  115     SSAVE:
                                    1-  116     	.res 1
 20000042                           1-  117     WSAVE:
                                    1-  118     	.res 1
 20000043                           1-  119     STK04:
                                    1-  120     	.res 1
 20000044                           1-  121     STK03:
                                    1-  122     	.res 1
 20000045                           1-  123     STK02:
                                    1-  124     	.res 1
 20000046                           1-  125     STK01:
                                    1-  126     	.res 1
 20000047                           1-  127     STK00:
                                    1-  128     	.res 1
                                    1-  130     ;--------------------------------------------------------
                                    1-  131     ; global definitions
                                    1-  132     ;--------------------------------------------------------
                                    1-  133     .segment "uninit"
     0000                           1-  134     _R_AIN0_DATA:
                                    1-  135     	.res	2
                                    1-  138     .segment "uninit"
     0000                           1-  139     _R_AIN0_DATA_LB:
                                    1-  140     	.res	1
                                    1-  143     .segment "uninit"
     0000                           1-  144     _R_Quarter_VDD_DATA:
                                    1-  145     	.res	2
                                    1-  148     .segment "uninit"
     0000                           1-  149     _R_Quarter_VDD_DATA_LB:
                                    1-  150     	.res	1
                                    1-  153     ;--------------------------------------------------------
                                    1-  154     ; absolute symbol definitions
                                    1-  155     ;--------------------------------------------------------
                                    1-  156     ;--------------------------------------------------------
                                    1-  157     ; compiler-defined variables
                                    1-  158     ;--------------------------------------------------------
                                    1-  159     .segment "uninit"
     0000                           1-  160     r0x1017:
                                    1-  161     	.res	1
                                    1-  162     .segment "uninit"
     0000                           1-  163     r0x1019:
                                    1-  164     	.res	1
                                    1-  165     .segment "uninit"
     0000                           1-  166     r0x101A:
                                    1-  167     	.res	1
                                    1-  168     .segment "uninit"
     0000                           1-  169     r0x1011:
                                    1-  170     	.res	1
                                    1-  171     .segment "uninit"
     0000                           1-  172     r0x1012:
                                    1-  173     	.res	1
                                    1-  174     .segment "uninit"
     0000                           1-  175     r0x1013:
                                    1-  176     	.res	1
                                    1-  177     .segment "uninit"
     0000                           1-  178     r0x1016:
                                    1-  179     	.res	1
                                    1-  180     .segment "uninit"
     0000                           1-  181     r0x100B:
                                    1-  182     	.res	1
                                    1-  183     .segment "uninit"
     0000                           1-  184     r0x100C:
                                    1-  185     	.res	1
                                    1-  186     .segment "uninit"
     0000                           1-  187     r0x100D:
                                    1-  188     	.res	1
                                    1-  189     .segment "uninit"
     0000                           1-  190     r0x1010:
                                    1-  191     	.res	1
                                    1-  192     .segment "uninit"
     0000                           1-  193     r0x1007:
                                    1-  194     	.res	1
                                    1-  195     .segment "uninit"
     0000                           1-  196     r0x1006:
                                    1-  197     	.res	1
                                    1-  198     .segment "uninit"
     0000                           1-  199     r0x1008:
                                    1-  200     	.res	1
                                    1-  201     .segment "uninit"
     0000                           1-  202     r0x1009:
                                    1-  203     	.res	1
                                    1-  204     .segment "uninit"
     0000                           1-  205     r0x100A:
                                    1-  206     	.res	1
                                    1-  207     ;--------------------------------------------------------
                                    1-  208     ; initialized data
                                    1-  209     ;--------------------------------------------------------
                                    1-  210     ;--------------------------------------------------------
                                    1-  211     ; overlayable items in internal ram 
                                    1-  212     ;--------------------------------------------------------
                                    1-  213     ;	udata_ovr
                                    1-  214     ;--------------------------------------------------------
                                    1-  215     ; reset vector 
                                    1-  216     ;--------------------------------------------------------
                                    1-  217     ORG	0x0000
     0000 3rrr                      1-  218     	LGOTO	__nyc_ny8_startup
                                    1-  219     ;--------------------------------------------------------
                                    1-  220     ; code
                                    1-  221     ;--------------------------------------------------------
                                    1-  222     ;***
                                    1-  223     ;  pBlock Stats: dbName = M
                                    1-  224     ;***
                                    1-  225     ;has an exit
                                    1-  226     ;functions called:
                                    1-  227     ;   _delay
                                    1-  228     ;   _F_AIN0_Convert
                                    1-  229     ;   _F_Quarter_VDD_Convert
                                    1-  230     ;   _delay
                                    1-  231     ;   _F_AIN0_Convert
                                    1-  232     ;   _F_Quarter_VDD_Convert
                                    1-  233     ;5 compiler assigned registers:
                                    1-  234     ;   STK00
                                    1-  235     ;   r0x1017
                                    1-  236     ;   r0x1018
                                    1-  237     ;   r0x1019
                                    1-  238     ;   r0x101A
                                    1-  239     ;; Starting pCode block
                                    1-  240     .segment "code"; module=main, function=_main
     0000                           1-  242     _main:
                                    1-  243     ; 2 exit points
                                    1-  244     	.line	33, "main.c"; 	IOSTA = C_PA_Input;						// Set PortA as input port
     0000 21FF                      1-  245     	MOVIA	0xff
     0001 000r                      1-  246     	IOST	_IOSTA
                                    1-  247     	.line	34, "main.c"; 	PORTA = 0xFF;							// PortA Data Register = 0xFF
     0002 00rr                      1-  248     	MOVAR	_PORTA
                                    1-  249     	.line	35, "main.c"; 	INTE  = 0x00;							// INTE = 0x00
     0003 02rr                      1-  250     	CLRR	_INTE
                                    1-  251     	.line	38, "main.c"; 	ADMD  = C_ADC_En | C_ADC_CH_Dis | C_ADC_PA0 ;	// Enable ADC power, Disable global ADC input channel, Select PA0 pad as ADC input (SFR "ADMD")
     0004 2180                      1-  252     	MOVIA	0x80
     0005 00rr                      1-  253     	MOVAR	_ADMD
                                    1-  254     	.line	41, "main.c"; 	ADVREFH = C_Vrefh_4V;					// ADC reference high voltage is supplied by internal 4V  (Note: ADC clock freq. must be equal or less than 1MHz)
     0006 2102                      1-  255     	MOVIA	0x02
     0007 00rr                      1-  256     	MOVAR	_ADVREFH
                                    1-  257     	.line	48, "main.c"; 	ADR	  = C_Ckl_Div8;						// ADC clock=Fcpu/8, Clear ADIF, disable ADC interrupt	
     0008 2110                      1-  258     	MOVIA	0x10
     0009 00rr                      1-  259     	MOVAR	_ADR
                                    1-  260     	.line	52, "main.c"; 	ADCR  = C_Sample_1clk | C_12BIT;		// Sample pulse width=1 adc clock, ADC select 12-bit conversion ( Note: ADC clock freq. must be equal or less than 500KHz)
     000A 2103                      1-  261     	MOVIA	0x03
     000B 00rr                      1-  262     	MOVAR	_ADCR
                                    1-  263     	.line	58, "main.c"; 	PACON = C_PA0_AIN0;						// Set AIN0(PA0) as pure ADC input for reduce power consumption (SFR "PACON")
     000C 2101                      1-  264     	MOVIA	0x01
     000D 00rr                      1-  265     	MOVAR	_PACON
                                    1-  266     	.line	59, "main.c"; 	ADMDbits.GCHS = 1;						// Enable global ADC channel	(SFR "ADMD")
     000E 1Arr                      1-  267     	BSR	_ADMDbits,4
                                    1-  268     	.line	60, "main.c"; 	delay(50);								// Delay 0.56ms(Instruction clock=4MHz/2T) for waiting ADC stable 
     000F 2132                      1-  269     	MOVIA	0x32
     0010 00rr                      1-  270     	MOVAR	STK00
     0011 2100                      1-  271     	MOVIA	0x00
                                    1-  272     	MCALL	_delay
     0012 2rrr                      3-   66 m1      LCALL rom_address
     0013                           1-  273     _00106_DS_:
                                    1-  274     	.line	63, "main.c"; 	CLRWDT();							// Clear WatchDog
     0013 0002                      1-  275     	clrwdt
                                    1-  276     	.line	64, "main.c"; 	R_AIN0_DATA=R_AIN0_DATA_LB=R_Quarter_VDD_DATA=R_Quarter_VDD_DATA_LB=0x00;            
                                    1-  277     	BANKSEL	_R_Quarter_VDD_DATA_LB
     0014 rrrr                      3-  110 m1      .banksel ram_address
     0015 02rr                      1-  278     	CLRR	_R_Quarter_VDD_DATA_LB
                                    1-  279     	BANKSEL	_R_Quarter_VDD_DATA
     0016 rrrr                      3-  110 m1      .banksel ram_address
     0017 02rr                      1-  280     	CLRR	_R_Quarter_VDD_DATA
     0018 02rr                      1-  281     	CLRR	(_R_Quarter_VDD_DATA + 1)
                                    1-  282     	BANKSEL	_R_AIN0_DATA_LB
     0019 rrrr                      3-  110 m1      .banksel ram_address
     001A 02rr                      1-  283     	CLRR	_R_AIN0_DATA_LB
                                    1-  284     	BANKSEL	_R_AIN0_DATA
     001B rrrr                      3-  110 m1      .banksel ram_address
     001C 02rr                      1-  285     	CLRR	_R_AIN0_DATA
     001D 02rr                      1-  286     	CLRR	(_R_AIN0_DATA + 1)
                                    1-  287     	.line	65, "main.c"; 	F_AIN0_Convert(8);					// execute AIN0 ADC converting 8 times
     001E 2108                      1-  288     	MOVIA	0x08
                                    1-  289     	MCALL	_F_AIN0_Convert
     001F 2rrr                      3-   66 m1      LCALL rom_address
                                    1-  290     	.line	66, "main.c"; 	R_AIN0_DATA <<= 4;					// R_AIN0_DATA shift left 4 bit
                                    1-  291     	BANKSEL	_R_AIN0_DATA
     0020 rrrr                      3-  110 m1      .banksel ram_address
     0021 15rr                      1-  292     	SWAPR	(_R_AIN0_DATA + 1),W
     0022 22F0                      1-  293     	ANDIA	0xf0
     0023 00rr                      1-  294     	MOVAR	(_R_AIN0_DATA + 1)
     0024 15rr                      1-  295     	SWAPR	_R_AIN0_DATA,W
     0025 00rr                      1-  296     	MOVAR	_R_AIN0_DATA
     0026 220F                      1-  297     	ANDIA	0x0f
     0027 11rr                      1-  298     	IORAR	(_R_AIN0_DATA + 1),F
     0028 12rr                      1-  299     	XORAR	_R_AIN0_DATA,F
                                    1-  300     	.line	67, "main.c"; 	R_AIN0_DATA_LB &= 0xF0;				// Only get Bit7~4
     0029 21F0                      1-  301     	MOVIA	0xf0
                                    1-  302     	BANKSEL	_R_AIN0_DATA_LB
     002A rrrr                      3-  110 m1      .banksel ram_address
     002B 10rr                      1-  303     	ANDAR	_R_AIN0_DATA_LB,F
                                    1-  304     	.line	68, "main.c"; 	R_AIN0_DATA += R_AIN0_DATA_LB;		// R_AIN0_DATA + R_AIN0_DATA_LB
     002C 01rr                      1-  305     	MOVR	_R_AIN0_DATA_LB,W
                                    1-  306     	BANKSEL	r0x1017
     002D rrrr                      3-  110 m1      .banksel ram_address
     002E 00rr                      1-  307     	MOVAR	r0x1017
     002F 2100                      1-  308     	MOVIA	0x00
                                    1-  309     	BANKSEL	r0x101A
     0030 rrrr                      3-  110 m1      .banksel ram_address
     0031 00rr                      1-  310     	MOVAR	r0x101A
                                    1-  311     ;;106	MOVR	r0x1019,W
                                    1-  312     	BANKSEL	r0x1017
     0032 rrrr                      3-  110 m1      .banksel ram_address
     0033 01rr                      1-  313     	MOVR	r0x1017,W
                                    1-  314     	BANKSEL	r0x1019
     0034 rrrr                      3-  110 m1      .banksel ram_address
     0035 00rr                      1-  315     	MOVAR	r0x1019
                                    1-  316     	BANKSEL	_R_AIN0_DATA
     0036 rrrr                      3-  110 m1      .banksel ram_address
     0037 03rr                      1-  317     	ADDAR	_R_AIN0_DATA,F
                                    1-  318     	BANKSEL	r0x101A
     0038 rrrr                      3-  110 m1      .banksel ram_address
     0039 01rr                      1-  319     	MOVR	r0x101A,W
     003A 0C03                      1-  320     	BTRSC	STATUS,0
     003B 05rr                      1-  321     	INCR	r0x101A,W
     003C 0D03                      1-  322     	BTRSC	STATUS,2
                                    1-  323     	MGOTO	_00004_DS_
     003D 3rrr                      3-   63 m1      LGOTO rom_address
                                    1-  324     	BANKSEL	_R_AIN0_DATA
     003E rrrr                      3-  110 m1      .banksel ram_address
     003F 03rr                      1-  325     	ADDAR	(_R_AIN0_DATA + 1),F
                                    1-  326     ;;shiftRight_Left2ResultLit:5673: shCount=1, size=2, sign=0, same=1, offr=0
     0040                           1-  327     _00004_DS_:
                                    1-  328     	.line	69, "main.c"; 	R_AIN0_DATA >>=3;					// R_AIN0_DATA divided 8
     0040 1C03                      1-  329     	BCR	STATUS,0
                                    1-  330     	BANKSEL	_R_AIN0_DATA
     0041 rrrr                      3-  110 m1      .banksel ram_address
     0042 13rr                      1-  331     	RRR	(_R_AIN0_DATA + 1),F
     0043 13rr                      1-  332     	RRR	_R_AIN0_DATA,F
                                    1-  333     ;;shiftRight_Left2ResultLit:5673: shCount=1, size=2, sign=0, same=1, offr=0
     0044 1C03                      1-  334     	BCR	STATUS,0
     0045 13rr                      1-  335     	RRR	(_R_AIN0_DATA + 1),F
     0046 13rr                      1-  336     	RRR	_R_AIN0_DATA,F
                                    1-  337     ;;shiftRight_Left2ResultLit:5673: shCount=1, size=2, sign=0, same=1, offr=0
     0047 1C03                      1-  338     	BCR	STATUS,0
     0048 13rr                      1-  339     	RRR	(_R_AIN0_DATA + 1),F
     0049 13rr                      1-  340     	RRR	_R_AIN0_DATA,F
                                    1-  341     	.line	71, "main.c"; 	F_Quarter_VDD_Convert(8);			// execute 1/4VDD input channel ADC converting 8 times
     004A 2108                      1-  342     	MOVIA	0x08
                                    1-  343     	MCALL	_F_Quarter_VDD_Convert
     004B 2rrr                      3-   66 m1      LCALL rom_address
                                    1-  344     	.line	72, "main.c"; 	R_Quarter_VDD_DATA <<= 4;			// R_Quarter_VDD_DATA shift left 4 bit
                                    1-  345     	BANKSEL	_R_Quarter_VDD_DATA
     004C rrrr                      3-  110 m1      .banksel ram_address
     004D 15rr                      1-  346     	SWAPR	(_R_Quarter_VDD_DATA + 1),W
     004E 22F0                      1-  347     	ANDIA	0xf0
     004F 00rr                      1-  348     	MOVAR	(_R_Quarter_VDD_DATA + 1)
     0050 15rr                      1-  349     	SWAPR	_R_Quarter_VDD_DATA,W
     0051 00rr                      1-  350     	MOVAR	_R_Quarter_VDD_DATA
     0052 220F                      1-  351     	ANDIA	0x0f
     0053 11rr                      1-  352     	IORAR	(_R_Quarter_VDD_DATA + 1),F
     0054 12rr                      1-  353     	XORAR	_R_Quarter_VDD_DATA,F
                                    1-  354     	.line	73, "main.c"; 	R_Quarter_VDD_DATA_LB &= 0xF0;		// Only get Bit7~4
     0055 21F0                      1-  355     	MOVIA	0xf0
                                    1-  356     	BANKSEL	_R_Quarter_VDD_DATA_LB
     0056 rrrr                      3-  110 m1      .banksel ram_address
     0057 10rr                      1-  357     	ANDAR	_R_Quarter_VDD_DATA_LB,F
                                    1-  358     	.line	74, "main.c"; 	R_Quarter_VDD_DATA += R_Quarter_VDD_DATA_LB; //// R_Quarter_VDD_DATA + R_Quarter_VDD_DATA_LB
     0058 01rr                      1-  359     	MOVR	_R_Quarter_VDD_DATA_LB,W
                                    1-  360     	BANKSEL	r0x1019
     0059 rrrr                      3-  110 m1      .banksel ram_address
     005A 00rr                      1-  361     	MOVAR	r0x1019
                                    1-  362     	BANKSEL	r0x1017
     005B rrrr                      3-  110 m1      .banksel ram_address
     005C 00rr                      1-  363     	MOVAR	r0x1017
                                    1-  364     ;;107	CLRR	r0x1018
                                    1-  365     ;;105	MOVR	r0x1017,W
     005D 2100                      1-  366     	MOVIA	0x00
                                    1-  367     	BANKSEL	r0x101A
     005E rrrr                      3-  110 m1      .banksel ram_address
     005F 00rr                      1-  368     	MOVAR	r0x101A
                                    1-  369     	BANKSEL	r0x1019
     0060 rrrr                      3-  110 m1      .banksel ram_address
     0061 01rr                      1-  370     	MOVR	r0x1019,W
                                    1-  371     	BANKSEL	_R_Quarter_VDD_DATA
     0062 rrrr                      3-  110 m1      .banksel ram_address
     0063 03rr                      1-  372     	ADDAR	_R_Quarter_VDD_DATA,F
                                    1-  373     	BANKSEL	r0x101A
     0064 rrrr                      3-  110 m1      .banksel ram_address
     0065 01rr                      1-  374     	MOVR	r0x101A,W
     0066 0C03                      1-  375     	BTRSC	STATUS,0
     0067 05rr                      1-  376     	INCR	r0x101A,W
     0068 0D03                      1-  377     	BTRSC	STATUS,2
                                    1-  378     	MGOTO	_00005_DS_
     0069 3rrr                      3-   63 m1      LGOTO rom_address
                                    1-  379     	BANKSEL	_R_Quarter_VDD_DATA
     006A rrrr                      3-  110 m1      .banksel ram_address
     006B 03rr                      1-  380     	ADDAR	(_R_Quarter_VDD_DATA + 1),F
                                    1-  381     ;;shiftRight_Left2ResultLit:5673: shCount=1, size=2, sign=0, same=1, offr=0
     006C                           1-  382     _00005_DS_:
                                    1-  383     	.line	75, "main.c"; 	R_Quarter_VDD_DATA >>=3;			// R_Quarter_VDD_DATA dividing 8
     006C 1C03                      1-  384     	BCR	STATUS,0
                                    1-  385     	BANKSEL	_R_Quarter_VDD_DATA
     006D rrrr                      3-  110 m1      .banksel ram_address
     006E 13rr                      1-  386     	RRR	(_R_Quarter_VDD_DATA + 1),F
     006F 13rr                      1-  387     	RRR	_R_Quarter_VDD_DATA,F
                                    1-  388     ;;shiftRight_Left2ResultLit:5673: shCount=1, size=2, sign=0, same=1, offr=0
     0070 1C03                      1-  389     	BCR	STATUS,0
     0071 13rr                      1-  390     	RRR	(_R_Quarter_VDD_DATA + 1),F
     0072 13rr                      1-  391     	RRR	_R_Quarter_VDD_DATA,F
                                    1-  392     ;;shiftRight_Left2ResultLit:5673: shCount=1, size=2, sign=0, same=1, offr=0
     0073 1C03                      1-  393     	BCR	STATUS,0
     0074 13rr                      1-  394     	RRR	(_R_Quarter_VDD_DATA + 1),F
     0075 13rr                      1-  395     	RRR	_R_Quarter_VDD_DATA,F
                                    1-  396     	MGOTO	_00106_DS_
     0076 3rrr                      3-   63 m1      LGOTO rom_address
                                    1-  397     	.line	77, "main.c"; 	}
                                    1-  398     	RETURN	
     0077 0010                      3-   40 m1      ret
                                    1-  399     ; exit point of _main
                                    1-  401     ;***
                                    1-  402     ;  pBlock Stats: dbName = C
                                    1-  403     ;***
                                    1-  404     ;has an exit
                                    1-  405     ;6 compiler assigned registers:
                                    1-  406     ;   r0x1006
                                    1-  407     ;   STK00
                                    1-  408     ;   r0x1007
                                    1-  409     ;   r0x1008
                                    1-  410     ;   r0x1009
                                    1-  411     ;   r0x100A
                                    1-  412     ;; Starting pCode block
                                    1-  413     .segment "code"; module=main, function=_delay
                                    1-  415     ;local variable name mapping:
     0000                           1-  420     _delay:
                                    1-  421     ; 2 exit points
                                    1-  422     	.line	112, "main.c"; 	void delay(int count)
                                    1-  423     	BANKSEL	r0x1006
     0000 rrrr                      3-  110 m1      .banksel ram_address
     0001 00rr                      1-  424     	MOVAR	r0x1006
     0002 01rr                      1-  425     	MOVR	STK00,W
                                    1-  426     	BANKSEL	r0x1007
     0003 rrrr                      3-  110 m1      .banksel ram_address
     0004 00rr                      1-  427     	MOVAR	r0x1007
                                    1-  428     	.line	115, "main.c"; 	for(i=1;i<=count;i++)
     0005 2101                      1-  429     	MOVIA	0x01
                                    1-  430     	BANKSEL	r0x1008
     0006 rrrr                      3-  110 m1      .banksel ram_address
     0007 00rr                      1-  431     	MOVAR	r0x1008
                                    1-  432     	BANKSEL	r0x1009
     0008 rrrr                      3-  110 m1      .banksel ram_address
     0009 02rr                      1-  433     	CLRR	r0x1009
     000A                           1-  434     _00136_DS_:
                                    1-  435     	BANKSEL	r0x1006
     000A rrrr                      3-  110 m1      .banksel ram_address
     000B 01rr                      1-  436     	MOVR	r0x1006,W
     000C 2580                      1-  437     	ADDIA	0x80
                                    1-  438     	BANKSEL	r0x100A
     000D rrrr                      3-  110 m1      .banksel ram_address
     000E 00rr                      1-  439     	MOVAR	r0x100A
                                    1-  440     	BANKSEL	r0x1009
     000F rrrr                      3-  110 m1      .banksel ram_address
     0010 01rr                      1-  441     	MOVR	r0x1009,W
     0011 2580                      1-  442     	ADDIA	0x80
                                    1-  443     	BANKSEL	r0x100A
     0012 rrrr                      3-  110 m1      .banksel ram_address
     0013 04rr                      1-  444     	SUBAR	r0x100A,W
     0014 0903                      1-  445     	BTRSS	STATUS,2
                                    1-  446     	MGOTO	_00147_DS_
     0015 3rrr                      3-   63 m1      LGOTO rom_address
                                    1-  447     	BANKSEL	r0x1008
     0016 rrrr                      3-  110 m1      .banksel ram_address
     0017 01rr                      1-  448     	MOVR	r0x1008,W
                                    1-  449     	BANKSEL	r0x1007
     0018 rrrr                      3-  110 m1      .banksel ram_address
     0019 04rr                      1-  450     	SUBAR	r0x1007,W
     001A                           1-  451     _00147_DS_:
     001A 0803                      1-  452     	BTRSS	STATUS,0
                                    1-  453     	MGOTO	_00138_DS_
     001B 3rrr                      3-   63 m1      LGOTO rom_address
                                    1-  454     	BANKSEL	r0x1008
     001C rrrr                      3-  110 m1      .banksel ram_address
     001D 05rr                      1-  455     	INCR	r0x1008,F
     001E 0903                      1-  456     	BTRSS	STATUS,2
                                    1-  457     	MGOTO	_00001_DS_
     001F 3rrr                      3-   63 m1      LGOTO rom_address
                                    1-  458     	BANKSEL	r0x1009
     0020 rrrr                      3-  110 m1      .banksel ram_address
     0021 05rr                      1-  459     	INCR	r0x1009,F
     0022                           1-  460     _00001_DS_:
                                    1-  461     	MGOTO	_00136_DS_
     0022 3rrr                      3-   63 m1      LGOTO rom_address
     0023                           1-  462     _00138_DS_:
                                    1-  463     	.line	117, "main.c"; 	}
                                    1-  464     	RETURN	
     0023 0010                      3-   40 m1      ret
                                    1-  465     ; exit point of _delay
                                    1-  467     ;***
                                    1-  468     ;  pBlock Stats: dbName = C
                                    1-  469     ;***
                                    1-  470     ;has an exit
                                    1-  471     ;; Starting pCode block
                                    1-  472     .segment "code"; module=main, function=_F_wait_eoc
     0000                           1-  474     _F_wait_eoc:
                                    1-  475     ; 2 exit points
     0000                           1-  476     _00129_DS_:
                                    1-  477     	.line	108, "main.c"; 	while(ADMDbits.EOC==0)
     0000 0Arr                      1-  478     	BTRSS	_ADMDbits,5
                                    1-  479     	MGOTO	_00129_DS_
     0001 3rrr                      3-   63 m1      LGOTO rom_address
                                    1-  480     	.line	110, "main.c"; 	}
                                    1-  481     	RETURN	
     0002 0010                      3-   40 m1      ret
                                    1-  482     ; exit point of _F_wait_eoc
                                    1-  484     ;***
                                    1-  485     ;  pBlock Stats: dbName = C
                                    1-  486     ;***
                                    1-  487     ;has an exit
                                    1-  488     ;functions called:
                                    1-  489     ;   _F_wait_eoc
                                    1-  490     ;   _F_wait_eoc
                                    1-  491     ;6 compiler assigned registers:
                                    1-  492     ;   r0x100B
                                    1-  493     ;   r0x100C
                                    1-  494     ;   r0x100D
                                    1-  495     ;   r0x100E
                                    1-  496     ;   r0x100F
                                    1-  497     ;   r0x1010
                                    1-  498     ;; Starting pCode block
                                    1-  499     .segment "code"; module=main, function=_F_Quarter_VDD_Convert
                                    1-  501     ;local variable name mapping:
     0000                           1-  504     _F_Quarter_VDD_Convert:
                                    1-  505     ; 2 exit points
                                    1-  506     	.line	93, "main.c"; 	void F_Quarter_VDD_Convert(char count)
                                    1-  507     	BANKSEL	r0x100B
     0000 rrrr                      3-  110 m1      .banksel ram_address
     0001 00rr                      1-  508     	MOVAR	r0x100B
                                    1-  509     	.line	96, "main.c"; 	ADMD  = 0x90 | C_Quarter_VDD;			// Select internal 1/4VDD as ADC input
     0002 219B                      1-  510     	MOVIA	0x9b
     0003 00rr                      1-  511     	MOVAR	_ADMD
                                    1-  512     	.line	97, "main.c"; 	for(i=1;i<=count;i++)
     0004 2101                      1-  513     	MOVIA	0x01
                                    1-  514     	BANKSEL	r0x100C
     0005 rrrr                      3-  110 m1      .banksel ram_address
     0006 00rr                      1-  515     	MOVAR	r0x100C
     0007                           1-  516     _00122_DS_:
                                    1-  517     	BANKSEL	r0x100C
     0007 rrrr                      3-  110 m1      .banksel ram_address
     0008 01rr                      1-  518     	MOVR	r0x100C,W
                                    1-  519     	BANKSEL	r0x100B
     0009 rrrr                      3-  110 m1      .banksel ram_address
     000A 04rr                      1-  520     	SUBAR	r0x100B,W
     000B 0803                      1-  521     	BTRSS	STATUS,0
                                    1-  522     	MGOTO	_00124_DS_
     000C 3rrr                      3-   63 m1      LGOTO rom_address
                                    1-  523     	.line	99, "main.c"; 	ADMDbits.START = 1;					// Start a ADC conversion session
     000D 1Brr                      1-  524     	BSR	_ADMDbits,6
                                    1-  525     	.line	100, "main.c"; 	F_wait_eoc();							// Wait for ADC conversion complete	
                                    1-  526     	MCALL	_F_wait_eoc
     000E 2rrr                      3-   66 m1      LCALL rom_address
                                    1-  527     	.line	101, "main.c"; 	R_Quarter_VDD_DATA_LB += ( 0x0F & ADR); 
     000F 210F                      1-  528     	MOVIA	0x0f
     0010 10rr                      1-  529     	ANDAR	_ADR,W
                                    1-  530     ;;3	MOVAR	r0x100D
                                    1-  531     	BANKSEL	_R_Quarter_VDD_DATA_LB
     0011 rrrr                      3-  110 m1      .banksel ram_address
     0012 03rr                      1-  532     	ADDAR	_R_Quarter_VDD_DATA_LB,F
                                    1-  533     	.line	102, "main.c"; 	R_Quarter_VDD_DATA    += ADD; 
     0013 01rr                      1-  534     	MOVR	_ADD,W
                                    1-  535     	BANKSEL	r0x100D
     0014 rrrr                      3-  110 m1      .banksel ram_address
     0015 00rr                      1-  536     	MOVAR	r0x100D
                                    1-  537     ;;1	CLRR	r0x100E
                                    1-  538     ;;104	MOVR	r0x100D,W
                                    1-  539     ;;102	MOVAR	r0x100F
     0016 2100                      1-  540     	MOVIA	0x00
                                    1-  541     	BANKSEL	r0x1010
     0017 rrrr                      3-  110 m1      .banksel ram_address
     0018 00rr                      1-  542     	MOVAR	r0x1010
                                    1-  543     ;;103	MOVR	r0x100F,W
                                    1-  544     	BANKSEL	r0x100D
     0019 rrrr                      3-  110 m1      .banksel ram_address
     001A 01rr                      1-  545     	MOVR	r0x100D,W
                                    1-  546     	BANKSEL	_R_Quarter_VDD_DATA
     001B rrrr                      3-  110 m1      .banksel ram_address
     001C 03rr                      1-  547     	ADDAR	_R_Quarter_VDD_DATA,F
                                    1-  548     	BANKSEL	r0x1010
     001D rrrr                      3-  110 m1      .banksel ram_address
     001E 01rr                      1-  549     	MOVR	r0x1010,W
     001F 0C03                      1-  550     	BTRSC	STATUS,0
     0020 05rr                      1-  551     	INCR	r0x1010,W
     0021 0D03                      1-  552     	BTRSC	STATUS,2
                                    1-  553     	MGOTO	_00002_DS_
     0022 3rrr                      3-   63 m1      LGOTO rom_address
                                    1-  554     	BANKSEL	_R_Quarter_VDD_DATA
     0023 rrrr                      3-  110 m1      .banksel ram_address
     0024 03rr                      1-  555     	ADDAR	(_R_Quarter_VDD_DATA + 1),F
     0025                           1-  556     _00002_DS_:
                                    1-  557     	.line	97, "main.c"; 	for(i=1;i<=count;i++)
                                    1-  558     	BANKSEL	r0x100C
     0025 rrrr                      3-  110 m1      .banksel ram_address
     0026 05rr                      1-  559     	INCR	r0x100C,F
                                    1-  560     	MGOTO	_00122_DS_
     0027 3rrr                      3-   63 m1      LGOTO rom_address
     0028                           1-  561     _00124_DS_:
                                    1-  562     	.line	104, "main.c"; 	}
                                    1-  563     	RETURN	
     0028 0010                      3-   40 m1      ret
                                    1-  564     ; exit point of _F_Quarter_VDD_Convert
                                    1-  566     ;***
                                    1-  567     ;  pBlock Stats: dbName = C
                                    1-  568     ;***
                                    1-  569     ;has an exit
                                    1-  570     ;functions called:
                                    1-  571     ;   _F_wait_eoc
                                    1-  572     ;   _F_wait_eoc
                                    1-  573     ;6 compiler assigned registers:
                                    1-  574     ;   r0x1011
                                    1-  575     ;   r0x1012
                                    1-  576     ;   r0x1013
                                    1-  577     ;   r0x1014
                                    1-  578     ;   r0x1015
                                    1-  579     ;   r0x1016
                                    1-  580     ;; Starting pCode block
                                    1-  581     .segment "code"; module=main, function=_F_AIN0_Convert
                                    1-  583     ;local variable name mapping:
     0000                           1-  586     _F_AIN0_Convert:
                                    1-  587     ; 2 exit points
                                    1-  588     	.line	80, "main.c"; 	void F_AIN0_Convert(char count)
                                    1-  589     	BANKSEL	r0x1011
     0000 rrrr                      3-  110 m1      .banksel ram_address
     0001 00rr                      1-  590     	MOVAR	r0x1011
                                    1-  591     	.line	83, "main.c"; 	ADMD  = 0x90 | C_ADC_PA0;				// Select AIN0(PA0) pad as ADC input
     0002 2190                      1-  592     	MOVIA	0x90
     0003 00rr                      1-  593     	MOVAR	_ADMD
                                    1-  594     	.line	84, "main.c"; 	for(i=1;i<=count;i++)
     0004 2101                      1-  595     	MOVIA	0x01
                                    1-  596     	BANKSEL	r0x1012
     0005 rrrr                      3-  110 m1      .banksel ram_address
     0006 00rr                      1-  597     	MOVAR	r0x1012
     0007                           1-  598     _00113_DS_:
                                    1-  599     	BANKSEL	r0x1012
     0007 rrrr                      3-  110 m1      .banksel ram_address
     0008 01rr                      1-  600     	MOVR	r0x1012,W
                                    1-  601     	BANKSEL	r0x1011
     0009 rrrr                      3-  110 m1      .banksel ram_address
     000A 04rr                      1-  602     	SUBAR	r0x1011,W
     000B 0803                      1-  603     	BTRSS	STATUS,0
                                    1-  604     	MGOTO	_00115_DS_
     000C 3rrr                      3-   63 m1      LGOTO rom_address
                                    1-  605     	.line	86, "main.c"; 	ADMDbits.START = 1;					// Start a ADC conversion session
     000D 1Brr                      1-  606     	BSR	_ADMDbits,6
                                    1-  607     	.line	87, "main.c"; 	F_wait_eoc();							// Wait for ADC conversion complete
                                    1-  608     	MCALL	_F_wait_eoc
     000E 2rrr                      3-   66 m1      LCALL rom_address
                                    1-  609     	.line	88, "main.c"; 	R_AIN0_DATA_LB += ( 0x0F & ADR); 
     000F 210F                      1-  610     	MOVIA	0x0f
     0010 10rr                      1-  611     	ANDAR	_ADR,W
                                    1-  612     ;;3	MOVAR	r0x1013
                                    1-  613     	BANKSEL	_R_AIN0_DATA_LB
     0011 rrrr                      3-  110 m1      .banksel ram_address
     0012 03rr                      1-  614     	ADDAR	_R_AIN0_DATA_LB,F
                                    1-  615     	.line	89, "main.c"; 	R_AIN0_DATA    += ADD; 
     0013 01rr                      1-  616     	MOVR	_ADD,W
                                    1-  617     	BANKSEL	r0x1013
     0014 rrrr                      3-  110 m1      .banksel ram_address
     0015 00rr                      1-  618     	MOVAR	r0x1013
                                    1-  619     ;;1	CLRR	r0x1014
                                    1-  620     ;;101	MOVR	r0x1013,W
                                    1-  621     ;;99	MOVAR	r0x1015
     0016 2100                      1-  622     	MOVIA	0x00
                                    1-  623     	BANKSEL	r0x1016
     0017 rrrr                      3-  110 m1      .banksel ram_address
     0018 00rr                      1-  624     	MOVAR	r0x1016
                                    1-  625     ;;100	MOVR	r0x1015,W
                                    1-  626     	BANKSEL	r0x1013
     0019 rrrr                      3-  110 m1      .banksel ram_address
     001A 01rr                      1-  627     	MOVR	r0x1013,W
                                    1-  628     	BANKSEL	_R_AIN0_DATA
     001B rrrr                      3-  110 m1      .banksel ram_address
     001C 03rr                      1-  629     	ADDAR	_R_AIN0_DATA,F
                                    1-  630     	BANKSEL	r0x1016
     001D rrrr                      3-  110 m1      .banksel ram_address
     001E 01rr                      1-  631     	MOVR	r0x1016,W
     001F 0C03                      1-  632     	BTRSC	STATUS,0
     0020 05rr                      1-  633     	INCR	r0x1016,W
     0021 0D03                      1-  634     	BTRSC	STATUS,2
                                    1-  635     	MGOTO	_00003_DS_
     0022 3rrr                      3-   63 m1      LGOTO rom_address
                                    1-  636     	BANKSEL	_R_AIN0_DATA
     0023 rrrr                      3-  110 m1      .banksel ram_address
     0024 03rr                      1-  637     	ADDAR	(_R_AIN0_DATA + 1),F
     0025                           1-  638     _00003_DS_:
                                    1-  639     	.line	84, "main.c"; 	for(i=1;i<=count;i++)
                                    1-  640     	BANKSEL	r0x1012
     0025 rrrr                      3-  110 m1      .banksel ram_address
     0026 05rr                      1-  641     	INCR	r0x1012,F
                                    1-  642     	MGOTO	_00113_DS_
     0027 3rrr                      3-   63 m1      LGOTO rom_address
     0028                           1-  643     _00115_DS_:
                                    1-  644     	.line	91, "main.c"; 	}
                                    1-  645     	RETURN	
     0028 0010                      3-   40 m1      ret
                                    1-  646     ; exit point of _F_AIN0_Convert
                                    1-  649     ;	code size estimation:
                                    1-  650     ;	  180+   60 =   240 instructions (  600 byte)
                                    1-  652     	end

SYMBOL TABLE            TYPE     VALUE
__PIN_COUNT__           Constant 0000000E
__PROCESSOR__           Constant 00810623
C                       Constant 00000000
DC                      Constant 00000001
ENABLE_RAM_BANK         Constant 00000001
F                       Constant 00000001
FSR                     Constant 00000004
INDF                    Constant 00000000
PCHBUF                  Constant 0000000A
PCL                     Constant 00000002
STATUS                  Constant 00000003
USEFGOTO                Constant 00000000
W                       Constant 00000000
Z                       Constant 00000002


SOURCE FILE TABLE
001 OBJ/main.s
002 ny8b062d.inc
003 common.inc
004 main.c

PROCESSOR    = NY8B062D (8 bits)
PROGRAM ROM  = 0x00000000 - 0x000007FF
DATA ROM     = 0x00000000 - 0x000007FF
RESERVED MEM = 0x00000800 - 0x00000810
SRAM / SFR   = 0x00000000 - 0x00000000
