00000000 c7fe                 LGOTO 0x1; __nyc_ny8_startup=0x1
00000001                      __nyc_ny8_startup:
00000001 d25c                 LCALL 0x5a3; ___cinit_load__=0x5a3
00000002 c79f                 LGOTO 0x60; _main=0x60
00000003                      main.o:_00986_DS_:
00000003 f56f                 BTRSS 0x10, 0x5
00000004 c7fc                 LGOTO 0x3; main.o:_00986_DS_=0x3
00000005 ffef                 RET
00000008 c7f6                 LGOTO 0x9; main.o:__sdcc_interrupt=0x9
00000009                      main.o:__sdcc_interrupt:
00000009 ff5d                 MOVAR 0x22
0000000a eafc                 SWAPR 0x3, 0x0
0000000b fd7c                 CLRR 0x3
0000000c ff5e                 MOVAR 0x21
0000000d fef5                 MOVR 0xa, 0x0
0000000e fd75                 CLRR 0xa
0000000f ff5f                 MOVAR 0x20
00000010 fefb                 MOVR 0x4, 0x0
00000011 ff3d                 MOVAR 0x42
00000012 fed8                 MOVR 0x27, 0x0
00000013 ff3c                 MOVAR 0x43
00000014 fed9                 MOVR 0x26, 0x0
00000015 ff3b                 MOVAR 0x44
00000016 f7f0                 BTRSS 0xf, 0x0
00000017 c7b2                 LGOTO 0x4d; main.o:_00126_DS_=0x4d
00000018 dec8                 MOVIA 0x37
00000019 fc7e                 ADDAR 0x1, 0x1
0000001a fa39                 INCR 0x46, 0x1
0000001b de9b                 MOVIA 0x64
0000001c fbb9                 SUBAR 0x46, 0x0
0000001d f7fc                 BTRSS 0x3, 0x0
0000001e c7b2                 LGOTO 0x4d; main.o:_00126_DS_=0x4d
0000001f e7ba                 BSR 0x45, 0x0
00000020 fd39                 CLRR 0x46
00000021 fa38                 INCR 0x47, 0x1
00000022 ded7                 MOVIA 0x28
00000023 fbb8                 SUBAR 0x47, 0x0
00000024 f3fc                 BTRSC 0x3, 0x0
00000025 fd38                 CLRR 0x47
00000026 fa2e                 INCR 0x51, 0x1
00000027 deeb                 MOVIA 0x14
00000028 fbae                 SUBAR 0x51, 0x0
00000029 f7fc                 BTRSS 0x3, 0x0
0000002a c7d0                 LGOTO 0x2f; main.o:_00110_DS_=0x2f
0000002b fd2e                 CLRR 0x51
0000002c fe9c                 MOVR 0x63, 0x0
0000002d f6fc                 BTRSS 0x3, 0x2
0000002e f91c                 DECR 0x63, 0x1
0000002f                      main.o:_00110_DS_:
0000002f fa2d                 INCR 0x52, 0x1
00000030 de9b                 MOVIA 0x64
00000031 fbad                 SUBAR 0x52, 0x0
00000032 f7fc                 BTRSS 0x3, 0x0
00000033 c7b2                 LGOTO 0x4d; main.o:_00126_DS_=0x4d
00000034 fd2d                 CLRR 0x52
00000035 f63a                 BTRSS 0x45, 0x3
00000036 c7c1                 LGOTO 0x3e; main.o:_00112_DS_=0x3e
00000037 feb3                 MOVR 0x4c, 0x0
00000038 dbf9                 XORIA 0x6
00000039 f6fc                 BTRSS 0x3, 0x2
0000003a c7c1                 LGOTO 0x3e; main.o:_00112_DS_=0x3e
0000003b fa32                 INCR 0x4d, 0x1
0000003c f2fc                 BTRSC 0x3, 0x2
0000003d fa31                 INCR 0x4e, 0x1
0000003e                      main.o:_00112_DS_:
0000003e fea8                 MOVR 0x57, 0x0
0000003f f6fc                 BTRSS 0x3, 0x2
00000040 f928                 DECR 0x57, 0x1
00000041 fea4                 MOVR 0x5b, 0x0
00000042 f6fc                 BTRSS 0x3, 0x2
00000043 f924                 DECR 0x5b, 0x1
00000044 feb6                 MOVR 0x49, 0x0
00000045 f2fc                 BTRSC 0x3, 0x2
00000046 c7b4                 LGOTO 0x4b; main.o:_00119_DS_=0x4b
00000047 fa2c                 INCR 0x53, 0x1
00000048 f2fc                 BTRSC 0x3, 0x2
00000049 fa2b                 INCR 0x54, 0x1
0000004a c7b2                 LGOTO 0x4d; main.o:_00126_DS_=0x4d
0000004b                      main.o:_00119_DS_:
0000004b fd2c                 CLRR 0x53
0000004c fd2b                 CLRR 0x54
0000004d                      main.o:_00126_DS_:
0000004d f770                 BTRSS 0xf, 0x1
0000004e c7ae                 LGOTO 0x51; main.o:_00128_DS_=0x51
0000004f de02                 MOVIA 0xfd
00000050 ff70                 MOVAR 0xf
00000051                      main.o:_00128_DS_:
00000051 fd70                 CLRR 0xf
00000052 febb                 MOVR 0x44, 0x0
00000053 ff59                 MOVAR 0x26
00000054 febc                 MOVR 0x43, 0x0
00000055 ff58                 MOVAR 0x27
00000056 febd                 MOVR 0x42, 0x0
00000057 ff7b                 MOVAR 0x4
00000058 fedf                 MOVR 0x20, 0x0
00000059 ff75                 MOVAR 0xa
0000005a fd7c                 CLRR 0x3
0000005b eade                 SWAPR 0x21, 0x0
0000005c ff7c                 MOVAR 0x3
0000005d ea5d                 SWAPR 0x22, 0x1
0000005e eadd                 SWAPR 0x22, 0x0
0000005f                      main.o:END_OF_INTERRUPT:
0000005f ffee                 RETIE
00000060                      _main:
00000060 d2ef                 LCALL 0x510; _initSys=0x510
00000061 d53d                 LCALL 0x2c2; _initAD=0x2c2
00000062                      main.o:_00172_DS_:
00000062 fffd                 CLRWDT
00000063 d33c                 LCALL 0x4c3; _ledShow=0x4c3
00000064 feb6                 MOVR 0x49, 0x0
00000065 f2fc                 BTRSC 0x3, 0x2
00000066 c785                 LGOTO 0x7a; main.o:_00139_DS_=0x7a
00000067 deb2                 MOVIA 0x4d
00000068 fba2                 SUBAR 0x5d, 0x0
00000069 f7fc                 BTRSS 0x3, 0x0
0000006a c785                 LGOTO 0x7a; main.o:_00139_DS_=0x7a
0000006b fea0                 MOVR 0x5f, 0x0
0000006c fba2                 SUBAR 0x5d, 0x0
0000006d f3fc                 BTRSC 0x3, 0x0
0000006e c78c                 LGOTO 0x73; main.o:_00136_DS_=0x73
0000006f f920                 DECR 0x5f, 0x1
00000070 fea0                 MOVR 0x5f, 0x0
00000071 ffb3                 SFUN 0xc
00000072 c785                 LGOTO 0x7a; main.o:_00139_DS_=0x7a
00000073                      main.o:_00136_DS_:
00000073 fea2                 MOVR 0x5d, 0x0
00000074 fba0                 SUBAR 0x5f, 0x0
00000075 f3fc                 BTRSC 0x3, 0x0
00000076 c785                 LGOTO 0x7a; main.o:_00139_DS_=0x7a
00000077 fa20                 INCR 0x5f, 0x1
00000078 fea0                 MOVR 0x5f, 0x0
00000079 ffb3                 SFUN 0xc
0000007a                      main.o:_00139_DS_:
0000007a feb6                 MOVR 0x49, 0x0
0000007b f2fc                 BTRSC 0x3, 0x2
0000007c c779                 LGOTO 0x86; main.o:_00142_DS_=0x86
0000007d fea7                 MOVR 0x58, 0x0
0000007e fbb4                 SUBAR 0x4b, 0x0
0000007f f3fc                 BTRSC 0x3, 0x0
00000080 c779                 LGOTO 0x86; main.o:_00142_DS_=0x86
00000081 f927                 DECR 0x58, 0x1
00000082 fea7                 MOVR 0x58, 0x0
00000083 ffb3                 SFUN 0xc
00000084 fea7                 MOVR 0x58, 0x0
00000085 ff20                 MOVAR 0x5f
00000086                      main.o:_00142_DS_:
00000086 f7ba                 BTRSS 0x45, 0x0
00000087 c79d                 LGOTO 0x62; main.o:_00172_DS_=0x62
00000088 e3ba                 BCR 0x45, 0x0
00000089 fea4                 MOVR 0x5b, 0x0
0000008a f6fc                 BTRSS 0x3, 0x2
0000008b c75c                 LGOTO 0xa3; main.o:_00149_DS_=0xa3
0000008c feb3                 MOVR 0x4c, 0x0
0000008d f6fc                 BTRSS 0x3, 0x2
0000008e c75c                 LGOTO 0xa3; main.o:_00149_DS_=0xa3
0000008f feb6                 MOVR 0x49, 0x0
00000090 f2fc                 BTRSC 0x3, 0x2
00000091 c75c                 LGOTO 0xa3; main.o:_00149_DS_=0xa3
00000092 fa1a                 INCR 0x65, 0x1
00000093 f2fc                 BTRSC 0x3, 0x2
00000094 fa19                 INCR 0x66, 0x1
00000095 dee8                 MOVIA 0x17
00000096 fb99                 SUBAR 0x66, 0x0
00000097 f6fc                 BTRSS 0x3, 0x2
00000098 c764                 LGOTO 0x9b; main.o:_00249_DS_=0x9b
00000099 de8f                 MOVIA 0x70
0000009a fb9a                 SUBAR 0x65, 0x0
0000009b                      main.o:_00249_DS_:
0000009b f7fc                 BTRSS 0x3, 0x0
0000009c c75a                 LGOTO 0xa5; main.o:_00150_DS_=0xa5
0000009d fd1a                 CLRR 0x65
0000009e fd19                 CLRR 0x66
0000009f fd36                 CLRR 0x49
000000a0 fd35                 CLRR 0x4a
000000a1 d3cb                 LCALL 0x434; _pwmStop=0x434
000000a2 c75a                 LGOTO 0xa5; main.o:_00150_DS_=0xa5
000000a3                      main.o:_00149_DS_:
000000a3 fd1a                 CLRR 0x65
000000a4 fd19                 CLRR 0x66
000000a5                      main.o:_00150_DS_:
000000a5 defa                 MOVIA 0x5
000000a6 fba9                 SUBAR 0x56, 0x0
000000a7 f7fc                 BTRSS 0x3, 0x0
000000a8 c741                 LGOTO 0xbe; main.o:_00156_DS_=0xbe
000000a9 feb6                 MOVR 0x49, 0x0
000000aa f2fc                 BTRSC 0x3, 0x2
000000ab c741                 LGOTO 0xbe; main.o:_00156_DS_=0xbe
000000ac fa1e                 INCR 0x61, 0x1
000000ad f2fc                 BTRSC 0x3, 0x2
000000ae fa1d                 INCR 0x62, 0x1
000000af defe                 MOVIA 0x1
000000b0 fb9d                 SUBAR 0x62, 0x0
000000b1 f6fc                 BTRSS 0x3, 0x2
000000b2 c74a                 LGOTO 0xb5; main.o:_00251_DS_=0xb5
000000b3 de0a                 MOVIA 0xf5
000000b4 fb9e                 SUBAR 0x61, 0x0
000000b5                      main.o:_00251_DS_:
000000b5 f7fc                 BTRSS 0x3, 0x0
000000b6 c73f                 LGOTO 0xc0; main.o:_00157_DS_=0xc0
000000b7 fd29                 CLRR 0x56
000000b8 fd1e                 CLRR 0x61
000000b9 fd1d                 CLRR 0x62
000000ba dee6                 MOVIA 0x19
000000bb ff1c                 MOVAR 0x63
000000bc d2d3                 LCALL 0x52c; _powerOff=0x52c
000000bd c73f                 LGOTO 0xc0; main.o:_00157_DS_=0xc0
000000be                      main.o:_00156_DS_:
000000be fd1e                 CLRR 0x61
000000bf fd1d                 CLRR 0x62
000000c0                      main.o:_00157_DS_:
000000c0 f23a                 BTRSC 0x45, 0x3
000000c1 c73c                 LGOTO 0xc3; main.o:_00160_DS_=0xc3
000000c2 d2cf                 LCALL 0x530; _keyCtr=0x530
000000c3                      main.o:_00160_DS_:
000000c3 d6f5                 LCALL 0x10a; _checkBatAD=0x10a
000000c4 d528                 LCALL 0x2d7; _chrgCtr=0x2d7
000000c5 feb6                 MOVR 0x49, 0x0
000000c6 f6fc                 BTRSS 0x3, 0x2
000000c7 c720                 LGOTO 0xdf; main.o:_00164_DS_=0xdf
000000c8 feb7                 MOVR 0x48, 0x0
000000c9 f6fc                 BTRSS 0x3, 0x2
000000ca c720                 LGOTO 0xdf; main.o:_00164_DS_=0xdf
000000cb f27a                 BTRSC 0x5, 0x3
000000cc c720                 LGOTO 0xdf; main.o:_00164_DS_=0xdf
000000cd fea8                 MOVR 0x57, 0x0
000000ce f6fc                 BTRSS 0x3, 0x2
000000cf c720                 LGOTO 0xdf; main.o:_00164_DS_=0xdf
000000d0 fe9c                 MOVR 0x63, 0x0
000000d1 f6fc                 BTRSS 0x3, 0x2
000000d2 c720                 LGOTO 0xdf; main.o:_00164_DS_=0xdf
000000d3 fa30                 INCR 0x4f, 0x1
000000d4 f2fc                 BTRSC 0x3, 0x2
000000d5 fa2f                 INCR 0x50, 0x1
000000d6 deff                 MOVIA 0x0
000000d7 fbaf                 SUBAR 0x50, 0x0
000000d8 f6fc                 BTRSS 0x3, 0x2
000000d9 c723                 LGOTO 0xdc; main.o:_00252_DS_=0xdc
000000da deea                 MOVIA 0x15
000000db fbb0                 SUBAR 0x4f, 0x0
000000dc                      main.o:_00252_DS_:
000000dc f7fc                 BTRSS 0x3, 0x0
000000dd c720                 LGOTO 0xdf; main.o:_00164_DS_=0xdf
000000de d3f3                 LCALL 0x40c; _gotoSleep=0x40c
000000df                      main.o:_00164_DS_:
000000df defc                 MOVIA 0x3
000000e0 fbab                 SUBAR 0x54, 0x0
000000e1 f6fc                 BTRSS 0x3, 0x2
000000e2 c71a                 LGOTO 0xe5; main.o:_00253_DS_=0xe5
000000e3 de7b                 MOVIA 0x84
000000e4 fbac                 SUBAR 0x53, 0x0
000000e5                      main.o:_00253_DS_:
000000e5 f7fc                 BTRSS 0x3, 0x0
000000e6 c79d                 LGOTO 0x62; main.o:_00172_DS_=0x62
000000e7 d2d3                 LCALL 0x52c; _powerOff=0x52c
000000e8 c79d                 LGOTO 0x62; main.o:_00172_DS_=0x62
000000e9 ffef                 RET
000000ea                      _F_AIN2_Convert:
000000ea ff41                 MOVAR 0x3e
000000eb fd55                 CLRR 0x2a
000000ec fd57                 CLRR 0x28
000000ed fd56                 CLRR 0x29
000000ee de6d                 MOVIA 0x92
000000ef ff6f                 MOVAR 0x10
000000f0 de37                 MOVIA 0xc8
000000f1 d532                 LCALL 0x2cd; _delay=0x2cd
000000f2 defe                 MOVIA 0x1
000000f3 ff40                 MOVAR 0x3f
000000f4                      main.o:_00979_DS_:
000000f4 fec0                 MOVR 0x3f, 0x0
000000f5 fbc1                 SUBAR 0x3e, 0x0
000000f6 f7fc                 BTRSS 0x3, 0x0
000000f7 c6f6                 LGOTO 0x109; main.o:_00981_DS_=0x109
000000f8 e4ef                 BSR 0x10, 0x6
000000f9 d7fc                 LCALL 0x3; main.o:_00986_DS_=0x3
000000fa def0                 MOVIA 0xf
000000fb efee                 ANDAR 0x11, 0x0
000000fc fc55                 ADDAR 0x2a, 0x1
000000fd feed                 MOVR 0x12, 0x0
000000fe ff3f                 MOVAR 0x40
000000ff deff                 MOVIA 0x0
00000100 ff3e                 MOVAR 0x41
00000101 febf                 MOVR 0x40, 0x0
00000102 fc57                 ADDAR 0x28, 0x1
00000103 febe                 MOVR 0x41, 0x0
00000104 f3fc                 BTRSC 0x3, 0x0
00000105 e9be                 INCRSZ 0x41, 0x0
00000106 fc56                 ADDAR 0x29, 0x1
00000107 fa40                 INCR 0x3f, 0x1
00000108 c70b                 LGOTO 0xf4; main.o:_00979_DS_=0xf4
00000109                      main.o:_00981_DS_:
00000109 ffef                 RET
0000010a                      _checkBatAD:
0000010a fd55                 CLRR 0x2a
0000010b fd57                 CLRR 0x28
0000010c fd56                 CLRR 0x29
0000010d def7                 MOVIA 0x8
0000010e d715                 LCALL 0xea; _F_AIN2_Convert=0xea
0000010f ead6                 SWAPR 0x29, 0x0
00000110 dd0f                 ANDIA 0xf0
00000111 ff56                 MOVAR 0x29
00000112 ead7                 SWAPR 0x28, 0x0
00000113 ff57                 MOVAR 0x28
00000114 ddf0                 ANDIA 0xf
00000115 ee56                 IORAR 0x29, 0x1
00000116 ed57                 XORAR 0x28, 0x1
00000117 de0f                 MOVIA 0xf0
00000118 ef55                 ANDAR 0x2a, 0x1
00000119 fed5                 MOVR 0x2a, 0x0
0000011a ff43                 MOVAR 0x3c
0000011b deff                 MOVIA 0x0
0000011c ff42                 MOVAR 0x3d
0000011d fec3                 MOVR 0x3c, 0x0
0000011e fc57                 ADDAR 0x28, 0x1
0000011f fec2                 MOVR 0x3d, 0x0
00000120 f3fc                 BTRSC 0x3, 0x0
00000121 e9c2                 INCRSZ 0x3d, 0x0
00000122 fc56                 ADDAR 0x29, 0x1
00000123 e3fc                 BCR 0x3, 0x0
00000124 ec56                 RRR 0x29, 0x1
00000125 ec57                 RRR 0x28, 0x1
00000126 e3fc                 BCR 0x3, 0x0
00000127 ec56                 RRR 0x29, 0x1
00000128 ec57                 RRR 0x28, 0x1
00000129 e3fc                 BCR 0x3, 0x0
0000012a ec56                 RRR 0x29, 0x1
0000012b ec57                 RRR 0x28, 0x1
0000012c fe93                 MOVR 0x6c, 0x0
0000012d f2fc                 BTRSC 0x3, 0x2
0000012e c6cc                 LGOTO 0x133; main.o:_00668_DS_=0x133
0000012f def1                 MOVIA 0xe
00000130 ff57                 MOVAR 0x28
00000131 def9                 MOVIA 0x6
00000132 ff56                 MOVAR 0x29
00000133                      main.o:_00668_DS_:
00000133 def9                 MOVIA 0x6
00000134 fbd6                 SUBAR 0x29, 0x0
00000135 f6fc                 BTRSS 0x3, 0x2
00000136 c6c6                 LGOTO 0x139; main.o:_00918_DS_=0x139
00000137 def0                 MOVIA 0xf
00000138 fbd7                 SUBAR 0x28, 0x0
00000139                      main.o:_00918_DS_:
00000139 f7fc                 BTRSS 0x3, 0x0
0000013a c6c2                 LGOTO 0x13d; main.o:_00675_DS_=0x13d
0000013b fd21                 CLRR 0x5e
0000013c c6ab                 LGOTO 0x154; main.o:_00676_DS_=0x154
0000013d                      main.o:_00675_DS_:
0000013d defb                 MOVIA 0x4
0000013e fbd6                 SUBAR 0x29, 0x0
0000013f f6fc                 BTRSS 0x3, 0x2
00000140 c6bc                 LGOTO 0x143; main.o:_00919_DS_=0x143
00000141 de81                 MOVIA 0x7e
00000142 fbd7                 SUBAR 0x28, 0x0
00000143                      main.o:_00919_DS_:
00000143 f3fc                 BTRSC 0x3, 0x0
00000144 c6ad                 LGOTO 0x152; main.o:_00672_DS_=0x152
00000145 fa21                 INCR 0x5e, 0x1
00000146 def5                 MOVIA 0xa
00000147 fba1                 SUBAR 0x5e, 0x0
00000148 f7fc                 BTRSS 0x3, 0x0
00000149 c53e                 LGOTO 0x2c1; main.o:_00775_DS_=0x2c1
0000014a def5                 MOVIA 0xa
0000014b ff21                 MOVAR 0x5e
0000014c fd33                 CLRR 0x4c
0000014d de81                 MOVIA 0x7e
0000014e ff57                 MOVAR 0x28
0000014f defb                 MOVIA 0x4
00000150 ff56                 MOVAR 0x29
00000151 c6ab                 LGOTO 0x154; main.o:_00676_DS_=0x154
00000152                      main.o:_00672_DS_:
00000152 fd21                 CLRR 0x5e
00000153 fd23                 CLRR 0x5c
00000154                      main.o:_00676_DS_:
00000154 de7d                 MOVIA 0x82
00000155 fc57                 ADDAR 0x28, 0x1
00000156 de04                 MOVIA 0xfb
00000157 f3fc                 BTRSC 0x3, 0x0
00000158 de03                 MOVIA 0xfc
00000159 fc56                 ADDAR 0x29, 0x1
0000015a f67a                 BTRSS 0x5, 0x3
0000015b c668                 LGOTO 0x197; main.o:_00689_DS_=0x197
0000015c defe                 MOVIA 0x1
0000015d fbd6                 SUBAR 0x29, 0x0
0000015e f6fc                 BTRSS 0x3, 0x2
0000015f c69d                 LGOTO 0x162; main.o:_00921_DS_=0x162
00000160 de79                 MOVIA 0x86
00000161 fbd7                 SUBAR 0x28, 0x0
00000162                      main.o:_00921_DS_:
00000162 f3fc                 BTRSC 0x3, 0x0
00000163 c668                 LGOTO 0x197; main.o:_00689_DS_=0x197
00000164 defe                 MOVIA 0x1
00000165 fbd6                 SUBAR 0x29, 0x0
00000166 f6fc                 BTRSS 0x3, 0x2
00000167 c695                 LGOTO 0x16a; main.o:_00922_DS_=0x16a
00000168 de96                 MOVIA 0x69
00000169 fbd7                 SUBAR 0x28, 0x0
0000016a                      main.o:_00922_DS_:
0000016a f7fc                 BTRSS 0x3, 0x0
0000016b c68e                 LGOTO 0x171; main.o:_00686_DS_=0x171
0000016c de09                 MOVIA 0xf6
0000016d fc57                 ADDAR 0x28, 0x1
0000016e f7fc                 BTRSS 0x3, 0x0
0000016f f956                 DECR 0x29, 0x1
00000170 c668                 LGOTO 0x197; main.o:_00689_DS_=0x197
00000171                      main.o:_00686_DS_:
00000171 defe                 MOVIA 0x1
00000172 fbd6                 SUBAR 0x29, 0x0
00000173 f6fc                 BTRSS 0x3, 0x2
00000174 c688                 LGOTO 0x177; main.o:_00923_DS_=0x177
00000175 ded2                 MOVIA 0x2d
00000176 fbd7                 SUBAR 0x28, 0x0
00000177                      main.o:_00923_DS_:
00000177 f7fc                 BTRSS 0x3, 0x0
00000178 c681                 LGOTO 0x17e; main.o:_00683_DS_=0x17e
00000179 de13                 MOVIA 0xec
0000017a fc57                 ADDAR 0x28, 0x1
0000017b f7fc                 BTRSS 0x3, 0x0
0000017c f956                 DECR 0x29, 0x1
0000017d c668                 LGOTO 0x197; main.o:_00689_DS_=0x197
0000017e                      main.o:_00683_DS_:
0000017e deff                 MOVIA 0x0
0000017f fbd6                 SUBAR 0x29, 0x0
00000180 f6fc                 BTRSS 0x3, 0x2
00000181 c67b                 LGOTO 0x184; main.o:_00924_DS_=0x184
00000182 de36                 MOVIA 0xc9
00000183 fbd7                 SUBAR 0x28, 0x0
00000184                      main.o:_00924_DS_:
00000184 f7fc                 BTRSS 0x3, 0x0
00000185 c674                 LGOTO 0x18b; main.o:_00680_DS_=0x18b
00000186 de1d                 MOVIA 0xe2
00000187 fc57                 ADDAR 0x28, 0x1
00000188 f7fc                 BTRSS 0x3, 0x0
00000189 f956                 DECR 0x29, 0x1
0000018a c668                 LGOTO 0x197; main.o:_00689_DS_=0x197
0000018b                      main.o:_00680_DS_:
0000018b deff                 MOVIA 0x0
0000018c fbd6                 SUBAR 0x29, 0x0
0000018d f6fc                 BTRSS 0x3, 0x2
0000018e c66e                 LGOTO 0x191; main.o:_00925_DS_=0x191
0000018f decc                 MOVIA 0x33
00000190 fbd7                 SUBAR 0x28, 0x0
00000191                      main.o:_00925_DS_:
00000191 f7fc                 BTRSS 0x3, 0x0
00000192 c668                 LGOTO 0x197; main.o:_00689_DS_=0x197
00000193 de27                 MOVIA 0xd8
00000194 fc57                 ADDAR 0x28, 0x1
00000195 f7fc                 BTRSS 0x3, 0x0
00000196 f956                 DECR 0x29, 0x1
00000197                      main.o:_00689_DS_:
00000197 defe                 MOVIA 0x1
00000198 fbd6                 SUBAR 0x29, 0x0
00000199 f6fc                 BTRSS 0x3, 0x2
0000019a c662                 LGOTO 0x19d; main.o:_00926_DS_=0x19d
0000019b de71                 MOVIA 0x8e
0000019c fbd7                 SUBAR 0x28, 0x0
0000019d                      main.o:_00926_DS_:
0000019d f7fc                 BTRSS 0x3, 0x0
0000019e c65e                 LGOTO 0x1a1; main.o:_00692_DS_=0x1a1
0000019f def8                 MOVIA 0x7
000001a0 ff33                 MOVAR 0x4c
000001a1                      main.o:_00692_DS_:
000001a1 defe                 MOVIA 0x1
000001a2 fbd6                 SUBAR 0x29, 0x0
000001a3 f6fc                 BTRSS 0x3, 0x2
000001a4 c658                 LGOTO 0x1a7; main.o:_00927_DS_=0x1a7
000001a5 de6d                 MOVIA 0x92
000001a6 fbd7                 SUBAR 0x28, 0x0
000001a7                      main.o:_00927_DS_:
000001a7 f7fc                 BTRSS 0x3, 0x0
000001a8 c653                 LGOTO 0x1ac; main.o:_00764_DS_=0x1ac
000001a9 def7                 MOVIA 0x8
000001aa ff33                 MOVAR 0x4c
000001ab c552                 LGOTO 0x2ad; main.o:_00765_DS_=0x2ad
000001ac                      main.o:_00764_DS_:
000001ac defe                 MOVIA 0x1
000001ad fbd6                 SUBAR 0x29, 0x0
000001ae f6fc                 BTRSS 0x3, 0x2
000001af c64d                 LGOTO 0x1b2; main.o:_00928_DS_=0x1b2
000001b0 de82                 MOVIA 0x7d
000001b1 fbd7                 SUBAR 0x28, 0x0
000001b2                      main.o:_00928_DS_:
000001b2 f7fc                 BTRSS 0x3, 0x0
000001b3 c60f                 LGOTO 0x1f0; main.o:_00761_DS_=0x1f0
000001b4 def9                 MOVIA 0x6
000001b5 fbb3                 SUBAR 0x4c, 0x0
000001b6 f3fc                 BTRSC 0x3, 0x0
000001b7 c63a                 LGOTO 0x1c5; main.o:_00699_DS_=0x1c5
000001b8 fd26                 CLRR 0x59
000001b9 fd25                 CLRR 0x5a
000001ba defe                 MOVIA 0x1
000001bb fbd6                 SUBAR 0x29, 0x0
000001bc f6fc                 BTRSS 0x3, 0x2
000001bd c63f                 LGOTO 0x1c0; main.o:_00930_DS_=0x1c0
000001be de80                 MOVIA 0x7f
000001bf fbd7                 SUBAR 0x28, 0x0
000001c0                      main.o:_00930_DS_:
000001c0 f7fc                 BTRSS 0x3, 0x0
000001c1 c62a                 LGOTO 0x1d5; main.o:_00700_DS_=0x1d5
000001c2 def9                 MOVIA 0x6
000001c3 ff33                 MOVAR 0x4c
000001c4 c62a                 LGOTO 0x1d5; main.o:_00700_DS_=0x1d5
000001c5                      main.o:_00699_DS_:
000001c5 feb2                 MOVR 0x4d, 0x0
000001c6 eeb1                 IORAR 0x4e, 0x0
000001c7 f6fc                 BTRSS 0x3, 0x2
000001c8 c62a                 LGOTO 0x1d5; main.o:_00700_DS_=0x1d5
000001c9 defe                 MOVIA 0x1
000001ca fbd6                 SUBAR 0x29, 0x0
000001cb f6fc                 BTRSS 0x3, 0x2
000001cc c630                 LGOTO 0x1cf; main.o:_00931_DS_=0x1cf
000001cd de73                 MOVIA 0x8c
000001ce fbd7                 SUBAR 0x28, 0x0
000001cf                      main.o:_00931_DS_:
000001cf f3fc                 BTRSC 0x3, 0x0
000001d0 c62a                 LGOTO 0x1d5; main.o:_00700_DS_=0x1d5
000001d1 def9                 MOVIA 0x6
000001d2 ff33                 MOVAR 0x4c
000001d3 fd26                 CLRR 0x59
000001d4 fd25                 CLRR 0x5a
000001d5                      main.o:_00700_DS_:
000001d5 feb2                 MOVR 0x4d, 0x0
000001d6 eeb1                 IORAR 0x4e, 0x0
000001d7 f2fc                 BTRSC 0x3, 0x2
000001d8 c552                 LGOTO 0x2ad; main.o:_00765_DS_=0x2ad
000001d9 defe                 MOVIA 0x1
000001da fbd6                 SUBAR 0x29, 0x0
000001db f6fc                 BTRSS 0x3, 0x2
000001dc c620                 LGOTO 0x1df; main.o:_00932_DS_=0x1df
000001dd de73                 MOVIA 0x8c
000001de fbd7                 SUBAR 0x28, 0x0
000001df                      main.o:_00932_DS_:
000001df f7fc                 BTRSS 0x3, 0x0
000001e0 c552                 LGOTO 0x2ad; main.o:_00765_DS_=0x2ad
000001e1 defd                 MOVIA 0x2
000001e2 fbb1                 SUBAR 0x4e, 0x0
000001e3 f6fc                 BTRSS 0x3, 0x2
000001e4 c618                 LGOTO 0x1e7; main.o:_00933_DS_=0x1e7
000001e5 dea6                 MOVIA 0x59
000001e6 fbb2                 SUBAR 0x4d, 0x0
000001e7                      main.o:_00933_DS_:
000001e7 f7fc                 BTRSS 0x3, 0x0
000001e8 c552                 LGOTO 0x2ad; main.o:_00765_DS_=0x2ad
000001e9 dea7                 MOVIA 0x58
000001ea ff32                 MOVAR 0x4d
000001eb defd                 MOVIA 0x2
000001ec ff31                 MOVAR 0x4e
000001ed def8                 MOVIA 0x7
000001ee ff33                 MOVAR 0x4c
000001ef c552                 LGOTO 0x2ad; main.o:_00765_DS_=0x2ad
000001f0                      main.o:_00761_DS_:
000001f0 defe                 MOVIA 0x1
000001f1 fbd6                 SUBAR 0x29, 0x0
000001f2 f6fc                 BTRSS 0x3, 0x2
000001f3 c609                 LGOTO 0x1f6; main.o:_00934_DS_=0x1f6
000001f4 de96                 MOVIA 0x69
000001f5 fbd7                 SUBAR 0x28, 0x0
000001f6                      main.o:_00934_DS_:
000001f6 f7fc                 BTRSS 0x3, 0x0
000001f7 c5e5                 LGOTO 0x21a; main.o:_00758_DS_=0x21a
000001f8 feb3                 MOVR 0x4c, 0x0
000001f9 dbfb                 XORIA 0x4
000001fa f6fc                 BTRSS 0x3, 0x2
000001fb c5f9                 LGOTO 0x206; main.o:_00708_DS_=0x206
000001fc defe                 MOVIA 0x1
000001fd fbd6                 SUBAR 0x29, 0x0
000001fe f6fc                 BTRSS 0x3, 0x2
000001ff c5fd                 LGOTO 0x202; main.o:_00935_DS_=0x202
00000200 de94                 MOVIA 0x6b
00000201 fbd7                 SUBAR 0x28, 0x0
00000202                      main.o:_00935_DS_:
00000202 f7fc                 BTRSS 0x3, 0x0
00000203 c5f9                 LGOTO 0x206; main.o:_00708_DS_=0x206
00000204 defa                 MOVIA 0x5
00000205 ff33                 MOVAR 0x4c
00000206                      main.o:_00708_DS_:
00000206 def9                 MOVIA 0x6
00000207 fbb3                 SUBAR 0x4c, 0x0
00000208 f7fc                 BTRSS 0x3, 0x0
00000209 c5ea                 LGOTO 0x215; main.o:_00712_DS_=0x215
0000020a defe                 MOVIA 0x1
0000020b fbd6                 SUBAR 0x29, 0x0
0000020c f6fc                 BTRSS 0x3, 0x2
0000020d c5ef                 LGOTO 0x210; main.o:_00937_DS_=0x210
0000020e de83                 MOVIA 0x7c
0000020f fbd7                 SUBAR 0x28, 0x0
00000210                      main.o:_00937_DS_:
00000210 f3fc                 BTRSC 0x3, 0x0
00000211 c5e8                 LGOTO 0x217; main.o:_00713_DS_=0x217
00000212 defa                 MOVIA 0x5
00000213 ff33                 MOVAR 0x4c
00000214 c5e8                 LGOTO 0x217; main.o:_00713_DS_=0x217
00000215                      main.o:_00712_DS_:
00000215 defa                 MOVIA 0x5
00000216 ff33                 MOVAR 0x4c
00000217                      main.o:_00713_DS_:
00000217 fd32                 CLRR 0x4d
00000218 fd31                 CLRR 0x4e
00000219 c552                 LGOTO 0x2ad; main.o:_00765_DS_=0x2ad
0000021a                      main.o:_00758_DS_:
0000021a defe                 MOVIA 0x1
0000021b fbd6                 SUBAR 0x29, 0x0
0000021c f6fc                 BTRSS 0x3, 0x2
0000021d c5df                 LGOTO 0x220; main.o:_00938_DS_=0x220
0000021e deb4                 MOVIA 0x4b
0000021f fbd7                 SUBAR 0x28, 0x0
00000220                      main.o:_00938_DS_:
00000220 f7fc                 BTRSS 0x3, 0x0
00000221 c5bb                 LGOTO 0x244; main.o:_00755_DS_=0x244
00000222 feb3                 MOVR 0x4c, 0x0
00000223 dbfc                 XORIA 0x3
00000224 f6fc                 BTRSS 0x3, 0x2
00000225 c5cf                 LGOTO 0x230; main.o:_00717_DS_=0x230
00000226 defe                 MOVIA 0x1
00000227 fbd6                 SUBAR 0x29, 0x0
00000228 f6fc                 BTRSS 0x3, 0x2
00000229 c5d3                 LGOTO 0x22c; main.o:_00939_DS_=0x22c
0000022a deaf                 MOVIA 0x50
0000022b fbd7                 SUBAR 0x28, 0x0
0000022c                      main.o:_00939_DS_:
0000022c f7fc                 BTRSS 0x3, 0x0
0000022d c5cf                 LGOTO 0x230; main.o:_00717_DS_=0x230
0000022e defb                 MOVIA 0x4
0000022f ff33                 MOVAR 0x4c
00000230                      main.o:_00717_DS_:
00000230 defa                 MOVIA 0x5
00000231 fbb3                 SUBAR 0x4c, 0x0
00000232 f7fc                 BTRSS 0x3, 0x0
00000233 c5c0                 LGOTO 0x23f; main.o:_00721_DS_=0x23f
00000234 defe                 MOVIA 0x1
00000235 fbd6                 SUBAR 0x29, 0x0
00000236 f6fc                 BTRSS 0x3, 0x2
00000237 c5c5                 LGOTO 0x23a; main.o:_00941_DS_=0x23a
00000238 de97                 MOVIA 0x68
00000239 fbd7                 SUBAR 0x28, 0x0
0000023a                      main.o:_00941_DS_:
0000023a f3fc                 BTRSC 0x3, 0x0
0000023b c5be                 LGOTO 0x241; main.o:_00722_DS_=0x241
0000023c defb                 MOVIA 0x4
0000023d ff33                 MOVAR 0x4c
0000023e c5be                 LGOTO 0x241; main.o:_00722_DS_=0x241
0000023f                      main.o:_00721_DS_:
0000023f defb                 MOVIA 0x4
00000240 ff33                 MOVAR 0x4c
00000241                      main.o:_00722_DS_:
00000241 fd32                 CLRR 0x4d
00000242 fd31                 CLRR 0x4e
00000243 c552                 LGOTO 0x2ad; main.o:_00765_DS_=0x2ad
00000244                      main.o:_00755_DS_:
00000244 defe                 MOVIA 0x1
00000245 fbd6                 SUBAR 0x29, 0x0
00000246 f6fc                 BTRSS 0x3, 0x2
00000247 c5b5                 LGOTO 0x24a; main.o:_00942_DS_=0x24a
00000248 dedc                 MOVIA 0x23
00000249 fbd7                 SUBAR 0x28, 0x0
0000024a                      main.o:_00942_DS_:
0000024a f7fc                 BTRSS 0x3, 0x0
0000024b c591                 LGOTO 0x26e; main.o:_00752_DS_=0x26e
0000024c feb3                 MOVR 0x4c, 0x0
0000024d dbfd                 XORIA 0x2
0000024e f6fc                 BTRSS 0x3, 0x2
0000024f c5a5                 LGOTO 0x25a; main.o:_00726_DS_=0x25a
00000250 defe                 MOVIA 0x1
00000251 fbd6                 SUBAR 0x29, 0x0
00000252 f6fc                 BTRSS 0x3, 0x2
00000253 c5a9                 LGOTO 0x256; main.o:_00943_DS_=0x256
00000254 ded7                 MOVIA 0x28
00000255 fbd7                 SUBAR 0x28, 0x0
00000256                      main.o:_00943_DS_:
00000256 f7fc                 BTRSS 0x3, 0x0
00000257 c5a5                 LGOTO 0x25a; main.o:_00726_DS_=0x25a
00000258 defc                 MOVIA 0x3
00000259 ff33                 MOVAR 0x4c
0000025a                      main.o:_00726_DS_:
0000025a defb                 MOVIA 0x4
0000025b fbb3                 SUBAR 0x4c, 0x0
0000025c f7fc                 BTRSS 0x3, 0x0
0000025d c596                 LGOTO 0x269; main.o:_00730_DS_=0x269
0000025e defe                 MOVIA 0x1
0000025f fbd6                 SUBAR 0x29, 0x0
00000260 f6fc                 BTRSS 0x3, 0x2
00000261 c59b                 LGOTO 0x264; main.o:_00945_DS_=0x264
00000262 deab                 MOVIA 0x54
00000263 fbd7                 SUBAR 0x28, 0x0
00000264                      main.o:_00945_DS_:
00000264 f3fc                 BTRSC 0x3, 0x0
00000265 c594                 LGOTO 0x26b; main.o:_00731_DS_=0x26b
00000266 defc                 MOVIA 0x3
00000267 ff33                 MOVAR 0x4c
00000268 c594                 LGOTO 0x26b; main.o:_00731_DS_=0x26b
00000269                      main.o:_00730_DS_:
00000269 defc                 MOVIA 0x3
0000026a ff33                 MOVAR 0x4c
0000026b                      main.o:_00731_DS_:
0000026b fd32                 CLRR 0x4d
0000026c fd31                 CLRR 0x4e
0000026d c552                 LGOTO 0x2ad; main.o:_00765_DS_=0x2ad
0000026e                      main.o:_00752_DS_:
0000026e deff                 MOVIA 0x0
0000026f fbd6                 SUBAR 0x29, 0x0
00000270 f6fc                 BTRSS 0x3, 0x2
00000271 c58b                 LGOTO 0x274; main.o:_00946_DS_=0x274
00000272 de4a                 MOVIA 0xb5
00000273 fbd7                 SUBAR 0x28, 0x0
00000274                      main.o:_00946_DS_:
00000274 fd43                 CLRR 0x3c
00000275 eb43                 RLR 0x3c, 0x1
00000276 fec3                 MOVR 0x3c, 0x0
00000277 f2fc                 BTRSC 0x3, 0x2
00000278 c569                 LGOTO 0x296; main.o:_00749_DS_=0x296
00000279 feb3                 MOVR 0x4c, 0x0
0000027a dbfe                 XORIA 0x1
0000027b f6fc                 BTRSS 0x3, 0x2
0000027c c57d                 LGOTO 0x282; main.o:_00735_DS_=0x282
0000027d fec3                 MOVR 0x3c, 0x0
0000027e f2fc                 BTRSC 0x3, 0x2
0000027f c57d                 LGOTO 0x282; main.o:_00735_DS_=0x282
00000280 defd                 MOVIA 0x2
00000281 ff33                 MOVAR 0x4c
00000282                      main.o:_00735_DS_:
00000282 defc                 MOVIA 0x3
00000283 fbb3                 SUBAR 0x4c, 0x0
00000284 f7fc                 BTRSS 0x3, 0x0
00000285 c56e                 LGOTO 0x291; main.o:_00739_DS_=0x291
00000286 deff                 MOVIA 0x0
00000287 fbd6                 SUBAR 0x29, 0x0
00000288 f6fc                 BTRSS 0x3, 0x2
00000289 c573                 LGOTO 0x28c; main.o:_00948_DS_=0x28c
0000028a de0f                 MOVIA 0xf0
0000028b fbd7                 SUBAR 0x28, 0x0
0000028c                      main.o:_00948_DS_:
0000028c f3fc                 BTRSC 0x3, 0x0
0000028d c56c                 LGOTO 0x293; main.o:_00740_DS_=0x293
0000028e defd                 MOVIA 0x2
0000028f ff33                 MOVAR 0x4c
00000290 c56c                 LGOTO 0x293; main.o:_00740_DS_=0x293
00000291                      main.o:_00739_DS_:
00000291 defd                 MOVIA 0x2
00000292 ff33                 MOVAR 0x4c
00000293                      main.o:_00740_DS_:
00000293 fd32                 CLRR 0x4d
00000294 fd31                 CLRR 0x4e
00000295 c552                 LGOTO 0x2ad; main.o:_00765_DS_=0x2ad
00000296                      main.o:_00749_DS_:
00000296 fed7                 MOVR 0x28, 0x0
00000297 eed6                 IORAR 0x29, 0x0
00000298 f2fc                 BTRSC 0x3, 0x2
00000299 c552                 LGOTO 0x2ad; main.o:_00765_DS_=0x2ad
0000029a defd                 MOVIA 0x2
0000029b fbb3                 SUBAR 0x4c, 0x0
0000029c f7fc                 BTRSS 0x3, 0x0
0000029d c556                 LGOTO 0x2a9; main.o:_00744_DS_=0x2a9
0000029e deff                 MOVIA 0x0
0000029f fbd6                 SUBAR 0x29, 0x0
000002a0 f6fc                 BTRSS 0x3, 0x2
000002a1 c55b                 LGOTO 0x2a4; main.o:_00950_DS_=0x2a4
000002a2 de55                 MOVIA 0xaa
000002a3 fbd7                 SUBAR 0x28, 0x0
000002a4                      main.o:_00950_DS_:
000002a4 f3fc                 BTRSC 0x3, 0x0
000002a5 c554                 LGOTO 0x2ab; main.o:_00745_DS_=0x2ab
000002a6 defe                 MOVIA 0x1
000002a7 ff33                 MOVAR 0x4c
000002a8 c554                 LGOTO 0x2ab; main.o:_00745_DS_=0x2ab
000002a9                      main.o:_00744_DS_:
000002a9 defe                 MOVIA 0x1
000002aa ff33                 MOVAR 0x4c
000002ab                      main.o:_00745_DS_:
000002ab fd32                 CLRR 0x4d
000002ac fd31                 CLRR 0x4e
000002ad                      main.o:_00765_DS_:
000002ad f67a                 BTRSS 0x5, 0x3
000002ae c549                 LGOTO 0x2b6; main.o:_00771_DS_=0x2b6
000002af feb3                 MOVR 0x4c, 0x0
000002b0 fb97                 SUBAR 0x68, 0x0
000002b1 f3fc                 BTRSC 0x3, 0x0
000002b2 c543                 LGOTO 0x2bc; main.o:_00772_DS_=0x2bc
000002b3 feb3                 MOVR 0x4c, 0x0
000002b4 ff17                 MOVAR 0x68
000002b5 c543                 LGOTO 0x2bc; main.o:_00772_DS_=0x2bc
000002b6                      main.o:_00771_DS_:
000002b6 fe97                 MOVR 0x68, 0x0
000002b7 fbb3                 SUBAR 0x4c, 0x0
000002b8 f3fc                 BTRSC 0x3, 0x0
000002b9 c543                 LGOTO 0x2bc; main.o:_00772_DS_=0x2bc
000002ba feb3                 MOVR 0x4c, 0x0
000002bb ff17                 MOVAR 0x68
000002bc                      main.o:_00772_DS_:
000002bc fe97                 MOVR 0x68, 0x0
000002bd f2fc                 BTRSC 0x3, 0x2
000002be c53e                 LGOTO 0x2c1; main.o:_00775_DS_=0x2c1
000002bf fe97                 MOVR 0x68, 0x0
000002c0 ff33                 MOVAR 0x4c
000002c1                      main.o:_00775_DS_:
000002c1 ffef                 RET
000002c2                      _initAD:
000002c2 de7b                 MOVIA 0x84
000002c3 ff6f                 MOVAR 0x10
000002c4 fd6c                 CLRR 0x13
000002c5 deef                 MOVIA 0x10
000002c6 ff6e                 MOVAR 0x11
000002c7 defc                 MOVIA 0x3
000002c8 ff6b                 MOVAR 0x14
000002c9 e5ef                 BSR 0x10, 0x4
000002ca de9b                 MOVIA 0x64
000002cb d532                 LCALL 0x2cd; _delay=0x2cd
000002cc ffef                 RET
000002cd                      _delay:
000002cd ff45                 MOVAR 0x3a
000002ce fd44                 CLRR 0x3b
000002cf                      main.o:_00656_DS_:
000002cf fec5                 MOVR 0x3a, 0x0
000002d0 fbc4                 SUBAR 0x3b, 0x0
000002d1 f3fc                 BTRSC 0x3, 0x0
000002d2 c529                 LGOTO 0x2d6; main.o:_00658_DS_=0x2d6
000002d3 ffff                 NOP
000002d4 fa44                 INCR 0x3b, 0x1
000002d5 c530                 LGOTO 0x2cf; main.o:_00656_DS_=0x2cf
000002d6                      main.o:_00658_DS_:
000002d6 ffef                 RET
000002d7                      _chrgCtr:
000002d7 f67a                 BTRSS 0x5, 0x3
000002d8 c423                 LGOTO 0x3dc; main.o:_00526_DS_=0x3dc
000002d9 e63a                 BSR 0x45, 0x3
000002da fd36                 CLRR 0x49
000002db fd28                 CLRR 0x57
000002dc d3cb                 LCALL 0x434; _pwmStop=0x434
000002dd def8                 MOVIA 0x7
000002de fbb3                 SUBAR 0x4c, 0x0
000002df f7fc                 BTRSS 0x3, 0x0
000002e0 c502                 LGOTO 0x2fd; main.o:_00521_DS_=0x2fd
000002e1 def6                 MOVIA 0x9
000002e2 ff18                 MOVAR 0x67
000002e3 def9                 MOVIA 0x6
000002e4 ff35                 MOVAR 0x4a
000002e5 feb3                 MOVR 0x4c, 0x0
000002e6 dbf7                 XORIA 0x8
000002e7 f6fc                 BTRSS 0x3, 0x2
000002e8 c505                 LGOTO 0x2fa; main.o:_00455_DS_=0x2fa
000002e9 fa26                 INCR 0x59, 0x1
000002ea f2fc                 BTRSC 0x3, 0x2
000002eb fa25                 INCR 0x5a, 0x1
000002ec deff                 MOVIA 0x0
000002ed fba5                 SUBAR 0x5a, 0x0
000002ee f6fc                 BTRSS 0x3, 0x2
000002ef c50d                 LGOTO 0x2f2; main.o:_00627_DS_=0x2f2
000002f0 de9b                 MOVIA 0x64
000002f1 fba6                 SUBAR 0x59, 0x0
000002f2                      main.o:_00627_DS_:
000002f2 f7fc                 BTRSS 0x3, 0x0
000002f3 c505                 LGOTO 0x2fa; main.o:_00455_DS_=0x2fa
000002f4 de9b                 MOVIA 0x64
000002f5 ff26                 MOVAR 0x59
000002f6 fd25                 CLRR 0x5a
000002f7 d3bc                 LCALL 0x443; _pwm1Stop=0x443
000002f8 e279                 BCR 0x6, 0x3
000002f9 c416                 LGOTO 0x3e9; main.o:_00528_DS_=0x3e9
000002fa                      main.o:_00455_DS_:
000002fa dee7                 MOVIA 0x18
000002fb ffbc                 SFUN 0x3
000002fc c416                 LGOTO 0x3e9; main.o:_00528_DS_=0x3e9
000002fd                      main.o:_00521_DS_:
000002fd ffe9                 IOSTR 0x6
000002fe ff49                 MOVAR 0x36
000002ff e249                 BCR 0x36, 0x3
00000300 fec9                 MOVR 0x36, 0x0
00000301 fff9                 IOST 0x6
00000302 fd26                 CLRR 0x59
00000303 fd25                 CLRR 0x5a
00000304 feb8                 MOVR 0x47, 0x0
00000305 f6fc                 BTRSS 0x3, 0x2
00000306 c4cb                 LGOTO 0x334; main.o:_00466_DS_=0x334
00000307 def8                 MOVIA 0x7
00000308 fbb3                 SUBAR 0x4c, 0x0
00000309 f3fc                 BTRSC 0x3, 0x0
0000030a c4cb                 LGOTO 0x334; main.o:_00466_DS_=0x334
0000030b def6                 MOVIA 0x9
0000030c fb98                 SUBAR 0x67, 0x0
0000030d f3fc                 BTRSC 0x3, 0x0
0000030e c4cb                 LGOTO 0x334; main.o:_00466_DS_=0x334
0000030f feb3                 MOVR 0x4c, 0x0
00000310 ff49                 MOVAR 0x36
00000311 fd48                 CLRR 0x37
00000312 de00                 MOVIA 0xff
00000313 fc49                 ADDAR 0x36, 0x1
00000314 f7fc                 BTRSS 0x3, 0x0
00000315 f948                 DECR 0x37, 0x1
00000316 fe9b                 MOVR 0x64, 0x0
00000317 ff47                 MOVAR 0x38
00000318 deff                 MOVIA 0x0
00000319 da7f                 ADDIA 0x80
0000031a ff46                 MOVAR 0x39
0000031b fec8                 MOVR 0x37, 0x0
0000031c da7f                 ADDIA 0x80
0000031d fbc6                 SUBAR 0x39, 0x0
0000031e f6fc                 BTRSS 0x3, 0x2
0000031f c4dd                 LGOTO 0x322; main.o:_00630_DS_=0x322
00000320 fec9                 MOVR 0x36, 0x0
00000321 fbc7                 SUBAR 0x38, 0x0
00000322                      main.o:_00630_DS_:
00000322 f3fc                 BTRSC 0x3, 0x0
00000323 c4d3                 LGOTO 0x32c; main.o:_00461_DS_=0x32c
00000324 fa14                 INCR 0x6b, 0x1
00000325 deea                 MOVIA 0x15
00000326 fb94                 SUBAR 0x6b, 0x0
00000327 f7fc                 BTRSS 0x3, 0x0
00000328 c4d2                 LGOTO 0x32d; main.o:_00462_DS_=0x32d
00000329 f9b3                 DECR 0x4c, 0x0
0000032a ff1b                 MOVAR 0x64
0000032b c4d2                 LGOTO 0x32d; main.o:_00462_DS_=0x32d
0000032c                      main.o:_00461_DS_:
0000032c fd14                 CLRR 0x6b
0000032d                      main.o:_00462_DS_:
0000032d fa35                 INCR 0x4a, 0x1
0000032e def8                 MOVIA 0x7
0000032f fbb5                 SUBAR 0x4a, 0x0
00000330 f7fc                 BTRSS 0x3, 0x0
00000331 c4cb                 LGOTO 0x334; main.o:_00466_DS_=0x334
00000332 fe9b                 MOVR 0x64, 0x0
00000333 ff35                 MOVAR 0x4a
00000334                      main.o:_00466_DS_:
00000334 fead                 MOVR 0x52, 0x0
00000335 f6fc                 BTRSS 0x3, 0x2
00000336 c425                 LGOTO 0x3da; main.o:_00519_DS_=0x3da
00000337 fe98                 MOVR 0x67, 0x0
00000338 f2fc                 BTRSC 0x3, 0x2
00000339 c445                 LGOTO 0x3ba; main.o:_00516_DS_=0x3ba
0000033a deff                 MOVIA 0x0
0000033b fbd6                 SUBAR 0x29, 0x0
0000033c f6fc                 BTRSS 0x3, 0x2
0000033d c4bf                 LGOTO 0x340; main.o:_00633_DS_=0x340
0000033e deaf                 MOVIA 0x50
0000033f fbd7                 SUBAR 0x28, 0x0
00000340                      main.o:_00633_DS_:
00000340 f3fc                 BTRSC 0x3, 0x0
00000341 c4b4                 LGOTO 0x34b; main.o:_00504_DS_=0x34b
00000342 defd                 MOVIA 0x2
00000343 fb98                 SUBAR 0x67, 0x0
00000344 f3fc                 BTRSC 0x3, 0x0
00000345 c425                 LGOTO 0x3da; main.o:_00519_DS_=0x3da
00000346 defe                 MOVIA 0x1
00000347 ff18                 MOVAR 0x67
00000348 def2                 MOVIA 0xd
00000349 ffbc                 SFUN 0x3
0000034a c425                 LGOTO 0x3da; main.o:_00519_DS_=0x3da
0000034b                      main.o:_00504_DS_:
0000034b deff                 MOVIA 0x0
0000034c fbd6                 SUBAR 0x29, 0x0
0000034d f6fc                 BTRSS 0x3, 0x2
0000034e c4ae                 LGOTO 0x351; main.o:_00635_DS_=0x351
0000034f de91                 MOVIA 0x6e
00000350 fbd7                 SUBAR 0x28, 0x0
00000351                      main.o:_00635_DS_:
00000351 f3fc                 BTRSC 0x3, 0x0
00000352 c4a3                 LGOTO 0x35c; main.o:_00501_DS_=0x35c
00000353 defc                 MOVIA 0x3
00000354 fb98                 SUBAR 0x67, 0x0
00000355 f3fc                 BTRSC 0x3, 0x0
00000356 c425                 LGOTO 0x3da; main.o:_00519_DS_=0x3da
00000357 defd                 MOVIA 0x2
00000358 ff18                 MOVAR 0x67
00000359 def0                 MOVIA 0xf
0000035a ffbc                 SFUN 0x3
0000035b c425                 LGOTO 0x3da; main.o:_00519_DS_=0x3da
0000035c                      main.o:_00501_DS_:
0000035c deff                 MOVIA 0x0
0000035d fbd6                 SUBAR 0x29, 0x0
0000035e f6fc                 BTRSS 0x3, 0x2
0000035f c49d                 LGOTO 0x362; main.o:_00637_DS_=0x362
00000360 de69                 MOVIA 0x96
00000361 fbd7                 SUBAR 0x28, 0x0
00000362                      main.o:_00637_DS_:
00000362 f3fc                 BTRSC 0x3, 0x0
00000363 c492                 LGOTO 0x36d; main.o:_00498_DS_=0x36d
00000364 defb                 MOVIA 0x4
00000365 fb98                 SUBAR 0x67, 0x0
00000366 f3fc                 BTRSC 0x3, 0x0
00000367 c425                 LGOTO 0x3da; main.o:_00519_DS_=0x3da
00000368 defc                 MOVIA 0x3
00000369 ff18                 MOVAR 0x67
0000036a deed                 MOVIA 0x12
0000036b ffbc                 SFUN 0x3
0000036c c425                 LGOTO 0x3da; main.o:_00519_DS_=0x3da
0000036d                      main.o:_00498_DS_:
0000036d deff                 MOVIA 0x0
0000036e fbd6                 SUBAR 0x29, 0x0
0000036f f6fc                 BTRSS 0x3, 0x2
00000370 c48c                 LGOTO 0x373; main.o:_00639_DS_=0x373
00000371 de41                 MOVIA 0xbe
00000372 fbd7                 SUBAR 0x28, 0x0
00000373                      main.o:_00639_DS_:
00000373 f3fc                 BTRSC 0x3, 0x0
00000374 c481                 LGOTO 0x37e; main.o:_00495_DS_=0x37e
00000375 defa                 MOVIA 0x5
00000376 fb98                 SUBAR 0x67, 0x0
00000377 f3fc                 BTRSC 0x3, 0x0
00000378 c425                 LGOTO 0x3da; main.o:_00519_DS_=0x3da
00000379 defb                 MOVIA 0x4
0000037a ff18                 MOVAR 0x67
0000037b deec                 MOVIA 0x13
0000037c ffbc                 SFUN 0x3
0000037d c425                 LGOTO 0x3da; main.o:_00519_DS_=0x3da
0000037e                      main.o:_00495_DS_:
0000037e defe                 MOVIA 0x1
0000037f fbd6                 SUBAR 0x29, 0x0
00000380 f6fc                 BTRSS 0x3, 0x2
00000381 c47b                 LGOTO 0x384; main.o:_00641_DS_=0x384
00000382 defb                 MOVIA 0x4
00000383 fbd7                 SUBAR 0x28, 0x0
00000384                      main.o:_00641_DS_:
00000384 f3fc                 BTRSC 0x3, 0x0
00000385 c470                 LGOTO 0x38f; main.o:_00492_DS_=0x38f
00000386 def9                 MOVIA 0x6
00000387 fb98                 SUBAR 0x67, 0x0
00000388 f3fc                 BTRSC 0x3, 0x0
00000389 c425                 LGOTO 0x3da; main.o:_00519_DS_=0x3da
0000038a defa                 MOVIA 0x5
0000038b ff18                 MOVAR 0x67
0000038c deeb                 MOVIA 0x14
0000038d ffbc                 SFUN 0x3
0000038e c425                 LGOTO 0x3da; main.o:_00519_DS_=0x3da
0000038f                      main.o:_00492_DS_:
0000038f defe                 MOVIA 0x1
00000390 fbd6                 SUBAR 0x29, 0x0
00000391 f6fc                 BTRSS 0x3, 0x2
00000392 c46a                 LGOTO 0x395; main.o:_00643_DS_=0x395
00000393 dec9                 MOVIA 0x36
00000394 fbd7                 SUBAR 0x28, 0x0
00000395                      main.o:_00643_DS_:
00000395 f3fc                 BTRSC 0x3, 0x0
00000396 c45f                 LGOTO 0x3a0; main.o:_00489_DS_=0x3a0
00000397 def8                 MOVIA 0x7
00000398 fb98                 SUBAR 0x67, 0x0
00000399 f3fc                 BTRSC 0x3, 0x0
0000039a c425                 LGOTO 0x3da; main.o:_00519_DS_=0x3da
0000039b def9                 MOVIA 0x6
0000039c ff18                 MOVAR 0x67
0000039d deea                 MOVIA 0x15
0000039e ffbc                 SFUN 0x3
0000039f c425                 LGOTO 0x3da; main.o:_00519_DS_=0x3da
000003a0                      main.o:_00489_DS_:
000003a0 defe                 MOVIA 0x1
000003a1 fbd6                 SUBAR 0x29, 0x0
000003a2 f6fc                 BTRSS 0x3, 0x2
000003a3 c459                 LGOTO 0x3a6; main.o:_00645_DS_=0x3a6
000003a4 deab                 MOVIA 0x54
000003a5 fbd7                 SUBAR 0x28, 0x0
000003a6                      main.o:_00645_DS_:
000003a6 f3fc                 BTRSC 0x3, 0x0
000003a7 c44e                 LGOTO 0x3b1; main.o:_00486_DS_=0x3b1
000003a8 def7                 MOVIA 0x8
000003a9 fb98                 SUBAR 0x67, 0x0
000003aa f3fc                 BTRSC 0x3, 0x0
000003ab c425                 LGOTO 0x3da; main.o:_00519_DS_=0x3da
000003ac def8                 MOVIA 0x7
000003ad ff18                 MOVAR 0x67
000003ae dee9                 MOVIA 0x16
000003af ffbc                 SFUN 0x3
000003b0 c425                 LGOTO 0x3da; main.o:_00519_DS_=0x3da
000003b1                      main.o:_00486_DS_:
000003b1 def6                 MOVIA 0x9
000003b2 fb98                 SUBAR 0x67, 0x0
000003b3 f3fc                 BTRSC 0x3, 0x0
000003b4 c425                 LGOTO 0x3da; main.o:_00519_DS_=0x3da
000003b5 def7                 MOVIA 0x8
000003b6 ff18                 MOVAR 0x67
000003b7 dee8                 MOVIA 0x17
000003b8 ffbc                 SFUN 0x3
000003b9 c425                 LGOTO 0x3da; main.o:_00519_DS_=0x3da
000003ba                      main.o:_00516_DS_:
000003ba fa16                 INCR 0x69, 0x1
000003bb def4                 MOVIA 0xb
000003bc fb96                 SUBAR 0x69, 0x0
000003bd f7fc                 BTRSS 0x3, 0x0
000003be c427                 LGOTO 0x3d8; main.o:_00514_DS_=0x3d8
000003bf def4                 MOVIA 0xb
000003c0 ff16                 MOVAR 0x69
000003c1 deff                 MOVIA 0x0
000003c2 fbd6                 SUBAR 0x29, 0x0
000003c3 f6fc                 BTRSS 0x3, 0x2
000003c4 c438                 LGOTO 0x3c7; main.o:_00649_DS_=0x3c7
000003c5 de37                 MOVIA 0xc8
000003c6 fbd7                 SUBAR 0x28, 0x0
000003c7                      main.o:_00649_DS_:
000003c7 f3fc                 BTRSC 0x3, 0x0
000003c8 c42e                 LGOTO 0x3d1; main.o:_00511_DS_=0x3d1
000003c9 fa15                 INCR 0x6a, 0x1
000003ca de9a                 MOVIA 0x65
000003cb fb95                 SUBAR 0x6a, 0x0
000003cc f7fc                 BTRSS 0x3, 0x0
000003cd c427                 LGOTO 0x3d8; main.o:_00514_DS_=0x3d8
000003ce defe                 MOVIA 0x1
000003cf ff18                 MOVAR 0x67
000003d0 c427                 LGOTO 0x3d8; main.o:_00514_DS_=0x3d8
000003d1                      main.o:_00511_DS_:
000003d1 fa15                 INCR 0x6a, 0x1
000003d2 deea                 MOVIA 0x15
000003d3 fb95                 SUBAR 0x6a, 0x0
000003d4 f7fc                 BTRSS 0x3, 0x0
000003d5 c427                 LGOTO 0x3d8; main.o:_00514_DS_=0x3d8
000003d6 defe                 MOVIA 0x1
000003d7 ff18                 MOVAR 0x67
000003d8                      main.o:_00514_DS_:
000003d8 fe96                 MOVR 0x69, 0x0
000003d9 ffbc                 SFUN 0x3
000003da                      main.o:_00519_DS_:
000003da d3b9                 LCALL 0x446; _pwm1Init=0x446
000003db c416                 LGOTO 0x3e9; main.o:_00528_DS_=0x3e9
000003dc                      main.o:_00526_DS_:
000003dc fd16                 CLRR 0x69
000003dd fd18                 CLRR 0x67
000003de fd15                 CLRR 0x6a
000003df fd1b                 CLRR 0x64
000003e0 fd32                 CLRR 0x4d
000003e1 fd31                 CLRR 0x4e
000003e2 d3bc                 LCALL 0x443; _pwm1Stop=0x443
000003e3 feb6                 MOVR 0x49, 0x0
000003e4 f2fc                 BTRSC 0x3, 0x2
000003e5 fd35                 CLRR 0x4a
000003e6 e23a                 BCR 0x45, 0x3
000003e7 fd32                 CLRR 0x4d
000003e8 fd31                 CLRR 0x4e
000003e9                      main.o:_00528_DS_:
000003e9 ffef                 RET
000003ea                      _keyRead:
000003ea ff4a                 MOVAR 0x35
000003eb feca                 MOVR 0x35, 0x0
000003ec f2fc                 BTRSC 0x3, 0x2
000003ed c405                 LGOTO 0x3fa; main.o:_00447_DS_=0x3fa
000003ee fa37                 INCR 0x48, 0x1
000003ef de9b                 MOVIA 0x64
000003f0 fbb7                 SUBAR 0x48, 0x0
000003f1 f7fc                 BTRSS 0x3, 0x0
000003f2 c3f5                 LGOTO 0x40a; main.o:_00448_DS_=0x40a
000003f3 de9b                 MOVIA 0x64
000003f4 ff37                 MOVAR 0x48
000003f5 f33a                 BTRSC 0x45, 0x1
000003f6 c3f5                 LGOTO 0x40a; main.o:_00448_DS_=0x40a
000003f7 e73a                 BSR 0x45, 0x1
000003f8 defd                 MOVIA 0x2
000003f9 c3f4                 LGOTO 0x40b; main.o:_00449_DS_=0x40b
000003fa                      main.o:_00447_DS_:
000003fa de9b                 MOVIA 0x64
000003fb fbb7                 SUBAR 0x48, 0x0
000003fc f7fc                 BTRSS 0x3, 0x0
000003fd c3fd                 LGOTO 0x402; main.o:_00444_DS_=0x402
000003fe fd37                 CLRR 0x48
000003ff e33a                 BCR 0x45, 0x1
00000400 deff                 MOVIA 0x0
00000401 c3f4                 LGOTO 0x40b; main.o:_00449_DS_=0x40b
00000402                      main.o:_00444_DS_:
00000402 defb                 MOVIA 0x4
00000403 fbb7                 SUBAR 0x48, 0x0
00000404 f7fc                 BTRSS 0x3, 0x0
00000405 c3f6                 LGOTO 0x409; main.o:_00445_DS_=0x409
00000406 fd37                 CLRR 0x48
00000407 defe                 MOVIA 0x1
00000408 c3f4                 LGOTO 0x40b; main.o:_00449_DS_=0x40b
00000409                      main.o:_00445_DS_:
00000409 fd37                 CLRR 0x48
0000040a                      main.o:_00448_DS_:
0000040a deff                 MOVIA 0x0
0000040b                      main.o:_00449_DS_:
0000040b ffef                 RET
0000040c                      _gotoSleep:
0000040c fd2c                 CLRR 0x53
0000040d fd2b                 CLRR 0x54
0000040e d34b                 LCALL 0x4b4; _LedInput=0x4b4
0000040f fd30                 CLRR 0x4f
00000410 fd2f                 CLRR 0x50
00000411 d3cb                 LCALL 0x434; _pwmStop=0x434
00000412 d3bc                 LCALL 0x443; _pwm1Stop=0x443
00000413 de77                 MOVIA 0x88
00000414 fffa                 IOST 0x5
00000415 fdff                 CLRA
00000416 fff9                 IOST 0x6
00000417 fd7a                 CLRR 0x5
00000418 fd79                 CLRR 0x6
00000419 fd36                 CLRR 0x49
0000041a de77                 MOVIA 0x88
0000041b ff6a                 MOVAR 0x15
0000041c fd76                 CLRR 0x9
0000041d e2ba                 BCR 0x45, 0x2
0000041e defd                 MOVIA 0x2
0000041f ff71                 MOVAR 0xe
00000420 dee7                 MOVIA 0x18
00000421 ff77                 MOVAR 0x8
00000422 fd70                 CLRR 0xf
00000423 fffd                 CLRWDT
00000424 fffb                 ENI
00000425 fffe                 SLEEP
00000426 fd6a                 CLRR 0x15
00000427 de41                 MOVIA 0xbe
00000428 fffa                 IOST 0x5
00000429 fdff                 CLRA
0000042a fff9                 IOST 0x6
0000042b fd7a                 CLRR 0x5
0000042c de80                 MOVIA 0x7f
0000042d fff6                 IOST 0x9
0000042e defe                 MOVIA 0x1
0000042f ff71                 MOVAR 0xe
00000430 fd70                 CLRR 0xf
00000431 de47                 MOVIA 0xb8
00000432 ff77                 MOVAR 0x8
00000433 ffef                 RET
00000434                      _pwmStop:
00000434 fdff                 CLRA
00000435 ffb5                 SFUN 0xa
00000436 ffef                 RET
00000437                      _pwmInit:
00000437 ff95                 SFUNR 0xa
00000438 ff4b                 MOVAR 0x34
00000439 f04b                 BTRSC 0x34, 0x7
0000043a c3bd                 LGOTO 0x442; main.o:_00424_DS_=0x442
0000043b fd66                 CLRR 0x19
0000043c de9b                 MOVIA 0x64
0000043d ffb6                 SFUN 0x9
0000043e defe                 MOVIA 0x1
0000043f ffb4                 SFUN 0xb
00000440 de7c                 MOVIA 0x83
00000441 ffb5                 SFUN 0xa
00000442                      main.o:_00424_DS_:
00000442 ffef                 RET
00000443                      _pwm1Stop:
00000443 fdff                 CLRA
00000444 ffbe                 SFUN 0x1
00000445 ffef                 RET
00000446                      _pwm1Init:
00000446 ff9e                 SFUNR 0x1
00000447 ff4c                 MOVAR 0x33
00000448 f04c                 BTRSC 0x33, 0x7
00000449 c3ac                 LGOTO 0x453; main.o:_00413_DS_=0x453
0000044a fd66                 CLRR 0x19
0000044b decf                 MOVIA 0x30
0000044c ffbf                 SFUN 0x0
0000044d fdff                 CLRA
0000044e ffbd                 SFUN 0x2
0000044f def7                 MOVIA 0x8
00000450 ffbd                 SFUN 0x2
00000451 de7c                 MOVIA 0x83
00000452 ffbe                 SFUN 0x1
00000453                      main.o:_00413_DS_:
00000453 ffef                 RET
00000454                      _LED6ON:
00000454 ffea                 IOSTR 0x5
00000455 ff4d                 MOVAR 0x32
00000456 e3cd                 BCR 0x32, 0x0
00000457 fecd                 MOVR 0x32, 0x0
00000458 fffa                 IOST 0x5
00000459 ffe9                 IOSTR 0x6
0000045a ff4d                 MOVAR 0x32
0000045b e34d                 BCR 0x32, 0x1
0000045c fecd                 MOVR 0x32, 0x0
0000045d fff9                 IOST 0x6
0000045e e779                 BSR 0x6, 0x1
0000045f e3fa                 BCR 0x5, 0x0
00000460 de9b                 MOVIA 0x64
00000461 d532                 LCALL 0x2cd; _delay=0x2cd
00000462 d34b                 LCALL 0x4b4; _LedInput=0x4b4
00000463 ffef                 RET
00000464                      _LED5ON:
00000464 ffea                 IOSTR 0x5
00000465 ff4e                 MOVAR 0x31
00000466 e3ce                 BCR 0x31, 0x0
00000467 fece                 MOVR 0x31, 0x0
00000468 fffa                 IOST 0x5
00000469 ffe9                 IOSTR 0x6
0000046a ff4e                 MOVAR 0x31
0000046b e34e                 BCR 0x31, 0x1
0000046c fece                 MOVR 0x31, 0x0
0000046d fff9                 IOST 0x6
0000046e e7fa                 BSR 0x5, 0x0
0000046f e379                 BCR 0x6, 0x1
00000470 de9b                 MOVIA 0x64
00000471 d532                 LCALL 0x2cd; _delay=0x2cd
00000472 d34b                 LCALL 0x4b4; _LedInput=0x4b4
00000473 ffef                 RET
00000474                      _LED4ON:
00000474 ffe9                 IOSTR 0x6
00000475 ff4f                 MOVAR 0x30
00000476 e3cf                 BCR 0x30, 0x0
00000477 fecf                 MOVR 0x30, 0x0
00000478 fff9                 IOST 0x6
00000479 ffea                 IOSTR 0x5
0000047a ff4f                 MOVAR 0x30
0000047b e3cf                 BCR 0x30, 0x0
0000047c fecf                 MOVR 0x30, 0x0
0000047d fffa                 IOST 0x5
0000047e e7f9                 BSR 0x6, 0x0
0000047f e3fa                 BCR 0x5, 0x0
00000480 de9b                 MOVIA 0x64
00000481 d532                 LCALL 0x2cd; _delay=0x2cd
00000482 d34b                 LCALL 0x4b4; _LedInput=0x4b4
00000483 ffef                 RET
00000484                      _LED3ON:
00000484 ffe9                 IOSTR 0x6
00000485 ff50                 MOVAR 0x2f
00000486 e3d0                 BCR 0x2f, 0x0
00000487 fed0                 MOVR 0x2f, 0x0
00000488 fff9                 IOST 0x6
00000489 ffe9                 IOSTR 0x6
0000048a ff50                 MOVAR 0x2f
0000048b e350                 BCR 0x2f, 0x1
0000048c fed0                 MOVR 0x2f, 0x0
0000048d fff9                 IOST 0x6
0000048e e779                 BSR 0x6, 0x1
0000048f e3f9                 BCR 0x6, 0x0
00000490 de9b                 MOVIA 0x64
00000491 d532                 LCALL 0x2cd; _delay=0x2cd
00000492 d34b                 LCALL 0x4b4; _LedInput=0x4b4
00000493 ffef                 RET
00000494                      _LED2ON:
00000494 ffea                 IOSTR 0x5
00000495 ff51                 MOVAR 0x2e
00000496 e3d1                 BCR 0x2e, 0x0
00000497 fed1                 MOVR 0x2e, 0x0
00000498 fffa                 IOST 0x5
00000499 ffe9                 IOSTR 0x6
0000049a ff51                 MOVAR 0x2e
0000049b e3d1                 BCR 0x2e, 0x0
0000049c fed1                 MOVR 0x2e, 0x0
0000049d fff9                 IOST 0x6
0000049e e7fa                 BSR 0x5, 0x0
0000049f e3f9                 BCR 0x6, 0x0
000004a0 de9b                 MOVIA 0x64
000004a1 d532                 LCALL 0x2cd; _delay=0x2cd
000004a2 d34b                 LCALL 0x4b4; _LedInput=0x4b4
000004a3 ffef                 RET
000004a4                      _LED1ON:
000004a4 ffe9                 IOSTR 0x6
000004a5 ff52                 MOVAR 0x2d
000004a6 e3d2                 BCR 0x2d, 0x0
000004a7 fed2                 MOVR 0x2d, 0x0
000004a8 fff9                 IOST 0x6
000004a9 ffe9                 IOSTR 0x6
000004aa ff52                 MOVAR 0x2d
000004ab e352                 BCR 0x2d, 0x1
000004ac fed2                 MOVR 0x2d, 0x0
000004ad fff9                 IOST 0x6
000004ae e7f9                 BSR 0x6, 0x0
000004af e379                 BCR 0x6, 0x1
000004b0 de9b                 MOVIA 0x64
000004b1 d532                 LCALL 0x2cd; _delay=0x2cd
000004b2 d34b                 LCALL 0x4b4; _LedInput=0x4b4
000004b3 ffef                 RET
000004b4                      _LedInput:
000004b4 ffea                 IOSTR 0x5
000004b5 ff53                 MOVAR 0x2c
000004b6 e7d3                 BSR 0x2c, 0x0
000004b7 fed3                 MOVR 0x2c, 0x0
000004b8 fffa                 IOST 0x5
000004b9 ffe9                 IOSTR 0x6
000004ba ff53                 MOVAR 0x2c
000004bb defc                 MOVIA 0x3
000004bc ee53                 IORAR 0x2c, 0x1
000004bd fed3                 MOVR 0x2c, 0x0
000004be fff9                 IOST 0x6
000004bf e3fa                 BCR 0x5, 0x0
000004c0 de03                 MOVIA 0xfc
000004c1 ef79                 ANDAR 0x6, 0x1
000004c2 ffef                 RET
000004c3                      _ledShow:
000004c3 fe9c                 MOVR 0x63, 0x0
000004c4 f2fc                 BTRSC 0x3, 0x2
000004c5 c330                 LGOTO 0x4cf; main.o:_00310_DS_=0x4cf
000004c6 feb6                 MOVR 0x49, 0x0
000004c7 f6fc                 BTRSS 0x3, 0x2
000004c8 c330                 LGOTO 0x4cf; main.o:_00310_DS_=0x4cf
000004c9 f39c                 BTRSC 0x63, 0x0
000004ca c332                 LGOTO 0x4cd; main.o:_00307_DS_=0x4cd
000004cb fd35                 CLRR 0x4a
000004cc c330                 LGOTO 0x4cf; main.o:_00310_DS_=0x4cf
000004cd                      main.o:_00307_DS_:
000004cd fe9f                 MOVR 0x60, 0x0
000004ce ff35                 MOVAR 0x4a
000004cf                      main.o:_00310_DS_:
000004cf fea8                 MOVR 0x57, 0x0
000004d0 f2fc                 BTRSC 0x3, 0x2
000004d1 c31e                 LGOTO 0x4e1; main.o:_00318_DS_=0x4e1
000004d2 feb3                 MOVR 0x4c, 0x0
000004d3 f2fc                 BTRSC 0x3, 0x2
000004d4 c31e                 LGOTO 0x4e1; main.o:_00318_DS_=0x4e1
000004d5 fea8                 MOVR 0x57, 0x0
000004d6 f2fc                 BTRSC 0x3, 0x2
000004d7 c31e                 LGOTO 0x4e1; main.o:_00318_DS_=0x4e1
000004d8 def8                 MOVIA 0x7
000004d9 fbb3                 SUBAR 0x4c, 0x0
000004da f7fc                 BTRSS 0x3, 0x0
000004db c320                 LGOTO 0x4df; main.o:_00313_DS_=0x4df
000004dc def9                 MOVIA 0x6
000004dd ff35                 MOVAR 0x4a
000004de c31e                 LGOTO 0x4e1; main.o:_00318_DS_=0x4e1
000004df                      main.o:_00313_DS_:
000004df feb3                 MOVR 0x4c, 0x0
000004e0 ff35                 MOVAR 0x4a
000004e1                      main.o:_00318_DS_:
000004e1 fea4                 MOVR 0x5b, 0x0
000004e2 f2fc                 BTRSC 0x3, 0x2
000004e3 c30d                 LGOTO 0x4f2; main.o:_00324_DS_=0x4f2
000004e4 feb6                 MOVR 0x49, 0x0
000004e5 f2fc                 BTRSC 0x3, 0x2
000004e6 c30d                 LGOTO 0x4f2; main.o:_00324_DS_=0x4f2
000004e7 feb3                 MOVR 0x4c, 0x0
000004e8 f6fc                 BTRSS 0x3, 0x2
000004e9 c30d                 LGOTO 0x4f2; main.o:_00324_DS_=0x4f2
000004ea decd                 MOVIA 0x32
000004eb fbad                 SUBAR 0x52, 0x0
000004ec f3fc                 BTRSC 0x3, 0x0
000004ed c30e                 LGOTO 0x4f1; main.o:_00321_DS_=0x4f1
000004ee feb6                 MOVR 0x49, 0x0
000004ef ff35                 MOVAR 0x4a
000004f0 c30d                 LGOTO 0x4f2; main.o:_00324_DS_=0x4f2
000004f1                      main.o:_00321_DS_:
000004f1 fd35                 CLRR 0x4a
000004f2                      main.o:_00324_DS_:
000004f2 d34b                 LCALL 0x4b4; _LedInput=0x4b4
000004f3 def6                 MOVIA 0x9
000004f4 fbb5                 SUBAR 0x4a, 0x0
000004f5 f3fc                 BTRSC 0x3, 0x0
000004f6 c2f0                 LGOTO 0x50f; main.o:_00337_DS_=0x50f
000004f7 defb                 MOVIA 0x4
000004f8 ff75                 MOVAR 0xa
000004f9 feb5                 MOVR 0x4a, 0x0
000004fa da01                 ADDIA 0xfe
000004fb f3fc                 BTRSC 0x3, 0x0
000004fc fa75                 INCR 0xa, 0x1
000004fd ff7d                 MOVAR 0x2
000004fe                      main.o:_00378_DS_:
000004fe c2f8                 LGOTO 0x507; main.o:_00327_DS_=0x507
000004ff c2f1                 LGOTO 0x50e; main.o:_00335_DS_=0x50e
00000500 c2f2                 LGOTO 0x50d; main.o:_00334_DS_=0x50d
00000501 c2f3                 LGOTO 0x50c; main.o:_00333_DS_=0x50c
00000502 c2f4                 LGOTO 0x50b; main.o:_00332_DS_=0x50b
00000503 c2f5                 LGOTO 0x50a; main.o:_00331_DS_=0x50a
00000504 c2f6                 LGOTO 0x509; main.o:_00330_DS_=0x509
00000505 c2f6                 LGOTO 0x509; main.o:_00330_DS_=0x509
00000506 c2f6                 LGOTO 0x509; main.o:_00330_DS_=0x509
00000507                      main.o:_00327_DS_:
00000507 d34b                 LCALL 0x4b4; _LedInput=0x4b4
00000508 c2f0                 LGOTO 0x50f; main.o:_00337_DS_=0x50f
00000509                      main.o:_00330_DS_:
00000509 d3ab                 LCALL 0x454; _LED6ON=0x454
0000050a                      main.o:_00331_DS_:
0000050a d39b                 LCALL 0x464; _LED5ON=0x464
0000050b                      main.o:_00332_DS_:
0000050b d38b                 LCALL 0x474; _LED4ON=0x474
0000050c                      main.o:_00333_DS_:
0000050c d37b                 LCALL 0x484; _LED3ON=0x484
0000050d                      main.o:_00334_DS_:
0000050d d36b                 LCALL 0x494; _LED2ON=0x494
0000050e                      main.o:_00335_DS_:
0000050e d35b                 LCALL 0x4a4; _LED1ON=0x4a4
0000050f                      main.o:_00337_DS_:
0000050f ffef                 RET
00000510                      _initSys:
00000510 ffec                 DISI
00000511 de41                 MOVIA 0xbe
00000512 fffa                 IOST 0x5
00000513 fdff                 CLRA
00000514 fff9                 IOST 0x6
00000515 fd79                 CLRR 0x6
00000516 fd7a                 CLRR 0x5
00000517 d34b                 LCALL 0x4b4; _LedInput=0x4b4
00000518 de80                 MOVIA 0x7f
00000519 fff6                 IOST 0x9
0000051a de00                 MOVIA 0xff
0000051b ff73                 MOVAR 0xc
0000051c ff74                 MOVAR 0xb
0000051d defe                 MOVIA 0x1
0000051e ff71                 MOVAR 0xe
0000051f fdff                 CLRA
00000520 fff0                 IOST 0xf
00000521 dec8                 MOVIA 0x37
00000522 ff7e                 MOVAR 0x1
00000523 defe                 MOVIA 0x1
00000524 fffc                 T0MD
00000525 fff0                 IOST 0xf
00000526 de67                 MOVIA 0x98
00000527 ff77                 MOVAR 0x8
00000528 defe                 MOVIA 0x1
00000529 fff0                 IOST 0xf
0000052a fffb                 ENI
0000052b ffef                 RET
0000052c                      _powerOff:
0000052c fd36                 CLRR 0x49
0000052d fd35                 CLRR 0x4a
0000052e d3cb                 LCALL 0x434; _pwmStop=0x434
0000052f ffef                 RET
00000530                      _keyCtr:
00000530 f8fa                 COMR 0x5, 0x0
00000531 ff54                 MOVAR 0x2b
00000532 de7f                 MOVIA 0x80
00000533 ef54                 ANDAR 0x2b, 0x1
00000534 fed4                 MOVR 0x2b, 0x0
00000535 d415                 LCALL 0x3ea; _keyRead=0x3ea
00000536 ff54                 MOVAR 0x2b
00000537 dbfe                 XORIA 0x1
00000538 f6fc                 BTRSS 0x3, 0x2
00000539 c279                 LGOTO 0x586; main.o:_00291_DS_=0x586
0000053a fd38                 CLRR 0x47
0000053b fd28                 CLRR 0x57
0000053c feb3                 MOVR 0x4c, 0x0
0000053d f6fc                 BTRSS 0x3, 0x2
0000053e c2bc                 LGOTO 0x543; main.o:_00259_DS_=0x543
0000053f fd30                 CLRR 0x4f
00000540 fd2f                 CLRR 0x50
00000541 d2d3                 LCALL 0x52c; _powerOff=0x52c
00000542 c25d                 LGOTO 0x5a2; main.o:_00293_DS_=0x5a2
00000543                      main.o:_00259_DS_:
00000543 fd2a                 CLRR 0x55
00000544 fa36                 INCR 0x49, 0x1
00000545 def8                 MOVIA 0x7
00000546 fbb6                 SUBAR 0x49, 0x0
00000547 f3fc                 BTRSC 0x3, 0x0
00000548 fd36                 CLRR 0x49
00000549 feb6                 MOVR 0x49, 0x0
0000054a f2fc                 BTRSC 0x3, 0x2
0000054b d2d3                 LCALL 0x52c; _powerOff=0x52c
0000054c feb6                 MOVR 0x49, 0x0
0000054d dbfe                 XORIA 0x1
0000054e f6fc                 BTRSS 0x3, 0x2
0000054f c2a5                 LGOTO 0x55a; main.o:_00279_DS_=0x55a
00000550 defe                 MOVIA 0x1
00000551 ff35                 MOVAR 0x4a
00000552 fd28                 CLRR 0x57
00000553 deaa                 MOVIA 0x55
00000554 ffb3                 SFUN 0xc
00000555 ff27                 MOVAR 0x58
00000556 deb2                 MOVIA 0x4d
00000557 ff34                 MOVAR 0x4b
00000558 d3c8                 LCALL 0x437; _pwmInit=0x437
00000559 c283                 LGOTO 0x57c; main.o:_00280_DS_=0x57c
0000055a                      main.o:_00279_DS_:
0000055a feb6                 MOVR 0x49, 0x0
0000055b dbfd                 XORIA 0x2
0000055c f6fc                 BTRSS 0x3, 0x2
0000055d c29e                 LGOTO 0x561; main.o:_00276_DS_=0x561
0000055e deae                 MOVIA 0x51
0000055f ff34                 MOVAR 0x4b
00000560 c283                 LGOTO 0x57c; main.o:_00280_DS_=0x57c
00000561                      main.o:_00276_DS_:
00000561 feb6                 MOVR 0x49, 0x0
00000562 dbfc                 XORIA 0x3
00000563 f6fc                 BTRSS 0x3, 0x2
00000564 c297                 LGOTO 0x568; main.o:_00273_DS_=0x568
00000565 deaa                 MOVIA 0x55
00000566 ff34                 MOVAR 0x4b
00000567 c283                 LGOTO 0x57c; main.o:_00280_DS_=0x57c
00000568                      main.o:_00273_DS_:
00000568 feb6                 MOVR 0x49, 0x0
00000569 dbfb                 XORIA 0x4
0000056a f6fc                 BTRSS 0x3, 0x2
0000056b c290                 LGOTO 0x56f; main.o:_00270_DS_=0x56f
0000056c dea5                 MOVIA 0x5a
0000056d ff34                 MOVAR 0x4b
0000056e c283                 LGOTO 0x57c; main.o:_00280_DS_=0x57c
0000056f                      main.o:_00270_DS_:
0000056f feb6                 MOVR 0x49, 0x0
00000570 dbfa                 XORIA 0x5
00000571 f6fc                 BTRSS 0x3, 0x2
00000572 c289                 LGOTO 0x576; main.o:_00267_DS_=0x576
00000573 dea2                 MOVIA 0x5d
00000574 ff34                 MOVAR 0x4b
00000575 c283                 LGOTO 0x57c; main.o:_00280_DS_=0x57c
00000576                      main.o:_00267_DS_:
00000576 feb6                 MOVR 0x49, 0x0
00000577 dbf9                 XORIA 0x6
00000578 f6fc                 BTRSS 0x3, 0x2
00000579 c283                 LGOTO 0x57c; main.o:_00280_DS_=0x57c
0000057a de9e                 MOVIA 0x61
0000057b ff34                 MOVAR 0x4b
0000057c                      main.o:_00280_DS_:
0000057c defd                 MOVIA 0x2
0000057d fbb6                 SUBAR 0x49, 0x0
0000057e f7fc                 BTRSS 0x3, 0x0
0000057f c27c                 LGOTO 0x583; main.o:_00282_DS_=0x583
00000580 feb4                 MOVR 0x4b, 0x0
00000581 ffb3                 SFUN 0xc
00000582 d3c8                 LCALL 0x437; _pwmInit=0x437
00000583                      main.o:_00282_DS_:
00000583 feb6                 MOVR 0x49, 0x0
00000584 ff35                 MOVAR 0x4a
00000585 c25d                 LGOTO 0x5a2; main.o:_00293_DS_=0x5a2
00000586                      main.o:_00291_DS_:
00000586 fed4                 MOVR 0x2b, 0x0
00000587 dbfd                 XORIA 0x2
00000588 f6fc                 BTRSS 0x3, 0x2
00000589 c25d                 LGOTO 0x5a2; main.o:_00293_DS_=0x5a2
0000058a feb6                 MOVR 0x49, 0x0
0000058b f2fc                 BTRSC 0x3, 0x2
0000058c c270                 LGOTO 0x58f; main.o:_00286_DS_=0x58f
0000058d d2d3                 LCALL 0x52c; _powerOff=0x52c
0000058e c25f                 LGOTO 0x5a0; main.o:_00287_DS_=0x5a0
0000058f                      main.o:_00286_DS_:
0000058f feb3                 MOVR 0x4c, 0x0
00000590 f6fc                 BTRSS 0x3, 0x2
00000591 c269                 LGOTO 0x596; main.o:_00284_DS_=0x596
00000592 fd30                 CLRR 0x4f
00000593 fd2f                 CLRR 0x50
00000594 d2d3                 LCALL 0x52c; _powerOff=0x52c
00000595 c25d                 LGOTO 0x5a2; main.o:_00293_DS_=0x5a2
00000596                      main.o:_00284_DS_:
00000596 fd28                 CLRR 0x57
00000597 defe                 MOVIA 0x1
00000598 ff35                 MOVAR 0x4a
00000599 ff36                 MOVAR 0x49
0000059a deaa                 MOVIA 0x55
0000059b ffb3                 SFUN 0xc
0000059c ff27                 MOVAR 0x58
0000059d deb2                 MOVIA 0x4d
0000059e ff34                 MOVAR 0x4b
0000059f d3c8                 LCALL 0x437; _pwmInit=0x437
000005a0                      main.o:_00287_DS_:
000005a0 feb6                 MOVR 0x49, 0x0
000005a1 ff35                 MOVAR 0x4a
000005a2                      main.o:_00293_DS_:
000005a2 ffef                 RET
000005a3                      ___cinit_load__:
